# Experiment: balance k=16 dataset=femnist
# Timestamp: 2025-09-20T12:15:40.504577
# Device: CPU (forced for consistent performance)
# Command: python decentralized_fl_sim.py --dataset femnist --rounds 3 --local-epochs 1 --seed 987654321 --batch-size 64 --lr 0.01 --max-samples 10000 --agg balance --attack-percentage 0.5 --attack-type directed_deviation --verbose --graph k-regular --k 16 --num-nodes 20
================================================================================

Device: cpu
Seed: 987654321
Loading 36 LEAF FEMNIST train files...
LEAF FEMNIST train: 3597 users, 734463 samples
Loading 36 LEAF FEMNIST test files...
LEAF FEMNIST test: 3597 users, 83388 samples
Found 3597 train users, 3597 test users, 3597 common users
User sample counts range: 525 (max) to 17 (min)
Distributed ALL 3597 users across 20 clients
Users per client: 179 (with 17 clients getting +1 user)
Train partition sizes: [36360, 37070, 35957, 38262, 36024, 37732, 36921, 38328, 36867, 37683, 36507, 36915, 36007, 37001, 35681, 35453, 36585, 36801, 35964, 36345]
Test partition sizes: [4128, 4203, 4081, 4333, 4091, 4287, 4193, 4349, 4191, 4277, 4143, 4193, 4093, 4197, 4052, 4029, 4153, 4183, 4084, 4128]
  Client 0: 36360 train samples, 62 unique classes
  Client 1: 37070 train samples, 62 unique classes
  Client 2: 35957 train samples, 62 unique classes
  Client 3: 38262 train samples, 62 unique classes
  Client 4: 36024 train samples, 62 unique classes
  Client 5: 37732 train samples, 62 unique classes
  Client 6: 36921 train samples, 62 unique classes
  Client 7: 38328 train samples, 62 unique classes
  Client 8: 36867 train samples, 62 unique classes
  Client 9: 37683 train samples, 62 unique classes
  Client 10: 36507 train samples, 62 unique classes
  Client 11: 36915 train samples, 62 unique classes
  Client 12: 36007 train samples, 62 unique classes
  Client 13: 37001 train samples, 62 unique classes
  Client 14: 35681 train samples, 62 unique classes
  Client 15: 35453 train samples, 62 unique classes
  Client 16: 36585 train samples, 62 unique classes
  Client 17: 36801 train samples, 62 unique classes
  Client 18: 35964 train samples, 62 unique classes
  Client 19: 36345 train samples, 62 unique classes
Will sample 10000 samples per client per epoch
Graph: k-regular, nodes: 20, edges: 160
Degree statistics: avg=16.00, min=16, max=16
k-regular with k=16 (each node has exactly 16 neighbors)
Attack: Compromised 10/20 nodes: [1, 2, 5, 11, 12, 13, 14, 15, 17, 18]
Attack type: directed_deviation, lambda: 1.0
BALANCE algorithm:
  - Model dimension: 6,603,710 parameters
  - Complexity: O(N×d) = O(20×6,603,710)
Initial test acc across nodes: mean=0.0162 ± 0.0138
Round 001: test acc mean=0.0597 ± 0.0140 | min=0.0433 max=0.0908
         : test loss mean=4.0356 ± 0.0095
         : individual accs = ['0.049661', '0.052819', '0.061505', '0.049850', '0.052066', '0.064147', '0.053422', '0.055875', '0.057266', '0.043255', '0.051895', '0.058192', '0.048131', '0.052895', '0.086130', '0.083892', '0.050566', '0.082955', '0.048482', '0.090843']
         : correct/total = [(205, 4128), (222, 4203), (251, 4081), (216, 4333), (213, 4091), (275, 4287), (224, 4193), (243, 4349), (240, 4191), (185, 4277), (215, 4143), (244, 4193), (197, 4093), (222, 4197), (349, 4052), (338, 4029), (210, 4153), (347, 4183), (198, 4084), (375, 4128)]
         : compromised: 0.0639, honest: 0.0555
Round 002: test acc mean=0.0534 ± 0.0085 | min=0.0433 max=0.0801
         : test loss mean=3.8693 ± 0.0313
         : individual accs = ['0.049661', '0.050440', '0.057339', '0.047542', '0.046443', '0.071845', '0.053899', '0.053116', '0.057266', '0.043255', '0.048274', '0.048653', '0.048375', '0.049083', '0.050099', '0.055845', '0.050807', '0.049247', '0.080069', '0.057413']
         : correct/total = [(205, 4128), (212, 4203), (234, 4081), (206, 4333), (190, 4091), (308, 4287), (226, 4193), (231, 4349), (240, 4191), (185, 4277), (200, 4143), (204, 4193), (198, 4093), (206, 4197), (203, 4052), (225, 4029), (211, 4153), (206, 4183), (327, 4084), (237, 4128)]
         : compromised: 0.0561, honest: 0.0508
Round 003: test acc mean=0.0521 ± 0.0040 | min=0.0458 max=0.0623
         : test loss mean=3.7231 ± 0.0223
         : individual accs = ['0.049661', '0.053533', '0.049743', '0.047542', '0.052066', '0.048519', '0.053422', '0.052656', '0.057266', '0.048632', '0.051895', '0.051514', '0.062301', '0.054801', '0.055281', '0.048151', '0.045750', '0.047574', '0.054358', '0.057413']
         : correct/total = [(205, 4128), (225, 4203), (203, 4081), (206, 4333), (213, 4091), (208, 4287), (224, 4193), (229, 4349), (240, 4191), (208, 4277), (215, 4143), (216, 4193), (255, 4093), (230, 4197), (224, 4052), (194, 4029), (190, 4153), (199, 4183), (222, 4084), (237, 4128)]
         : compromised: 0.0526, honest: 0.0516

=== FINAL RESULTS ===
Dataset: femnist, Nodes: 20, Graph: k-regular, Aggregation: balance
Attack: directed_deviation, 50.0% compromised
Final accuracy - Compromised: 0.0526, Honest: 0.0516
Overall test accuracy: mean=0.0521 ± 0.0040

=== BALANCE SUMMARY ===
Node 0: acceptance=0.229
Node 1: acceptance=0.188
Node 2: acceptance=0.208
Node 3: acceptance=0.271
Node 4: acceptance=0.271
Node 5: acceptance=0.188
Node 6: acceptance=0.188
Node 7: acceptance=0.188
Node 8: acceptance=0.208
Node 9: acceptance=0.188
Node 10: acceptance=0.188
Node 11: acceptance=0.188
Node 12: acceptance=0.188
Node 13: acceptance=0.167
Node 14: acceptance=0.167
Node 15: acceptance=0.167
Node 16: acceptance=0.229
Node 17: acceptance=0.146
Node 18: acceptance=0.146
Node 19: acceptance=0.208

=== PARALLEL EXECUTION TIME (realistic for distributed system) ===
  COMMUNICATION (max across nodes):
    - Full model transfer: 0.000s (0.0%)
  COMPUTATION (max across nodes):
    - Filtering: 0.070s (81.6%)
    - Aggregation: 0.016s (18.4%)
  TOTALS:
    - Total computation: 0.086s (100.0%)
    - Total communication: 0.000s (0.0%)
    - Total parallel time: 0.086s

=== PER-NODE AVERAGE TIME ===
  - Filtering: 0.062s
  - Aggregation: 0.011s
  - Model transfer: 0.000s
  - Total per node: 0.073s

=== TOTAL COMPUTATIONAL WORK (sum across all nodes) ===
  - Total filtering: 1.237s
  - Total aggregation: 0.227s
  - Total model transfer: 0.000s
  - Grand total: 1.464s
  - Mean acceptance rate: 0.196

BALANCE Algorithm Properties:
  - Model dimension: 6,603,710
  - No compression: Full parameter comparison
  - Theoretical complexity: O(deg(i)×d)
  - Approach: Full parameter filtering + averaging


# Experiment completed successfully
