(edgedrift) mrangwala@rs-l-rhatop:~/Projects/Trust-Monitor$ python decentralized_fl_sim.py --dataset femnist --rounds 5 --local-epochs 1 --seed 987654321 --batch-size 64 --lr 0.01 --max-samples 10000 --agg balance --attack-percentage 0.5 --attack-type directed_deviation --verbose --graph k-regular --k 4 --num-nodes 10
Device: cuda
Seed: 987654321
Loading 36 LEAF FEMNIST train files...
LEAF FEMNIST train: 3597 users, 734463 samples
Loading 36 LEAF FEMNIST test files...
LEAF FEMNIST test: 3597 users, 83388 samples
Found 3597 train users, 3597 test users, 3597 common users
User sample counts range: 525 (max) to 17 (min)
Distributed ALL 3597 users across 10 clients
Users per client: 359 (with 7 clients getting +1 user)
Train partition sizes: [72867, 73985, 71964, 75263, 71705, 73185, 73506, 75129, 72831, 74028]
Test partition sizes: [8271, 8396, 8174, 8530, 8143, 8316, 8346, 8532, 8275, 8405]
  Client 0: 72867 train samples, 62 unique classes
  Client 1: 73985 train samples, 62 unique classes
  Client 2: 71964 train samples, 62 unique classes
  Client 3: 75263 train samples, 62 unique classes
  Client 4: 71705 train samples, 62 unique classes
  Client 5: 73185 train samples, 62 unique classes
  Client 6: 73506 train samples, 62 unique classes
  Client 7: 75129 train samples, 62 unique classes
  Client 8: 72831 train samples, 62 unique classes
  Client 9: 74028 train samples, 62 unique classes
Will sample 10000 samples per client per epoch
Graph: k-regular, nodes: 10, edges: 20
Degree statistics: avg=4.00, min=4, max=4
k-regular with k=4 (each node has exactly 4 neighbors)
Attack: Compromised 5/10 nodes: [2, 3, 6, 7, 8]
Attack type: directed_deviation, lambda: 1.0
BALANCE algorithm:
  - Model dimension: 6,603,710 parameters
  - Complexity: O(N×d) = O(10×6,603,710)
Initial test acc across nodes: mean=0.0136 ± 0.0098
Round 001: test acc mean=0.0685 ± 0.0199 | min=0.0495 max=0.0998
         : test loss mean=4.0094 ± 0.0146
         : individual accs = ['0.050780', '0.053835', '0.074994', '0.049472', '0.098735', '0.099808', '0.092140', '0.055204', '0.058731', '0.051041']
         : correct/total = [(420, 8271), (452, 8396), (613, 8174), (422, 8530), (804, 8143), (830, 8316), (769, 8346), (471, 8532), (486, 8275), (429, 8405)]
         : compromised: 0.0661, honest: 0.0708
Round 002: test acc mean=0.0788 ± 0.0356 | min=0.0477 max=0.1432
         : test loss mean=3.7702 ± 0.0906
         : individual accs = ['0.050780', '0.048952', '0.061904', '0.049707', '0.125261', '0.123497', '0.143182', '0.055204', '0.047734', '0.081737']
         : correct/total = [(420, 8271), (411, 8396), (506, 8174), (424, 8530), (1020, 8143), (1027, 8316), (1195, 8346), (471, 8532), (395, 8275), (687, 8405)]
         : compromised: 0.0715, honest: 0.0860
Round 003: test acc mean=0.1840 ± 0.1483 | min=0.0477 max=0.4042
         : test loss mean=3.3297 ± 0.5189
         : individual accs = ['0.085117', '0.065865', '0.048569', '0.292966', '0.403414', '0.404161', '0.343039', '0.047820', '0.047734', '0.101130']
         : correct/total = [(704, 8271), (553, 8396), (397, 8174), (2499, 8530), (3285, 8143), (3361, 8316), (2863, 8346), (408, 8532), (395, 8275), (850, 8405)]
         : compromised: 0.1560, honest: 0.2119
Round 004: test acc mean=0.3247 ± 0.1844 | min=0.1045 max=0.5644
         : test loss mean=2.7473 ± 0.8557
         : individual accs = ['0.209527', '0.225465', '0.148030', '0.522743', '0.564411', '0.557480', '0.542775', '0.104548', '0.196616', '0.175372']
         : correct/total = [(1733, 8271), (1893, 8396), (1210, 8174), (4459, 8530), (4596, 8143), (4636, 8316), (4530, 8346), (892, 8532), (1627, 8275), (1474, 8405)]
         : compromised: 0.3029, honest: 0.3465
Round 005: test acc mean=0.5215 ± 0.1128 | min=0.3952 max=0.6625
         : test loss mean=1.8186 ± 0.4907
         : individual accs = ['0.436102', '0.432825', '0.426597', '0.653458', '0.662287', '0.662458', '0.656602', '0.395218', '0.453414', '0.436407']
         : correct/total = [(3607, 8271), (3634, 8396), (3487, 8174), (5574, 8530), (5393, 8143), (5509, 8316), (5480, 8346), (3372, 8532), (3752, 8275), (3668, 8405)]
         : compromised: 0.5171, honest: 0.5260

=== FINAL RESULTS ===
Dataset: femnist, Nodes: 10, Graph: k-regular, Aggregation: balance
Attack: directed_deviation, 50.0% compromised
Final accuracy - Compromised: 0.5171, Honest: 0.5260
Overall test accuracy: mean=0.5215 ± 0.1128

=== BALANCE SUMMARY ===
Node 0: acceptance=0.500
Node 1: acceptance=0.500
Node 2: acceptance=0.550
Node 3: acceptance=0.600
Node 4: acceptance=0.250
Node 5: acceptance=0.250
Node 6: acceptance=0.500
Node 7: acceptance=0.300
Node 8: acceptance=0.500
Node 9: acceptance=0.500

=== PARALLEL EXECUTION TIME (realistic for distributed system) ===
  COMMUNICATION (max across nodes):
    - Full model transfer: 0.000s (0.1%)
  COMPUTATION (max across nodes):
    - Filtering: 0.022s (53.2%)
    - Aggregation: 0.019s (46.7%)
  TOTALS:
    - Total computation: 0.042s (99.9%)
    - Total communication: 0.000s (0.1%)
    - Total parallel time: 0.042s

=== PER-NODE AVERAGE TIME ===
  - Filtering: 0.015s
  - Aggregation: 0.005s
  - Model transfer: 0.000s
  - Total per node: 0.020s

=== TOTAL COMPUTATIONAL WORK (sum across all nodes) ===
  - Total filtering: 0.147s
  - Total aggregation: 0.054s
  - Total model transfer: 0.000s
  - Grand total: 0.201s
  - Mean acceptance rate: 0.445

BALANCE Algorithm Properties:
  - Model dimension: 6,603,710
  - No compression: Full parameter comparison
  - Theoretical complexity: O(deg(i)×d)
  - Approach: Full parameter filtering + averaging
(edgedrift) mrangwala@rs-l-rhatop:~/Projects/Trust-Monitor$