# Experiment: balance k=299 dataset=femnist
# Timestamp: 2025-09-20T20:03:09.349189
# Device: CPU (forced for consistent performance)
# Command: python decentralized_fl_sim.py --dataset femnist --rounds 3 --local-epochs 1 --seed 987654321 --batch-size 64 --lr 0.01 --max-samples 10000 --agg balance --attack-percentage 0.5 --attack-type directed_deviation --verbose --graph k-regular --k 299 --num-nodes 300
================================================================================

Device: cpu
Seed: 987654321
Loading 36 LEAF FEMNIST train files...
LEAF FEMNIST train: 3597 users, 734463 samples
Loading 36 LEAF FEMNIST test files...
LEAF FEMNIST test: 3597 users, 83388 samples
Found 3597 train users, 3597 test users, 3597 common users
User sample counts range: 525 (max) to 17 (min)
Distributed ALL 3597 users across 300 clients
Users per client: 11 (with 297 clients getting +1 user)
Train partition sizes: [2592, 2357, 2911, 2396, 2567, 2635, 2134, 2761, 2160, 2801, 2026, 2161, 2331, 2101, 2498, 1771, 2610, 2519, 2353, 2656, 2438, 2194, 2794, 2400, 2532, 2567, 2368, 2757, 2450, 2783, 2809, 2488, 3043, 2583, 2483, 2117, 2692, 3114, 2946, 2517, 2278, 2547, 2243, 2560, 2486, 2495, 2621, 2648, 2760, 2999, 2797, 2347, 2065, 2420, 2087, 2679, 2221, 2281, 2556, 2476, 2047, 2445, 2212, 2930, 2745, 2510, 2429, 2799, 2215, 2141, 2312, 1983, 2268, 2009, 2139, 2659, 2702, 2179, 2072, 2190, 2610, 2539, 2684, 2438, 2068, 2710, 2581, 2060, 2496, 2293, 2984, 2852, 2115, 2595, 2568, 2438, 2750, 2724, 1924, 2560, 2838, 2365, 2477, 2541, 2724, 2084, 2538, 2681, 2487, 2289, 2198, 2614, 2616, 2210, 2535, 2637, 2093, 2355, 2228, 1942, 2114, 2517, 2185, 2838, 2382, 2447, 2332, 2607, 2290, 2644, 2545, 2726, 2459, 2489, 2816, 2152, 2359, 2165, 2772, 2523, 2694, 2673, 2037, 2701, 2198, 2833, 2521, 1837, 2548, 2144, 2572, 2590, 2339, 2380, 2781, 2253, 2704, 2680, 2641, 2501, 2147, 2175, 2449, 2245, 2089, 2107, 2386, 2490, 2706, 2473, 2462, 2489, 1722, 2414, 2715, 2174, 2526, 2641, 2294, 2693, 1990, 3005, 2024, 2412, 2310, 2495, 2133, 2523, 2411, 2182, 2080, 2087, 2263, 2714, 2419, 2614, 2439, 2056, 2588, 2514, 2626, 2523, 2246, 2122, 2189, 2112, 2736, 2712, 2714, 2380, 2022, 2048, 2754, 2488, 2142, 2971, 2488, 2492, 2248, 2650, 2369, 2007, 2214, 2791, 2845, 2598, 2727, 2399, 2150, 2739, 2403, 2484, 2589, 2600, 2001, 2377, 2135, 2664, 2446, 2431, 2724, 2576, 2752, 2798, 2487, 2935, 2171, 2467, 2587, 2477, 2136, 2473, 2565, 2507, 2152, 2234, 2304, 2462, 2543, 2321, 2472, 2553, 2258, 2484, 1824, 2393, 2361, 2927, 2410, 2513, 2698, 2719, 2766, 2534, 1983, 2241, 2378, 2348, 2238, 1703, 2421, 2594, 2471, 2606, 2578, 2811, 2883, 2660, 2483, 2825, 2463, 2854, 2112, 2957, 2362, 2136, 2184, 2121, 2115, 2668]
Test partition sizes: [295, 269, 330, 272, 291, 299, 245, 312, 245, 318, 230, 246, 263, 240, 283, 200, 297, 285, 267, 302, 277, 248, 316, 271, 289, 292, 269, 312, 278, 317, 317, 282, 344, 292, 282, 240, 302, 353, 332, 286, 261, 289, 256, 289, 281, 284, 296, 300, 313, 340, 316, 267, 235, 276, 238, 303, 254, 259, 288, 282, 233, 276, 251, 330, 311, 287, 276, 318, 252, 245, 263, 225, 260, 228, 243, 303, 306, 249, 237, 250, 298, 289, 304, 277, 235, 306, 294, 233, 284, 260, 338, 323, 241, 293, 291, 278, 312, 311, 221, 290, 322, 269, 281, 288, 309, 237, 289, 303, 284, 259, 250, 296, 296, 251, 288, 300, 237, 268, 256, 221, 241, 286, 249, 321, 270, 279, 265, 295, 261, 301, 290, 309, 280, 282, 318, 245, 266, 246, 312, 287, 304, 302, 230, 305, 251, 320, 285, 209, 291, 243, 288, 294, 266, 270, 315, 258, 307, 304, 298, 283, 242, 248, 279, 257, 239, 239, 270, 284, 305, 279, 281, 282, 198, 275, 308, 248, 288, 300, 261, 305, 227, 339, 229, 273, 264, 284, 242, 287, 275, 249, 239, 238, 259, 306, 275, 296, 276, 235, 296, 287, 296, 286, 257, 242, 250, 240, 310, 309, 308, 270, 231, 234, 313, 283, 243, 335, 284, 283, 255, 299, 269, 228, 253, 317, 322, 295, 311, 272, 246, 311, 273, 282, 294, 295, 227, 270, 243, 301, 277, 276, 309, 292, 310, 315, 281, 332, 247, 281, 292, 280, 245, 282, 290, 283, 246, 255, 262, 280, 289, 265, 279, 289, 257, 282, 207, 273, 268, 332, 274, 285, 305, 311, 313, 289, 226, 255, 271, 267, 254, 192, 275, 293, 279, 294, 291, 320, 326, 302, 283, 320, 277, 322, 241, 334, 269, 243, 248, 242, 241, 303]
  Client 0: 2592 train samples, 62 unique classes
  Client 1: 2357 train samples, 62 unique classes
  Client 2: 2911 train samples, 62 unique classes
  Client 3: 2396 train samples, 62 unique classes
  Client 4: 2567 train samples, 62 unique classes
  Client 5: 2635 train samples, 62 unique classes
  Client 6: 2134 train samples, 62 unique classes
  Client 7: 2761 train samples, 62 unique classes
  Client 8: 2160 train samples, 62 unique classes
  Client 9: 2801 train samples, 62 unique classes
  Client 10: 2026 train samples, 62 unique classes
  Client 11: 2161 train samples, 62 unique classes
  Client 12: 2331 train samples, 62 unique classes
  Client 13: 2101 train samples, 62 unique classes
  Client 14: 2498 train samples, 62 unique classes
  Client 15: 1771 train samples, 62 unique classes
  Client 16: 2610 train samples, 62 unique classes
  Client 17: 2519 train samples, 62 unique classes
  Client 18: 2353 train samples, 62 unique classes
  Client 19: 2656 train samples, 62 unique classes
  Client 20: 2438 train samples, 62 unique classes
  Client 21: 2194 train samples, 62 unique classes
  Client 22: 2794 train samples, 62 unique classes
  Client 23: 2400 train samples, 62 unique classes
  Client 24: 2532 train samples, 62 unique classes
  Client 25: 2567 train samples, 62 unique classes
  Client 26: 2368 train samples, 62 unique classes
  Client 27: 2757 train samples, 62 unique classes
  Client 28: 2450 train samples, 62 unique classes
  Client 29: 2783 train samples, 62 unique classes
  Client 30: 2809 train samples, 62 unique classes
  Client 31: 2488 train samples, 62 unique classes
  Client 32: 3043 train samples, 62 unique classes
  Client 33: 2583 train samples, 62 unique classes
  Client 34: 2483 train samples, 62 unique classes
  Client 35: 2117 train samples, 62 unique classes
  Client 36: 2692 train samples, 62 unique classes
  Client 37: 3114 train samples, 62 unique classes
  Client 38: 2946 train samples, 62 unique classes
  Client 39: 2517 train samples, 62 unique classes
  Client 40: 2278 train samples, 62 unique classes
  Client 41: 2547 train samples, 62 unique classes
  Client 42: 2243 train samples, 62 unique classes
  Client 43: 2560 train samples, 62 unique classes
  Client 44: 2486 train samples, 62 unique classes
  Client 45: 2495 train samples, 62 unique classes
  Client 46: 2621 train samples, 62 unique classes
  Client 47: 2648 train samples, 62 unique classes
  Client 48: 2760 train samples, 62 unique classes
  Client 49: 2999 train samples, 62 unique classes
  Client 50: 2797 train samples, 62 unique classes
  Client 51: 2347 train samples, 62 unique classes
  Client 52: 2065 train samples, 62 unique classes
  Client 53: 2420 train samples, 62 unique classes
  Client 54: 2087 train samples, 62 unique classes
  Client 55: 2679 train samples, 62 unique classes
  Client 56: 2221 train samples, 62 unique classes
  Client 57: 2281 train samples, 62 unique classes
  Client 58: 2556 train samples, 62 unique classes
  Client 59: 2476 train samples, 62 unique classes
  Client 60: 2047 train samples, 62 unique classes
  Client 61: 2445 train samples, 62 unique classes
  Client 62: 2212 train samples, 62 unique classes
  Client 63: 2930 train samples, 62 unique classes
  Client 64: 2745 train samples, 62 unique classes
  Client 65: 2510 train samples, 62 unique classes
  Client 66: 2429 train samples, 62 unique classes
  Client 67: 2799 train samples, 62 unique classes
  Client 68: 2215 train samples, 62 unique classes
  Client 69: 2141 train samples, 62 unique classes
  Client 70: 2312 train samples, 62 unique classes
  Client 71: 1983 train samples, 62 unique classes
  Client 72: 2268 train samples, 62 unique classes
  Client 73: 2009 train samples, 62 unique classes
  Client 74: 2139 train samples, 62 unique classes
  Client 75: 2659 train samples, 62 unique classes
  Client 76: 2702 train samples, 62 unique classes
  Client 77: 2179 train samples, 62 unique classes
  Client 78: 2072 train samples, 62 unique classes
  Client 79: 2190 train samples, 62 unique classes
  Client 80: 2610 train samples, 62 unique classes
  Client 81: 2539 train samples, 62 unique classes
  Client 82: 2684 train samples, 62 unique classes
  Client 83: 2438 train samples, 62 unique classes
  Client 84: 2068 train samples, 62 unique classes
  Client 85: 2710 train samples, 62 unique classes
  Client 86: 2581 train samples, 62 unique classes
  Client 87: 2060 train samples, 62 unique classes
  Client 88: 2496 train samples, 62 unique classes
  Client 89: 2293 train samples, 62 unique classes
  Client 90: 2984 train samples, 62 unique classes
  Client 91: 2852 train samples, 62 unique classes
  Client 92: 2115 train samples, 62 unique classes
  Client 93: 2595 train samples, 62 unique classes
  Client 94: 2568 train samples, 62 unique classes
  Client 95: 2438 train samples, 62 unique classes
  Client 96: 2750 train samples, 62 unique classes
  Client 97: 2724 train samples, 62 unique classes
  Client 98: 1924 train samples, 62 unique classes
  Client 99: 2560 train samples, 62 unique classes
  Client 100: 2838 train samples, 62 unique classes
  Client 101: 2365 train samples, 62 unique classes
  Client 102: 2477 train samples, 62 unique classes
  Client 103: 2541 train samples, 62 unique classes
  Client 104: 2724 train samples, 62 unique classes
  Client 105: 2084 train samples, 62 unique classes
  Client 106: 2538 train samples, 62 unique classes
  Client 107: 2681 train samples, 62 unique classes
  Client 108: 2487 train samples, 62 unique classes
  Client 109: 2289 train samples, 62 unique classes
  Client 110: 2198 train samples, 62 unique classes
  Client 111: 2614 train samples, 62 unique classes
  Client 112: 2616 train samples, 62 unique classes
  Client 113: 2210 train samples, 62 unique classes
  Client 114: 2535 train samples, 62 unique classes
  Client 115: 2637 train samples, 62 unique classes
  Client 116: 2093 train samples, 62 unique classes
  Client 117: 2355 train samples, 62 unique classes
  Client 118: 2228 train samples, 62 unique classes
  Client 119: 1942 train samples, 62 unique classes
  Client 120: 2114 train samples, 62 unique classes
  Client 121: 2517 train samples, 62 unique classes
  Client 122: 2185 train samples, 62 unique classes
  Client 123: 2838 train samples, 62 unique classes
  Client 124: 2382 train samples, 62 unique classes
  Client 125: 2447 train samples, 62 unique classes
  Client 126: 2332 train samples, 62 unique classes
  Client 127: 2607 train samples, 62 unique classes
  Client 128: 2290 train samples, 62 unique classes
  Client 129: 2644 train samples, 62 unique classes
  Client 130: 2545 train samples, 62 unique classes
  Client 131: 2726 train samples, 62 unique classes
  Client 132: 2459 train samples, 62 unique classes
  Client 133: 2489 train samples, 62 unique classes
  Client 134: 2816 train samples, 62 unique classes
  Client 135: 2152 train samples, 62 unique classes
  Client 136: 2359 train samples, 62 unique classes
  Client 137: 2165 train samples, 62 unique classes
  Client 138: 2772 train samples, 62 unique classes
  Client 139: 2523 train samples, 62 unique classes
  Client 140: 2694 train samples, 62 unique classes
  Client 141: 2673 train samples, 62 unique classes
  Client 142: 2037 train samples, 62 unique classes
  Client 143: 2701 train samples, 62 unique classes
  Client 144: 2198 train samples, 62 unique classes
  Client 145: 2833 train samples, 62 unique classes
  Client 146: 2521 train samples, 62 unique classes
  Client 147: 1837 train samples, 62 unique classes
  Client 148: 2548 train samples, 62 unique classes
  Client 149: 2144 train samples, 62 unique classes
  Client 150: 2572 train samples, 62 unique classes
  Client 151: 2590 train samples, 62 unique classes
  Client 152: 2339 train samples, 62 unique classes
  Client 153: 2380 train samples, 62 unique classes
  Client 154: 2781 train samples, 62 unique classes
  Client 155: 2253 train samples, 62 unique classes
  Client 156: 2704 train samples, 62 unique classes
  Client 157: 2680 train samples, 62 unique classes
  Client 158: 2641 train samples, 62 unique classes
  Client 159: 2501 train samples, 62 unique classes
  Client 160: 2147 train samples, 62 unique classes
  Client 161: 2175 train samples, 62 unique classes
  Client 162: 2449 train samples, 62 unique classes
  Client 163: 2245 train samples, 62 unique classes
  Client 164: 2089 train samples, 62 unique classes
  Client 165: 2107 train samples, 62 unique classes
  Client 166: 2386 train samples, 62 unique classes
  Client 167: 2490 train samples, 62 unique classes
  Client 168: 2706 train samples, 62 unique classes
  Client 169: 2473 train samples, 62 unique classes
  Client 170: 2462 train samples, 62 unique classes
  Client 171: 2489 train samples, 62 unique classes
  Client 172: 1722 train samples, 62 unique classes
  Client 173: 2414 train samples, 62 unique classes
  Client 174: 2715 train samples, 62 unique classes
  Client 175: 2174 train samples, 62 unique classes
  Client 176: 2526 train samples, 62 unique classes
  Client 177: 2641 train samples, 62 unique classes
  Client 178: 2294 train samples, 62 unique classes
  Client 179: 2693 train samples, 62 unique classes
  Client 180: 1990 train samples, 62 unique classes
  Client 181: 3005 train samples, 62 unique classes
  Client 182: 2024 train samples, 62 unique classes
  Client 183: 2412 train samples, 62 unique classes
  Client 184: 2310 train samples, 62 unique classes
  Client 185: 2495 train samples, 62 unique classes
  Client 186: 2133 train samples, 62 unique classes
  Client 187: 2523 train samples, 62 unique classes
  Client 188: 2411 train samples, 62 unique classes
  Client 189: 2182 train samples, 62 unique classes
  Client 190: 2080 train samples, 62 unique classes
  Client 191: 2087 train samples, 62 unique classes
  Client 192: 2263 train samples, 62 unique classes
  Client 193: 2714 train samples, 62 unique classes
  Client 194: 2419 train samples, 62 unique classes
  Client 195: 2614 train samples, 62 unique classes
  Client 196: 2439 train samples, 62 unique classes
  Client 197: 2056 train samples, 62 unique classes
  Client 198: 2588 train samples, 62 unique classes
  Client 199: 2514 train samples, 62 unique classes
  Client 200: 2626 train samples, 62 unique classes
  Client 201: 2523 train samples, 62 unique classes
  Client 202: 2246 train samples, 62 unique classes
  Client 203: 2122 train samples, 62 unique classes
  Client 204: 2189 train samples, 62 unique classes
  Client 205: 2112 train samples, 62 unique classes
  Client 206: 2736 train samples, 62 unique classes
  Client 207: 2712 train samples, 62 unique classes
  Client 208: 2714 train samples, 62 unique classes
  Client 209: 2380 train samples, 62 unique classes
  Client 210: 2022 train samples, 62 unique classes
  Client 211: 2048 train samples, 62 unique classes
  Client 212: 2754 train samples, 62 unique classes
  Client 213: 2488 train samples, 62 unique classes
  Client 214: 2142 train samples, 62 unique classes
  Client 215: 2971 train samples, 62 unique classes
  Client 216: 2488 train samples, 62 unique classes
  Client 217: 2492 train samples, 62 unique classes
  Client 218: 2248 train samples, 62 unique classes
  Client 219: 2650 train samples, 62 unique classes
  Client 220: 2369 train samples, 62 unique classes
  Client 221: 2007 train samples, 62 unique classes
  Client 222: 2214 train samples, 62 unique classes
  Client 223: 2791 train samples, 62 unique classes
  Client 224: 2845 train samples, 62 unique classes
  Client 225: 2598 train samples, 62 unique classes
  Client 226: 2727 train samples, 62 unique classes
  Client 227: 2399 train samples, 62 unique classes
  Client 228: 2150 train samples, 62 unique classes
  Client 229: 2739 train samples, 62 unique classes
  Client 230: 2403 train samples, 62 unique classes
  Client 231: 2484 train samples, 62 unique classes
  Client 232: 2589 train samples, 62 unique classes
  Client 233: 2600 train samples, 62 unique classes
  Client 234: 2001 train samples, 62 unique classes
  Client 235: 2377 train samples, 62 unique classes
  Client 236: 2135 train samples, 62 unique classes
  Client 237: 2664 train samples, 62 unique classes
  Client 238: 2446 train samples, 62 unique classes
  Client 239: 2431 train samples, 62 unique classes
  Client 240: 2724 train samples, 62 unique classes
  Client 241: 2576 train samples, 62 unique classes
  Client 242: 2752 train samples, 62 unique classes
  Client 243: 2798 train samples, 62 unique classes
  Client 244: 2487 train samples, 62 unique classes
  Client 245: 2935 train samples, 62 unique classes
  Client 246: 2171 train samples, 62 unique classes
  Client 247: 2467 train samples, 62 unique classes
  Client 248: 2587 train samples, 62 unique classes
  Client 249: 2477 train samples, 62 unique classes
  Client 250: 2136 train samples, 62 unique classes
  Client 251: 2473 train samples, 62 unique classes
  Client 252: 2565 train samples, 62 unique classes
  Client 253: 2507 train samples, 62 unique classes
  Client 254: 2152 train samples, 62 unique classes
  Client 255: 2234 train samples, 62 unique classes
  Client 256: 2304 train samples, 62 unique classes
  Client 257: 2462 train samples, 62 unique classes
  Client 258: 2543 train samples, 62 unique classes
  Client 259: 2321 train samples, 62 unique classes
  Client 260: 2472 train samples, 62 unique classes
  Client 261: 2553 train samples, 62 unique classes
  Client 262: 2258 train samples, 62 unique classes
  Client 263: 2484 train samples, 62 unique classes
  Client 264: 1824 train samples, 62 unique classes
  Client 265: 2393 train samples, 62 unique classes
  Client 266: 2361 train samples, 62 unique classes
  Client 267: 2927 train samples, 62 unique classes
  Client 268: 2410 train samples, 62 unique classes
  Client 269: 2513 train samples, 62 unique classes
  Client 270: 2698 train samples, 62 unique classes
  Client 271: 2719 train samples, 62 unique classes
  Client 272: 2766 train samples, 62 unique classes
  Client 273: 2534 train samples, 62 unique classes
  Client 274: 1983 train samples, 62 unique classes
  Client 275: 2241 train samples, 62 unique classes
  Client 276: 2378 train samples, 62 unique classes
  Client 277: 2348 train samples, 62 unique classes
  Client 278: 2238 train samples, 62 unique classes
  Client 279: 1703 train samples, 62 unique classes
  Client 280: 2421 train samples, 62 unique classes
  Client 281: 2594 train samples, 62 unique classes
  Client 282: 2471 train samples, 62 unique classes
  Client 283: 2606 train samples, 62 unique classes
  Client 284: 2578 train samples, 62 unique classes
  Client 285: 2811 train samples, 62 unique classes
  Client 286: 2883 train samples, 62 unique classes
  Client 287: 2660 train samples, 62 unique classes
  Client 288: 2483 train samples, 62 unique classes
  Client 289: 2825 train samples, 62 unique classes
  Client 290: 2463 train samples, 62 unique classes
  Client 291: 2854 train samples, 62 unique classes
  Client 292: 2112 train samples, 62 unique classes
  Client 293: 2957 train samples, 62 unique classes
  Client 294: 2362 train samples, 62 unique classes
  Client 295: 2136 train samples, 62 unique classes
  Client 296: 2184 train samples, 62 unique classes
  Client 297: 2121 train samples, 62 unique classes
  Client 298: 2115 train samples, 62 unique classes
  Client 299: 2668 train samples, 62 unique classes
Will sample 10000 samples per client per epoch
Warning: k=299 is odd, using k=300 for regular ring lattice
Warning: k=300 >= n=300, creating fully connected graph
Graph: k-regular, nodes: 300, edges: 44850
Degree statistics: avg=299.00, min=299, max=299
k-regular with k=299 (each node has exactly 299 neighbors)
Attack: Compromised 150/300 nodes: [0, 1, 2, 3, 4, 5, 9, 10, 17, 18, 19, 21, 23, 27, 31, 32, 33, 34, 35, 36, 37, 41, 45, 46, 47, 54, 55, 58, 59, 60, 61, 72, 74, 76, 77, 78, 80, 85, 86, 87, 88, 89, 92, 94, 96, 98, 100, 101, 102, 108, 109, 110, 111, 115, 119, 122, 124, 126, 129, 132, 135, 136, 137, 138, 140, 141, 142, 143, 145, 151, 152, 155, 156, 157, 160, 162, 163, 165, 166, 167, 169, 170, 172, 173, 181, 185, 186, 187, 188, 189, 191, 192, 195, 196, 197, 198, 199, 200, 201, 202, 207, 209, 214, 216, 219, 220, 221, 223, 224, 225, 226, 229, 231, 234, 236, 237, 238, 239, 240, 242, 243, 244, 245, 246, 247, 253, 254, 255, 256, 260, 261, 262, 265, 268, 270, 271, 279, 280, 282, 283, 286, 287, 288, 289, 290, 291, 292, 294, 298, 299]
Attack type: directed_deviation, lambda: 1.0
BALANCE algorithm:
  - Model dimension: 6,603,710 parameters
  - Complexity: O(N×d) = O(300×6,603,710)
Initial test acc across nodes: mean=0.0156 ± 0.0165
Round 001: test acc mean=0.0499 ± 0.0148 | min=0.0071 max=0.1008
         : test loss mean=4.0467 ± 0.0126
         : individual accs = ['0.050847', '0.044610', '0.039394', '0.066176', '0.061856', '0.030100', '0.044898', '0.044872', '0.057143', '0.047170', '0.043478', '0.060976', '0.060837', '0.058333', '0.035336', '0.080000', '0.023569', '0.038596', '0.033708', '0.046358', '0.054152', '0.048387', '0.041139', '0.070111', '0.062284', '0.054795', '0.059480', '0.051282', '0.050360', '0.063091', '0.037855', '0.042553', '0.037791', '0.034247', '0.056738', '0.037500', '0.036424', '0.065156', '0.039157', '0.048951', '0.038314', '0.048443', '0.062500', '0.051903', '0.042705', '0.059859', '0.023649', '0.043333', '0.054313', '0.047059', '0.056962', '0.041199', '0.046809', '0.043478', '0.079832', '0.026403', '0.047244', '0.057915', '0.048611', '0.046099', '0.047210', '0.032609', '0.059761', '0.045455', '0.022508', '0.062718', '0.050725', '0.050314', '0.091270', '0.061224', '0.060837', '0.057778', '0.061538', '0.039474', '0.049383', '0.039604', '0.032680', '0.060241', '0.063291', '0.072000', '0.046980', '0.058824', '0.039474', '0.039711', '0.055319', '0.065359', '0.064626', '0.060086', '0.063380', '0.050000', '0.047337', '0.040248', '0.053942', '0.047782', '0.058419', '0.068345', '0.054487', '0.041801', '0.049774', '0.051724', '0.046584', '0.044610', '0.056940', '0.055556', '0.038835', '0.046414', '0.044983', '0.033003', '0.066901', '0.061776', '0.048000', '0.047297', '0.060811', '0.043825', '0.038194', '0.023333', '0.063291', '0.055970', '0.054688', '0.063348', '0.053942', '0.041958', '0.084337', '0.037383', '0.055556', '0.053763', '0.041509', '0.057627', '0.053640', '0.049834', '0.041379', '0.051780', '0.028571', '0.056738', '0.053459', '0.085714', '0.052632', '0.032520', '0.038462', '0.034843', '0.036184', '0.033113', '0.073913', '0.052459', '0.035857', '0.031250', '0.045614', '0.086124', '0.044674', '0.065844', '0.052083', '0.037415', '0.045113', '0.044444', '0.031746', '0.046512', '0.061889', '0.055921', '0.060403', '0.056537', '0.057851', '0.080645', '0.046595', '0.042802', '0.046025', '0.087866', '0.040741', '0.056338', '0.052459', '0.035842', '0.007117', '0.067376', '0.090909', '0.043636', '0.022727', '0.028226', '0.052083', '0.050000', '0.084291', '0.049180', '0.061674', '0.056047', '0.052402', '0.036630', '0.060606', '0.059859', '0.053719', '0.062718', '0.065455', '0.092369', '0.062762', '0.100840', '0.042471', '0.016340', '0.061818', '0.047297', '0.043478', '0.042553', '0.037162', '0.024390', '0.023649', '0.027972', '0.058366', '0.057851', '0.076000', '0.045833', '0.029032', '0.045307', '0.045455', '0.055556', '0.051948', '0.038462', '0.044728', '0.053004', '0.061728', '0.029851', '0.031690', '0.053004', '0.050980', '0.046823', '0.033457', '0.096491', '0.043478', '0.037855', '0.015528', '0.047458', '0.041801', '0.058824', '0.052846', '0.048232', '0.069597', '0.078014', '0.061224', '0.027119', '0.052863', '0.040741', '0.065844', '0.039867', '0.039711', '0.050725', '0.051780', '0.071918', '0.032258', '0.044444', '0.049822', '0.039157', '0.040486', '0.039146', '0.041096', '0.046429', '0.044898', '0.028369', '0.024138', '0.067138', '0.077236', '0.054902', '0.030534', '0.060714', '0.038062', '0.049057', '0.068100', '0.024221', '0.019455', '0.046099', '0.043478', '0.043956', '0.037313', '0.021084', '0.047445', '0.063158', '0.042623', '0.064309', '0.019169', '0.038062', '0.048673', '0.066667', '0.062731', '0.052434', '0.039370', '0.062500', '0.050909', '0.047782', '0.043011', '0.071429', '0.051546', '0.050000', '0.042945', '0.033113', '0.045936', '0.043750', '0.039711', '0.043478', '0.062241', '0.032934', '0.066914', '0.065844', '0.080645', '0.061983', '0.045643', '0.039604']
         : correct/total = [(15, 295), (12, 269), (13, 330), (18, 272), (18, 291), (9, 299), (11, 245), (14, 312), (14, 245), (15, 318), (10, 230), (15, 246), (16, 263), (14, 240), (10, 283), (16, 200), (7, 297), (11, 285), (9, 267), (14, 302), (15, 277), (12, 248), (13, 316), (19, 271), (18, 289), (16, 292), (16, 269), (16, 312), (14, 278), (20, 317), (12, 317), (12, 282), (13, 344), (10, 292), (16, 282), (9, 240), (11, 302), (23, 353), (13, 332), (14, 286), (10, 261), (14, 289), (16, 256), (15, 289), (12, 281), (17, 284), (7, 296), (13, 300), (17, 313), (16, 340), (18, 316), (11, 267), (11, 235), (12, 276), (19, 238), (8, 303), (12, 254), (15, 259), (14, 288), (13, 282), (11, 233), (9, 276), (15, 251), (15, 330), (7, 311), (18, 287), (14, 276), (16, 318), (23, 252), (15, 245), (16, 263), (13, 225), (16, 260), (9, 228), (12, 243), (12, 303), (10, 306), (15, 249), (15, 237), (18, 250), (14, 298), (17, 289), (12, 304), (11, 277), (13, 235), (20, 306), (19, 294), (14, 233), (18, 284), (13, 260), (16, 338), (13, 323), (13, 241), (14, 293), (17, 291), (19, 278), (17, 312), (13, 311), (11, 221), (15, 290), (15, 322), (12, 269), (16, 281), (16, 288), (12, 309), (11, 237), (13, 289), (10, 303), (19, 284), (16, 259), (12, 250), (14, 296), (18, 296), (11, 251), (11, 288), (7, 300), (15, 237), (15, 268), (14, 256), (14, 221), (13, 241), (12, 286), (21, 249), (12, 321), (15, 270), (15, 279), (11, 265), (17, 295), (14, 261), (15, 301), (12, 290), (16, 309), (8, 280), (16, 282), (17, 318), (21, 245), (14, 266), (8, 246), (12, 312), (10, 287), (11, 304), (10, 302), (17, 230), (16, 305), (9, 251), (10, 320), (13, 285), (18, 209), (13, 291), (16, 243), (15, 288), (11, 294), (12, 266), (12, 270), (10, 315), (12, 258), (19, 307), (17, 304), (18, 298), (16, 283), (14, 242), (20, 248), (13, 279), (11, 257), (11, 239), (21, 239), (11, 270), (16, 284), (16, 305), (10, 279), (2, 281), (19, 282), (18, 198), (12, 275), (7, 308), (7, 248), (15, 288), (15, 300), (22, 261), (15, 305), (14, 227), (19, 339), (12, 229), (10, 273), (16, 264), (17, 284), (13, 242), (18, 287), (18, 275), (23, 249), (15, 239), (24, 238), (11, 259), (5, 306), (17, 275), (14, 296), (12, 276), (10, 235), (11, 296), (7, 287), (7, 296), (8, 286), (15, 257), (14, 242), (19, 250), (11, 240), (9, 310), (14, 309), (14, 308), (15, 270), (12, 231), (9, 234), (14, 313), (15, 283), (15, 243), (10, 335), (9, 284), (15, 283), (13, 255), (14, 299), (9, 269), (22, 228), (11, 253), (12, 317), (5, 322), (14, 295), (13, 311), (16, 272), (13, 246), (15, 311), (19, 273), (22, 282), (18, 294), (8, 295), (12, 227), (11, 270), (16, 243), (12, 301), (11, 277), (14, 276), (16, 309), (21, 292), (10, 310), (14, 315), (14, 281), (13, 332), (10, 247), (11, 281), (12, 292), (13, 280), (11, 245), (8, 282), (7, 290), (19, 283), (19, 246), (14, 255), (8, 262), (17, 280), (11, 289), (13, 265), (19, 279), (7, 289), (5, 257), (13, 282), (9, 207), (12, 273), (10, 268), (7, 332), (13, 274), (18, 285), (13, 305), (20, 311), (6, 313), (11, 289), (11, 226), (17, 255), (17, 271), (14, 267), (10, 254), (12, 192), (14, 275), (14, 293), (12, 279), (21, 294), (15, 291), (16, 320), (14, 326), (10, 302), (13, 283), (14, 320), (11, 277), (14, 322), (15, 241), (11, 334), (18, 269), (16, 243), (20, 248), (15, 242), (11, 241), (12, 303)]
         : compromised: 0.0496, honest: 0.0501
Round 002: test acc mean=0.0504 ± 0.0142 | min=0.0149 max=0.0965
         : test loss mean=3.9237 ± 0.0356
         : individual accs = ['0.057627', '0.044610', '0.027273', '0.084559', '0.058419', '0.070234', '0.044898', '0.044872', '0.053061', '0.047170', '0.065217', '0.044715', '0.045627', '0.037500', '0.060071', '0.095000', '0.037037', '0.052632', '0.037453', '0.046358', '0.054152', '0.068548', '0.034810', '0.062731', '0.051903', '0.041096', '0.014870', '0.057692', '0.043165', '0.034700', '0.025237', '0.085106', '0.037791', '0.071918', '0.053191', '0.045833', '0.026490', '0.031161', '0.039157', '0.055944', '0.038314', '0.051903', '0.042969', '0.044983', '0.053381', '0.063380', '0.057432', '0.043333', '0.041534', '0.029412', '0.031646', '0.044944', '0.046809', '0.054348', '0.046218', '0.082508', '0.031496', '0.050193', '0.048611', '0.049645', '0.047210', '0.043478', '0.059761', '0.018182', '0.048232', '0.055749', '0.032609', '0.062893', '0.071429', '0.061224', '0.053232', '0.053333', '0.061538', '0.039474', '0.045267', '0.079208', '0.055556', '0.072289', '0.063291', '0.072000', '0.046980', '0.062284', '0.039474', '0.039711', '0.034043', '0.039216', '0.044218', '0.077253', '0.063380', '0.053846', '0.047337', '0.046440', '0.053942', '0.047782', '0.037801', '0.043165', '0.044872', '0.051447', '0.058824', '0.041379', '0.046584', '0.044610', '0.035587', '0.055556', '0.025890', '0.050633', '0.044983', '0.026403', '0.052817', '0.046332', '0.048000', '0.047297', '0.060811', '0.063745', '0.059028', '0.040000', '0.063291', '0.063433', '0.042969', '0.040724', '0.049793', '0.048951', '0.084337', '0.040498', '0.044444', '0.046595', '0.071698', '0.054237', '0.045977', '0.049834', '0.048276', '0.038835', '0.028571', '0.056738', '0.025157', '0.085714', '0.037594', '0.052846', '0.028846', '0.038328', '0.046053', '0.043046', '0.065217', '0.052459', '0.035857', '0.031250', '0.045614', '0.076555', '0.065292', '0.041152', '0.069444', '0.061224', '0.045113', '0.070370', '0.041270', '0.050388', '0.035831', '0.046053', '0.067114', '0.056537', '0.057851', '0.080645', '0.053763', '0.042802', '0.046025', '0.058577', '0.040741', '0.049296', '0.055738', '0.039427', '0.024911', '0.042553', '0.090909', '0.065455', '0.038961', '0.068548', '0.031250', '0.050000', '0.072797', '0.039344', '0.061674', '0.067847', '0.052402', '0.032967', '0.060606', '0.059859', '0.053719', '0.069686', '0.058182', '0.056225', '0.062762', '0.037815', '0.038610', '0.039216', '0.058182', '0.057432', '0.032609', '0.034043', '0.057432', '0.052265', '0.064189', '0.027972', '0.058366', '0.057851', '0.044000', '0.062500', '0.045161', '0.035599', '0.035714', '0.040741', '0.051948', '0.051282', '0.047923', '0.045936', '0.057613', '0.056716', '0.031690', '0.053004', '0.054902', '0.043478', '0.055762', '0.096491', '0.051383', '0.034700', '0.043478', '0.044068', '0.038585', '0.058824', '0.052846', '0.054662', '0.040293', '0.056738', '0.061224', '0.047458', '0.061674', '0.040741', '0.065844', '0.049834', '0.054152', '0.065217', '0.019417', '0.071918', '0.038710', '0.025397', '0.042705', '0.018072', '0.040486', '0.046263', '0.041096', '0.046429', '0.093878', '0.060284', '0.037931', '0.067138', '0.056911', '0.031373', '0.061069', '0.053571', '0.041522', '0.056604', '0.050179', '0.048443', '0.019455', '0.035461', '0.062802', '0.054945', '0.052239', '0.021084', '0.062044', '0.052632', '0.049180', '0.045016', '0.047923', '0.038062', '0.035398', '0.066667', '0.051661', '0.056180', '0.047244', '0.046875', '0.043636', '0.051195', '0.043011', '0.071429', '0.054983', '0.071875', '0.042945', '0.069536', '0.024735', '0.043750', '0.061372', '0.052795', '0.045643', '0.032934', '0.052045', '0.086420', '0.056452', '0.053719', '0.087137', '0.039604']
         : correct/total = [(17, 295), (12, 269), (9, 330), (23, 272), (17, 291), (21, 299), (11, 245), (14, 312), (13, 245), (15, 318), (15, 230), (11, 246), (12, 263), (9, 240), (17, 283), (19, 200), (11, 297), (15, 285), (10, 267), (14, 302), (15, 277), (17, 248), (11, 316), (17, 271), (15, 289), (12, 292), (4, 269), (18, 312), (12, 278), (11, 317), (8, 317), (24, 282), (13, 344), (21, 292), (15, 282), (11, 240), (8, 302), (11, 353), (13, 332), (16, 286), (10, 261), (15, 289), (11, 256), (13, 289), (15, 281), (18, 284), (17, 296), (13, 300), (13, 313), (10, 340), (10, 316), (12, 267), (11, 235), (15, 276), (11, 238), (25, 303), (8, 254), (13, 259), (14, 288), (14, 282), (11, 233), (12, 276), (15, 251), (6, 330), (15, 311), (16, 287), (9, 276), (20, 318), (18, 252), (15, 245), (14, 263), (12, 225), (16, 260), (9, 228), (11, 243), (24, 303), (17, 306), (18, 249), (15, 237), (18, 250), (14, 298), (18, 289), (12, 304), (11, 277), (8, 235), (12, 306), (13, 294), (18, 233), (18, 284), (14, 260), (16, 338), (15, 323), (13, 241), (14, 293), (11, 291), (12, 278), (14, 312), (16, 311), (13, 221), (12, 290), (15, 322), (12, 269), (10, 281), (16, 288), (8, 309), (12, 237), (13, 289), (8, 303), (15, 284), (12, 259), (12, 250), (14, 296), (18, 296), (16, 251), (17, 288), (12, 300), (15, 237), (17, 268), (11, 256), (9, 221), (12, 241), (14, 286), (21, 249), (13, 321), (12, 270), (13, 279), (19, 265), (16, 295), (12, 261), (15, 301), (14, 290), (12, 309), (8, 280), (16, 282), (8, 318), (21, 245), (10, 266), (13, 246), (9, 312), (11, 287), (14, 304), (13, 302), (15, 230), (16, 305), (9, 251), (10, 320), (13, 285), (16, 209), (19, 291), (10, 243), (20, 288), (18, 294), (12, 266), (19, 270), (13, 315), (13, 258), (11, 307), (14, 304), (20, 298), (16, 283), (14, 242), (20, 248), (15, 279), (11, 257), (11, 239), (14, 239), (11, 270), (14, 284), (17, 305), (11, 279), (7, 281), (12, 282), (18, 198), (18, 275), (12, 308), (17, 248), (9, 288), (15, 300), (19, 261), (12, 305), (14, 227), (23, 339), (12, 229), (9, 273), (16, 264), (17, 284), (13, 242), (20, 287), (16, 275), (14, 249), (15, 239), (9, 238), (10, 259), (12, 306), (16, 275), (17, 296), (9, 276), (8, 235), (17, 296), (15, 287), (19, 296), (8, 286), (15, 257), (14, 242), (11, 250), (15, 240), (14, 310), (11, 309), (11, 308), (11, 270), (12, 231), (12, 234), (15, 313), (13, 283), (14, 243), (19, 335), (9, 284), (15, 283), (14, 255), (13, 299), (15, 269), (22, 228), (13, 253), (11, 317), (14, 322), (13, 295), (12, 311), (16, 272), (13, 246), (17, 311), (11, 273), (16, 282), (18, 294), (14, 295), (14, 227), (11, 270), (16, 243), (15, 301), (15, 277), (18, 276), (6, 309), (21, 292), (12, 310), (8, 315), (12, 281), (6, 332), (10, 247), (13, 281), (12, 292), (13, 280), (23, 245), (17, 282), (11, 290), (19, 283), (14, 246), (8, 255), (16, 262), (15, 280), (12, 289), (15, 265), (14, 279), (14, 289), (5, 257), (10, 282), (13, 207), (15, 273), (14, 268), (7, 332), (17, 274), (15, 285), (15, 305), (14, 311), (15, 313), (11, 289), (8, 226), (17, 255), (14, 271), (15, 267), (12, 254), (9, 192), (12, 275), (15, 293), (12, 279), (21, 294), (16, 291), (23, 320), (14, 326), (21, 302), (7, 283), (14, 320), (17, 277), (17, 322), (11, 241), (11, 334), (14, 269), (21, 243), (14, 248), (13, 242), (21, 241), (12, 303)]
         : compromised: 0.0509, honest: 0.0499
Round 003: test acc mean=0.0523 ± 0.0148 | min=0.0181 max=0.1000
         : test loss mean=3.7564 ± 0.0456
         : individual accs = ['0.057627', '0.044610', '0.045455', '0.066176', '0.041237', '0.046823', '0.065306', '0.044872', '0.057143', '0.028302', '0.065217', '0.044715', '0.060837', '0.100000', '0.077739', '0.095000', '0.047138', '0.038596', '0.037453', '0.046358', '0.036101', '0.060484', '0.066456', '0.051661', '0.038062', '0.041096', '0.074349', '0.044872', '0.043165', '0.063091', '0.056782', '0.053191', '0.037791', '0.051370', '0.053191', '0.087500', '0.049669', '0.065156', '0.051205', '0.048951', '0.049808', '0.044983', '0.085938', '0.044983', '0.053381', '0.059859', '0.057432', '0.043333', '0.051118', '0.047059', '0.037975', '0.059925', '0.093617', '0.072464', '0.046218', '0.026403', '0.047244', '0.057915', '0.055556', '0.046099', '0.064378', '0.057971', '0.047809', '0.036364', '0.057878', '0.055749', '0.025362', '0.062893', '0.071429', '0.081633', '0.045627', '0.053333', '0.061538', '0.039474', '0.065844', '0.062706', '0.055556', '0.044177', '0.063291', '0.056000', '0.040268', '0.048443', '0.039474', '0.050542', '0.038298', '0.065359', '0.054422', '0.055794', '0.056338', '0.042308', '0.047337', '0.040248', '0.053942', '0.040956', '0.061856', '0.043165', '0.038462', '0.041801', '0.045249', '0.034483', '0.046584', '0.044610', '0.056940', '0.055556', '0.064725', '0.050633', '0.051903', '0.042904', '0.066901', '0.081081', '0.052000', '0.047297', '0.033784', '0.063745', '0.048611', '0.060000', '0.054852', '0.052239', '0.078125', '0.081448', '0.087137', '0.048951', '0.040161', '0.046729', '0.044444', '0.053763', '0.060377', '0.054237', '0.061303', '0.059801', '0.034483', '0.029126', '0.042857', '0.056738', '0.025157', '0.085714', '0.045113', '0.052846', '0.076923', '0.045296', '0.032895', '0.043046', '0.073913', '0.052459', '0.035857', '0.037500', '0.045614', '0.076555', '0.061856', '0.041152', '0.041667', '0.037415', '0.022556', '0.048148', '0.057143', '0.046512', '0.032573', '0.046053', '0.046980', '0.031802', '0.057851', '0.068548', '0.068100', '0.042802', '0.046025', '0.050209', '0.040741', '0.049296', '0.042623', '0.039427', '0.024911', '0.039007', '0.060606', '0.061818', '0.038961', '0.068548', '0.031250', '0.056667', '0.057471', '0.042623', '0.061674', '0.056047', '0.052402', '0.065934', '0.060606', '0.049296', '0.070248', '0.059233', '0.058182', '0.068273', '0.062762', '0.025210', '0.092664', '0.035948', '0.040000', '0.033784', '0.054348', '0.042553', '0.057432', '0.052265', '0.037162', '0.027972', '0.058366', '0.057851', '0.068000', '0.070833', '0.041935', '0.035599', '0.042208', '0.051852', '0.073593', '0.076923', '0.044728', '0.063604', '0.053498', '0.047761', '0.031690', '0.024735', '0.074510', '0.046823', '0.066914', '0.096491', '0.051383', '0.037855', '0.043478', '0.037288', '0.070740', '0.051471', '0.052846', '0.041801', '0.084249', '0.056738', '0.030612', '0.047458', '0.092511', '0.022222', '0.037037', '0.049834', '0.043321', '0.065217', '0.051780', '0.034247', '0.061290', '0.053968', '0.039146', '0.018072', '0.064777', '0.064057', '0.051370', '0.046429', '0.053061', '0.053191', '0.065517', '0.067138', '0.052846', '0.031373', '0.061069', '0.050000', '0.055363', '0.060377', '0.060932', '0.072664', '0.019455', '0.070922', '0.062802', '0.043956', '0.052239', '0.027108', '0.054745', '0.056140', '0.081967', '0.025723', '0.054313', '0.038062', '0.048673', '0.062745', '0.040590', '0.048689', '0.066929', '0.052083', '0.043636', '0.040956', '0.043011', '0.047619', '0.030928', '0.031250', '0.042945', '0.049669', '0.045936', '0.043750', '0.068592', '0.052795', '0.087137', '0.035928', '0.052045', '0.053498', '0.056452', '0.061983', '0.074689', '0.036304']
         : correct/total = [(17, 295), (12, 269), (15, 330), (18, 272), (12, 291), (14, 299), (16, 245), (14, 312), (14, 245), (9, 318), (15, 230), (11, 246), (16, 263), (24, 240), (22, 283), (19, 200), (14, 297), (11, 285), (10, 267), (14, 302), (10, 277), (15, 248), (21, 316), (14, 271), (11, 289), (12, 292), (20, 269), (14, 312), (12, 278), (20, 317), (18, 317), (15, 282), (13, 344), (15, 292), (15, 282), (21, 240), (15, 302), (23, 353), (17, 332), (14, 286), (13, 261), (13, 289), (22, 256), (13, 289), (15, 281), (17, 284), (17, 296), (13, 300), (16, 313), (16, 340), (12, 316), (16, 267), (22, 235), (20, 276), (11, 238), (8, 303), (12, 254), (15, 259), (16, 288), (13, 282), (15, 233), (16, 276), (12, 251), (12, 330), (18, 311), (16, 287), (7, 276), (20, 318), (18, 252), (20, 245), (12, 263), (12, 225), (16, 260), (9, 228), (16, 243), (19, 303), (17, 306), (11, 249), (15, 237), (14, 250), (12, 298), (14, 289), (12, 304), (14, 277), (9, 235), (20, 306), (16, 294), (13, 233), (16, 284), (11, 260), (16, 338), (13, 323), (13, 241), (12, 293), (18, 291), (12, 278), (12, 312), (13, 311), (10, 221), (10, 290), (15, 322), (12, 269), (16, 281), (16, 288), (20, 309), (12, 237), (15, 289), (13, 303), (19, 284), (21, 259), (13, 250), (14, 296), (10, 296), (16, 251), (14, 288), (18, 300), (13, 237), (14, 268), (20, 256), (18, 221), (21, 241), (14, 286), (10, 249), (15, 321), (12, 270), (15, 279), (16, 265), (16, 295), (16, 261), (18, 301), (10, 290), (9, 309), (12, 280), (16, 282), (8, 318), (21, 245), (12, 266), (13, 246), (24, 312), (13, 287), (10, 304), (13, 302), (17, 230), (16, 305), (9, 251), (12, 320), (13, 285), (16, 209), (18, 291), (10, 243), (12, 288), (11, 294), (6, 266), (13, 270), (18, 315), (12, 258), (10, 307), (14, 304), (14, 298), (9, 283), (14, 242), (17, 248), (19, 279), (11, 257), (11, 239), (12, 239), (11, 270), (14, 284), (13, 305), (11, 279), (7, 281), (11, 282), (12, 198), (17, 275), (12, 308), (17, 248), (9, 288), (17, 300), (15, 261), (13, 305), (14, 227), (19, 339), (12, 229), (18, 273), (16, 264), (14, 284), (17, 242), (17, 287), (16, 275), (17, 249), (15, 239), (6, 238), (24, 259), (11, 306), (11, 275), (10, 296), (15, 276), (10, 235), (17, 296), (15, 287), (11, 296), (8, 286), (15, 257), (14, 242), (17, 250), (17, 240), (13, 310), (11, 309), (13, 308), (14, 270), (17, 231), (18, 234), (14, 313), (18, 283), (13, 243), (16, 335), (9, 284), (7, 283), (19, 255), (14, 299), (18, 269), (22, 228), (13, 253), (12, 317), (14, 322), (11, 295), (22, 311), (14, 272), (13, 246), (13, 311), (23, 273), (16, 282), (9, 294), (14, 295), (21, 227), (6, 270), (9, 243), (15, 301), (12, 277), (18, 276), (16, 309), (10, 292), (19, 310), (17, 315), (11, 281), (6, 332), (16, 247), (18, 281), (15, 292), (13, 280), (13, 245), (15, 282), (19, 290), (19, 283), (13, 246), (8, 255), (16, 262), (14, 280), (16, 289), (16, 265), (17, 279), (21, 289), (5, 257), (20, 282), (13, 207), (12, 273), (14, 268), (9, 332), (15, 274), (16, 285), (25, 305), (8, 311), (17, 313), (11, 289), (11, 226), (16, 255), (11, 271), (13, 267), (17, 254), (10, 192), (12, 275), (12, 293), (12, 279), (14, 294), (9, 291), (10, 320), (14, 326), (15, 302), (13, 283), (14, 320), (19, 277), (17, 322), (21, 241), (12, 334), (14, 269), (13, 243), (14, 248), (15, 242), (18, 241), (11, 303)]
         : compromised: 0.0521, honest: 0.0525

=== FINAL RESULTS ===
Dataset: femnist, Nodes: 300, Graph: k-regular, Aggregation: balance
Attack: directed_deviation, 50.0% compromised
Final accuracy - Compromised: 0.0521, Honest: 0.0525
Overall test accuracy: mean=0.0523 ± 0.0148

=== BALANCE SUMMARY ===
Node 0: acceptance=0.167
Node 1: acceptance=0.167
Node 2: acceptance=0.167
Node 3: acceptance=0.167
Node 4: acceptance=0.167
Node 5: acceptance=0.167
Node 6: acceptance=0.166
Node 7: acceptance=0.166
Node 8: acceptance=0.166
Node 9: acceptance=0.167
Node 10: acceptance=0.167
Node 11: acceptance=0.166
Node 12: acceptance=0.166
Node 13: acceptance=0.166
Node 14: acceptance=0.166
Node 15: acceptance=0.166
Node 16: acceptance=0.166
Node 17: acceptance=0.167
Node 18: acceptance=0.167
Node 19: acceptance=0.167
Node 20: acceptance=0.166
Node 21: acceptance=0.167
Node 22: acceptance=0.167
Node 23: acceptance=0.167
Node 24: acceptance=0.167
Node 25: acceptance=0.167
Node 26: acceptance=0.166
Node 27: acceptance=0.167
Node 28: acceptance=0.166
Node 29: acceptance=0.166
Node 30: acceptance=0.167
Node 31: acceptance=0.167
Node 32: acceptance=0.167
Node 33: acceptance=0.167
Node 34: acceptance=0.167
Node 35: acceptance=0.167
Node 36: acceptance=0.167
Node 37: acceptance=0.167
Node 38: acceptance=0.167
Node 39: acceptance=0.166
Node 40: acceptance=0.166
Node 41: acceptance=0.167
Node 42: acceptance=0.166
Node 43: acceptance=0.166
Node 44: acceptance=0.166
Node 45: acceptance=0.167
Node 46: acceptance=0.167
Node 47: acceptance=0.167
Node 48: acceptance=0.166
Node 49: acceptance=0.167
Node 50: acceptance=0.166
Node 51: acceptance=0.167
Node 52: acceptance=0.166
Node 53: acceptance=0.167
Node 54: acceptance=0.167
Node 55: acceptance=0.167
Node 56: acceptance=0.166
Node 57: acceptance=0.166
Node 58: acceptance=0.167
Node 59: acceptance=0.167
Node 60: acceptance=0.167
Node 61: acceptance=0.167
Node 62: acceptance=0.166
Node 63: acceptance=0.167
Node 64: acceptance=0.166
Node 65: acceptance=0.166
Node 66: acceptance=0.167
Node 67: acceptance=0.166
Node 68: acceptance=0.166
Node 69: acceptance=0.166
Node 70: acceptance=0.166
Node 71: acceptance=0.166
Node 72: acceptance=0.167
Node 73: acceptance=0.166
Node 74: acceptance=0.167
Node 75: acceptance=0.166
Node 76: acceptance=0.167
Node 77: acceptance=0.167
Node 78: acceptance=0.167
Node 79: acceptance=0.166
Node 80: acceptance=0.167
Node 81: acceptance=0.167
Node 82: acceptance=0.166
Node 83: acceptance=0.166
Node 84: acceptance=0.166
Node 85: acceptance=0.167
Node 86: acceptance=0.167
Node 87: acceptance=0.167
Node 88: acceptance=0.167
Node 89: acceptance=0.167
Node 90: acceptance=0.166
Node 91: acceptance=0.167
Node 92: acceptance=0.167
Node 93: acceptance=0.166
Node 94: acceptance=0.167
Node 95: acceptance=0.166
Node 96: acceptance=0.167
Node 97: acceptance=0.166
Node 98: acceptance=0.167
Node 99: acceptance=0.166
Node 100: acceptance=0.167
Node 101: acceptance=0.167
Node 102: acceptance=0.167
Node 103: acceptance=0.166
Node 104: acceptance=0.166
Node 105: acceptance=0.166
Node 106: acceptance=0.166
Node 107: acceptance=0.166
Node 108: acceptance=0.167
Node 109: acceptance=0.167
Node 110: acceptance=0.167
Node 111: acceptance=0.167
Node 112: acceptance=0.166
Node 113: acceptance=0.166
Node 114: acceptance=0.166
Node 115: acceptance=0.167
Node 116: acceptance=0.166
Node 117: acceptance=0.166
Node 118: acceptance=0.167
Node 119: acceptance=0.167
Node 120: acceptance=0.166
Node 121: acceptance=0.167
Node 122: acceptance=0.167
Node 123: acceptance=0.167
Node 124: acceptance=0.167
Node 125: acceptance=0.166
Node 126: acceptance=0.167
Node 127: acceptance=0.166
Node 128: acceptance=0.166
Node 129: acceptance=0.167
Node 130: acceptance=0.166
Node 131: acceptance=0.166
Node 132: acceptance=0.167
Node 133: acceptance=0.166
Node 134: acceptance=0.166
Node 135: acceptance=0.167
Node 136: acceptance=0.167
Node 137: acceptance=0.167
Node 138: acceptance=0.167
Node 139: acceptance=0.166
Node 140: acceptance=0.167
Node 141: acceptance=0.167
Node 142: acceptance=0.167
Node 143: acceptance=0.167
Node 144: acceptance=0.166
Node 145: acceptance=0.167
Node 146: acceptance=0.166
Node 147: acceptance=0.166
Node 148: acceptance=0.166
Node 149: acceptance=0.166
Node 150: acceptance=0.167
Node 151: acceptance=0.167
Node 152: acceptance=0.167
Node 153: acceptance=0.166
Node 154: acceptance=0.167
Node 155: acceptance=0.167
Node 156: acceptance=0.167
Node 157: acceptance=0.167
Node 158: acceptance=0.166
Node 159: acceptance=0.166
Node 160: acceptance=0.167
Node 161: acceptance=0.166
Node 162: acceptance=0.167
Node 163: acceptance=0.167
Node 164: acceptance=0.166
Node 165: acceptance=0.167
Node 166: acceptance=0.167
Node 167: acceptance=0.167
Node 168: acceptance=0.167
Node 169: acceptance=0.167
Node 170: acceptance=0.167
Node 171: acceptance=0.166
Node 172: acceptance=0.167
Node 173: acceptance=0.167
Node 174: acceptance=0.166
Node 175: acceptance=0.166
Node 176: acceptance=0.166
Node 177: acceptance=0.166
Node 178: acceptance=0.166
Node 179: acceptance=0.166
Node 180: acceptance=0.166
Node 181: acceptance=0.167
Node 182: acceptance=0.166
Node 183: acceptance=0.166
Node 184: acceptance=0.166
Node 185: acceptance=0.167
Node 186: acceptance=0.167
Node 187: acceptance=0.167
Node 188: acceptance=0.167
Node 189: acceptance=0.167
Node 190: acceptance=0.166
Node 191: acceptance=0.167
Node 192: acceptance=0.167
Node 193: acceptance=0.166
Node 194: acceptance=0.166
Node 195: acceptance=0.167
Node 196: acceptance=0.167
Node 197: acceptance=0.167
Node 198: acceptance=0.167
Node 199: acceptance=0.167
Node 200: acceptance=0.167
Node 201: acceptance=0.167
Node 202: acceptance=0.167
Node 203: acceptance=0.166
Node 204: acceptance=0.166
Node 205: acceptance=0.166
Node 206: acceptance=0.167
Node 207: acceptance=0.167
Node 208: acceptance=0.166
Node 209: acceptance=0.167
Node 210: acceptance=0.166
Node 211: acceptance=0.166
Node 212: acceptance=0.167
Node 213: acceptance=0.166
Node 214: acceptance=0.167
Node 215: acceptance=0.166
Node 216: acceptance=0.167
Node 217: acceptance=0.166
Node 218: acceptance=0.166
Node 219: acceptance=0.167
Node 220: acceptance=0.167
Node 221: acceptance=0.167
Node 222: acceptance=0.166
Node 223: acceptance=0.167
Node 224: acceptance=0.167
Node 225: acceptance=0.167
Node 226: acceptance=0.167
Node 227: acceptance=0.166
Node 228: acceptance=0.166
Node 229: acceptance=0.167
Node 230: acceptance=0.166
Node 231: acceptance=0.167
Node 232: acceptance=0.166
Node 233: acceptance=0.166
Node 234: acceptance=0.167
Node 235: acceptance=0.166
Node 236: acceptance=0.167
Node 237: acceptance=0.167
Node 238: acceptance=0.167
Node 239: acceptance=0.167
Node 240: acceptance=0.167
Node 241: acceptance=0.166
Node 242: acceptance=0.167
Node 243: acceptance=0.167
Node 244: acceptance=0.167
Node 245: acceptance=0.167
Node 246: acceptance=0.167
Node 247: acceptance=0.167
Node 248: acceptance=0.166
Node 249: acceptance=0.166
Node 250: acceptance=0.166
Node 251: acceptance=0.166
Node 252: acceptance=0.166
Node 253: acceptance=0.167
Node 254: acceptance=0.167
Node 255: acceptance=0.167
Node 256: acceptance=0.167
Node 257: acceptance=0.167
Node 258: acceptance=0.166
Node 259: acceptance=0.167
Node 260: acceptance=0.167
Node 261: acceptance=0.167
Node 262: acceptance=0.167
Node 263: acceptance=0.166
Node 264: acceptance=0.166
Node 265: acceptance=0.167
Node 266: acceptance=0.166
Node 267: acceptance=0.166
Node 268: acceptance=0.167
Node 269: acceptance=0.166
Node 270: acceptance=0.167
Node 271: acceptance=0.167
Node 272: acceptance=0.166
Node 273: acceptance=0.167
Node 274: acceptance=0.166
Node 275: acceptance=0.166
Node 276: acceptance=0.166
Node 277: acceptance=0.166
Node 278: acceptance=0.166
Node 279: acceptance=0.167
Node 280: acceptance=0.167
Node 281: acceptance=0.167
Node 282: acceptance=0.167
Node 283: acceptance=0.167
Node 284: acceptance=0.167
Node 285: acceptance=0.167
Node 286: acceptance=0.167
Node 287: acceptance=0.167
Node 288: acceptance=0.167
Node 289: acceptance=0.167
Node 290: acceptance=0.167
Node 291: acceptance=0.167
Node 292: acceptance=0.167
Node 293: acceptance=0.166
Node 294: acceptance=0.167
Node 295: acceptance=0.166
Node 296: acceptance=0.166
Node 297: acceptance=0.166
Node 298: acceptance=0.167
Node 299: acceptance=0.167

=== PARALLEL EXECUTION TIME (realistic for distributed system) ===
  COMMUNICATION (max across nodes):
    - Full model transfer: 0.000s (0.0%)
  COMPUTATION (max across nodes):
    - Filtering: 1.140s (83.7%)
    - Aggregation: 0.221s (16.3%)
  TOTALS:
    - Total computation: 1.361s (100.0%)
    - Total communication: 0.000s (0.0%)
    - Total parallel time: 1.361s

=== PER-NODE AVERAGE TIME ===
  - Filtering: 0.926s
  - Aggregation: 0.063s
  - Model transfer: 0.000s
  - Total per node: 0.989s

=== TOTAL COMPUTATIONAL WORK (sum across all nodes) ===
  - Total filtering: 277.815s
  - Total aggregation: 18.961s
  - Total model transfer: 0.001s
  - Grand total: 296.777s
  - Mean acceptance rate: 0.167

BALANCE Algorithm Properties:
  - Model dimension: 6,603,710
  - No compression: Full parameter comparison
  - Theoretical complexity: O(deg(i)×d)
  - Approach: Full parameter filtering + averaging


# Experiment completed successfully
