Device: cuda
Seed: 987654321
Looking for images in: /home/student.unimelb.edu.au/mrangwala/Projects/Sketchguard/leaf/data/celeba/data/raw/img_align_celeba
Loading 1 LEAF CelebA train files...
LEAF CelebA train: 9343 users (celebrities), 177457 samples
Looking for images in: /home/student.unimelb.edu.au/mrangwala/Projects/Sketchguard/leaf/data/celeba/data/raw/img_align_celeba
Loading 1 LEAF CelebA test files...
LEAF CelebA test: 9343 users (celebrities), 22831 samples
Found 9343 train users, 9343 test users, 9343 common users
User sample counts range: 31 (max) to 4 (min)
Distributed ALL 9343 users across 20 clients
Users per client: 467 (with 3 clients getting +1 user)
Train partition sizes: [8843, 8998, 8728, 9034, 8866, 8946, 8873, 8776, 8816, 8801, 8913, 8656, 9115, 8921, 8699, 8823, 8912, 8766, 9102, 8869]
Test partition sizes: [1140, 1158, 1127, 1158, 1134, 1145, 1145, 1127, 1136, 1128, 1144, 1125, 1152, 1160, 1124, 1145, 1154, 1131, 1157, 1141]
  Client 0: 8843 train samples, 2 unique classes
  Client 1: 8998 train samples, 2 unique classes
  Client 2: 8728 train samples, 2 unique classes
  Client 3: 9034 train samples, 2 unique classes
  Client 4: 8866 train samples, 2 unique classes
  Client 5: 8946 train samples, 2 unique classes
  Client 6: 8873 train samples, 2 unique classes
  Client 7: 8776 train samples, 2 unique classes
  Client 8: 8816 train samples, 2 unique classes
  Client 9: 8801 train samples, 2 unique classes
  Client 10: 8913 train samples, 2 unique classes
  Client 11: 8656 train samples, 2 unique classes
  Client 12: 9115 train samples, 2 unique classes
  Client 13: 8921 train samples, 2 unique classes
  Client 14: 8699 train samples, 2 unique classes
  Client 15: 8823 train samples, 2 unique classes
  Client 16: 8912 train samples, 2 unique classes
  Client 17: 8766 train samples, 2 unique classes
  Client 18: 9102 train samples, 2 unique classes
  Client 19: 8869 train samples, 2 unique classes
Will sample 4500 samples per client per epoch
Graph: erdos, nodes: 20, edges: 126
Degree statistics: avg=12.60, min=8, max=16
Attack: Compromised 10/20 nodes: [1, 2, 5, 11, 12, 13, 14, 15, 17, 18]
Attack type: backdoor, lambda: 1.0
Backdoor target label: 0, trigger size: 8
Model variant: baseline
Model parameters: 2,219,692
Sketchguard Node 0:
  Model dim: 2,219,692 → Sketch size: 350
  Compression ratio: 6342.0x
  Using model parameters for aggregation, sketches for filtering
Sketchguard Node 1:
  Model dim: 2,219,692 → Sketch size: 350
  Compression ratio: 6342.0x
  Using model parameters for aggregation, sketches for filtering
Sketchguard Node 2:
  Model dim: 2,219,692 → Sketch size: 350
  Compression ratio: 6342.0x
  Using model parameters for aggregation, sketches for filtering
Sketchguard Node 3:
  Model dim: 2,219,692 → Sketch size: 350
  Compression ratio: 6342.0x
  Using model parameters for aggregation, sketches for filtering
Sketchguard Node 4:
  Model dim: 2,219,692 → Sketch size: 350
  Compression ratio: 6342.0x
  Using model parameters for aggregation, sketches for filtering
Sketchguard Node 5:
  Model dim: 2,219,692 → Sketch size: 350
  Compression ratio: 6342.0x
  Using model parameters for aggregation, sketches for filtering
Sketchguard Node 6:
  Model dim: 2,219,692 → Sketch size: 350
  Compression ratio: 6342.0x
  Using model parameters for aggregation, sketches for filtering
Sketchguard Node 7:
  Model dim: 2,219,692 → Sketch size: 350
  Compression ratio: 6342.0x
  Using model parameters for aggregation, sketches for filtering
Sketchguard Node 8:
  Model dim: 2,219,692 → Sketch size: 350
  Compression ratio: 6342.0x
  Using model parameters for aggregation, sketches for filtering
Sketchguard Node 9:
  Model dim: 2,219,692 → Sketch size: 350
  Compression ratio: 6342.0x
  Using model parameters for aggregation, sketches for filtering
Sketchguard Node 10:
  Model dim: 2,219,692 → Sketch size: 350
  Compression ratio: 6342.0x
  Using model parameters for aggregation, sketches for filtering
Sketchguard Node 11:
  Model dim: 2,219,692 → Sketch size: 350
  Compression ratio: 6342.0x
  Using model parameters for aggregation, sketches for filtering
Sketchguard Node 12:
  Model dim: 2,219,692 → Sketch size: 350
  Compression ratio: 6342.0x
  Using model parameters for aggregation, sketches for filtering
Sketchguard Node 13:
  Model dim: 2,219,692 → Sketch size: 350
  Compression ratio: 6342.0x
  Using model parameters for aggregation, sketches for filtering
Sketchguard Node 14:
  Model dim: 2,219,692 → Sketch size: 350
  Compression ratio: 6342.0x
  Using model parameters for aggregation, sketches for filtering
Sketchguard Node 15:
  Model dim: 2,219,692 → Sketch size: 350
  Compression ratio: 6342.0x
  Using model parameters for aggregation, sketches for filtering
Sketchguard Node 16:
  Model dim: 2,219,692 → Sketch size: 350
  Compression ratio: 6342.0x
  Using model parameters for aggregation, sketches for filtering
Sketchguard Node 17:
  Model dim: 2,219,692 → Sketch size: 350
  Compression ratio: 6342.0x
  Using model parameters for aggregation, sketches for filtering
Sketchguard Node 18:
  Model dim: 2,219,692 → Sketch size: 350
  Compression ratio: 6342.0x
  Using model parameters for aggregation, sketches for filtering
Sketchguard Node 19:
  Model dim: 2,219,692 → Sketch size: 350
  Compression ratio: 6342.0x
  Using model parameters for aggregation, sketches for filtering
Sketchguard ALGORITHM (Sketch-based Filtering + State Aggregation)
  - Model dimension: 2,219,692 parameters
  - Config: SketchguardConfig(gamma=2, kappa=1, alpha=0.5, min_neighbors=1, sketch_size=350, network_seed=987654321, attack_detection_window=5)
  - Sketch size: 350
  - Compression ratio: 6342.0x
  - Complexity: O(d + N×k) = O(2,219,692 + 20×350)
  - Theoretical speedup vs BALANCE: 19.9x
Initial test acc across nodes: mean=0.4978 ± 0.0208
Backdoor attack: Created poisoned datasets for 10 compromised nodes
Round 001: test acc mean=0.5891 ± 0.0805 | min=0.4942 max=0.7140
         : test loss mean=1943.1848 ± 1995.9254
         : individual accs = ['0.697368', '0.508636', '0.494232', '0.708981', '0.617284', '0.514410', '0.684716', '0.628217', '0.607394', '0.703014', '0.644231', '0.520889', '0.522569', '0.506897', '0.517794', '0.521397', '0.714038', '0.508400', '0.522040', '0.638913']
         : correct/total = [(795, 1140), (589, 1158), (557, 1127), (821, 1158), (700, 1134), (589, 1145), (784, 1145), (708, 1127), (690, 1136), (793, 1128), (737, 1144), (586, 1125), (602, 1152), (588, 1160), (582, 1124), (597, 1145), (824, 1154), (575, 1131), (604, 1157), (729, 1141)]
         : compromised: 0.5137, honest: 0.6644
         : sketchguard stats = ['Node 0: acc_rate=0.500', 'Node 1: acc_rate=0.545', 'Node 2: acc_rate=0.417']...
Round 002: test acc mean=0.5799 ± 0.0842 | min=0.4774 max=0.6871
         : test loss mean=36639146.6685 ± 62253303.0043
         : individual accs = ['0.645614', '0.506908', '0.506655', '0.674439', '0.584656', '0.485590', '0.631441', '0.675244', '0.682218', '0.665780', '0.687063', '0.540444', '0.477431', '0.506034', '0.503559', '0.486463', '0.681976', '0.491600', '0.489196', '0.675723']
         : correct/total = [(736, 1140), (587, 1158), (571, 1127), (781, 1158), (663, 1134), (556, 1145), (723, 1145), (761, 1127), (775, 1136), (751, 1128), (786, 1144), (608, 1125), (550, 1152), (587, 1160), (566, 1124), (557, 1145), (787, 1154), (556, 1131), (566, 1157), (771, 1141)]
         : compromised: 0.4994, honest: 0.6604
         : sketchguard stats = ['Node 0: acc_rate=0.500', 'Node 1: acc_rate=0.773', 'Node 2: acc_rate=0.708']...
Round 003: test acc mean=0.6027 ± 0.0939 | min=0.4933 max=0.7270
         : test loss mean=nan ± nan
         : individual accs = ['0.649123', '0.508636', '0.493345', '0.724525', '0.650794', '0.514410', '0.686463', '0.684117', '0.713028', '0.701241', '0.719406', '0.498667', '0.522569', '0.506897', '0.517794', '0.517031', '0.727036', '0.508400', '0.522040', '0.687993']
         : correct/total = [(740, 1140), (589, 1158), (556, 1127), (839, 1158), (738, 1134), (589, 1145), (786, 1145), (771, 1127), (810, 1136), (791, 1128), (823, 1144), (561, 1125), (602, 1152), (588, 1160), (582, 1124), (592, 1145), (839, 1154), (575, 1131), (604, 1157), (785, 1141)]
         : compromised: 0.5110, honest: 0.6944
         : sketchguard stats = ['Node 0: acc_rate=0.500', 'Node 1: acc_rate=0.515', 'Node 2: acc_rate=0.472']...
Round 004: test acc mean=0.6311 ± 0.1205 | min=0.4933 max=0.7684
         : test loss mean=nan ± nan
         : individual accs = ['0.736842', '0.508636', '0.493345', '0.760794', '0.745150', '0.514410', '0.754585', '0.734694', '0.743838', '0.752660', '0.768357', '0.498667', '0.522569', '0.506897', '0.517794', '0.517031', '0.763432', '0.508400', '0.522040', '0.751972']
         : correct/total = [(840, 1140), (589, 1158), (556, 1127), (881, 1158), (845, 1134), (589, 1145), (864, 1145), (828, 1127), (845, 1136), (849, 1128), (879, 1144), (561, 1125), (602, 1152), (588, 1160), (582, 1124), (592, 1145), (881, 1154), (575, 1131), (604, 1157), (858, 1141)]
         : compromised: 0.5110, honest: 0.7512
         : sketchguard stats = ['Node 0: acc_rate=0.500', 'Node 1: acc_rate=0.386', 'Node 2: acc_rate=0.354']...
Round 005: test acc mean=0.6517 ± 0.1415 | min=0.4933 max=0.8200
         : test loss mean=nan ± nan
         : individual accs = ['0.766667', '0.508636', '0.493345', '0.784111', '0.783069', '0.514410', '0.798253', '0.764862', '0.798415', '0.820035', '0.805070', '0.498667', '0.522569', '0.506897', '0.517794', '0.517031', '0.817158', '0.508400', '0.522040', '0.787029']
         : correct/total = [(874, 1140), (589, 1158), (556, 1127), (908, 1158), (888, 1134), (589, 1145), (914, 1145), (862, 1127), (907, 1136), (925, 1128), (921, 1144), (561, 1125), (602, 1152), (588, 1160), (582, 1124), (592, 1145), (943, 1154), (575, 1131), (604, 1157), (898, 1141)]
         : compromised: 0.5110, honest: 0.7925
         : sketchguard stats = ['Node 0: acc_rate=0.500', 'Node 1: acc_rate=0.309', 'Node 2: acc_rate=0.283']...
Round 006: test acc mean=0.6707 ± 0.1602 | min=0.4933 max=0.8511
         : test loss mean=nan ± nan
         : individual accs = ['0.821930', '0.508636', '0.493345', '0.829016', '0.804233', '0.514410', '0.820087', '0.818988', '0.837148', '0.851064', '0.850524', '0.498667', '0.522569', '0.506897', '0.517794', '0.517031', '0.831023', '0.508400', '0.522040', '0.840491']
         : correct/total = [(937, 1140), (589, 1158), (556, 1127), (960, 1158), (912, 1134), (589, 1145), (939, 1145), (923, 1127), (951, 1136), (960, 1128), (973, 1144), (561, 1125), (602, 1152), (588, 1160), (582, 1124), (592, 1145), (959, 1154), (575, 1131), (604, 1157), (959, 1141)]
         : compromised: 0.5110, honest: 0.8305
         : sketchguard stats = ['Node 0: acc_rate=0.500', 'Node 1: acc_rate=0.258', 'Node 2: acc_rate=0.236']...
Round 007: test acc mean=0.6867 ± 0.1759 | min=0.4933 max=0.8706
         : test loss mean=nan ± nan
         : individual accs = ['0.854386', '0.508636', '0.493345', '0.854059', '0.851852', '0.514410', '0.867249', '0.858030', '0.868838', '0.863475', '0.870629', '0.498667', '0.522569', '0.506897', '0.517794', '0.517031', '0.867418', '0.508400', '0.522040', '0.868536']
         : correct/total = [(974, 1140), (589, 1158), (556, 1127), (989, 1158), (966, 1134), (589, 1145), (993, 1145), (967, 1127), (987, 1136), (974, 1128), (996, 1144), (561, 1125), (602, 1152), (588, 1160), (582, 1124), (592, 1145), (1001, 1154), (575, 1131), (604, 1157), (991, 1141)]
         : compromised: 0.5110, honest: 0.8624
         : sketchguard stats = ['Node 0: acc_rate=0.500', 'Node 1: acc_rate=0.221', 'Node 2: acc_rate=0.202']...
Round 008: test acc mean=0.6898 ± 0.1790 | min=0.4933 max=0.8767
         : test loss mean=nan ± nan
         : individual accs = ['0.864035', '0.508636', '0.493345', '0.861831', '0.862434', '0.514410', '0.868996', '0.868678', '0.873239', '0.875887', '0.876748', '0.498667', '0.522569', '0.506897', '0.517794', '0.517031', '0.870884', '0.508400', '0.522040', '0.864154']
         : correct/total = [(985, 1140), (589, 1158), (556, 1127), (998, 1158), (978, 1134), (589, 1145), (995, 1145), (979, 1127), (992, 1136), (988, 1128), (1003, 1144), (561, 1125), (602, 1152), (588, 1160), (582, 1124), (592, 1145), (1005, 1154), (575, 1131), (604, 1157), (986, 1141)]
         : compromised: 0.5110, honest: 0.8687
         : sketchguard stats = ['Node 0: acc_rate=0.500', 'Node 1: acc_rate=0.193', 'Node 2: acc_rate=0.177']...
Round 009: test acc mean=0.6989 ± 0.1880 | min=0.4933 max=0.8963
         : test loss mean=nan ± nan
         : individual accs = ['0.878070', '0.508636', '0.493345', '0.894646', '0.877425', '0.514410', '0.887336', '0.889086', '0.883803', '0.896277', '0.891608', '0.498667', '0.522569', '0.506897', '0.517794', '0.517031', '0.883016', '0.508400', '0.522040', '0.886065']
         : correct/total = [(1001, 1140), (589, 1158), (556, 1127), (1036, 1158), (995, 1134), (589, 1145), (1016, 1145), (1002, 1127), (1004, 1136), (1011, 1128), (1020, 1144), (561, 1125), (602, 1152), (588, 1160), (582, 1124), (592, 1145), (1019, 1154), (575, 1131), (604, 1157), (1011, 1141)]
         : compromised: 0.5110, honest: 0.8867
         : sketchguard stats = ['Node 0: acc_rate=0.500', 'Node 1: acc_rate=0.172', 'Node 2: acc_rate=0.157']...
Round 010: test acc mean=0.7018 ± 0.1910 | min=0.4933 max=0.9051
         : test loss mean=nan ± nan
         : individual accs = ['0.888596', '0.508636', '0.493345', '0.898100', '0.883598', '0.514410', '0.886463', '0.896185', '0.897887', '0.905142', '0.893357', '0.498667', '0.522569', '0.506897', '0.517794', '0.517031', '0.891681', '0.508400', '0.522040', '0.886065']
         : correct/total = [(1013, 1140), (589, 1158), (556, 1127), (1040, 1158), (1002, 1134), (589, 1145), (1015, 1145), (1010, 1127), (1020, 1136), (1021, 1128), (1022, 1144), (561, 1125), (602, 1152), (588, 1160), (582, 1124), (592, 1145), (1029, 1154), (575, 1131), (604, 1157), (1011, 1141)]
         : compromised: 0.5110, honest: 0.8927
         : sketchguard stats = ['Node 0: acc_rate=0.500', 'Node 1: acc_rate=0.155', 'Node 2: acc_rate=0.142']...

=== FINAL RESULTS ===
Dataset: celeba, Nodes: 20, Graph: erdos, Aggregation: sketchguard
Attack: backdoor, 50.0% compromised
Final accuracy - Compromised: 0.5110, Honest: 0.8927
Overall test accuracy: mean=0.7018 ± 0.1910

=== BACKDOOR ATTACK SUCCESS RATE (ASR) ===
Target label: 0
Trigger size: 8x8
Overall ASR: 0.7754 ± 0.2249
Honest nodes ASR: 0.5508 ± 0.0173
Compromised nodes ASR: 1.0000 ± 0.0000
Note: Higher ASR indicates more successful backdoor attack

=== Sketchguard SUMMARY ===
Node 0: acceptance=0.500
Node 1: acceptance=0.155
Node 2: acceptance=0.142
Node 3: acceptance=0.625
Node 4: acceptance=0.455
Node 5: acceptance=0.147
Node 6: acceptance=0.429
Node 7: acceptance=0.429
Node 8: acceptance=0.400
Node 9: acceptance=0.538
Node 10: acceptance=0.556
Node 11: acceptance=0.150
Node 12: acceptance=0.158
Node 13: acceptance=0.154
Node 14: acceptance=0.147
Node 15: acceptance=0.145
Node 16: acceptance=0.385
Node 17: acceptance=0.267
Node 18: acceptance=0.156
Node 19: acceptance=0.438

=== PARALLEL EXECUTION TIME (realistic for distributed system) ===
  COMMUNICATION (max across nodes):
    - Sketch transfer: 0.000s (0.0%)
    - Model fetch (accepted): 0.000s (0.0%)
  COMPUTATION (max across nodes):
    - Sketching: 0.801s (97.7%)
    - Filtering: 0.001s (0.2%)
    - Aggregation: 0.017s (2.1%)
  TOTALS:
    - Total computation: 0.820s (100.0%)
    - Total communication: 0.000s (0.0%)
    - Total parallel time: 0.820s

=== PER-NODE AVERAGE TIME ===
  - Sketching: 0.582s
  - Filtering: 0.001s
  - Aggregation: 0.009s
  - Sketch transfer: 0.000s
  - Model fetch: 0.000s
  - Total per node: 0.592s

=== TOTAL COMPUTATIONAL WORK (sum across all nodes) ===
  - Total sketching: 11.633s
  - Total filtering: 0.016s
  - Total aggregation: 0.181s
  - Total sketch transfer: 0.000s
  - Total model fetch: 0.000s
  - Grand total: 11.831s
  - Mean acceptance rate: 0.319

Sketchguard Algorithm Properties:
  - Original dimension: 2,219,692
  - Sketch size: 350
  - Compression ratio: 19.9x
  - Single repetition: No repetitions needed
  - Theoretical complexity: O(d + N×k)
  - Approach: Sketch filtering + state aggregation
