Device: cuda
Seed: 987654321
Looking for images in: /home/student.unimelb.edu.au/mrangwala/Projects/Sketchguard/leaf/data/celeba/data/raw/img_align_celeba
Loading 1 LEAF CelebA train files...
LEAF CelebA train: 9343 users (celebrities), 177457 samples
Looking for images in: /home/student.unimelb.edu.au/mrangwala/Projects/Sketchguard/leaf/data/celeba/data/raw/img_align_celeba
Loading 1 LEAF CelebA test files...
LEAF CelebA test: 9343 users (celebrities), 22831 samples
Found 9343 train users, 9343 test users, 9343 common users
User sample counts range: 31 (max) to 4 (min)
Distributed ALL 9343 users across 20 clients
Users per client: 467 (with 3 clients getting +1 user)
Train partition sizes: [8843, 8998, 8728, 9034, 8866, 8946, 8873, 8776, 8816, 8801, 8913, 8656, 9115, 8921, 8699, 8823, 8912, 8766, 9102, 8869]
Test partition sizes: [1140, 1158, 1127, 1158, 1134, 1145, 1145, 1127, 1136, 1128, 1144, 1125, 1152, 1160, 1124, 1145, 1154, 1131, 1157, 1141]
  Client 0: 8843 train samples, 2 unique classes
  Client 1: 8998 train samples, 2 unique classes
  Client 2: 8728 train samples, 2 unique classes
  Client 3: 9034 train samples, 2 unique classes
  Client 4: 8866 train samples, 2 unique classes
  Client 5: 8946 train samples, 2 unique classes
  Client 6: 8873 train samples, 2 unique classes
  Client 7: 8776 train samples, 2 unique classes
  Client 8: 8816 train samples, 2 unique classes
  Client 9: 8801 train samples, 2 unique classes
  Client 10: 8913 train samples, 2 unique classes
  Client 11: 8656 train samples, 2 unique classes
  Client 12: 9115 train samples, 2 unique classes
  Client 13: 8921 train samples, 2 unique classes
  Client 14: 8699 train samples, 2 unique classes
  Client 15: 8823 train samples, 2 unique classes
  Client 16: 8912 train samples, 2 unique classes
  Client 17: 8766 train samples, 2 unique classes
  Client 18: 9102 train samples, 2 unique classes
  Client 19: 8869 train samples, 2 unique classes
Will sample 4500 samples per client per epoch
Graph: erdos, nodes: 20, edges: 99
Degree statistics: avg=9.90, min=7, max=14
Attack: Compromised 14/20 nodes: [1, 2, 3, 5, 6, 8, 11, 12, 13, 14, 15, 17, 18, 19]
Attack type: backdoor, lambda: 1.0
Backdoor target label: 0, trigger size: 8
Model variant: baseline
Model parameters: 2,219,692
BALANCE algorithm:
Balance Config: BALANCEConfig(gamma=2, kappa=1, alpha=0.5, min_neighbors=1)
  - Model dimension: 2,219,692 parameters
  - Complexity: O(N×d) = O(20×2,219,692)
Initial test acc across nodes: mean=0.4978 ± 0.0208
Backdoor attack: Created poisoned datasets for 14 compromised nodes
Round 001: test acc mean=0.5574 ± 0.0688 | min=0.4942 max=0.7092
         : test loss mean=2770.4257 ± 1880.5701
         : individual accs = ['0.702632', '0.508636', '0.494232', '0.535406', '0.525573', '0.514410', '0.521397', '0.624667', '0.562500', '0.709220', '0.625000', '0.520000', '0.522569', '0.506897', '0.517794', '0.521397', '0.688042', '0.508400', '0.522040', '0.517967']
         : correct/total = [(801, 1140), (589, 1158), (557, 1127), (620, 1158), (596, 1134), (589, 1145), (597, 1145), (704, 1127), (639, 1136), (800, 1128), (715, 1144), (585, 1125), (602, 1152), (588, 1160), (582, 1124), (597, 1145), (794, 1154), (575, 1131), (604, 1157), (591, 1141)]
         : compromised: 0.5195, honest: 0.6459
Round 002: test acc mean=0.5467 ± 0.0964 | min=0.4375 max=0.7418
         : test loss mean=489333838.5387 ± 572902711.5804
         : individual accs = ['0.675439', '0.487047', '0.506655', '0.516408', '0.608466', '0.485590', '0.478603', '0.685004', '0.437500', '0.704787', '0.712413', '0.508444', '0.477431', '0.493103', '0.482206', '0.482096', '0.741768', '0.491600', '0.477960', '0.482033']
         : correct/total = [(770, 1140), (564, 1158), (571, 1127), (598, 1158), (690, 1134), (556, 1145), (548, 1145), (772, 1127), (497, 1136), (795, 1128), (815, 1144), (572, 1125), (550, 1152), (572, 1160), (542, 1124), (552, 1145), (856, 1154), (556, 1131), (553, 1157), (550, 1141)]
         : compromised: 0.4862, honest: 0.6880
Round 003: test acc mean=0.5797 ± 0.1138 | min=0.4375 max=0.7981
         : test loss mean=nan ± nan
         : individual accs = ['0.753509', '0.508636', '0.493345', '0.528497', '0.706349', '0.514410', '0.521397', '0.712511', '0.437500', '0.761525', '0.763112', '0.498667', '0.522569', '0.506897', '0.517794', '0.517031', '0.798094', '0.491600', '0.522040', '0.517967']
         : correct/total = [(859, 1140), (589, 1158), (556, 1127), (612, 1158), (801, 1134), (589, 1145), (597, 1145), (803, 1127), (497, 1136), (859, 1128), (873, 1144), (561, 1125), (602, 1152), (588, 1160), (582, 1124), (592, 1145), (921, 1154), (556, 1131), (604, 1157), (591, 1141)]
         : compromised: 0.5070, honest: 0.7492
Round 004: test acc mean=0.6065 ± 0.1375 | min=0.4933 max=0.8427
         : test loss mean=nan ± nan
         : individual accs = ['0.825439', '0.508636', '0.493345', '0.528497', '0.806878', '0.514410', '0.521397', '0.798580', '0.562500', '0.824468', '0.842657', '0.498667', '0.522569', '0.506897', '0.517794', '0.517031', '0.792028', '0.508400', '0.522040', '0.517967']
         : correct/total = [(941, 1140), (589, 1158), (556, 1127), (612, 1158), (915, 1134), (589, 1145), (597, 1145), (900, 1127), (639, 1136), (930, 1128), (964, 1144), (561, 1125), (602, 1152), (588, 1160), (582, 1124), (592, 1145), (914, 1154), (575, 1131), (604, 1157), (591, 1141)]
         : compromised: 0.5172, honest: 0.8150
Round 005: test acc mean=0.6190 ± 0.1563 | min=0.4933 max=0.8778
         : test loss mean=nan ± nan
         : individual accs = ['0.840351', '0.508636', '0.493345', '0.528497', '0.841270', '0.514410', '0.521397', '0.854481', '0.562500', '0.867021', '0.858392', '0.498667', '0.522569', '0.506897', '0.517794', '0.517031', '0.877816', '0.508400', '0.522040', '0.517967']
         : correct/total = [(958, 1140), (589, 1158), (556, 1127), (612, 1158), (954, 1134), (589, 1145), (597, 1145), (963, 1127), (639, 1136), (978, 1128), (982, 1144), (561, 1125), (602, 1152), (588, 1160), (582, 1124), (592, 1145), (1013, 1154), (575, 1131), (604, 1157), (591, 1141)]
         : compromised: 0.5172, honest: 0.8566
Round 006: test acc mean=0.6246 ± 0.1648 | min=0.4933 max=0.8839
         : test loss mean=nan ± nan
         : individual accs = ['0.876316', '0.508636', '0.493345', '0.528497', '0.863316', '0.514410', '0.521397', '0.866016', '0.562500', '0.880319', '0.882867', '0.498667', '0.522569', '0.506897', '0.517794', '0.517031', '0.883882', '0.508400', '0.522040', '0.517967']
         : correct/total = [(999, 1140), (589, 1158), (556, 1127), (612, 1158), (979, 1134), (589, 1145), (597, 1145), (976, 1127), (639, 1136), (993, 1128), (1010, 1144), (561, 1125), (602, 1152), (588, 1160), (582, 1124), (592, 1145), (1020, 1154), (575, 1131), (604, 1157), (591, 1141)]
         : compromised: 0.5172, honest: 0.8755
Round 007: test acc mean=0.6287 ± 0.1708 | min=0.4933 max=0.8954
         : test loss mean=nan ± nan
         : individual accs = ['0.885965', '0.508636', '0.493345', '0.528497', '0.885362', '0.514410', '0.521397', '0.888199', '0.562500', '0.895390', '0.888986', '0.498667', '0.522569', '0.506897', '0.517794', '0.517031', '0.889081', '0.508400', '0.522040', '0.517967']
         : correct/total = [(1010, 1140), (589, 1158), (556, 1127), (612, 1158), (1004, 1134), (589, 1145), (597, 1145), (1001, 1127), (639, 1136), (1010, 1128), (1017, 1144), (561, 1125), (602, 1152), (588, 1160), (582, 1124), (592, 1145), (1026, 1154), (575, 1131), (604, 1157), (591, 1141)]
         : compromised: 0.5172, honest: 0.8888
Round 008: test acc mean=0.6300 ± 0.1729 | min=0.4933 max=0.8991
         : test loss mean=nan ± nan
         : individual accs = ['0.899123', '0.508636', '0.493345', '0.528497', '0.890653', '0.514410', '0.521397', '0.895297', '0.562500', '0.892730', '0.888986', '0.498667', '0.522569', '0.506897', '0.517794', '0.517031', '0.893414', '0.508400', '0.522040', '0.517967']
         : correct/total = [(1025, 1140), (589, 1158), (556, 1127), (612, 1158), (1010, 1134), (589, 1145), (597, 1145), (1009, 1127), (639, 1136), (1007, 1128), (1017, 1144), (561, 1125), (602, 1152), (588, 1160), (582, 1124), (592, 1145), (1031, 1154), (575, 1131), (604, 1157), (591, 1141)]
         : compromised: 0.5172, honest: 0.8934
Round 009: test acc mean=0.6312 ± 0.1747 | min=0.4933 max=0.9033
         : test loss mean=nan ± nan
         : individual accs = ['0.900000', '0.508636', '0.493345', '0.528497', '0.897707', '0.514410', '0.521397', '0.903283', '0.562500', '0.890071', '0.893357', '0.498667', '0.522569', '0.506897', '0.517794', '0.517031', '0.898614', '0.508400', '0.522040', '0.517967']
         : correct/total = [(1026, 1140), (589, 1158), (556, 1127), (612, 1158), (1018, 1134), (589, 1145), (597, 1145), (1018, 1127), (639, 1136), (1004, 1128), (1022, 1144), (561, 1125), (602, 1152), (588, 1160), (582, 1124), (592, 1145), (1037, 1154), (575, 1131), (604, 1157), (591, 1141)]
         : compromised: 0.5172, honest: 0.8972
Round 010: test acc mean=0.6318 ± 0.1756 | min=0.4933 max=0.9024
         : test loss mean=nan ± nan
         : individual accs = ['0.900877', '0.508636', '0.493345', '0.528497', '0.898589', '0.514410', '0.521397', '0.902396', '0.562500', '0.900709', '0.895105', '0.498667', '0.522569', '0.506897', '0.517794', '0.517031', '0.897747', '0.508400', '0.522040', '0.517967']
         : correct/total = [(1027, 1140), (589, 1158), (556, 1127), (612, 1158), (1019, 1134), (589, 1145), (597, 1145), (1017, 1127), (639, 1136), (1016, 1128), (1024, 1144), (561, 1125), (602, 1152), (588, 1160), (582, 1124), (592, 1145), (1036, 1154), (575, 1131), (604, 1157), (591, 1141)]
         : compromised: 0.5172, honest: 0.8992

=== FINAL RESULTS ===
Dataset: celeba, Nodes: 20, Graph: erdos, Aggregation: balance
Attack: backdoor, 70.0% compromised
Final accuracy - Compromised: 0.5172, Honest: 0.8992
Overall test accuracy: mean=0.6318 ± 0.1756

=== BACKDOOR ATTACK SUCCESS RATE (ASR) ===
Target label: 0
Trigger size: 8x8
Overall ASR: 0.8623 ± 0.2107
Honest nodes ASR: 0.5410 ± 0.0226
Compromised nodes ASR: 1.0000 ± 0.0000
Note: Higher ASR indicates more successful backdoor attack

=== BALANCE SUMMARY ===
Node 0: acceptance=0.333
Node 1: acceptance=0.140
Node 2: acceptance=0.138
Node 3: acceptance=0.143
Node 4: acceptance=0.333
Node 5: acceptance=0.120
Node 6: acceptance=0.125
Node 7: acceptance=0.273
Node 8: acceptance=0.214
Node 9: acceptance=0.364
Node 10: acceptance=0.250
Node 11: acceptance=0.125
Node 12: acceptance=0.133
Node 13: acceptance=0.211
Node 14: acceptance=0.129
Node 15: acceptance=0.133
Node 16: acceptance=0.286
Node 17: acceptance=0.250
Node 18: acceptance=0.125
Node 19: acceptance=0.120

=== PARALLEL EXECUTION TIME (realistic for distributed system) ===
  COMMUNICATION (max across nodes):
    - Full model transfer: 0.000s (0.0%)
  COMPUTATION (max across nodes):
    - Filtering: 0.037s (79.1%)
    - Aggregation: 0.010s (20.9%)
  TOTALS:
    - Total computation: 0.047s (100.0%)
    - Total communication: 0.000s (0.0%)
    - Total parallel time: 0.047s

=== PER-NODE AVERAGE TIME ===
  - Filtering: 0.027s
  - Aggregation: 0.004s
  - Model transfer: 0.000s
  - Total per node: 0.030s

=== TOTAL COMPUTATIONAL WORK (sum across all nodes) ===
  - Total filtering: 0.536s
  - Total aggregation: 0.073s
  - Total model transfer: 0.000s
  - Grand total: 0.609s
  - Mean acceptance rate: 0.197

BALANCE Algorithm Properties:
  - Model dimension: 2,219,692
  - No compression: Full parameter comparison
  - Theoretical complexity: O(deg(i)×d)
  - Approach: Full parameter filtering + averaging
