Device: cuda
Seed: 987654321
Looking for images in: /home/student.unimelb.edu.au/mrangwala/Projects/Sketchguard/leaf/data/celeba/data/raw/img_align_celeba
Loading 1 LEAF CelebA train files...
LEAF CelebA train: 9343 users (celebrities), 177457 samples
Looking for images in: /home/student.unimelb.edu.au/mrangwala/Projects/Sketchguard/leaf/data/celeba/data/raw/img_align_celeba
Loading 1 LEAF CelebA test files...
LEAF CelebA test: 9343 users (celebrities), 22831 samples
Found 9343 train users, 9343 test users, 9343 common users
User sample counts range: 31 (max) to 4 (min)
Distributed ALL 9343 users across 20 clients
Users per client: 467 (with 3 clients getting +1 user)
Train partition sizes: [8843, 8998, 8728, 9034, 8866, 8946, 8873, 8776, 8816, 8801, 8913, 8656, 9115, 8921, 8699, 8823, 8912, 8766, 9102, 8869]
Test partition sizes: [1140, 1158, 1127, 1158, 1134, 1145, 1145, 1127, 1136, 1128, 1144, 1125, 1152, 1160, 1124, 1145, 1154, 1131, 1157, 1141]
  Client 0: 8843 train samples, 2 unique classes
  Client 1: 8998 train samples, 2 unique classes
  Client 2: 8728 train samples, 2 unique classes
  Client 3: 9034 train samples, 2 unique classes
  Client 4: 8866 train samples, 2 unique classes
  Client 5: 8946 train samples, 2 unique classes
  Client 6: 8873 train samples, 2 unique classes
  Client 7: 8776 train samples, 2 unique classes
  Client 8: 8816 train samples, 2 unique classes
  Client 9: 8801 train samples, 2 unique classes
  Client 10: 8913 train samples, 2 unique classes
  Client 11: 8656 train samples, 2 unique classes
  Client 12: 9115 train samples, 2 unique classes
  Client 13: 8921 train samples, 2 unique classes
  Client 14: 8699 train samples, 2 unique classes
  Client 15: 8823 train samples, 2 unique classes
  Client 16: 8912 train samples, 2 unique classes
  Client 17: 8766 train samples, 2 unique classes
  Client 18: 9102 train samples, 2 unique classes
  Client 19: 8869 train samples, 2 unique classes
Will sample 4500 samples per client per epoch
Graph: fully, nodes: 20, edges: 190
Degree statistics: avg=19.00, min=19, max=19
Attack: Compromised 2/20 nodes: [5, 13]
Attack type: krum, lambda: 1.0
Model variant: baseline
Model parameters: 2,219,692
Sketchguard Node 0:
  Model dim: 2,219,692 → Sketch size: 350
  Compression ratio: 6342.0x
  Using model parameters for aggregation, sketches for filtering
Sketchguard Node 1:
  Model dim: 2,219,692 → Sketch size: 350
  Compression ratio: 6342.0x
  Using model parameters for aggregation, sketches for filtering
Sketchguard Node 2:
  Model dim: 2,219,692 → Sketch size: 350
  Compression ratio: 6342.0x
  Using model parameters for aggregation, sketches for filtering
Sketchguard Node 3:
  Model dim: 2,219,692 → Sketch size: 350
  Compression ratio: 6342.0x
  Using model parameters for aggregation, sketches for filtering
Sketchguard Node 4:
  Model dim: 2,219,692 → Sketch size: 350
  Compression ratio: 6342.0x
  Using model parameters for aggregation, sketches for filtering
Sketchguard Node 5:
  Model dim: 2,219,692 → Sketch size: 350
  Compression ratio: 6342.0x
  Using model parameters for aggregation, sketches for filtering
Sketchguard Node 6:
  Model dim: 2,219,692 → Sketch size: 350
  Compression ratio: 6342.0x
  Using model parameters for aggregation, sketches for filtering
Sketchguard Node 7:
  Model dim: 2,219,692 → Sketch size: 350
  Compression ratio: 6342.0x
  Using model parameters for aggregation, sketches for filtering
Sketchguard Node 8:
  Model dim: 2,219,692 → Sketch size: 350
  Compression ratio: 6342.0x
  Using model parameters for aggregation, sketches for filtering
Sketchguard Node 9:
  Model dim: 2,219,692 → Sketch size: 350
  Compression ratio: 6342.0x
  Using model parameters for aggregation, sketches for filtering
Sketchguard Node 10:
  Model dim: 2,219,692 → Sketch size: 350
  Compression ratio: 6342.0x
  Using model parameters for aggregation, sketches for filtering
Sketchguard Node 11:
  Model dim: 2,219,692 → Sketch size: 350
  Compression ratio: 6342.0x
  Using model parameters for aggregation, sketches for filtering
Sketchguard Node 12:
  Model dim: 2,219,692 → Sketch size: 350
  Compression ratio: 6342.0x
  Using model parameters for aggregation, sketches for filtering
Sketchguard Node 13:
  Model dim: 2,219,692 → Sketch size: 350
  Compression ratio: 6342.0x
  Using model parameters for aggregation, sketches for filtering
Sketchguard Node 14:
  Model dim: 2,219,692 → Sketch size: 350
  Compression ratio: 6342.0x
  Using model parameters for aggregation, sketches for filtering
Sketchguard Node 15:
  Model dim: 2,219,692 → Sketch size: 350
  Compression ratio: 6342.0x
  Using model parameters for aggregation, sketches for filtering
Sketchguard Node 16:
  Model dim: 2,219,692 → Sketch size: 350
  Compression ratio: 6342.0x
  Using model parameters for aggregation, sketches for filtering
Sketchguard Node 17:
  Model dim: 2,219,692 → Sketch size: 350
  Compression ratio: 6342.0x
  Using model parameters for aggregation, sketches for filtering
Sketchguard Node 18:
  Model dim: 2,219,692 → Sketch size: 350
  Compression ratio: 6342.0x
  Using model parameters for aggregation, sketches for filtering
Sketchguard Node 19:
  Model dim: 2,219,692 → Sketch size: 350
  Compression ratio: 6342.0x
  Using model parameters for aggregation, sketches for filtering
Sketchguard ALGORITHM (Sketch-based Filtering + State Aggregation)
  - Model dimension: 2,219,692 parameters
  - Config: SketchguardConfig(gamma=2, kappa=1, alpha=0.5, min_neighbors=1, sketch_size=350, network_seed=987654321, attack_detection_window=5)
  - Sketch size: 350
  - Compression ratio: 6342.0x
  - Complexity: O(d + N×k) = O(2,219,692 + 20×350)
  - Theoretical speedup vs BALANCE: 19.9x
Initial test acc across nodes: mean=0.4978 ± 0.0208
Round 001: test acc mean=0.6946 ± 0.0331 | min=0.5970 max=0.7324
         : test loss mean=0.6807 ± 0.0034
         : individual accs = ['0.712281', '0.666667', '0.658385', '0.702073', '0.597002', '0.716157', '0.710917', '0.640639', '0.732394', '0.721631', '0.692308', '0.718222', '0.717014', '0.712931', '0.675267', '0.700437', '0.716638', '0.705570', '0.726880', '0.669588']
         : correct/total = [(812, 1140), (772, 1158), (742, 1127), (813, 1158), (677, 1134), (820, 1145), (814, 1145), (722, 1127), (832, 1136), (814, 1128), (792, 1144), (808, 1125), (826, 1152), (827, 1160), (759, 1124), (802, 1145), (827, 1154), (798, 1131), (841, 1157), (764, 1141)]
         : compromised: 0.7145, honest: 0.6924
         : sketchguard stats = ['Node 0: acc_rate=0.895', 'Node 1: acc_rate=0.895', 'Node 2: acc_rate=0.895']...
Round 002: test acc mean=0.6489 ± 0.0488 | min=0.5229 max=0.7170
         : test loss mean=0.6790 ± 0.0049
         : individual accs = ['0.657895', '0.651123', '0.677019', '0.658895', '0.522928', '0.536245', '0.659389', '0.653949', '0.665493', '0.645390', '0.694056', '0.656889', '0.717014', '0.645690', '0.572064', '0.664629', '0.686308', '0.636605', '0.686258', '0.690622']
         : correct/total = [(750, 1140), (754, 1158), (763, 1127), (763, 1158), (593, 1134), (614, 1145), (755, 1145), (737, 1127), (756, 1136), (728, 1128), (794, 1144), (739, 1125), (826, 1152), (749, 1160), (643, 1124), (761, 1145), (792, 1154), (720, 1131), (794, 1157), (788, 1141)]
         : compromised: 0.5910, honest: 0.6554
         : sketchguard stats = ['Node 0: acc_rate=0.895', 'Node 1: acc_rate=0.895', 'Node 2: acc_rate=0.895']...
Round 003: test acc mean=0.6278 ± 0.0522 | min=0.5187 max=0.6901
         : test loss mean=0.6701 ± 0.0077
         : individual accs = ['0.594737', '0.653713', '0.664596', '0.658895', '0.522046', '0.533624', '0.593013', '0.602484', '0.690141', '0.669326', '0.628497', '0.654222', '0.662326', '0.668966', '0.518683', '0.633188', '0.681976', '0.592396', '0.675886', '0.657318']
         : correct/total = [(678, 1140), (757, 1158), (749, 1127), (763, 1158), (592, 1134), (611, 1145), (679, 1145), (679, 1127), (784, 1136), (755, 1128), (719, 1144), (736, 1125), (763, 1152), (776, 1160), (583, 1124), (725, 1145), (787, 1154), (670, 1131), (782, 1157), (750, 1141)]
         : compromised: 0.6013, honest: 0.6307
         : sketchguard stats = ['Node 0: acc_rate=0.895', 'Node 1: acc_rate=0.895', 'Node 2: acc_rate=0.895']...
Round 004: test acc mean=0.6750 ± 0.0325 | min=0.6050 max=0.7227
         : test loss mean=0.6356 ± 0.0110
         : individual accs = ['0.675439', '0.683074', '0.674357', '0.698618', '0.636684', '0.630568', '0.655022', '0.641526', '0.700704', '0.689716', '0.708042', '0.722667', '0.707465', '0.699138', '0.604982', '0.634934', '0.713172', '0.677277', '0.702679', '0.644172']
         : correct/total = [(770, 1140), (791, 1158), (760, 1127), (809, 1158), (722, 1134), (722, 1145), (750, 1145), (723, 1127), (796, 1136), (778, 1128), (810, 1144), (813, 1125), (815, 1152), (811, 1160), (680, 1124), (727, 1145), (823, 1154), (766, 1131), (813, 1157), (735, 1141)]
         : compromised: 0.6649, honest: 0.6761
         : sketchguard stats = ['Node 0: acc_rate=0.895', 'Node 1: acc_rate=0.895', 'Node 2: acc_rate=0.895']...
Round 005: test acc mean=0.7420 ± 0.0158 | min=0.7072 max=0.7649
         : test loss mean=0.5578 ± 0.0141
         : individual accs = ['0.719298', '0.757340', '0.707187', '0.742660', '0.726631', '0.764192', '0.760699', '0.732919', '0.735035', '0.749113', '0.764860', '0.757333', '0.730035', '0.741379', '0.732206', '0.748472', '0.741768', '0.756852', '0.720830', '0.750219']
         : correct/total = [(820, 1140), (877, 1158), (797, 1127), (860, 1158), (824, 1134), (875, 1145), (871, 1145), (826, 1127), (835, 1136), (845, 1128), (875, 1144), (852, 1125), (841, 1152), (860, 1160), (823, 1124), (857, 1145), (856, 1154), (856, 1131), (834, 1157), (856, 1141)]
         : compromised: 0.7528, honest: 0.7407
         : sketchguard stats = ['Node 0: acc_rate=0.895', 'Node 1: acc_rate=0.895', 'Node 2: acc_rate=0.895']...
Round 006: test acc mean=0.7796 ± 0.0161 | min=0.7524 max=0.8156
         : test loss mean=0.4781 ± 0.0158
         : individual accs = ['0.753509', '0.799655', '0.788820', '0.781520', '0.781305', '0.798253', '0.783406', '0.758651', '0.786092', '0.789894', '0.815559', '0.798222', '0.785590', '0.764655', '0.769573', '0.769432', '0.772964', '0.752431', '0.768366', '0.774759']
         : correct/total = [(859, 1140), (926, 1158), (889, 1127), (905, 1158), (886, 1134), (914, 1145), (897, 1145), (855, 1127), (893, 1136), (891, 1128), (933, 1144), (898, 1125), (905, 1152), (887, 1160), (865, 1124), (881, 1145), (892, 1154), (851, 1131), (889, 1157), (884, 1141)]
         : compromised: 0.7815, honest: 0.7794
         : sketchguard stats = ['Node 0: acc_rate=0.895', 'Node 1: acc_rate=0.895', 'Node 2: acc_rate=0.895']...
Round 007: test acc mean=0.8234 ± 0.0144 | min=0.8017 max=0.8454
         : test loss mean=0.4021 ± 0.0169
         : individual accs = ['0.815789', '0.841969', '0.828749', '0.817789', '0.809524', '0.845415', '0.827074', '0.815439', '0.830986', '0.840426', '0.843531', '0.845333', '0.810764', '0.825862', '0.814947', '0.801747', '0.802426', '0.816092', '0.802939', '0.830850']
         : correct/total = [(930, 1140), (975, 1158), (934, 1127), (947, 1158), (918, 1134), (968, 1145), (947, 1145), (919, 1127), (944, 1136), (948, 1128), (965, 1144), (951, 1125), (934, 1152), (958, 1160), (916, 1124), (918, 1145), (926, 1154), (923, 1131), (929, 1157), (948, 1141)]
         : compromised: 0.8356, honest: 0.8220
         : sketchguard stats = ['Node 0: acc_rate=0.895', 'Node 1: acc_rate=0.895', 'Node 2: acc_rate=0.895']...
Round 008: test acc mean=0.8540 ± 0.0126 | min=0.8228 max=0.8720
         : test loss mean=0.3431 ± 0.0132
         : individual accs = ['0.844737', '0.869603', '0.859805', '0.851468', '0.843915', '0.871616', '0.855022', '0.850044', '0.857394', '0.860816', '0.866259', '0.872000', '0.843750', '0.864655', '0.860320', '0.841048', '0.859619', '0.833775', '0.822818', '0.851884']
         : correct/total = [(963, 1140), (1007, 1158), (969, 1127), (986, 1158), (957, 1134), (998, 1145), (979, 1145), (958, 1127), (974, 1136), (971, 1128), (991, 1144), (981, 1125), (972, 1152), (1003, 1160), (967, 1124), (963, 1145), (992, 1154), (943, 1131), (952, 1157), (972, 1141)]
         : compromised: 0.8681, honest: 0.8525
         : sketchguard stats = ['Node 0: acc_rate=0.895', 'Node 1: acc_rate=0.895', 'Node 2: acc_rate=0.895']...
Round 009: test acc mean=0.8683 ± 0.0142 | min=0.8375 max=0.8903
         : test loss mean=0.3111 ± 0.0228
         : individual accs = ['0.870175', '0.890328', '0.848270', '0.873057', '0.855379', '0.882096', '0.879476', '0.874002', '0.866197', '0.877660', '0.885490', '0.882667', '0.864583', '0.868103', '0.867438', '0.845415', '0.870884', '0.847922', '0.837511', '0.879053']
         : correct/total = [(992, 1140), (1031, 1158), (956, 1127), (1011, 1158), (970, 1134), (1010, 1145), (1007, 1145), (985, 1127), (984, 1136), (990, 1128), (1013, 1144), (993, 1125), (996, 1152), (1007, 1160), (975, 1124), (968, 1145), (1005, 1154), (959, 1131), (969, 1157), (1003, 1141)]
         : compromised: 0.8751, honest: 0.8675
         : sketchguard stats = ['Node 0: acc_rate=0.895', 'Node 1: acc_rate=0.895', 'Node 2: acc_rate=0.895']...
Round 010: test acc mean=0.8825 ± 0.0087 | min=0.8591 max=0.8972
         : test loss mean=0.2860 ± 0.0157
         : individual accs = ['0.879825', '0.887737', '0.876664', '0.886874', '0.873898', '0.889956', '0.883843', '0.883762', '0.886444', '0.897163', '0.888112', '0.886222', '0.884549', '0.890517', '0.889680', '0.868996', '0.883882', '0.870027', '0.859118', '0.882559']
         : correct/total = [(1003, 1140), (1028, 1158), (988, 1127), (1027, 1158), (991, 1134), (1019, 1145), (1012, 1145), (996, 1127), (1007, 1136), (1012, 1128), (1016, 1144), (997, 1125), (1019, 1152), (1033, 1160), (1000, 1124), (995, 1145), (1020, 1154), (984, 1131), (994, 1157), (1007, 1141)]
         : compromised: 0.8902, honest: 0.8816
         : sketchguard stats = ['Node 0: acc_rate=0.895', 'Node 1: acc_rate=0.895', 'Node 2: acc_rate=0.895']...

=== FINAL RESULTS ===
Dataset: celeba, Nodes: 20, Graph: fully, Aggregation: sketchguard
Attack: krum, 10.0% compromised
Final accuracy - Compromised: 0.8902, Honest: 0.8816
Overall test accuracy: mean=0.8825 ± 0.0087

=== Sketchguard SUMMARY ===
Node 0: acceptance=0.895
Node 1: acceptance=0.895
Node 2: acceptance=0.895
Node 3: acceptance=0.895
Node 4: acceptance=0.895
Node 5: acceptance=0.947
Node 6: acceptance=0.895
Node 7: acceptance=0.895
Node 8: acceptance=0.895
Node 9: acceptance=0.895
Node 10: acceptance=0.895
Node 11: acceptance=0.895
Node 12: acceptance=0.895
Node 13: acceptance=0.947
Node 14: acceptance=0.895
Node 15: acceptance=0.895
Node 16: acceptance=0.895
Node 17: acceptance=0.895
Node 18: acceptance=0.895
Node 19: acceptance=0.895

=== PARALLEL EXECUTION TIME (realistic for distributed system) ===
  COMMUNICATION (max across nodes):
    - Sketch transfer: 0.000s (0.0%)
    - Model fetch (accepted): 0.000s (0.0%)
  COMPUTATION (max across nodes):
    - Sketching: 1.462s (97.9%)
    - Filtering: 0.001s (0.1%)
    - Aggregation: 0.030s (2.0%)
  TOTALS:
    - Total computation: 1.493s (100.0%)
    - Total communication: 0.000s (0.0%)
    - Total parallel time: 1.493s

=== PER-NODE AVERAGE TIME ===
  - Sketching: 1.315s
  - Filtering: 0.001s
  - Aggregation: 0.020s
  - Sketch transfer: 0.000s
  - Model fetch: 0.000s
  - Total per node: 1.336s

=== TOTAL COMPUTATIONAL WORK (sum across all nodes) ===
  - Total sketching: 26.300s
  - Total filtering: 0.019s
  - Total aggregation: 0.391s
  - Total sketch transfer: 0.000s
  - Total model fetch: 0.000s
  - Grand total: 26.710s
  - Mean acceptance rate: 0.900

Sketchguard Algorithm Properties:
  - Original dimension: 2,219,692
  - Sketch size: 350
  - Compression ratio: 19.9x
  - Single repetition: No repetitions needed
  - Theoretical complexity: O(d + N×k)
  - Approach: Sketch filtering + state aggregation
