Device: cuda
Seed: 987654321
Loading 36 LEAF FEMNIST train files...
LEAF FEMNIST train: 3597 users, 734463 samples
Loading 36 LEAF FEMNIST test files...
LEAF FEMNIST test: 3597 users, 83388 samples
Found 3597 train users, 3597 test users, 3597 common users
User sample counts range: 525 (max) to 17 (min)
Distributed ALL 3597 users across 20 clients
Users per client: 179 (with 17 clients getting +1 user)
Train partition sizes: [36360, 37070, 35957, 38262, 36024, 37732, 36921, 38328, 36867, 37683, 36507, 36915, 36007, 37001, 35681, 35453, 36585, 36801, 35964, 36345]
Test partition sizes: [4128, 4203, 4081, 4333, 4091, 4287, 4193, 4349, 4191, 4277, 4143, 4193, 4093, 4197, 4052, 4029, 4153, 4183, 4084, 4128]
  Client 0: 36360 train samples, 62 unique classes
  Client 1: 37070 train samples, 62 unique classes
  Client 2: 35957 train samples, 62 unique classes
  Client 3: 38262 train samples, 62 unique classes
  Client 4: 36024 train samples, 62 unique classes
  Client 5: 37732 train samples, 62 unique classes
  Client 6: 36921 train samples, 62 unique classes
  Client 7: 38328 train samples, 62 unique classes
  Client 8: 36867 train samples, 62 unique classes
  Client 9: 37683 train samples, 62 unique classes
  Client 10: 36507 train samples, 62 unique classes
  Client 11: 36915 train samples, 62 unique classes
  Client 12: 36007 train samples, 62 unique classes
  Client 13: 37001 train samples, 62 unique classes
  Client 14: 35681 train samples, 62 unique classes
  Client 15: 35453 train samples, 62 unique classes
  Client 16: 36585 train samples, 62 unique classes
  Client 17: 36801 train samples, 62 unique classes
  Client 18: 35964 train samples, 62 unique classes
  Client 19: 36345 train samples, 62 unique classes
Will sample 10000 samples per client per epoch
Graph: erdos, nodes: 20, edges: 48
Degree statistics: avg=4.80, min=2, max=7
Attack: Compromised 8/20 nodes: [1, 5, 11, 12, 13, 14, 17, 18]
Attack type: gaussian, lambda: 1.0
Model variant: baseline
Model parameters: 6,603,710
Initial test acc across nodes: mean=0.0162 ± 0.0138
Round 001: test acc mean=0.1101 ± 0.1948 | min=0.0032 max=0.5727
         : test loss mean=75554511.7709 ± 64962449.1023
         : individual accs = ['0.542878', '0.572686', '0.004411', '0.003231', '0.015155', '0.003965', '0.003339', '0.014946', '0.050823', '0.026654', '0.009896', '0.013117', '0.047887', '0.045509', '0.005923', '0.556962', '0.020708', '0.005977', '0.013957', '0.243459']
         : correct/total = [(2241, 4128), (2407, 4203), (18, 4081), (14, 4333), (62, 4091), (17, 4287), (14, 4193), (65, 4349), (213, 4191), (114, 4277), (41, 4143), (55, 4193), (196, 4093), (191, 4197), (24, 4052), (2244, 4029), (86, 4153), (25, 4183), (57, 4084), (1005, 4128)]
         : compromised: 0.0886, honest: 0.1244
Round 002: test acc mean=0.1169 ± 0.2067 | min=0.0348 max=0.7550
         : test loss mean=nan ± nan
         : individual accs = ['0.718266', '0.048775', '0.049743', '0.042234', '0.053043', '0.048519', '0.044360', '0.049897', '0.051062', '0.043255', '0.048033', '0.048891', '0.045688', '0.034787', '0.054788', '0.755026', '0.042861', '0.049247', '0.054358', '0.054990']
         : correct/total = [(2965, 4128), (205, 4203), (203, 4081), (183, 4333), (217, 4091), (208, 4287), (186, 4193), (217, 4349), (214, 4191), (185, 4277), (199, 4143), (205, 4193), (187, 4093), (146, 4197), (222, 4052), (3042, 4029), (178, 4153), (206, 4183), (222, 4084), (227, 4128)]
         : compromised: 0.0481, honest: 0.1627
Round 003: test acc mean=0.1198 ± 0.2210 | min=0.0067 max=0.7878
         : test loss mean=nan ± nan
         : individual accs = ['0.776647', '0.006662', '0.049743', '0.042234', '0.045710', '0.052484', '0.044360', '0.049897', '0.051062', '0.043488', '0.048033', '0.048891', '0.047398', '0.045509', '0.054788', '0.787789', '0.042861', '0.049247', '0.054358', '0.054990']
         : correct/total = [(3206, 4128), (28, 4203), (203, 4081), (183, 4333), (187, 4091), (225, 4287), (186, 4193), (217, 4349), (214, 4191), (186, 4277), (199, 4143), (205, 4193), (194, 4093), (191, 4197), (222, 4052), (3174, 4029), (178, 4153), (206, 4183), (222, 4084), (227, 4128)]
         : compromised: 0.0449, honest: 0.1697
Round 004: test acc mean=0.1230 ± 0.2280 | min=0.0095 max=0.8148
         : test loss mean=nan ± nan
         : individual accs = ['0.797723', '0.009517', '0.049743', '0.042234', '0.045710', '0.052484', '0.052707', '0.049897', '0.051062', '0.043488', '0.048033', '0.048891', '0.047398', '0.045509', '0.054788', '0.814842', '0.047436', '0.049247', '0.054358', '0.054990']
         : correct/total = [(3293, 4128), (40, 4203), (203, 4081), (183, 4333), (187, 4091), (225, 4287), (221, 4193), (217, 4349), (214, 4191), (186, 4277), (199, 4143), (205, 4193), (194, 4093), (191, 4197), (222, 4052), (3283, 4029), (197, 4153), (206, 4183), (222, 4084), (227, 4128)]
         : compromised: 0.0453, honest: 0.1748
Round 005: test acc mean=0.1259 ± 0.2291 | min=0.0438 max=0.8142
         : test loss mean=nan ± nan
         : individual accs = ['0.814196', '0.050202', '0.049743', '0.043850', '0.045710', '0.052484', '0.044360', '0.049897', '0.051062', '0.050035', '0.048033', '0.048891', '0.047398', '0.049083', '0.054788', '0.812360', '0.047436', '0.049247', '0.054358', '0.054990']
         : correct/total = [(3361, 4128), (211, 4203), (203, 4081), (190, 4333), (187, 4091), (225, 4287), (186, 4193), (217, 4349), (214, 4191), (214, 4277), (199, 4143), (205, 4193), (194, 4093), (206, 4197), (222, 4052), (3273, 4029), (197, 4153), (206, 4183), (222, 4084), (227, 4128)]
         : compromised: 0.0508, honest: 0.1760
Round 006: test acc mean=0.1262 ± 0.2303 | min=0.0422 max=0.8228
         : test loss mean=nan ± nan
         : individual accs = ['0.811531', '0.048775', '0.049743', '0.042234', '0.045710', '0.052484', '0.052707', '0.049897', '0.051062', '0.043488', '0.048033', '0.048891', '0.047398', '0.049083', '0.054788', '0.822785', '0.047436', '0.049247', '0.054358', '0.054990']
         : correct/total = [(3350, 4128), (205, 4203), (203, 4081), (183, 4333), (187, 4091), (225, 4287), (221, 4193), (217, 4349), (214, 4191), (186, 4277), (199, 4143), (205, 4193), (194, 4093), (206, 4197), (222, 4052), (3315, 4029), (197, 4153), (206, 4183), (222, 4084), (227, 4128)]
         : compromised: 0.0506, honest: 0.1766
Round 007: test acc mean=0.1263 ± 0.2350 | min=0.0145 max=0.8349
         : test loss mean=nan ± nan
         : individual accs = ['0.826550', '0.014513', '0.049743', '0.043850', '0.045710', '0.052484', '0.052707', '0.049897', '0.051062', '0.050035', '0.048033', '0.048891', '0.047398', '0.049083', '0.054788', '0.834947', '0.047436', '0.049247', '0.054358', '0.054990']
         : correct/total = [(3412, 4128), (61, 4203), (203, 4081), (190, 4333), (187, 4091), (225, 4287), (221, 4193), (217, 4349), (214, 4191), (214, 4277), (199, 4143), (205, 4193), (194, 4093), (206, 4197), (222, 4052), (3364, 4029), (197, 4153), (206, 4183), (222, 4084), (227, 4128)]
         : compromised: 0.0463, honest: 0.1796
Round 008: test acc mean=0.1280 ± 0.2329 | min=0.0438 max=0.8277
         : test loss mean=nan ± nan
         : individual accs = ['0.825581', '0.056626', '0.049743', '0.043850', '0.045710', '0.052484', '0.052707', '0.049897', '0.051062', '0.050035', '0.048033', '0.048891', '0.047398', '0.049083', '0.054788', '0.827749', '0.047436', '0.049247', '0.054358', '0.054990']
         : correct/total = [(3408, 4128), (238, 4203), (203, 4081), (190, 4333), (187, 4091), (225, 4287), (221, 4193), (217, 4349), (214, 4191), (214, 4277), (199, 4143), (205, 4193), (194, 4093), (206, 4197), (222, 4052), (3335, 4029), (197, 4153), (206, 4183), (222, 4084), (227, 4128)]
         : compromised: 0.0516, honest: 0.1789
Round 009: test acc mean=0.1257 ± 0.2357 | min=0.0079 max=0.8359
         : test loss mean=nan ± nan
         : individual accs = ['0.828488', '0.007852', '0.049743', '0.043850', '0.045710', '0.052484', '0.052707', '0.049897', '0.051062', '0.042787', '0.048033', '0.048891', '0.047398', '0.049083', '0.054788', '0.835939', '0.047436', '0.049247', '0.054358', '0.054990']
         : correct/total = [(3420, 4128), (33, 4203), (203, 4081), (190, 4333), (187, 4091), (225, 4287), (221, 4193), (217, 4349), (214, 4191), (183, 4277), (199, 4143), (205, 4193), (194, 4093), (206, 4197), (222, 4052), (3368, 4029), (197, 4153), (206, 4183), (222, 4084), (227, 4128)]
         : compromised: 0.0455, honest: 0.1792
Round 010: test acc mean=0.1270 ± 0.2379 | min=0.0107 max=0.8454
         : test loss mean=nan ± nan
         : individual accs = ['0.835029', '0.010707', '0.049743', '0.043850', '0.045710', '0.052484', '0.052707', '0.049897', '0.051062', '0.050035', '0.048033', '0.048891', '0.047398', '0.049083', '0.054788', '0.845371', '0.047436', '0.049247', '0.054358', '0.054990']
         : correct/total = [(3447, 4128), (45, 4203), (203, 4081), (190, 4333), (187, 4091), (225, 4287), (221, 4193), (217, 4349), (214, 4191), (214, 4277), (199, 4143), (205, 4193), (194, 4093), (206, 4197), (222, 4052), (3406, 4029), (197, 4153), (206, 4183), (222, 4084), (227, 4128)]
         : compromised: 0.0459, honest: 0.1812

=== FINAL RESULTS ===
Dataset: femnist, Nodes: 20, Graph: erdos, Aggregation: krum
Attack: gaussian, 40.0% compromised
Final accuracy - Compromised: 0.0459, Honest: 0.1812
Overall test accuracy: mean=0.1270 ± 0.2379
