Device: cuda
Seed: 987654321
Loading 36 LEAF FEMNIST train files...
LEAF FEMNIST train: 3597 users, 734463 samples
Loading 36 LEAF FEMNIST test files...
LEAF FEMNIST test: 3597 users, 83388 samples
Found 3597 train users, 3597 test users, 3597 common users
User sample counts range: 525 (max) to 17 (min)
Distributed ALL 3597 users across 20 clients
Users per client: 179 (with 17 clients getting +1 user)
Train partition sizes: [36360, 37070, 35957, 38262, 36024, 37732, 36921, 38328, 36867, 37683, 36507, 36915, 36007, 37001, 35681, 35453, 36585, 36801, 35964, 36345]
Test partition sizes: [4128, 4203, 4081, 4333, 4091, 4287, 4193, 4349, 4191, 4277, 4143, 4193, 4093, 4197, 4052, 4029, 4153, 4183, 4084, 4128]
  Client 0: 36360 train samples, 62 unique classes
  Client 1: 37070 train samples, 62 unique classes
  Client 2: 35957 train samples, 62 unique classes
  Client 3: 38262 train samples, 62 unique classes
  Client 4: 36024 train samples, 62 unique classes
  Client 5: 37732 train samples, 62 unique classes
  Client 6: 36921 train samples, 62 unique classes
  Client 7: 38328 train samples, 62 unique classes
  Client 8: 36867 train samples, 62 unique classes
  Client 9: 37683 train samples, 62 unique classes
  Client 10: 36507 train samples, 62 unique classes
  Client 11: 36915 train samples, 62 unique classes
  Client 12: 36007 train samples, 62 unique classes
  Client 13: 37001 train samples, 62 unique classes
  Client 14: 35681 train samples, 62 unique classes
  Client 15: 35453 train samples, 62 unique classes
  Client 16: 36585 train samples, 62 unique classes
  Client 17: 36801 train samples, 62 unique classes
  Client 18: 35964 train samples, 62 unique classes
  Client 19: 36345 train samples, 62 unique classes
Will sample 10000 samples per client per epoch
Graph: erdos, nodes: 20, edges: 48
Degree statistics: avg=4.80, min=2, max=7
Attack: Compromised 4/20 nodes: [5, 12, 13, 17]
Attack type: gaussian, lambda: 1.0
Model variant: baseline
Model parameters: 6,603,710
Initial test acc across nodes: mean=0.0162 ± 0.0138
Round 001: test acc mean=0.0469 ± 0.0662 | min=0.0024 max=0.2435
         : test loss mean=18887550.6523 ± 22339616.8035
         : individual accs = ['0.012355', '0.053533', '0.081843', '0.003000', '0.004644', '0.002566', '0.003816', '0.010577', '0.149129', '0.173954', '0.006276', '0.004293', '0.045688', '0.010245', '0.012093', '0.002978', '0.037563', '0.002391', '0.077865', '0.243459']
         : correct/total = [(51, 4128), (225, 4203), (334, 4081), (13, 4333), (19, 4091), (11, 4287), (16, 4193), (46, 4349), (625, 4191), (744, 4277), (26, 4143), (18, 4193), (187, 4093), (43, 4197), (49, 4052), (12, 4029), (156, 4153), (10, 4183), (318, 4084), (1005, 4128)]
         : compromised: 0.0152, honest: 0.0548
Round 002: test acc mean=0.0498 ± 0.0029 | min=0.0453 max=0.0550
         : test loss mean=nan ± nan
         : individual accs = ['0.049419', '0.048775', '0.049743', '0.046619', '0.045710', '0.052484', '0.048891', '0.049897', '0.045335', '0.050736', '0.048033', '0.048891', '0.047398', '0.047653', '0.054788', '0.054604', '0.047436', '0.049247', '0.054358', '0.054990']
         : correct/total = [(204, 4128), (205, 4203), (203, 4081), (202, 4333), (187, 4091), (225, 4287), (205, 4193), (217, 4349), (190, 4191), (217, 4277), (199, 4143), (205, 4193), (194, 4093), (200, 4197), (222, 4052), (220, 4029), (197, 4153), (206, 4183), (222, 4084), (227, 4128)]
         : compromised: 0.0492, honest: 0.0499
Round 003: test acc mean=0.0497 ± 0.0033 | min=0.0415 max=0.0550
         : test loss mean=nan ± nan
         : individual accs = ['0.049419', '0.048775', '0.049743', '0.046619', '0.045710', '0.052484', '0.041498', '0.049897', '0.051062', '0.050736', '0.048033', '0.048891', '0.047398', '0.047653', '0.054788', '0.054604', '0.047436', '0.049247', '0.054358', '0.054990']
         : correct/total = [(204, 4128), (205, 4203), (203, 4081), (202, 4333), (187, 4091), (225, 4287), (174, 4193), (217, 4349), (214, 4191), (217, 4277), (199, 4143), (205, 4193), (194, 4093), (200, 4197), (222, 4052), (220, 4029), (197, 4153), (206, 4183), (222, 4084), (227, 4128)]
         : compromised: 0.0492, honest: 0.0498
Round 004: test acc mean=0.0497 ± 0.0033 | min=0.0415 max=0.0550
         : test loss mean=nan ± nan
         : individual accs = ['0.049419', '0.048775', '0.049743', '0.046619', '0.045710', '0.052484', '0.041498', '0.049897', '0.051062', '0.050736', '0.048033', '0.048891', '0.047398', '0.047653', '0.054788', '0.054604', '0.047436', '0.049247', '0.054358', '0.054990']
         : correct/total = [(204, 4128), (205, 4203), (203, 4081), (202, 4333), (187, 4091), (225, 4287), (174, 4193), (217, 4349), (214, 4191), (217, 4277), (199, 4143), (205, 4193), (194, 4093), (200, 4197), (222, 4052), (220, 4029), (197, 4153), (206, 4183), (222, 4084), (227, 4128)]
         : compromised: 0.0492, honest: 0.0498
Round 005: test acc mean=0.0497 ± 0.0033 | min=0.0415 max=0.0550
         : test loss mean=nan ± nan
         : individual accs = ['0.049419', '0.048775', '0.049743', '0.046619', '0.045710', '0.052484', '0.041498', '0.049897', '0.051062', '0.050736', '0.048033', '0.048891', '0.047398', '0.047653', '0.054788', '0.054604', '0.047436', '0.049247', '0.054358', '0.054990']
         : correct/total = [(204, 4128), (205, 4203), (203, 4081), (202, 4333), (187, 4091), (225, 4287), (174, 4193), (217, 4349), (214, 4191), (217, 4277), (199, 4143), (205, 4193), (194, 4093), (200, 4197), (222, 4052), (220, 4029), (197, 4153), (206, 4183), (222, 4084), (227, 4128)]
         : compromised: 0.0492, honest: 0.0498
Round 006: test acc mean=0.0497 ± 0.0033 | min=0.0415 max=0.0550
         : test loss mean=nan ± nan
         : individual accs = ['0.049419', '0.048775', '0.049743', '0.046619', '0.045710', '0.052484', '0.041498', '0.049897', '0.051062', '0.050736', '0.048033', '0.048891', '0.047398', '0.047653', '0.054788', '0.054604', '0.047436', '0.049247', '0.054358', '0.054990']
         : correct/total = [(204, 4128), (205, 4203), (203, 4081), (202, 4333), (187, 4091), (225, 4287), (174, 4193), (217, 4349), (214, 4191), (217, 4277), (199, 4143), (205, 4193), (194, 4093), (200, 4197), (222, 4052), (220, 4029), (197, 4153), (206, 4183), (222, 4084), (227, 4128)]
         : compromised: 0.0492, honest: 0.0498
Round 007: test acc mean=0.0497 ± 0.0033 | min=0.0415 max=0.0550
         : test loss mean=nan ± nan
         : individual accs = ['0.049419', '0.048775', '0.049743', '0.046619', '0.045710', '0.052484', '0.041498', '0.049897', '0.051062', '0.050736', '0.048033', '0.048891', '0.047398', '0.047653', '0.054788', '0.054604', '0.047436', '0.049247', '0.054358', '0.054990']
         : correct/total = [(204, 4128), (205, 4203), (203, 4081), (202, 4333), (187, 4091), (225, 4287), (174, 4193), (217, 4349), (214, 4191), (217, 4277), (199, 4143), (205, 4193), (194, 4093), (200, 4197), (222, 4052), (220, 4029), (197, 4153), (206, 4183), (222, 4084), (227, 4128)]
         : compromised: 0.0492, honest: 0.0498
Round 008: test acc mean=0.0497 ± 0.0033 | min=0.0415 max=0.0550
         : test loss mean=nan ± nan
         : individual accs = ['0.049419', '0.048775', '0.049743', '0.046619', '0.045710', '0.052484', '0.041498', '0.049897', '0.051062', '0.050736', '0.048033', '0.048891', '0.047398', '0.047653', '0.054788', '0.054604', '0.047436', '0.049247', '0.054358', '0.054990']
         : correct/total = [(204, 4128), (205, 4203), (203, 4081), (202, 4333), (187, 4091), (225, 4287), (174, 4193), (217, 4349), (214, 4191), (217, 4277), (199, 4143), (205, 4193), (194, 4093), (200, 4197), (222, 4052), (220, 4029), (197, 4153), (206, 4183), (222, 4084), (227, 4128)]
         : compromised: 0.0492, honest: 0.0498
Round 009: test acc mean=0.0497 ± 0.0033 | min=0.0415 max=0.0550
         : test loss mean=nan ± nan
         : individual accs = ['0.049419', '0.048775', '0.049743', '0.046619', '0.045710', '0.052484', '0.041498', '0.049897', '0.051062', '0.050736', '0.048033', '0.048891', '0.047398', '0.047653', '0.054788', '0.054604', '0.047436', '0.049247', '0.054358', '0.054990']
         : correct/total = [(204, 4128), (205, 4203), (203, 4081), (202, 4333), (187, 4091), (225, 4287), (174, 4193), (217, 4349), (214, 4191), (217, 4277), (199, 4143), (205, 4193), (194, 4093), (200, 4197), (222, 4052), (220, 4029), (197, 4153), (206, 4183), (222, 4084), (227, 4128)]
         : compromised: 0.0492, honest: 0.0498
Round 010: test acc mean=0.0497 ± 0.0033 | min=0.0415 max=0.0550
         : test loss mean=nan ± nan
         : individual accs = ['0.049419', '0.048775', '0.049743', '0.046619', '0.045710', '0.052484', '0.041498', '0.049897', '0.051062', '0.050736', '0.048033', '0.048891', '0.047398', '0.047653', '0.054788', '0.054604', '0.047436', '0.049247', '0.054358', '0.054990']
         : correct/total = [(204, 4128), (205, 4203), (203, 4081), (202, 4333), (187, 4091), (225, 4287), (174, 4193), (217, 4349), (214, 4191), (217, 4277), (199, 4143), (205, 4193), (194, 4093), (200, 4197), (222, 4052), (220, 4029), (197, 4153), (206, 4183), (222, 4084), (227, 4128)]
         : compromised: 0.0492, honest: 0.0498

=== FINAL RESULTS ===
Dataset: femnist, Nodes: 20, Graph: erdos, Aggregation: d-fedavg
Attack: gaussian, 20.0% compromised
Final accuracy - Compromised: 0.0492, Honest: 0.0498
Overall test accuracy: mean=0.0497 ± 0.0033
