Device: cuda
Seed: 987654321
Loading 36 LEAF FEMNIST train files...
LEAF FEMNIST train: 3597 users, 734463 samples
Loading 36 LEAF FEMNIST test files...
LEAF FEMNIST test: 3597 users, 83388 samples
Found 3597 train users, 3597 test users, 3597 common users
User sample counts range: 525 (max) to 17 (min)
Distributed ALL 3597 users across 20 clients
Users per client: 179 (with 17 clients getting +1 user)
Train partition sizes: [36360, 37070, 35957, 38262, 36024, 37732, 36921, 38328, 36867, 37683, 36507, 36915, 36007, 37001, 35681, 35453, 36585, 36801, 35964, 36345]
Test partition sizes: [4128, 4203, 4081, 4333, 4091, 4287, 4193, 4349, 4191, 4277, 4143, 4193, 4093, 4197, 4052, 4029, 4153, 4183, 4084, 4128]
  Client 0: 36360 train samples, 62 unique classes
  Client 1: 37070 train samples, 62 unique classes
  Client 2: 35957 train samples, 62 unique classes
  Client 3: 38262 train samples, 62 unique classes
  Client 4: 36024 train samples, 62 unique classes
  Client 5: 37732 train samples, 62 unique classes
  Client 6: 36921 train samples, 62 unique classes
  Client 7: 38328 train samples, 62 unique classes
  Client 8: 36867 train samples, 62 unique classes
  Client 9: 37683 train samples, 62 unique classes
  Client 10: 36507 train samples, 62 unique classes
  Client 11: 36915 train samples, 62 unique classes
  Client 12: 36007 train samples, 62 unique classes
  Client 13: 37001 train samples, 62 unique classes
  Client 14: 35681 train samples, 62 unique classes
  Client 15: 35453 train samples, 62 unique classes
  Client 16: 36585 train samples, 62 unique classes
  Client 17: 36801 train samples, 62 unique classes
  Client 18: 35964 train samples, 62 unique classes
  Client 19: 36345 train samples, 62 unique classes
Will sample 10000 samples per client per epoch
Graph: ring, nodes: 20, edges: 20
Degree statistics: avg=2.00, min=2, max=2
Attack: Compromised 14/20 nodes: [1, 2, 3, 5, 6, 8, 11, 12, 13, 14, 15, 17, 18, 19]
Attack type: directed_deviation, lambda: 1.0
Model variant: baseline
Model parameters: 6,603,710
Sketchguard Node 0:
  Model dim: 6,603,710 → Sketch size: 1000
  Compression ratio: 6603.7x
  Using model parameters for aggregation, sketches for filtering
Sketchguard Node 1:
  Model dim: 6,603,710 → Sketch size: 1000
  Compression ratio: 6603.7x
  Using model parameters for aggregation, sketches for filtering
Sketchguard Node 2:
  Model dim: 6,603,710 → Sketch size: 1000
  Compression ratio: 6603.7x
  Using model parameters for aggregation, sketches for filtering
Sketchguard Node 3:
  Model dim: 6,603,710 → Sketch size: 1000
  Compression ratio: 6603.7x
  Using model parameters for aggregation, sketches for filtering
Sketchguard Node 4:
  Model dim: 6,603,710 → Sketch size: 1000
  Compression ratio: 6603.7x
  Using model parameters for aggregation, sketches for filtering
Sketchguard Node 5:
  Model dim: 6,603,710 → Sketch size: 1000
  Compression ratio: 6603.7x
  Using model parameters for aggregation, sketches for filtering
Sketchguard Node 6:
  Model dim: 6,603,710 → Sketch size: 1000
  Compression ratio: 6603.7x
  Using model parameters for aggregation, sketches for filtering
Sketchguard Node 7:
  Model dim: 6,603,710 → Sketch size: 1000
  Compression ratio: 6603.7x
  Using model parameters for aggregation, sketches for filtering
Sketchguard Node 8:
  Model dim: 6,603,710 → Sketch size: 1000
  Compression ratio: 6603.7x
  Using model parameters for aggregation, sketches for filtering
Sketchguard Node 9:
  Model dim: 6,603,710 → Sketch size: 1000
  Compression ratio: 6603.7x
  Using model parameters for aggregation, sketches for filtering
Sketchguard Node 10:
  Model dim: 6,603,710 → Sketch size: 1000
  Compression ratio: 6603.7x
  Using model parameters for aggregation, sketches for filtering
Sketchguard Node 11:
  Model dim: 6,603,710 → Sketch size: 1000
  Compression ratio: 6603.7x
  Using model parameters for aggregation, sketches for filtering
Sketchguard Node 12:
  Model dim: 6,603,710 → Sketch size: 1000
  Compression ratio: 6603.7x
  Using model parameters for aggregation, sketches for filtering
Sketchguard Node 13:
  Model dim: 6,603,710 → Sketch size: 1000
  Compression ratio: 6603.7x
  Using model parameters for aggregation, sketches for filtering
Sketchguard Node 14:
  Model dim: 6,603,710 → Sketch size: 1000
  Compression ratio: 6603.7x
  Using model parameters for aggregation, sketches for filtering
Sketchguard Node 15:
  Model dim: 6,603,710 → Sketch size: 1000
  Compression ratio: 6603.7x
  Using model parameters for aggregation, sketches for filtering
Sketchguard Node 16:
  Model dim: 6,603,710 → Sketch size: 1000
  Compression ratio: 6603.7x
  Using model parameters for aggregation, sketches for filtering
Sketchguard Node 17:
  Model dim: 6,603,710 → Sketch size: 1000
  Compression ratio: 6603.7x
  Using model parameters for aggregation, sketches for filtering
Sketchguard Node 18:
  Model dim: 6,603,710 → Sketch size: 1000
  Compression ratio: 6603.7x
  Using model parameters for aggregation, sketches for filtering
Sketchguard Node 19:
  Model dim: 6,603,710 → Sketch size: 1000
  Compression ratio: 6603.7x
  Using model parameters for aggregation, sketches for filtering
Sketchguard ALGORITHM (Sketch-based Filtering + State Aggregation)
  - Model dimension: 6,603,710 parameters
  - Config: SketchguardConfig(gamma=2, kappa=1, alpha=0.5, min_neighbors=1, sketch_size=1000, network_seed=987654321, attack_detection_window=5)
  - Sketch size: 1000
  - Compression ratio: 6603.7x
  - Complexity: O(d + N×k) = O(6,603,710 + 20×1000)
  - Theoretical speedup vs BALANCE: 19.9x
Initial test acc across nodes: mean=0.0168 ± 0.0139
Round 001: test acc mean=0.2473 ± 0.2134 | min=0.0025 max=0.5202
         : test loss mean=7684.6233 ± 9084.6604
         : individual accs = ['0.003391', '0.436117', '0.002450', '0.439418', '0.015889', '0.456030', '0.520153', '0.011497', '0.381293', '0.418518', '0.416606', '0.447651', '0.030540', '0.003336', '0.022211', '0.458675', '0.017818', '0.432943', '0.010284', '0.421512']
         : correct/total = [(14, 4128), (1833, 4203), (10, 4081), (1904, 4333), (65, 4091), (1955, 4287), (2181, 4193), (50, 4349), (1598, 4191), (1790, 4277), (1726, 4143), (1877, 4193), (125, 4093), (14, 4197), (90, 4052), (1848, 4029), (74, 4153), (1811, 4183), (42, 4084), (1740, 4128)]
         : compromised: 0.2902, honest: 0.1473
         : sketchguard stats = ['Node 0: acc_rate=0.000', 'Node 1: acc_rate=0.500', 'Node 2: acc_rate=0.000']...
WARNING: Node 3 rejected model from 2 - sketch verification failed!
WARNING: Node 7 rejected model from 6 - sketch verification failed!
WARNING: Node 13 rejected model from 12 - sketch verification failed!
WARNING: Node 15 rejected model from 14 - sketch verification failed!
Round 002: test acc mean=0.2499 ± 0.3008 | min=0.0451 max=0.7529
         : test loss mean=nan ± nan
         : individual accs = ['0.059593', '0.050916', '0.053418', '0.721209', '0.057932', '0.048752', '0.057000', '0.045068', '0.590790', '0.752864', '0.732561', '0.725018', '0.050574', '0.062426', '0.061204', '0.721023', '0.051047', '0.050920', '0.055583', '0.050145']
         : correct/total = [(246, 4128), (214, 4203), (218, 4081), (3125, 4333), (237, 4091), (209, 4287), (239, 4193), (196, 4349), (2476, 4191), (3220, 4277), (3035, 4143), (3040, 4193), (207, 4093), (262, 4197), (248, 4052), (2905, 4029), (212, 4153), (213, 4183), (227, 4084), (207, 4128)]
         : compromised: 0.2356, honest: 0.2832
         : sketchguard stats = ['Node 0: acc_rate=0.500', 'Node 1: acc_rate=0.250', 'Node 2: acc_rate=0.000']...
WARNING: Node 3 rejected model from 2 - sketch verification failed!
WARNING: Node 7 rejected model from 6 - sketch verification failed!
WARNING: Node 13 rejected model from 12 - sketch verification failed!
WARNING: Node 14 rejected model from 13 - sketch verification failed!
WARNING: Node 15 rejected model from 14 - sketch verification failed!
Round 003: test acc mean=0.2722 ± 0.3363 | min=0.0430 max=0.8080
         : test loss mean=nan ± nan
         : individual accs = ['0.059593', '0.049726', '0.053418', '0.791830', '0.043021', '0.050618', '0.050799', '0.045068', '0.777619', '0.808043', '0.792904', '0.778202', '0.050574', '0.055278', '0.061204', '0.765699', '0.058271', '0.050920', '0.055583', '0.045058']
         : correct/total = [(246, 4128), (209, 4203), (218, 4081), (3431, 4333), (176, 4091), (217, 4287), (213, 4193), (196, 4349), (3259, 4191), (3456, 4277), (3285, 4143), (3263, 4193), (207, 4093), (232, 4197), (248, 4052), (3085, 4029), (242, 4153), (213, 4183), (227, 4084), (186, 4128)]
         : compromised: 0.2598, honest: 0.3011
         : sketchguard stats = ['Node 0: acc_rate=0.667', 'Node 1: acc_rate=0.333', 'Node 2: acc_rate=0.000']...
WARNING: Node 3 rejected model from 2 - sketch verification failed!
WARNING: Node 7 rejected model from 6 - sketch verification failed!
WARNING: Node 13 rejected model from 12 - sketch verification failed!
WARNING: Node 14 rejected model from 13 - sketch verification failed!
WARNING: Node 15 rejected model from 14 - sketch verification failed!
Round 004: test acc mean=0.2746 ± 0.3497 | min=0.0051 max=0.8253
         : test loss mean=nan ± nan
         : individual accs = ['0.005087', '0.050916', '0.053418', '0.805216', '0.045710', '0.050618', '0.050799', '0.045068', '0.803627', '0.825345', '0.807386', '0.809683', '0.048620', '0.045747', '0.045656', '0.799702', '0.049362', '0.050920', '0.048482', '0.050145']
         : correct/total = [(21, 4128), (214, 4203), (218, 4081), (3489, 4333), (187, 4091), (217, 4287), (213, 4193), (196, 4349), (3368, 4191), (3530, 4277), (3345, 4143), (3395, 4193), (199, 4093), (192, 4197), (185, 4052), (3222, 4029), (205, 4153), (213, 4183), (198, 4084), (207, 4128)]
         : compromised: 0.2653, honest: 0.2963
         : sketchguard stats = ['Node 0: acc_rate=0.750', 'Node 1: acc_rate=0.375', 'Node 2: acc_rate=0.000']...
WARNING: Node 3 rejected model from 2 - sketch verification failed!
WARNING: Node 7 rejected model from 6 - sketch verification failed!
WARNING: Node 13 rejected model from 12 - sketch verification failed!
WARNING: Node 14 rejected model from 13 - sketch verification failed!
WARNING: Node 15 rejected model from 14 - sketch verification failed!
Round 005: test acc mean=0.2817 ± 0.3534 | min=0.0438 max=0.8347
         : test loss mean=nan ± nan
         : individual accs = ['0.050145', '0.050202', '0.053418', '0.815832', '0.052066', '0.045253', '0.050799', '0.045068', '0.830828', '0.834697', '0.818730', '0.820892', '0.050574', '0.045747', '0.061204', '0.807645', '0.054418', '0.050920', '0.052155', '0.043847']
         : correct/total = [(207, 4128), (211, 4203), (218, 4081), (3535, 4333), (213, 4091), (194, 4287), (213, 4193), (196, 4349), (3482, 4191), (3570, 4277), (3392, 4143), (3442, 4193), (207, 4093), (192, 4197), (248, 4052), (3254, 4029), (226, 4153), (213, 4183), (213, 4084), (181, 4128)]
         : compromised: 0.2700, honest: 0.3092
         : sketchguard stats = ['Node 0: acc_rate=0.800', 'Node 1: acc_rate=0.400', 'Node 2: acc_rate=0.000']...
WARNING: Node 3 rejected model from 2 - sketch verification failed!
WARNING: Node 7 rejected model from 6 - sketch verification failed!
WARNING: Node 13 rejected model from 12 - sketch verification failed!
WARNING: Node 14 rejected model from 13 - sketch verification failed!
WARNING: Node 15 rejected model from 14 - sketch verification failed!
Round 006: test acc mean=0.2845 ± 0.3563 | min=0.0451 max=0.8398
         : test loss mean=nan ± nan
         : individual accs = ['0.050145', '0.048775', '0.053418', '0.829679', '0.057932', '0.047352', '0.050799', '0.045068', '0.828919', '0.839841', '0.827178', '0.829001', '0.048620', '0.046938', '0.061204', '0.817573', '0.055141', '0.051159', '0.052889', '0.048692']
         : correct/total = [(207, 4128), (205, 4203), (218, 4081), (3595, 4333), (237, 4091), (203, 4287), (213, 4193), (196, 4349), (3474, 4191), (3592, 4277), (3427, 4143), (3476, 4193), (199, 4093), (197, 4197), (248, 4052), (3294, 4029), (229, 4153), (214, 4183), (216, 4084), (201, 4128)]
         : compromised: 0.2725, honest: 0.3126
         : sketchguard stats = ['Node 0: acc_rate=0.833', 'Node 1: acc_rate=0.417', 'Node 2: acc_rate=0.000']...
WARNING: Node 3 rejected model from 2 - sketch verification failed!
WARNING: Node 7 rejected model from 6 - sketch verification failed!
WARNING: Node 13 rejected model from 12 - sketch verification failed!
WARNING: Node 14 rejected model from 13 - sketch verification failed!
WARNING: Node 15 rejected model from 14 - sketch verification failed!
Round 007: test acc mean=0.2858 ± 0.3573 | min=0.0451 max=0.8440
         : test loss mean=nan ± nan
         : individual accs = ['0.050145', '0.047109', '0.053418', '0.836603', '0.057932', '0.057849', '0.050799', '0.045068', '0.836793', '0.844050', '0.828627', '0.828524', '0.050574', '0.045747', '0.061204', '0.814346', '0.058271', '0.050920', '0.048482', '0.050388']
         : correct/total = [(207, 4128), (198, 4203), (218, 4081), (3625, 4333), (237, 4091), (248, 4287), (213, 4193), (196, 4349), (3507, 4191), (3610, 4277), (3433, 4143), (3474, 4193), (207, 4093), (192, 4197), (248, 4052), (3281, 4029), (242, 4153), (213, 4183), (198, 4084), (208, 4128)]
         : compromised: 0.2738, honest: 0.3140
         : sketchguard stats = ['Node 0: acc_rate=0.857', 'Node 1: acc_rate=0.429', 'Node 2: acc_rate=0.000']...
WARNING: Node 3 rejected model from 2 - sketch verification failed!
WARNING: Node 7 rejected model from 6 - sketch verification failed!
WARNING: Node 13 rejected model from 12 - sketch verification failed!
WARNING: Node 14 rejected model from 13 - sketch verification failed!
WARNING: Node 15 rejected model from 14 - sketch verification failed!
Round 008: test acc mean=0.2877 ± 0.3596 | min=0.0451 max=0.8476
         : test loss mean=nan ± nan
         : individual accs = ['0.059593', '0.050916', '0.053418', '0.843988', '0.057932', '0.048519', '0.050799', '0.045068', '0.835123', '0.847557', '0.835385', '0.839494', '0.048620', '0.047177', '0.061204', '0.820303', '0.055141', '0.050920', '0.052889', '0.050388']
         : correct/total = [(246, 4128), (214, 4203), (218, 4081), (3657, 4333), (237, 4091), (208, 4287), (213, 4193), (196, 4349), (3500, 4191), (3625, 4277), (3461, 4143), (3520, 4193), (199, 4093), (198, 4197), (248, 4052), (3305, 4029), (229, 4153), (213, 4183), (216, 4084), (208, 4128)]
         : compromised: 0.2753, honest: 0.3168
         : sketchguard stats = ['Node 0: acc_rate=0.875', 'Node 1: acc_rate=0.438', 'Node 2: acc_rate=0.000']...
WARNING: Node 3 rejected model from 2 - sketch verification failed!
WARNING: Node 7 rejected model from 6 - sketch verification failed!
WARNING: Node 13 rejected model from 12 - sketch verification failed!
WARNING: Node 14 rejected model from 13 - sketch verification failed!
WARNING: Node 15 rejected model from 14 - sketch verification failed!
Round 009: test acc mean=0.2887 ± 0.3632 | min=0.0443 max=0.8616
         : test loss mean=nan ± nan
         : individual accs = ['0.050145', '0.047109', '0.053418', '0.835910', '0.052066', '0.047352', '0.050799', '0.045068', '0.846815', '0.861585', '0.847454', '0.835202', '0.053750', '0.062426', '0.048124', '0.833457', '0.055141', '0.050920', '0.052889', '0.044331']
         : correct/total = [(207, 4128), (198, 4203), (218, 4081), (3622, 4333), (213, 4091), (203, 4287), (213, 4193), (196, 4349), (3549, 4191), (3685, 4277), (3511, 4143), (3502, 4193), (220, 4093), (262, 4197), (195, 4052), (3358, 4029), (229, 4153), (213, 4183), (216, 4084), (183, 4128)]
         : compromised: 0.2759, honest: 0.3186
         : sketchguard stats = ['Node 0: acc_rate=0.889', 'Node 1: acc_rate=0.444', 'Node 2: acc_rate=0.000']...
WARNING: Node 3 rejected model from 2 - sketch verification failed!
WARNING: Node 7 rejected model from 6 - sketch verification failed!
WARNING: Node 13 rejected model from 12 - sketch verification failed!
WARNING: Node 14 rejected model from 13 - sketch verification failed!
WARNING: Node 15 rejected model from 14 - sketch verification failed!
Round 010: test acc mean=0.2898 ± 0.3643 | min=0.0451 max=0.8583
         : test loss mean=nan ± nan
         : individual accs = ['0.050145', '0.047109', '0.053418', '0.848142', '0.057932', '0.045953', '0.050799', '0.045068', '0.847053', '0.858312', '0.846488', '0.844980', '0.049597', '0.055278', '0.045656', '0.831968', '0.055141', '0.050920', '0.055583', '0.055475']
         : correct/total = [(207, 4128), (198, 4203), (218, 4081), (3675, 4333), (237, 4091), (197, 4287), (213, 4193), (196, 4349), (3550, 4191), (3671, 4277), (3507, 4143), (3543, 4193), (203, 4093), (232, 4197), (185, 4052), (3352, 4029), (229, 4153), (213, 4183), (227, 4084), (229, 4128)]
         : compromised: 0.2773, honest: 0.3188
         : sketchguard stats = ['Node 0: acc_rate=0.900', 'Node 1: acc_rate=0.450', 'Node 2: acc_rate=0.000']...

=== FINAL RESULTS ===
Dataset: femnist, Nodes: 20, Graph: ring, Aggregation: sketchguard
Attack: directed_deviation, 70.0% compromised
Final accuracy - Compromised: 0.2773, Honest: 0.3188
Overall test accuracy: mean=0.2898 ± 0.3643

=== Sketchguard SUMMARY ===
Node 0: acceptance=0.900
Node 1: acceptance=0.450
Node 2: acceptance=0.000
Node 3: acceptance=0.050
Node 4: acceptance=0.900
Node 5: acceptance=0.450
Node 6: acceptance=0.250
Node 7: acceptance=0.000
Node 8: acceptance=0.550
Node 9: acceptance=0.500
Node 10: acceptance=0.500
Node 11: acceptance=0.500
Node 12: acceptance=0.250
Node 13: acceptance=0.000
Node 14: acceptance=0.050
Node 15: acceptance=0.050
Node 16: acceptance=0.900
Node 17: acceptance=0.350
Node 18: acceptance=0.200
Node 19: acceptance=0.450

=== PARALLEL EXECUTION TIME (realistic for distributed system) ===
  COMMUNICATION (max across nodes):
    - Sketch transfer: 0.000s (0.0%)
    - Model fetch (accepted): 0.000s (0.0%)
  COMPUTATION (max across nodes):
    - Sketching: 1.337s (99.1%)
    - Filtering: 0.001s (0.1%)
    - Aggregation: 0.011s (0.8%)
  TOTALS:
    - Total computation: 1.349s (100.0%)
    - Total communication: 0.000s (0.0%)
    - Total parallel time: 1.349s

=== PER-NODE AVERAGE TIME ===
  - Sketching: 1.242s
  - Filtering: 0.001s
  - Aggregation: 0.006s
  - Sketch transfer: 0.000s
  - Model fetch: 0.000s
  - Total per node: 1.249s

=== TOTAL COMPUTATIONAL WORK (sum across all nodes) ===
  - Total sketching: 24.847s
  - Total filtering: 0.011s
  - Total aggregation: 0.119s
  - Total sketch transfer: 0.000s
  - Total model fetch: 0.000s
  - Grand total: 24.978s
  - Mean acceptance rate: 0.365

Sketchguard Algorithm Properties:
  - Original dimension: 6,603,710
  - Sketch size: 1000
  - Compression ratio: 19.9x
  - Single repetition: No repetitions needed
  - Theoretical complexity: O(d + N×k)
  - Approach: Sketch filtering + state aggregation
