Device: cuda
Seed: 987654321
Loading 36 LEAF FEMNIST train files...
LEAF FEMNIST train: 3597 users, 734463 samples
Loading 36 LEAF FEMNIST test files...
LEAF FEMNIST test: 3597 users, 83388 samples
Found 3597 train users, 3597 test users, 3597 common users
User sample counts range: 525 (max) to 17 (min)
Distributed ALL 3597 users across 20 clients
Users per client: 179 (with 17 clients getting +1 user)
Train partition sizes: [36360, 37070, 35957, 38262, 36024, 37732, 36921, 38328, 36867, 37683, 36507, 36915, 36007, 37001, 35681, 35453, 36585, 36801, 35964, 36345]
Test partition sizes: [4128, 4203, 4081, 4333, 4091, 4287, 4193, 4349, 4191, 4277, 4143, 4193, 4093, 4197, 4052, 4029, 4153, 4183, 4084, 4128]
  Client 0: 36360 train samples, 62 unique classes
  Client 1: 37070 train samples, 62 unique classes
  Client 2: 35957 train samples, 62 unique classes
  Client 3: 38262 train samples, 62 unique classes
  Client 4: 36024 train samples, 62 unique classes
  Client 5: 37732 train samples, 62 unique classes
  Client 6: 36921 train samples, 62 unique classes
  Client 7: 38328 train samples, 62 unique classes
  Client 8: 36867 train samples, 62 unique classes
  Client 9: 37683 train samples, 62 unique classes
  Client 10: 36507 train samples, 62 unique classes
  Client 11: 36915 train samples, 62 unique classes
  Client 12: 36007 train samples, 62 unique classes
  Client 13: 37001 train samples, 62 unique classes
  Client 14: 35681 train samples, 62 unique classes
  Client 15: 35453 train samples, 62 unique classes
  Client 16: 36585 train samples, 62 unique classes
  Client 17: 36801 train samples, 62 unique classes
  Client 18: 35964 train samples, 62 unique classes
  Client 19: 36345 train samples, 62 unique classes
Will sample 10000 samples per client per epoch
Graph: erdos, nodes: 20, edges: 48
Degree statistics: avg=4.80, min=2, max=7
Attack: Compromised 14/20 nodes: [1, 2, 3, 5, 6, 8, 11, 12, 13, 14, 15, 17, 18, 19]
Attack type: krum, lambda: 1.0
Model variant: baseline
Model parameters: 6,603,710
Initial test acc across nodes: mean=0.0162 ± 0.0138
Round 001: test acc mean=0.0151 ± 0.0157 | min=0.0029 max=0.0520
         : test loss mean=100643.6956 ± 84166.7817
         : individual accs = ['0.005329', '0.021651', '0.049988', '0.005770', '0.036421', '0.004899', '0.002862', '0.016096', '0.017657', '0.004910', '0.004345', '0.003339', '0.052040', '0.003574', '0.004936', '0.002978', '0.003612', '0.010997', '0.013467', '0.037306']
         : correct/total = [(22, 4128), (91, 4203), (204, 4081), (25, 4333), (149, 4091), (21, 4287), (12, 4193), (70, 4349), (74, 4191), (21, 4277), (18, 4143), (14, 4193), (213, 4093), (15, 4197), (20, 4052), (12, 4029), (15, 4153), (46, 4183), (55, 4084), (154, 4128)]
         : compromised: 0.0165, honest: 0.0118
Round 002: test acc mean=0.0515 ± 0.0045 | min=0.0446 max=0.0623
         : test loss mean=84593978796366528.0000 ± 324897718523677632.0000
         : individual accs = ['0.049661', '0.052819', '0.049253', '0.044773', '0.047910', '0.052484', '0.051753', '0.044608', '0.051062', '0.048632', '0.051171', '0.051037', '0.062301', '0.045509', '0.052813', '0.054604', '0.050566', '0.057853', '0.059745', '0.050630']
         : correct/total = [(205, 4128), (222, 4203), (201, 4081), (194, 4333), (196, 4091), (225, 4287), (217, 4193), (194, 4349), (214, 4191), (208, 4277), (212, 4143), (214, 4193), (255, 4093), (191, 4197), (214, 4052), (220, 4029), (210, 4153), (242, 4183), (244, 4084), (209, 4128)]
         : compromised: 0.0526, honest: 0.0488
Round 003: test acc mean=0.0505 ± 0.0058 | min=0.0299 max=0.0615
         : test loss mean=7375072934.6837 ± 13348862641.8799
         : individual accs = ['0.049661', '0.052819', '0.061505', '0.049850', '0.051821', '0.051318', '0.053422', '0.044608', '0.057266', '0.048632', '0.051171', '0.051037', '0.047642', '0.049083', '0.055281', '0.051874', '0.050566', '0.051159', '0.029873', '0.050630']
         : correct/total = [(205, 4128), (222, 4203), (251, 4081), (216, 4333), (212, 4091), (220, 4287), (224, 4193), (194, 4349), (240, 4191), (208, 4277), (212, 4143), (214, 4193), (195, 4093), (206, 4197), (224, 4052), (209, 4029), (210, 4153), (214, 4183), (122, 4084), (209, 4128)]
         : compromised: 0.0509, honest: 0.0494
Round 004: test acc mean=0.0528 ± 0.0049 | min=0.0464 max=0.0623
         : test loss mean=19296150438.6303 ± 34024978511.4075
         : individual accs = ['0.059109', '0.052819', '0.061505', '0.048927', '0.047910', '0.052951', '0.053422', '0.046447', '0.057266', '0.055413', '0.048274', '0.051037', '0.062301', '0.049083', '0.055281', '0.046910', '0.050566', '0.051159', '0.059745', '0.046512']
         : correct/total = [(244, 4128), (222, 4203), (251, 4081), (212, 4333), (196, 4091), (227, 4287), (224, 4193), (202, 4349), (240, 4191), (237, 4277), (200, 4143), (214, 4193), (255, 4093), (206, 4197), (224, 4052), (189, 4029), (210, 4153), (214, 4183), (244, 4084), (192, 4128)]
         : compromised: 0.0535, honest: 0.0513
Round 005: test acc mean=0.0514 ± 0.0050 | min=0.0432 max=0.0623
         : test loss mean=305709.8703 ± 1309453.7815
         : individual accs = ['0.049661', '0.052819', '0.061505', '0.046619', '0.047910', '0.052951', '0.053422', '0.043228', '0.057266', '0.048632', '0.048274', '0.054853', '0.062301', '0.049083', '0.049112', '0.046910', '0.050566', '0.057853', '0.048482', '0.046512']
         : correct/total = [(205, 4128), (222, 4203), (251, 4081), (202, 4333), (196, 4091), (227, 4287), (224, 4193), (188, 4349), (240, 4191), (208, 4277), (200, 4143), (230, 4193), (255, 4093), (206, 4197), (199, 4052), (189, 4029), (210, 4153), (242, 4183), (198, 4084), (192, 4128)]
         : compromised: 0.0528, honest: 0.0480
Round 006: test acc mean=0.0513 ± 0.0042 | min=0.0456 max=0.0623
         : test loss mean=54381.5240 ± 126719.7402
         : individual accs = ['0.049661', '0.052819', '0.045577', '0.049850', '0.047910', '0.052951', '0.051991', '0.046447', '0.057266', '0.048632', '0.048274', '0.054853', '0.062301', '0.049083', '0.053801', '0.046910', '0.050566', '0.057853', '0.048482', '0.050630']
         : correct/total = [(205, 4128), (222, 4203), (186, 4081), (216, 4333), (196, 4091), (227, 4287), (218, 4193), (202, 4349), (240, 4191), (208, 4277), (200, 4143), (230, 4193), (255, 4093), (206, 4197), (218, 4052), (189, 4029), (210, 4153), (242, 4183), (198, 4084), (209, 4128)]
         : compromised: 0.0525, honest: 0.0486
Round 007: test acc mean=0.0532 ± 0.0045 | min=0.0446 max=0.0623
         : test loss mean=1059298.9140 ± 1510380.5583
         : individual accs = ['0.049661', '0.052819', '0.061505', '0.049850', '0.051821', '0.051318', '0.053422', '0.044608', '0.057266', '0.048632', '0.051171', '0.054853', '0.062301', '0.049083', '0.055281', '0.051874', '0.050566', '0.057853', '0.059745', '0.050630']
         : correct/total = [(205, 4128), (222, 4203), (251, 4081), (216, 4333), (212, 4091), (220, 4287), (224, 4193), (194, 4349), (240, 4191), (208, 4277), (212, 4143), (230, 4193), (255, 4093), (206, 4197), (224, 4052), (209, 4029), (210, 4153), (242, 4183), (244, 4084), (209, 4128)]
         : compromised: 0.0548, honest: 0.0494
Round 008: test acc mean=0.0545 ± 0.0043 | min=0.0486 max=0.0623
         : test loss mean=3.6875 ± 0.0135
         : individual accs = ['0.049661', '0.052819', '0.061505', '0.049850', '0.052066', '0.052018', '0.053422', '0.052656', '0.057266', '0.048632', '0.051895', '0.054853', '0.062301', '0.049083', '0.055281', '0.061554', '0.050566', '0.057853', '0.060235', '0.057413']
         : correct/total = [(205, 4128), (222, 4203), (251, 4081), (216, 4333), (213, 4091), (223, 4287), (224, 4193), (229, 4349), (240, 4191), (208, 4277), (215, 4143), (230, 4193), (255, 4093), (206, 4197), (224, 4052), (248, 4029), (210, 4153), (242, 4183), (246, 4084), (237, 4128)]
         : compromised: 0.0561, honest: 0.0509
Round 009: test acc mean=0.0536 ± 0.0044 | min=0.0474 max=0.0623
         : test loss mean=3.6949 ± 0.0233
         : individual accs = ['0.049661', '0.052819', '0.061505', '0.049850', '0.052066', '0.047352', '0.053422', '0.052656', '0.057266', '0.048632', '0.051895', '0.054853', '0.062301', '0.049083', '0.055281', '0.048151', '0.050566', '0.057853', '0.060235', '0.057413']
         : correct/total = [(205, 4128), (222, 4203), (251, 4081), (216, 4333), (213, 4091), (203, 4287), (224, 4193), (229, 4349), (240, 4191), (208, 4277), (215, 4143), (230, 4193), (255, 4093), (206, 4197), (224, 4052), (194, 4029), (210, 4153), (242, 4183), (246, 4084), (237, 4128)]
         : compromised: 0.0548, honest: 0.0509
Round 010: test acc mean=0.0545 ± 0.0043 | min=0.0486 max=0.0623
         : test loss mean=3.6856 ± 0.0141
         : individual accs = ['0.049661', '0.052819', '0.061505', '0.049850', '0.052066', '0.052018', '0.053422', '0.052656', '0.057266', '0.048632', '0.051895', '0.054853', '0.062301', '0.049083', '0.055281', '0.061554', '0.050566', '0.057853', '0.060235', '0.057413']
         : correct/total = [(205, 4128), (222, 4203), (251, 4081), (216, 4333), (213, 4091), (223, 4287), (224, 4193), (229, 4349), (240, 4191), (208, 4277), (215, 4143), (230, 4193), (255, 4093), (206, 4197), (224, 4052), (248, 4029), (210, 4153), (242, 4183), (246, 4084), (237, 4128)]
         : compromised: 0.0561, honest: 0.0509

=== FINAL RESULTS ===
Dataset: femnist, Nodes: 20, Graph: erdos, Aggregation: d-fedavg
Attack: krum, 70.0% compromised
Final accuracy - Compromised: 0.0561, Honest: 0.0509
Overall test accuracy: mean=0.0545 ± 0.0043
