Device: cuda
Seed: 987654321
Loading 1 LEAF Sent140 train files...
LEAF Sent140 train: 254555 users, 908652 samples
Building vocabulary (max_size=10000)...
Vocabulary size: 10000
Loading 1 LEAF Sent140 test files...
LEAF Sent140 test: 254555 users, 286281 samples
Found 254555 train users, 254555 test users, 254555 common users
User sample counts range: 494 (max) to 1 (min)
Distributed ALL 254555 users across 20 clients
Users per client: 12727 (with 15 clients getting +1 user)
Train partition sizes: [44353, 44290, 44657, 44907, 44696, 45843, 45801, 45619, 45069, 45639, 45821, 45311, 45779, 46056, 45625, 45984, 46428, 44737, 45540, 46497]
Test partition sizes: [14232, 14235, 14266, 14217, 14238, 14373, 14346, 14334, 14294, 14373, 14344, 14302, 14354, 14362, 14320, 14395, 14389, 14257, 14251, 14399]
  Client 0: 44353 train samples, 2 unique classes
  Client 1: 44290 train samples, 2 unique classes
  Client 2: 44657 train samples, 2 unique classes
  Client 3: 44907 train samples, 2 unique classes
  Client 4: 44696 train samples, 2 unique classes
  Client 5: 45843 train samples, 2 unique classes
  Client 6: 45801 train samples, 2 unique classes
  Client 7: 45619 train samples, 2 unique classes
  Client 8: 45069 train samples, 2 unique classes
  Client 9: 45639 train samples, 2 unique classes
  Client 10: 45821 train samples, 2 unique classes
  Client 11: 45311 train samples, 2 unique classes
  Client 12: 45779 train samples, 2 unique classes
  Client 13: 46056 train samples, 2 unique classes
  Client 14: 45625 train samples, 2 unique classes
  Client 15: 45984 train samples, 2 unique classes
  Client 16: 46428 train samples, 2 unique classes
  Client 17: 44737 train samples, 2 unique classes
  Client 18: 45540 train samples, 2 unique classes
  Client 19: 46497 train samples, 2 unique classes
Will sample 4500 samples per client per epoch
Graph: erdos, nodes: 20, edges: 48
Degree statistics: avg=4.80, min=2, max=7
Attack: Compromised 4/20 nodes: [5, 12, 13, 17]
Attack type: krum, lambda: 1.0
Model variant: baseline
Model parameters: 1,174,986
Sketchguard Node 0:
  Model dim: 1,174,986 → Sketch size: 180
  Compression ratio: 6527.7x
  Using model parameters for aggregation, sketches for filtering
Sketchguard Node 1:
  Model dim: 1,174,986 → Sketch size: 180
  Compression ratio: 6527.7x
  Using model parameters for aggregation, sketches for filtering
Sketchguard Node 2:
  Model dim: 1,174,986 → Sketch size: 180
  Compression ratio: 6527.7x
  Using model parameters for aggregation, sketches for filtering
Sketchguard Node 3:
  Model dim: 1,174,986 → Sketch size: 180
  Compression ratio: 6527.7x
  Using model parameters for aggregation, sketches for filtering
Sketchguard Node 4:
  Model dim: 1,174,986 → Sketch size: 180
  Compression ratio: 6527.7x
  Using model parameters for aggregation, sketches for filtering
Sketchguard Node 5:
  Model dim: 1,174,986 → Sketch size: 180
  Compression ratio: 6527.7x
  Using model parameters for aggregation, sketches for filtering
Sketchguard Node 6:
  Model dim: 1,174,986 → Sketch size: 180
  Compression ratio: 6527.7x
  Using model parameters for aggregation, sketches for filtering
Sketchguard Node 7:
  Model dim: 1,174,986 → Sketch size: 180
  Compression ratio: 6527.7x
  Using model parameters for aggregation, sketches for filtering
Sketchguard Node 8:
  Model dim: 1,174,986 → Sketch size: 180
  Compression ratio: 6527.7x
  Using model parameters for aggregation, sketches for filtering
Sketchguard Node 9:
  Model dim: 1,174,986 → Sketch size: 180
  Compression ratio: 6527.7x
  Using model parameters for aggregation, sketches for filtering
Sketchguard Node 10:
  Model dim: 1,174,986 → Sketch size: 180
  Compression ratio: 6527.7x
  Using model parameters for aggregation, sketches for filtering
Sketchguard Node 11:
  Model dim: 1,174,986 → Sketch size: 180
  Compression ratio: 6527.7x
  Using model parameters for aggregation, sketches for filtering
Sketchguard Node 12:
  Model dim: 1,174,986 → Sketch size: 180
  Compression ratio: 6527.7x
  Using model parameters for aggregation, sketches for filtering
Sketchguard Node 13:
  Model dim: 1,174,986 → Sketch size: 180
  Compression ratio: 6527.7x
  Using model parameters for aggregation, sketches for filtering
Sketchguard Node 14:
  Model dim: 1,174,986 → Sketch size: 180
  Compression ratio: 6527.7x
  Using model parameters for aggregation, sketches for filtering
Sketchguard Node 15:
  Model dim: 1,174,986 → Sketch size: 180
  Compression ratio: 6527.7x
  Using model parameters for aggregation, sketches for filtering
Sketchguard Node 16:
  Model dim: 1,174,986 → Sketch size: 180
  Compression ratio: 6527.7x
  Using model parameters for aggregation, sketches for filtering
Sketchguard Node 17:
  Model dim: 1,174,986 → Sketch size: 180
  Compression ratio: 6527.7x
  Using model parameters for aggregation, sketches for filtering
Sketchguard Node 18:
  Model dim: 1,174,986 → Sketch size: 180
  Compression ratio: 6527.7x
  Using model parameters for aggregation, sketches for filtering
Sketchguard Node 19:
  Model dim: 1,174,986 → Sketch size: 180
  Compression ratio: 6527.7x
  Using model parameters for aggregation, sketches for filtering
Sketchguard ALGORITHM (Sketch-based Filtering + State Aggregation)
  - Model dimension: 1,174,986 parameters
  - Config: SketchguardConfig(gamma=2, kappa=1, alpha=0.5, min_neighbors=1, sketch_size=180, network_seed=987654321, attack_detection_window=5)
  - Sketch size: 180
  - Compression ratio: 6527.7x
  - Complexity: O(d + N×k) = O(1,174,986 + 20×180)
  - Theoretical speedup vs BALANCE: 19.9x
Initial test acc across nodes: mean=0.4953 ± 0.0174
Round 001: test acc mean=0.5248 ± 0.0280 | min=0.4740 max=0.5895
         : test loss mean=0.7376 ± 0.0777
         : individual accs = ['0.507589', '0.589533', '0.516262', '0.514314', '0.533642', '0.502679', '0.497072', '0.474048', '0.558626', '0.537536', '0.503974', '0.506503', '0.555943', '0.533979', '0.503841', '0.522265', '0.520745', '0.504594', '0.533506', '0.580179']
         : correct/total = [(7224, 14232), (8392, 14235), (7365, 14266), (7312, 14217), (7598, 14238), (7225, 14373), (7131, 14346), (6795, 14334), (7985, 14294), (7726, 14373), (7229, 14344), (7244, 14302), (7980, 14354), (7669, 14362), (7215, 14320), (7518, 14395), (7493, 14389), (7194, 14257), (7603, 14251), (8354, 14399)]
         : compromised: 0.5243, honest: 0.5250
         : sketchguard stats = ['Node 0: acc_rate=1.000', 'Node 1: acc_rate=1.000', 'Node 2: acc_rate=1.000']...
Round 002: test acc mean=0.5574 ± 0.0337 | min=0.5000 max=0.6149
         : test loss mean=0.6874 ± 0.0059
         : individual accs = ['0.594786', '0.553706', '0.571849', '0.588943', '0.612094', '0.514089', '0.553255', '0.500000', '0.521617', '0.524177', '0.540853', '0.614879', '0.535948', '0.544910', '0.536592', '0.571171', '0.565918', '0.513642', '0.594344', '0.594694']
         : correct/total = [(8465, 14232), (7882, 14235), (8158, 14266), (8373, 14217), (8715, 14238), (7389, 14373), (7937, 14346), (7167, 14334), (7456, 14294), (7534, 14373), (7758, 14344), (8794, 14302), (7693, 14354), (7826, 14362), (7684, 14320), (8222, 14395), (8143, 14389), (7323, 14257), (8470, 14251), (8563, 14399)]
         : compromised: 0.5271, honest: 0.5649
         : sketchguard stats = ['Node 0: acc_rate=0.917', 'Node 1: acc_rate=1.000', 'Node 2: acc_rate=1.000']...
Round 003: test acc mean=0.5944 ± 0.0265 | min=0.5235 max=0.6350
         : test loss mean=0.6757 ± 0.0058
         : individual accs = ['0.615444', '0.605409', '0.596804', '0.605261', '0.622208', '0.577124', '0.602537', '0.564950', '0.635022', '0.618103', '0.557794', '0.624808', '0.559774', '0.610918', '0.590573', '0.597916', '0.607686', '0.589886', '0.583187', '0.523509']
         : correct/total = [(8759, 14232), (8618, 14235), (8514, 14266), (8605, 14217), (8859, 14238), (8295, 14373), (8644, 14346), (8098, 14334), (9077, 14294), (8884, 14373), (8001, 14344), (8936, 14302), (8035, 14354), (8774, 14362), (8457, 14320), (8607, 14395), (8744, 14389), (8410, 14257), (8311, 14251), (7538, 14399)]
         : compromised: 0.5844, honest: 0.5970
         : sketchguard stats = ['Node 0: acc_rate=0.889', 'Node 1: acc_rate=1.000', 'Node 2: acc_rate=1.000']...
Round 004: test acc mean=0.6198 ± 0.0163 | min=0.5793 max=0.6430
         : test loss mean=0.6661 ± 0.0078
         : individual accs = ['0.627389', '0.622972', '0.579350', '0.625730', '0.608231', '0.610172', '0.643036', '0.623901', '0.628935', '0.627148', '0.621166', '0.631520', '0.612582', '0.579655', '0.622765', '0.632720', '0.613733', '0.611279', '0.633570', '0.639906']
         : correct/total = [(8929, 14232), (8868, 14235), (8265, 14266), (8896, 14217), (8660, 14238), (8770, 14373), (9225, 14346), (8943, 14334), (8990, 14294), (9014, 14373), (8910, 14344), (9032, 14302), (8793, 14354), (8325, 14362), (8918, 14320), (9108, 14395), (8831, 14389), (8715, 14257), (9029, 14251), (9214, 14399)]
         : compromised: 0.6034, honest: 0.6239
         : sketchguard stats = ['Node 0: acc_rate=0.875', 'Node 1: acc_rate=1.000', 'Node 2: acc_rate=1.000']...
Round 005: test acc mean=0.6357 ± 0.0085 | min=0.6145 max=0.6485
         : test loss mean=0.6563 ± 0.0076
         : individual accs = ['0.614460', '0.641728', '0.633464', '0.638109', '0.643770', '0.618590', '0.641851', '0.638133', '0.648454', '0.625896', '0.637270', '0.638442', '0.638080', '0.634313', '0.634218', '0.639111', '0.640420', '0.633794', '0.626833', '0.647823']
         : correct/total = [(8745, 14232), (9135, 14235), (9037, 14266), (9072, 14217), (9166, 14238), (8891, 14373), (9208, 14346), (9147, 14334), (9269, 14294), (8996, 14373), (9141, 14344), (9131, 14302), (9159, 14354), (9110, 14362), (9082, 14320), (9200, 14395), (9215, 14389), (9036, 14257), (8933, 14251), (9328, 14399)]
         : compromised: 0.6312, honest: 0.6369
         : sketchguard stats = ['Node 0: acc_rate=0.867', 'Node 1: acc_rate=1.000', 'Node 2: acc_rate=1.000']...
Round 006: test acc mean=0.6389 ± 0.0136 | min=0.5996 max=0.6532
         : test loss mean=0.6446 ± 0.0083
         : individual accs = ['0.637648', '0.649104', '0.641385', '0.643385', '0.646299', '0.647047', '0.643943', '0.653202', '0.651322', '0.633966', '0.621933', '0.599566', '0.636129', '0.638003', '0.646089', '0.645571', '0.649941', '0.610016', '0.633429', '0.650045']
         : correct/total = [(9075, 14232), (9240, 14235), (9150, 14266), (9147, 14217), (9202, 14238), (9300, 14373), (9238, 14346), (9363, 14334), (9310, 14294), (9112, 14373), (8921, 14344), (8575, 14302), (9131, 14354), (9163, 14362), (9252, 14320), (9293, 14395), (9352, 14389), (8697, 14257), (9027, 14251), (9360, 14399)]
         : compromised: 0.6328, honest: 0.6404
         : sketchguard stats = ['Node 0: acc_rate=0.861', 'Node 1: acc_rate=1.000', 'Node 2: acc_rate=1.000']...
Round 007: test acc mean=0.6442 ± 0.0097 | min=0.6098 max=0.6562
         : test loss mean=0.6364 ± 0.0059
         : individual accs = ['0.643761', '0.648261', '0.648815', '0.636281', '0.656202', '0.647047', '0.639481', '0.639598', '0.649853', '0.650456', '0.647448', '0.644945', '0.652083', '0.609804', '0.646299', '0.632372', '0.652026', '0.642141', '0.645569', '0.651920']
         : correct/total = [(9162, 14232), (9228, 14235), (9256, 14266), (9046, 14217), (9343, 14238), (9300, 14373), (9174, 14346), (9168, 14334), (9289, 14294), (9349, 14373), (9287, 14344), (9224, 14302), (9360, 14354), (8758, 14362), (9255, 14320), (9103, 14395), (9382, 14389), (9155, 14257), (9200, 14251), (9387, 14399)]
         : compromised: 0.6378, honest: 0.6458
         : sketchguard stats = ['Node 0: acc_rate=0.857', 'Node 1: acc_rate=1.000', 'Node 2: acc_rate=1.000']...
Round 008: test acc mean=0.6521 ± 0.0095 | min=0.6262 max=0.6628
         : test loss mean=0.6283 ± 0.0060
         : individual accs = ['0.649663', '0.635897', '0.626244', '0.658367', '0.651285', '0.659779', '0.662763', '0.654807', '0.661816', '0.655535', '0.654211', '0.658439', '0.651595', '0.645801', '0.659008', '0.651824', '0.659393', '0.645507', '0.637710', '0.661574']
         : correct/total = [(9246, 14232), (9052, 14235), (8934, 14266), (9360, 14217), (9273, 14238), (9483, 14373), (9508, 14346), (9386, 14334), (9460, 14294), (9422, 14373), (9384, 14344), (9417, 14302), (9353, 14354), (9275, 14362), (9437, 14320), (9383, 14395), (9488, 14389), (9203, 14257), (9088, 14251), (9526, 14399)]
         : compromised: 0.6507, honest: 0.6524
         : sketchguard stats = ['Node 0: acc_rate=0.854', 'Node 1: acc_rate=1.000', 'Node 2: acc_rate=1.000']...
Round 009: test acc mean=0.6557 ± 0.0107 | min=0.6226 max=0.6672
         : test loss mean=0.6221 ± 0.0067
         : individual accs = ['0.622611', '0.663365', '0.660802', '0.658859', '0.665613', '0.667015', '0.652028', '0.644900', '0.655660', '0.651778', '0.636154', '0.659978', '0.656333', '0.658056', '0.664385', '0.650990', '0.667176', '0.660167', '0.654480', '0.664560']
         : correct/total = [(8861, 14232), (9443, 14235), (9427, 14266), (9367, 14217), (9477, 14238), (9587, 14373), (9354, 14346), (9244, 14334), (9372, 14294), (9368, 14373), (9125, 14344), (9439, 14302), (9421, 14354), (9451, 14362), (9514, 14320), (9371, 14395), (9600, 14389), (9412, 14257), (9327, 14251), (9569, 14399)]
         : compromised: 0.6604, honest: 0.6546
         : sketchguard stats = ['Node 0: acc_rate=0.852', 'Node 1: acc_rate=1.000', 'Node 2: acc_rate=1.000']...
Round 010: test acc mean=0.6634 ± 0.0091 | min=0.6300 max=0.6731
         : test loss mean=0.6131 ± 0.0067
         : individual accs = ['0.660483', '0.668212', '0.629959', '0.664979', '0.673058', '0.672163', '0.670152', '0.671201', '0.661396', '0.660822', '0.666062', '0.668158', '0.669918', '0.662025', '0.666899', '0.657937', '0.663840', '0.664235', '0.653498', '0.663588']
         : correct/total = [(9400, 14232), (9512, 14235), (8987, 14266), (9454, 14217), (9583, 14238), (9661, 14373), (9614, 14346), (9621, 14334), (9454, 14294), (9498, 14373), (9554, 14344), (9556, 14302), (9616, 14354), (9508, 14362), (9550, 14320), (9471, 14395), (9552, 14389), (9470, 14257), (9313, 14251), (9555, 14399)]
         : compromised: 0.6671, honest: 0.6625
         : sketchguard stats = ['Node 0: acc_rate=0.850', 'Node 1: acc_rate=1.000', 'Node 2: acc_rate=1.000']...

=== FINAL RESULTS ===
Dataset: sent140, Nodes: 20, Graph: erdos, Aggregation: sketchguard
Attack: krum, 20.0% compromised
Final accuracy - Compromised: 0.6671, Honest: 0.6625
Overall test accuracy: mean=0.6634 ± 0.0091

=== Sketchguard SUMMARY ===
Node 0: acceptance=0.850
Node 1: acceptance=1.000
Node 2: acceptance=1.000
Node 3: acceptance=0.775
Node 4: acceptance=0.775
Node 5: acceptance=0.640
Node 6: acceptance=0.820
Node 7: acceptance=0.640
Node 8: acceptance=1.000
Node 9: acceptance=1.000
Node 10: acceptance=0.775
Node 11: acceptance=0.743
Node 12: acceptance=0.886
Node 13: acceptance=1.000
Node 14: acceptance=0.486
Node 15: acceptance=0.700
Node 16: acceptance=0.640
Node 17: acceptance=0.820
Node 18: acceptance=1.000
Node 19: acceptance=1.000

=== PARALLEL EXECUTION TIME (realistic for distributed system) ===
  COMMUNICATION (max across nodes):
    - Sketch transfer: 0.000s (0.0%)
    - Model fetch (accepted): 0.000s (0.0%)
  COMPUTATION (max across nodes):
    - Sketching: 0.332s (96.2%)
    - Filtering: 0.001s (0.3%)
    - Aggregation: 0.012s (3.6%)
  TOTALS:
    - Total computation: 0.345s (100.0%)
    - Total communication: 0.000s (0.0%)
    - Total parallel time: 0.345s

=== PER-NODE AVERAGE TIME ===
  - Sketching: 0.230s
  - Filtering: 0.000s
  - Aggregation: 0.009s
  - Sketch transfer: 0.000s
  - Model fetch: 0.000s
  - Total per node: 0.240s

=== TOTAL COMPUTATIONAL WORK (sum across all nodes) ===
  - Total sketching: 4.600s
  - Total filtering: 0.009s
  - Total aggregation: 0.187s
  - Total sketch transfer: 0.000s
  - Total model fetch: 0.000s
  - Grand total: 4.796s
  - Mean acceptance rate: 0.827

Sketchguard Algorithm Properties:
  - Original dimension: 1,174,986
  - Sketch size: 180
  - Compression ratio: 19.9x
  - Single repetition: No repetitions needed
  - Theoretical complexity: O(d + N×k)
  - Approach: Sketch filtering + state aggregation
