Device: cuda
Seed: 987654321
Loading 1 LEAF Sent140 train files...
LEAF Sent140 train: 254555 users, 908652 samples
Building vocabulary (max_size=10000)...
Vocabulary size: 10000
Loading 1 LEAF Sent140 test files...
LEAF Sent140 test: 254555 users, 286281 samples
Found 254555 train users, 254555 test users, 254555 common users
User sample counts range: 494 (max) to 1 (min)
Distributed ALL 254555 users across 20 clients
Users per client: 12727 (with 15 clients getting +1 user)
Train partition sizes: [44353, 44290, 44657, 44907, 44696, 45843, 45801, 45619, 45069, 45639, 45821, 45311, 45779, 46056, 45625, 45984, 46428, 44737, 45540, 46497]
Test partition sizes: [14232, 14235, 14266, 14217, 14238, 14373, 14346, 14334, 14294, 14373, 14344, 14302, 14354, 14362, 14320, 14395, 14389, 14257, 14251, 14399]
  Client 0: 44353 train samples, 2 unique classes
  Client 1: 44290 train samples, 2 unique classes
  Client 2: 44657 train samples, 2 unique classes
  Client 3: 44907 train samples, 2 unique classes
  Client 4: 44696 train samples, 2 unique classes
  Client 5: 45843 train samples, 2 unique classes
  Client 6: 45801 train samples, 2 unique classes
  Client 7: 45619 train samples, 2 unique classes
  Client 8: 45069 train samples, 2 unique classes
  Client 9: 45639 train samples, 2 unique classes
  Client 10: 45821 train samples, 2 unique classes
  Client 11: 45311 train samples, 2 unique classes
  Client 12: 45779 train samples, 2 unique classes
  Client 13: 46056 train samples, 2 unique classes
  Client 14: 45625 train samples, 2 unique classes
  Client 15: 45984 train samples, 2 unique classes
  Client 16: 46428 train samples, 2 unique classes
  Client 17: 44737 train samples, 2 unique classes
  Client 18: 45540 train samples, 2 unique classes
  Client 19: 46497 train samples, 2 unique classes
Will sample 4500 samples per client per epoch
Graph: fully, nodes: 20, edges: 190
Degree statistics: avg=19.00, min=19, max=19
Attack: Compromised 6/20 nodes: [5, 12, 13, 14, 17, 18]
Attack type: gaussian, lambda: 1.0
Model variant: baseline
Model parameters: 1,174,986
Initial test acc across nodes: mean=0.4953 ± 0.0174
Round 001: test acc mean=0.5012 ± 0.0069 | min=0.4904 max=0.5132
         : test loss mean=61.6520 ± 12.2764
         : individual accs = ['0.490585', '0.510713', '0.504416', '0.500457', '0.500281', '0.503235', '0.511292', '0.495396', '0.502938', '0.490364', '0.492889', '0.506922', '0.508360', '0.493664', '0.500419', '0.498298', '0.499757', '0.513151', '0.508035', '0.492395']
         : correct/total = [(6982, 14232), (7270, 14235), (7196, 14266), (7115, 14217), (7123, 14238), (7233, 14373), (7335, 14346), (7101, 14334), (7189, 14294), (7048, 14373), (7070, 14344), (7250, 14302), (7297, 14354), (7090, 14362), (7166, 14320), (7173, 14395), (7191, 14389), (7316, 14257), (7240, 14251), (7090, 14399)]
         : compromised: 0.5045, honest: 0.4998
Round 002: test acc mean=0.4996 ± 0.0088 | min=0.4831 max=0.5187
         : test loss mean=70.4277 ± 27.3348
         : individual accs = ['0.503162', '0.505936', '0.513529', '0.487796', '0.494522', '0.509914', '0.498536', '0.518697', '0.502449', '0.503305', '0.492262', '0.503846', '0.483141', '0.492689', '0.487151', '0.502744', '0.494197', '0.494845', '0.505158', '0.498715']
         : correct/total = [(7161, 14232), (7202, 14235), (7326, 14266), (6935, 14217), (7041, 14238), (7329, 14373), (7152, 14346), (7435, 14334), (7182, 14294), (7234, 14373), (7061, 14344), (7206, 14302), (6935, 14354), (7076, 14362), (6976, 14320), (7237, 14395), (7111, 14389), (7055, 14257), (7199, 14251), (7181, 14399)]
         : compromised: 0.4955, honest: 0.5014
Round 003: test acc mean=0.4997 ± 0.0090 | min=0.4864 max=0.5147
         : test loss mean=56.7336 ± 18.1539
         : individual accs = ['0.504497', '0.507341', '0.514650', '0.492228', '0.491361', '0.498365', '0.501673', '0.498884', '0.514202', '0.493564', '0.499651', '0.512166', '0.490595', '0.512672', '0.495461', '0.489406', '0.486413', '0.507751', '0.487334', '0.495104']
         : correct/total = [(7180, 14232), (7222, 14235), (7342, 14266), (6998, 14217), (6996, 14238), (7163, 14373), (7197, 14346), (7151, 14334), (7350, 14294), (7094, 14373), (7167, 14344), (7325, 14302), (7042, 14354), (7363, 14362), (7095, 14320), (7045, 14395), (6999, 14389), (7239, 14257), (6945, 14251), (7129, 14399)]
         : compromised: 0.4987, honest: 0.5001
Round 004: test acc mean=0.4976 ± 0.0089 | min=0.4768 max=0.5118
         : test loss mean=55.1561 ± 20.7247
         : individual accs = ['0.510399', '0.487882', '0.499089', '0.511782', '0.503793', '0.498435', '0.487592', '0.476769', '0.498881', '0.505462', '0.494283', '0.501608', '0.509893', '0.497772', '0.496578', '0.502466', '0.494892', '0.499684', '0.481510', '0.494062']
         : correct/total = [(7264, 14232), (6945, 14235), (7120, 14266), (7276, 14217), (7173, 14238), (7164, 14373), (6995, 14346), (6834, 14334), (7131, 14294), (7265, 14373), (7090, 14344), (7174, 14302), (7319, 14354), (7149, 14362), (7111, 14320), (7233, 14395), (7121, 14389), (7124, 14257), (6862, 14251), (7114, 14399)]
         : compromised: 0.4973, honest: 0.4978
Round 005: test acc mean=0.5023 ± 0.0076 | min=0.4857 max=0.5181
         : test loss mean=61.0861 ± 26.8907
         : individual accs = ['0.507167', '0.485704', '0.491168', '0.517338', '0.493960', '0.500035', '0.504182', '0.504814', '0.509584', '0.499756', '0.502301', '0.503846', '0.503553', '0.496031', '0.505237', '0.518097', '0.506151', '0.501859', '0.496106', '0.499687']
         : correct/total = [(7218, 14232), (6914, 14235), (7007, 14266), (7355, 14217), (7033, 14238), (7187, 14373), (7233, 14346), (7236, 14334), (7284, 14294), (7183, 14373), (7205, 14344), (7206, 14302), (7228, 14354), (7124, 14362), (7235, 14320), (7458, 14395), (7283, 14389), (7155, 14257), (7070, 14251), (7195, 14399)]
         : compromised: 0.5005, honest: 0.5031
Round 006: test acc mean=0.4988 ± 0.0094 | min=0.4784 max=0.5172
         : test loss mean=55.2051 ± 17.2749
         : individual accs = ['0.478429', '0.515279', '0.500911', '0.502075', '0.502177', '0.493495', '0.500906', '0.496721', '0.482580', '0.498156', '0.509063', '0.508600', '0.488157', '0.517198', '0.496788', '0.497256', '0.490305', '0.501087', '0.494632', '0.502743']
         : correct/total = [(6809, 14232), (7335, 14235), (7146, 14266), (7138, 14217), (7150, 14238), (7093, 14373), (7186, 14346), (7120, 14334), (6898, 14294), (7160, 14373), (7302, 14344), (7274, 14302), (7007, 14354), (7428, 14362), (7114, 14320), (7158, 14395), (7055, 14389), (7144, 14257), (7049, 14251), (7239, 14399)]
         : compromised: 0.4986, honest: 0.4989
Round 007: test acc mean=0.4973 ± 0.0053 | min=0.4831 max=0.5055
         : test loss mean=57.1019 ± 22.6494
         : individual accs = ['0.503092', '0.483105', '0.500981', '0.498277', '0.497401', '0.496139', '0.499442', '0.504604', '0.501819', '0.495999', '0.501255', '0.493847', '0.494705', '0.494221', '0.490154', '0.505523', '0.494197', '0.494003', '0.502982', '0.494965']
         : correct/total = [(7160, 14232), (6877, 14235), (7147, 14266), (7084, 14217), (7082, 14238), (7131, 14373), (7165, 14346), (7233, 14334), (7173, 14294), (7129, 14373), (7190, 14344), (7063, 14302), (7101, 14354), (7098, 14362), (7019, 14320), (7277, 14395), (7111, 14389), (7043, 14257), (7168, 14251), (7127, 14399)]
         : compromised: 0.4954, honest: 0.4982
Round 008: test acc mean=0.4990 ± 0.0076 | min=0.4845 max=0.5102
         : test loss mean=57.6823 ± 20.4453
         : individual accs = ['0.505129', '0.509659', '0.500210', '0.495323', '0.490097', '0.499200', '0.496654', '0.493582', '0.489856', '0.502470', '0.508645', '0.499580', '0.510171', '0.494221', '0.492318', '0.507398', '0.484467', '0.488953', '0.507192', '0.504757']
         : correct/total = [(7189, 14232), (7255, 14235), (7136, 14266), (7042, 14217), (6978, 14238), (7175, 14373), (7125, 14346), (7075, 14334), (7002, 14294), (7222, 14373), (7296, 14344), (7145, 14302), (7323, 14354), (7098, 14362), (7050, 14320), (7304, 14395), (6971, 14389), (6971, 14257), (7228, 14251), (7268, 14399)]
         : compromised: 0.4987, honest: 0.4991
Round 009: test acc mean=0.5035 ± 0.0054 | min=0.4964 max=0.5145
         : test loss mean=63.3270 ± 24.5808
         : individual accs = ['0.496417', '0.499052', '0.496986', '0.503341', '0.514468', '0.496556', '0.511362', '0.507604', '0.498671', '0.500244', '0.498885', '0.503776', '0.506479', '0.508216', '0.500279', '0.505592', '0.496560', '0.508101', '0.509929', '0.506563']
         : correct/total = [(7065, 14232), (7104, 14235), (7090, 14266), (7156, 14217), (7325, 14238), (7137, 14373), (7336, 14346), (7276, 14334), (7128, 14294), (7190, 14373), (7156, 14344), (7205, 14302), (7270, 14354), (7299, 14362), (7164, 14320), (7278, 14395), (7145, 14389), (7244, 14257), (7267, 14251), (7294, 14399)]
         : compromised: 0.5049, honest: 0.5028
Round 010: test acc mean=0.5020 ± 0.0072 | min=0.4826 max=0.5150
         : test loss mean=63.4066 ± 24.9375
         : individual accs = ['0.506464', '0.514998', '0.507220', '0.505522', '0.498525', '0.500661', '0.505158', '0.482629', '0.498111', '0.488207', '0.499861', '0.505733', '0.500348', '0.507102', '0.511592', '0.501980', '0.501633', '0.503472', '0.494772', '0.505521']
         : correct/total = [(7208, 14232), (7331, 14235), (7236, 14266), (7187, 14217), (7098, 14238), (7196, 14373), (7247, 14346), (6918, 14334), (7120, 14294), (7017, 14373), (7170, 14344), (7233, 14302), (7182, 14354), (7283, 14362), (7326, 14320), (7226, 14395), (7218, 14389), (7178, 14257), (7051, 14251), (7279, 14399)]
         : compromised: 0.5030, honest: 0.5015

=== FINAL RESULTS ===
Dataset: sent140, Nodes: 20, Graph: fully, Aggregation: d-fedavg
Attack: gaussian, 30.0% compromised
Final accuracy - Compromised: 0.5030, Honest: 0.5015
Overall test accuracy: mean=0.5020 ± 0.0072
