Device: cuda
Seed: 987654321
Loading 1 LEAF Sent140 train files...
LEAF Sent140 train: 254555 users, 908652 samples
Building vocabulary (max_size=10000)...
Vocabulary size: 10000
Loading 1 LEAF Sent140 test files...
LEAF Sent140 test: 254555 users, 286281 samples
Found 254555 train users, 254555 test users, 254555 common users
User sample counts range: 494 (max) to 1 (min)
Distributed ALL 254555 users across 20 clients
Users per client: 12727 (with 15 clients getting +1 user)
Train partition sizes: [44353, 44290, 44657, 44907, 44696, 45843, 45801, 45619, 45069, 45639, 45821, 45311, 45779, 46056, 45625, 45984, 46428, 44737, 45540, 46497]
Test partition sizes: [14232, 14235, 14266, 14217, 14238, 14373, 14346, 14334, 14294, 14373, 14344, 14302, 14354, 14362, 14320, 14395, 14389, 14257, 14251, 14399]
  Client 0: 44353 train samples, 2 unique classes
  Client 1: 44290 train samples, 2 unique classes
  Client 2: 44657 train samples, 2 unique classes
  Client 3: 44907 train samples, 2 unique classes
  Client 4: 44696 train samples, 2 unique classes
  Client 5: 45843 train samples, 2 unique classes
  Client 6: 45801 train samples, 2 unique classes
  Client 7: 45619 train samples, 2 unique classes
  Client 8: 45069 train samples, 2 unique classes
  Client 9: 45639 train samples, 2 unique classes
  Client 10: 45821 train samples, 2 unique classes
  Client 11: 45311 train samples, 2 unique classes
  Client 12: 45779 train samples, 2 unique classes
  Client 13: 46056 train samples, 2 unique classes
  Client 14: 45625 train samples, 2 unique classes
  Client 15: 45984 train samples, 2 unique classes
  Client 16: 46428 train samples, 2 unique classes
  Client 17: 44737 train samples, 2 unique classes
  Client 18: 45540 train samples, 2 unique classes
  Client 19: 46497 train samples, 2 unique classes
Will sample 4500 samples per client per epoch
Graph: ring, nodes: 20, edges: 20
Degree statistics: avg=2.00, min=2, max=2
Attack: Compromised 4/20 nodes: [5, 12, 13, 17]
Attack type: krum, lambda: 1.0
Model variant: baseline
Model parameters: 1,174,986
Initial test acc across nodes: mean=0.4953 ± 0.0174
Round 001: test acc mean=0.5967 ± 0.0643 | min=0.4922 max=0.6506
         : test loss mean=8.5843 ± 13.2035
         : individual accs = ['0.650646', '0.644468', '0.649236', '0.630794', '0.635483', '0.498782', '0.649937', '0.639877', '0.636911', '0.619286', '0.613009', '0.643197', '0.503901', '0.504456', '0.494832', '0.636332', '0.637501', '0.492179', '0.503614', '0.649906']
         : correct/total = [(9260, 14232), (9174, 14235), (9262, 14266), (8968, 14217), (9048, 14238), (7169, 14373), (9324, 14346), (9172, 14334), (9104, 14294), (8901, 14373), (8793, 14344), (9199, 14302), (7233, 14354), (7245, 14362), (7086, 14320), (9160, 14395), (9173, 14389), (7017, 14257), (7177, 14251), (9358, 14399)]
         : compromised: 0.4998, honest: 0.6209
Round 002: test acc mean=0.5987 ± 0.0759 | min=0.4720 max=0.6742
         : test loss mean=4.4934 ± 6.1000
         : individual accs = ['0.658165', '0.637373', '0.630100', '0.671239', '0.674182', '0.500104', '0.495399', '0.661016', '0.640479', '0.638837', '0.661601', '0.656342', '0.499025', '0.508286', '0.529539', '0.653282', '0.643547', '0.477029', '0.471967', '0.666088']
         : correct/total = [(9367, 14232), (9073, 14235), (8989, 14266), (9543, 14217), (9599, 14238), (7188, 14373), (7107, 14346), (9475, 14334), (9155, 14294), (9182, 14373), (9490, 14344), (9387, 14302), (7163, 14354), (7300, 14362), (7583, 14320), (9404, 14395), (9260, 14389), (6801, 14257), (6726, 14251), (9591, 14399)]
         : compromised: 0.4961, honest: 0.6243
Round 003: test acc mean=0.6064 ± 0.0796 | min=0.4840 max=0.6781
         : test loss mean=4.0950 ± 7.2023
         : individual accs = ['0.658938', '0.677485', '0.678116', '0.667370', '0.668352', '0.509984', '0.511780', '0.666736', '0.674059', '0.666875', '0.654629', '0.674241', '0.490038', '0.507659', '0.496508', '0.654463', '0.652790', '0.484043', '0.491615', '0.642197']
         : correct/total = [(9378, 14232), (9644, 14235), (9674, 14266), (9488, 14217), (9516, 14238), (7330, 14373), (7342, 14346), (9557, 14334), (9635, 14294), (9585, 14373), (9390, 14344), (9643, 14302), (7034, 14354), (7291, 14362), (7110, 14320), (9421, 14395), (9393, 14389), (6901, 14257), (7006, 14251), (9247, 14399)]
         : compromised: 0.4979, honest: 0.6335
Round 004: test acc mean=0.6128 ± 0.0867 | min=0.4819 max=0.6903
         : test loss mean=3.1655 ± 5.1619
         : individual accs = ['0.687605', '0.685002', '0.685616', '0.690300', '0.683453', '0.504418', '0.501046', '0.649086', '0.672240', '0.658874', '0.674359', '0.654244', '0.503692', '0.491714', '0.492388', '0.673498', '0.683508', '0.481869', '0.494632', '0.687826']
         : correct/total = [(9786, 14232), (9751, 14235), (9781, 14266), (9814, 14217), (9731, 14238), (7250, 14373), (7188, 14346), (9304, 14334), (9609, 14294), (9470, 14373), (9673, 14344), (9357, 14302), (7230, 14354), (7062, 14362), (7051, 14320), (9695, 14395), (9835, 14389), (6870, 14257), (7049, 14251), (9904, 14399)]
         : compromised: 0.4954, honest: 0.6421
Round 005: test acc mean=0.6202 ± 0.0917 | min=0.4854 max=0.6991
         : test loss mean=2.9080 ± 3.8544
         : individual accs = ['0.695897', '0.690200', '0.697673', '0.678132', '0.698202', '0.496973', '0.485431', '0.660318', '0.694137', '0.646420', '0.690811', '0.685918', '0.509823', '0.491088', '0.492668', '0.694755', '0.699145', '0.503051', '0.496667', '0.697062']
         : correct/total = [(9904, 14232), (9825, 14235), (9953, 14266), (9641, 14217), (9941, 14238), (7143, 14373), (6964, 14346), (9465, 14334), (9922, 14294), (9291, 14373), (9909, 14344), (9810, 14302), (7318, 14354), (7053, 14362), (7055, 14320), (10001, 14395), (10060, 14389), (7172, 14257), (7078, 14251), (10037, 14399)]
         : compromised: 0.5002, honest: 0.6502
Round 006: test acc mean=0.6297 ± 0.0942 | min=0.4973 max=0.7088
         : test loss mean=4.9084 ± 7.6649
         : individual accs = ['0.691751', '0.705304', '0.695009', '0.702961', '0.708807', '0.501009', '0.497281', '0.690038', '0.701623', '0.695540', '0.688302', '0.687456', '0.499791', '0.500975', '0.504958', '0.707468', '0.703941', '0.500386', '0.506631', '0.704285']
         : correct/total = [(9845, 14232), (10040, 14235), (9915, 14266), (9994, 14217), (10092, 14238), (7201, 14373), (7134, 14346), (9891, 14334), (10029, 14294), (9997, 14373), (9873, 14344), (9832, 14302), (7174, 14354), (7195, 14362), (7231, 14320), (10184, 14395), (10129, 14389), (7134, 14257), (7220, 14251), (10141, 14399)]
         : compromised: 0.5005, honest: 0.6620
Round 007: test acc mean=0.6283 ± 0.0951 | min=0.4950 max=0.7121
         : test loss mean=2.9737 ± 4.0541
         : individual accs = ['0.700745', '0.712118', '0.692065', '0.708166', '0.706911', '0.501983', '0.499164', '0.673643', '0.706590', '0.700550', '0.705312', '0.707104', '0.500070', '0.505292', '0.497975', '0.655228', '0.702134', '0.494985', '0.498772', '0.696784']
         : correct/total = [(9973, 14232), (10137, 14235), (9873, 14266), (10068, 14217), (10065, 14238), (7215, 14373), (7161, 14346), (9656, 14334), (10100, 14294), (10069, 14373), (10117, 14344), (10113, 14302), (7178, 14354), (7257, 14362), (7131, 14320), (9432, 14395), (10103, 14389), (7057, 14257), (7108, 14251), (10033, 14399)]
         : compromised: 0.5006, honest: 0.6602
Round 008: test acc mean=0.6343 ± 0.1001 | min=0.4891 max=0.7200
         : test loss mean=3.7717 ± 6.4149
         : individual accs = ['0.711636', '0.712750', '0.678396', '0.719983', '0.700309', '0.504766', '0.496863', '0.704897', '0.713726', '0.712656', '0.694088', '0.704167', '0.502020', '0.493176', '0.508939', '0.708371', '0.717910', '0.489093', '0.494913', '0.717828']
         : correct/total = [(10128, 14232), (10146, 14235), (9678, 14266), (10236, 14217), (9971, 14238), (7255, 14373), (7128, 14346), (10104, 14334), (10202, 14294), (10243, 14373), (9956, 14344), (10071, 14302), (7206, 14354), (7083, 14362), (7288, 14320), (10197, 14395), (10330, 14389), (6973, 14257), (7053, 14251), (10336, 14399)]
         : compromised: 0.4973, honest: 0.6686
Round 009: test acc mean=0.6388 ± 0.1035 | min=0.4848 max=0.7255
         : test loss mean=3.4551 ± 4.6483
         : individual accs = ['0.706015', '0.725465', '0.721365', '0.705564', '0.724821', '0.489738', '0.495678', '0.724710', '0.714356', '0.695192', '0.713608', '0.706964', '0.503483', '0.507172', '0.484846', '0.708857', '0.722913', '0.499895', '0.506421', '0.718592']
         : correct/total = [(10048, 14232), (10327, 14235), (10291, 14266), (10031, 14217), (10320, 14238), (7039, 14373), (7111, 14346), (10388, 14334), (10211, 14294), (9992, 14373), (10236, 14344), (10111, 14302), (7227, 14354), (7284, 14362), (6943, 14320), (10204, 14395), (10402, 14389), (7127, 14257), (7217, 14251), (10347, 14399)]
         : compromised: 0.5001, honest: 0.6735
Round 010: test acc mean=0.6412 ± 0.1007 | min=0.4946 max=0.7347
         : test loss mean=2.9736 ± 3.9548
         : individual accs = ['0.712268', '0.721321', '0.704122', '0.720898', '0.734724', '0.506714', '0.494563', '0.721153', '0.716384', '0.698810', '0.711517', '0.713816', '0.506131', '0.516711', '0.505377', '0.725113', '0.699076', '0.506698', '0.495263', '0.713452']
         : correct/total = [(10137, 14232), (10268, 14235), (10045, 14266), (10249, 14217), (10461, 14238), (7283, 14373), (7095, 14346), (10337, 14334), (10240, 14294), (10044, 14373), (10206, 14344), (10209, 14302), (7265, 14354), (7421, 14362), (7237, 14320), (10438, 14395), (10059, 14389), (7224, 14257), (7058, 14251), (10273, 14399)]
         : compromised: 0.5091, honest: 0.6742

=== FINAL RESULTS ===
Dataset: sent140, Nodes: 20, Graph: ring, Aggregation: krum
Attack: krum, 20.0% compromised
Final accuracy - Compromised: 0.5091, Honest: 0.6742
Overall test accuracy: mean=0.6412 ± 0.1007
