Device: cuda
Seed: 987654321
Loading 1 LEAF Sent140 train files...
LEAF Sent140 train: 254555 users, 908652 samples
Building vocabulary (max_size=10000)...
Vocabulary size: 10000
Loading 1 LEAF Sent140 test files...
LEAF Sent140 test: 254555 users, 286281 samples
Found 254555 train users, 254555 test users, 254555 common users
User sample counts range: 494 (max) to 1 (min)
Distributed ALL 254555 users across 20 clients
Users per client: 12727 (with 15 clients getting +1 user)
Train partition sizes: [44353, 44290, 44657, 44907, 44696, 45843, 45801, 45619, 45069, 45639, 45821, 45311, 45779, 46056, 45625, 45984, 46428, 44737, 45540, 46497]
Test partition sizes: [14232, 14235, 14266, 14217, 14238, 14373, 14346, 14334, 14294, 14373, 14344, 14302, 14354, 14362, 14320, 14395, 14389, 14257, 14251, 14399]
  Client 0: 44353 train samples, 2 unique classes
  Client 1: 44290 train samples, 2 unique classes
  Client 2: 44657 train samples, 2 unique classes
  Client 3: 44907 train samples, 2 unique classes
  Client 4: 44696 train samples, 2 unique classes
  Client 5: 45843 train samples, 2 unique classes
  Client 6: 45801 train samples, 2 unique classes
  Client 7: 45619 train samples, 2 unique classes
  Client 8: 45069 train samples, 2 unique classes
  Client 9: 45639 train samples, 2 unique classes
  Client 10: 45821 train samples, 2 unique classes
  Client 11: 45311 train samples, 2 unique classes
  Client 12: 45779 train samples, 2 unique classes
  Client 13: 46056 train samples, 2 unique classes
  Client 14: 45625 train samples, 2 unique classes
  Client 15: 45984 train samples, 2 unique classes
  Client 16: 46428 train samples, 2 unique classes
  Client 17: 44737 train samples, 2 unique classes
  Client 18: 45540 train samples, 2 unique classes
  Client 19: 46497 train samples, 2 unique classes
Will sample 4500 samples per client per epoch
Graph: erdos, nodes: 20, edges: 48
Degree statistics: avg=4.80, min=2, max=7
Attack: Compromised 14/20 nodes: [1, 2, 3, 5, 6, 8, 11, 12, 13, 14, 15, 17, 18, 19]
Attack type: krum, lambda: 1.0
Model variant: baseline
Model parameters: 1,174,986
Initial test acc across nodes: mean=0.4953 ± 0.0174
Round 001: test acc mean=0.4999 ± 0.0087 | min=0.4856 max=0.5178
         : test loss mean=12.5668 ± 7.9623
         : individual accs = ['0.509134', '0.485564', '0.496004', '0.515017', '0.503512', '0.491547', '0.502579', '0.491838', '0.491395', '0.505462', '0.499303', '0.495455', '0.497910', '0.492550', '0.517807', '0.511358', '0.507610', '0.488953', '0.498632', '0.496910']
         : correct/total = [(7246, 14232), (6912, 14235), (7076, 14266), (7322, 14217), (7169, 14238), (7065, 14373), (7210, 14346), (7050, 14334), (7024, 14294), (7265, 14373), (7162, 14344), (7086, 14302), (7147, 14354), (7074, 14362), (7415, 14320), (7361, 14395), (7304, 14389), (6971, 14257), (7106, 14251), (7155, 14399)]
         : compromised: 0.4987, honest: 0.5028
Round 002: test acc mean=0.5027 ± 0.0074 | min=0.4941 max=0.5224
         : test loss mean=9.7633 ± 3.9079
         : individual accs = ['0.498595', '0.509027', '0.497897', '0.510234', '0.501405', '0.495930', '0.494145', '0.503070', '0.504198', '0.496834', '0.498885', '0.498672', '0.499582', '0.496449', '0.504120', '0.499410', '0.520259', '0.522410', '0.504175', '0.497951']
         : correct/total = [(7096, 14232), (7246, 14235), (7103, 14266), (7254, 14217), (7139, 14238), (7128, 14373), (7089, 14346), (7211, 14334), (7207, 14294), (7141, 14373), (7156, 14344), (7132, 14302), (7171, 14354), (7130, 14362), (7219, 14320), (7189, 14395), (7486, 14389), (7448, 14257), (7185, 14251), (7170, 14399)]
         : compromised: 0.5024, honest: 0.5032
Round 003: test acc mean=0.5005 ± 0.0060 | min=0.4875 max=0.5092
         : test loss mean=2.6630 ± 1.4341
         : individual accs = ['0.509134', '0.509238', '0.505117', '0.497081', '0.502107', '0.497669', '0.497979', '0.509209', '0.500490', '0.496556', '0.493516', '0.504825', '0.502020', '0.506893', '0.490223', '0.496214', '0.505386', '0.499544', '0.487545', '0.498785']
         : correct/total = [(7246, 14232), (7249, 14235), (7206, 14266), (7067, 14217), (7149, 14238), (7153, 14373), (7144, 14346), (7299, 14334), (7154, 14294), (7137, 14373), (7079, 14344), (7220, 14302), (7206, 14354), (7280, 14362), (7020, 14320), (7143, 14395), (7272, 14389), (7122, 14257), (6948, 14251), (7182, 14399)]
         : compromised: 0.4995, honest: 0.5027
Round 004: test acc mean=0.5017 ± 0.0061 | min=0.4884 max=0.5119
         : test loss mean=3.1480 ± 1.7312
         : individual accs = ['0.499508', '0.499895', '0.492009', '0.507843', '0.502528', '0.496556', '0.496654', '0.506069', '0.511124', '0.496417', '0.500837', '0.504545', '0.488435', '0.508216', '0.504818', '0.500660', '0.500313', '0.497440', '0.508385', '0.511911']
         : correct/total = [(7109, 14232), (7116, 14235), (7019, 14266), (7220, 14217), (7155, 14238), (7137, 14373), (7125, 14346), (7254, 14334), (7306, 14294), (7135, 14373), (7184, 14344), (7216, 14302), (7011, 14354), (7299, 14362), (7229, 14320), (7207, 14395), (7199, 14389), (7092, 14257), (7245, 14251), (7371, 14399)]
         : compromised: 0.5020, honest: 0.5009
Round 005: test acc mean=0.5030 ± 0.0063 | min=0.4911 max=0.5150
         : test loss mean=1.7243 ± 1.0267
         : individual accs = ['0.504427', '0.511416', '0.508552', '0.515017', '0.503020', '0.508453', '0.502091', '0.506139', '0.492654', '0.505810', '0.506135', '0.498112', '0.493033', '0.491088', '0.507472', '0.506287', '0.504344', '0.504454', '0.496667', '0.495798']
         : correct/total = [(7179, 14232), (7280, 14235), (7255, 14266), (7322, 14217), (7162, 14238), (7308, 14373), (7203, 14346), (7255, 14334), (7042, 14294), (7270, 14373), (7260, 14344), (7124, 14302), (7077, 14354), (7053, 14362), (7267, 14320), (7288, 14395), (7257, 14389), (7192, 14257), (7078, 14251), (7139, 14399)]
         : compromised: 0.5022, honest: 0.5050
Round 006: test acc mean=0.5051 ± 0.0075 | min=0.4869 max=0.5154
         : test loss mean=1.7112 ± 1.0262
         : individual accs = ['0.511734', '0.508184', '0.508271', '0.511782', '0.513204', '0.501009', '0.492332', '0.498256', '0.499930', '0.512906', '0.500837', '0.502727', '0.486903', '0.502437', '0.512640', '0.502744', '0.513170', '0.507821', '0.499895', '0.515383']
         : correct/total = [(7283, 14232), (7234, 14235), (7251, 14266), (7276, 14217), (7307, 14238), (7201, 14373), (7063, 14346), (7142, 14334), (7146, 14294), (7372, 14373), (7184, 14344), (7190, 14302), (6989, 14354), (7216, 14362), (7341, 14320), (7237, 14395), (7384, 14389), (7240, 14257), (7124, 14251), (7421, 14399)]
         : compromised: 0.5037, honest: 0.5084
Round 007: test acc mean=0.5024 ± 0.0091 | min=0.4789 max=0.5165
         : test loss mean=1.4574 ± 0.8890
         : individual accs = ['0.499859', '0.505796', '0.501752', '0.504818', '0.499508', '0.512141', '0.503416', '0.512906', '0.478872', '0.488207', '0.504880', '0.506573', '0.489968', '0.504387', '0.504330', '0.514762', '0.491139', '0.502700', '0.516525', '0.505521']
         : correct/total = [(7114, 14232), (7200, 14235), (7158, 14266), (7177, 14217), (7112, 14238), (7361, 14373), (7222, 14346), (7352, 14334), (6845, 14294), (7017, 14373), (7242, 14344), (7245, 14302), (7033, 14354), (7244, 14362), (7222, 14320), (7410, 14395), (7067, 14389), (7167, 14257), (7361, 14251), (7279, 14399)]
         : compromised: 0.5037, honest: 0.4994
Round 008: test acc mean=0.5054 ± 0.0119 | min=0.4872 max=0.5325
         : test loss mean=1.7486 ± 1.1268
         : individual accs = ['0.530143', '0.502213', '0.510164', '0.511711', '0.514960', '0.496695', '0.501046', '0.493861', '0.501679', '0.532457', '0.516104', '0.490980', '0.495332', '0.487815', '0.506494', '0.487183', '0.506012', '0.511117', '0.504456', '0.506980']
         : correct/total = [(7545, 14232), (7149, 14235), (7278, 14266), (7275, 14217), (7332, 14238), (7139, 14373), (7188, 14346), (7079, 14334), (7171, 14294), (7653, 14373), (7403, 14344), (7022, 14302), (7110, 14354), (7006, 14362), (7253, 14320), (7013, 14395), (7281, 14389), (7287, 14257), (7189, 14251), (7300, 14399)]
         : compromised: 0.5010, honest: 0.5156
Round 009: test acc mean=0.5048 ± 0.0074 | min=0.4936 max=0.5182
         : test loss mean=1.3972 ± 0.8461
         : individual accs = ['0.506605', '0.506217', '0.506028', '0.515088', '0.499719', '0.517289', '0.500139', '0.495117', '0.493634', '0.500591', '0.498397', '0.508950', '0.495611', '0.507729', '0.502584', '0.518166', '0.513239', '0.496037', '0.513017', '0.502396']
         : correct/total = [(7210, 14232), (7206, 14235), (7219, 14266), (7323, 14217), (7115, 14238), (7435, 14373), (7175, 14346), (7097, 14334), (7056, 14294), (7195, 14373), (7149, 14344), (7279, 14302), (7114, 14354), (7292, 14362), (7197, 14320), (7459, 14395), (7385, 14389), (7072, 14257), (7311, 14251), (7234, 14399)]
         : compromised: 0.5059, honest: 0.5023
Round 010: test acc mean=0.5090 ± 0.0144 | min=0.4921 max=0.5480
         : test loss mean=1.6539 ± 1.0380
         : individual accs = ['0.547990', '0.507130', '0.509673', '0.514314', '0.501896', '0.506157', '0.500976', '0.503279', '0.499370', '0.547902', '0.506553', '0.501328', '0.492058', '0.501741', '0.507961', '0.492463', '0.511293', '0.514695', '0.500035', '0.513647']
         : correct/total = [(7799, 14232), (7219, 14235), (7271, 14266), (7312, 14217), (7146, 14238), (7275, 14373), (7187, 14346), (7214, 14334), (7138, 14294), (7875, 14373), (7266, 14344), (7170, 14302), (7063, 14354), (7206, 14362), (7274, 14320), (7089, 14395), (7357, 14389), (7338, 14257), (7126, 14251), (7396, 14399)]
         : compromised: 0.5044, honest: 0.5198

=== FINAL RESULTS ===
Dataset: sent140, Nodes: 20, Graph: erdos, Aggregation: krum
Attack: krum, 70.0% compromised
Final accuracy - Compromised: 0.5044, Honest: 0.5198
Overall test accuracy: mean=0.5090 ± 0.0144
