Device: cuda
Seed: 987654321
Loading 1 LEAF Sent140 train files...
LEAF Sent140 train: 254555 users, 908652 samples
Building vocabulary (max_size=10000)...
Vocabulary size: 10000
Loading 1 LEAF Sent140 test files...
LEAF Sent140 test: 254555 users, 286281 samples
Found 254555 train users, 254555 test users, 254555 common users
User sample counts range: 494 (max) to 1 (min)
Distributed ALL 254555 users across 20 clients
Users per client: 12727 (with 15 clients getting +1 user)
Train partition sizes: [44353, 44290, 44657, 44907, 44696, 45843, 45801, 45619, 45069, 45639, 45821, 45311, 45779, 46056, 45625, 45984, 46428, 44737, 45540, 46497]
Test partition sizes: [14232, 14235, 14266, 14217, 14238, 14373, 14346, 14334, 14294, 14373, 14344, 14302, 14354, 14362, 14320, 14395, 14389, 14257, 14251, 14399]
  Client 0: 44353 train samples, 2 unique classes
  Client 1: 44290 train samples, 2 unique classes
  Client 2: 44657 train samples, 2 unique classes
  Client 3: 44907 train samples, 2 unique classes
  Client 4: 44696 train samples, 2 unique classes
  Client 5: 45843 train samples, 2 unique classes
  Client 6: 45801 train samples, 2 unique classes
  Client 7: 45619 train samples, 2 unique classes
  Client 8: 45069 train samples, 2 unique classes
  Client 9: 45639 train samples, 2 unique classes
  Client 10: 45821 train samples, 2 unique classes
  Client 11: 45311 train samples, 2 unique classes
  Client 12: 45779 train samples, 2 unique classes
  Client 13: 46056 train samples, 2 unique classes
  Client 14: 45625 train samples, 2 unique classes
  Client 15: 45984 train samples, 2 unique classes
  Client 16: 46428 train samples, 2 unique classes
  Client 17: 44737 train samples, 2 unique classes
  Client 18: 45540 train samples, 2 unique classes
  Client 19: 46497 train samples, 2 unique classes
Will sample 4500 samples per client per epoch
Graph: erdos, nodes: 20, edges: 126
Degree statistics: avg=12.60, min=8, max=16
Attack: Compromised 10/20 nodes: [1, 2, 5, 11, 12, 13, 14, 15, 17, 18]
Attack type: krum, lambda: 1.0
Model variant: baseline
Model parameters: 1,174,986
Initial test acc across nodes: mean=0.4953 ± 0.0174
Round 001: test acc mean=0.5032 ± 0.0085 | min=0.4881 max=0.5200
         : test loss mean=5.9543 ± 3.7193
         : individual accs = ['0.507518', '0.488584', '0.512547', '0.513751', '0.495013', '0.499339', '0.491775', '0.505511', '0.495383', '0.510193', '0.511154', '0.508181', '0.505713', '0.505083', '0.503561', '0.494686', '0.506707', '0.488111', '0.519964', '0.501424']
         : correct/total = [(7223, 14232), (6955, 14235), (7312, 14266), (7304, 14217), (7048, 14238), (7177, 14373), (7055, 14346), (7246, 14334), (7081, 14294), (7333, 14373), (7332, 14344), (7268, 14302), (7259, 14354), (7254, 14362), (7211, 14320), (7121, 14395), (7291, 14389), (6959, 14257), (7410, 14251), (7220, 14399)]
         : compromised: 0.5026, honest: 0.5038
Round 002: test acc mean=0.5034 ± 0.0071 | min=0.4914 max=0.5175
         : test loss mean=4.0172 ± 1.0188
         : individual accs = ['0.495152', '0.512891', '0.491378', '0.497714', '0.503793', '0.499339', '0.499791', '0.495884', '0.506856', '0.509845', '0.511364', '0.505454', '0.506688', '0.501880', '0.494693', '0.504133', '0.493710', '0.510065', '0.510140', '0.517536']
         : correct/total = [(7047, 14232), (7301, 14235), (7010, 14266), (7076, 14217), (7173, 14238), (7177, 14373), (7170, 14346), (7108, 14334), (7245, 14294), (7328, 14373), (7335, 14344), (7229, 14302), (7273, 14354), (7208, 14362), (7084, 14320), (7257, 14395), (7104, 14389), (7272, 14257), (7270, 14251), (7452, 14399)]
         : compromised: 0.5037, honest: 0.5032
Round 003: test acc mean=0.5006 ± 0.0090 | min=0.4838 max=0.5169
         : test loss mean=1.1270 ± 0.3551
         : individual accs = ['0.505902', '0.516895', '0.511286', '0.492931', '0.491502', '0.503235', '0.499930', '0.507325', '0.495243', '0.500661', '0.500418', '0.506083', '0.497144', '0.488720', '0.503980', '0.483849', '0.515811', '0.504805', '0.484317', '0.501910']
         : correct/total = [(7200, 14232), (7358, 14235), (7294, 14266), (7008, 14217), (6998, 14238), (7233, 14373), (7172, 14346), (7272, 14334), (7079, 14294), (7196, 14373), (7178, 14344), (7238, 14302), (7136, 14354), (7019, 14362), (7217, 14320), (6965, 14395), (7422, 14389), (7197, 14257), (6902, 14251), (7227, 14399)]
         : compromised: 0.5000, honest: 0.5012
Round 004: test acc mean=0.5053 ± 0.0049 | min=0.4946 max=0.5146
         : test loss mean=1.1753 ± 0.2890
         : individual accs = ['0.512929', '0.503548', '0.502523', '0.507913', '0.498455', '0.504279', '0.509898', '0.506349', '0.503778', '0.508871', '0.501952', '0.514613', '0.507385', '0.502228', '0.498813', '0.494616', '0.504274', '0.511819', '0.507543', '0.504202']
         : correct/total = [(7300, 14232), (7168, 14235), (7169, 14266), (7221, 14217), (7097, 14238), (7248, 14373), (7315, 14346), (7258, 14334), (7201, 14294), (7314, 14373), (7200, 14344), (7360, 14302), (7283, 14354), (7213, 14362), (7143, 14320), (7120, 14395), (7256, 14389), (7297, 14257), (7233, 14251), (7260, 14399)]
         : compromised: 0.5047, honest: 0.5059
Round 005: test acc mean=0.5012 ± 0.0119 | min=0.4800 max=0.5216
         : test loss mean=0.8692 ± 0.1741
         : individual accs = ['0.510540', '0.490060', '0.501472', '0.507843', '0.481458', '0.514646', '0.497560', '0.506907', '0.488667', '0.501009', '0.521612', '0.513285', '0.512819', '0.482802', '0.506006', '0.513998', '0.480019', '0.504805', '0.490001', '0.498993']
         : correct/total = [(7266, 14232), (6976, 14235), (7154, 14266), (7220, 14217), (6855, 14238), (7397, 14373), (7138, 14346), (7266, 14334), (6985, 14294), (7201, 14373), (7482, 14344), (7341, 14302), (7361, 14354), (6934, 14362), (7246, 14320), (7399, 14395), (6907, 14389), (7197, 14257), (6983, 14251), (7185, 14399)]
         : compromised: 0.5030, honest: 0.4995
Round 006: test acc mean=0.5088 ± 0.0071 | min=0.4983 max=0.5229
         : test loss mean=0.7918 ± 0.0884
         : individual accs = ['0.515739', '0.522866', '0.501963', '0.512766', '0.515733', '0.501565', '0.500627', '0.498256', '0.507626', '0.510193', '0.517708', '0.507551', '0.502090', '0.507381', '0.503212', '0.499826', '0.503301', '0.516729', '0.516104', '0.514063']
         : correct/total = [(7340, 14232), (7443, 14235), (7161, 14266), (7290, 14217), (7343, 14238), (7209, 14373), (7182, 14346), (7142, 14334), (7256, 14294), (7333, 14373), (7426, 14344), (7259, 14302), (7207, 14354), (7287, 14362), (7206, 14320), (7195, 14395), (7242, 14389), (7367, 14257), (7355, 14251), (7402, 14399)]
         : compromised: 0.5079, honest: 0.5096
Round 007: test acc mean=0.5055 ± 0.0104 | min=0.4880 max=0.5403
         : test loss mean=0.7116 ± 0.0316
         : individual accs = ['0.493746', '0.488022', '0.509253', '0.540339', '0.495505', '0.510401', '0.512617', '0.507674', '0.510564', '0.498713', '0.497978', '0.503356', '0.502996', '0.508912', '0.506355', '0.507329', '0.504205', '0.513432', '0.497369', '0.501424']
         : correct/total = [(7027, 14232), (6947, 14235), (7265, 14266), (7682, 14217), (7055, 14238), (7336, 14373), (7354, 14346), (7277, 14334), (7298, 14294), (7168, 14373), (7143, 14344), (7199, 14302), (7220, 14354), (7309, 14362), (7251, 14320), (7303, 14395), (7255, 14389), (7320, 14257), (7088, 14251), (7220, 14399)]
         : compromised: 0.5047, honest: 0.5063
Round 008: test acc mean=0.5225 ± 0.0118 | min=0.5083 max=0.5475
         : test loss mean=0.7542 ± 0.0600
         : individual accs = ['0.539207', '0.536424', '0.510164', '0.528171', '0.513766', '0.510471', '0.510177', '0.510186', '0.513782', '0.530578', '0.547476', '0.520067', '0.541382', '0.517546', '0.517807', '0.508301', '0.514282', '0.534965', '0.523753', '0.521911']
         : correct/total = [(7674, 14232), (7636, 14235), (7278, 14266), (7509, 14217), (7315, 14238), (7337, 14373), (7319, 14346), (7313, 14334), (7344, 14294), (7626, 14373), (7853, 14344), (7438, 14302), (7771, 14354), (7433, 14362), (7415, 14320), (7317, 14395), (7400, 14389), (7627, 14257), (7464, 14251), (7515, 14399)]
         : compromised: 0.5221, honest: 0.5230
Round 009: test acc mean=0.5011 ± 0.0055 | min=0.4894 max=0.5118
         : test loss mean=0.7164 ± 0.0292
         : individual accs = ['0.497330', '0.489357', '0.506940', '0.503622', '0.496067', '0.501148', '0.507110', '0.501116', '0.500770', '0.496973', '0.500000', '0.502447', '0.508012', '0.510723', '0.493575', '0.500938', '0.497116', '0.511819', '0.498632', '0.498924']
         : correct/total = [(7078, 14232), (6966, 14235), (7232, 14266), (7160, 14217), (7063, 14238), (7203, 14373), (7275, 14346), (7183, 14334), (7158, 14294), (7143, 14373), (7172, 14344), (7186, 14302), (7292, 14354), (7335, 14362), (7068, 14320), (7211, 14395), (7153, 14389), (7297, 14257), (7106, 14251), (7184, 14399)]
         : compromised: 0.5024, honest: 0.4999
Round 010: test acc mean=0.5363 ± 0.0132 | min=0.5134 max=0.5572
         : test loss mean=0.7229 ± 0.0424
         : individual accs = ['0.544126', '0.552792', '0.513388', '0.526201', '0.557171', '0.533570', '0.524676', '0.527208', '0.523366', '0.539136', '0.545664', '0.523004', '0.550021', '0.555215', '0.538827', '0.524766', '0.516436', '0.533422', '0.548733', '0.549066']
         : correct/total = [(7744, 14232), (7869, 14235), (7324, 14266), (7481, 14217), (7933, 14238), (7669, 14373), (7527, 14346), (7557, 14334), (7481, 14294), (7749, 14373), (7827, 14344), (7480, 14302), (7895, 14354), (7974, 14362), (7716, 14320), (7554, 14395), (7431, 14389), (7605, 14257), (7820, 14251), (7906, 14399)]
         : compromised: 0.5374, honest: 0.5353

=== FINAL RESULTS ===
Dataset: sent140, Nodes: 20, Graph: erdos, Aggregation: d-fedavg
Attack: krum, 50.0% compromised
Final accuracy - Compromised: 0.5374, Honest: 0.5353
Overall test accuracy: mean=0.5363 ± 0.0132
