Device: cuda
Seed: 987654321
Loading 1 LEAF Sent140 train files...
LEAF Sent140 train: 254555 users, 908652 samples
Building vocabulary (max_size=10000)...
Vocabulary size: 10000
Loading 1 LEAF Sent140 test files...
LEAF Sent140 test: 254555 users, 286281 samples
Found 254555 train users, 254555 test users, 254555 common users
User sample counts range: 494 (max) to 1 (min)
Distributed ALL 254555 users across 20 clients
Users per client: 12727 (with 15 clients getting +1 user)
Train partition sizes: [44353, 44290, 44657, 44907, 44696, 45843, 45801, 45619, 45069, 45639, 45821, 45311, 45779, 46056, 45625, 45984, 46428, 44737, 45540, 46497]
Test partition sizes: [14232, 14235, 14266, 14217, 14238, 14373, 14346, 14334, 14294, 14373, 14344, 14302, 14354, 14362, 14320, 14395, 14389, 14257, 14251, 14399]
  Client 0: 44353 train samples, 2 unique classes
  Client 1: 44290 train samples, 2 unique classes
  Client 2: 44657 train samples, 2 unique classes
  Client 3: 44907 train samples, 2 unique classes
  Client 4: 44696 train samples, 2 unique classes
  Client 5: 45843 train samples, 2 unique classes
  Client 6: 45801 train samples, 2 unique classes
  Client 7: 45619 train samples, 2 unique classes
  Client 8: 45069 train samples, 2 unique classes
  Client 9: 45639 train samples, 2 unique classes
  Client 10: 45821 train samples, 2 unique classes
  Client 11: 45311 train samples, 2 unique classes
  Client 12: 45779 train samples, 2 unique classes
  Client 13: 46056 train samples, 2 unique classes
  Client 14: 45625 train samples, 2 unique classes
  Client 15: 45984 train samples, 2 unique classes
  Client 16: 46428 train samples, 2 unique classes
  Client 17: 44737 train samples, 2 unique classes
  Client 18: 45540 train samples, 2 unique classes
  Client 19: 46497 train samples, 2 unique classes
Will sample 4500 samples per client per epoch
Graph: fully, nodes: 20, edges: 190
Degree statistics: avg=19.00, min=19, max=19
Attack: Compromised 8/20 nodes: [1, 5, 11, 12, 13, 14, 17, 18]
Attack type: krum, lambda: 1.0
Model variant: baseline
Model parameters: 1,174,986
Initial test acc across nodes: mean=0.4953 ± 0.0174
Round 001: test acc mean=0.4999 ± 0.0062 | min=0.4838 max=0.5077
         : test loss mean=25.0115 ± 8.3414
         : individual accs = ['0.506464', '0.483808', '0.492990', '0.499121', '0.505197', '0.493077', '0.497491', '0.494349', '0.500979', '0.507062', '0.501394', '0.503985', '0.507733', '0.496449', '0.495670', '0.506704', '0.507540', '0.497861', '0.495474', '0.505243']
         : correct/total = [(7208, 14232), (6887, 14235), (7033, 14266), (7096, 14217), (7193, 14238), (7087, 14373), (7137, 14346), (7086, 14334), (7161, 14294), (7288, 14373), (7192, 14344), (7208, 14302), (7288, 14354), (7130, 14362), (7098, 14320), (7294, 14395), (7303, 14389), (7098, 14257), (7061, 14251), (7275, 14399)]
         : compromised: 0.4968, honest: 0.5020
Round 002: test acc mean=0.5053 ± 0.0047 | min=0.4980 max=0.5154
         : test loss mean=1.0439 ± 0.0085
         : individual accs = ['0.502178', '0.514436', '0.510444', '0.515439', '0.506181', '0.502887', '0.498118', '0.505093', '0.501119', '0.510471', '0.501952', '0.506642', '0.498049', '0.499513', '0.502933', '0.505940', '0.507610', '0.505716', '0.507964', '0.503785']
         : correct/total = [(7147, 14232), (7323, 14235), (7282, 14266), (7328, 14217), (7207, 14238), (7228, 14373), (7146, 14346), (7240, 14334), (7163, 14294), (7337, 14373), (7200, 14344), (7246, 14302), (7149, 14354), (7174, 14362), (7202, 14320), (7283, 14395), (7304, 14389), (7210, 14257), (7239, 14251), (7254, 14399)]
         : compromised: 0.5048, honest: 0.5057
Round 003: test acc mean=0.4985 ± 0.0045 | min=0.4887 max=0.5085
         : test loss mean=0.6963 ± 0.0007
         : individual accs = ['0.497822', '0.488725', '0.493201', '0.496589', '0.508498', '0.501983', '0.501046', '0.497558', '0.497621', '0.499409', '0.496235', '0.495385', '0.499512', '0.508286', '0.493017', '0.496700', '0.499687', '0.501438', '0.498351', '0.498993']
         : correct/total = [(7085, 14232), (6957, 14235), (7036, 14266), (7060, 14217), (7240, 14238), (7215, 14373), (7188, 14346), (7132, 14334), (7113, 14294), (7178, 14373), (7118, 14344), (7085, 14302), (7170, 14354), (7300, 14362), (7060, 14320), (7150, 14395), (7190, 14389), (7149, 14257), (7102, 14251), (7185, 14399)]
         : compromised: 0.4983, honest: 0.4986
Round 004: test acc mean=0.4982 ± 0.0045 | min=0.4912 max=0.5067
         : test loss mean=0.7489 ± 0.0037
         : individual accs = ['0.497470', '0.503969', '0.506659', '0.506225', '0.494451', '0.495443', '0.491217', '0.504744', '0.494753', '0.499965', '0.496026', '0.497902', '0.495820', '0.491854', '0.498115', '0.500729', '0.498019', '0.493512', '0.502070', '0.496007']
         : correct/total = [(7080, 14232), (7174, 14235), (7228, 14266), (7197, 14217), (7040, 14238), (7121, 14373), (7047, 14346), (7235, 14334), (7072, 14294), (7186, 14373), (7115, 14344), (7121, 14302), (7117, 14354), (7064, 14362), (7133, 14320), (7208, 14395), (7166, 14389), (7036, 14257), (7155, 14251), (7142, 14399)]
         : compromised: 0.4973, honest: 0.4989
Round 005: test acc mean=0.4964 ± 0.0053 | min=0.4851 max=0.5069
         : test loss mean=1.0863 ± 0.0119
         : individual accs = ['0.492974', '0.485072', '0.491939', '0.486249', '0.496488', '0.497391', '0.501255', '0.494279', '0.500909', '0.492869', '0.501394', '0.495315', '0.503344', '0.506893', '0.491830', '0.500243', '0.497463', '0.496458', '0.495825', '0.500382']
         : correct/total = [(7016, 14232), (6905, 14235), (7018, 14266), (6913, 14217), (7069, 14238), (7149, 14373), (7191, 14346), (7085, 14334), (7160, 14294), (7084, 14373), (7192, 14344), (7084, 14302), (7225, 14354), (7280, 14362), (7043, 14320), (7201, 14395), (7158, 14389), (7078, 14257), (7066, 14251), (7205, 14399)]
         : compromised: 0.4965, honest: 0.4964
Round 006: test acc mean=0.5024 ± 0.0043 | min=0.4941 max=0.5088
         : test loss mean=0.7252 ± 0.0023
         : individual accs = ['0.496627', '0.508816', '0.507781', '0.507210', '0.505759', '0.500870', '0.501394', '0.502442', '0.497971', '0.494051', '0.501325', '0.507272', '0.508360', '0.506127', '0.501955', '0.501355', '0.498575', '0.495195', '0.502912', '0.502882']
         : correct/total = [(7068, 14232), (7243, 14235), (7244, 14266), (7211, 14217), (7201, 14238), (7199, 14373), (7193, 14346), (7202, 14334), (7118, 14294), (7101, 14373), (7191, 14344), (7255, 14302), (7297, 14354), (7269, 14362), (7188, 14320), (7217, 14395), (7174, 14389), (7060, 14257), (7167, 14251), (7241, 14399)]
         : compromised: 0.5039, honest: 0.5014
Round 007: test acc mean=0.5050 ± 0.0055 | min=0.4927 max=0.5167
         : test loss mean=181.9541 ± 2.1588
         : individual accs = ['0.507940', '0.516684', '0.513108', '0.515088', '0.505268', '0.504348', '0.500209', '0.506976', '0.501539', '0.504209', '0.501534', '0.505943', '0.497004', '0.492689', '0.507612', '0.502327', '0.507193', '0.504244', '0.504596', '0.502049']
         : correct/total = [(7229, 14232), (7355, 14235), (7320, 14266), (7323, 14217), (7194, 14238), (7249, 14373), (7176, 14346), (7267, 14334), (7169, 14294), (7247, 14373), (7194, 14344), (7236, 14302), (7134, 14354), (7076, 14362), (7269, 14320), (7231, 14395), (7298, 14389), (7189, 14257), (7191, 14251), (7229, 14399)]
         : compromised: 0.5041, honest: 0.5056
Round 008: test acc mean=0.5027 ± 0.0047 | min=0.4936 max=0.5109
         : test loss mean=7.3391 ± 0.0760
         : individual accs = ['0.501054', '0.493572', '0.494883', '0.494478', '0.507023', '0.502818', '0.506064', '0.505163', '0.504058', '0.503722', '0.508436', '0.503706', '0.509893', '0.510932', '0.499860', '0.506356', '0.501633', '0.499474', '0.499614', '0.502049']
         : correct/total = [(7131, 14232), (7026, 14235), (7060, 14266), (7030, 14217), (7219, 14238), (7227, 14373), (7260, 14346), (7241, 14334), (7205, 14294), (7240, 14373), (7293, 14344), (7204, 14302), (7319, 14354), (7338, 14362), (7158, 14320), (7289, 14395), (7218, 14389), (7121, 14257), (7120, 14251), (7229, 14399)]
         : compromised: 0.5025, honest: 0.5029
Round 009: test acc mean=0.4906 ± 0.0057 | min=0.4784 max=0.5015
         : test loss mean=12.6889 ± 0.1736
         : individual accs = ['0.489250', '0.479382', '0.487523', '0.478441', '0.492134', '0.492660', '0.496794', '0.489535', '0.495732', '0.490086', '0.496235', '0.485736', '0.497422', '0.501532', '0.485754', '0.494755', '0.485857', '0.488813', '0.491474', '0.493854']
         : correct/total = [(6963, 14232), (6824, 14235), (6955, 14266), (6802, 14217), (7007, 14238), (7081, 14373), (7127, 14346), (7017, 14334), (7086, 14294), (7044, 14373), (7118, 14344), (6947, 14302), (7140, 14354), (7203, 14362), (6956, 14320), (7122, 14395), (6991, 14389), (6969, 14257), (7004, 14251), (7111, 14399)]
         : compromised: 0.4903, honest: 0.4908
Round 010: test acc mean=0.5085 ± 0.0042 | min=0.5019 max=0.5182
         : test loss mean=2.3489 ± 0.0328
         : individual accs = ['0.510118', '0.502705', '0.511356', '0.509672', '0.507023', '0.501913', '0.511223', '0.506418', '0.511403', '0.504557', '0.501952', '0.504265', '0.518183', '0.510583', '0.506355', '0.507051', '0.512614', '0.506979', '0.513227', '0.513230']
         : correct/total = [(7260, 14232), (7156, 14235), (7295, 14266), (7246, 14217), (7219, 14238), (7214, 14373), (7334, 14346), (7259, 14334), (7310, 14294), (7252, 14373), (7200, 14344), (7212, 14302), (7438, 14354), (7333, 14362), (7251, 14320), (7299, 14395), (7376, 14389), (7228, 14257), (7314, 14251), (7390, 14399)]
         : compromised: 0.5080, honest: 0.5089

=== FINAL RESULTS ===
Dataset: sent140, Nodes: 20, Graph: fully, Aggregation: krum
Attack: krum, 40.0% compromised
Final accuracy - Compromised: 0.5080, Honest: 0.5089
Overall test accuracy: mean=0.5085 ± 0.0042
