Device: cuda
Seed: 987654321
Loading 1 LEAF Sent140 train files...
LEAF Sent140 train: 254555 users, 908652 samples
Building vocabulary (max_size=10000)...
Vocabulary size: 10000
Loading 1 LEAF Sent140 test files...
LEAF Sent140 test: 254555 users, 286281 samples
Found 254555 train users, 254555 test users, 254555 common users
User sample counts range: 494 (max) to 1 (min)
Distributed ALL 254555 users across 20 clients
Users per client: 12727 (with 15 clients getting +1 user)
Train partition sizes: [44353, 44290, 44657, 44907, 44696, 45843, 45801, 45619, 45069, 45639, 45821, 45311, 45779, 46056, 45625, 45984, 46428, 44737, 45540, 46497]
Test partition sizes: [14232, 14235, 14266, 14217, 14238, 14373, 14346, 14334, 14294, 14373, 14344, 14302, 14354, 14362, 14320, 14395, 14389, 14257, 14251, 14399]
  Client 0: 44353 train samples, 2 unique classes
  Client 1: 44290 train samples, 2 unique classes
  Client 2: 44657 train samples, 2 unique classes
  Client 3: 44907 train samples, 2 unique classes
  Client 4: 44696 train samples, 2 unique classes
  Client 5: 45843 train samples, 2 unique classes
  Client 6: 45801 train samples, 2 unique classes
  Client 7: 45619 train samples, 2 unique classes
  Client 8: 45069 train samples, 2 unique classes
  Client 9: 45639 train samples, 2 unique classes
  Client 10: 45821 train samples, 2 unique classes
  Client 11: 45311 train samples, 2 unique classes
  Client 12: 45779 train samples, 2 unique classes
  Client 13: 46056 train samples, 2 unique classes
  Client 14: 45625 train samples, 2 unique classes
  Client 15: 45984 train samples, 2 unique classes
  Client 16: 46428 train samples, 2 unique classes
  Client 17: 44737 train samples, 2 unique classes
  Client 18: 45540 train samples, 2 unique classes
  Client 19: 46497 train samples, 2 unique classes
Will sample 4500 samples per client per epoch
Graph: erdos, nodes: 20, edges: 99
Degree statistics: avg=9.90, min=7, max=14
Attack: Compromised 8/20 nodes: [1, 5, 11, 12, 13, 14, 17, 18]
Attack type: backdoor, lambda: 1.0
Backdoor target label: 1, trigger size: 3
Model variant: baseline
Model parameters: 1,174,986
Sketchguard Node 0:
  Model dim: 1,174,986 → Sketch size: 180
  Compression ratio: 6527.7x
  Using model parameters for aggregation, sketches for filtering
Sketchguard Node 1:
  Model dim: 1,174,986 → Sketch size: 180
  Compression ratio: 6527.7x
  Using model parameters for aggregation, sketches for filtering
Sketchguard Node 2:
  Model dim: 1,174,986 → Sketch size: 180
  Compression ratio: 6527.7x
  Using model parameters for aggregation, sketches for filtering
Sketchguard Node 3:
  Model dim: 1,174,986 → Sketch size: 180
  Compression ratio: 6527.7x
  Using model parameters for aggregation, sketches for filtering
Sketchguard Node 4:
  Model dim: 1,174,986 → Sketch size: 180
  Compression ratio: 6527.7x
  Using model parameters for aggregation, sketches for filtering
Sketchguard Node 5:
  Model dim: 1,174,986 → Sketch size: 180
  Compression ratio: 6527.7x
  Using model parameters for aggregation, sketches for filtering
Sketchguard Node 6:
  Model dim: 1,174,986 → Sketch size: 180
  Compression ratio: 6527.7x
  Using model parameters for aggregation, sketches for filtering
Sketchguard Node 7:
  Model dim: 1,174,986 → Sketch size: 180
  Compression ratio: 6527.7x
  Using model parameters for aggregation, sketches for filtering
Sketchguard Node 8:
  Model dim: 1,174,986 → Sketch size: 180
  Compression ratio: 6527.7x
  Using model parameters for aggregation, sketches for filtering
Sketchguard Node 9:
  Model dim: 1,174,986 → Sketch size: 180
  Compression ratio: 6527.7x
  Using model parameters for aggregation, sketches for filtering
Sketchguard Node 10:
  Model dim: 1,174,986 → Sketch size: 180
  Compression ratio: 6527.7x
  Using model parameters for aggregation, sketches for filtering
Sketchguard Node 11:
  Model dim: 1,174,986 → Sketch size: 180
  Compression ratio: 6527.7x
  Using model parameters for aggregation, sketches for filtering
Sketchguard Node 12:
  Model dim: 1,174,986 → Sketch size: 180
  Compression ratio: 6527.7x
  Using model parameters for aggregation, sketches for filtering
Sketchguard Node 13:
  Model dim: 1,174,986 → Sketch size: 180
  Compression ratio: 6527.7x
  Using model parameters for aggregation, sketches for filtering
Sketchguard Node 14:
  Model dim: 1,174,986 → Sketch size: 180
  Compression ratio: 6527.7x
  Using model parameters for aggregation, sketches for filtering
Sketchguard Node 15:
  Model dim: 1,174,986 → Sketch size: 180
  Compression ratio: 6527.7x
  Using model parameters for aggregation, sketches for filtering
Sketchguard Node 16:
  Model dim: 1,174,986 → Sketch size: 180
  Compression ratio: 6527.7x
  Using model parameters for aggregation, sketches for filtering
Sketchguard Node 17:
  Model dim: 1,174,986 → Sketch size: 180
  Compression ratio: 6527.7x
  Using model parameters for aggregation, sketches for filtering
Sketchguard Node 18:
  Model dim: 1,174,986 → Sketch size: 180
  Compression ratio: 6527.7x
  Using model parameters for aggregation, sketches for filtering
Sketchguard Node 19:
  Model dim: 1,174,986 → Sketch size: 180
  Compression ratio: 6527.7x
  Using model parameters for aggregation, sketches for filtering
Sketchguard ALGORITHM (Sketch-based Filtering + State Aggregation)
  - Model dimension: 1,174,986 parameters
  - Config: SketchguardConfig(gamma=2, kappa=1, alpha=0.5, min_neighbors=1, sketch_size=180, network_seed=987654321, attack_detection_window=5)
  - Sketch size: 180
  - Compression ratio: 6527.7x
  - Complexity: O(d + N×k) = O(1,174,986 + 20×180)
  - Theoretical speedup vs BALANCE: 19.9x
Initial test acc across nodes: mean=0.4953 ± 0.0174
Backdoor attack: Created poisoned datasets for 8 compromised nodes
Round 001: test acc mean=0.5060 ± 0.0109 | min=0.4830 max=0.5232
         : test loss mean=17.2749 ± 21.3763
         : individual accs = ['0.492693', '0.523217', '0.482966', '0.511993', '0.503301', '0.512210', '0.516241', '0.510465', '0.522877', '0.497530', '0.494771', '0.513355', '0.513794', '0.503133', '0.516271', '0.491004', '0.491834', '0.505155', '0.509227', '0.508646']
         : correct/total = [(7012, 14232), (7448, 14235), (6890, 14266), (7279, 14217), (7166, 14238), (7362, 14373), (7406, 14346), (7317, 14334), (7474, 14294), (7151, 14373), (7097, 14344), (7342, 14302), (7375, 14354), (7226, 14362), (7393, 14320), (7068, 14395), (7077, 14389), (7202, 14257), (7257, 14251), (7324, 14399)]
         : compromised: 0.5120, honest: 0.5020
         : sketchguard stats = ['Node 0: acc_rate=1.000', 'Node 1: acc_rate=1.000', 'Node 2: acc_rate=1.000']...
Round 002: test acc mean=0.5299 ± 0.0283 | min=0.4926 max=0.5747
         : test loss mean=223.2245 ± 285.7689
         : individual accs = ['0.562535', '0.507130', '0.548998', '0.500528', '0.523037', '0.498922', '0.560923', '0.513534', '0.547992', '0.562722', '0.566369', '0.510278', '0.509823', '0.492619', '0.502165', '0.553873', '0.574745', '0.506418', '0.494702', '0.559692']
         : correct/total = [(8006, 14232), (7219, 14235), (7832, 14266), (7116, 14217), (7447, 14238), (7171, 14373), (8047, 14346), (7361, 14334), (7833, 14294), (8088, 14373), (8124, 14344), (7298, 14302), (7318, 14354), (7075, 14362), (7191, 14320), (7973, 14395), (8270, 14389), (7220, 14257), (7050, 14251), (8059, 14399)]
         : compromised: 0.5028, honest: 0.5479
         : sketchguard stats = ['Node 0: acc_rate=0.792', 'Node 1: acc_rate=1.000', 'Node 2: acc_rate=0.750']...
Round 003: test acc mean=0.5485 ± 0.0413 | min=0.4951 max=0.6146
         : test loss mean=8103.3587 ± 10191.4396
         : individual accs = ['0.590992', '0.511626', '0.583485', '0.558908', '0.614623', '0.504209', '0.571867', '0.566276', '0.578005', '0.605162', '0.603737', '0.509789', '0.499791', '0.495126', '0.506494', '0.522959', '0.585030', '0.500947', '0.499053', '0.561567']
         : correct/total = [(8411, 14232), (7283, 14235), (8324, 14266), (7946, 14217), (8751, 14238), (7247, 14373), (8204, 14346), (8117, 14334), (8262, 14294), (8698, 14373), (8660, 14344), (7291, 14302), (7174, 14354), (7111, 14362), (7253, 14320), (7528, 14395), (8418, 14389), (7142, 14257), (7112, 14251), (8086, 14399)]
         : compromised: 0.5034, honest: 0.5786
         : sketchguard stats = ['Node 0: acc_rate=0.722', 'Node 1: acc_rate=1.000', 'Node 2: acc_rate=0.667']...
Round 004: test acc mean=0.5776 ± 0.0625 | min=0.4875 max=0.6422
         : test loss mean=1005994.8466 ± 1263599.1473
         : individual accs = ['0.629286', '0.513523', '0.630730', '0.620736', '0.642225', '0.493286', '0.627353', '0.627668', '0.616412', '0.630696', '0.627649', '0.499790', '0.493242', '0.487537', '0.513897', '0.621535', '0.631872', '0.504875', '0.506631', '0.633377']
         : correct/total = [(8956, 14232), (7310, 14235), (8998, 14266), (8825, 14217), (9144, 14238), (7090, 14373), (9000, 14346), (8997, 14334), (8811, 14294), (9065, 14373), (9003, 14344), (7148, 14302), (7080, 14354), (7002, 14362), (7359, 14320), (8947, 14395), (9092, 14389), (7198, 14257), (7220, 14251), (9120, 14399)]
         : compromised: 0.5016, honest: 0.6283
         : sketchguard stats = ['Node 0: acc_rate=0.688', 'Node 1: acc_rate=1.000', 'Node 2: acc_rate=0.625']...
Round 005: test acc mean=0.5872 ± 0.0663 | min=0.4954 max=0.6490
         : test loss mean=54543675.5036 ± 76628315.7061
         : individual accs = ['0.641442', '0.515911', '0.639002', '0.644158', '0.649038', '0.495373', '0.647637', '0.634994', '0.648034', '0.628192', '0.629601', '0.505943', '0.514769', '0.508286', '0.502095', '0.635568', '0.647925', '0.505716', '0.503333', '0.646850']
         : correct/total = [(9129, 14232), (7344, 14235), (9116, 14266), (9158, 14217), (9241, 14238), (7120, 14373), (9291, 14346), (9102, 14334), (9263, 14294), (9029, 14373), (9031, 14344), (7236, 14302), (7389, 14354), (7300, 14362), (7190, 14320), (9149, 14395), (9323, 14389), (7210, 14257), (7173, 14251), (9314, 14399)]
         : compromised: 0.5064, honest: 0.6410
         : sketchguard stats = ['Node 0: acc_rate=0.667', 'Node 1: acc_rate=1.000', 'Node 2: acc_rate=0.600']...
Round 006: test acc mean=0.5949 ± 0.0710 | min=0.4995 max=0.6605
         : test loss mean=2942112486.3907 ± 3971549708.8303
         : individual accs = ['0.654160', '0.509800', '0.646712', '0.660547', '0.656131', '0.525012', '0.657117', '0.656481', '0.655380', '0.648716', '0.641104', '0.511677', '0.503483', '0.511628', '0.503561', '0.653560', '0.649802', '0.499544', '0.501017', '0.652129']
         : correct/total = [(9310, 14232), (7257, 14235), (9226, 14266), (9391, 14217), (9342, 14238), (7546, 14373), (9427, 14346), (9410, 14334), (9368, 14294), (9324, 14373), (9196, 14344), (7318, 14302), (7227, 14354), (7348, 14362), (7211, 14320), (9408, 14395), (9350, 14389), (7122, 14257), (7140, 14251), (9390, 14399)]
         : compromised: 0.5082, honest: 0.6527
         : sketchguard stats = ['Node 0: acc_rate=0.653', 'Node 1: acc_rate=1.000', 'Node 2: acc_rate=0.583']...
Round 007: test acc mean=0.5968 ± 0.0717 | min=0.4924 max=0.6658
         : test loss mean=215926918990.2630 ± 285245985617.1741
         : individual accs = ['0.661397', '0.522023', '0.650498', '0.665752', '0.662382', '0.513950', '0.647637', '0.653481', '0.658108', '0.658179', '0.650516', '0.511677', '0.507176', '0.513647', '0.505796', '0.643418', '0.649871', '0.492390', '0.508175', '0.659074']
         : correct/total = [(9413, 14232), (7431, 14235), (9280, 14266), (9465, 14217), (9431, 14238), (7387, 14373), (9291, 14346), (9367, 14334), (9407, 14294), (9460, 14373), (9331, 14344), (7318, 14302), (7280, 14354), (7377, 14362), (7243, 14320), (9262, 14395), (9351, 14389), (7020, 14257), (7242, 14251), (9490, 14399)]
         : compromised: 0.5094, honest: 0.6550
         : sketchguard stats = ['Node 0: acc_rate=0.643', 'Node 1: acc_rate=0.857', 'Node 2: acc_rate=0.571']...
Round 008: test acc mean=0.5998 ± 0.0785 | min=0.4871 max=0.6710
         : test loss mean=26115855146511.8711 ± 34739438298453.2461
         : individual accs = ['0.661327', '0.487109', '0.644399', '0.670957', '0.659362', '0.497600', '0.667573', '0.665899', '0.665804', '0.666806', '0.660764', '0.511747', '0.508917', '0.501114', '0.514246', '0.664119', '0.667524', '0.507751', '0.504105', '0.668310']
         : correct/total = [(9412, 14232), (6934, 14235), (9193, 14266), (9539, 14217), (9388, 14238), (7152, 14373), (9577, 14346), (9545, 14334), (9517, 14294), (9584, 14373), (9478, 14344), (7319, 14302), (7305, 14354), (7197, 14362), (7364, 14320), (9560, 14395), (9605, 14389), (7239, 14257), (7184, 14251), (9623, 14399)]
         : compromised: 0.5041, honest: 0.6636
         : sketchguard stats = ['Node 0: acc_rate=0.635', 'Node 1: acc_rate=0.750', 'Node 2: acc_rate=0.562']...
Round 009: test acc mean=0.5988 ± 0.0769 | min=0.4958 max=0.6707
         : test loss mean=1840330835299488.7500 ± 2455966927658291.0000
         : individual accs = ['0.659078', '0.517949', '0.660311', '0.669551', '0.670740', '0.495930', '0.645476', '0.668760', '0.666573', '0.661031', '0.655814', '0.507971', '0.516093', '0.495822', '0.500628', '0.650226', '0.669678', '0.506348', '0.499965', '0.658240']
         : correct/total = [(9380, 14232), (7373, 14235), (9420, 14266), (9519, 14217), (9550, 14238), (7128, 14373), (9260, 14346), (9586, 14334), (9528, 14294), (9501, 14373), (9407, 14344), (7265, 14302), (7408, 14354), (7121, 14362), (7169, 14320), (9360, 14395), (9636, 14389), (7219, 14257), (7125, 14251), (9478, 14399)]
         : compromised: 0.5051, honest: 0.6613
         : sketchguard stats = ['Node 0: acc_rate=0.630', 'Node 1: acc_rate=0.667', 'Node 2: acc_rate=0.556']...
Round 010: test acc mean=0.6042 ± 0.0842 | min=0.4912 max=0.6815
         : test loss mean=190606104967090976.0000 ± 253545953632362208.0000
         : individual accs = ['0.678120', '0.497085', '0.643909', '0.681508', '0.678115', '0.501009', '0.677959', '0.676922', '0.671960', '0.672581', '0.674568', '0.508530', '0.511425', '0.491227', '0.495531', '0.668913', '0.678504', '0.496177', '0.511754', '0.668033']
         : correct/total = [(9651, 14232), (7076, 14235), (9186, 14266), (9689, 14217), (9655, 14238), (7201, 14373), (9726, 14346), (9703, 14334), (9605, 14294), (9667, 14373), (9676, 14344), (7273, 14302), (7341, 14354), (7055, 14362), (7096, 14320), (9629, 14395), (9763, 14389), (7074, 14257), (7293, 14251), (9619, 14399)]
         : compromised: 0.5016, honest: 0.6726
         : sketchguard stats = ['Node 0: acc_rate=0.625', 'Node 1: acc_rate=0.600', 'Node 2: acc_rate=0.550']...

=== FINAL RESULTS ===
Dataset: sent140, Nodes: 20, Graph: erdos, Aggregation: sketchguard
Attack: backdoor, 40.0% compromised
Final accuracy - Compromised: 0.5016, Honest: 0.6726
Overall test accuracy: mean=0.6042 ± 0.0842

=== BACKDOOR ATTACK SUCCESS RATE (ASR) ===
Target label: 1
Trigger size: 3x3
Overall ASR: 0.6309 ± 0.2143
Honest nodes ASR: 0.5304 ± 0.0635
Compromised nodes ASR: 0.7816 ± 0.2663
Note: Higher ASR indicates more successful backdoor attack

=== Sketchguard SUMMARY ===
Node 0: acceptance=0.625
Node 1: acceptance=0.600
Node 2: acceptance=0.550
Node 3: acceptance=0.614
Node 4: acceptance=0.500
Node 5: acceptance=0.600
Node 6: acceptance=0.550
Node 7: acceptance=0.509
Node 8: acceptance=0.357
Node 9: acceptance=0.836
Node 10: acceptance=0.662
Node 11: acceptance=0.600
Node 12: acceptance=0.600
Node 13: acceptance=0.600
Node 14: acceptance=0.600
Node 15: acceptance=0.500
Node 16: acceptance=0.486
Node 17: acceptance=0.600
Node 18: acceptance=0.600
Node 19: acceptance=0.550

=== PARALLEL EXECUTION TIME (realistic for distributed system) ===
  COMMUNICATION (max across nodes):
    - Sketch transfer: 0.000s (0.0%)
    - Model fetch (accepted): 0.000s (0.0%)
  COMPUTATION (max across nodes):
    - Sketching: 0.398s (94.8%)
    - Filtering: 0.003s (0.7%)
    - Aggregation: 0.019s (4.5%)
  TOTALS:
    - Total computation: 0.419s (100.0%)
    - Total communication: 0.000s (0.0%)
    - Total parallel time: 0.419s

=== PER-NODE AVERAGE TIME ===
  - Sketching: 0.292s
  - Filtering: 0.001s
  - Aggregation: 0.013s
  - Sketch transfer: 0.000s
  - Model fetch: 0.000s
  - Total per node: 0.305s

=== TOTAL COMPUTATIONAL WORK (sum across all nodes) ===
  - Total sketching: 5.845s
  - Total filtering: 0.013s
  - Total aggregation: 0.251s
  - Total sketch transfer: 0.000s
  - Total model fetch: 0.000s
  - Grand total: 6.110s
  - Mean acceptance rate: 0.577

Sketchguard Algorithm Properties:
  - Original dimension: 1,174,986
  - Sketch size: 180
  - Compression ratio: 19.9x
  - Single repetition: No repetitions needed
  - Theoretical complexity: O(d + N×k)
  - Approach: Sketch filtering + state aggregation
