Device: cuda
Seed: 987654321
Loading 1 LEAF Sent140 train files...
LEAF Sent140 train: 254555 users, 908652 samples
Building vocabulary (max_size=10000)...
Vocabulary size: 10000
Loading 1 LEAF Sent140 test files...
LEAF Sent140 test: 254555 users, 286281 samples
Found 254555 train users, 254555 test users, 254555 common users
User sample counts range: 494 (max) to 1 (min)
Distributed ALL 254555 users across 20 clients
Users per client: 12727 (with 15 clients getting +1 user)
Train partition sizes: [44353, 44290, 44657, 44907, 44696, 45843, 45801, 45619, 45069, 45639, 45821, 45311, 45779, 46056, 45625, 45984, 46428, 44737, 45540, 46497]
Test partition sizes: [14232, 14235, 14266, 14217, 14238, 14373, 14346, 14334, 14294, 14373, 14344, 14302, 14354, 14362, 14320, 14395, 14389, 14257, 14251, 14399]
  Client 0: 44353 train samples, 2 unique classes
  Client 1: 44290 train samples, 2 unique classes
  Client 2: 44657 train samples, 2 unique classes
  Client 3: 44907 train samples, 2 unique classes
  Client 4: 44696 train samples, 2 unique classes
  Client 5: 45843 train samples, 2 unique classes
  Client 6: 45801 train samples, 2 unique classes
  Client 7: 45619 train samples, 2 unique classes
  Client 8: 45069 train samples, 2 unique classes
  Client 9: 45639 train samples, 2 unique classes
  Client 10: 45821 train samples, 2 unique classes
  Client 11: 45311 train samples, 2 unique classes
  Client 12: 45779 train samples, 2 unique classes
  Client 13: 46056 train samples, 2 unique classes
  Client 14: 45625 train samples, 2 unique classes
  Client 15: 45984 train samples, 2 unique classes
  Client 16: 46428 train samples, 2 unique classes
  Client 17: 44737 train samples, 2 unique classes
  Client 18: 45540 train samples, 2 unique classes
  Client 19: 46497 train samples, 2 unique classes
Will sample 4500 samples per client per epoch
Graph: erdos, nodes: 20, edges: 99
Degree statistics: avg=9.90, min=7, max=14
Model variant: baseline
Model parameters: 1,174,986
Initial test acc across nodes: mean=0.4953 ± 0.0174
Round 001: test acc mean=0.6379 ± 0.0124 | min=0.6104 max=0.6508
         : test loss mean=0.6336 ± 0.0078
         : individual accs = ['0.647344', '0.647489', '0.610402', '0.614968', '0.623613', '0.649621', '0.647498', '0.622018', '0.636001', '0.641272', '0.643196', '0.648301', '0.642469', '0.642250', '0.646578', '0.617923', '0.639238', '0.650768', '0.641429', '0.645948']
         : correct/total = [(9213, 14232), (9217, 14235), (8708, 14266), (8743, 14217), (8879, 14238), (9337, 14373), (9289, 14346), (8916, 14334), (9091, 14294), (9217, 14373), (9226, 14344), (9272, 14302), (9222, 14354), (9224, 14362), (9259, 14320), (8895, 14395), (9198, 14389), (9278, 14257), (9141, 14251), (9301, 14399)]
Round 002: test acc mean=0.6567 ± 0.0065 | min=0.6447 max=0.6695
         : test loss mean=0.6165 ± 0.0071
         : individual accs = ['0.651700', '0.669547', '0.651479', '0.651825', '0.654937', '0.663049', '0.650077', '0.657876', '0.648594', '0.663675', '0.659439', '0.652147', '0.662045', '0.659240', '0.663478', '0.649323', '0.665022', '0.644666', '0.654972', '0.661852']
         : correct/total = [(9275, 14232), (9531, 14235), (9294, 14266), (9267, 14217), (9325, 14238), (9530, 14373), (9326, 14346), (9430, 14334), (9271, 14294), (9539, 14373), (9459, 14344), (9327, 14302), (9503, 14354), (9468, 14362), (9501, 14320), (9347, 14395), (9569, 14389), (9191, 14257), (9334, 14251), (9530, 14399)]
Round 003: test acc mean=0.6612 ± 0.0126 | min=0.6378 max=0.6769
         : test loss mean=0.6141 ± 0.0133
         : individual accs = ['0.667088', '0.657394', '0.637810', '0.663501', '0.651707', '0.674320', '0.675589', '0.644621', '0.676857', '0.644542', '0.676450', '0.668648', '0.654452', '0.663557', '0.650978', '0.655019', '0.674126', '0.671530', '0.641218', '0.674491']
         : correct/total = [(9494, 14232), (9358, 14235), (9099, 14266), (9433, 14217), (9279, 14238), (9692, 14373), (9692, 14346), (9240, 14334), (9675, 14294), (9264, 14373), (9703, 14344), (9563, 14302), (9394, 14354), (9530, 14362), (9322, 14320), (9429, 14395), (9700, 14389), (9574, 14257), (9138, 14251), (9712, 14399)]
Round 004: test acc mean=0.6825 ± 0.0060 | min=0.6631 max=0.6928
         : test loss mean=0.5904 ± 0.0047
         : individual accs = ['0.684795', '0.692799', '0.681761', '0.684392', '0.688299', '0.686078', '0.679074', '0.685922', '0.678536', '0.681834', '0.663065', '0.685778', '0.684757', '0.686882', '0.679679', '0.679889', '0.686705', '0.678895', '0.675882', '0.685186']
         : correct/total = [(9746, 14232), (9862, 14235), (9726, 14266), (9730, 14217), (9800, 14238), (9861, 14373), (9742, 14346), (9832, 14334), (9699, 14294), (9800, 14373), (9511, 14344), (9808, 14302), (9829, 14354), (9865, 14362), (9733, 14320), (9787, 14395), (9881, 14389), (9679, 14257), (9632, 14251), (9866, 14399)]
Round 005: test acc mean=0.6904 ± 0.0071 | min=0.6694 max=0.7038
         : test loss mean=0.5836 ± 0.0057
         : individual accs = ['0.692102', '0.703829', '0.687018', '0.679257', '0.692794', '0.695819', '0.690158', '0.699386', '0.669442', '0.686496', '0.691369', '0.693400', '0.689355', '0.693706', '0.684567', '0.692602', '0.693446', '0.691310', '0.685636', '0.695951']
         : correct/total = [(9850, 14232), (10019, 14235), (9801, 14266), (9657, 14217), (9864, 14238), (10001, 14373), (9901, 14346), (10025, 14334), (9569, 14294), (9867, 14373), (9917, 14344), (9917, 14302), (9895, 14354), (9963, 14362), (9803, 14320), (9970, 14395), (9978, 14389), (9856, 14257), (9771, 14251), (10021, 14399)]
Round 006: test acc mean=0.6967 ± 0.0073 | min=0.6783 max=0.7088
         : test loss mean=0.5761 ± 0.0071
         : individual accs = ['0.702782', '0.686688', '0.703000', '0.702328', '0.690968', '0.686774', '0.697616', '0.695340', '0.697286', '0.703959', '0.690045', '0.701440', '0.699178', '0.696839', '0.702654', '0.697534', '0.678296', '0.701690', '0.690197', '0.708799']
         : correct/total = [(10002, 14232), (9775, 14235), (10029, 14266), (9985, 14217), (9838, 14238), (9871, 14373), (10008, 14346), (9967, 14334), (9967, 14294), (10118, 14373), (9898, 14344), (10032, 14302), (10036, 14354), (10008, 14362), (10062, 14320), (10041, 14395), (9760, 14389), (10004, 14257), (9836, 14251), (10206, 14399)]
Round 007: test acc mean=0.6966 ± 0.0165 | min=0.6362 max=0.7110
         : test loss mean=0.5720 ± 0.0178
         : individual accs = ['0.691048', '0.696171', '0.691294', '0.705704', '0.687035', '0.709525', '0.681584', '0.698409', '0.706590', '0.701941', '0.708798', '0.705636', '0.708444', '0.711043', '0.701327', '0.681209', '0.705191', '0.636179', '0.696232', '0.708660']
         : correct/total = [(9835, 14232), (9910, 14235), (9862, 14266), (10033, 14217), (9782, 14238), (10198, 14373), (9778, 14346), (10011, 14334), (10100, 14294), (10089, 14373), (10167, 14344), (10092, 14302), (10169, 14354), (10212, 14362), (10043, 14320), (9806, 14395), (10147, 14389), (9070, 14257), (9922, 14251), (10204, 14399)]
Round 008: test acc mean=0.7019 ± 0.0160 | min=0.6793 max=0.7226
         : test loss mean=0.5768 ± 0.0264
         : individual accs = ['0.688870', '0.722164', '0.684635', '0.718506', '0.695252', '0.721561', '0.691203', '0.689480', '0.713796', '0.713421', '0.720929', '0.692770', '0.692560', '0.719677', '0.684986', '0.686697', '0.681423', '0.722592', '0.679321', '0.718314']
         : correct/total = [(9804, 14232), (10280, 14235), (9767, 14266), (10215, 14217), (9899, 14238), (10371, 14373), (9916, 14346), (9883, 14334), (10203, 14294), (10254, 14373), (10341, 14344), (9908, 14302), (9941, 14354), (10336, 14362), (9809, 14320), (9885, 14395), (9805, 14389), (10302, 14257), (9681, 14251), (10343, 14399)]
Round 009: test acc mean=0.7105 ± 0.0069 | min=0.6992 max=0.7264
         : test loss mean=0.5605 ± 0.0088
         : individual accs = ['0.706225', '0.712329', '0.711692', '0.705282', '0.714637', '0.711682', '0.706469', '0.711037', '0.706031', '0.699158', '0.709635', '0.710880', '0.710464', '0.719747', '0.704260', '0.707329', '0.710612', '0.726099', '0.700933', '0.726370']
         : correct/total = [(10051, 14232), (10140, 14235), (10153, 14266), (10027, 14217), (10175, 14238), (10229, 14373), (10135, 14346), (10192, 14334), (10092, 14294), (10049, 14373), (10179, 14344), (10167, 14302), (10198, 14354), (10337, 14362), (10085, 14320), (10182, 14395), (10225, 14389), (10352, 14257), (9989, 14251), (10459, 14399)]
Round 010: test acc mean=0.7194 ± 0.0054 | min=0.7091 max=0.7302
         : test loss mean=0.5496 ± 0.0062
         : individual accs = ['0.717116', '0.730172', '0.712954', '0.719139', '0.722152', '0.709107', '0.719783', '0.721850', '0.718064', '0.719822', '0.718140', '0.719690', '0.723561', '0.723576', '0.716061', '0.720736', '0.727570', '0.726801', '0.711880', '0.710605']
         : correct/total = [(10206, 14232), (10394, 14235), (10171, 14266), (10224, 14217), (10282, 14238), (10192, 14373), (10326, 14346), (10347, 14334), (10264, 14294), (10346, 14373), (10301, 14344), (10293, 14302), (10386, 14354), (10392, 14362), (10254, 14320), (10375, 14395), (10469, 14389), (10362, 14257), (10145, 14251), (10232, 14399)]

=== FINAL RESULTS ===
Dataset: sent140, Nodes: 20, Graph: erdos, Aggregation: krum
Overall test accuracy: mean=0.7194 ± 0.0054
