Device: cuda
Seed: 987654321
Loading 1 LEAF Sent140 train files...
LEAF Sent140 train: 254555 users, 908652 samples
Building vocabulary (max_size=10000)...
Vocabulary size: 10000
Loading 1 LEAF Sent140 test files...
LEAF Sent140 test: 254555 users, 286281 samples
Found 254555 train users, 254555 test users, 254555 common users
User sample counts range: 494 (max) to 1 (min)
Distributed ALL 254555 users across 20 clients
Users per client: 12727 (with 15 clients getting +1 user)
Train partition sizes: [44353, 44290, 44657, 44907, 44696, 45843, 45801, 45619, 45069, 45639, 45821, 45311, 45779, 46056, 45625, 45984, 46428, 44737, 45540, 46497]
Test partition sizes: [14232, 14235, 14266, 14217, 14238, 14373, 14346, 14334, 14294, 14373, 14344, 14302, 14354, 14362, 14320, 14395, 14389, 14257, 14251, 14399]
  Client 0: 44353 train samples, 2 unique classes
  Client 1: 44290 train samples, 2 unique classes
  Client 2: 44657 train samples, 2 unique classes
  Client 3: 44907 train samples, 2 unique classes
  Client 4: 44696 train samples, 2 unique classes
  Client 5: 45843 train samples, 2 unique classes
  Client 6: 45801 train samples, 2 unique classes
  Client 7: 45619 train samples, 2 unique classes
  Client 8: 45069 train samples, 2 unique classes
  Client 9: 45639 train samples, 2 unique classes
  Client 10: 45821 train samples, 2 unique classes
  Client 11: 45311 train samples, 2 unique classes
  Client 12: 45779 train samples, 2 unique classes
  Client 13: 46056 train samples, 2 unique classes
  Client 14: 45625 train samples, 2 unique classes
  Client 15: 45984 train samples, 2 unique classes
  Client 16: 46428 train samples, 2 unique classes
  Client 17: 44737 train samples, 2 unique classes
  Client 18: 45540 train samples, 2 unique classes
  Client 19: 46497 train samples, 2 unique classes
Will sample 4500 samples per client per epoch
Graph: ring, nodes: 20, edges: 20
Degree statistics: avg=2.00, min=2, max=2
Attack: Compromised 10/20 nodes: [1, 2, 5, 11, 12, 13, 14, 15, 17, 18]
Attack type: backdoor, lambda: 1.0
Backdoor target label: 1, trigger size: 3
Model variant: baseline
Model parameters: 1,174,986
Sketchguard Node 0:
  Model dim: 1,174,986 → Sketch size: 180
  Compression ratio: 6527.7x
  Using model parameters for aggregation, sketches for filtering
Sketchguard Node 1:
  Model dim: 1,174,986 → Sketch size: 180
  Compression ratio: 6527.7x
  Using model parameters for aggregation, sketches for filtering
Sketchguard Node 2:
  Model dim: 1,174,986 → Sketch size: 180
  Compression ratio: 6527.7x
  Using model parameters for aggregation, sketches for filtering
Sketchguard Node 3:
  Model dim: 1,174,986 → Sketch size: 180
  Compression ratio: 6527.7x
  Using model parameters for aggregation, sketches for filtering
Sketchguard Node 4:
  Model dim: 1,174,986 → Sketch size: 180
  Compression ratio: 6527.7x
  Using model parameters for aggregation, sketches for filtering
Sketchguard Node 5:
  Model dim: 1,174,986 → Sketch size: 180
  Compression ratio: 6527.7x
  Using model parameters for aggregation, sketches for filtering
Sketchguard Node 6:
  Model dim: 1,174,986 → Sketch size: 180
  Compression ratio: 6527.7x
  Using model parameters for aggregation, sketches for filtering
Sketchguard Node 7:
  Model dim: 1,174,986 → Sketch size: 180
  Compression ratio: 6527.7x
  Using model parameters for aggregation, sketches for filtering
Sketchguard Node 8:
  Model dim: 1,174,986 → Sketch size: 180
  Compression ratio: 6527.7x
  Using model parameters for aggregation, sketches for filtering
Sketchguard Node 9:
  Model dim: 1,174,986 → Sketch size: 180
  Compression ratio: 6527.7x
  Using model parameters for aggregation, sketches for filtering
Sketchguard Node 10:
  Model dim: 1,174,986 → Sketch size: 180
  Compression ratio: 6527.7x
  Using model parameters for aggregation, sketches for filtering
Sketchguard Node 11:
  Model dim: 1,174,986 → Sketch size: 180
  Compression ratio: 6527.7x
  Using model parameters for aggregation, sketches for filtering
Sketchguard Node 12:
  Model dim: 1,174,986 → Sketch size: 180
  Compression ratio: 6527.7x
  Using model parameters for aggregation, sketches for filtering
Sketchguard Node 13:
  Model dim: 1,174,986 → Sketch size: 180
  Compression ratio: 6527.7x
  Using model parameters for aggregation, sketches for filtering
Sketchguard Node 14:
  Model dim: 1,174,986 → Sketch size: 180
  Compression ratio: 6527.7x
  Using model parameters for aggregation, sketches for filtering
Sketchguard Node 15:
  Model dim: 1,174,986 → Sketch size: 180
  Compression ratio: 6527.7x
  Using model parameters for aggregation, sketches for filtering
Sketchguard Node 16:
  Model dim: 1,174,986 → Sketch size: 180
  Compression ratio: 6527.7x
  Using model parameters for aggregation, sketches for filtering
Sketchguard Node 17:
  Model dim: 1,174,986 → Sketch size: 180
  Compression ratio: 6527.7x
  Using model parameters for aggregation, sketches for filtering
Sketchguard Node 18:
  Model dim: 1,174,986 → Sketch size: 180
  Compression ratio: 6527.7x
  Using model parameters for aggregation, sketches for filtering
Sketchguard Node 19:
  Model dim: 1,174,986 → Sketch size: 180
  Compression ratio: 6527.7x
  Using model parameters for aggregation, sketches for filtering
Sketchguard ALGORITHM (Sketch-based Filtering + State Aggregation)
  - Model dimension: 1,174,986 parameters
  - Config: SketchguardConfig(gamma=2, kappa=1, alpha=0.5, min_neighbors=1, sketch_size=180, network_seed=987654321, attack_detection_window=5)
  - Sketch size: 180
  - Compression ratio: 6527.7x
  - Complexity: O(d + N×k) = O(1,174,986 + 20×180)
  - Theoretical speedup vs BALANCE: 19.9x
Initial test acc across nodes: mean=0.4953 ± 0.0174
Backdoor attack: Created poisoned datasets for 10 compromised nodes
Round 001: test acc mean=0.5085 ± 0.0239 | min=0.4749 max=0.5765
         : test loss mean=26.5728 ± 28.3641
         : individual accs = ['0.474916', '0.502986', '0.508972', '0.507843', '0.497050', '0.518890', '0.508225', '0.576531', '0.501189', '0.572254', '0.494632', '0.505594', '0.517277', '0.507659', '0.498254', '0.496283', '0.488915', '0.498141', '0.496246', '0.498298']
         : correct/total = [(6759, 14232), (7160, 14235), (7261, 14266), (7220, 14217), (7077, 14238), (7458, 14373), (7291, 14346), (8264, 14334), (7164, 14294), (8225, 14373), (7095, 14344), (7231, 14302), (7425, 14354), (7291, 14362), (7135, 14320), (7144, 14395), (7035, 14389), (7102, 14257), (7072, 14251), (7175, 14399)]
         : compromised: 0.5050, honest: 0.5120
         : sketchguard stats = ['Node 0: acc_rate=1.000', 'Node 1: acc_rate=1.000', 'Node 2: acc_rate=1.000']...
Round 002: test acc mean=0.5111 ± 0.0286 | min=0.4828 max=0.6218
         : test loss mean=500.4170 ± 517.5590
         : individual accs = ['0.500141', '0.513312', '0.510725', '0.492157', '0.549094', '0.507131', '0.497003', '0.500488', '0.621799', '0.523690', '0.482850', '0.506153', '0.496308', '0.491296', '0.507612', '0.503369', '0.504622', '0.503402', '0.502772', '0.508230']
         : correct/total = [(7118, 14232), (7307, 14235), (7286, 14266), (6997, 14217), (7818, 14238), (7289, 14373), (7130, 14346), (7174, 14334), (8888, 14294), (7527, 14373), (6926, 14344), (7239, 14302), (7124, 14354), (7056, 14362), (7269, 14320), (7246, 14395), (7261, 14389), (7177, 14257), (7165, 14251), (7318, 14399)]
         : compromised: 0.5042, honest: 0.5180
         : sketchguard stats = ['Node 0: acc_rate=1.000', 'Node 1: acc_rate=1.000', 'Node 2: acc_rate=1.000']...
Round 003: test acc mean=0.5119 ± 0.0253 | min=0.4971 max=0.6193
         : test loss mean=15916.2893 ± 26978.7801
         : individual accs = ['0.507448', '0.506006', '0.500981', '0.515017', '0.516435', '0.511584', '0.500209', '0.507186', '0.619281', '0.510123', '0.501603', '0.511886', '0.497074', '0.497702', '0.510545', '0.499201', '0.507471', '0.516308', '0.500947', '0.501840']
         : correct/total = [(7222, 14232), (7203, 14235), (7147, 14266), (7322, 14217), (7353, 14238), (7353, 14373), (7176, 14346), (7270, 14334), (8852, 14294), (7332, 14373), (7195, 14344), (7321, 14302), (7135, 14354), (7148, 14362), (7311, 14320), (7186, 14395), (7302, 14389), (7361, 14257), (7139, 14251), (7226, 14399)]
         : compromised: 0.5052, honest: 0.5187
         : sketchguard stats = ['Node 0: acc_rate=1.000', 'Node 1: acc_rate=1.000', 'Node 2: acc_rate=1.000']...
Round 004: test acc mean=0.5086 ± 0.0115 | min=0.4925 max=0.5405
         : test loss mean=3197940.7672 ± 4090901.4671
         : individual accs = ['0.503654', '0.505725', '0.508902', '0.513821', '0.500773', '0.516454', '0.499582', '0.540463', '0.517840', '0.522507', '0.503207', '0.494826', '0.497213', '0.505431', '0.528492', '0.500660', '0.505942', '0.492460', '0.505579', '0.508994']
         : correct/total = [(7168, 14232), (7199, 14235), (7260, 14266), (7305, 14217), (7130, 14238), (7423, 14373), (7167, 14346), (7747, 14334), (7402, 14294), (7510, 14373), (7218, 14344), (7077, 14302), (7137, 14354), (7259, 14362), (7568, 14320), (7207, 14395), (7280, 14389), (7021, 14257), (7205, 14251), (7329, 14399)]
         : compromised: 0.5056, honest: 0.5117
         : sketchguard stats = ['Node 0: acc_rate=1.000', 'Node 1: acc_rate=1.000', 'Node 2: acc_rate=1.000']...
Round 005: test acc mean=0.5056 ± 0.0085 | min=0.4933 max=0.5306
         : test loss mean=101443028.3684 ± 117135962.5773
         : individual accs = ['0.507518', '0.514366', '0.511286', '0.515017', '0.496488', '0.504070', '0.499024', '0.530626', '0.504058', '0.511445', '0.501534', '0.494756', '0.493312', '0.506267', '0.503980', '0.494825', '0.507471', '0.509083', '0.505298', '0.501702']
         : correct/total = [(7223, 14232), (7322, 14235), (7294, 14266), (7322, 14217), (7069, 14238), (7245, 14373), (7159, 14346), (7606, 14334), (7205, 14294), (7351, 14373), (7194, 14344), (7076, 14302), (7081, 14354), (7271, 14362), (7217, 14320), (7123, 14395), (7302, 14389), (7258, 14257), (7201, 14251), (7224, 14399)]
         : compromised: 0.5037, honest: 0.5075
         : sketchguard stats = ['Node 0: acc_rate=1.000', 'Node 1: acc_rate=1.000', 'Node 2: acc_rate=1.000']...
Round 006: test acc mean=0.5077 ± 0.0152 | min=0.4891 max=0.5477
         : test loss mean=5371583594.8888 ± 5872937690.2162
         : individual accs = ['0.492552', '0.510643', '0.519417', '0.514314', '0.505689', '0.504627', '0.519099', '0.547719', '0.545404', '0.505044', '0.505717', '0.506223', '0.497631', '0.493803', '0.501117', '0.502744', '0.489124', '0.498001', '0.497509', '0.497951']
         : correct/total = [(7010, 14232), (7269, 14235), (7410, 14266), (7312, 14217), (7200, 14238), (7253, 14373), (7447, 14346), (7851, 14334), (7796, 14294), (7259, 14373), (7254, 14344), (7240, 14302), (7143, 14354), (7092, 14362), (7176, 14320), (7237, 14395), (7038, 14389), (7100, 14257), (7090, 14251), (7170, 14399)]
         : compromised: 0.5032, honest: 0.5123
         : sketchguard stats = ['Node 0: acc_rate=1.000', 'Node 1: acc_rate=1.000', 'Node 2: acc_rate=1.000']...
Round 007: test acc mean=0.5066 ± 0.0050 | min=0.4999 max=0.5157
         : test loss mean=502836247795.4630 ± 580392919067.6193
         : individual accs = ['0.507167', '0.515139', '0.509183', '0.514877', '0.515733', '0.502052', '0.500418', '0.505442', '0.512033', '0.506227', '0.500209', '0.507971', '0.500975', '0.507172', '0.506494', '0.499896', '0.507471', '0.509153', '0.501509', '0.501910']
         : correct/total = [(7218, 14232), (7333, 14235), (7264, 14266), (7320, 14217), (7343, 14238), (7216, 14373), (7179, 14346), (7245, 14334), (7319, 14294), (7276, 14373), (7175, 14344), (7265, 14302), (7191, 14354), (7284, 14362), (7253, 14320), (7196, 14395), (7302, 14389), (7259, 14257), (7147, 14251), (7227, 14399)]
         : compromised: 0.5060, honest: 0.5071
         : sketchguard stats = ['Node 0: acc_rate=1.000', 'Node 1: acc_rate=0.857', 'Node 2: acc_rate=0.857']...
Round 008: test acc mean=0.5052 ± 0.0059 | min=0.4934 max=0.5184
         : test loss mean=43804441166323.6562 ± 47144353914706.4453
         : individual accs = ['0.506464', '0.517246', '0.504977', '0.510023', '0.496278', '0.493425', '0.500209', '0.507674', '0.510144', '0.509497', '0.501673', '0.505174', '0.502508', '0.504456', '0.518366', '0.501007', '0.507123', '0.501578', '0.503333', '0.501910']
         : correct/total = [(7208, 14232), (7363, 14235), (7204, 14266), (7251, 14217), (7066, 14238), (7092, 14373), (7176, 14346), (7277, 14334), (7292, 14294), (7323, 14373), (7196, 14344), (7225, 14302), (7213, 14354), (7245, 14362), (7423, 14320), (7212, 14395), (7297, 14389), (7151, 14257), (7173, 14251), (7227, 14399)]
         : compromised: 0.5052, honest: 0.5051
         : sketchguard stats = ['Node 0: acc_rate=0.938', 'Node 1: acc_rate=0.750', 'Node 2: acc_rate=0.750']...
Round 009: test acc mean=0.5105 ± 0.0170 | min=0.4886 max=0.5694
         : test loss mean=3527810916395667.0000 ± 4056633164539045.0000
         : individual accs = ['0.501757', '0.508114', '0.511916', '0.515439', '0.505900', '0.502539', '0.505158', '0.569415', '0.536729', '0.509984', '0.502370', '0.507062', '0.489480', '0.510514', '0.525838', '0.488572', '0.507471', '0.506558', '0.504105', '0.501910']
         : correct/total = [(7141, 14232), (7233, 14235), (7303, 14266), (7328, 14217), (7203, 14238), (7223, 14373), (7247, 14346), (8162, 14334), (7672, 14294), (7330, 14373), (7206, 14344), (7252, 14302), (7026, 14354), (7332, 14362), (7530, 14320), (7033, 14395), (7302, 14389), (7222, 14257), (7184, 14251), (7227, 14399)]
         : compromised: 0.5055, honest: 0.5156
         : sketchguard stats = ['Node 0: acc_rate=0.889', 'Node 1: acc_rate=0.667', 'Node 2: acc_rate=0.667']...
Round 010: test acc mean=0.5098 ± 0.0168 | min=0.4922 max=0.5686
         : test loss mean=368722261007088192.0000 ± 459071943939168192.0000
         : individual accs = ['0.512648', '0.517597', '0.508762', '0.504044', '0.509341', '0.492242', '0.504601', '0.505581', '0.568560', '0.542197', '0.494980', '0.501468', '0.505504', '0.497076', '0.507891', '0.501146', '0.508305', '0.500877', '0.512175', '0.500729']
         : correct/total = [(7296, 14232), (7368, 14235), (7258, 14266), (7166, 14217), (7252, 14238), (7075, 14373), (7239, 14346), (7247, 14334), (8127, 14294), (7793, 14373), (7100, 14344), (7172, 14302), (7256, 14354), (7139, 14362), (7273, 14320), (7214, 14395), (7314, 14389), (7141, 14257), (7299, 14251), (7210, 14399)]
         : compromised: 0.5045, honest: 0.5151
         : sketchguard stats = ['Node 0: acc_rate=0.850', 'Node 1: acc_rate=0.600', 'Node 2: acc_rate=0.600']...

=== FINAL RESULTS ===
Dataset: sent140, Nodes: 20, Graph: ring, Aggregation: sketchguard
Attack: backdoor, 50.0% compromised
Final accuracy - Compromised: 0.5045, Honest: 0.5151
Overall test accuracy: mean=0.5098 ± 0.0168

=== BACKDOOR ATTACK SUCCESS RATE (ASR) ===
Target label: 1
Trigger size: 3x3
Overall ASR: 0.5425 ± 0.3669
Honest nodes ASR: 0.2507 ± 0.2688
Compromised nodes ASR: 0.8344 ± 0.1630
Note: Higher ASR indicates more successful backdoor attack

=== Sketchguard SUMMARY ===
Node 0: acceptance=0.850
Node 1: acceptance=0.600
Node 2: acceptance=0.600
Node 3: acceptance=1.000
Node 4: acceptance=0.600
Node 5: acceptance=0.600
Node 6: acceptance=0.900
Node 7: acceptance=0.900
Node 8: acceptance=1.000
Node 9: acceptance=0.900
Node 10: acceptance=1.000
Node 11: acceptance=0.400
Node 12: acceptance=0.400
Node 13: acceptance=0.700
Node 14: acceptance=0.400
Node 15: acceptance=0.400
Node 16: acceptance=1.000
Node 17: acceptance=0.600
Node 18: acceptance=0.600
Node 19: acceptance=0.850

=== PARALLEL EXECUTION TIME (realistic for distributed system) ===
  COMMUNICATION (max across nodes):
    - Sketch transfer: 0.000s (0.0%)
    - Model fetch (accepted): 0.000s (0.0%)
  COMPUTATION (max across nodes):
    - Sketching: 0.215s (95.6%)
    - Filtering: 0.001s (0.3%)
    - Aggregation: 0.009s (4.1%)
  TOTALS:
    - Total computation: 0.225s (100.0%)
    - Total communication: 0.000s (0.0%)
    - Total parallel time: 0.225s

=== PER-NODE AVERAGE TIME ===
  - Sketching: 0.171s
  - Filtering: 0.000s
  - Aggregation: 0.007s
  - Sketch transfer: 0.000s
  - Model fetch: 0.000s
  - Total per node: 0.178s

=== TOTAL COMPUTATIONAL WORK (sum across all nodes) ===
  - Total sketching: 3.426s
  - Total filtering: 0.006s
  - Total aggregation: 0.131s
  - Total sketch transfer: 0.000s
  - Total model fetch: 0.000s
  - Grand total: 3.564s
  - Mean acceptance rate: 0.715

Sketchguard Algorithm Properties:
  - Original dimension: 1,174,986
  - Sketch size: 180
  - Compression ratio: 19.9x
  - Single repetition: No repetitions needed
  - Theoretical complexity: O(d + N×k)
  - Approach: Sketch filtering + state aggregation
