Device: cuda
Seed: 987654321
Loading 1 LEAF Sent140 train files...
LEAF Sent140 train: 254555 users, 908652 samples
Building vocabulary (max_size=10000)...
Vocabulary size: 10000
Loading 1 LEAF Sent140 test files...
LEAF Sent140 test: 254555 users, 286281 samples
Found 254555 train users, 254555 test users, 254555 common users
User sample counts range: 494 (max) to 1 (min)
Distributed ALL 254555 users across 20 clients
Users per client: 12727 (with 15 clients getting +1 user)
Train partition sizes: [44353, 44290, 44657, 44907, 44696, 45843, 45801, 45619, 45069, 45639, 45821, 45311, 45779, 46056, 45625, 45984, 46428, 44737, 45540, 46497]
Test partition sizes: [14232, 14235, 14266, 14217, 14238, 14373, 14346, 14334, 14294, 14373, 14344, 14302, 14354, 14362, 14320, 14395, 14389, 14257, 14251, 14399]
  Client 0: 44353 train samples, 2 unique classes
  Client 1: 44290 train samples, 2 unique classes
  Client 2: 44657 train samples, 2 unique classes
  Client 3: 44907 train samples, 2 unique classes
  Client 4: 44696 train samples, 2 unique classes
  Client 5: 45843 train samples, 2 unique classes
  Client 6: 45801 train samples, 2 unique classes
  Client 7: 45619 train samples, 2 unique classes
  Client 8: 45069 train samples, 2 unique classes
  Client 9: 45639 train samples, 2 unique classes
  Client 10: 45821 train samples, 2 unique classes
  Client 11: 45311 train samples, 2 unique classes
  Client 12: 45779 train samples, 2 unique classes
  Client 13: 46056 train samples, 2 unique classes
  Client 14: 45625 train samples, 2 unique classes
  Client 15: 45984 train samples, 2 unique classes
  Client 16: 46428 train samples, 2 unique classes
  Client 17: 44737 train samples, 2 unique classes
  Client 18: 45540 train samples, 2 unique classes
  Client 19: 46497 train samples, 2 unique classes
Will sample 4500 samples per client per epoch
Graph: fully, nodes: 20, edges: 190
Degree statistics: avg=19.00, min=19, max=19
Attack: Compromised 12/20 nodes: [1, 2, 3, 5, 8, 11, 12, 13, 14, 15, 17, 18]
Attack type: gaussian, lambda: 1.0
Model variant: baseline
Model parameters: 1,174,986
Sketchguard Node 0:
  Model dim: 1,174,986 → Sketch size: 180
  Compression ratio: 6527.7x
  Using model parameters for aggregation, sketches for filtering
Sketchguard Node 1:
  Model dim: 1,174,986 → Sketch size: 180
  Compression ratio: 6527.7x
  Using model parameters for aggregation, sketches for filtering
Sketchguard Node 2:
  Model dim: 1,174,986 → Sketch size: 180
  Compression ratio: 6527.7x
  Using model parameters for aggregation, sketches for filtering
Sketchguard Node 3:
  Model dim: 1,174,986 → Sketch size: 180
  Compression ratio: 6527.7x
  Using model parameters for aggregation, sketches for filtering
Sketchguard Node 4:
  Model dim: 1,174,986 → Sketch size: 180
  Compression ratio: 6527.7x
  Using model parameters for aggregation, sketches for filtering
Sketchguard Node 5:
  Model dim: 1,174,986 → Sketch size: 180
  Compression ratio: 6527.7x
  Using model parameters for aggregation, sketches for filtering
Sketchguard Node 6:
  Model dim: 1,174,986 → Sketch size: 180
  Compression ratio: 6527.7x
  Using model parameters for aggregation, sketches for filtering
Sketchguard Node 7:
  Model dim: 1,174,986 → Sketch size: 180
  Compression ratio: 6527.7x
  Using model parameters for aggregation, sketches for filtering
Sketchguard Node 8:
  Model dim: 1,174,986 → Sketch size: 180
  Compression ratio: 6527.7x
  Using model parameters for aggregation, sketches for filtering
Sketchguard Node 9:
  Model dim: 1,174,986 → Sketch size: 180
  Compression ratio: 6527.7x
  Using model parameters for aggregation, sketches for filtering
Sketchguard Node 10:
  Model dim: 1,174,986 → Sketch size: 180
  Compression ratio: 6527.7x
  Using model parameters for aggregation, sketches for filtering
Sketchguard Node 11:
  Model dim: 1,174,986 → Sketch size: 180
  Compression ratio: 6527.7x
  Using model parameters for aggregation, sketches for filtering
Sketchguard Node 12:
  Model dim: 1,174,986 → Sketch size: 180
  Compression ratio: 6527.7x
  Using model parameters for aggregation, sketches for filtering
Sketchguard Node 13:
  Model dim: 1,174,986 → Sketch size: 180
  Compression ratio: 6527.7x
  Using model parameters for aggregation, sketches for filtering
Sketchguard Node 14:
  Model dim: 1,174,986 → Sketch size: 180
  Compression ratio: 6527.7x
  Using model parameters for aggregation, sketches for filtering
Sketchguard Node 15:
  Model dim: 1,174,986 → Sketch size: 180
  Compression ratio: 6527.7x
  Using model parameters for aggregation, sketches for filtering
Sketchguard Node 16:
  Model dim: 1,174,986 → Sketch size: 180
  Compression ratio: 6527.7x
  Using model parameters for aggregation, sketches for filtering
Sketchguard Node 17:
  Model dim: 1,174,986 → Sketch size: 180
  Compression ratio: 6527.7x
  Using model parameters for aggregation, sketches for filtering
Sketchguard Node 18:
  Model dim: 1,174,986 → Sketch size: 180
  Compression ratio: 6527.7x
  Using model parameters for aggregation, sketches for filtering
Sketchguard Node 19:
  Model dim: 1,174,986 → Sketch size: 180
  Compression ratio: 6527.7x
  Using model parameters for aggregation, sketches for filtering
Sketchguard ALGORITHM (Sketch-based Filtering + State Aggregation)
  - Model dimension: 1,174,986 parameters
  - Config: SketchguardConfig(gamma=2, kappa=1, alpha=0.5, min_neighbors=1, sketch_size=180, network_seed=987654321, attack_detection_window=5)
  - Sketch size: 180
  - Compression ratio: 6527.7x
  - Complexity: O(d + N×k) = O(1,174,986 + 20×180)
  - Theoretical speedup vs BALANCE: 19.9x
Initial test acc across nodes: mean=0.4953 ± 0.0174
Round 001: test acc mean=0.5664 ± 0.0398 | min=0.5032 max=0.6285
         : test loss mean=0.6898 ± 0.0008
         : individual accs = ['0.582279', '0.552792', '0.522711', '0.519800', '0.628459', '0.567383', '0.620521', '0.625087', '0.511753', '0.590413', '0.534579', '0.559013', '0.622335', '0.525136', '0.540293', '0.572629', '0.503232', '0.597250', '0.547470', '0.604834']
         : correct/total = [(8287, 14232), (7869, 14235), (7457, 14266), (7390, 14217), (8948, 14238), (8155, 14373), (8902, 14346), (8960, 14334), (7315, 14294), (8486, 14373), (7668, 14344), (7995, 14302), (8933, 14354), (7542, 14362), (7737, 14320), (8243, 14395), (7241, 14389), (8515, 14257), (7802, 14251), (8709, 14399)]
         : compromised: 0.5532, honest: 0.5862
         : sketchguard stats = ['Node 0: acc_rate=0.368', 'Node 1: acc_rate=0.421', 'Node 2: acc_rate=0.421']...
Round 002: test acc mean=0.5493 ± 0.0421 | min=0.4926 max=0.6258
         : test loss mean=0.6899 ± 0.0014
         : individual accs = ['0.614741', '0.496382', '0.563578', '0.545544', '0.499087', '0.536144', '0.515963', '0.583159', '0.502239', '0.625826', '0.588469', '0.570899', '0.502856', '0.529870', '0.492598', '0.535603', '0.625130', '0.568984', '0.567258', '0.522258']
         : correct/total = [(8749, 14232), (7066, 14235), (8040, 14266), (7756, 14217), (7106, 14238), (7706, 14373), (7402, 14346), (8359, 14334), (7179, 14294), (8995, 14373), (8441, 14344), (8165, 14302), (7218, 14354), (7610, 14362), (7054, 14320), (7710, 14395), (8995, 14389), (8112, 14257), (8084, 14251), (7520, 14399)]
         : compromised: 0.5343, honest: 0.5718
         : sketchguard stats = ['Node 0: acc_rate=0.368', 'Node 1: acc_rate=0.421', 'Node 2: acc_rate=0.421']...
Round 003: test acc mean=0.5443 ± 0.0454 | min=0.4846 max=0.6170
         : test loss mean=0.6869 ± 0.0031
         : individual accs = ['0.495714', '0.484580', '0.545983', '0.541535', '0.596994', '0.560217', '0.508644', '0.511023', '0.514552', '0.607389', '0.562814', '0.616977', '0.510868', '0.517546', '0.493645', '0.497742', '0.608103', '0.605878', '0.601712', '0.503577']
         : correct/total = [(7055, 14232), (6898, 14235), (7789, 14266), (7699, 14217), (8500, 14238), (8052, 14373), (7297, 14346), (7325, 14334), (7355, 14294), (8730, 14373), (8073, 14344), (8824, 14302), (7333, 14354), (7433, 14362), (7069, 14320), (7165, 14395), (8750, 14389), (8638, 14257), (8575, 14251), (7251, 14399)]
         : compromised: 0.5409, honest: 0.5493
         : sketchguard stats = ['Node 0: acc_rate=0.368', 'Node 1: acc_rate=0.421', 'Node 2: acc_rate=0.421']...
Round 004: test acc mean=0.6190 ± 0.0155 | min=0.5835 max=0.6425
         : test loss mean=0.6723 ± 0.0047
         : individual accs = ['0.633642', '0.583491', '0.616991', '0.627277', '0.610830', '0.624574', '0.637181', '0.616157', '0.590947', '0.625757', '0.604713', '0.616417', '0.598927', '0.623590', '0.605028', '0.625148', '0.642505', '0.628814', '0.631745', '0.636989']
         : correct/total = [(9018, 14232), (8306, 14235), (8802, 14266), (8918, 14217), (8697, 14238), (8977, 14373), (9141, 14346), (8832, 14334), (8447, 14294), (8994, 14373), (8674, 14344), (8816, 14302), (8597, 14354), (8956, 14362), (8664, 14320), (8999, 14395), (9245, 14389), (8965, 14257), (9003, 14251), (9172, 14399)]
         : compromised: 0.6144, honest: 0.6260
         : sketchguard stats = ['Node 0: acc_rate=0.368', 'Node 1: acc_rate=0.421', 'Node 2: acc_rate=0.421']...
Round 005: test acc mean=0.6397 ± 0.0119 | min=0.5924 max=0.6519
         : test loss mean=0.6469 ± 0.0059
         : individual accs = ['0.638420', '0.642220', '0.635847', '0.639797', '0.642787', '0.647394', '0.643106', '0.651877', '0.642507', '0.636193', '0.638873', '0.649699', '0.645116', '0.639883', '0.648324', '0.592358', '0.639864', '0.644736', '0.631043', '0.644559']
         : correct/total = [(9086, 14232), (9142, 14235), (9071, 14266), (9096, 14217), (9152, 14238), (9305, 14373), (9226, 14346), (9344, 14334), (9184, 14294), (9144, 14373), (9164, 14344), (9292, 14302), (9260, 14354), (9190, 14362), (9284, 14320), (8527, 14395), (9207, 14389), (9192, 14257), (8993, 14251), (9281, 14399)]
         : compromised: 0.6382, honest: 0.6420
         : sketchguard stats = ['Node 0: acc_rate=0.368', 'Node 1: acc_rate=0.421', 'Node 2: acc_rate=0.421']...
Round 006: test acc mean=0.6472 ± 0.0036 | min=0.6401 max=0.6519
         : test loss mean=0.6327 ± 0.0026
         : individual accs = ['0.649803', '0.650299', '0.640053', '0.649082', '0.651847', '0.650386', '0.651889', '0.647900', '0.645166', '0.643081', '0.640059', '0.647811', '0.649436', '0.645871', '0.650489', '0.647864', '0.645285', '0.644666', '0.641780', '0.650462']
         : correct/total = [(9248, 14232), (9257, 14235), (9131, 14266), (9228, 14217), (9281, 14238), (9348, 14373), (9352, 14346), (9287, 14334), (9222, 14294), (9243, 14373), (9181, 14344), (9265, 14302), (9322, 14354), (9276, 14362), (9315, 14320), (9326, 14395), (9285, 14389), (9191, 14257), (9146, 14251), (9366, 14399)]
         : compromised: 0.6469, honest: 0.6475
         : sketchguard stats = ['Node 0: acc_rate=0.368', 'Node 1: acc_rate=0.421', 'Node 2: acc_rate=0.421']...
Round 007: test acc mean=0.6511 ± 0.0055 | min=0.6376 max=0.6587
         : test loss mean=0.6277 ± 0.0046
         : individual accs = ['0.655565', '0.651142', '0.639352', '0.654639', '0.655991', '0.658735', '0.655793', '0.645528', '0.653001', '0.651499', '0.648424', '0.652007', '0.656820', '0.648587', '0.655028', '0.637582', '0.652582', '0.652662', '0.644797', '0.652615']
         : correct/total = [(9330, 14232), (9269, 14235), (9121, 14266), (9307, 14217), (9340, 14238), (9468, 14373), (9408, 14346), (9253, 14334), (9334, 14294), (9364, 14373), (9301, 14344), (9325, 14302), (9428, 14354), (9315, 14362), (9380, 14320), (9178, 14395), (9390, 14389), (9305, 14257), (9189, 14251), (9397, 14399)]
         : compromised: 0.6504, honest: 0.6522
         : sketchguard stats = ['Node 0: acc_rate=0.368', 'Node 1: acc_rate=0.421', 'Node 2: acc_rate=0.421']...
Round 008: test acc mean=0.6562 ± 0.0047 | min=0.6424 max=0.6631
         : test loss mean=0.6233 ± 0.0035
         : individual accs = ['0.658516', '0.659501', '0.642366', '0.663079', '0.652830', '0.662492', '0.657117', '0.651528', '0.658038', '0.657970', '0.651283', '0.653615', '0.659189', '0.651789', '0.655796', '0.660716', '0.658628', '0.658624', '0.652586', '0.658518']
         : correct/total = [(9372, 14232), (9388, 14235), (9164, 14266), (9427, 14217), (9295, 14238), (9522, 14373), (9427, 14346), (9339, 14334), (9406, 14294), (9457, 14373), (9342, 14344), (9348, 14302), (9462, 14354), (9361, 14362), (9391, 14320), (9511, 14395), (9477, 14389), (9390, 14257), (9300, 14251), (9482, 14399)]
         : compromised: 0.6565, honest: 0.6558
         : sketchguard stats = ['Node 0: acc_rate=0.368', 'Node 1: acc_rate=0.421', 'Node 2: acc_rate=0.421']...
Round 009: test acc mean=0.6566 ± 0.0075 | min=0.6346 max=0.6665
         : test loss mean=0.6224 ± 0.0061
         : individual accs = ['0.634556', '0.666526', '0.653932', '0.658718', '0.658098', '0.666110', '0.651540', '0.658644', '0.651462', '0.652195', '0.660694', '0.653335', '0.661627', '0.660771', '0.645321', '0.653699', '0.666134', '0.662762', '0.655673', '0.660185']
         : correct/total = [(9031, 14232), (9488, 14235), (9329, 14266), (9365, 14217), (9370, 14238), (9574, 14373), (9347, 14346), (9441, 14334), (9312, 14294), (9374, 14373), (9477, 14344), (9344, 14302), (9497, 14354), (9490, 14362), (9241, 14320), (9410, 14395), (9585, 14389), (9449, 14257), (9344, 14251), (9506, 14399)]
         : compromised: 0.6575, honest: 0.6553
         : sketchguard stats = ['Node 0: acc_rate=0.368', 'Node 1: acc_rate=0.421', 'Node 2: acc_rate=0.421']...
Round 010: test acc mean=0.6668 ± 0.0053 | min=0.6502 max=0.6730
         : test loss mean=0.6131 ± 0.0039
         : individual accs = ['0.667440', '0.671444', '0.650217', '0.671661', '0.672847', '0.669311', '0.669037', '0.672806', '0.666433', '0.664440', '0.662995', '0.664732', '0.672983', '0.665019', '0.665992', '0.662313', '0.670165', '0.671249', '0.660866', '0.665046']
         : correct/total = [(9499, 14232), (9558, 14235), (9276, 14266), (9549, 14217), (9580, 14238), (9620, 14373), (9598, 14346), (9644, 14334), (9526, 14294), (9550, 14373), (9510, 14344), (9507, 14302), (9660, 14354), (9551, 14362), (9537, 14320), (9534, 14395), (9643, 14389), (9570, 14257), (9418, 14251), (9576, 14399)]
         : compromised: 0.6660, honest: 0.6681
         : sketchguard stats = ['Node 0: acc_rate=0.368', 'Node 1: acc_rate=0.421', 'Node 2: acc_rate=0.421']...

=== FINAL RESULTS ===
Dataset: sent140, Nodes: 20, Graph: fully, Aggregation: sketchguard
Attack: gaussian, 60.0% compromised
Final accuracy - Compromised: 0.6660, Honest: 0.6681
Overall test accuracy: mean=0.6668 ± 0.0053

=== Sketchguard SUMMARY ===
Node 0: acceptance=0.368
Node 1: acceptance=0.421
Node 2: acceptance=0.421
Node 3: acceptance=0.421
Node 4: acceptance=0.368
Node 5: acceptance=0.421
Node 6: acceptance=0.368
Node 7: acceptance=0.368
Node 8: acceptance=0.421
Node 9: acceptance=0.368
Node 10: acceptance=0.368
Node 11: acceptance=0.421
Node 12: acceptance=0.421
Node 13: acceptance=0.421
Node 14: acceptance=0.421
Node 15: acceptance=0.421
Node 16: acceptance=0.368
Node 17: acceptance=0.421
Node 18: acceptance=0.421
Node 19: acceptance=0.368

=== PARALLEL EXECUTION TIME (realistic for distributed system) ===
  COMMUNICATION (max across nodes):
    - Sketch transfer: 0.000s (0.0%)
    - Model fetch (accepted): 0.000s (0.0%)
  COMPUTATION (max across nodes):
    - Sketching: 0.388s (94.2%)
    - Filtering: 0.001s (0.3%)
    - Aggregation: 0.023s (5.6%)
  TOTALS:
    - Total computation: 0.412s (100.0%)
    - Total communication: 0.000s (0.0%)
    - Total parallel time: 0.412s

=== PER-NODE AVERAGE TIME ===
  - Sketching: 0.342s
  - Filtering: 0.001s
  - Aggregation: 0.016s
  - Sketch transfer: 0.000s
  - Model fetch: 0.000s
  - Total per node: 0.359s

=== TOTAL COMPUTATIONAL WORK (sum across all nodes) ===
  - Total sketching: 6.844s
  - Total filtering: 0.016s
  - Total aggregation: 0.315s
  - Total sketch transfer: 0.000s
  - Total model fetch: 0.000s
  - Grand total: 7.176s
  - Mean acceptance rate: 0.400

Sketchguard Algorithm Properties:
  - Original dimension: 1,174,986
  - Sketch size: 180
  - Compression ratio: 19.9x
  - Single repetition: No repetitions needed
  - Theoretical complexity: O(d + N×k)
  - Approach: Sketch filtering + state aggregation
