Device: cuda
Seed: 987654321
Loading 1 LEAF Sent140 train files...
LEAF Sent140 train: 254555 users, 908652 samples
Building vocabulary (max_size=10000)...
Vocabulary size: 10000
Loading 1 LEAF Sent140 test files...
LEAF Sent140 test: 254555 users, 286281 samples
Found 254555 train users, 254555 test users, 254555 common users
User sample counts range: 494 (max) to 1 (min)
Distributed ALL 254555 users across 20 clients
Users per client: 12727 (with 15 clients getting +1 user)
Train partition sizes: [44353, 44290, 44657, 44907, 44696, 45843, 45801, 45619, 45069, 45639, 45821, 45311, 45779, 46056, 45625, 45984, 46428, 44737, 45540, 46497]
Test partition sizes: [14232, 14235, 14266, 14217, 14238, 14373, 14346, 14334, 14294, 14373, 14344, 14302, 14354, 14362, 14320, 14395, 14389, 14257, 14251, 14399]
  Client 0: 44353 train samples, 2 unique classes
  Client 1: 44290 train samples, 2 unique classes
  Client 2: 44657 train samples, 2 unique classes
  Client 3: 44907 train samples, 2 unique classes
  Client 4: 44696 train samples, 2 unique classes
  Client 5: 45843 train samples, 2 unique classes
  Client 6: 45801 train samples, 2 unique classes
  Client 7: 45619 train samples, 2 unique classes
  Client 8: 45069 train samples, 2 unique classes
  Client 9: 45639 train samples, 2 unique classes
  Client 10: 45821 train samples, 2 unique classes
  Client 11: 45311 train samples, 2 unique classes
  Client 12: 45779 train samples, 2 unique classes
  Client 13: 46056 train samples, 2 unique classes
  Client 14: 45625 train samples, 2 unique classes
  Client 15: 45984 train samples, 2 unique classes
  Client 16: 46428 train samples, 2 unique classes
  Client 17: 44737 train samples, 2 unique classes
  Client 18: 45540 train samples, 2 unique classes
  Client 19: 46497 train samples, 2 unique classes
Will sample 4500 samples per client per epoch
Graph: erdos, nodes: 20, edges: 126
Degree statistics: avg=12.60, min=8, max=16
Attack: Compromised 12/20 nodes: [1, 2, 3, 5, 8, 11, 12, 13, 14, 15, 17, 18]
Attack type: krum, lambda: 1.0
Model variant: baseline
Model parameters: 1,174,986
Sketchguard Node 0:
  Model dim: 1,174,986 → Sketch size: 180
  Compression ratio: 6527.7x
  Using model parameters for aggregation, sketches for filtering
Sketchguard Node 1:
  Model dim: 1,174,986 → Sketch size: 180
  Compression ratio: 6527.7x
  Using model parameters for aggregation, sketches for filtering
Sketchguard Node 2:
  Model dim: 1,174,986 → Sketch size: 180
  Compression ratio: 6527.7x
  Using model parameters for aggregation, sketches for filtering
Sketchguard Node 3:
  Model dim: 1,174,986 → Sketch size: 180
  Compression ratio: 6527.7x
  Using model parameters for aggregation, sketches for filtering
Sketchguard Node 4:
  Model dim: 1,174,986 → Sketch size: 180
  Compression ratio: 6527.7x
  Using model parameters for aggregation, sketches for filtering
Sketchguard Node 5:
  Model dim: 1,174,986 → Sketch size: 180
  Compression ratio: 6527.7x
  Using model parameters for aggregation, sketches for filtering
Sketchguard Node 6:
  Model dim: 1,174,986 → Sketch size: 180
  Compression ratio: 6527.7x
  Using model parameters for aggregation, sketches for filtering
Sketchguard Node 7:
  Model dim: 1,174,986 → Sketch size: 180
  Compression ratio: 6527.7x
  Using model parameters for aggregation, sketches for filtering
Sketchguard Node 8:
  Model dim: 1,174,986 → Sketch size: 180
  Compression ratio: 6527.7x
  Using model parameters for aggregation, sketches for filtering
Sketchguard Node 9:
  Model dim: 1,174,986 → Sketch size: 180
  Compression ratio: 6527.7x
  Using model parameters for aggregation, sketches for filtering
Sketchguard Node 10:
  Model dim: 1,174,986 → Sketch size: 180
  Compression ratio: 6527.7x
  Using model parameters for aggregation, sketches for filtering
Sketchguard Node 11:
  Model dim: 1,174,986 → Sketch size: 180
  Compression ratio: 6527.7x
  Using model parameters for aggregation, sketches for filtering
Sketchguard Node 12:
  Model dim: 1,174,986 → Sketch size: 180
  Compression ratio: 6527.7x
  Using model parameters for aggregation, sketches for filtering
Sketchguard Node 13:
  Model dim: 1,174,986 → Sketch size: 180
  Compression ratio: 6527.7x
  Using model parameters for aggregation, sketches for filtering
Sketchguard Node 14:
  Model dim: 1,174,986 → Sketch size: 180
  Compression ratio: 6527.7x
  Using model parameters for aggregation, sketches for filtering
Sketchguard Node 15:
  Model dim: 1,174,986 → Sketch size: 180
  Compression ratio: 6527.7x
  Using model parameters for aggregation, sketches for filtering
Sketchguard Node 16:
  Model dim: 1,174,986 → Sketch size: 180
  Compression ratio: 6527.7x
  Using model parameters for aggregation, sketches for filtering
Sketchguard Node 17:
  Model dim: 1,174,986 → Sketch size: 180
  Compression ratio: 6527.7x
  Using model parameters for aggregation, sketches for filtering
Sketchguard Node 18:
  Model dim: 1,174,986 → Sketch size: 180
  Compression ratio: 6527.7x
  Using model parameters for aggregation, sketches for filtering
Sketchguard Node 19:
  Model dim: 1,174,986 → Sketch size: 180
  Compression ratio: 6527.7x
  Using model parameters for aggregation, sketches for filtering
Sketchguard ALGORITHM (Sketch-based Filtering + State Aggregation)
  - Model dimension: 1,174,986 parameters
  - Config: SketchguardConfig(gamma=2, kappa=1, alpha=0.5, min_neighbors=1, sketch_size=180, network_seed=987654321, attack_detection_window=5)
  - Sketch size: 180
  - Compression ratio: 6527.7x
  - Complexity: O(d + N×k) = O(1,174,986 + 20×180)
  - Theoretical speedup vs BALANCE: 19.9x
Initial test acc across nodes: mean=0.4953 ± 0.0174
Round 001: test acc mean=0.4999 ± 0.0153 | min=0.4586 max=0.5242
         : test loss mean=0.7306 ± 0.0325
         : individual accs = ['0.512156', '0.498630', '0.517805', '0.524232', '0.487568', '0.498643', '0.489335', '0.513325', '0.501329', '0.508732', '0.507460', '0.507062', '0.497910', '0.493385', '0.515154', '0.496075', '0.507540', '0.458582', '0.493720', '0.470241']
         : correct/total = [(7289, 14232), (7098, 14235), (7387, 14266), (7453, 14217), (6942, 14238), (7167, 14373), (7020, 14346), (7358, 14334), (7166, 14294), (7312, 14373), (7279, 14344), (7252, 14302), (7147, 14354), (7086, 14362), (7377, 14320), (7141, 14395), (7303, 14389), (6538, 14257), (7036, 14251), (6771, 14399)]
         : compromised: 0.5002, honest: 0.4995
         : sketchguard stats = ['Node 0: acc_rate=1.000', 'Node 1: acc_rate=1.000', 'Node 2: acc_rate=1.000']...
Round 002: test acc mean=0.5729 ± 0.0184 | min=0.5371 max=0.5949
         : test loss mean=0.6805 ± 0.0051
         : individual accs = ['0.586987', '0.580962', '0.575354', '0.544700', '0.586389', '0.583594', '0.594939', '0.554067', '0.537148', '0.572045', '0.578430', '0.581807', '0.573150', '0.539270', '0.594902', '0.590344', '0.577386', '0.543312', '0.569785', '0.592680']
         : correct/total = [(8354, 14232), (8270, 14235), (8208, 14266), (7744, 14217), (8349, 14238), (8388, 14373), (8535, 14346), (7942, 14334), (7678, 14294), (8222, 14373), (8297, 14344), (8321, 14302), (8227, 14354), (7745, 14362), (8519, 14320), (8498, 14395), (8308, 14389), (7746, 14257), (8120, 14251), (8534, 14399)]
         : compromised: 0.5679, honest: 0.5804
         : sketchguard stats = ['Node 0: acc_rate=0.719', 'Node 1: acc_rate=0.773', 'Node 2: acc_rate=0.708']...
Round 003: test acc mean=0.6134 ± 0.0091 | min=0.5910 max=0.6277
         : test loss mean=0.6598 ± 0.0058
         : individual accs = ['0.612423', '0.602599', '0.619585', '0.599142', '0.617432', '0.627705', '0.606859', '0.615111', '0.613404', '0.624435', '0.602830', '0.624388', '0.609865', '0.617741', '0.617737', '0.618062', '0.623184', '0.614856', '0.608729', '0.591013']
         : correct/total = [(8716, 14232), (8578, 14235), (8839, 14266), (8518, 14217), (8791, 14238), (9022, 14373), (8706, 14346), (8817, 14334), (8768, 14294), (8975, 14373), (8647, 14344), (8930, 14302), (8754, 14354), (8872, 14362), (8846, 14320), (8897, 14395), (8967, 14389), (8766, 14257), (8675, 14251), (8510, 14399)]
         : compromised: 0.6145, honest: 0.6117
         : sketchguard stats = ['Node 0: acc_rate=0.625', 'Node 1: acc_rate=0.697', 'Node 2: acc_rate=0.611']...
Round 004: test acc mean=0.6373 ± 0.0048 | min=0.6273 max=0.6455
         : test loss mean=0.6360 ± 0.0040
         : individual accs = ['0.639896', '0.627327', '0.635918', '0.637336', '0.640399', '0.642176', '0.641712', '0.640575', '0.638520', '0.635080', '0.635039', '0.628304', '0.635224', '0.638073', '0.629050', '0.637930', '0.644798', '0.638143', '0.635113', '0.645461']
         : correct/total = [(9107, 14232), (8930, 14235), (9072, 14266), (9061, 14217), (9118, 14238), (9230, 14373), (9206, 14346), (9182, 14334), (9127, 14294), (9128, 14373), (9109, 14344), (8986, 14302), (9118, 14354), (9164, 14362), (9008, 14320), (9183, 14395), (9278, 14389), (9098, 14257), (9051, 14251), (9294, 14399)]
         : compromised: 0.6353, honest: 0.6404
         : sketchguard stats = ['Node 0: acc_rate=0.578', 'Node 1: acc_rate=0.659', 'Node 2: acc_rate=0.562']...
Round 005: test acc mean=0.6467 ± 0.0042 | min=0.6367 max=0.6543
         : test loss mean=0.6259 ± 0.0040
         : individual accs = ['0.647836', '0.646997', '0.639492', '0.644088', '0.651707', '0.654282', '0.643594', '0.650691', '0.645376', '0.636749', '0.644451', '0.646483', '0.648878', '0.651372', '0.649162', '0.643626', '0.652095', '0.647752', '0.644516', '0.645253']
         : correct/total = [(9220, 14232), (9210, 14235), (9123, 14266), (9157, 14217), (9279, 14238), (9404, 14373), (9233, 14346), (9327, 14334), (9225, 14294), (9152, 14373), (9244, 14344), (9246, 14302), (9314, 14354), (9355, 14362), (9296, 14320), (9265, 14395), (9383, 14389), (9235, 14257), (9185, 14251), (9291, 14399)]
         : compromised: 0.6468, honest: 0.6465
         : sketchguard stats = ['Node 0: acc_rate=0.550', 'Node 1: acc_rate=0.636', 'Node 2: acc_rate=0.533']...
Round 006: test acc mean=0.6556 ± 0.0041 | min=0.6487 max=0.6631
         : test loss mean=0.6170 ± 0.0033
         : individual accs = ['0.656057', '0.658658', '0.649727', '0.655694', '0.657536', '0.659431', '0.657744', '0.663109', '0.660067', '0.656022', '0.650795', '0.649909', '0.657865', '0.661398', '0.655796', '0.655158', '0.651678', '0.649576', '0.648656', '0.656573']
         : correct/total = [(9337, 14232), (9376, 14235), (9269, 14266), (9322, 14217), (9362, 14238), (9478, 14373), (9436, 14346), (9505, 14334), (9435, 14294), (9429, 14373), (9335, 14344), (9295, 14302), (9443, 14354), (9499, 14362), (9391, 14320), (9431, 14395), (9377, 14389), (9261, 14257), (9244, 14251), (9454, 14399)]
         : compromised: 0.6552, honest: 0.6562
         : sketchguard stats = ['Node 0: acc_rate=0.531', 'Node 1: acc_rate=0.621', 'Node 2: acc_rate=0.514']...
Round 007: test acc mean=0.6611 ± 0.0046 | min=0.6510 max=0.6678
         : test loss mean=0.6115 ± 0.0054
         : individual accs = ['0.663716', '0.666386', '0.650988', '0.665471', '0.660907', '0.666667', '0.664018', '0.652853', '0.659368', '0.660683', '0.657627', '0.660677', '0.665529', '0.667804', '0.661522', '0.653491', '0.662311', '0.659185', '0.660024', '0.663588']
         : correct/total = [(9446, 14232), (9486, 14235), (9287, 14266), (9461, 14217), (9410, 14238), (9582, 14373), (9526, 14346), (9358, 14334), (9425, 14294), (9496, 14373), (9433, 14344), (9449, 14302), (9553, 14354), (9591, 14362), (9473, 14320), (9407, 14395), (9530, 14389), (9398, 14257), (9406, 14251), (9555, 14399)]
         : compromised: 0.6614, honest: 0.6607
         : sketchguard stats = ['Node 0: acc_rate=0.518', 'Node 1: acc_rate=0.610', 'Node 2: acc_rate=0.500']...
Round 008: test acc mean=0.6663 ± 0.0042 | min=0.6565 max=0.6736
         : test loss mean=0.6064 ± 0.0039
         : individual accs = ['0.665823', '0.668212', '0.660522', '0.668777', '0.666315', '0.669728', '0.670570', '0.665271', '0.667413', '0.667989', '0.659997', '0.663474', '0.668385', '0.673583', '0.656494', '0.666481', '0.665369', '0.670478', '0.660515', '0.670880']
         : correct/total = [(9476, 14232), (9512, 14235), (9423, 14266), (9508, 14217), (9487, 14238), (9626, 14373), (9620, 14346), (9536, 14334), (9540, 14294), (9601, 14373), (9467, 14344), (9489, 14302), (9594, 14354), (9674, 14362), (9401, 14320), (9594, 14395), (9574, 14389), (9559, 14257), (9413, 14251), (9660, 14399)]
         : compromised: 0.6662, honest: 0.6665
         : sketchguard stats = ['Node 0: acc_rate=0.508', 'Node 1: acc_rate=0.602', 'Node 2: acc_rate=0.490']...
Round 009: test acc mean=0.6650 ± 0.0075 | min=0.6504 max=0.6765
         : test loss mean=0.6071 ± 0.0069
         : individual accs = ['0.650436', '0.675307', '0.661923', '0.668706', '0.668001', '0.673694', '0.656002', '0.663667', '0.658248', '0.651569', '0.658882', '0.663613', '0.676466', '0.674767', '0.660684', '0.663633', '0.666829', '0.672792', '0.670058', '0.664838']
         : correct/total = [(9257, 14232), (9613, 14235), (9443, 14266), (9507, 14217), (9511, 14238), (9683, 14373), (9411, 14346), (9513, 14334), (9409, 14294), (9365, 14373), (9451, 14344), (9491, 14302), (9710, 14354), (9691, 14362), (9461, 14320), (9553, 14395), (9595, 14389), (9592, 14257), (9549, 14251), (9573, 14399)]
         : compromised: 0.6683, honest: 0.6600
         : sketchguard stats = ['Node 0: acc_rate=0.500', 'Node 1: acc_rate=0.596', 'Node 2: acc_rate=0.481']...
Round 010: test acc mean=0.6765 ± 0.0053 | min=0.6588 max=0.6832
         : test loss mean=0.5962 ± 0.0047
         : individual accs = ['0.676785', '0.678960', '0.658839', '0.681156', '0.683172', '0.675851', '0.679771', '0.680271', '0.675108', '0.672302', '0.678472', '0.672493', '0.683085', '0.681660', '0.672905', '0.674957', '0.680103', '0.676790', '0.671953', '0.674977']
         : correct/total = [(9632, 14232), (9665, 14235), (9399, 14266), (9684, 14217), (9727, 14238), (9714, 14373), (9752, 14346), (9751, 14334), (9650, 14294), (9663, 14373), (9732, 14344), (9618, 14302), (9805, 14354), (9790, 14362), (9636, 14320), (9716, 14395), (9786, 14389), (9649, 14257), (9576, 14251), (9719, 14399)]
         : compromised: 0.6753, honest: 0.6782
         : sketchguard stats = ['Node 0: acc_rate=0.494', 'Node 1: acc_rate=0.591', 'Node 2: acc_rate=0.475']...

=== FINAL RESULTS ===
Dataset: sent140, Nodes: 20, Graph: erdos, Aggregation: sketchguard
Attack: krum, 60.0% compromised
Final accuracy - Compromised: 0.6753, Honest: 0.6782
Overall test accuracy: mean=0.6765 ± 0.0053

=== Sketchguard SUMMARY ===
Node 0: acceptance=0.494
Node 1: acceptance=0.591
Node 2: acceptance=0.475
Node 3: acceptance=0.550
Node 4: acceptance=0.509
Node 5: acceptance=0.460
Node 6: acceptance=0.421
Node 7: acceptance=0.421
Node 8: acceptance=0.370
Node 9: acceptance=0.515
Node 10: acceptance=0.500
Node 11: acceptance=0.486
Node 12: acceptance=0.550
Node 13: acceptance=0.446
Node 14: acceptance=0.460
Node 15: acceptance=0.427
Node 16: acceptance=0.377
Node 17: acceptance=0.700
Node 18: acceptance=0.494
Node 19: acceptance=0.438

=== PARALLEL EXECUTION TIME (realistic for distributed system) ===
  COMMUNICATION (max across nodes):
    - Sketch transfer: 0.000s (0.0%)
    - Model fetch (accepted): 0.000s (0.0%)
  COMPUTATION (max across nodes):
    - Sketching: 0.380s (93.9%)
    - Filtering: 0.001s (0.3%)
    - Aggregation: 0.024s (5.8%)
  TOTALS:
    - Total computation: 0.405s (100.0%)
    - Total communication: 0.000s (0.0%)
    - Total parallel time: 0.405s

=== PER-NODE AVERAGE TIME ===
  - Sketching: 0.311s
  - Filtering: 0.001s
  - Aggregation: 0.014s
  - Sketch transfer: 0.000s
  - Model fetch: 0.000s
  - Total per node: 0.326s

=== TOTAL COMPUTATIONAL WORK (sum across all nodes) ===
  - Total sketching: 6.222s
  - Total filtering: 0.014s
  - Total aggregation: 0.274s
  - Total sketch transfer: 0.000s
  - Total model fetch: 0.000s
  - Grand total: 6.510s
  - Mean acceptance rate: 0.484

Sketchguard Algorithm Properties:
  - Original dimension: 1,174,986
  - Sketch size: 180
  - Compression ratio: 19.9x
  - Single repetition: No repetitions needed
  - Theoretical complexity: O(d + N×k)
  - Approach: Sketch filtering + state aggregation
