Device: cuda
Seed: 987654321
Loading 1 LEAF Sent140 train files...
LEAF Sent140 train: 254555 users, 908652 samples
Building vocabulary (max_size=10000)...
Vocabulary size: 10000
Loading 1 LEAF Sent140 test files...
LEAF Sent140 test: 254555 users, 286281 samples
Found 254555 train users, 254555 test users, 254555 common users
User sample counts range: 494 (max) to 1 (min)
Distributed ALL 254555 users across 20 clients
Users per client: 12727 (with 15 clients getting +1 user)
Train partition sizes: [44353, 44290, 44657, 44907, 44696, 45843, 45801, 45619, 45069, 45639, 45821, 45311, 45779, 46056, 45625, 45984, 46428, 44737, 45540, 46497]
Test partition sizes: [14232, 14235, 14266, 14217, 14238, 14373, 14346, 14334, 14294, 14373, 14344, 14302, 14354, 14362, 14320, 14395, 14389, 14257, 14251, 14399]
  Client 0: 44353 train samples, 2 unique classes
  Client 1: 44290 train samples, 2 unique classes
  Client 2: 44657 train samples, 2 unique classes
  Client 3: 44907 train samples, 2 unique classes
  Client 4: 44696 train samples, 2 unique classes
  Client 5: 45843 train samples, 2 unique classes
  Client 6: 45801 train samples, 2 unique classes
  Client 7: 45619 train samples, 2 unique classes
  Client 8: 45069 train samples, 2 unique classes
  Client 9: 45639 train samples, 2 unique classes
  Client 10: 45821 train samples, 2 unique classes
  Client 11: 45311 train samples, 2 unique classes
  Client 12: 45779 train samples, 2 unique classes
  Client 13: 46056 train samples, 2 unique classes
  Client 14: 45625 train samples, 2 unique classes
  Client 15: 45984 train samples, 2 unique classes
  Client 16: 46428 train samples, 2 unique classes
  Client 17: 44737 train samples, 2 unique classes
  Client 18: 45540 train samples, 2 unique classes
  Client 19: 46497 train samples, 2 unique classes
Will sample 4500 samples per client per epoch
Graph: ring, nodes: 20, edges: 20
Degree statistics: avg=2.00, min=2, max=2
Attack: Compromised 12/20 nodes: [1, 2, 3, 5, 8, 11, 12, 13, 14, 15, 17, 18]
Attack type: directed_deviation, lambda: 1.0
Model variant: baseline
Model parameters: 1,174,986
UBAR ALGORITHM (Two-Stage Byzantine-resilient)
  - Model dimension: 1,174,986 parameters
  - Rho parameter: 0.4
  - Stage 1: Distance-based filtering (select 40% closest neighbors)
  - Stage 2: Performance-based selection (loss comparison)
  - Complexity: O(deg(i)×d + deg(i)×inference)
Initial test acc across nodes: mean=0.4953 ± 0.0174
Round 001: test acc mean=0.5415 ± 0.0347 | min=0.4952 max=0.5940
         : test loss mean=2.4959 ± 2.9140
         : individual accs = ['0.583263', '0.593818', '0.499019', '0.565942', '0.497050', '0.511375', '0.590687', '0.593972', '0.550091', '0.547763', '0.545176', '0.516291', '0.504946', '0.513090', '0.500978', '0.546440', '0.495170', '0.561408', '0.528594', '0.584902']
         : correct/total = [(8301, 14232), (8453, 14235), (7119, 14266), (8046, 14217), (7077, 14238), (7350, 14373), (8474, 14346), (8514, 14334), (7863, 14294), (7873, 14373), (7820, 14344), (7384, 14302), (7248, 14354), (7369, 14362), (7174, 14320), (7866, 14395), (7125, 14389), (8004, 14257), (7533, 14251), (8422, 14399)]
         : compromised: 0.5327, honest: 0.5547
         : ubar stats = ['Node 0: s1=0.500, s2=1.000', 'Node 1: s1=0.500, s2=1.000', 'Node 2: s1=0.500, s2=1.000']...
Round 002: test acc mean=0.5777 ± 0.0647 | min=0.4981 max=0.6455
         : test loss mean=2.0078 ± 2.1156
         : individual accs = ['0.640107', '0.632385', '0.520538', '0.500598', '0.519104', '0.635149', '0.638645', '0.645458', '0.628515', '0.640298', '0.630926', '0.628164', '0.500766', '0.498050', '0.501117', '0.502258', '0.512683', '0.503612', '0.633219', '0.642545']
         : correct/total = [(9110, 14232), (9002, 14235), (7426, 14266), (7117, 14217), (7391, 14238), (9129, 14373), (9162, 14346), (9252, 14334), (8984, 14294), (9203, 14373), (9050, 14344), (8984, 14302), (7188, 14354), (7153, 14362), (7176, 14320), (7230, 14395), (7377, 14389), (7180, 14257), (9024, 14251), (9252, 14399)]
         : compromised: 0.5570, honest: 0.6087
         : ubar stats = ['Node 0: s1=0.500, s2=1.000', 'Node 1: s1=0.500, s2=1.000', 'Node 2: s1=0.500, s2=1.000']...
Round 003: test acc mean=0.5742 ± 0.0681 | min=0.4882 max=0.6460
         : test loss mean=1.0738 ± 0.6828
         : individual accs = ['0.630902', '0.619389', '0.488154', '0.514595', '0.495575', '0.646003', '0.625122', '0.638621', '0.635022', '0.645933', '0.641871', '0.643127', '0.503065', '0.507520', '0.497137', '0.496561', '0.492599', '0.499825', '0.626342', '0.635947']
         : correct/total = [(8979, 14232), (8817, 14235), (6964, 14266), (7316, 14217), (7056, 14238), (9285, 14373), (8968, 14346), (9154, 14334), (9077, 14294), (9284, 14373), (9207, 14344), (9198, 14302), (7221, 14354), (7289, 14362), (7119, 14320), (7148, 14395), (7088, 14389), (7126, 14257), (8926, 14251), (9157, 14399)]
         : compromised: 0.5564, honest: 0.6008
         : ubar stats = ['Node 0: s1=0.500, s2=1.000', 'Node 1: s1=0.500, s2=1.000', 'Node 2: s1=0.500, s2=1.000']...
Round 004: test acc mean=0.5811 ± 0.0728 | min=0.4864 max=0.6559
         : test loss mean=0.9224 ± 0.4314
         : individual accs = ['0.654300', '0.640253', '0.503996', '0.511360', '0.504846', '0.655674', '0.645337', '0.655923', '0.637190', '0.641828', '0.642987', '0.643407', '0.502508', '0.486423', '0.495950', '0.497742', '0.510876', '0.495336', '0.641990', '0.654837']
         : correct/total = [(9312, 14232), (9114, 14235), (7190, 14266), (7270, 14217), (7188, 14238), (9424, 14373), (9258, 14346), (9402, 14334), (9108, 14294), (9225, 14373), (9223, 14344), (9202, 14302), (7213, 14354), (6986, 14362), (7102, 14320), (7165, 14395), (7351, 14389), (7062, 14257), (9149, 14251), (9429, 14399)]
         : compromised: 0.5593, honest: 0.6139
         : ubar stats = ['Node 0: s1=0.500, s2=1.000', 'Node 1: s1=0.500, s2=1.000', 'Node 2: s1=0.500, s2=1.000']...
Round 005: test acc mean=0.5857 ± 0.0728 | min=0.4964 max=0.6581
         : test loss mean=0.8230 ± 0.2834
         : individual accs = ['0.650365', '0.654233', '0.497967', '0.514877', '0.513626', '0.652265', '0.647428', '0.655435', '0.651882', '0.658109', '0.651352', '0.639491', '0.509544', '0.507520', '0.507123', '0.498020', '0.503440', '0.496388', '0.651674', '0.652962']
         : correct/total = [(9256, 14232), (9313, 14235), (7104, 14266), (7320, 14217), (7313, 14238), (9375, 14373), (9288, 14346), (9395, 14334), (9318, 14294), (9459, 14373), (9343, 14344), (9146, 14302), (7314, 14354), (7289, 14362), (7262, 14320), (7169, 14395), (7244, 14389), (7077, 14257), (9287, 14251), (9402, 14399)]
         : compromised: 0.5651, honest: 0.6166
         : ubar stats = ['Node 0: s1=0.500, s2=1.000', 'Node 1: s1=0.500, s2=1.000', 'Node 2: s1=0.500, s2=1.000']...
Round 006: test acc mean=0.5902 ± 0.0759 | min=0.4933 max=0.6683
         : test loss mean=0.7787 ± 0.2399
         : individual accs = ['0.655354', '0.659361', '0.508762', '0.495885', '0.503090', '0.666875', '0.661787', '0.668341', '0.656010', '0.657831', '0.654490', '0.647811', '0.514630', '0.493316', '0.507053', '0.531018', '0.502676', '0.504664', '0.654761', '0.660949']
         : correct/total = [(9327, 14232), (9386, 14235), (7258, 14266), (7050, 14217), (7163, 14238), (9585, 14373), (9494, 14346), (9580, 14334), (9377, 14294), (9455, 14373), (9388, 14344), (9265, 14302), (7387, 14354), (7085, 14362), (7261, 14320), (7644, 14395), (7233, 14389), (7195, 14257), (9331, 14251), (9517, 14399)]
         : compromised: 0.5700, honest: 0.6206
         : ubar stats = ['Node 0: s1=0.500, s2=1.000', 'Node 1: s1=0.500, s2=1.000', 'Node 2: s1=0.500, s2=1.000']...
Round 007: test acc mean=0.5926 ± 0.0790 | min=0.4987 max=0.6749
         : test loss mean=0.7450 ± 0.1857
         : individual accs = ['0.663224', '0.663084', '0.503855', '0.515088', '0.505127', '0.671954', '0.668758', '0.674899', '0.666084', '0.664719', '0.657069', '0.652916', '0.506200', '0.515179', '0.501536', '0.503230', '0.498714', '0.501718', '0.651393', '0.668033']
         : correct/total = [(9439, 14232), (9439, 14235), (7188, 14266), (7323, 14217), (7192, 14238), (9658, 14373), (9594, 14346), (9674, 14334), (9521, 14294), (9554, 14373), (9425, 14344), (9338, 14302), (7266, 14354), (7399, 14362), (7182, 14320), (7244, 14395), (7176, 14389), (7153, 14257), (9283, 14251), (9619, 14399)]
         : compromised: 0.5710, honest: 0.6251
         : ubar stats = ['Node 0: s1=0.500, s2=1.000', 'Node 1: s1=0.500, s2=1.000', 'Node 2: s1=0.500, s2=1.000']...
Round 008: test acc mean=0.5932 ± 0.0819 | min=0.4849 max=0.6761
         : test loss mean=0.7056 ± 0.1273
         : individual accs = ['0.669196', '0.653600', '0.512828', '0.484912', '0.506110', '0.676059', '0.664575', '0.671201', '0.666154', '0.672650', '0.667526', '0.663753', '0.503344', '0.499791', '0.515154', '0.497742', '0.512058', '0.495336', '0.661076', '0.670116']
         : correct/total = [(9524, 14232), (9304, 14235), (7316, 14266), (6894, 14217), (7206, 14238), (9717, 14373), (9534, 14346), (9621, 14334), (9522, 14294), (9668, 14373), (9575, 14344), (9493, 14302), (7225, 14354), (7178, 14362), (7377, 14320), (7165, 14395), (7368, 14389), (7062, 14257), (9421, 14251), (9649, 14399)]
         : compromised: 0.5691, honest: 0.6292
         : ubar stats = ['Node 0: s1=0.500, s2=1.000', 'Node 1: s1=0.500, s2=1.000', 'Node 2: s1=0.500, s2=1.000']...
Round 009: test acc mean=0.5925 ± 0.0802 | min=0.4931 max=0.6797
         : test loss mean=0.7337 ± 0.1648
         : individual accs = ['0.646009', '0.649526', '0.493131', '0.515088', '0.508217', '0.676059', '0.654747', '0.665899', '0.665104', '0.679747', '0.672407', '0.671934', '0.506270', '0.507032', '0.509358', '0.502258', '0.493571', '0.504664', '0.671181', '0.657060']
         : correct/total = [(9194, 14232), (9246, 14235), (7035, 14266), (7323, 14217), (7236, 14238), (9717, 14373), (9393, 14346), (9545, 14334), (9507, 14294), (9770, 14373), (9645, 14344), (9610, 14302), (7267, 14354), (7282, 14362), (7294, 14320), (7230, 14395), (7102, 14389), (7195, 14257), (9565, 14251), (9461, 14399)]
         : compromised: 0.5726, honest: 0.6222
         : ubar stats = ['Node 0: s1=0.500, s2=1.000', 'Node 1: s1=0.500, s2=1.000', 'Node 2: s1=0.500, s2=1.000']...
Round 010: test acc mean=0.6019 ± 0.0865 | min=0.4849 max=0.6924
         : test loss mean=0.6680 ± 0.0903
         : individual accs = ['0.671726', '0.672778', '0.511846', '0.484912', '0.512853', '0.690253', '0.683605', '0.692410', '0.675038', '0.681973', '0.682794', '0.675430', '0.508848', '0.526041', '0.501676', '0.497742', '0.523038', '0.495336', '0.669988', '0.680464']
         : correct/total = [(9560, 14232), (9577, 14235), (7302, 14266), (6894, 14217), (7302, 14238), (9921, 14373), (9807, 14346), (9925, 14334), (9649, 14294), (9802, 14373), (9794, 14344), (9660, 14302), (7304, 14354), (7555, 14362), (7184, 14320), (7165, 14395), (7526, 14389), (7062, 14257), (9548, 14251), (9798, 14399)]
         : compromised: 0.5758, honest: 0.6411
         : ubar stats = ['Node 0: s1=0.500, s2=1.000', 'Node 1: s1=0.500, s2=1.000', 'Node 2: s1=0.500, s2=1.000']...

=== FINAL RESULTS ===
Dataset: sent140, Nodes: 20, Graph: ring, Aggregation: ubar
Attack: directed_deviation, 60.0% compromised
Final accuracy - Compromised: 0.5758, Honest: 0.6411
Overall test accuracy: mean=0.6019 ± 0.0865

=== UBAR SUMMARY ===
Node 0: stage1=0.500, stage2=1.000, overall=0.500
Node 1: stage1=0.500, stage2=1.000, overall=0.500
Node 2: stage1=0.500, stage2=1.000, overall=0.500
Node 3: stage1=0.500, stage2=1.000, overall=0.500
Node 4: stage1=0.500, stage2=1.000, overall=0.500
Node 5: stage1=0.500, stage2=1.000, overall=0.500
Node 6: stage1=0.500, stage2=1.000, overall=0.500
Node 7: stage1=0.500, stage2=1.000, overall=0.500
Node 8: stage1=0.500, stage2=1.000, overall=0.500
Node 9: stage1=0.500, stage2=1.000, overall=0.500
Node 10: stage1=0.500, stage2=1.000, overall=0.500
Node 11: stage1=0.500, stage2=1.000, overall=0.500
Node 12: stage1=0.500, stage2=1.000, overall=0.500
Node 13: stage1=0.500, stage2=1.000, overall=0.500
Node 14: stage1=0.500, stage2=1.000, overall=0.500
Node 15: stage1=0.500, stage2=1.000, overall=0.500
Node 16: stage1=0.500, stage2=1.000, overall=0.500
Node 17: stage1=0.500, stage2=1.000, overall=0.500
Node 18: stage1=0.500, stage2=1.000, overall=0.500
Node 19: stage1=0.500, stage2=1.000, overall=0.500

=== PARALLEL EXECUTION TIME (realistic for distributed system) ===
  COMMUNICATION (max across nodes):
    - Full model transfer: 0.000s (0.1%)
  COMPUTATION (max across nodes):
    - Distance computation: 0.008s (30.3%)
    - Loss computation: 0.015s (55.4%)
    - Aggregation: 0.004s (14.2%)
  TOTALS:
    - Total computation: 0.028s (99.9%)
    - Total communication: 0.000s (0.1%)
    - Total parallel time: 0.028s

=== PER-NODE AVERAGE TIME ===
  - Distance computation: 0.008s
  - Loss computation: 0.009s
  - Aggregation: 0.003s
  - Model transfer: 0.000s
  - Total per node: 0.020s

=== TOTAL COMPUTATIONAL WORK (sum across all nodes) ===
  - Total distance computation: 0.158s
  - Total loss computation: 0.175s
  - Total aggregation: 0.064s
  - Total model transfer: 0.000s
  - Grand total: 0.398s
  - Mean Stage 1 acceptance rate: 0.500
  - Mean Stage 2 acceptance rate: 1.000
  - Overall acceptance rate: 0.500

UBAR Algorithm Properties:
  - Model dimension: 1,174,986
  - Rho parameter: 0.4
  - Two-stage approach: Distance filtering + loss evaluation
  - Stage 1 selects: 40% of neighbors
  - Stage 2 uses: Training sample loss comparison
  - Theoretical complexity: O(deg(i)×d + deg(i)×inference)
  - Approach: UBAR paper implementation
