Device: cuda
Seed: 987654321
Loading 1 LEAF Sent140 train files...
LEAF Sent140 train: 254555 users, 908652 samples
Building vocabulary (max_size=10000)...
Vocabulary size: 10000
Loading 1 LEAF Sent140 test files...
LEAF Sent140 test: 254555 users, 286281 samples
Found 254555 train users, 254555 test users, 254555 common users
User sample counts range: 494 (max) to 1 (min)
Distributed ALL 254555 users across 20 clients
Users per client: 12727 (with 15 clients getting +1 user)
Train partition sizes: [44353, 44290, 44657, 44907, 44696, 45843, 45801, 45619, 45069, 45639, 45821, 45311, 45779, 46056, 45625, 45984, 46428, 44737, 45540, 46497]
Test partition sizes: [14232, 14235, 14266, 14217, 14238, 14373, 14346, 14334, 14294, 14373, 14344, 14302, 14354, 14362, 14320, 14395, 14389, 14257, 14251, 14399]
  Client 0: 44353 train samples, 2 unique classes
  Client 1: 44290 train samples, 2 unique classes
  Client 2: 44657 train samples, 2 unique classes
  Client 3: 44907 train samples, 2 unique classes
  Client 4: 44696 train samples, 2 unique classes
  Client 5: 45843 train samples, 2 unique classes
  Client 6: 45801 train samples, 2 unique classes
  Client 7: 45619 train samples, 2 unique classes
  Client 8: 45069 train samples, 2 unique classes
  Client 9: 45639 train samples, 2 unique classes
  Client 10: 45821 train samples, 2 unique classes
  Client 11: 45311 train samples, 2 unique classes
  Client 12: 45779 train samples, 2 unique classes
  Client 13: 46056 train samples, 2 unique classes
  Client 14: 45625 train samples, 2 unique classes
  Client 15: 45984 train samples, 2 unique classes
  Client 16: 46428 train samples, 2 unique classes
  Client 17: 44737 train samples, 2 unique classes
  Client 18: 45540 train samples, 2 unique classes
  Client 19: 46497 train samples, 2 unique classes
Will sample 4500 samples per client per epoch
Graph: erdos, nodes: 20, edges: 126
Degree statistics: avg=12.60, min=8, max=16
Attack: Compromised 10/20 nodes: [1, 2, 5, 11, 12, 13, 14, 15, 17, 18]
Attack type: gaussian, lambda: 1.0
Model variant: baseline
Model parameters: 1,174,986
Sketchguard Node 0:
  Model dim: 1,174,986 → Sketch size: 180
  Compression ratio: 6527.7x
  Using model parameters for aggregation, sketches for filtering
Sketchguard Node 1:
  Model dim: 1,174,986 → Sketch size: 180
  Compression ratio: 6527.7x
  Using model parameters for aggregation, sketches for filtering
Sketchguard Node 2:
  Model dim: 1,174,986 → Sketch size: 180
  Compression ratio: 6527.7x
  Using model parameters for aggregation, sketches for filtering
Sketchguard Node 3:
  Model dim: 1,174,986 → Sketch size: 180
  Compression ratio: 6527.7x
  Using model parameters for aggregation, sketches for filtering
Sketchguard Node 4:
  Model dim: 1,174,986 → Sketch size: 180
  Compression ratio: 6527.7x
  Using model parameters for aggregation, sketches for filtering
Sketchguard Node 5:
  Model dim: 1,174,986 → Sketch size: 180
  Compression ratio: 6527.7x
  Using model parameters for aggregation, sketches for filtering
Sketchguard Node 6:
  Model dim: 1,174,986 → Sketch size: 180
  Compression ratio: 6527.7x
  Using model parameters for aggregation, sketches for filtering
Sketchguard Node 7:
  Model dim: 1,174,986 → Sketch size: 180
  Compression ratio: 6527.7x
  Using model parameters for aggregation, sketches for filtering
Sketchguard Node 8:
  Model dim: 1,174,986 → Sketch size: 180
  Compression ratio: 6527.7x
  Using model parameters for aggregation, sketches for filtering
Sketchguard Node 9:
  Model dim: 1,174,986 → Sketch size: 180
  Compression ratio: 6527.7x
  Using model parameters for aggregation, sketches for filtering
Sketchguard Node 10:
  Model dim: 1,174,986 → Sketch size: 180
  Compression ratio: 6527.7x
  Using model parameters for aggregation, sketches for filtering
Sketchguard Node 11:
  Model dim: 1,174,986 → Sketch size: 180
  Compression ratio: 6527.7x
  Using model parameters for aggregation, sketches for filtering
Sketchguard Node 12:
  Model dim: 1,174,986 → Sketch size: 180
  Compression ratio: 6527.7x
  Using model parameters for aggregation, sketches for filtering
Sketchguard Node 13:
  Model dim: 1,174,986 → Sketch size: 180
  Compression ratio: 6527.7x
  Using model parameters for aggregation, sketches for filtering
Sketchguard Node 14:
  Model dim: 1,174,986 → Sketch size: 180
  Compression ratio: 6527.7x
  Using model parameters for aggregation, sketches for filtering
Sketchguard Node 15:
  Model dim: 1,174,986 → Sketch size: 180
  Compression ratio: 6527.7x
  Using model parameters for aggregation, sketches for filtering
Sketchguard Node 16:
  Model dim: 1,174,986 → Sketch size: 180
  Compression ratio: 6527.7x
  Using model parameters for aggregation, sketches for filtering
Sketchguard Node 17:
  Model dim: 1,174,986 → Sketch size: 180
  Compression ratio: 6527.7x
  Using model parameters for aggregation, sketches for filtering
Sketchguard Node 18:
  Model dim: 1,174,986 → Sketch size: 180
  Compression ratio: 6527.7x
  Using model parameters for aggregation, sketches for filtering
Sketchguard Node 19:
  Model dim: 1,174,986 → Sketch size: 180
  Compression ratio: 6527.7x
  Using model parameters for aggregation, sketches for filtering
Sketchguard ALGORITHM (Sketch-based Filtering + State Aggregation)
  - Model dimension: 1,174,986 parameters
  - Config: SketchguardConfig(gamma=2, kappa=1, alpha=0.5, min_neighbors=1, sketch_size=180, network_seed=987654321, attack_detection_window=5)
  - Sketch size: 180
  - Compression ratio: 6527.7x
  - Complexity: O(d + N×k) = O(1,174,986 + 20×180)
  - Theoretical speedup vs BALANCE: 19.9x
Initial test acc across nodes: mean=0.4953 ± 0.0174
Round 001: test acc mean=0.5666 ± 0.0390 | min=0.5039 max=0.6265
         : test loss mean=0.6898 ± 0.0008
         : individual accs = ['0.574972', '0.567896', '0.523132', '0.503904', '0.623753', '0.552912', '0.611320', '0.619715', '0.505527', '0.548946', '0.527677', '0.540484', '0.626515', '0.587244', '0.588827', '0.558944', '0.509625', '0.591218', '0.561996', '0.606431']
         : correct/total = [(8183, 14232), (8084, 14235), (7463, 14266), (7164, 14217), (8881, 14238), (7947, 14373), (8770, 14346), (8883, 14334), (7226, 14294), (7890, 14373), (7569, 14344), (7730, 14302), (8993, 14354), (8434, 14362), (8432, 14320), (8046, 14395), (7333, 14389), (8429, 14257), (8009, 14251), (8732, 14399)]
         : compromised: 0.5699, honest: 0.5632
         : sketchguard stats = ['Node 0: acc_rate=0.500', 'Node 1: acc_rate=0.545', 'Node 2: acc_rate=0.417']...
Round 002: test acc mean=0.5512 ± 0.0437 | min=0.4904 max=0.6312
         : test loss mean=0.6897 ± 0.0017
         : individual accs = ['0.555228', '0.490411', '0.600519', '0.528452', '0.502599', '0.573993', '0.517775', '0.592647', '0.562334', '0.631183', '0.576757', '0.573766', '0.502856', '0.524997', '0.492598', '0.502119', '0.602127', '0.571789', '0.616308', '0.505868']
         : correct/total = [(7902, 14232), (6981, 14235), (8567, 14266), (7513, 14217), (7156, 14238), (8250, 14373), (7428, 14346), (8495, 14334), (8038, 14294), (9072, 14373), (8273, 14344), (8206, 14302), (7218, 14354), (7540, 14362), (7054, 14320), (7228, 14395), (8664, 14389), (8152, 14257), (8783, 14251), (7284, 14399)]
         : compromised: 0.5449, honest: 0.5575
         : sketchguard stats = ['Node 0: acc_rate=0.500', 'Node 1: acc_rate=0.545', 'Node 2: acc_rate=0.417']...
Round 003: test acc mean=0.5407 ± 0.0445 | min=0.4842 max=0.6216
         : test loss mean=0.6874 ± 0.0028
         : individual accs = ['0.552066', '0.484229', '0.496355', '0.539636', '0.610198', '0.536005', '0.517426', '0.513674', '0.560305', '0.606763', '0.515128', '0.598238', '0.503135', '0.541220', '0.493156', '0.497742', '0.621586', '0.515256', '0.612097', '0.499340']
         : correct/total = [(7857, 14232), (6893, 14235), (7081, 14266), (7672, 14217), (8688, 14238), (7704, 14373), (7423, 14346), (7363, 14334), (8009, 14294), (8721, 14373), (7389, 14344), (8556, 14302), (7222, 14354), (7773, 14362), (7062, 14320), (7165, 14395), (8944, 14389), (7346, 14257), (8723, 14251), (7190, 14399)]
         : compromised: 0.5277, honest: 0.5536
         : sketchguard stats = ['Node 0: acc_rate=0.500', 'Node 1: acc_rate=0.545', 'Node 2: acc_rate=0.417']...
Round 004: test acc mean=0.5990 ± 0.0276 | min=0.5292 max=0.6403
         : test loss mean=0.6790 ± 0.0035
         : individual accs = ['0.587971', '0.566351', '0.618534', '0.610537', '0.626984', '0.640298', '0.631047', '0.596763', '0.618721', '0.605302', '0.604225', '0.590757', '0.529190', '0.563014', '0.593575', '0.566794', '0.639169', '0.587290', '0.587187', '0.616987']
         : correct/total = [(8368, 14232), (8062, 14235), (8824, 14266), (8680, 14217), (8927, 14238), (9203, 14373), (9053, 14346), (8554, 14334), (8844, 14294), (8700, 14373), (8667, 14344), (8449, 14302), (7596, 14354), (8086, 14362), (8500, 14320), (8159, 14395), (9197, 14389), (8373, 14257), (8368, 14251), (8884, 14399)]
         : compromised: 0.5843, honest: 0.6138
         : sketchguard stats = ['Node 0: acc_rate=0.500', 'Node 1: acc_rate=0.545', 'Node 2: acc_rate=0.417']...
Round 005: test acc mean=0.6353 ± 0.0105 | min=0.6017 max=0.6454
         : test loss mean=0.6602 ± 0.0049
         : individual accs = ['0.636734', '0.638988', '0.630170', '0.638742', '0.642014', '0.642524', '0.640248', '0.643575', '0.640199', '0.622069', '0.640756', '0.643826', '0.618643', '0.626793', '0.638128', '0.601737', '0.645424', '0.639054', '0.633359', '0.643309']
         : correct/total = [(9062, 14232), (9096, 14235), (8990, 14266), (9081, 14217), (9141, 14238), (9235, 14373), (9185, 14346), (9225, 14334), (9151, 14294), (8941, 14373), (9191, 14344), (9208, 14302), (8880, 14354), (9002, 14362), (9138, 14320), (8662, 14395), (9287, 14389), (9111, 14257), (9026, 14251), (9263, 14399)]
         : compromised: 0.6313, honest: 0.6393
         : sketchguard stats = ['Node 0: acc_rate=0.500', 'Node 1: acc_rate=0.545', 'Node 2: acc_rate=0.417']...
Round 006: test acc mean=0.6462 ± 0.0050 | min=0.6348 max=0.6536
         : test loss mean=0.6389 ± 0.0026
         : individual accs = ['0.646431', '0.650299', '0.634796', '0.648379', '0.650372', '0.652543', '0.645546', '0.653551', '0.648524', '0.642455', '0.641244', '0.646483', '0.649505', '0.644757', '0.648324', '0.646683', '0.651539', '0.636670', '0.639253', '0.647406']
         : correct/total = [(9200, 14232), (9257, 14235), (9056, 14266), (9218, 14217), (9260, 14238), (9379, 14373), (9261, 14346), (9368, 14334), (9270, 14294), (9234, 14373), (9198, 14344), (9246, 14302), (9323, 14354), (9260, 14362), (9284, 14320), (9309, 14395), (9375, 14389), (9077, 14257), (9110, 14251), (9322, 14399)]
         : compromised: 0.6449, honest: 0.6475
         : sketchguard stats = ['Node 0: acc_rate=0.500', 'Node 1: acc_rate=0.545', 'Node 2: acc_rate=0.417']...
Round 007: test acc mean=0.6495 ± 0.0092 | min=0.6231 max=0.6588
         : test loss mean=0.6305 ± 0.0062
         : individual accs = ['0.655354', '0.657534', '0.644189', '0.649715', '0.652198', '0.656787', '0.654468', '0.629552', '0.653281', '0.649064', '0.649819', '0.654314', '0.658841', '0.639605', '0.655656', '0.623133', '0.655640', '0.656800', '0.645428', '0.648031']
         : correct/total = [(9327, 14232), (9360, 14235), (9190, 14266), (9237, 14217), (9286, 14238), (9440, 14373), (9389, 14346), (9024, 14334), (9338, 14294), (9329, 14373), (9321, 14344), (9358, 14302), (9457, 14354), (9186, 14362), (9389, 14320), (8970, 14395), (9434, 14389), (9364, 14257), (9198, 14251), (9331, 14399)]
         : compromised: 0.6492, honest: 0.6497
         : sketchguard stats = ['Node 0: acc_rate=0.500', 'Node 1: acc_rate=0.545', 'Node 2: acc_rate=0.417']...
Round 008: test acc mean=0.6556 ± 0.0069 | min=0.6312 max=0.6618
         : test loss mean=0.6242 ± 0.0056
         : individual accs = ['0.659429', '0.655848', '0.631151', '0.660407', '0.650513', '0.661796', '0.660881', '0.655923', '0.659857', '0.658179', '0.653444', '0.659978', '0.650550', '0.659379', '0.652793', '0.659257', '0.651400', '0.661429', '0.649779', '0.659560']
         : correct/total = [(9385, 14232), (9336, 14235), (9004, 14266), (9389, 14217), (9262, 14238), (9512, 14373), (9481, 14346), (9402, 14334), (9432, 14294), (9460, 14373), (9373, 14344), (9439, 14302), (9338, 14354), (9470, 14362), (9348, 14320), (9490, 14395), (9373, 14389), (9430, 14257), (9260, 14251), (9497, 14399)]
         : compromised: 0.6542, honest: 0.6570
         : sketchguard stats = ['Node 0: acc_rate=0.500', 'Node 1: acc_rate=0.545', 'Node 2: acc_rate=0.417']...
Round 009: test acc mean=0.6585 ± 0.0092 | min=0.6265 max=0.6684
         : test loss mean=0.6212 ± 0.0072
         : individual accs = ['0.626476', '0.668353', '0.656947', '0.661040', '0.661118', '0.668406', '0.652656', '0.661295', '0.655590', '0.663118', '0.653165', '0.650958', '0.663299', '0.665854', '0.653980', '0.650504', '0.665439', '0.664235', '0.663111', '0.664143']
         : correct/total = [(8916, 14232), (9514, 14235), (9372, 14266), (9398, 14217), (9413, 14238), (9607, 14373), (9363, 14346), (9479, 14334), (9371, 14294), (9531, 14373), (9369, 14344), (9310, 14302), (9521, 14354), (9563, 14362), (9365, 14320), (9364, 14395), (9575, 14389), (9470, 14257), (9450, 14251), (9563, 14399)]
         : compromised: 0.6606, honest: 0.6564
         : sketchguard stats = ['Node 0: acc_rate=0.500', 'Node 1: acc_rate=0.545', 'Node 2: acc_rate=0.417']...
Round 010: test acc mean=0.6677 ± 0.0075 | min=0.6450 max=0.6799
         : test loss mean=0.6127 ± 0.0065
         : individual accs = ['0.666737', '0.671795', '0.644960', '0.672294', '0.673198', '0.671189', '0.673219', '0.679922', '0.667133', '0.667571', '0.664877', '0.667389', '0.677302', '0.665506', '0.663966', '0.657589', '0.669539', '0.672933', '0.658691', '0.668241']
         : correct/total = [(9489, 14232), (9563, 14235), (9201, 14266), (9558, 14217), (9585, 14238), (9647, 14373), (9658, 14346), (9746, 14334), (9536, 14294), (9595, 14373), (9537, 14344), (9545, 14302), (9722, 14354), (9558, 14362), (9508, 14320), (9466, 14395), (9634, 14389), (9594, 14257), (9387, 14251), (9622, 14399)]
         : compromised: 0.6651, honest: 0.6703
         : sketchguard stats = ['Node 0: acc_rate=0.500', 'Node 1: acc_rate=0.545', 'Node 2: acc_rate=0.417']...

=== FINAL RESULTS ===
Dataset: sent140, Nodes: 20, Graph: erdos, Aggregation: sketchguard
Attack: gaussian, 50.0% compromised
Final accuracy - Compromised: 0.6651, Honest: 0.6703
Overall test accuracy: mean=0.6677 ± 0.0075

=== Sketchguard SUMMARY ===
Node 0: acceptance=0.500
Node 1: acceptance=0.545
Node 2: acceptance=0.417
Node 3: acceptance=0.625
Node 4: acceptance=0.455
Node 5: acceptance=0.467
Node 6: acceptance=0.429
Node 7: acceptance=0.429
Node 8: acceptance=0.400
Node 9: acceptance=0.538
Node 10: acceptance=0.556
Node 11: acceptance=0.500
Node 12: acceptance=0.583
Node 13: acceptance=0.538
Node 14: acceptance=0.467
Node 15: acceptance=0.455
Node 16: acceptance=0.385
Node 17: acceptance=0.667
Node 18: acceptance=0.562
Node 19: acceptance=0.438

=== PARALLEL EXECUTION TIME (realistic for distributed system) ===
  COMMUNICATION (max across nodes):
    - Sketch transfer: 0.000s (0.0%)
    - Model fetch (accepted): 0.000s (0.0%)
  COMPUTATION (max across nodes):
    - Sketching: 0.417s (94.8%)
    - Filtering: 0.001s (0.3%)
    - Aggregation: 0.022s (4.9%)
  TOTALS:
    - Total computation: 0.440s (100.0%)
    - Total communication: 0.000s (0.0%)
    - Total parallel time: 0.440s

=== PER-NODE AVERAGE TIME ===
  - Sketching: 0.314s
  - Filtering: 0.001s
  - Aggregation: 0.014s
  - Sketch transfer: 0.000s
  - Model fetch: 0.000s
  - Total per node: 0.329s

=== TOTAL COMPUTATIONAL WORK (sum across all nodes) ===
  - Total sketching: 6.286s
  - Total filtering: 0.014s
  - Total aggregation: 0.279s
  - Total sketch transfer: 0.000s
  - Total model fetch: 0.000s
  - Grand total: 6.579s
  - Mean acceptance rate: 0.498

Sketchguard Algorithm Properties:
  - Original dimension: 1,174,986
  - Sketch size: 180
  - Compression ratio: 19.9x
  - Single repetition: No repetitions needed
  - Theoretical complexity: O(d + N×k)
  - Approach: Sketch filtering + state aggregation
