Device: cuda
Seed: 987654321
Looking for images in: /home/student.unimelb.edu.au/mrangwala/Trust-Monitor/leaf/data/celeba/data/raw/img_align_celeba
Loading 1 LEAF CelebA train files...
LEAF CelebA train: 9343 users (celebrities), 177457 samples
Looking for images in: /home/student.unimelb.edu.au/mrangwala/Trust-Monitor/leaf/data/celeba/data/raw/img_align_celeba
Loading 1 LEAF CelebA test files...
LEAF CelebA test: 9343 users (celebrities), 22831 samples
Found 9343 train users, 9343 test users, 9343 common users
User sample counts range: 31 (max) to 4 (min)
Distributed ALL 9343 users across 20 clients
Users per client: 467 (with 3 clients getting +1 user)
Train partition sizes: [8843, 8998, 8728, 9034, 8866, 8946, 8873, 8776, 8816, 8801, 8913, 8656, 9115, 8921, 8699, 8823, 8912, 8766, 9102, 8869]
Test partition sizes: [1140, 1158, 1127, 1158, 1134, 1145, 1145, 1127, 1136, 1128, 1144, 1125, 1152, 1160, 1124, 1145, 1154, 1131, 1157, 1141]
  Client 0: 8843 train samples, 2 unique classes
  Client 1: 8998 train samples, 2 unique classes
  Client 2: 8728 train samples, 2 unique classes
  Client 3: 9034 train samples, 2 unique classes
  Client 4: 8866 train samples, 2 unique classes
  Client 5: 8946 train samples, 2 unique classes
  Client 6: 8873 train samples, 2 unique classes
  Client 7: 8776 train samples, 2 unique classes
  Client 8: 8816 train samples, 2 unique classes
  Client 9: 8801 train samples, 2 unique classes
  Client 10: 8913 train samples, 2 unique classes
  Client 11: 8656 train samples, 2 unique classes
  Client 12: 9115 train samples, 2 unique classes
  Client 13: 8921 train samples, 2 unique classes
  Client 14: 8699 train samples, 2 unique classes
  Client 15: 8823 train samples, 2 unique classes
  Client 16: 8912 train samples, 2 unique classes
  Client 17: 8766 train samples, 2 unique classes
  Client 18: 9102 train samples, 2 unique classes
  Client 19: 8869 train samples, 2 unique classes
Will sample 4500 samples per client per epoch
Graph: erdos, nodes: 20, edges: 48
Degree statistics: avg=4.80, min=2, max=7
Attack: Compromised 4/20 nodes: [5, 12, 13, 17]
Attack type: gaussian, lambda: 1.0
Model variant: baseline
Model parameters: 2,219,692
Initial test acc across nodes: mean=0.4978 ± 0.0208
Round 001: test acc mean=0.7182 ± 0.0232 | min=0.6615 max=0.7729
         : test loss mean=0.5814 ± 0.0307
         : individual accs = ['0.698246', '0.661485', '0.711624', '0.699482', '0.693122', '0.726638', '0.772926', '0.710736', '0.749120', '0.720745', '0.722028', '0.728889', '0.712674', '0.732759', '0.708185', '0.752838', '0.709705', '0.731211', '0.713051', '0.708151']
         : correct/total = [(796, 1140), (766, 1158), (802, 1127), (810, 1158), (786, 1134), (832, 1145), (885, 1145), (801, 1127), (851, 1136), (813, 1128), (826, 1144), (820, 1125), (821, 1152), (850, 1160), (796, 1124), (862, 1145), (819, 1154), (827, 1131), (825, 1157), (808, 1141)]
         : compromised: 0.7258, honest: 0.7163
Round 002: test acc mean=0.8181 ± 0.0285 | min=0.7393 max=0.8622
         : test loss mean=0.4088 ± 0.0454
         : individual accs = ['0.789474', '0.810881', '0.798580', '0.850604', '0.800705', '0.845415', '0.860262', '0.821650', '0.786972', '0.838652', '0.818182', '0.862222', '0.835938', '0.830172', '0.739324', '0.832314', '0.798960', '0.824050', '0.796889', '0.821209']
         : correct/total = [(900, 1140), (939, 1158), (900, 1127), (985, 1158), (908, 1134), (968, 1145), (985, 1145), (926, 1127), (894, 1136), (946, 1128), (936, 1144), (970, 1125), (963, 1152), (963, 1160), (831, 1124), (953, 1145), (922, 1154), (932, 1131), (922, 1157), (937, 1141)]
         : compromised: 0.8339, honest: 0.8142
Round 003: test acc mean=0.8493 ± 0.0204 | min=0.8002 max=0.8811
         : test loss mean=0.3417 ± 0.0395
         : individual accs = ['0.824561', '0.857513', '0.849157', '0.857513', '0.846561', '0.845415', '0.875109', '0.839397', '0.800176', '0.864362', '0.881119', '0.861333', '0.850694', '0.827586', '0.877224', '0.824454', '0.870884', '0.839965', '0.829732', '0.862401']
         : correct/total = [(940, 1140), (993, 1158), (957, 1127), (993, 1158), (960, 1134), (968, 1145), (1002, 1145), (946, 1127), (909, 1136), (975, 1128), (1008, 1144), (969, 1125), (980, 1152), (960, 1160), (986, 1124), (944, 1145), (1005, 1154), (950, 1131), (960, 1157), (984, 1141)]
         : compromised: 0.8409, honest: 0.8513
Round 004: test acc mean=0.8780 ± 0.0102 | min=0.8574 max=0.8938
         : test loss mean=0.2866 ± 0.0152
         : individual accs = ['0.876316', '0.893782', '0.875776', '0.889465', '0.865961', '0.885590', '0.885590', '0.881100', '0.893486', '0.887411', '0.875874', '0.878222', '0.870660', '0.885345', '0.864769', '0.864629', '0.882149', '0.864721', '0.857390', '0.882559']
         : correct/total = [(999, 1140), (1035, 1158), (987, 1127), (1030, 1158), (982, 1134), (1014, 1145), (1014, 1145), (993, 1127), (1015, 1136), (1001, 1128), (1002, 1144), (988, 1125), (1003, 1152), (1027, 1160), (972, 1124), (990, 1145), (1018, 1154), (978, 1131), (992, 1157), (1007, 1141)]
         : compromised: 0.8766, honest: 0.8784
Round 005: test acc mean=0.8881 ± 0.0103 | min=0.8643 max=0.9050
         : test loss mean=0.2694 ± 0.0164
         : individual accs = ['0.886842', '0.894646', '0.870453', '0.905009', '0.884480', '0.898690', '0.896070', '0.890861', '0.883803', '0.900709', '0.884615', '0.899556', '0.887153', '0.889655', '0.892349', '0.873362', '0.896880', '0.882405', '0.864304', '0.880806']
         : correct/total = [(1011, 1140), (1036, 1158), (981, 1127), (1048, 1158), (1003, 1134), (1029, 1145), (1026, 1145), (1004, 1127), (1004, 1136), (1016, 1128), (1012, 1144), (1012, 1125), (1022, 1152), (1032, 1160), (1003, 1124), (1000, 1145), (1035, 1154), (998, 1131), (1000, 1157), (1005, 1141)]
         : compromised: 0.8895, honest: 0.8878
Round 006: test acc mean=0.8923 ± 0.0075 | min=0.8738 max=0.9076
         : test loss mean=0.2613 ± 0.0163
         : individual accs = ['0.889474', '0.896373', '0.892635', '0.907599', '0.884480', '0.896943', '0.897817', '0.891748', '0.885563', '0.893617', '0.888112', '0.901333', '0.893229', '0.897414', '0.903025', '0.881223', '0.892548', '0.888594', '0.873812', '0.891323']
         : correct/total = [(1014, 1140), (1038, 1158), (1006, 1127), (1051, 1158), (1003, 1134), (1027, 1145), (1028, 1145), (1005, 1127), (1006, 1136), (1008, 1128), (1016, 1144), (1014, 1125), (1029, 1152), (1041, 1160), (1015, 1124), (1009, 1145), (1030, 1154), (1005, 1131), (1011, 1157), (1017, 1141)]
         : compromised: 0.8940, honest: 0.8919
Round 007: test acc mean=0.8949 ± 0.0089 | min=0.8762 max=0.9102
         : test loss mean=0.2572 ± 0.0162
         : individual accs = ['0.897368', '0.898100', '0.889973', '0.906736', '0.893298', '0.903930', '0.897817', '0.904170', '0.889085', '0.888298', '0.893357', '0.910222', '0.892361', '0.897414', '0.897687', '0.876856', '0.903813', '0.876216', '0.883319', '0.897458']
         : correct/total = [(1023, 1140), (1040, 1158), (1003, 1127), (1050, 1158), (1013, 1134), (1035, 1145), (1028, 1145), (1019, 1127), (1010, 1136), (1002, 1128), (1022, 1144), (1024, 1125), (1028, 1152), (1041, 1160), (1009, 1124), (1004, 1145), (1043, 1154), (991, 1131), (1022, 1157), (1024, 1141)]
         : compromised: 0.8925, honest: 0.8955
Round 008: test acc mean=0.8961 ± 0.0085 | min=0.8768 max=0.9111
         : test loss mean=0.2522 ± 0.0172
         : individual accs = ['0.904386', '0.900691', '0.885537', '0.903282', '0.893298', '0.896943', '0.904803', '0.900621', '0.876761', '0.896277', '0.895979', '0.911111', '0.898438', '0.902586', '0.898577', '0.885590', '0.904679', '0.888594', '0.883319', '0.891323']
         : correct/total = [(1031, 1140), (1043, 1158), (998, 1127), (1046, 1158), (1013, 1134), (1027, 1145), (1036, 1145), (1015, 1127), (996, 1136), (1011, 1128), (1025, 1144), (1025, 1125), (1035, 1152), (1047, 1160), (1010, 1124), (1014, 1145), (1044, 1154), (1005, 1131), (1022, 1157), (1017, 1141)]
         : compromised: 0.8966, honest: 0.8960
Round 009: test acc mean=0.8971 ± 0.0102 | min=0.8795 max=0.9120
         : test loss mean=0.2506 ± 0.0199
         : individual accs = ['0.911404', '0.880829', '0.889086', '0.907599', '0.902116', '0.900437', '0.895197', '0.907720', '0.896127', '0.901596', '0.894231', '0.912000', '0.899306', '0.901724', '0.908363', '0.879476', '0.891681', '0.880637', '0.881590', '0.900088']
         : correct/total = [(1039, 1140), (1020, 1158), (1002, 1127), (1051, 1158), (1023, 1134), (1031, 1145), (1025, 1145), (1023, 1127), (1018, 1136), (1017, 1128), (1023, 1144), (1026, 1125), (1036, 1152), (1046, 1160), (1021, 1124), (1007, 1145), (1029, 1154), (996, 1131), (1020, 1157), (1027, 1141)]
         : compromised: 0.8955, honest: 0.8974
Round 010: test acc mean=0.9016 ± 0.0067 | min=0.8868 max=0.9136
         : test loss mean=0.2445 ± 0.0168
         : individual accs = ['0.909649', '0.898964', '0.892635', '0.913644', '0.897707', '0.901310', '0.899563', '0.906832', '0.902289', '0.905142', '0.892483', '0.908444', '0.907986', '0.906034', '0.904804', '0.892576', '0.906412', '0.900973', '0.886776', '0.898335']
         : correct/total = [(1037, 1140), (1041, 1158), (1006, 1127), (1058, 1158), (1018, 1134), (1032, 1145), (1030, 1145), (1022, 1127), (1025, 1136), (1021, 1128), (1021, 1144), (1022, 1125), (1046, 1152), (1051, 1160), (1017, 1124), (1022, 1145), (1046, 1154), (1019, 1131), (1026, 1157), (1025, 1141)]
         : compromised: 0.9041, honest: 0.9010

=== FINAL RESULTS ===
Dataset: celeba, Nodes: 20, Graph: erdos, Aggregation: krum
Attack: gaussian, 20.0% compromised
Final accuracy - Compromised: 0.9041, Honest: 0.9010
Overall test accuracy: mean=0.9016 ± 0.0067
