Device: cuda
Seed: 987654321
Looking for images in: /home/student.unimelb.edu.au/mrangwala/Trust-Monitor/leaf/data/celeba/data/raw/img_align_celeba
Loading 1 LEAF CelebA train files...
LEAF CelebA train: 9343 users (celebrities), 177457 samples
Looking for images in: /home/student.unimelb.edu.au/mrangwala/Trust-Monitor/leaf/data/celeba/data/raw/img_align_celeba
Loading 1 LEAF CelebA test files...
LEAF CelebA test: 9343 users (celebrities), 22831 samples
Found 9343 train users, 9343 test users, 9343 common users
User sample counts range: 31 (max) to 4 (min)
Distributed ALL 9343 users across 20 clients
Users per client: 467 (with 3 clients getting +1 user)
Train partition sizes: [8843, 8998, 8728, 9034, 8866, 8946, 8873, 8776, 8816, 8801, 8913, 8656, 9115, 8921, 8699, 8823, 8912, 8766, 9102, 8869]
Test partition sizes: [1140, 1158, 1127, 1158, 1134, 1145, 1145, 1127, 1136, 1128, 1144, 1125, 1152, 1160, 1124, 1145, 1154, 1131, 1157, 1141]
  Client 0: 8843 train samples, 2 unique classes
  Client 1: 8998 train samples, 2 unique classes
  Client 2: 8728 train samples, 2 unique classes
  Client 3: 9034 train samples, 2 unique classes
  Client 4: 8866 train samples, 2 unique classes
  Client 5: 8946 train samples, 2 unique classes
  Client 6: 8873 train samples, 2 unique classes
  Client 7: 8776 train samples, 2 unique classes
  Client 8: 8816 train samples, 2 unique classes
  Client 9: 8801 train samples, 2 unique classes
  Client 10: 8913 train samples, 2 unique classes
  Client 11: 8656 train samples, 2 unique classes
  Client 12: 9115 train samples, 2 unique classes
  Client 13: 8921 train samples, 2 unique classes
  Client 14: 8699 train samples, 2 unique classes
  Client 15: 8823 train samples, 2 unique classes
  Client 16: 8912 train samples, 2 unique classes
  Client 17: 8766 train samples, 2 unique classes
  Client 18: 9102 train samples, 2 unique classes
  Client 19: 8869 train samples, 2 unique classes
Will sample 10000 samples per client per epoch
Graph: ring, nodes: 20, edges: 20
Attack: Compromised 2/20 nodes: [5, 13]
Attack type: directed_deviation, lambda: 1.0
Initial test acc across nodes: mean=0.4969 ± 0.0214
Round 001: test acc mean=0.5164 ± 0.0150 | min=0.4911 max=0.5625
         : test loss mean=nan ± nan
         : individual accs = ['0.528947', '0.508636', '0.493345', '0.528497', '0.522046', '0.514410', '0.521397', '0.503993', '0.562500', '0.491135', '0.525350', '0.498667', '0.522569', '0.506897', '0.517794', '0.517031', '0.515598', '0.508400', '0.522040', '0.517967']
         : correct/total = [(603, 1140), (589, 1158), (556, 1127), (612, 1158), (592, 1134), (589, 1145), (597, 1145), (568, 1127), (639, 1136), (554, 1128), (601, 1144), (561, 1125), (602, 1152), (588, 1160), (582, 1124), (592, 1145), (595, 1154), (575, 1131), (604, 1157), (591, 1141)]
         : compromised: 0.5107, honest: 0.5170
Round 002: test acc mean=0.5948 ± 0.0945 | min=0.4987 max=0.8028
         : test loss mean=12.9903 ± 27.7388
         : individual accs = ['0.743860', '0.616580', '0.754215', '0.528497', '0.521164', '0.521397', '0.514410', '0.503993', '0.666373', '0.637411', '0.595280', '0.498667', '0.523438', '0.521552', '0.507117', '0.517031', '0.713172', '0.566755', '0.643042', '0.802805']
         : correct/total = [(848, 1140), (714, 1158), (850, 1127), (612, 1158), (591, 1134), (597, 1145), (589, 1145), (568, 1127), (757, 1136), (719, 1128), (681, 1144), (561, 1125), (603, 1152), (605, 1160), (570, 1124), (592, 1145), (823, 1154), (641, 1131), (744, 1157), (916, 1141)]
         : compromised: 0.5215, honest: 0.6030
Round 003: test acc mean=0.6267 ± 0.1659 | min=0.4878 max=0.9124
         : test loss mean=0.6928 ± 0.3514
         : individual accs = ['0.911404', '0.887737', '0.511091', '0.596718', '0.544092', '0.514410', '0.509170', '0.503993', '0.562500', '0.845745', '0.525350', '0.500444', '0.487847', '0.493103', '0.495552', '0.517031', '0.515598', '0.832007', '0.867761', '0.912358']
         : correct/total = [(1039, 1140), (1028, 1158), (576, 1127), (691, 1158), (617, 1134), (589, 1145), (583, 1145), (568, 1127), (639, 1136), (954, 1128), (601, 1144), (563, 1125), (562, 1152), (572, 1160), (557, 1124), (592, 1145), (595, 1154), (941, 1131), (1004, 1157), (1041, 1141)]
         : compromised: 0.5038, honest: 0.6404
Round 004: test acc mean=0.6456 ± 0.1643 | min=0.4987 max=0.9202
         : test loss mean=2.7562 ± 5.1320
         : individual accs = ['0.920175', '0.908463', '0.567879', '0.655440', '0.563492', '0.551092', '0.522271', '0.539485', '0.562500', '0.852837', '0.525350', '0.498667', '0.521701', '0.506897', '0.518683', '0.517031', '0.515598', '0.877984', '0.879862', '0.906223']
         : correct/total = [(1049, 1140), (1052, 1158), (640, 1127), (759, 1158), (639, 1134), (631, 1145), (598, 1145), (608, 1127), (639, 1136), (962, 1128), (601, 1144), (561, 1125), (601, 1152), (588, 1160), (583, 1124), (592, 1145), (595, 1154), (993, 1131), (1018, 1157), (1034, 1141)]
         : compromised: 0.5290, honest: 0.6585
Round 005: test acc mean=0.7128 ± 0.1649 | min=0.5067 max=0.9237
         : test loss mean=0.6469 ± 0.4798
         : individual accs = ['0.923684', '0.907599', '0.894410', '0.749568', '0.547619', '0.514410', '0.517904', '0.506655', '0.720951', '0.852837', '0.840909', '0.616000', '0.567708', '0.506897', '0.536477', '0.543231', '0.837955', '0.893015', '0.872947', '0.906223']
         : correct/total = [(1053, 1140), (1051, 1158), (1008, 1127), (868, 1158), (621, 1134), (589, 1145), (593, 1145), (571, 1127), (819, 1136), (962, 1128), (962, 1144), (693, 1125), (654, 1152), (588, 1160), (603, 1124), (622, 1145), (967, 1154), (1010, 1131), (1010, 1157), (1034, 1141)]
         : compromised: 0.5107, honest: 0.7353
Round 006: test acc mean=0.6774 ± 0.1678 | min=0.5040 max=0.9228
         : test loss mean=2.1614 ± 4.1290
         : individual accs = ['0.922807', '0.899827', '0.814552', '0.546632', '0.564374', '0.514410', '0.546725', '0.503993', '0.602993', '0.912234', '0.774476', '0.570667', '0.522569', '0.506897', '0.518683', '0.517031', '0.624783', '0.894783', '0.873812', '0.916740']
         : correct/total = [(1052, 1140), (1042, 1158), (918, 1127), (633, 1158), (640, 1134), (589, 1145), (626, 1145), (568, 1127), (685, 1136), (1029, 1128), (886, 1144), (642, 1125), (602, 1152), (588, 1160), (583, 1124), (592, 1145), (721, 1154), (1012, 1131), (1011, 1157), (1046, 1141)]
         : compromised: 0.5107, honest: 0.6960
Round 007: test acc mean=0.7466 ± 0.1757 | min=0.5069 max=0.9272
         : test loss mean=nan ± nan
         : individual accs = ['0.927193', '0.893782', '0.889973', '0.847150', '0.559965', '0.514410', '0.522271', '0.529725', '0.892606', '0.903369', '0.906469', '0.750222', '0.574653', '0.506897', '0.517794', '0.567686', '0.915078', '0.898320', '0.900605', '0.914110']
         : correct/total = [(1057, 1140), (1035, 1158), (1003, 1127), (981, 1158), (635, 1134), (589, 1145), (598, 1145), (597, 1127), (1014, 1136), (1019, 1128), (1037, 1144), (844, 1125), (662, 1152), (588, 1160), (582, 1124), (650, 1145), (1056, 1154), (1016, 1131), (1042, 1157), (1043, 1141)]
         : compromised: 0.5107, honest: 0.7728
Round 008: test acc mean=0.7011 ± 0.1715 | min=0.5069 max=0.9281
         : test loss mean=1.8681 ± 3.5256
         : individual accs = ['0.928070', '0.911054', '0.831411', '0.538860', '0.612875', '0.514410', '0.529258', '0.511091', '0.690141', '0.914007', '0.857517', '0.624000', '0.521701', '0.506897', '0.518683', '0.519651', '0.782496', '0.899204', '0.894555', '0.915863']
         : correct/total = [(1058, 1140), (1055, 1158), (937, 1127), (624, 1158), (695, 1134), (589, 1145), (606, 1145), (576, 1127), (784, 1136), (1031, 1128), (981, 1144), (702, 1125), (601, 1152), (588, 1160), (583, 1124), (595, 1145), (903, 1154), (1017, 1131), (1035, 1157), (1045, 1141)]
         : compromised: 0.5107, honest: 0.7222
Round 009: test acc mean=0.7554 ± 0.1697 | min=0.5069 max=0.9316
         : test loss mean=0.5755 ± 0.4388
         : individual accs = ['0.931579', '0.906736', '0.893523', '0.867012', '0.572310', '0.514410', '0.537118', '0.550133', '0.882923', '0.908688', '0.894231', '0.787556', '0.610243', '0.506897', '0.548043', '0.574672', '0.917678', '0.895668', '0.891098', '0.917616']
         : correct/total = [(1062, 1140), (1050, 1158), (1007, 1127), (1004, 1158), (649, 1134), (589, 1145), (615, 1145), (620, 1127), (1003, 1136), (1025, 1128), (1023, 1144), (886, 1125), (703, 1152), (588, 1160), (616, 1124), (658, 1145), (1059, 1154), (1013, 1131), (1031, 1157), (1047, 1141)]
         : compromised: 0.5107, honest: 0.7826
Round 010: test acc mean=0.7105 ± 0.1755 | min=0.5069 max=0.9298
         : test loss mean=1.8455 ± 3.1855
         : individual accs = ['0.929825', '0.911917', '0.850044', '0.546632', '0.544974', '0.514410', '0.527511', '0.531500', '0.821303', '0.907801', '0.874126', '0.660444', '0.521701', '0.506897', '0.521352', '0.521397', '0.813692', '0.903625', '0.885912', '0.914987']
         : correct/total = [(1060, 1140), (1056, 1158), (958, 1127), (633, 1158), (618, 1134), (589, 1145), (604, 1145), (599, 1127), (933, 1136), (1024, 1128), (1000, 1144), (743, 1125), (601, 1152), (588, 1160), (586, 1124), (597, 1145), (939, 1154), (1022, 1131), (1025, 1157), (1044, 1141)]
         : compromised: 0.5107, honest: 0.7327

=== FINAL RESULTS ===
Dataset: celeba, Nodes: 20, Graph: ring, Aggregation: d-fedavg
Attack: directed_deviation, 10.0% compromised
Final accuracy - Compromised: 0.5107, Honest: 0.7327
Overall test accuracy: mean=0.7105 ± 0.1755
