Device: cuda
Seed: 987654321
Looking for images in: /home/student.unimelb.edu.au/mrangwala/Projects/Sketchguard/leaf/data/celeba/data/raw/img_align_celeba
Loading 1 LEAF CelebA train files...
LEAF CelebA train: 9343 users (celebrities), 177457 samples
Looking for images in: /home/student.unimelb.edu.au/mrangwala/Projects/Sketchguard/leaf/data/celeba/data/raw/img_align_celeba
Loading 1 LEAF CelebA test files...
LEAF CelebA test: 9343 users (celebrities), 22831 samples
Found 9343 train users, 9343 test users, 9343 common users
User sample counts range: 31 (max) to 4 (min)
Distributed ALL 9343 users across 20 clients
Users per client: 467 (with 3 clients getting +1 user)
Train partition sizes: [8843, 8998, 8728, 9034, 8866, 8946, 8873, 8776, 8816, 8801, 8913, 8656, 9115, 8921, 8699, 8823, 8912, 8766, 9102, 8869]
Test partition sizes: [1140, 1158, 1127, 1158, 1134, 1145, 1145, 1127, 1136, 1128, 1144, 1125, 1152, 1160, 1124, 1145, 1154, 1131, 1157, 1141]
  Client 0: 8843 train samples, 2 unique classes
  Client 1: 8998 train samples, 2 unique classes
  Client 2: 8728 train samples, 2 unique classes
  Client 3: 9034 train samples, 2 unique classes
  Client 4: 8866 train samples, 2 unique classes
  Client 5: 8946 train samples, 2 unique classes
  Client 6: 8873 train samples, 2 unique classes
  Client 7: 8776 train samples, 2 unique classes
  Client 8: 8816 train samples, 2 unique classes
  Client 9: 8801 train samples, 2 unique classes
  Client 10: 8913 train samples, 2 unique classes
  Client 11: 8656 train samples, 2 unique classes
  Client 12: 9115 train samples, 2 unique classes
  Client 13: 8921 train samples, 2 unique classes
  Client 14: 8699 train samples, 2 unique classes
  Client 15: 8823 train samples, 2 unique classes
  Client 16: 8912 train samples, 2 unique classes
  Client 17: 8766 train samples, 2 unique classes
  Client 18: 9102 train samples, 2 unique classes
  Client 19: 8869 train samples, 2 unique classes
Will sample 4500 samples per client per epoch
Graph: erdos, nodes: 20, edges: 126
Degree statistics: avg=12.60, min=8, max=16
Attack: Compromised 10/20 nodes: [1, 2, 5, 11, 12, 13, 14, 15, 17, 18]
Attack type: backdoor, lambda: 1.0
Backdoor target label: 0, trigger size: 8
Model variant: baseline
Model parameters: 2,219,692
BALANCE algorithm:
Balance Config: BALANCEConfig(gamma=2, kappa=1, alpha=0.5, min_neighbors=1)
  - Model dimension: 2,219,692 parameters
  - Complexity: O(N×d) = O(20×2,219,692)
Initial test acc across nodes: mean=0.4978 ± 0.0208
Backdoor attack: Created poisoned datasets for 10 compromised nodes
Round 001: test acc mean=0.5891 ± 0.0805 | min=0.4942 max=0.7140
         : test loss mean=1943.1848 ± 1995.9254
         : individual accs = ['0.697368', '0.508636', '0.494232', '0.708981', '0.617284', '0.514410', '0.684716', '0.628217', '0.607394', '0.703014', '0.644231', '0.520889', '0.522569', '0.506897', '0.517794', '0.521397', '0.714038', '0.508400', '0.522040', '0.638913']
         : correct/total = [(795, 1140), (589, 1158), (557, 1127), (821, 1158), (700, 1134), (589, 1145), (784, 1145), (708, 1127), (690, 1136), (793, 1128), (737, 1144), (586, 1125), (602, 1152), (588, 1160), (582, 1124), (597, 1145), (824, 1154), (575, 1131), (604, 1157), (729, 1141)]
         : compromised: 0.5137, honest: 0.6644
Round 002: test acc mean=0.5769 ± 0.0869 | min=0.4613 max=0.6871
         : test loss mean=37814917.7575 ± 63198819.7952
         : individual accs = ['0.645614', '0.506908', '0.506655', '0.675302', '0.584656', '0.485590', '0.631441', '0.675244', '0.682218', '0.665780', '0.687063', '0.461333', '0.477431', '0.502586', '0.518683', '0.488210', '0.681976', '0.491600', '0.494382', '0.674847']
         : correct/total = [(736, 1140), (587, 1158), (571, 1127), (782, 1158), (663, 1134), (556, 1145), (723, 1145), (761, 1127), (775, 1136), (751, 1128), (786, 1144), (519, 1125), (550, 1152), (583, 1160), (583, 1124), (559, 1145), (787, 1154), (556, 1131), (572, 1157), (770, 1141)]
         : compromised: 0.4933, honest: 0.6604
Round 003: test acc mean=0.6017 ± 0.0947 | min=0.4916 max=0.7270
         : test loss mean=nan ± nan
         : individual accs = ['0.647368', '0.508636', '0.493345', '0.725389', '0.650794', '0.514410', '0.683843', '0.684117', '0.713028', '0.702128', '0.718531', '0.498667', '0.522569', '0.506897', '0.517794', '0.517031', '0.727036', '0.491600', '0.522040', '0.688869']
         : correct/total = [(738, 1140), (589, 1158), (556, 1127), (840, 1158), (738, 1134), (589, 1145), (783, 1145), (771, 1127), (810, 1136), (792, 1128), (822, 1144), (561, 1125), (602, 1152), (588, 1160), (582, 1124), (592, 1145), (839, 1154), (556, 1131), (604, 1157), (786, 1141)]
         : compromised: 0.5093, honest: 0.6941
Round 004: test acc mean=0.6311 ± 0.1205 | min=0.4933 max=0.7684
         : test loss mean=nan ± nan
         : individual accs = ['0.736842', '0.508636', '0.493345', '0.760794', '0.745150', '0.514410', '0.754585', '0.732919', '0.744718', '0.752660', '0.768357', '0.498667', '0.522569', '0.506897', '0.517794', '0.517031', '0.763432', '0.508400', '0.522040', '0.752848']
         : correct/total = [(840, 1140), (589, 1158), (556, 1127), (881, 1158), (845, 1134), (589, 1145), (864, 1145), (826, 1127), (846, 1136), (849, 1128), (879, 1144), (561, 1125), (602, 1152), (588, 1160), (582, 1124), (592, 1145), (881, 1154), (575, 1131), (604, 1157), (859, 1141)]
         : compromised: 0.5110, honest: 0.7512
Round 005: test acc mean=0.6516 ± 0.1414 | min=0.4933 max=0.8200
         : test loss mean=nan ± nan
         : individual accs = ['0.766667', '0.508636', '0.493345', '0.784111', '0.783069', '0.514410', '0.796507', '0.764862', '0.798415', '0.820035', '0.805070', '0.498667', '0.522569', '0.506897', '0.517794', '0.517031', '0.817158', '0.508400', '0.522040', '0.787029']
         : correct/total = [(874, 1140), (589, 1158), (556, 1127), (908, 1158), (888, 1134), (589, 1145), (912, 1145), (862, 1127), (907, 1136), (925, 1128), (921, 1144), (561, 1125), (602, 1152), (588, 1160), (582, 1124), (592, 1145), (943, 1154), (575, 1131), (604, 1157), (898, 1141)]
         : compromised: 0.5110, honest: 0.7923
Round 006: test acc mean=0.6707 ± 0.1601 | min=0.4933 max=0.8520
         : test loss mean=nan ± nan
         : individual accs = ['0.823684', '0.508636', '0.493345', '0.829016', '0.805115', '0.514410', '0.819214', '0.817214', '0.835387', '0.851950', '0.851399', '0.498667', '0.522569', '0.506897', '0.517794', '0.517031', '0.831889', '0.508400', '0.522040', '0.838738']
         : correct/total = [(939, 1140), (589, 1158), (556, 1127), (960, 1158), (913, 1134), (589, 1145), (938, 1145), (921, 1127), (949, 1136), (961, 1128), (974, 1144), (561, 1125), (602, 1152), (588, 1160), (582, 1124), (592, 1145), (960, 1154), (575, 1131), (604, 1157), (957, 1141)]
         : compromised: 0.5110, honest: 0.8304
Round 007: test acc mean=0.6867 ± 0.1759 | min=0.4933 max=0.8715
         : test loss mean=nan ± nan
         : individual accs = ['0.852632', '0.508636', '0.493345', '0.854059', '0.850970', '0.514410', '0.868122', '0.858030', '0.868838', '0.863475', '0.871503', '0.498667', '0.522569', '0.506897', '0.517794', '0.517031', '0.868284', '0.508400', '0.522040', '0.868536']
         : correct/total = [(972, 1140), (589, 1158), (556, 1127), (989, 1158), (965, 1134), (589, 1145), (994, 1145), (967, 1127), (987, 1136), (974, 1128), (997, 1144), (561, 1125), (602, 1152), (588, 1160), (582, 1124), (592, 1145), (1002, 1154), (575, 1131), (604, 1157), (991, 1141)]
         : compromised: 0.5110, honest: 0.8624
Round 008: test acc mean=0.6897 ± 0.1789 | min=0.4933 max=0.8767
         : test loss mean=nan ± nan
         : individual accs = ['0.865789', '0.508636', '0.493345', '0.861831', '0.861552', '0.514410', '0.868122', '0.868678', '0.872359', '0.875887', '0.876748', '0.498667', '0.522569', '0.506897', '0.517794', '0.517031', '0.870017', '0.508400', '0.522040', '0.863278']
         : correct/total = [(987, 1140), (589, 1158), (556, 1127), (998, 1158), (977, 1134), (589, 1145), (994, 1145), (979, 1127), (991, 1136), (988, 1128), (1003, 1144), (561, 1125), (602, 1152), (588, 1160), (582, 1124), (592, 1145), (1004, 1154), (575, 1131), (604, 1157), (985, 1141)]
         : compromised: 0.5110, honest: 0.8684
Round 009: test acc mean=0.6989 ± 0.1880 | min=0.4933 max=0.8963
         : test loss mean=nan ± nan
         : individual accs = ['0.876316', '0.508636', '0.493345', '0.894646', '0.877425', '0.514410', '0.886463', '0.889086', '0.883803', '0.896277', '0.893357', '0.498667', '0.522569', '0.506897', '0.517794', '0.517031', '0.882149', '0.508400', '0.522040', '0.887818']
         : correct/total = [(999, 1140), (589, 1158), (556, 1127), (1036, 1158), (995, 1134), (589, 1145), (1015, 1145), (1002, 1127), (1004, 1136), (1011, 1128), (1022, 1144), (561, 1125), (602, 1152), (588, 1160), (582, 1124), (592, 1145), (1018, 1154), (575, 1131), (604, 1157), (1013, 1141)]
         : compromised: 0.5110, honest: 0.8867
Round 010: test acc mean=0.7017 ± 0.1909 | min=0.4933 max=0.9060
         : test loss mean=nan ± nan
         : individual accs = ['0.888596', '0.508636', '0.493345', '0.898100', '0.883598', '0.514410', '0.886463', '0.896185', '0.897887', '0.906028', '0.892483', '0.498667', '0.522569', '0.506897', '0.517794', '0.517031', '0.889948', '0.508400', '0.522040', '0.885188']
         : correct/total = [(1013, 1140), (589, 1158), (556, 1127), (1040, 1158), (1002, 1134), (589, 1145), (1015, 1145), (1010, 1127), (1020, 1136), (1022, 1128), (1021, 1144), (561, 1125), (602, 1152), (588, 1160), (582, 1124), (592, 1145), (1027, 1154), (575, 1131), (604, 1157), (1010, 1141)]
         : compromised: 0.5110, honest: 0.8924

=== FINAL RESULTS ===
Dataset: celeba, Nodes: 20, Graph: erdos, Aggregation: balance
Attack: backdoor, 50.0% compromised
Final accuracy - Compromised: 0.5110, Honest: 0.8924
Overall test accuracy: mean=0.7017 ± 0.1909

=== BACKDOOR ATTACK SUCCESS RATE (ASR) ===
Target label: 0
Trigger size: 8x8
Overall ASR: 0.7753 ± 0.2250
Honest nodes ASR: 0.5506 ± 0.0171
Compromised nodes ASR: 1.0000 ± 0.0000
Note: Higher ASR indicates more successful backdoor attack

=== BALANCE SUMMARY ===
Node 0: acceptance=0.500
Node 1: acceptance=0.155
Node 2: acceptance=0.142
Node 3: acceptance=0.625
Node 4: acceptance=0.455
Node 5: acceptance=0.147
Node 6: acceptance=0.429
Node 7: acceptance=0.429
Node 8: acceptance=0.400
Node 9: acceptance=0.538
Node 10: acceptance=0.556
Node 11: acceptance=0.150
Node 12: acceptance=0.158
Node 13: acceptance=0.154
Node 14: acceptance=0.147
Node 15: acceptance=0.145
Node 16: acceptance=0.385
Node 17: acceptance=0.267
Node 18: acceptance=0.156
Node 19: acceptance=0.438

=== PARALLEL EXECUTION TIME (realistic for distributed system) ===
  COMMUNICATION (max across nodes):
    - Full model transfer: 0.000s (0.0%)
  COMPUTATION (max across nodes):
    - Filtering: 0.046s (78.6%)
    - Aggregation: 0.012s (21.4%)
  TOTALS:
    - Total computation: 0.058s (100.0%)
    - Total communication: 0.000s (0.0%)
    - Total parallel time: 0.058s

=== PER-NODE AVERAGE TIME ===
  - Filtering: 0.034s
  - Aggregation: 0.004s
  - Model transfer: 0.000s
  - Total per node: 0.038s

=== TOTAL COMPUTATIONAL WORK (sum across all nodes) ===
  - Total filtering: 0.671s
  - Total aggregation: 0.089s
  - Total model transfer: 0.000s
  - Grand total: 0.760s
  - Mean acceptance rate: 0.319

BALANCE Algorithm Properties:
  - Model dimension: 2,219,692
  - No compression: Full parameter comparison
  - Theoretical complexity: O(deg(i)×d)
  - Approach: Full parameter filtering + averaging
