Device: cuda
Seed: 987654321
Looking for images in: /home/student.unimelb.edu.au/mrangwala/Projects/Sketchguard/leaf/data/celeba/data/raw/img_align_celeba
Loading 1 LEAF CelebA train files...
LEAF CelebA train: 9343 users (celebrities), 177457 samples
Looking for images in: /home/student.unimelb.edu.au/mrangwala/Projects/Sketchguard/leaf/data/celeba/data/raw/img_align_celeba
Loading 1 LEAF CelebA test files...
LEAF CelebA test: 9343 users (celebrities), 22831 samples
Found 9343 train users, 9343 test users, 9343 common users
User sample counts range: 31 (max) to 4 (min)
Distributed ALL 9343 users across 20 clients
Users per client: 467 (with 3 clients getting +1 user)
Train partition sizes: [8843, 8998, 8728, 9034, 8866, 8946, 8873, 8776, 8816, 8801, 8913, 8656, 9115, 8921, 8699, 8823, 8912, 8766, 9102, 8869]
Test partition sizes: [1140, 1158, 1127, 1158, 1134, 1145, 1145, 1127, 1136, 1128, 1144, 1125, 1152, 1160, 1124, 1145, 1154, 1131, 1157, 1141]
  Client 0: 8843 train samples, 2 unique classes
  Client 1: 8998 train samples, 2 unique classes
  Client 2: 8728 train samples, 2 unique classes
  Client 3: 9034 train samples, 2 unique classes
  Client 4: 8866 train samples, 2 unique classes
  Client 5: 8946 train samples, 2 unique classes
  Client 6: 8873 train samples, 2 unique classes
  Client 7: 8776 train samples, 2 unique classes
  Client 8: 8816 train samples, 2 unique classes
  Client 9: 8801 train samples, 2 unique classes
  Client 10: 8913 train samples, 2 unique classes
  Client 11: 8656 train samples, 2 unique classes
  Client 12: 9115 train samples, 2 unique classes
  Client 13: 8921 train samples, 2 unique classes
  Client 14: 8699 train samples, 2 unique classes
  Client 15: 8823 train samples, 2 unique classes
  Client 16: 8912 train samples, 2 unique classes
  Client 17: 8766 train samples, 2 unique classes
  Client 18: 9102 train samples, 2 unique classes
  Client 19: 8869 train samples, 2 unique classes
Will sample 4500 samples per client per epoch
Graph: erdos, nodes: 20, edges: 99
Degree statistics: avg=9.90, min=7, max=14
Attack: Compromised 16/20 nodes: [1, 2, 3, 5, 6, 8, 9, 10, 11, 12, 13, 14, 15, 17, 18, 19]
Attack type: backdoor, lambda: 1.0
Backdoor target label: 0, trigger size: 8
Model variant: baseline
Model parameters: 2,219,692
BALANCE algorithm:
Balance Config: BALANCEConfig(gamma=2, kappa=1, alpha=0.5, min_neighbors=1)
  - Model dimension: 2,219,692 parameters
  - Complexity: O(N×d) = O(20×2,219,692)
Initial test acc across nodes: mean=0.4978 ± 0.0208
Backdoor attack: Created poisoned datasets for 16 compromised nodes
Round 001: test acc mean=0.5397 ± 0.0583 | min=0.4938 max=0.7158
         : test loss mean=5467.7417 ± 10619.8707
         : individual accs = ['0.698246', '0.508636', '0.494232', '0.536269', '0.525573', '0.514410', '0.521397', '0.560781', '0.562500', '0.493794', '0.525350', '0.520889', '0.522569', '0.506897', '0.517794', '0.521397', '0.715771', '0.508400', '0.522040', '0.517967']
         : correct/total = [(796, 1140), (589, 1158), (557, 1127), (621, 1158), (596, 1134), (589, 1145), (597, 1145), (632, 1127), (639, 1136), (557, 1128), (601, 1144), (586, 1125), (602, 1152), (588, 1160), (582, 1124), (597, 1145), (826, 1154), (575, 1131), (604, 1157), (591, 1141)]
         : compromised: 0.5184, honest: 0.6251
Round 002: test acc mean=0.5325 ± 0.0903 | min=0.4375 max=0.7556
         : test loss mean=nan ± nan
         : individual accs = ['0.706140', '0.491364', '0.506655', '0.509499', '0.688713', '0.485590', '0.478603', '0.682343', '0.437500', '0.508865', '0.474650', '0.502222', '0.477431', '0.493103', '0.482206', '0.482096', '0.755633', '0.491600', '0.477960', '0.517967']
         : correct/total = [(805, 1140), (569, 1158), (571, 1127), (590, 1158), (781, 1134), (556, 1145), (548, 1145), (769, 1127), (497, 1136), (574, 1128), (543, 1144), (565, 1125), (550, 1152), (572, 1160), (542, 1124), (552, 1145), (872, 1154), (556, 1131), (553, 1157), (591, 1141)]
         : compromised: 0.4886, honest: 0.7082
Round 003: test acc mean=0.5723 ± 0.1141 | min=0.4911 max=0.8380
         : test loss mean=nan ± nan
         : individual accs = ['0.808772', '0.508636', '0.493345', '0.528497', '0.769841', '0.514410', '0.521397', '0.771961', '0.562500', '0.491135', '0.525350', '0.498667', '0.522569', '0.506897', '0.517794', '0.517031', '0.837955', '0.508400', '0.522040', '0.517967']
         : correct/total = [(922, 1140), (589, 1158), (556, 1127), (612, 1158), (873, 1134), (589, 1145), (597, 1145), (870, 1127), (639, 1136), (554, 1128), (601, 1144), (561, 1125), (602, 1152), (588, 1160), (582, 1124), (592, 1145), (967, 1154), (575, 1131), (604, 1157), (591, 1141)]
         : compromised: 0.5160, honest: 0.7971
Round 004: test acc mean=0.5807 ± 0.1301 | min=0.4911 max=0.8518
         : test loss mean=nan ± nan
         : individual accs = ['0.840351', '0.508636', '0.493345', '0.528497', '0.828924', '0.514410', '0.521397', '0.835847', '0.562500', '0.491135', '0.525350', '0.498667', '0.522569', '0.506897', '0.517794', '0.517031', '0.851820', '0.508400', '0.522040', '0.517967']
         : correct/total = [(958, 1140), (589, 1158), (556, 1127), (612, 1158), (940, 1134), (589, 1145), (597, 1145), (942, 1127), (639, 1136), (554, 1128), (601, 1144), (561, 1125), (602, 1152), (588, 1160), (582, 1124), (592, 1145), (983, 1154), (575, 1131), (604, 1157), (591, 1141)]
         : compromised: 0.5160, honest: 0.8392
Round 005: test acc mean=0.5847 ± 0.1382 | min=0.4911 max=0.8761
         : test loss mean=nan ± nan
         : individual accs = ['0.854386', '0.508636', '0.493345', '0.528497', '0.852734', '0.514410', '0.521397', '0.854481', '0.562500', '0.491135', '0.525350', '0.498667', '0.522569', '0.506897', '0.517794', '0.517031', '0.876083', '0.508400', '0.522040', '0.517967']
         : correct/total = [(974, 1140), (589, 1158), (556, 1127), (612, 1158), (967, 1134), (589, 1145), (597, 1145), (963, 1127), (639, 1136), (554, 1128), (601, 1144), (561, 1125), (602, 1152), (588, 1160), (582, 1124), (592, 1145), (1011, 1154), (575, 1131), (604, 1157), (591, 1141)]
         : compromised: 0.5160, honest: 0.8594
Round 006: test acc mean=0.5890 ± 0.1466 | min=0.4911 max=0.8951
         : test loss mean=nan ± nan
         : individual accs = ['0.880702', '0.508636', '0.493345', '0.528497', '0.870370', '0.514410', '0.521397', '0.876664', '0.562500', '0.491135', '0.525350', '0.498667', '0.522569', '0.506897', '0.517794', '0.517031', '0.895147', '0.508400', '0.522040', '0.517967']
         : correct/total = [(1004, 1140), (589, 1158), (556, 1127), (612, 1158), (987, 1134), (589, 1145), (597, 1145), (988, 1127), (639, 1136), (554, 1128), (601, 1144), (561, 1125), (602, 1152), (588, 1160), (582, 1124), (592, 1145), (1033, 1154), (575, 1131), (604, 1157), (591, 1141)]
         : compromised: 0.5160, honest: 0.8807
Round 007: test acc mean=0.5903 ± 0.1492 | min=0.4911 max=0.8943
         : test loss mean=nan ± nan
         : individual accs = ['0.891228', '0.508636', '0.493345', '0.528497', '0.877425', '0.514410', '0.521397', '0.886424', '0.562500', '0.491135', '0.525350', '0.498667', '0.522569', '0.506897', '0.517794', '0.517031', '0.894281', '0.508400', '0.522040', '0.517967']
         : correct/total = [(1016, 1140), (589, 1158), (556, 1127), (612, 1158), (995, 1134), (589, 1145), (597, 1145), (999, 1127), (639, 1136), (554, 1128), (601, 1144), (561, 1125), (602, 1152), (588, 1160), (582, 1124), (592, 1145), (1032, 1154), (575, 1131), (604, 1157), (591, 1141)]
         : compromised: 0.5160, honest: 0.8873
Round 008: test acc mean=0.5912 ± 0.1511 | min=0.4911 max=0.8965
         : test loss mean=nan ± nan
         : individual accs = ['0.896491', '0.508636', '0.493345', '0.528497', '0.883598', '0.514410', '0.521397', '0.894410', '0.562500', '0.491135', '0.525350', '0.498667', '0.522569', '0.506897', '0.517794', '0.517031', '0.893414', '0.508400', '0.522040', '0.517967']
         : correct/total = [(1022, 1140), (589, 1158), (556, 1127), (612, 1158), (1002, 1134), (589, 1145), (597, 1145), (1008, 1127), (639, 1136), (554, 1128), (601, 1144), (561, 1125), (602, 1152), (588, 1160), (582, 1124), (592, 1145), (1031, 1154), (575, 1131), (604, 1157), (591, 1141)]
         : compromised: 0.5160, honest: 0.8920
Round 009: test acc mean=0.5918 ± 0.1523 | min=0.4911 max=0.8995
         : test loss mean=nan ± nan
         : individual accs = ['0.895614', '0.508636', '0.493345', '0.528497', '0.888007', '0.514410', '0.521397', '0.897072', '0.562500', '0.491135', '0.525350', '0.498667', '0.522569', '0.506897', '0.517794', '0.517031', '0.899480', '0.508400', '0.522040', '0.517967']
         : correct/total = [(1021, 1140), (589, 1158), (556, 1127), (612, 1158), (1007, 1134), (589, 1145), (597, 1145), (1011, 1127), (639, 1136), (554, 1128), (601, 1144), (561, 1125), (602, 1152), (588, 1160), (582, 1124), (592, 1145), (1038, 1154), (575, 1131), (604, 1157), (591, 1141)]
         : compromised: 0.5160, honest: 0.8950
Round 010: test acc mean=0.5933 ± 0.1552 | min=0.4911 max=0.9096
         : test loss mean=nan ± nan
         : individual accs = ['0.909649', '0.508636', '0.493345', '0.528497', '0.890653', '0.514410', '0.521397', '0.906832', '0.562500', '0.491135', '0.525350', '0.498667', '0.522569', '0.506897', '0.517794', '0.517031', '0.902080', '0.508400', '0.522040', '0.517967']
         : correct/total = [(1037, 1140), (589, 1158), (556, 1127), (612, 1158), (1010, 1134), (589, 1145), (597, 1145), (1022, 1127), (639, 1136), (554, 1128), (601, 1144), (561, 1125), (602, 1152), (588, 1160), (582, 1124), (592, 1145), (1041, 1154), (575, 1131), (604, 1157), (591, 1141)]
         : compromised: 0.5160, honest: 0.9023

=== FINAL RESULTS ===
Dataset: celeba, Nodes: 20, Graph: erdos, Aggregation: balance
Attack: backdoor, 80.0% compromised
Final accuracy - Compromised: 0.5160, Honest: 0.9023
Overall test accuracy: mean=0.5933 ± 0.1552

=== BACKDOOR ATTACK SUCCESS RATE (ASR) ===
Target label: 0
Trigger size: 8x8
Overall ASR: 0.9102 ± 0.1796
Honest nodes ASR: 0.5510 ± 0.0070
Compromised nodes ASR: 1.0000 ± 0.0000
Note: Higher ASR indicates more successful backdoor attack

=== BALANCE SUMMARY ===
Node 0: acceptance=0.167
Node 1: acceptance=0.140
Node 2: acceptance=0.125
Node 3: acceptance=0.114
Node 4: acceptance=0.222
Node 5: acceptance=0.120
Node 6: acceptance=0.108
Node 7: acceptance=0.091
Node 8: acceptance=0.114
Node 9: acceptance=0.136
Node 10: acceptance=0.125
Node 11: acceptance=0.108
Node 12: acceptance=0.125
Node 13: acceptance=0.111
Node 14: acceptance=0.121
Node 15: acceptance=0.122
Node 16: acceptance=0.143
Node 17: acceptance=0.138
Node 18: acceptance=0.125
Node 19: acceptance=0.000

=== PARALLEL EXECUTION TIME (realistic for distributed system) ===
  COMMUNICATION (max across nodes):
    - Full model transfer: 0.000s (0.0%)
  COMPUTATION (max across nodes):
    - Filtering: 0.041s (81.8%)
    - Aggregation: 0.009s (18.2%)
  TOTALS:
    - Total computation: 0.050s (100.0%)
    - Total communication: 0.000s (0.0%)
    - Total parallel time: 0.050s

=== PER-NODE AVERAGE TIME ===
  - Filtering: 0.027s
  - Aggregation: 0.003s
  - Model transfer: 0.000s
  - Total per node: 0.030s

=== TOTAL COMPUTATIONAL WORK (sum across all nodes) ===
  - Total filtering: 0.538s
  - Total aggregation: 0.069s
  - Total model transfer: 0.000s
  - Grand total: 0.608s
  - Mean acceptance rate: 0.123

BALANCE Algorithm Properties:
  - Model dimension: 2,219,692
  - No compression: Full parameter comparison
  - Theoretical complexity: O(deg(i)×d)
  - Approach: Full parameter filtering + averaging
