Device: cuda
Seed: 987654321
Looking for images in: /home/student.unimelb.edu.au/mrangwala/Trust-Monitor/leaf/data/celeba/data/raw/img_align_celeba
Loading 1 LEAF CelebA train files...
LEAF CelebA train: 9343 users (celebrities), 177457 samples
Looking for images in: /home/student.unimelb.edu.au/mrangwala/Trust-Monitor/leaf/data/celeba/data/raw/img_align_celeba
Loading 1 LEAF CelebA test files...
LEAF CelebA test: 9343 users (celebrities), 22831 samples
Found 9343 train users, 9343 test users, 9343 common users
User sample counts range: 31 (max) to 4 (min)
Distributed ALL 9343 users across 20 clients
Users per client: 467 (with 3 clients getting +1 user)
Train partition sizes: [8843, 8998, 8728, 9034, 8866, 8946, 8873, 8776, 8816, 8801, 8913, 8656, 9115, 8921, 8699, 8823, 8912, 8766, 9102, 8869]
Test partition sizes: [1140, 1158, 1127, 1158, 1134, 1145, 1145, 1127, 1136, 1128, 1144, 1125, 1152, 1160, 1124, 1145, 1154, 1131, 1157, 1141]
  Client 0: 8843 train samples, 2 unique classes
  Client 1: 8998 train samples, 2 unique classes
  Client 2: 8728 train samples, 2 unique classes
  Client 3: 9034 train samples, 2 unique classes
  Client 4: 8866 train samples, 2 unique classes
  Client 5: 8946 train samples, 2 unique classes
  Client 6: 8873 train samples, 2 unique classes
  Client 7: 8776 train samples, 2 unique classes
  Client 8: 8816 train samples, 2 unique classes
  Client 9: 8801 train samples, 2 unique classes
  Client 10: 8913 train samples, 2 unique classes
  Client 11: 8656 train samples, 2 unique classes
  Client 12: 9115 train samples, 2 unique classes
  Client 13: 8921 train samples, 2 unique classes
  Client 14: 8699 train samples, 2 unique classes
  Client 15: 8823 train samples, 2 unique classes
  Client 16: 8912 train samples, 2 unique classes
  Client 17: 8766 train samples, 2 unique classes
  Client 18: 9102 train samples, 2 unique classes
  Client 19: 8869 train samples, 2 unique classes
Will sample 10000 samples per client per epoch
Graph: ring, nodes: 20, edges: 20
Attack: Compromised 16/20 nodes: [1, 2, 3, 5, 6, 8, 9, 10, 11, 12, 13, 14, 15, 17, 18, 19]
Attack type: directed_deviation, lambda: 1.0
Initial test acc across nodes: mean=0.4969 ± 0.0214
Round 001: test acc mean=0.5164 ± 0.0150 | min=0.4911 max=0.5625
         : test loss mean=nan ± nan
         : individual accs = ['0.528947', '0.508636', '0.493345', '0.528497', '0.522046', '0.514410', '0.521397', '0.503993', '0.562500', '0.491135', '0.525350', '0.498667', '0.522569', '0.506897', '0.517794', '0.517031', '0.515598', '0.508400', '0.522040', '0.517967']
         : correct/total = [(603, 1140), (589, 1158), (556, 1127), (612, 1158), (592, 1134), (589, 1145), (597, 1145), (568, 1127), (639, 1136), (554, 1128), (601, 1144), (561, 1125), (602, 1152), (588, 1160), (582, 1124), (592, 1145), (595, 1154), (575, 1131), (604, 1157), (591, 1141)]
         : compromised: 0.5160, honest: 0.5176
Round 002: test acc mean=0.4881 ± 0.0164 | min=0.4375 max=0.5132
         : test loss mean=113.6772 ± 90.6074
         : individual accs = ['0.513158', '0.491364', '0.506655', '0.481865', '0.481481', '0.489956', '0.478603', '0.496007', '0.437500', '0.508865', '0.474650', '0.501333', '0.477431', '0.493103', '0.482206', '0.485590', '0.485269', '0.488948', '0.477960', '0.510955']
         : correct/total = [(585, 1140), (569, 1158), (571, 1127), (558, 1158), (546, 1134), (561, 1145), (548, 1145), (559, 1127), (497, 1136), (574, 1128), (543, 1144), (564, 1125), (550, 1152), (572, 1160), (542, 1124), (556, 1145), (560, 1154), (553, 1131), (553, 1157), (583, 1141)]
         : compromised: 0.4867, honest: 0.4940
Round 003: test acc mean=0.5163 ± 0.0150 | min=0.4911 max=0.5625
         : test loss mean=8.5506 ± 3.3910
         : individual accs = ['0.528947', '0.506908', '0.493345', '0.528497', '0.522046', '0.514410', '0.521397', '0.503993', '0.562500', '0.491135', '0.525350', '0.498667', '0.522569', '0.506897', '0.517794', '0.517031', '0.515598', '0.508400', '0.522040', '0.517967']
         : correct/total = [(603, 1140), (587, 1158), (556, 1127), (612, 1158), (592, 1134), (589, 1145), (597, 1145), (568, 1127), (639, 1136), (554, 1128), (601, 1144), (561, 1125), (602, 1152), (588, 1160), (582, 1124), (592, 1145), (595, 1154), (575, 1131), (604, 1157), (591, 1141)]
         : compromised: 0.5159, honest: 0.5176
Round 004: test acc mean=0.4785 ± 0.0185 | min=0.4375 max=0.5089
         : test loss mean=195.8597 ± 164.0316
         : individual accs = ['0.479825', '0.487910', '0.506655', '0.474957', '0.479718', '0.484716', '0.478603', '0.496007', '0.437500', '0.508865', '0.474650', '0.501333', '0.477431', '0.493103', '0.482206', '0.449782', '0.454073', '0.450044', '0.477960', '0.475022']
         : correct/total = [(547, 1140), (565, 1158), (571, 1127), (550, 1158), (544, 1134), (555, 1145), (548, 1145), (559, 1127), (497, 1136), (574, 1128), (543, 1144), (564, 1125), (550, 1152), (572, 1160), (542, 1124), (515, 1145), (524, 1154), (509, 1131), (553, 1157), (542, 1141)]
         : compromised: 0.4788, honest: 0.4774
Round 005: test acc mean=0.5164 ± 0.0153 | min=0.4911 max=0.5625
         : test loss mean=3.4414 ± 1.6608
         : individual accs = ['0.528947', '0.508636', '0.493345', '0.528497', '0.522046', '0.514410', '0.521397', '0.503993', '0.562500', '0.491135', '0.525350', '0.498667', '0.522569', '0.506897', '0.517794', '0.509170', '0.525130', '0.506631', '0.522040', '0.517967']
         : correct/total = [(603, 1140), (589, 1158), (556, 1127), (612, 1158), (592, 1134), (589, 1145), (597, 1145), (568, 1127), (639, 1136), (554, 1128), (601, 1144), (561, 1125), (602, 1152), (588, 1160), (582, 1124), (583, 1145), (606, 1154), (573, 1131), (604, 1157), (591, 1141)]
         : compromised: 0.5154, honest: 0.5200
Round 006: test acc mean=0.4790 ± 0.0201 | min=0.4375 max=0.5089
         : test loss mean=156.1330 ± 139.9489
         : individual accs = ['0.471930', '0.486183', '0.506655', '0.487047', '0.481481', '0.496943', '0.478603', '0.496007', '0.437500', '0.508865', '0.474650', '0.501333', '0.476562', '0.493103', '0.482206', '0.448908', '0.441941', '0.449160', '0.477960', '0.482033']
         : correct/total = [(538, 1140), (563, 1158), (571, 1127), (564, 1158), (546, 1134), (569, 1145), (548, 1145), (559, 1127), (497, 1136), (574, 1128), (543, 1144), (564, 1125), (549, 1152), (572, 1160), (542, 1124), (514, 1145), (510, 1154), (508, 1131), (553, 1157), (550, 1141)]
         : compromised: 0.4805, honest: 0.4728
Round 007: test acc mean=0.5159 ± 0.0150 | min=0.4911 max=0.5625
         : test loss mean=3.1860 ± 1.8876
         : individual accs = ['0.528947', '0.508636', '0.493345', '0.528497', '0.516755', '0.509170', '0.521397', '0.503993', '0.562500', '0.491135', '0.525350', '0.498667', '0.522569', '0.506897', '0.517794', '0.517031', '0.517331', '0.508400', '0.522040', '0.517967']
         : correct/total = [(603, 1140), (589, 1158), (556, 1127), (612, 1158), (586, 1134), (583, 1145), (597, 1145), (568, 1127), (639, 1136), (554, 1128), (601, 1144), (561, 1125), (602, 1152), (588, 1160), (582, 1124), (592, 1145), (597, 1154), (575, 1131), (604, 1157), (591, 1141)]
         : compromised: 0.5157, honest: 0.5168
Round 008: test acc mean=0.4843 ± 0.0170 | min=0.4375 max=0.5089
         : test loss mean=155.8849 ± 148.2421
         : individual accs = ['0.483333', '0.487047', '0.506655', '0.502591', '0.492063', '0.503057', '0.478603', '0.495120', '0.437500', '0.508865', '0.474650', '0.501333', '0.476562', '0.493103', '0.482206', '0.473362', '0.467938', '0.459770', '0.477960', '0.484663']
         : correct/total = [(551, 1140), (564, 1158), (571, 1127), (582, 1158), (558, 1134), (576, 1145), (548, 1145), (558, 1127), (497, 1136), (574, 1128), (543, 1144), (564, 1125), (549, 1152), (572, 1160), (542, 1124), (542, 1145), (540, 1154), (520, 1131), (553, 1157), (553, 1141)]
         : compromised: 0.4842, honest: 0.4846
Round 009: test acc mean=0.5163 ± 0.0151 | min=0.4911 max=0.5625
         : test loss mean=3.0212 ± 1.7076
         : individual accs = ['0.528947', '0.508636', '0.493345', '0.528497', '0.522046', '0.514410', '0.521397', '0.503993', '0.562500', '0.491135', '0.525350', '0.498667', '0.522569', '0.506897', '0.517794', '0.519651', '0.513865', '0.506631', '0.522040', '0.517967']
         : correct/total = [(603, 1140), (589, 1158), (556, 1127), (612, 1158), (592, 1134), (589, 1145), (597, 1145), (568, 1127), (639, 1136), (554, 1128), (601, 1144), (561, 1125), (602, 1152), (588, 1160), (582, 1124), (595, 1145), (593, 1154), (573, 1131), (604, 1157), (591, 1141)]
         : compromised: 0.5161, honest: 0.5172
Round 010: test acc mean=0.4882 ± 0.0183 | min=0.4375 max=0.5259
         : test loss mean=164.0483 ± 159.1930
         : individual accs = ['0.477193', '0.483592', '0.506655', '0.525907', '0.508818', '0.507424', '0.478603', '0.496007', '0.437500', '0.508865', '0.474650', '0.501333', '0.476562', '0.493103', '0.482206', '0.482969', '0.480936', '0.480106', '0.477960', '0.482910']
         : correct/total = [(544, 1140), (560, 1158), (571, 1127), (609, 1158), (577, 1134), (581, 1145), (548, 1145), (559, 1127), (497, 1136), (574, 1128), (543, 1144), (564, 1125), (549, 1152), (572, 1160), (542, 1124), (553, 1145), (555, 1154), (543, 1131), (553, 1157), (551, 1141)]
         : compromised: 0.4875, honest: 0.4907

=== FINAL RESULTS ===
Dataset: celeba, Nodes: 20, Graph: ring, Aggregation: d-fedavg
Attack: directed_deviation, 80.0% compromised
Final accuracy - Compromised: 0.4875, Honest: 0.4907
Overall test accuracy: mean=0.4882 ± 0.0183
