Device: cuda
Seed: 987654321
Looking for images in: /home/student.unimelb.edu.au/mrangwala/Projects/Trust-Monitor/leaf/data/celeba/data/raw/img_align_celeba
Loading 1 LEAF CelebA train files...
LEAF CelebA train: 9343 users (celebrities), 177457 samples
Looking for images in: /home/student.unimelb.edu.au/mrangwala/Projects/Trust-Monitor/leaf/data/celeba/data/raw/img_align_celeba
Loading 1 LEAF CelebA test files...
LEAF CelebA test: 9343 users (celebrities), 22831 samples
Found 9343 train users, 9343 test users, 9343 common users
User sample counts range: 31 (max) to 4 (min)
Distributed ALL 9343 users across 20 clients
Users per client: 467 (with 3 clients getting +1 user)
Train partition sizes: [8843, 8998, 8728, 9034, 8866, 8946, 8873, 8776, 8816, 8801, 8913, 8656, 9115, 8921, 8699, 8823, 8912, 8766, 9102, 8869]
Test partition sizes: [1140, 1158, 1127, 1158, 1134, 1145, 1145, 1127, 1136, 1128, 1144, 1125, 1152, 1160, 1124, 1145, 1154, 1131, 1157, 1141]
  Client 0: 8843 train samples, 2 unique classes
  Client 1: 8998 train samples, 2 unique classes
  Client 2: 8728 train samples, 2 unique classes
  Client 3: 9034 train samples, 2 unique classes
  Client 4: 8866 train samples, 2 unique classes
  Client 5: 8946 train samples, 2 unique classes
  Client 6: 8873 train samples, 2 unique classes
  Client 7: 8776 train samples, 2 unique classes
  Client 8: 8816 train samples, 2 unique classes
  Client 9: 8801 train samples, 2 unique classes
  Client 10: 8913 train samples, 2 unique classes
  Client 11: 8656 train samples, 2 unique classes
  Client 12: 9115 train samples, 2 unique classes
  Client 13: 8921 train samples, 2 unique classes
  Client 14: 8699 train samples, 2 unique classes
  Client 15: 8823 train samples, 2 unique classes
  Client 16: 8912 train samples, 2 unique classes
  Client 17: 8766 train samples, 2 unique classes
  Client 18: 9102 train samples, 2 unique classes
  Client 19: 8869 train samples, 2 unique classes
Will sample 4500 samples per client per epoch
Graph: ring, nodes: 20, edges: 20
Degree statistics: avg=2.00, min=2, max=2
Attack: Compromised 2/20 nodes: [5, 13]
Attack type: directed_deviation, lambda: 1.0
Model variant: baseline
Model parameters: 2,219,692
Initial test acc across nodes: mean=0.4978 ± 0.0208
Round 001: test acc mean=0.7143 ± 0.0190 | min=0.6897 max=0.7669
         : test loss mean=0.5805 ± 0.0263
         : individual accs = ['0.701754', '0.693437', '0.700089', '0.699482', '0.694004', '0.705677', '0.724017', '0.708962', '0.749120', '0.720745', '0.704545', '0.727111', '0.723090', '0.712069', '0.719751', '0.702183', '0.766898', '0.689655', '0.734659', '0.709027']
         : correct/total = [(800, 1140), (803, 1158), (789, 1127), (810, 1158), (787, 1134), (808, 1145), (829, 1145), (799, 1127), (851, 1136), (813, 1128), (806, 1144), (818, 1125), (833, 1152), (826, 1160), (809, 1124), (804, 1145), (885, 1154), (780, 1131), (850, 1157), (809, 1141)]
         : compromised: 0.7089, honest: 0.7149
Round 002: test acc mean=0.8211 ± 0.0263 | min=0.7746 max=0.8680
         : test loss mean=0.4013 ± 0.0425
         : individual accs = ['0.774561', '0.836788', '0.781721', '0.821244', '0.821869', '0.834061', '0.853275', '0.821650', '0.786092', '0.856383', '0.868007', '0.856000', '0.823785', '0.803448', '0.779359', '0.819214', '0.822357', '0.801945', '0.838375', '0.821209']
         : correct/total = [(883, 1140), (969, 1158), (881, 1127), (951, 1158), (932, 1134), (955, 1145), (977, 1145), (926, 1127), (893, 1136), (966, 1128), (993, 1144), (963, 1125), (949, 1152), (932, 1160), (876, 1124), (938, 1145), (949, 1154), (907, 1131), (970, 1157), (937, 1141)]
         : compromised: 0.8188, honest: 0.8213
Round 003: test acc mean=0.8618 ± 0.0130 | min=0.8364 max=0.8895
         : test loss mean=0.3188 ± 0.0213
         : individual accs = ['0.842105', '0.889465', '0.855368', '0.856649', '0.844797', '0.862009', '0.873362', '0.856256', '0.875000', '0.873227', '0.880245', '0.836444', '0.866319', '0.852586', '0.869217', '0.859389', '0.869151', '0.864721', '0.848747', '0.861525']
         : correct/total = [(960, 1140), (1030, 1158), (964, 1127), (992, 1158), (958, 1134), (987, 1145), (1000, 1145), (965, 1127), (994, 1136), (985, 1128), (1007, 1144), (941, 1125), (998, 1152), (989, 1160), (977, 1124), (984, 1145), (1003, 1154), (978, 1131), (982, 1157), (983, 1141)]
         : compromised: 0.8573, honest: 0.8623
Round 004: test acc mean=0.8769 ± 0.0104 | min=0.8524 max=0.8942
         : test loss mean=0.2892 ± 0.0206
         : individual accs = ['0.890351', '0.882556', '0.874002', '0.871330', '0.874780', '0.871616', '0.886463', '0.881100', '0.874120', '0.890957', '0.879371', '0.894222', '0.879340', '0.874138', '0.878114', '0.852402', '0.870884', '0.875332', '0.853068', '0.883436']
         : correct/total = [(1015, 1140), (1022, 1158), (985, 1127), (1009, 1158), (992, 1134), (998, 1145), (1015, 1145), (993, 1127), (993, 1136), (1005, 1128), (1006, 1144), (1006, 1125), (1013, 1152), (1014, 1160), (987, 1124), (976, 1145), (1005, 1154), (990, 1131), (987, 1157), (1008, 1141)]
         : compromised: 0.8729, honest: 0.8773
Round 005: test acc mean=0.8761 ± 0.0190 | min=0.8341 max=0.8969
         : test loss mean=0.2914 ± 0.0349
         : individual accs = ['0.835088', '0.892919', '0.871340', '0.895509', '0.875661', '0.865502', '0.896943', '0.850932', '0.853873', '0.882092', '0.887238', '0.872000', '0.890625', '0.893103', '0.896797', '0.875109', '0.892548', '0.880637', '0.834054', '0.880806']
         : correct/total = [(952, 1140), (1034, 1158), (982, 1127), (1037, 1158), (993, 1134), (991, 1145), (1027, 1145), (959, 1127), (970, 1136), (995, 1128), (1015, 1144), (981, 1125), (1026, 1152), (1036, 1160), (1008, 1124), (1002, 1145), (1030, 1154), (996, 1131), (965, 1157), (1005, 1141)]
         : compromised: 0.8793, honest: 0.8758
Round 006: test acc mean=0.8853 ± 0.0134 | min=0.8524 max=0.9015
         : test loss mean=0.2758 ± 0.0280
         : individual accs = ['0.896491', '0.890328', '0.884650', '0.895509', '0.858907', '0.852402', '0.882969', '0.901508', '0.879401', '0.880319', '0.899476', '0.895111', '0.891493', '0.887069', '0.895018', '0.861135', '0.896880', '0.885057', '0.880726', '0.892200']
         : correct/total = [(1022, 1140), (1031, 1158), (997, 1127), (1037, 1158), (974, 1134), (976, 1145), (1011, 1145), (1016, 1127), (999, 1136), (993, 1128), (1029, 1144), (1007, 1125), (1027, 1152), (1029, 1160), (1006, 1124), (986, 1145), (1035, 1154), (1001, 1131), (1019, 1157), (1018, 1141)]
         : compromised: 0.8697, honest: 0.8871
Round 007: test acc mean=0.8928 ± 0.0089 | min=0.8760 max=0.9125
         : test loss mean=0.2641 ± 0.0182
         : individual accs = ['0.896491', '0.892055', '0.888199', '0.904145', '0.887125', '0.900437', '0.896070', '0.906832', '0.882923', '0.888298', '0.897727', '0.889778', '0.893229', '0.888793', '0.893238', '0.875983', '0.912478', '0.886826', '0.878133', '0.897458']
         : correct/total = [(1022, 1140), (1033, 1158), (1001, 1127), (1047, 1158), (1006, 1134), (1031, 1145), (1026, 1145), (1022, 1127), (1003, 1136), (1002, 1128), (1027, 1144), (1001, 1125), (1029, 1152), (1031, 1160), (1004, 1124), (1003, 1145), (1053, 1154), (1003, 1131), (1016, 1157), (1024, 1141)]
         : compromised: 0.8946, honest: 0.8926
Round 008: test acc mean=0.8926 ± 0.0068 | min=0.8807 max=0.9022
         : test loss mean=0.2674 ± 0.0156
         : individual accs = ['0.901754', '0.896373', '0.886424', '0.898964', '0.891534', '0.902183', '0.886463', '0.889973', '0.882042', '0.898936', '0.889860', '0.901333', '0.897569', '0.893103', '0.888790', '0.889083', '0.902080', '0.883289', '0.880726', '0.891323']
         : correct/total = [(1028, 1140), (1038, 1158), (999, 1127), (1041, 1158), (1011, 1134), (1033, 1145), (1015, 1145), (1003, 1127), (1002, 1136), (1014, 1128), (1018, 1144), (1014, 1125), (1034, 1152), (1036, 1160), (999, 1124), (1018, 1145), (1041, 1154), (999, 1131), (1019, 1157), (1017, 1141)]
         : compromised: 0.8976, honest: 0.8920
Round 009: test acc mean=0.8934 ± 0.0126 | min=0.8574 max=0.9159
         : test loss mean=0.2643 ± 0.0273
         : individual accs = ['0.888596', '0.895509', '0.898846', '0.901554', '0.897707', '0.891703', '0.910917', '0.893523', '0.872359', '0.895390', '0.893357', '0.899556', '0.894097', '0.893966', '0.903025', '0.880349', '0.915945', '0.882405', '0.857390', '0.901840']
         : correct/total = [(1013, 1140), (1037, 1158), (1013, 1127), (1044, 1158), (1018, 1134), (1021, 1145), (1043, 1145), (1007, 1127), (991, 1136), (1010, 1128), (1022, 1144), (1012, 1125), (1030, 1152), (1037, 1160), (1015, 1124), (1008, 1145), (1057, 1154), (998, 1131), (992, 1157), (1029, 1141)]
         : compromised: 0.8928, honest: 0.8935
Round 010: test acc mean=0.8929 ± 0.0115 | min=0.8626 max=0.9111
         : test loss mean=0.2663 ± 0.0272
         : individual accs = ['0.897368', '0.898964', '0.886424', '0.903282', '0.896825', '0.894323', '0.907424', '0.893523', '0.883803', '0.880319', '0.888986', '0.911111', '0.897569', '0.892241', '0.900356', '0.879476', '0.906412', '0.877984', '0.862576', '0.899211']
         : correct/total = [(1023, 1140), (1041, 1158), (999, 1127), (1046, 1158), (1017, 1134), (1024, 1145), (1039, 1145), (1007, 1127), (1004, 1136), (993, 1128), (1017, 1144), (1025, 1125), (1034, 1152), (1035, 1160), (1012, 1124), (1007, 1145), (1046, 1154), (993, 1131), (998, 1157), (1026, 1141)]
         : compromised: 0.8933, honest: 0.8929

=== FINAL RESULTS ===
Dataset: celeba, Nodes: 20, Graph: ring, Aggregation: krum
Attack: directed_deviation, 10.0% compromised
Final accuracy - Compromised: 0.8933, Honest: 0.8929
Overall test accuracy: mean=0.8929 ± 0.0115
