Device: cuda
Seed: 987654321
Looking for images in: /home/student.unimelb.edu.au/mrangwala/Projects/Sketchguard/leaf/data/celeba/data/raw/img_align_celeba
Loading 1 LEAF CelebA train files...
LEAF CelebA train: 9343 users (celebrities), 177457 samples
Looking for images in: /home/student.unimelb.edu.au/mrangwala/Projects/Sketchguard/leaf/data/celeba/data/raw/img_align_celeba
Loading 1 LEAF CelebA test files...
LEAF CelebA test: 9343 users (celebrities), 22831 samples
Found 9343 train users, 9343 test users, 9343 common users
User sample counts range: 31 (max) to 4 (min)
Distributed ALL 9343 users across 20 clients
Users per client: 467 (with 3 clients getting +1 user)
Train partition sizes: [8843, 8998, 8728, 9034, 8866, 8946, 8873, 8776, 8816, 8801, 8913, 8656, 9115, 8921, 8699, 8823, 8912, 8766, 9102, 8869]
Test partition sizes: [1140, 1158, 1127, 1158, 1134, 1145, 1145, 1127, 1136, 1128, 1144, 1125, 1152, 1160, 1124, 1145, 1154, 1131, 1157, 1141]
  Client 0: 8843 train samples, 2 unique classes
  Client 1: 8998 train samples, 2 unique classes
  Client 2: 8728 train samples, 2 unique classes
  Client 3: 9034 train samples, 2 unique classes
  Client 4: 8866 train samples, 2 unique classes
  Client 5: 8946 train samples, 2 unique classes
  Client 6: 8873 train samples, 2 unique classes
  Client 7: 8776 train samples, 2 unique classes
  Client 8: 8816 train samples, 2 unique classes
  Client 9: 8801 train samples, 2 unique classes
  Client 10: 8913 train samples, 2 unique classes
  Client 11: 8656 train samples, 2 unique classes
  Client 12: 9115 train samples, 2 unique classes
  Client 13: 8921 train samples, 2 unique classes
  Client 14: 8699 train samples, 2 unique classes
  Client 15: 8823 train samples, 2 unique classes
  Client 16: 8912 train samples, 2 unique classes
  Client 17: 8766 train samples, 2 unique classes
  Client 18: 9102 train samples, 2 unique classes
  Client 19: 8869 train samples, 2 unique classes
Will sample 4500 samples per client per epoch
Graph: erdos, nodes: 20, edges: 48
Degree statistics: avg=4.80, min=2, max=7
Attack: Compromised 10/20 nodes: [1, 2, 5, 11, 12, 13, 14, 15, 17, 18]
Attack type: backdoor, lambda: 1.0
Backdoor target label: 0, trigger size: 8
Model variant: baseline
Model parameters: 2,219,692
Sketchguard Node 0:
  Model dim: 2,219,692 → Sketch size: 350
  Compression ratio: 6342.0x
  Using model parameters for aggregation, sketches for filtering
Sketchguard Node 1:
  Model dim: 2,219,692 → Sketch size: 350
  Compression ratio: 6342.0x
  Using model parameters for aggregation, sketches for filtering
Sketchguard Node 2:
  Model dim: 2,219,692 → Sketch size: 350
  Compression ratio: 6342.0x
  Using model parameters for aggregation, sketches for filtering
Sketchguard Node 3:
  Model dim: 2,219,692 → Sketch size: 350
  Compression ratio: 6342.0x
  Using model parameters for aggregation, sketches for filtering
Sketchguard Node 4:
  Model dim: 2,219,692 → Sketch size: 350
  Compression ratio: 6342.0x
  Using model parameters for aggregation, sketches for filtering
Sketchguard Node 5:
  Model dim: 2,219,692 → Sketch size: 350
  Compression ratio: 6342.0x
  Using model parameters for aggregation, sketches for filtering
Sketchguard Node 6:
  Model dim: 2,219,692 → Sketch size: 350
  Compression ratio: 6342.0x
  Using model parameters for aggregation, sketches for filtering
Sketchguard Node 7:
  Model dim: 2,219,692 → Sketch size: 350
  Compression ratio: 6342.0x
  Using model parameters for aggregation, sketches for filtering
Sketchguard Node 8:
  Model dim: 2,219,692 → Sketch size: 350
  Compression ratio: 6342.0x
  Using model parameters for aggregation, sketches for filtering
Sketchguard Node 9:
  Model dim: 2,219,692 → Sketch size: 350
  Compression ratio: 6342.0x
  Using model parameters for aggregation, sketches for filtering
Sketchguard Node 10:
  Model dim: 2,219,692 → Sketch size: 350
  Compression ratio: 6342.0x
  Using model parameters for aggregation, sketches for filtering
Sketchguard Node 11:
  Model dim: 2,219,692 → Sketch size: 350
  Compression ratio: 6342.0x
  Using model parameters for aggregation, sketches for filtering
Sketchguard Node 12:
  Model dim: 2,219,692 → Sketch size: 350
  Compression ratio: 6342.0x
  Using model parameters for aggregation, sketches for filtering
Sketchguard Node 13:
  Model dim: 2,219,692 → Sketch size: 350
  Compression ratio: 6342.0x
  Using model parameters for aggregation, sketches for filtering
Sketchguard Node 14:
  Model dim: 2,219,692 → Sketch size: 350
  Compression ratio: 6342.0x
  Using model parameters for aggregation, sketches for filtering
Sketchguard Node 15:
  Model dim: 2,219,692 → Sketch size: 350
  Compression ratio: 6342.0x
  Using model parameters for aggregation, sketches for filtering
Sketchguard Node 16:
  Model dim: 2,219,692 → Sketch size: 350
  Compression ratio: 6342.0x
  Using model parameters for aggregation, sketches for filtering
Sketchguard Node 17:
  Model dim: 2,219,692 → Sketch size: 350
  Compression ratio: 6342.0x
  Using model parameters for aggregation, sketches for filtering
Sketchguard Node 18:
  Model dim: 2,219,692 → Sketch size: 350
  Compression ratio: 6342.0x
  Using model parameters for aggregation, sketches for filtering
Sketchguard Node 19:
  Model dim: 2,219,692 → Sketch size: 350
  Compression ratio: 6342.0x
  Using model parameters for aggregation, sketches for filtering
Sketchguard ALGORITHM (Sketch-based Filtering + State Aggregation)
  - Model dimension: 2,219,692 parameters
  - Config: SketchguardConfig(gamma=2, kappa=1, alpha=0.5, min_neighbors=1, sketch_size=350, network_seed=987654321, attack_detection_window=5)
  - Sketch size: 350
  - Compression ratio: 6342.0x
  - Complexity: O(d + N×k) = O(2,219,692 + 20×350)
  - Theoretical speedup vs BALANCE: 19.9x
Initial test acc across nodes: mean=0.4978 ± 0.0208
Backdoor attack: Created poisoned datasets for 10 compromised nodes
Round 001: test acc mean=0.5790 ± 0.0797 | min=0.4942 max=0.7158
         : test loss mean=1940.6335 ± 1990.6637
         : individual accs = ['0.707895', '0.508636', '0.494232', '0.701209', '0.571429', '0.514410', '0.676856', '0.616681', '0.636444', '0.702128', '0.594406', '0.519111', '0.522569', '0.506897', '0.517794', '0.521397', '0.715771', '0.508400', '0.522040', '0.521472']
         : correct/total = [(807, 1140), (589, 1158), (557, 1127), (812, 1158), (648, 1134), (589, 1145), (775, 1145), (695, 1127), (723, 1136), (792, 1128), (680, 1144), (584, 1125), (602, 1152), (588, 1160), (582, 1124), (597, 1145), (826, 1154), (575, 1131), (604, 1157), (595, 1141)]
         : compromised: 0.5135, honest: 0.6444
         : sketchguard stats = ['Node 0: acc_rate=0.667', 'Node 1: acc_rate=0.500', 'Node 2: acc_rate=0.400']...
Round 002: test acc mean=0.6023 ± 0.1144 | min=0.4728 max=0.7530
         : test loss mean=83573091.7133 ± 133649944.0323
         : individual accs = ['0.700000', '0.504318', '0.506655', '0.714162', '0.666667', '0.485590', '0.708297', '0.689441', '0.732394', '0.711879', '0.733392', '0.498667', '0.477431', '0.493103', '0.482206', '0.482096', '0.753033', '0.491600', '0.472774', '0.741455']
         : correct/total = [(798, 1140), (584, 1158), (571, 1127), (827, 1158), (756, 1134), (556, 1145), (811, 1145), (777, 1127), (832, 1136), (803, 1128), (839, 1144), (561, 1125), (550, 1152), (572, 1160), (542, 1124), (552, 1145), (869, 1154), (556, 1131), (547, 1157), (846, 1141)]
         : compromised: 0.4894, honest: 0.7151
         : sketchguard stats = ['Node 0: acc_rate=0.667', 'Node 1: acc_rate=0.750', 'Node 2: acc_rate=0.700']...
Round 003: test acc mean=0.6544 ± 0.1445 | min=0.4933 max=0.8295
         : test loss mean=nan ± nan
         : individual accs = ['0.785965', '0.508636', '0.493345', '0.778066', '0.783069', '0.514410', '0.776419', '0.769299', '0.810739', '0.790780', '0.829545', '0.498667', '0.522569', '0.506897', '0.517794', '0.517031', '0.828423', '0.508400', '0.522040', '0.826468']
         : correct/total = [(896, 1140), (589, 1158), (556, 1127), (901, 1158), (888, 1134), (589, 1145), (889, 1145), (867, 1127), (921, 1136), (892, 1128), (949, 1144), (561, 1125), (602, 1152), (588, 1160), (582, 1124), (592, 1145), (956, 1154), (575, 1131), (604, 1157), (943, 1141)]
         : compromised: 0.5110, honest: 0.7979
         : sketchguard stats = ['Node 0: acc_rate=0.667', 'Node 1: acc_rate=0.833', 'Node 2: acc_rate=0.467']...
Round 004: test acc mean=0.6762 ± 0.1656 | min=0.4933 max=0.8706
         : test loss mean=nan ± nan
         : individual accs = ['0.830702', '0.508636', '0.493345', '0.829016', '0.836861', '0.514410', '0.837555', '0.832298', '0.852993', '0.830674', '0.870629', '0.498667', '0.522569', '0.506897', '0.517794', '0.517031', '0.832756', '0.508400', '0.522040', '0.860649']
         : correct/total = [(947, 1140), (589, 1158), (556, 1127), (960, 1158), (949, 1134), (589, 1145), (959, 1145), (938, 1127), (969, 1136), (937, 1128), (996, 1144), (561, 1125), (602, 1152), (588, 1160), (582, 1124), (592, 1145), (961, 1154), (575, 1131), (604, 1157), (982, 1141)]
         : compromised: 0.5110, honest: 0.8414
         : sketchguard stats = ['Node 0: acc_rate=0.667', 'Node 1: acc_rate=0.625', 'Node 2: acc_rate=0.350']...
Round 005: test acc mean=0.6906 ± 0.1798 | min=0.4933 max=0.8811
         : test loss mean=nan ± nan
         : individual accs = ['0.852632', '0.508636', '0.493345', '0.868739', '0.865961', '0.514410', '0.862009', '0.862467', '0.873239', '0.876773', '0.881119', '0.498667', '0.522569', '0.506897', '0.517794', '0.517031', '0.878683', '0.508400', '0.522040', '0.879930']
         : correct/total = [(972, 1140), (589, 1158), (556, 1127), (1006, 1158), (982, 1134), (589, 1145), (987, 1145), (972, 1127), (992, 1136), (989, 1128), (1008, 1144), (561, 1125), (602, 1152), (588, 1160), (582, 1124), (592, 1145), (1014, 1154), (575, 1131), (604, 1157), (1004, 1141)]
         : compromised: 0.5110, honest: 0.8702
         : sketchguard stats = ['Node 0: acc_rate=0.667', 'Node 1: acc_rate=0.500', 'Node 2: acc_rate=0.280']...
Round 006: test acc mean=0.6967 ± 0.1859 | min=0.4933 max=0.8925
         : test loss mean=nan ± nan
         : individual accs = ['0.887719', '0.508636', '0.493345', '0.886010', '0.870370', '0.514410', '0.877729', '0.875776', '0.883803', '0.875000', '0.892483', '0.498667', '0.522569', '0.506897', '0.517794', '0.517031', '0.891681', '0.508400', '0.522040', '0.883436']
         : correct/total = [(1012, 1140), (589, 1158), (556, 1127), (1026, 1158), (987, 1134), (589, 1145), (1005, 1145), (987, 1127), (1004, 1136), (987, 1128), (1021, 1144), (561, 1125), (602, 1152), (588, 1160), (582, 1124), (592, 1145), (1029, 1154), (575, 1131), (604, 1157), (1008, 1141)]
         : compromised: 0.5110, honest: 0.8824
         : sketchguard stats = ['Node 0: acc_rate=0.667', 'Node 1: acc_rate=0.417', 'Node 2: acc_rate=0.233']...
Round 007: test acc mean=0.7004 ± 0.1896 | min=0.4933 max=0.8972
         : test loss mean=nan ± nan
         : individual accs = ['0.894737', '0.508636', '0.493345', '0.893782', '0.879189', '0.514410', '0.888210', '0.893523', '0.888204', '0.897163', '0.890734', '0.498667', '0.522569', '0.506897', '0.517794', '0.517031', '0.887348', '0.508400', '0.522040', '0.885188']
         : correct/total = [(1020, 1140), (589, 1158), (556, 1127), (1035, 1158), (997, 1134), (589, 1145), (1017, 1145), (1007, 1127), (1009, 1136), (1012, 1128), (1019, 1144), (561, 1125), (602, 1152), (588, 1160), (582, 1124), (592, 1145), (1024, 1154), (575, 1131), (604, 1157), (1010, 1141)]
         : compromised: 0.5110, honest: 0.8898
         : sketchguard stats = ['Node 0: acc_rate=0.667', 'Node 1: acc_rate=0.357', 'Node 2: acc_rate=0.200']...
Round 008: test acc mean=0.6989 ± 0.1881 | min=0.4933 max=0.8965
         : test loss mean=nan ± nan
         : individual accs = ['0.896491', '0.508636', '0.493345', '0.892055', '0.879189', '0.514410', '0.887336', '0.888199', '0.879401', '0.890071', '0.887238', '0.498667', '0.522569', '0.506897', '0.517794', '0.517031', '0.890815', '0.508400', '0.522040', '0.878177']
         : correct/total = [(1022, 1140), (589, 1158), (556, 1127), (1033, 1158), (997, 1134), (589, 1145), (1016, 1145), (1001, 1127), (999, 1136), (1004, 1128), (1015, 1144), (561, 1125), (602, 1152), (588, 1160), (582, 1124), (592, 1145), (1028, 1154), (575, 1131), (604, 1157), (1002, 1141)]
         : compromised: 0.5110, honest: 0.8869
         : sketchguard stats = ['Node 0: acc_rate=0.667', 'Node 1: acc_rate=0.312', 'Node 2: acc_rate=0.175']...
Round 009: test acc mean=0.7044 ± 0.1936 | min=0.4933 max=0.9059
         : test loss mean=nan ± nan
         : individual accs = ['0.902632', '0.508636', '0.493345', '0.905872', '0.888889', '0.514410', '0.899563', '0.900621', '0.898768', '0.893617', '0.900350', '0.498667', '0.522569', '0.506897', '0.517794', '0.517031', '0.896880', '0.508400', '0.522040', '0.891323']
         : correct/total = [(1029, 1140), (589, 1158), (556, 1127), (1049, 1158), (1008, 1134), (589, 1145), (1030, 1145), (1015, 1127), (1021, 1136), (1008, 1128), (1030, 1144), (561, 1125), (602, 1152), (588, 1160), (582, 1124), (592, 1145), (1035, 1154), (575, 1131), (604, 1157), (1017, 1141)]
         : compromised: 0.5110, honest: 0.8979
         : sketchguard stats = ['Node 0: acc_rate=0.667', 'Node 1: acc_rate=0.278', 'Node 2: acc_rate=0.156']...
Round 010: test acc mean=0.7053 ± 0.1944 | min=0.4933 max=0.9059
         : test loss mean=nan ± nan
         : individual accs = ['0.903509', '0.508636', '0.493345', '0.905872', '0.893298', '0.514410', '0.898690', '0.902396', '0.896127', '0.900709', '0.900350', '0.498667', '0.522569', '0.506897', '0.517794', '0.517031', '0.902080', '0.508400', '0.522040', '0.892200']
         : correct/total = [(1030, 1140), (589, 1158), (556, 1127), (1049, 1158), (1013, 1134), (589, 1145), (1029, 1145), (1017, 1127), (1018, 1136), (1016, 1128), (1030, 1144), (561, 1125), (602, 1152), (588, 1160), (582, 1124), (592, 1145), (1041, 1154), (575, 1131), (604, 1157), (1018, 1141)]
         : compromised: 0.5110, honest: 0.8995
         : sketchguard stats = ['Node 0: acc_rate=0.667', 'Node 1: acc_rate=0.250', 'Node 2: acc_rate=0.140']...

=== FINAL RESULTS ===
Dataset: celeba, Nodes: 20, Graph: erdos, Aggregation: sketchguard
Attack: backdoor, 50.0% compromised
Final accuracy - Compromised: 0.5110, Honest: 0.8995
Overall test accuracy: mean=0.7053 ± 0.1944

=== BACKDOOR ATTACK SUCCESS RATE (ASR) ===
Target label: 0
Trigger size: 8x8
Overall ASR: 0.7757 ± 0.2247
Honest nodes ASR: 0.5514 ± 0.0187
Compromised nodes ASR: 1.0000 ± 0.0000
Note: Higher ASR indicates more successful backdoor attack

=== Sketchguard SUMMARY ===
Node 0: acceptance=0.667
Node 1: acceptance=0.250
Node 2: acceptance=0.140
Node 3: acceptance=0.500
Node 4: acceptance=0.250
Node 5: acceptance=0.120
Node 6: acceptance=0.400
Node 7: acceptance=0.400
Node 8: acceptance=0.500
Node 9: acceptance=0.667
Node 10: acceptance=0.500
Node 11: acceptance=0.243
Node 12: acceptance=0.157
Node 13: acceptance=0.125
Node 14: acceptance=0.114
Node 15: acceptance=0.133
Node 16: acceptance=0.200
Node 17: acceptance=0.160
Node 18: acceptance=0.150
Node 19: acceptance=0.500

=== PARALLEL EXECUTION TIME (realistic for distributed system) ===
  COMMUNICATION (max across nodes):
    - Sketch transfer: 0.000s (0.0%)
    - Model fetch (accepted): 0.000s (0.0%)
  COMPUTATION (max across nodes):
    - Sketching: 0.466s (96.7%)
    - Filtering: 0.001s (0.2%)
    - Aggregation: 0.015s (3.1%)
  TOTALS:
    - Total computation: 0.482s (100.0%)
    - Total communication: 0.000s (0.0%)
    - Total parallel time: 0.482s

=== PER-NODE AVERAGE TIME ===
  - Sketching: 0.353s
  - Filtering: 0.000s
  - Aggregation: 0.006s
  - Sketch transfer: 0.000s
  - Model fetch: 0.000s
  - Total per node: 0.360s

=== TOTAL COMPUTATIONAL WORK (sum across all nodes) ===
  - Total sketching: 7.067s
  - Total filtering: 0.009s
  - Total aggregation: 0.123s
  - Total sketch transfer: 0.000s
  - Total model fetch: 0.000s
  - Grand total: 7.200s
  - Mean acceptance rate: 0.309

Sketchguard Algorithm Properties:
  - Original dimension: 2,219,692
  - Sketch size: 350
  - Compression ratio: 19.9x
  - Single repetition: No repetitions needed
  - Theoretical complexity: O(d + N×k)
  - Approach: Sketch filtering + state aggregation
