Device: cuda
Seed: 987654321
Looking for images in: /home/student.unimelb.edu.au/mrangwala/Trust-Monitor/leaf/data/celeba/data/raw/img_align_celeba
Loading 1 LEAF CelebA train files...
LEAF CelebA train: 9343 users (celebrities), 177457 samples
Looking for images in: /home/student.unimelb.edu.au/mrangwala/Trust-Monitor/leaf/data/celeba/data/raw/img_align_celeba
Loading 1 LEAF CelebA test files...
LEAF CelebA test: 9343 users (celebrities), 22831 samples
Found 9343 train users, 9343 test users, 9343 common users
User sample counts range: 31 (max) to 4 (min)
Distributed ALL 9343 users across 20 clients
Users per client: 467 (with 3 clients getting +1 user)
Train partition sizes: [8843, 8998, 8728, 9034, 8866, 8946, 8873, 8776, 8816, 8801, 8913, 8656, 9115, 8921, 8699, 8823, 8912, 8766, 9102, 8869]
Test partition sizes: [1140, 1158, 1127, 1158, 1134, 1145, 1145, 1127, 1136, 1128, 1144, 1125, 1152, 1160, 1124, 1145, 1154, 1131, 1157, 1141]
  Client 0: 8843 train samples, 2 unique classes
  Client 1: 8998 train samples, 2 unique classes
  Client 2: 8728 train samples, 2 unique classes
  Client 3: 9034 train samples, 2 unique classes
  Client 4: 8866 train samples, 2 unique classes
  Client 5: 8946 train samples, 2 unique classes
  Client 6: 8873 train samples, 2 unique classes
  Client 7: 8776 train samples, 2 unique classes
  Client 8: 8816 train samples, 2 unique classes
  Client 9: 8801 train samples, 2 unique classes
  Client 10: 8913 train samples, 2 unique classes
  Client 11: 8656 train samples, 2 unique classes
  Client 12: 9115 train samples, 2 unique classes
  Client 13: 8921 train samples, 2 unique classes
  Client 14: 8699 train samples, 2 unique classes
  Client 15: 8823 train samples, 2 unique classes
  Client 16: 8912 train samples, 2 unique classes
  Client 17: 8766 train samples, 2 unique classes
  Client 18: 9102 train samples, 2 unique classes
  Client 19: 8869 train samples, 2 unique classes
Will sample 10000 samples per client per epoch
Graph: fully, nodes: 20, edges: 190
Attack: Compromised 8/20 nodes: [1, 5, 11, 12, 13, 14, 17, 18]
Attack type: directed_deviation, lambda: 1.0
UBAR ALGORITHM (Two-Stage Byzantine-resilient)
  - Model dimension: 30,758 parameters
  - Rho parameter: 0.6
  - Stage 1: Distance-based filtering (select 60% closest neighbors)
  - Stage 2: Performance-based selection (loss comparison)
  - Complexity: O(deg(i)×d + deg(i)×inference)
Initial test acc across nodes: mean=0.4969 ± 0.0214
Round 001: test acc mean=0.5164 ± 0.0150 | min=0.4911 max=0.5625
         : test loss mean=0.8749 ± 0.1050
         : individual accs = ['0.528947', '0.508636', '0.493345', '0.528497', '0.522046', '0.514410', '0.521397', '0.503993', '0.562500', '0.491135', '0.525350', '0.498667', '0.522569', '0.506897', '0.517794', '0.517031', '0.515598', '0.508400', '0.522040', '0.517967']
         : correct/total = [(603, 1140), (589, 1158), (556, 1127), (612, 1158), (592, 1134), (589, 1145), (597, 1145), (568, 1127), (639, 1136), (554, 1128), (601, 1144), (561, 1125), (602, 1152), (588, 1160), (582, 1124), (592, 1145), (595, 1154), (575, 1131), (604, 1157), (591, 1141)]
         : compromised: 0.5124, honest: 0.5190
         : ubar stats = ['Node 0: s1=0.579, s2=0.091', 'Node 1: s1=0.579, s2=0.455', 'Node 2: s1=0.579, s2=0.091']...
Round 002: test acc mean=0.5544 ± 0.1042 | min=0.4933 max=0.9057
         : test loss mean=0.7590 ± 0.1845
         : individual accs = ['0.528947', '0.508636', '0.493345', '0.545769', '0.522046', '0.514410', '0.521397', '0.503993', '0.562500', '0.497340', '0.525350', '0.815111', '0.522569', '0.512931', '0.544484', '0.905677', '0.515598', '0.508400', '0.522040', '0.517967']
         : correct/total = [(603, 1140), (589, 1158), (556, 1127), (632, 1158), (592, 1134), (589, 1145), (597, 1145), (568, 1127), (639, 1136), (561, 1128), (601, 1144), (917, 1125), (602, 1152), (595, 1160), (612, 1124), (1037, 1145), (595, 1154), (575, 1131), (604, 1157), (591, 1141)]
         : compromised: 0.5561, honest: 0.5533
         : ubar stats = ['Node 0: s1=0.579, s2=0.273', 'Node 1: s1=0.579, s2=0.273', 'Node 2: s1=0.579, s2=0.091']...
Round 003: test acc mean=0.6348 ± 0.1545 | min=0.4911 max=0.9130
         : test loss mean=0.5835 ± 0.2001
         : individual accs = ['0.544737', '0.911917', '0.753327', '0.528497', '0.529982', '0.537991', '0.521397', '0.913043', '0.889085', '0.491135', '0.881993', '0.498667', '0.525174', '0.553448', '0.517794', '0.517031', '0.594454', '0.809019', '0.522040', '0.655565']
         : correct/total = [(621, 1140), (1056, 1158), (849, 1127), (612, 1158), (601, 1134), (616, 1145), (597, 1145), (1029, 1127), (1010, 1136), (554, 1128), (1009, 1144), (561, 1125), (605, 1152), (642, 1160), (582, 1124), (592, 1145), (686, 1154), (915, 1131), (604, 1157), (748, 1141)]
         : compromised: 0.6095, honest: 0.6517
         : ubar stats = ['Node 0: s1=0.579, s2=0.212', 'Node 1: s1=0.579, s2=0.212', 'Node 2: s1=0.579, s2=0.091']...
Round 004: test acc mean=0.7220 ± 0.1430 | min=0.5217 max=0.9068
         : test loss mean=0.4761 ± 0.1601
         : individual accs = ['0.549123', '0.533679', '0.906832', '0.531088', '0.885362', '0.852402', '0.684716', '0.521739', '0.901408', '0.758865', '0.881993', '0.542222', '0.771701', '0.735345', '0.751779', '0.750218', '0.877816', '0.598585', '0.864304', '0.541630']
         : correct/total = [(626, 1140), (618, 1158), (1022, 1127), (615, 1158), (1004, 1134), (976, 1145), (784, 1145), (588, 1127), (1024, 1136), (856, 1128), (1009, 1144), (610, 1125), (889, 1152), (853, 1160), (845, 1124), (859, 1145), (1013, 1154), (677, 1131), (1000, 1157), (618, 1141)]
         : compromised: 0.7063, honest: 0.7326
         : ubar stats = ['Node 0: s1=0.579, s2=0.182', 'Node 1: s1=0.579, s2=0.182', 'Node 2: s1=0.579, s2=0.091']...
Round 005: test acc mean=0.8556 ± 0.0771 | min=0.6035 max=0.9228
         : test loss mean=0.3144 ± 0.1108
         : individual accs = ['0.922807', '0.910190', '0.805679', '0.767703', '0.910935', '0.884716', '0.767686', '0.881100', '0.890845', '0.863475', '0.906469', '0.855111', '0.893229', '0.755172', '0.903025', '0.603493', '0.911612', '0.907162', '0.885048', '0.886065']
         : correct/total = [(1052, 1140), (1054, 1158), (908, 1127), (889, 1158), (1033, 1134), (1013, 1145), (879, 1145), (993, 1127), (1012, 1136), (974, 1128), (1037, 1144), (962, 1125), (1029, 1152), (876, 1160), (1015, 1124), (691, 1145), (1052, 1154), (1026, 1131), (1024, 1157), (1011, 1141)]
         : compromised: 0.8742, honest: 0.8432
         : ubar stats = ['Node 0: s1=0.579, s2=0.164', 'Node 1: s1=0.579, s2=0.164', 'Node 2: s1=0.579, s2=0.127']...
Round 006: test acc mean=0.9003 ± 0.0206 | min=0.8341 max=0.9215
         : test loss mean=0.2448 ± 0.0487
         : individual accs = ['0.910526', '0.909326', '0.883762', '0.917962', '0.921517', '0.917904', '0.834061', '0.903283', '0.871479', '0.913121', '0.904720', '0.906667', '0.915799', '0.891379', '0.909253', '0.916157', '0.914211', '0.881521', '0.883319', '0.900088']
         : correct/total = [(1038, 1140), (1053, 1158), (996, 1127), (1063, 1158), (1045, 1134), (1051, 1145), (955, 1145), (1018, 1127), (990, 1136), (1030, 1128), (1035, 1144), (1020, 1125), (1055, 1152), (1034, 1160), (1022, 1124), (1049, 1145), (1055, 1154), (997, 1131), (1022, 1157), (1027, 1141)]
         : compromised: 0.9019, honest: 0.8992
         : ubar stats = ['Node 0: s1=0.579, s2=0.152', 'Node 1: s1=0.579, s2=0.167', 'Node 2: s1=0.579, s2=0.121']...
Round 007: test acc mean=0.9092 ± 0.0087 | min=0.8850 max=0.9209
         : test loss mean=0.2216 ± 0.0154
         : individual accs = ['0.908772', '0.908463', '0.900621', '0.911917', '0.910053', '0.914410', '0.917904', '0.893523', '0.910211', '0.902482', '0.910839', '0.920889', '0.907986', '0.914655', '0.911032', '0.918777', '0.916811', '0.901857', '0.885048', '0.918493']
         : correct/total = [(1036, 1140), (1052, 1158), (1015, 1127), (1056, 1158), (1032, 1134), (1047, 1145), (1051, 1145), (1007, 1127), (1034, 1136), (1018, 1128), (1042, 1144), (1036, 1125), (1046, 1152), (1061, 1160), (1024, 1124), (1052, 1145), (1058, 1154), (1020, 1131), (1024, 1157), (1048, 1141)]
         : compromised: 0.9080, honest: 0.9100
         : ubar stats = ['Node 0: s1=0.579, s2=0.143', 'Node 1: s1=0.579, s2=0.156', 'Node 2: s1=0.579, s2=0.117']...
Round 008: test acc mean=0.9139 ± 0.0073 | min=0.9006 max=0.9284
         : test loss mean=0.2187 ± 0.0163
         : individual accs = ['0.910526', '0.911917', '0.904170', '0.924870', '0.919753', '0.928384', '0.916157', '0.915705', '0.902289', '0.913121', '0.913462', '0.917333', '0.919271', '0.913793', '0.911922', '0.912664', '0.917678', '0.901857', '0.900605', '0.921998']
         : correct/total = [(1038, 1140), (1056, 1158), (1019, 1127), (1071, 1158), (1043, 1134), (1063, 1145), (1049, 1145), (1032, 1127), (1025, 1136), (1030, 1128), (1045, 1144), (1032, 1125), (1059, 1152), (1060, 1160), (1025, 1124), (1045, 1145), (1059, 1154), (1020, 1131), (1042, 1157), (1052, 1141)]
         : compromised: 0.9131, honest: 0.9144
         : ubar stats = ['Node 0: s1=0.579, s2=0.136', 'Node 1: s1=0.579, s2=0.148', 'Node 2: s1=0.579, s2=0.125']...
Round 009: test acc mean=0.9144 ± 0.0096 | min=0.8962 max=0.9307
         : test loss mean=0.2219 ± 0.0210
         : individual accs = ['0.930702', '0.918826', '0.896185', '0.922280', '0.926808', '0.917031', '0.913537', '0.918367', '0.905810', '0.906028', '0.902972', '0.922667', '0.921875', '0.906897', '0.919039', '0.918777', '0.924610', '0.902741', '0.898876', '0.914110']
         : correct/total = [(1061, 1140), (1064, 1158), (1010, 1127), (1068, 1158), (1051, 1134), (1050, 1145), (1046, 1145), (1035, 1127), (1029, 1136), (1022, 1128), (1033, 1144), (1038, 1125), (1062, 1152), (1052, 1160), (1033, 1124), (1052, 1145), (1067, 1154), (1021, 1131), (1040, 1157), (1043, 1141)]
         : compromised: 0.9135, honest: 0.9150
         : ubar stats = ['Node 0: s1=0.579, s2=0.131', 'Node 1: s1=0.579, s2=0.141', 'Node 2: s1=0.579, s2=0.121']...
Round 010: test acc mean=0.9150 ± 0.0088 | min=0.8963 max=0.9281
         : test loss mean=0.2351 ± 0.0283
         : individual accs = ['0.928070', '0.925734', '0.910382', '0.914508', '0.911817', '0.921397', '0.919651', '0.916593', '0.916373', '0.914007', '0.914336', '0.925333', '0.926215', '0.911207', '0.898577', '0.920524', '0.920277', '0.901857', '0.896283', '0.907099']
         : correct/total = [(1058, 1140), (1072, 1158), (1026, 1127), (1059, 1158), (1034, 1134), (1055, 1145), (1053, 1145), (1033, 1127), (1041, 1136), (1031, 1128), (1046, 1144), (1041, 1125), (1067, 1152), (1057, 1160), (1010, 1124), (1054, 1145), (1062, 1154), (1020, 1131), (1037, 1157), (1035, 1141)]
         : compromised: 0.9133, honest: 0.9161
         : ubar stats = ['Node 0: s1=0.579, s2=0.127', 'Node 1: s1=0.579, s2=0.136', 'Node 2: s1=0.579, s2=0.118']...

=== FINAL RESULTS ===
Dataset: celeba, Nodes: 20, Graph: fully, Aggregation: ubar
Attack: directed_deviation, 40.0% compromised
Final accuracy - Compromised: 0.9133, Honest: 0.9161
Overall test accuracy: mean=0.9150 ± 0.0088

=== UBAR SUMMARY ===
Node 0: stage1=0.579, stage2=0.127, overall=0.074
Node 1: stage1=0.579, stage2=0.136, overall=0.079
Node 2: stage1=0.579, stage2=0.118, overall=0.068
Node 3: stage1=0.579, stage2=0.091, overall=0.053
Node 4: stage1=0.579, stage2=0.109, overall=0.063
Node 5: stage1=0.579, stage2=0.127, overall=0.074
Node 6: stage1=0.579, stage2=0.282, overall=0.163
Node 7: stage1=0.579, stage2=0.145, overall=0.084
Node 8: stage1=0.579, stage2=0.164, overall=0.095
Node 9: stage1=0.579, stage2=0.118, overall=0.068
Node 10: stage1=0.579, stage2=0.091, overall=0.053
Node 11: stage1=0.579, stage2=0.182, overall=0.105
Node 12: stage1=0.579, stage2=0.145, overall=0.084
Node 13: stage1=0.579, stage2=0.127, overall=0.074
Node 14: stage1=0.579, stage2=0.118, overall=0.068
Node 15: stage1=0.579, stage2=0.173, overall=0.100
Node 16: stage1=0.579, stage2=0.091, overall=0.053
Node 17: stage1=0.579, stage2=0.091, overall=0.053
Node 18: stage1=0.579, stage2=0.091, overall=0.053
Node 19: stage1=0.579, stage2=0.109, overall=0.063

Performance Summary:
  - Distance computation time: 2.960s (44.7%)
  - Loss computation time: 3.485s (52.6%)
  - Aggregation time: 0.179s (2.7%)
  - Total time: 6.624s
  - Mean Stage 1 acceptance rate: 0.579
  - Mean Stage 2 acceptance rate: 0.132
  - Overall acceptance rate: 0.076

UBAR Algorithm Properties:
  - Model dimension: 30,758
  - Rho parameter: 0.6
  - Two-stage approach: Distance filtering + loss evaluation
  - Stage 1 selects: 60% of neighbors
  - Stage 2 uses: Training sample loss comparison
  - Theoretical complexity: O(deg(i)×d + deg(i)×inference)
  - Approach: UBAR paper implementation
