Device: cuda
Seed: 987654321
Looking for images in: /home/student.unimelb.edu.au/mrangwala/Projects/Sketchguard/leaf/data/celeba/data/raw/img_align_celeba
Loading 1 LEAF CelebA train files...
LEAF CelebA train: 9343 users (celebrities), 177457 samples
Looking for images in: /home/student.unimelb.edu.au/mrangwala/Projects/Sketchguard/leaf/data/celeba/data/raw/img_align_celeba
Loading 1 LEAF CelebA test files...
LEAF CelebA test: 9343 users (celebrities), 22831 samples
Found 9343 train users, 9343 test users, 9343 common users
User sample counts range: 31 (max) to 4 (min)
Distributed ALL 9343 users across 20 clients
Users per client: 467 (with 3 clients getting +1 user)
Train partition sizes: [8843, 8998, 8728, 9034, 8866, 8946, 8873, 8776, 8816, 8801, 8913, 8656, 9115, 8921, 8699, 8823, 8912, 8766, 9102, 8869]
Test partition sizes: [1140, 1158, 1127, 1158, 1134, 1145, 1145, 1127, 1136, 1128, 1144, 1125, 1152, 1160, 1124, 1145, 1154, 1131, 1157, 1141]
  Client 0: 8843 train samples, 2 unique classes
  Client 1: 8998 train samples, 2 unique classes
  Client 2: 8728 train samples, 2 unique classes
  Client 3: 9034 train samples, 2 unique classes
  Client 4: 8866 train samples, 2 unique classes
  Client 5: 8946 train samples, 2 unique classes
  Client 6: 8873 train samples, 2 unique classes
  Client 7: 8776 train samples, 2 unique classes
  Client 8: 8816 train samples, 2 unique classes
  Client 9: 8801 train samples, 2 unique classes
  Client 10: 8913 train samples, 2 unique classes
  Client 11: 8656 train samples, 2 unique classes
  Client 12: 9115 train samples, 2 unique classes
  Client 13: 8921 train samples, 2 unique classes
  Client 14: 8699 train samples, 2 unique classes
  Client 15: 8823 train samples, 2 unique classes
  Client 16: 8912 train samples, 2 unique classes
  Client 17: 8766 train samples, 2 unique classes
  Client 18: 9102 train samples, 2 unique classes
  Client 19: 8869 train samples, 2 unique classes
Will sample 4500 samples per client per epoch
Graph: erdos, nodes: 20, edges: 99
Degree statistics: avg=9.90, min=7, max=14
Attack: Compromised 12/20 nodes: [1, 2, 3, 5, 8, 11, 12, 13, 14, 15, 17, 18]
Attack type: backdoor, lambda: 1.0
Backdoor target label: 0, trigger size: 8
Model variant: baseline
Model parameters: 2,219,692
BALANCE algorithm:
Balance Config: BALANCEConfig(gamma=2, kappa=1, alpha=0.5, min_neighbors=1)
  - Model dimension: 2,219,692 parameters
  - Complexity: O(N×d) = O(20×2,219,692)
Initial test acc across nodes: mean=0.4978 ± 0.0208
Backdoor attack: Created poisoned datasets for 12 compromised nodes
Round 001: test acc mean=0.5651 ± 0.0680 | min=0.4942 max=0.7039
         : test loss mean=2337.3546 ± 1964.8605
         : individual accs = ['0.690351', '0.508636', '0.494232', '0.535406', '0.525573', '0.514410', '0.641048', '0.623780', '0.562500', '0.703901', '0.619755', '0.520889', '0.522569', '0.506897', '0.517794', '0.521397', '0.689775', '0.508400', '0.522040', '0.573181']
         : correct/total = [(787, 1140), (589, 1158), (557, 1127), (620, 1158), (596, 1134), (589, 1145), (734, 1145), (703, 1127), (639, 1136), (794, 1128), (709, 1144), (586, 1125), (602, 1152), (588, 1160), (582, 1124), (597, 1145), (796, 1154), (575, 1131), (604, 1157), (654, 1141)]
         : compromised: 0.5196, honest: 0.6334
Round 002: test acc mean=0.5590 ± 0.0926 | min=0.4375 max=0.7348
         : test loss mean=179247675.6397 ± 256236185.7847
         : individual accs = ['0.658772', '0.500864', '0.506655', '0.507772', '0.599647', '0.485590', '0.622707', '0.679681', '0.437500', '0.685284', '0.686189', '0.498667', '0.477431', '0.493103', '0.482206', '0.483843', '0.734835', '0.491600', '0.477960', '0.668712']
         : correct/total = [(751, 1140), (580, 1158), (571, 1127), (588, 1158), (680, 1134), (556, 1145), (713, 1145), (766, 1127), (497, 1136), (773, 1128), (785, 1144), (561, 1125), (550, 1152), (572, 1160), (542, 1124), (554, 1145), (848, 1154), (556, 1131), (553, 1157), (763, 1141)]
         : compromised: 0.4869, honest: 0.6670
Round 003: test acc mean=0.5976 ± 0.1032 | min=0.4916 max=0.7799
         : test loss mean=nan ± nan
         : individual accs = ['0.712281', '0.508636', '0.493345', '0.528497', '0.682540', '0.514410', '0.724017', '0.702751', '0.562500', '0.735816', '0.723776', '0.498667', '0.522569', '0.506897', '0.517794', '0.517031', '0.779896', '0.491600', '0.522040', '0.707274']
         : correct/total = [(812, 1140), (589, 1158), (556, 1127), (612, 1158), (774, 1134), (589, 1145), (829, 1145), (792, 1127), (639, 1136), (830, 1128), (828, 1144), (561, 1125), (602, 1152), (588, 1160), (582, 1124), (592, 1145), (900, 1154), (556, 1131), (604, 1157), (807, 1141)]
         : compromised: 0.5153, honest: 0.7210
Round 004: test acc mean=0.6246 ± 0.1328 | min=0.4933 max=0.7945
         : test loss mean=nan ± nan
         : individual accs = ['0.789474', '0.508636', '0.493345', '0.528497', '0.794533', '0.514410', '0.774672', '0.771961', '0.562500', '0.792553', '0.793706', '0.498667', '0.522569', '0.506897', '0.517794', '0.517031', '0.785095', '0.508400', '0.522040', '0.788782']
         : correct/total = [(900, 1140), (589, 1158), (556, 1127), (612, 1158), (901, 1134), (589, 1145), (887, 1145), (870, 1127), (639, 1136), (894, 1128), (908, 1144), (561, 1125), (602, 1152), (588, 1160), (582, 1124), (592, 1145), (906, 1154), (575, 1131), (604, 1157), (900, 1141)]
         : compromised: 0.5167, honest: 0.7863
Round 005: test acc mean=0.6444 ± 0.1571 | min=0.4933 max=0.8570
         : test loss mean=nan ± nan
         : individual accs = ['0.830702', '0.508636', '0.493345', '0.528497', '0.820106', '0.514410', '0.829694', '0.827862', '0.562500', '0.851950', '0.833916', '0.498667', '0.522569', '0.506897', '0.517794', '0.517031', '0.857019', '0.508400', '0.522040', '0.836109']
         : correct/total = [(947, 1140), (589, 1158), (556, 1127), (612, 1158), (930, 1134), (589, 1145), (950, 1145), (933, 1127), (639, 1136), (961, 1128), (954, 1144), (561, 1125), (602, 1152), (588, 1160), (582, 1124), (592, 1145), (989, 1154), (575, 1131), (604, 1157), (954, 1141)]
         : compromised: 0.5167, honest: 0.8359
Round 006: test acc mean=0.6565 ± 0.1718 | min=0.4933 max=0.8821
         : test loss mean=nan ± nan
         : individual accs = ['0.864035', '0.508636', '0.493345', '0.528497', '0.848325', '0.514410', '0.867249', '0.847382', '0.562500', '0.875000', '0.879371', '0.498667', '0.522569', '0.506897', '0.517794', '0.517031', '0.882149', '0.508400', '0.522040', '0.865031']
         : correct/total = [(985, 1140), (589, 1158), (556, 1127), (612, 1158), (962, 1134), (589, 1145), (993, 1145), (955, 1127), (639, 1136), (987, 1128), (1006, 1144), (561, 1125), (602, 1152), (588, 1160), (582, 1124), (592, 1145), (1018, 1154), (575, 1131), (604, 1157), (987, 1141)]
         : compromised: 0.5167, honest: 0.8661
Round 007: test acc mean=0.6630 ± 0.1797 | min=0.4933 max=0.8926
         : test loss mean=nan ± nan
         : individual accs = ['0.878070', '0.508636', '0.493345', '0.528497', '0.874780', '0.514410', '0.892576', '0.880213', '0.562500', '0.890071', '0.882867', '0.498667', '0.522569', '0.506897', '0.517794', '0.517031', '0.880416', '0.508400', '0.522040', '0.880806']
         : correct/total = [(1001, 1140), (589, 1158), (556, 1127), (612, 1158), (992, 1134), (589, 1145), (1022, 1145), (992, 1127), (639, 1136), (1004, 1128), (1010, 1144), (561, 1125), (602, 1152), (588, 1160), (582, 1124), (592, 1145), (1016, 1154), (575, 1131), (604, 1157), (1005, 1141)]
         : compromised: 0.5167, honest: 0.8825
Round 008: test acc mean=0.6650 ± 0.1821 | min=0.4933 max=0.8939
         : test loss mean=nan ± nan
         : individual accs = ['0.893860', '0.508636', '0.493345', '0.528497', '0.881834', '0.514410', '0.888210', '0.889973', '0.562500', '0.883865', '0.890734', '0.498667', '0.522569', '0.506897', '0.517794', '0.517031', '0.889948', '0.508400', '0.522040', '0.881683']
         : correct/total = [(1019, 1140), (589, 1158), (556, 1127), (612, 1158), (1000, 1134), (589, 1145), (1017, 1145), (1003, 1127), (639, 1136), (997, 1128), (1019, 1144), (561, 1125), (602, 1152), (588, 1160), (582, 1124), (592, 1145), (1027, 1154), (575, 1131), (604, 1157), (1006, 1141)]
         : compromised: 0.5167, honest: 0.8875
Round 009: test acc mean=0.6684 ± 0.1862 | min=0.4933 max=0.9024
         : test loss mean=nan ± nan
         : individual accs = ['0.900000', '0.508636', '0.493345', '0.528497', '0.897707', '0.514410', '0.896070', '0.902396', '0.562500', '0.892730', '0.893357', '0.498667', '0.522569', '0.506897', '0.517794', '0.517031', '0.892548', '0.508400', '0.522040', '0.892200']
         : correct/total = [(1026, 1140), (589, 1158), (556, 1127), (612, 1158), (1018, 1134), (589, 1145), (1026, 1145), (1017, 1127), (639, 1136), (1007, 1128), (1022, 1144), (561, 1125), (602, 1152), (588, 1160), (582, 1124), (592, 1145), (1030, 1154), (575, 1131), (604, 1157), (1018, 1141)]
         : compromised: 0.5167, honest: 0.8959
Round 010: test acc mean=0.6693 ± 0.1873 | min=0.4933 max=0.9078
         : test loss mean=nan ± nan
         : individual accs = ['0.902632', '0.508636', '0.493345', '0.528497', '0.893298', '0.514410', '0.896943', '0.902396', '0.562500', '0.907801', '0.893357', '0.498667', '0.522569', '0.506897', '0.517794', '0.517031', '0.897747', '0.508400', '0.522040', '0.890447']
         : correct/total = [(1029, 1140), (589, 1158), (556, 1127), (612, 1158), (1013, 1134), (589, 1145), (1027, 1145), (1017, 1127), (639, 1136), (1024, 1128), (1022, 1144), (561, 1125), (602, 1152), (588, 1160), (582, 1124), (592, 1145), (1036, 1154), (575, 1131), (604, 1157), (1016, 1141)]
         : compromised: 0.5167, honest: 0.8981

=== FINAL RESULTS ===
Dataset: celeba, Nodes: 20, Graph: erdos, Aggregation: balance
Attack: backdoor, 60.0% compromised
Final accuracy - Compromised: 0.5167, Honest: 0.8981
Overall test accuracy: mean=0.6693 ± 0.1873

=== BACKDOOR ATTACK SUCCESS RATE (ASR) ===
Target label: 0
Trigger size: 8x8
Overall ASR: 0.8176 ± 0.2237
Honest nodes ASR: 0.5441 ± 0.0206
Compromised nodes ASR: 1.0000 ± 0.0000
Note: Higher ASR indicates more successful backdoor attack

=== BALANCE SUMMARY ===
Node 0: acceptance=0.417
Node 1: acceptance=0.150
Node 2: acceptance=0.150
Node 3: acceptance=0.157
Node 4: acceptance=0.333
Node 5: acceptance=0.140
Node 6: acceptance=0.333
Node 7: acceptance=0.273
Node 8: acceptance=0.129
Node 9: acceptance=0.545
Node 10: acceptance=0.500
Node 11: acceptance=0.133
Node 12: acceptance=0.150
Node 13: acceptance=0.233
Node 14: acceptance=0.136
Node 15: acceptance=0.144
Node 16: acceptance=0.286
Node 17: acceptance=0.263
Node 18: acceptance=0.133
Node 19: acceptance=0.300

=== PARALLEL EXECUTION TIME (realistic for distributed system) ===
  COMMUNICATION (max across nodes):
    - Full model transfer: 0.000s (0.0%)
  COMPUTATION (max across nodes):
    - Filtering: 0.037s (77.2%)
    - Aggregation: 0.011s (22.8%)
  TOTALS:
    - Total computation: 0.048s (100.0%)
    - Total communication: 0.000s (0.0%)
    - Total parallel time: 0.048s

=== PER-NODE AVERAGE TIME ===
  - Filtering: 0.027s
  - Aggregation: 0.004s
  - Model transfer: 0.000s
  - Total per node: 0.031s

=== TOTAL COMPUTATIONAL WORK (sum across all nodes) ===
  - Total filtering: 0.547s
  - Total aggregation: 0.077s
  - Total model transfer: 0.000s
  - Grand total: 0.624s
  - Mean acceptance rate: 0.245

BALANCE Algorithm Properties:
  - Model dimension: 2,219,692
  - No compression: Full parameter comparison
  - Theoretical complexity: O(deg(i)×d)
  - Approach: Full parameter filtering + averaging
