Device: cuda
Seed: 987654321
Looking for images in: /home/student.unimelb.edu.au/mrangwala/Projects/Sketchguard/leaf/data/celeba/data/raw/img_align_celeba
Loading 1 LEAF CelebA train files...
LEAF CelebA train: 9343 users (celebrities), 177457 samples
Looking for images in: /home/student.unimelb.edu.au/mrangwala/Projects/Sketchguard/leaf/data/celeba/data/raw/img_align_celeba
Loading 1 LEAF CelebA test files...
LEAF CelebA test: 9343 users (celebrities), 22831 samples
Found 9343 train users, 9343 test users, 9343 common users
User sample counts range: 31 (max) to 4 (min)
Distributed ALL 9343 users across 20 clients
Users per client: 467 (with 3 clients getting +1 user)
Train partition sizes: [8843, 8998, 8728, 9034, 8866, 8946, 8873, 8776, 8816, 8801, 8913, 8656, 9115, 8921, 8699, 8823, 8912, 8766, 9102, 8869]
Test partition sizes: [1140, 1158, 1127, 1158, 1134, 1145, 1145, 1127, 1136, 1128, 1144, 1125, 1152, 1160, 1124, 1145, 1154, 1131, 1157, 1141]
  Client 0: 8843 train samples, 2 unique classes
  Client 1: 8998 train samples, 2 unique classes
  Client 2: 8728 train samples, 2 unique classes
  Client 3: 9034 train samples, 2 unique classes
  Client 4: 8866 train samples, 2 unique classes
  Client 5: 8946 train samples, 2 unique classes
  Client 6: 8873 train samples, 2 unique classes
  Client 7: 8776 train samples, 2 unique classes
  Client 8: 8816 train samples, 2 unique classes
  Client 9: 8801 train samples, 2 unique classes
  Client 10: 8913 train samples, 2 unique classes
  Client 11: 8656 train samples, 2 unique classes
  Client 12: 9115 train samples, 2 unique classes
  Client 13: 8921 train samples, 2 unique classes
  Client 14: 8699 train samples, 2 unique classes
  Client 15: 8823 train samples, 2 unique classes
  Client 16: 8912 train samples, 2 unique classes
  Client 17: 8766 train samples, 2 unique classes
  Client 18: 9102 train samples, 2 unique classes
  Client 19: 8869 train samples, 2 unique classes
Will sample 4500 samples per client per epoch
Graph: fully, nodes: 20, edges: 190
Degree statistics: avg=19.00, min=19, max=19
Attack: Compromised 2/20 nodes: [5, 13]
Attack type: krum, lambda: 1.0
Model variant: baseline
Model parameters: 2,219,692
Initial test acc across nodes: mean=0.4978 ± 0.0208
Round 001: test acc mean=0.5030 ± 0.0212 | min=0.4577 max=0.5377
         : test loss mean=4.1176 ± 2.0661
         : individual accs = ['0.484211', '0.513817', '0.537711', '0.493092', '0.535273', '0.517031', '0.521397', '0.503106', '0.457746', '0.522163', '0.472902', '0.488000', '0.491319', '0.507759', '0.515125', '0.487336', '0.477470', '0.519010', '0.524633', '0.491674']
         : correct/total = [(552, 1140), (595, 1158), (606, 1127), (571, 1158), (607, 1134), (592, 1145), (597, 1145), (567, 1127), (520, 1136), (589, 1128), (541, 1144), (549, 1125), (566, 1152), (589, 1160), (579, 1124), (558, 1145), (551, 1154), (587, 1131), (607, 1157), (561, 1141)]
         : compromised: 0.5124, honest: 0.5020
Round 002: test acc mean=0.5161 ± 0.0149 | min=0.4911 max=0.5607
         : test loss mean=6.8785 ± 0.2486
         : individual accs = ['0.527193', '0.513817', '0.500444', '0.531952', '0.522046', '0.511790', '0.523144', '0.499556', '0.560739', '0.491135', '0.525350', '0.496889', '0.515625', '0.505172', '0.512456', '0.521397', '0.517331', '0.504863', '0.522904', '0.517967']
         : correct/total = [(601, 1140), (595, 1158), (564, 1127), (616, 1158), (592, 1134), (586, 1145), (599, 1145), (563, 1127), (637, 1136), (554, 1128), (601, 1144), (559, 1125), (594, 1152), (586, 1160), (576, 1124), (597, 1145), (597, 1154), (571, 1131), (605, 1157), (591, 1141)]
         : compromised: 0.5085, honest: 0.5169
Round 003: test acc mean=0.4714 ± 0.0158 | min=0.4489 max=0.5076
         : test loss mean=0.6946 ± 0.0004
         : individual accs = ['0.449123', '0.468912', '0.487134', '0.449050', '0.451499', '0.483843', '0.468996', '0.484472', '0.448944', '0.469858', '0.462413', '0.507556', '0.473958', '0.480172', '0.475979', '0.490830', '0.448873', '0.482759', '0.470182', '0.473269']
         : correct/total = [(512, 1140), (543, 1158), (549, 1127), (520, 1158), (512, 1134), (554, 1145), (537, 1145), (546, 1127), (510, 1136), (530, 1128), (529, 1144), (571, 1125), (546, 1152), (557, 1160), (535, 1124), (562, 1145), (518, 1154), (546, 1131), (544, 1157), (540, 1141)]
         : compromised: 0.4820, honest: 0.4702
Round 004: test acc mean=0.8053 ± 0.0113 | min=0.7874 max=0.8265
         : test loss mean=0.4273 ± 0.0128
         : individual accs = ['0.794737', '0.807427', '0.788820', '0.809154', '0.815697', '0.819214', '0.810480', '0.798580', '0.821303', '0.822695', '0.802448', '0.806222', '0.804688', '0.791379', '0.805160', '0.800000', '0.803293', '0.791335', '0.787381', '0.826468']
         : correct/total = [(906, 1140), (935, 1158), (889, 1127), (937, 1158), (925, 1134), (938, 1145), (928, 1145), (900, 1127), (933, 1136), (928, 1128), (918, 1144), (907, 1125), (927, 1152), (918, 1160), (905, 1124), (916, 1145), (927, 1154), (895, 1131), (911, 1157), (943, 1141)]
         : compromised: 0.8053, honest: 0.8053
Round 005: test acc mean=0.6053 ± 0.0144 | min=0.5772 max=0.6356
         : test loss mean=0.6779 ± 0.0017
         : individual accs = ['0.577193', '0.584629', '0.614907', '0.603627', '0.615520', '0.607860', '0.608734', '0.602484', '0.635563', '0.596631', '0.628497', '0.601778', '0.625000', '0.602586', '0.598754', '0.590393', '0.590988', '0.595933', '0.620570', '0.603856']
         : correct/total = [(658, 1140), (677, 1158), (693, 1127), (699, 1158), (698, 1134), (696, 1145), (697, 1145), (679, 1127), (722, 1136), (673, 1128), (719, 1144), (677, 1125), (720, 1152), (699, 1160), (673, 1124), (676, 1145), (682, 1154), (674, 1131), (718, 1157), (689, 1141)]
         : compromised: 0.6052, honest: 0.6053
Round 006: test acc mean=0.7775 ± 0.0106 | min=0.7554 max=0.7980
         : test loss mean=0.4857 ± 0.0180
         : individual accs = ['0.759649', '0.772884', '0.778172', '0.781520', '0.776896', '0.781659', '0.765939', '0.782609', '0.775528', '0.789007', '0.772727', '0.789333', '0.774306', '0.777586', '0.798043', '0.780786', '0.770364', '0.770115', '0.755402', '0.796670']
         : correct/total = [(866, 1140), (895, 1158), (877, 1127), (905, 1158), (881, 1134), (895, 1145), (877, 1145), (882, 1127), (881, 1136), (890, 1128), (884, 1144), (888, 1125), (892, 1152), (902, 1160), (897, 1124), (894, 1145), (889, 1154), (871, 1131), (874, 1157), (909, 1141)]
         : compromised: 0.7796, honest: 0.7772
Round 007: test acc mean=0.7053 ± 0.0118 | min=0.6779 max=0.7275
         : test loss mean=0.6051 ± 0.0055
         : individual accs = ['0.688596', '0.696891', '0.714286', '0.711572', '0.705467', '0.727511', '0.710917', '0.677906', '0.717430', '0.718972', '0.704545', '0.712889', '0.712674', '0.707759', '0.714413', '0.687336', '0.702773', '0.701149', '0.694036', '0.699387']
         : correct/total = [(785, 1140), (807, 1158), (805, 1127), (824, 1158), (800, 1134), (833, 1145), (814, 1145), (764, 1127), (815, 1136), (811, 1128), (806, 1144), (802, 1125), (821, 1152), (821, 1160), (803, 1124), (787, 1145), (811, 1154), (793, 1131), (803, 1157), (798, 1141)]
         : compromised: 0.7176, honest: 0.7040
Round 008: test acc mean=0.8177 ± 0.0140 | min=0.7736 max=0.8409
         : test loss mean=0.4213 ± 0.0243
         : individual accs = ['0.825439', '0.802245', '0.814552', '0.824698', '0.818342', '0.830568', '0.821834', '0.826087', '0.820423', '0.812943', '0.832168', '0.840889', '0.814236', '0.808621', '0.821174', '0.809607', '0.807626', '0.815208', '0.773552', '0.834356']
         : correct/total = [(941, 1140), (929, 1158), (918, 1127), (955, 1158), (928, 1134), (951, 1145), (941, 1145), (931, 1127), (932, 1136), (917, 1128), (952, 1144), (946, 1125), (938, 1152), (938, 1160), (923, 1124), (927, 1145), (932, 1154), (922, 1131), (895, 1157), (952, 1141)]
         : compromised: 0.8196, honest: 0.8175
Round 009: test acc mean=0.8034 ± 0.0103 | min=0.7860 max=0.8210
         : test loss mean=0.4950 ± 0.0067
         : individual accs = ['0.796491', '0.801382', '0.807453', '0.797927', '0.796296', '0.818341', '0.820961', '0.799468', '0.809859', '0.812057', '0.808566', '0.816000', '0.806424', '0.787931', '0.795374', '0.786026', '0.818024', '0.786914', '0.797753', '0.805434']
         : correct/total = [(908, 1140), (928, 1158), (910, 1127), (924, 1158), (903, 1134), (937, 1145), (940, 1145), (901, 1127), (920, 1136), (916, 1128), (925, 1144), (918, 1125), (929, 1152), (914, 1160), (894, 1124), (900, 1145), (944, 1154), (890, 1131), (923, 1157), (919, 1141)]
         : compromised: 0.8031, honest: 0.8035
Round 010: test acc mean=0.8350 ± 0.0125 | min=0.7995 max=0.8587
         : test loss mean=0.4093 ± 0.0285
         : individual accs = ['0.847368', '0.846287', '0.829636', '0.833333', '0.844797', '0.844541', '0.831441', '0.832298', '0.829225', '0.821809', '0.840909', '0.858667', '0.832465', '0.829310', '0.837189', '0.820961', '0.842288', '0.828470', '0.799481', '0.850131']
         : correct/total = [(966, 1140), (980, 1158), (935, 1127), (965, 1158), (958, 1134), (967, 1145), (952, 1145), (938, 1127), (942, 1136), (927, 1128), (962, 1144), (966, 1125), (959, 1152), (962, 1160), (941, 1124), (940, 1145), (972, 1154), (937, 1131), (925, 1157), (970, 1141)]
         : compromised: 0.8369, honest: 0.8348

=== FINAL RESULTS ===
Dataset: celeba, Nodes: 20, Graph: fully, Aggregation: d-fedavg
Attack: krum, 10.0% compromised
Final accuracy - Compromised: 0.8369, Honest: 0.8348
Overall test accuracy: mean=0.8350 ± 0.0125
