Device: cuda
Seed: 987654321
Looking for images in: /home/student.unimelb.edu.au/mrangwala/Projects/Sketchguard/leaf/data/celeba/data/raw/img_align_celeba
Loading 1 LEAF CelebA train files...
LEAF CelebA train: 9343 users (celebrities), 177457 samples
Looking for images in: /home/student.unimelb.edu.au/mrangwala/Projects/Sketchguard/leaf/data/celeba/data/raw/img_align_celeba
Loading 1 LEAF CelebA test files...
LEAF CelebA test: 9343 users (celebrities), 22831 samples
Found 9343 train users, 9343 test users, 9343 common users
User sample counts range: 31 (max) to 4 (min)
Distributed ALL 9343 users across 20 clients
Users per client: 467 (with 3 clients getting +1 user)
Train partition sizes: [8843, 8998, 8728, 9034, 8866, 8946, 8873, 8776, 8816, 8801, 8913, 8656, 9115, 8921, 8699, 8823, 8912, 8766, 9102, 8869]
Test partition sizes: [1140, 1158, 1127, 1158, 1134, 1145, 1145, 1127, 1136, 1128, 1144, 1125, 1152, 1160, 1124, 1145, 1154, 1131, 1157, 1141]
  Client 0: 8843 train samples, 2 unique classes
  Client 1: 8998 train samples, 2 unique classes
  Client 2: 8728 train samples, 2 unique classes
  Client 3: 9034 train samples, 2 unique classes
  Client 4: 8866 train samples, 2 unique classes
  Client 5: 8946 train samples, 2 unique classes
  Client 6: 8873 train samples, 2 unique classes
  Client 7: 8776 train samples, 2 unique classes
  Client 8: 8816 train samples, 2 unique classes
  Client 9: 8801 train samples, 2 unique classes
  Client 10: 8913 train samples, 2 unique classes
  Client 11: 8656 train samples, 2 unique classes
  Client 12: 9115 train samples, 2 unique classes
  Client 13: 8921 train samples, 2 unique classes
  Client 14: 8699 train samples, 2 unique classes
  Client 15: 8823 train samples, 2 unique classes
  Client 16: 8912 train samples, 2 unique classes
  Client 17: 8766 train samples, 2 unique classes
  Client 18: 9102 train samples, 2 unique classes
  Client 19: 8869 train samples, 2 unique classes
Will sample 4500 samples per client per epoch
Graph: erdos, nodes: 20, edges: 99
Degree statistics: avg=9.90, min=7, max=14
Attack: Compromised 12/20 nodes: [1, 2, 3, 5, 8, 11, 12, 13, 14, 15, 17, 18]
Attack type: backdoor, lambda: 1.0
Backdoor target label: 0, trigger size: 8
Model variant: baseline
Model parameters: 2,219,692
Sketchguard Node 0:
  Model dim: 2,219,692 → Sketch size: 350
  Compression ratio: 6342.0x
  Using model parameters for aggregation, sketches for filtering
Sketchguard Node 1:
  Model dim: 2,219,692 → Sketch size: 350
  Compression ratio: 6342.0x
  Using model parameters for aggregation, sketches for filtering
Sketchguard Node 2:
  Model dim: 2,219,692 → Sketch size: 350
  Compression ratio: 6342.0x
  Using model parameters for aggregation, sketches for filtering
Sketchguard Node 3:
  Model dim: 2,219,692 → Sketch size: 350
  Compression ratio: 6342.0x
  Using model parameters for aggregation, sketches for filtering
Sketchguard Node 4:
  Model dim: 2,219,692 → Sketch size: 350
  Compression ratio: 6342.0x
  Using model parameters for aggregation, sketches for filtering
Sketchguard Node 5:
  Model dim: 2,219,692 → Sketch size: 350
  Compression ratio: 6342.0x
  Using model parameters for aggregation, sketches for filtering
Sketchguard Node 6:
  Model dim: 2,219,692 → Sketch size: 350
  Compression ratio: 6342.0x
  Using model parameters for aggregation, sketches for filtering
Sketchguard Node 7:
  Model dim: 2,219,692 → Sketch size: 350
  Compression ratio: 6342.0x
  Using model parameters for aggregation, sketches for filtering
Sketchguard Node 8:
  Model dim: 2,219,692 → Sketch size: 350
  Compression ratio: 6342.0x
  Using model parameters for aggregation, sketches for filtering
Sketchguard Node 9:
  Model dim: 2,219,692 → Sketch size: 350
  Compression ratio: 6342.0x
  Using model parameters for aggregation, sketches for filtering
Sketchguard Node 10:
  Model dim: 2,219,692 → Sketch size: 350
  Compression ratio: 6342.0x
  Using model parameters for aggregation, sketches for filtering
Sketchguard Node 11:
  Model dim: 2,219,692 → Sketch size: 350
  Compression ratio: 6342.0x
  Using model parameters for aggregation, sketches for filtering
Sketchguard Node 12:
  Model dim: 2,219,692 → Sketch size: 350
  Compression ratio: 6342.0x
  Using model parameters for aggregation, sketches for filtering
Sketchguard Node 13:
  Model dim: 2,219,692 → Sketch size: 350
  Compression ratio: 6342.0x
  Using model parameters for aggregation, sketches for filtering
Sketchguard Node 14:
  Model dim: 2,219,692 → Sketch size: 350
  Compression ratio: 6342.0x
  Using model parameters for aggregation, sketches for filtering
Sketchguard Node 15:
  Model dim: 2,219,692 → Sketch size: 350
  Compression ratio: 6342.0x
  Using model parameters for aggregation, sketches for filtering
Sketchguard Node 16:
  Model dim: 2,219,692 → Sketch size: 350
  Compression ratio: 6342.0x
  Using model parameters for aggregation, sketches for filtering
Sketchguard Node 17:
  Model dim: 2,219,692 → Sketch size: 350
  Compression ratio: 6342.0x
  Using model parameters for aggregation, sketches for filtering
Sketchguard Node 18:
  Model dim: 2,219,692 → Sketch size: 350
  Compression ratio: 6342.0x
  Using model parameters for aggregation, sketches for filtering
Sketchguard Node 19:
  Model dim: 2,219,692 → Sketch size: 350
  Compression ratio: 6342.0x
  Using model parameters for aggregation, sketches for filtering
Sketchguard ALGORITHM (Sketch-based Filtering + State Aggregation)
  - Model dimension: 2,219,692 parameters
  - Config: SketchguardConfig(gamma=2, kappa=1, alpha=0.5, min_neighbors=1, sketch_size=350, network_seed=987654321, attack_detection_window=5)
  - Sketch size: 350
  - Compression ratio: 6342.0x
  - Complexity: O(d + N×k) = O(2,219,692 + 20×350)
  - Theoretical speedup vs BALANCE: 19.9x
Initial test acc across nodes: mean=0.4978 ± 0.0208
Backdoor attack: Created poisoned datasets for 12 compromised nodes
Round 001: test acc mean=0.5647 ± 0.0675 | min=0.4942 max=0.7021
         : test loss mean=2337.8177 ± 1965.9821
         : individual accs = ['0.689474', '0.508636', '0.494232', '0.534542', '0.525573', '0.514410', '0.639301', '0.624667', '0.562500', '0.702128', '0.619755', '0.520000', '0.522569', '0.506897', '0.517794', '0.521397', '0.688042', '0.508400', '0.522040', '0.572305']
         : correct/total = [(786, 1140), (589, 1158), (557, 1127), (619, 1158), (596, 1134), (589, 1145), (732, 1145), (704, 1127), (639, 1136), (792, 1128), (709, 1144), (585, 1125), (602, 1152), (588, 1160), (582, 1124), (597, 1145), (794, 1154), (575, 1131), (604, 1157), (653, 1141)]
         : compromised: 0.5195, honest: 0.6327
         : sketchguard stats = ['Node 0: acc_rate=0.417', 'Node 1: acc_rate=0.500', 'Node 2: acc_rate=0.500']...
Round 002: test acc mean=0.5616 ± 0.0916 | min=0.4375 max=0.7366
         : test loss mean=156806830.6220 ± 210206558.1627
         : individual accs = ['0.659649', '0.507772', '0.506655', '0.544041', '0.599647', '0.485590', '0.622707', '0.679681', '0.437500', '0.685284', '0.687063', '0.498667', '0.477431', '0.493103', '0.482206', '0.491703', '0.736568', '0.491600', '0.477960', '0.666959']
         : correct/total = [(752, 1140), (588, 1158), (571, 1127), (630, 1158), (680, 1134), (556, 1145), (713, 1145), (766, 1127), (497, 1136), (773, 1128), (786, 1144), (561, 1125), (550, 1152), (572, 1160), (542, 1124), (563, 1145), (850, 1154), (556, 1131), (553, 1157), (761, 1141)]
         : compromised: 0.4912, honest: 0.6672
         : sketchguard stats = ['Node 0: acc_rate=0.417', 'Node 1: acc_rate=0.750', 'Node 2: acc_rate=0.750']...
Round 003: test acc mean=0.5976 ± 0.1031 | min=0.4916 max=0.7790
         : test loss mean=nan ± nan
         : individual accs = ['0.712281', '0.508636', '0.493345', '0.528497', '0.683422', '0.514410', '0.724017', '0.702751', '0.562500', '0.734929', '0.724650', '0.498667', '0.522569', '0.506897', '0.517794', '0.517031', '0.779029', '0.491600', '0.522040', '0.707274']
         : correct/total = [(812, 1140), (589, 1158), (556, 1127), (612, 1158), (775, 1134), (589, 1145), (829, 1145), (792, 1127), (639, 1136), (829, 1128), (829, 1144), (561, 1125), (602, 1152), (588, 1160), (582, 1124), (592, 1145), (899, 1154), (556, 1131), (604, 1157), (807, 1141)]
         : compromised: 0.5153, honest: 0.7210
         : sketchguard stats = ['Node 0: acc_rate=0.417', 'Node 1: acc_rate=0.500', 'Node 2: acc_rate=0.500']...
Round 004: test acc mean=0.6245 ± 0.1327 | min=0.4933 max=0.7954
         : test loss mean=nan ± nan
         : individual accs = ['0.787719', '0.508636', '0.493345', '0.528497', '0.795414', '0.514410', '0.774672', '0.771074', '0.562500', '0.794326', '0.792832', '0.498667', '0.522569', '0.506897', '0.517794', '0.517031', '0.783362', '0.508400', '0.522040', '0.789658']
         : correct/total = [(898, 1140), (589, 1158), (556, 1127), (612, 1158), (902, 1134), (589, 1145), (887, 1145), (869, 1127), (639, 1136), (896, 1128), (907, 1144), (561, 1125), (602, 1152), (588, 1160), (582, 1124), (592, 1145), (904, 1154), (575, 1131), (604, 1157), (901, 1141)]
         : compromised: 0.5167, honest: 0.7861
         : sketchguard stats = ['Node 0: acc_rate=0.417', 'Node 1: acc_rate=0.375', 'Node 2: acc_rate=0.375']...
Round 005: test acc mean=0.6444 ± 0.1571 | min=0.4933 max=0.8562
         : test loss mean=nan ± nan
         : individual accs = ['0.829825', '0.508636', '0.493345', '0.528497', '0.820106', '0.514410', '0.830568', '0.827862', '0.562500', '0.851950', '0.834790', '0.498667', '0.522569', '0.506897', '0.517794', '0.517031', '0.856153', '0.508400', '0.522040', '0.836109']
         : correct/total = [(946, 1140), (589, 1158), (556, 1127), (612, 1158), (930, 1134), (589, 1145), (951, 1145), (933, 1127), (639, 1136), (961, 1128), (955, 1144), (561, 1125), (602, 1152), (588, 1160), (582, 1124), (592, 1145), (988, 1154), (575, 1131), (604, 1157), (954, 1141)]
         : compromised: 0.5167, honest: 0.8359
         : sketchguard stats = ['Node 0: acc_rate=0.417', 'Node 1: acc_rate=0.300', 'Node 2: acc_rate=0.300']...
Round 006: test acc mean=0.6564 ± 0.1717 | min=0.4933 max=0.8821
         : test loss mean=nan ± nan
         : individual accs = ['0.863158', '0.508636', '0.493345', '0.528497', '0.848325', '0.514410', '0.867249', '0.848270', '0.562500', '0.875000', '0.877622', '0.498667', '0.522569', '0.506897', '0.517794', '0.517031', '0.882149', '0.508400', '0.522040', '0.865031']
         : correct/total = [(984, 1140), (589, 1158), (556, 1127), (612, 1158), (962, 1134), (589, 1145), (993, 1145), (956, 1127), (639, 1136), (987, 1128), (1004, 1144), (561, 1125), (602, 1152), (588, 1160), (582, 1124), (592, 1145), (1018, 1154), (575, 1131), (604, 1157), (987, 1141)]
         : compromised: 0.5167, honest: 0.8659
         : sketchguard stats = ['Node 0: acc_rate=0.417', 'Node 1: acc_rate=0.250', 'Node 2: acc_rate=0.250']...
Round 007: test acc mean=0.6629 ± 0.1796 | min=0.4933 max=0.8908
         : test loss mean=nan ± nan
         : individual accs = ['0.878070', '0.508636', '0.493345', '0.528497', '0.873898', '0.514410', '0.890830', '0.881988', '0.562500', '0.889184', '0.882867', '0.498667', '0.522569', '0.506897', '0.517794', '0.517031', '0.880416', '0.508400', '0.522040', '0.880806']
         : correct/total = [(1001, 1140), (589, 1158), (556, 1127), (612, 1158), (991, 1134), (589, 1145), (1020, 1145), (994, 1127), (639, 1136), (1003, 1128), (1010, 1144), (561, 1125), (602, 1152), (588, 1160), (582, 1124), (592, 1145), (1016, 1154), (575, 1131), (604, 1157), (1005, 1141)]
         : compromised: 0.5167, honest: 0.8823
         : sketchguard stats = ['Node 0: acc_rate=0.417', 'Node 1: acc_rate=0.214', 'Node 2: acc_rate=0.214']...
Round 008: test acc mean=0.6648 ± 0.1818 | min=0.4933 max=0.8930
         : test loss mean=nan ± nan
         : individual accs = ['0.892982', '0.508636', '0.493345', '0.528497', '0.880952', '0.514410', '0.888210', '0.889086', '0.562500', '0.882092', '0.889860', '0.498667', '0.522569', '0.506897', '0.517794', '0.517031', '0.889948', '0.508400', '0.522040', '0.881683']
         : correct/total = [(1018, 1140), (589, 1158), (556, 1127), (612, 1158), (999, 1134), (589, 1145), (1017, 1145), (1002, 1127), (639, 1136), (995, 1128), (1018, 1144), (561, 1125), (602, 1152), (588, 1160), (582, 1124), (592, 1145), (1027, 1154), (575, 1131), (604, 1157), (1006, 1141)]
         : compromised: 0.5167, honest: 0.8869
         : sketchguard stats = ['Node 0: acc_rate=0.417', 'Node 1: acc_rate=0.188', 'Node 2: acc_rate=0.188']...
Round 009: test acc mean=0.6683 ± 0.1862 | min=0.4933 max=0.9033
         : test loss mean=nan ± nan
         : individual accs = ['0.900877', '0.508636', '0.493345', '0.528497', '0.896825', '0.514410', '0.896070', '0.903283', '0.562500', '0.891844', '0.892483', '0.498667', '0.522569', '0.506897', '0.517794', '0.517031', '0.892548', '0.508400', '0.522040', '0.892200']
         : correct/total = [(1027, 1140), (589, 1158), (556, 1127), (612, 1158), (1017, 1134), (589, 1145), (1026, 1145), (1018, 1127), (639, 1136), (1006, 1128), (1021, 1144), (561, 1125), (602, 1152), (588, 1160), (582, 1124), (592, 1145), (1030, 1154), (575, 1131), (604, 1157), (1018, 1141)]
         : compromised: 0.5167, honest: 0.8958
         : sketchguard stats = ['Node 0: acc_rate=0.417', 'Node 1: acc_rate=0.167', 'Node 2: acc_rate=0.167']...
Round 010: test acc mean=0.6694 ± 0.1874 | min=0.4933 max=0.9105
         : test loss mean=nan ± nan
         : individual accs = ['0.902632', '0.508636', '0.493345', '0.528497', '0.893298', '0.514410', '0.895197', '0.902396', '0.562500', '0.910461', '0.893357', '0.498667', '0.522569', '0.506897', '0.517794', '0.517031', '0.898614', '0.508400', '0.522040', '0.890447']
         : correct/total = [(1029, 1140), (589, 1158), (556, 1127), (612, 1158), (1013, 1134), (589, 1145), (1025, 1145), (1017, 1127), (639, 1136), (1027, 1128), (1022, 1144), (561, 1125), (602, 1152), (588, 1160), (582, 1124), (592, 1145), (1037, 1154), (575, 1131), (604, 1157), (1016, 1141)]
         : compromised: 0.5167, honest: 0.8983
         : sketchguard stats = ['Node 0: acc_rate=0.417', 'Node 1: acc_rate=0.150', 'Node 2: acc_rate=0.150']...

=== FINAL RESULTS ===
Dataset: celeba, Nodes: 20, Graph: erdos, Aggregation: sketchguard
Attack: backdoor, 60.0% compromised
Final accuracy - Compromised: 0.5167, Honest: 0.8983
Overall test accuracy: mean=0.6694 ± 0.1874

=== BACKDOOR ATTACK SUCCESS RATE (ASR) ===
Target label: 0
Trigger size: 8x8
Overall ASR: 0.8176 ± 0.2238
Honest nodes ASR: 0.5440 ± 0.0203
Compromised nodes ASR: 1.0000 ± 0.0000
Note: Higher ASR indicates more successful backdoor attack

=== Sketchguard SUMMARY ===
Node 0: acceptance=0.417
Node 1: acceptance=0.150
Node 2: acceptance=0.150
Node 3: acceptance=0.157
Node 4: acceptance=0.333
Node 5: acceptance=0.140
Node 6: acceptance=0.333
Node 7: acceptance=0.273
Node 8: acceptance=0.129
Node 9: acceptance=0.545
Node 10: acceptance=0.500
Node 11: acceptance=0.133
Node 12: acceptance=0.150
Node 13: acceptance=0.133
Node 14: acceptance=0.136
Node 15: acceptance=0.144
Node 16: acceptance=0.286
Node 17: acceptance=0.263
Node 18: acceptance=0.133
Node 19: acceptance=0.300

=== PARALLEL EXECUTION TIME (realistic for distributed system) ===
  COMMUNICATION (max across nodes):
    - Sketch transfer: 0.000s (0.0%)
    - Model fetch (accepted): 0.000s (0.0%)
  COMPUTATION (max across nodes):
    - Sketching: 0.592s (97.4%)
    - Filtering: 0.001s (0.2%)
    - Aggregation: 0.014s (2.4%)
  TOTALS:
    - Total computation: 0.607s (100.0%)
    - Total communication: 0.000s (0.0%)
    - Total parallel time: 0.607s

=== PER-NODE AVERAGE TIME ===
  - Sketching: 0.462s
  - Filtering: 0.001s
  - Aggregation: 0.008s
  - Sketch transfer: 0.000s
  - Model fetch: 0.000s
  - Total per node: 0.471s

=== TOTAL COMPUTATIONAL WORK (sum across all nodes) ===
  - Total sketching: 9.246s
  - Total filtering: 0.013s
  - Total aggregation: 0.153s
  - Total sketch transfer: 0.000s
  - Total model fetch: 0.000s
  - Grand total: 9.413s
  - Mean acceptance rate: 0.240

Sketchguard Algorithm Properties:
  - Original dimension: 2,219,692
  - Sketch size: 350
  - Compression ratio: 19.9x
  - Single repetition: No repetitions needed
  - Theoretical complexity: O(d + N×k)
  - Approach: Sketch filtering + state aggregation
