Device: cuda
Seed: 987654321
Looking for images in: /home/student.unimelb.edu.au/mrangwala/Projects/Sketchguard/leaf/data/celeba/data/raw/img_align_celeba
Loading 1 LEAF CelebA train files...
LEAF CelebA train: 9343 users (celebrities), 177457 samples
Looking for images in: /home/student.unimelb.edu.au/mrangwala/Projects/Sketchguard/leaf/data/celeba/data/raw/img_align_celeba
Loading 1 LEAF CelebA test files...
LEAF CelebA test: 9343 users (celebrities), 22831 samples
Found 9343 train users, 9343 test users, 9343 common users
User sample counts range: 31 (max) to 4 (min)
Distributed ALL 9343 users across 20 clients
Users per client: 467 (with 3 clients getting +1 user)
Train partition sizes: [8843, 8998, 8728, 9034, 8866, 8946, 8873, 8776, 8816, 8801, 8913, 8656, 9115, 8921, 8699, 8823, 8912, 8766, 9102, 8869]
Test partition sizes: [1140, 1158, 1127, 1158, 1134, 1145, 1145, 1127, 1136, 1128, 1144, 1125, 1152, 1160, 1124, 1145, 1154, 1131, 1157, 1141]
  Client 0: 8843 train samples, 2 unique classes
  Client 1: 8998 train samples, 2 unique classes
  Client 2: 8728 train samples, 2 unique classes
  Client 3: 9034 train samples, 2 unique classes
  Client 4: 8866 train samples, 2 unique classes
  Client 5: 8946 train samples, 2 unique classes
  Client 6: 8873 train samples, 2 unique classes
  Client 7: 8776 train samples, 2 unique classes
  Client 8: 8816 train samples, 2 unique classes
  Client 9: 8801 train samples, 2 unique classes
  Client 10: 8913 train samples, 2 unique classes
  Client 11: 8656 train samples, 2 unique classes
  Client 12: 9115 train samples, 2 unique classes
  Client 13: 8921 train samples, 2 unique classes
  Client 14: 8699 train samples, 2 unique classes
  Client 15: 8823 train samples, 2 unique classes
  Client 16: 8912 train samples, 2 unique classes
  Client 17: 8766 train samples, 2 unique classes
  Client 18: 9102 train samples, 2 unique classes
  Client 19: 8869 train samples, 2 unique classes
Will sample 4500 samples per client per epoch
Graph: erdos, nodes: 20, edges: 126
Degree statistics: avg=12.60, min=8, max=16
Attack: Compromised 8/20 nodes: [1, 5, 11, 12, 13, 14, 17, 18]
Attack type: backdoor, lambda: 1.0
Backdoor target label: 0, trigger size: 8
Model variant: baseline
Model parameters: 2,219,692
UBAR ALGORITHM (Two-Stage Byzantine-resilient)
  - Model dimension: 2,219,692 parameters
  - Rho parameter: 0.6
  - Stage 1: Distance-based filtering (select 60% closest neighbors)
  - Stage 2: Performance-based selection (loss comparison)
  - Complexity: O(deg(i)×d + deg(i)×inference)
Initial test acc across nodes: mean=0.4978 ± 0.0208
Backdoor attack: Created poisoned datasets for 8 compromised nodes
Round 001: test acc mean=0.5826 ± 0.0592 | min=0.5069 max=0.6836
         : test loss mean=1624.2099 ± 2018.0775
         : individual accs = ['0.625439', '0.508636', '0.613132', '0.639896', '0.602293', '0.514410', '0.655895', '0.631766', '0.582746', '0.648936', '0.644231', '0.520889', '0.522569', '0.506897', '0.517794', '0.612227', '0.590121', '0.508400', '0.522040', '0.683611']
         : correct/total = [(713, 1140), (589, 1158), (691, 1127), (741, 1158), (683, 1134), (589, 1145), (751, 1145), (712, 1127), (662, 1136), (732, 1128), (737, 1144), (586, 1125), (602, 1152), (588, 1160), (582, 1124), (701, 1145), (681, 1154), (575, 1131), (604, 1157), (780, 1141)]
         : compromised: 0.5152, honest: 0.6275
         : ubar stats = ['Node 0: s1=0.562, s2=0.111', 'Node 1: s1=0.545, s2=1.000', 'Node 2: s1=0.583, s2=0.286']...
Round 002: test acc mean=0.6091 ± 0.0931 | min=0.4948 max=0.7561
         : test loss mean=182.8408 ± 320.1855
         : individual accs = ['0.689474', '0.507772', '0.698314', '0.738342', '0.571429', '0.514410', '0.577293', '0.698314', '0.712148', '0.703901', '0.756119', '0.500444', '0.520833', '0.494828', '0.519573', '0.668122', '0.598787', '0.503979', '0.514261', '0.693252']
         : correct/total = [(786, 1140), (588, 1158), (787, 1127), (855, 1158), (648, 1134), (589, 1145), (661, 1145), (787, 1127), (809, 1136), (794, 1128), (865, 1144), (563, 1125), (600, 1152), (574, 1160), (584, 1124), (765, 1145), (691, 1154), (570, 1131), (595, 1157), (791, 1141)]
         : compromised: 0.5095, honest: 0.6755
         : ubar stats = ['Node 0: s1=0.562, s2=0.111', 'Node 1: s1=0.545, s2=1.000', 'Node 2: s1=0.583, s2=0.357']...
Round 003: test acc mean=0.6426 ± 0.1344 | min=0.4774 max=0.8497
         : test loss mean=nan ± nan
         : individual accs = ['0.801754', '0.491364', '0.734694', '0.834197', '0.648148', '0.485590', '0.676856', '0.745342', '0.764965', '0.732270', '0.849650', '0.498667', '0.477431', '0.493103', '0.482206', '0.724017', '0.734835', '0.491600', '0.477960', '0.708151']
         : correct/total = [(914, 1140), (569, 1158), (828, 1127), (966, 1158), (735, 1134), (556, 1145), (775, 1145), (840, 1127), (869, 1136), (826, 1128), (972, 1144), (561, 1125), (550, 1152), (572, 1160), (542, 1124), (829, 1145), (848, 1154), (556, 1131), (553, 1157), (808, 1141)]
         : compromised: 0.4872, honest: 0.7462
         : ubar stats = ['Node 0: s1=0.562, s2=0.111', 'Node 1: s1=0.545, s2=1.000', 'Node 2: s1=0.583, s2=0.381']...
Round 004: test acc mean=0.6876 ± 0.1475 | min=0.4987 max=0.8756
         : test loss mean=nan ± nan
         : individual accs = ['0.850000', '0.508636', '0.759539', '0.875648', '0.729277', '0.514410', '0.755459', '0.798580', '0.842430', '0.760638', '0.870629', '0.498667', '0.522569', '0.506897', '0.517794', '0.814847', '0.799827', '0.508400', '0.522040', '0.795793']
         : correct/total = [(969, 1140), (589, 1158), (856, 1127), (1014, 1158), (827, 1134), (589, 1145), (865, 1145), (900, 1127), (957, 1136), (858, 1128), (996, 1144), (561, 1125), (602, 1152), (588, 1160), (582, 1124), (933, 1145), (923, 1154), (575, 1131), (604, 1157), (908, 1141)]
         : compromised: 0.5124, honest: 0.8044
         : ubar stats = ['Node 0: s1=0.562, s2=0.111', 'Node 1: s1=0.545, s2=0.792', 'Node 2: s1=0.583, s2=0.357']...
Round 005: test acc mean=0.7121 ± 0.1645 | min=0.4987 max=0.8869
         : test loss mean=nan ± nan
         : individual accs = ['0.852632', '0.508636', '0.800355', '0.886874', '0.795414', '0.514410', '0.873362', '0.858917', '0.853873', '0.845745', '0.874126', '0.498667', '0.522569', '0.506897', '0.517794', '0.829694', '0.830156', '0.508400', '0.522040', '0.842244']
         : correct/total = [(972, 1140), (589, 1158), (902, 1127), (1027, 1158), (902, 1134), (589, 1145), (1000, 1145), (968, 1127), (970, 1136), (954, 1128), (1000, 1144), (561, 1125), (602, 1152), (588, 1160), (582, 1124), (950, 1145), (958, 1154), (575, 1131), (604, 1157), (961, 1141)]
         : compromised: 0.5124, honest: 0.8453
         : ubar stats = ['Node 0: s1=0.562, s2=0.156', 'Node 1: s1=0.545, s2=0.667', 'Node 2: s1=0.583, s2=0.400']...
Round 006: test acc mean=0.7248 ± 0.1743 | min=0.4987 max=0.8946
         : test loss mean=nan ± nan
         : individual accs = ['0.876316', '0.508636', '0.844720', '0.894646', '0.843915', '0.514410', '0.883843', '0.875776', '0.882923', '0.850177', '0.886364', '0.498667', '0.522569', '0.506897', '0.517794', '0.821834', '0.865685', '0.508400', '0.522040', '0.871166']
         : correct/total = [(999, 1140), (589, 1158), (952, 1127), (1036, 1158), (957, 1134), (589, 1145), (1012, 1145), (987, 1127), (1003, 1136), (959, 1128), (1014, 1144), (561, 1125), (602, 1152), (588, 1160), (582, 1124), (941, 1145), (999, 1154), (575, 1131), (604, 1157), (994, 1141)]
         : compromised: 0.5124, honest: 0.8664
         : ubar stats = ['Node 0: s1=0.562, s2=0.148', 'Node 1: s1=0.545, s2=0.583', 'Node 2: s1=0.583, s2=0.405']...
Round 007: test acc mean=0.7324 ± 0.1802 | min=0.4987 max=0.8964
         : test loss mean=nan ± nan
         : individual accs = ['0.892105', '0.508636', '0.850044', '0.896373', '0.856261', '0.514410', '0.894323', '0.889973', '0.887324', '0.882979', '0.888112', '0.498667', '0.522569', '0.506897', '0.517794', '0.848908', '0.878683', '0.508400', '0.522040', '0.884312']
         : correct/total = [(1017, 1140), (589, 1158), (958, 1127), (1038, 1158), (971, 1134), (589, 1145), (1024, 1145), (1003, 1127), (1008, 1136), (996, 1128), (1016, 1144), (561, 1125), (602, 1152), (588, 1160), (582, 1124), (972, 1145), (1014, 1154), (575, 1131), (604, 1157), (1009, 1141)]
         : compromised: 0.5124, honest: 0.8791
         : ubar stats = ['Node 0: s1=0.562, s2=0.143', 'Node 1: s1=0.545, s2=0.524', 'Node 2: s1=0.583, s2=0.367']...
Round 008: test acc mean=0.7310 ± 0.1788 | min=0.4987 max=0.8964
         : test loss mean=nan ± nan
         : individual accs = ['0.894737', '0.508636', '0.861579', '0.896373', '0.863316', '0.514410', '0.875109', '0.878438', '0.861796', '0.880319', '0.886364', '0.498667', '0.522569', '0.506897', '0.517794', '0.861135', '0.880416', '0.508400', '0.522040', '0.880806']
         : correct/total = [(1020, 1140), (589, 1158), (971, 1127), (1038, 1158), (979, 1134), (589, 1145), (1002, 1145), (990, 1127), (979, 1136), (993, 1128), (1014, 1144), (561, 1125), (602, 1152), (588, 1160), (582, 1124), (986, 1145), (1016, 1154), (575, 1131), (604, 1157), (1005, 1141)]
         : compromised: 0.5124, honest: 0.8767
         : ubar stats = ['Node 0: s1=0.562, s2=0.139', 'Node 1: s1=0.545, s2=0.479', 'Node 2: s1=0.583, s2=0.357']...
Round 009: test acc mean=0.7392 ± 0.1853 | min=0.4987 max=0.9007
         : test loss mean=nan ± nan
         : individual accs = ['0.892982', '0.508636', '0.874002', '0.900691', '0.888889', '0.514410', '0.894323', '0.898846', '0.896127', '0.888298', '0.895105', '0.498667', '0.522569', '0.506897', '0.517794', '0.873362', '0.889081', '0.508400', '0.522040', '0.892200']
         : correct/total = [(1018, 1140), (589, 1158), (985, 1127), (1043, 1158), (1008, 1134), (589, 1145), (1024, 1145), (1013, 1127), (1018, 1136), (1002, 1128), (1024, 1144), (561, 1125), (602, 1152), (588, 1160), (582, 1124), (1000, 1145), (1026, 1154), (575, 1131), (604, 1157), (1018, 1141)]
         : compromised: 0.5124, honest: 0.8903
         : ubar stats = ['Node 0: s1=0.562, s2=0.136', 'Node 1: s1=0.545, s2=0.444', 'Node 2: s1=0.583, s2=0.397']...
Round 010: test acc mean=0.7423 ± 0.1878 | min=0.4987 max=0.9093
         : test loss mean=nan ± nan
         : individual accs = ['0.896491', '0.508636', '0.877551', '0.909326', '0.897707', '0.514410', '0.894323', '0.899734', '0.892606', '0.905142', '0.898601', '0.498667', '0.522569', '0.506897', '0.517794', '0.882969', '0.896880', '0.508400', '0.522040', '0.894829']
         : correct/total = [(1022, 1140), (589, 1158), (989, 1127), (1053, 1158), (1018, 1134), (589, 1145), (1024, 1145), (1014, 1127), (1014, 1136), (1021, 1128), (1028, 1144), (561, 1125), (602, 1152), (588, 1160), (582, 1124), (1011, 1145), (1035, 1154), (575, 1131), (604, 1157), (1021, 1141)]
         : compromised: 0.5124, honest: 0.8955
         : ubar stats = ['Node 0: s1=0.562, s2=0.133', 'Node 1: s1=0.545, s2=0.417', 'Node 2: s1=0.583, s2=0.371']...

=== FINAL RESULTS ===
Dataset: celeba, Nodes: 20, Graph: erdos, Aggregation: ubar
Attack: backdoor, 40.0% compromised
Final accuracy - Compromised: 0.5124, Honest: 0.8955
Overall test accuracy: mean=0.7423 ± 0.1878

=== BACKDOOR ATTACK SUCCESS RATE (ASR) ===
Target label: 0
Trigger size: 8x8
Overall ASR: 0.7260 ± 0.2243
Honest nodes ASR: 0.5434 ± 0.0218
Compromised nodes ASR: 1.0000 ± 0.0000
Note: Higher ASR indicates more successful backdoor attack

=== UBAR SUMMARY ===
Node 0: stage1=0.562, stage2=0.133, overall=0.075
Node 1: stage1=0.545, stage2=0.417, overall=0.227
Node 2: stage1=0.583, stage2=0.371, overall=0.217
Node 3: stage1=0.500, stage2=0.300, overall=0.150
Node 4: stage1=0.545, stage2=0.650, overall=0.355
Node 5: stage1=0.600, stage2=0.367, overall=0.220
Node 6: stage1=0.571, stage2=0.388, overall=0.221
Node 7: stage1=0.571, stage2=0.537, overall=0.307
Node 8: stage1=0.600, stage2=0.450, overall=0.270
Node 9: stage1=0.538, stage2=0.400, overall=0.215
Node 10: stage1=0.556, stage2=0.260, overall=0.144
Node 11: stage1=0.571, stage2=0.300, overall=0.171
Node 12: stage1=0.583, stage2=0.400, overall=0.233
Node 13: stage1=0.538, stage2=0.400, overall=0.215
Node 14: stage1=0.600, stage2=0.378, overall=0.227
Node 15: stage1=0.545, stage2=0.200, overall=0.109
Node 16: stage1=0.538, stage2=0.529, overall=0.285
Node 17: stage1=0.556, stage2=0.440, overall=0.244
Node 18: stage1=0.562, stage2=0.378, overall=0.212
Node 19: stage1=0.562, stage2=0.333, overall=0.188

=== PARALLEL EXECUTION TIME (realistic for distributed system) ===
  COMMUNICATION (max across nodes):
    - Full model transfer: 0.000s (0.0%)
  COMPUTATION (max across nodes):
    - Distance computation: 0.042s (15.9%)
    - Loss computation: 0.215s (81.8%)
    - Aggregation: 0.006s (2.3%)
  TOTALS:
    - Total computation: 0.263s (100.0%)
    - Total communication: 0.000s (0.0%)
    - Total parallel time: 0.263s

=== PER-NODE AVERAGE TIME ===
  - Distance computation: 0.033s
  - Loss computation: 0.178s
  - Aggregation: 0.004s
  - Model transfer: 0.000s
  - Total per node: 0.216s

=== TOTAL COMPUTATIONAL WORK (sum across all nodes) ===
  - Total distance computation: 0.663s
  - Total loss computation: 3.568s
  - Total aggregation: 0.082s
  - Total model transfer: 0.000s
  - Grand total: 4.314s
  - Mean Stage 1 acceptance rate: 0.562
  - Mean Stage 2 acceptance rate: 0.382
  - Overall acceptance rate: 0.214

UBAR Algorithm Properties:
  - Model dimension: 2,219,692
  - Rho parameter: 0.6
  - Two-stage approach: Distance filtering + loss evaluation
  - Stage 1 selects: 60% of neighbors
  - Stage 2 uses: Training sample loss comparison
  - Theoretical complexity: O(deg(i)×d + deg(i)×inference)
  - Approach: UBAR paper implementation
