Device: cuda
Seed: 987654321
Looking for images in: /home/student.unimelb.edu.au/mrangwala/Trust-Monitor/leaf/data/celeba/data/raw/img_align_celeba
Loading 1 LEAF CelebA train files...
LEAF CelebA train: 9343 users (celebrities), 177457 samples
Looking for images in: /home/student.unimelb.edu.au/mrangwala/Trust-Monitor/leaf/data/celeba/data/raw/img_align_celeba
Loading 1 LEAF CelebA test files...
LEAF CelebA test: 9343 users (celebrities), 22831 samples
Found 9343 train users, 9343 test users, 9343 common users
User sample counts range: 31 (max) to 4 (min)
Distributed ALL 9343 users across 20 clients
Users per client: 467 (with 3 clients getting +1 user)
Train partition sizes: [8843, 8998, 8728, 9034, 8866, 8946, 8873, 8776, 8816, 8801, 8913, 8656, 9115, 8921, 8699, 8823, 8912, 8766, 9102, 8869]
Test partition sizes: [1140, 1158, 1127, 1158, 1134, 1145, 1145, 1127, 1136, 1128, 1144, 1125, 1152, 1160, 1124, 1145, 1154, 1131, 1157, 1141]
  Client 0: 8843 train samples, 2 unique classes
  Client 1: 8998 train samples, 2 unique classes
  Client 2: 8728 train samples, 2 unique classes
  Client 3: 9034 train samples, 2 unique classes
  Client 4: 8866 train samples, 2 unique classes
  Client 5: 8946 train samples, 2 unique classes
  Client 6: 8873 train samples, 2 unique classes
  Client 7: 8776 train samples, 2 unique classes
  Client 8: 8816 train samples, 2 unique classes
  Client 9: 8801 train samples, 2 unique classes
  Client 10: 8913 train samples, 2 unique classes
  Client 11: 8656 train samples, 2 unique classes
  Client 12: 9115 train samples, 2 unique classes
  Client 13: 8921 train samples, 2 unique classes
  Client 14: 8699 train samples, 2 unique classes
  Client 15: 8823 train samples, 2 unique classes
  Client 16: 8912 train samples, 2 unique classes
  Client 17: 8766 train samples, 2 unique classes
  Client 18: 9102 train samples, 2 unique classes
  Client 19: 8869 train samples, 2 unique classes
Will sample 10000 samples per client per epoch
Graph: erdos, nodes: 20, edges: 99
Attack: Compromised 12/20 nodes: [1, 2, 3, 5, 8, 11, 12, 13, 14, 15, 17, 18]
Attack type: gaussian, lambda: 1.0
UBAR ALGORITHM (Two-Stage Byzantine-resilient)
  - Model dimension: 30,758 parameters
  - Rho parameter: 0.4
  - Stage 1: Distance-based filtering (select 40% closest neighbors)
  - Stage 2: Performance-based selection (loss comparison)
  - Complexity: O(deg(i)×d + deg(i)×inference)
Initial test acc across nodes: mean=0.4969 ± 0.0214
Round 001: test acc mean=0.5267 ± 0.0500 | min=0.4911 max=0.7349
         : test loss mean=0.8889 ± 0.1440
         : individual accs = ['0.528947', '0.508636', '0.493345', '0.734888', '0.522046', '0.514410', '0.521397', '0.503993', '0.562500', '0.491135', '0.525350', '0.498667', '0.522569', '0.507759', '0.517794', '0.517031', '0.515598', '0.508400', '0.522040', '0.517967']
         : correct/total = [(603, 1140), (589, 1158), (556, 1127), (851, 1158), (592, 1134), (589, 1145), (597, 1145), (568, 1127), (639, 1136), (554, 1128), (601, 1144), (561, 1125), (602, 1152), (589, 1160), (582, 1124), (592, 1145), (595, 1154), (575, 1131), (604, 1157), (591, 1141)]
         : compromised: 0.5340, honest: 0.5158
         : ubar stats = ['Node 0: s1=0.333, s2=0.250', 'Node 1: s1=0.400, s2=0.250', 'Node 2: s1=0.375, s2=0.333']...
Round 002: test acc mean=0.6181 ± 0.1388 | min=0.5040 max=0.8571
         : test loss mean=0.6291 ± 0.1802
         : individual accs = ['0.850877', '0.508636', '0.857143', '0.846287', '0.698413', '0.516157', '0.523144', '0.503993', '0.760563', '0.764184', '0.540210', '0.532444', '0.529514', '0.514655', '0.517794', '0.517031', '0.832756', '0.508400', '0.522040', '0.517967']
         : correct/total = [(970, 1140), (589, 1158), (966, 1127), (980, 1158), (792, 1134), (591, 1145), (599, 1145), (568, 1127), (864, 1136), (862, 1128), (618, 1144), (599, 1125), (610, 1152), (597, 1160), (582, 1124), (592, 1145), (961, 1154), (575, 1131), (604, 1157), (591, 1141)]
         : compromised: 0.5942, honest: 0.6539
         : ubar stats = ['Node 0: s1=0.333, s2=0.250', 'Node 1: s1=0.400, s2=0.250', 'Node 2: s1=0.375, s2=0.333']...
Round 003: test acc mean=0.7764 ± 0.1379 | min=0.5144 max=0.9090
         : test loss mean=0.4335 ± 0.2074
         : individual accs = ['0.890351', '0.898964', '0.888199', '0.841105', '0.668430', '0.514410', '0.887336', '0.631766', '0.562500', '0.755319', '0.835664', '0.867556', '0.588542', '0.891379', '0.902135', '0.517031', '0.909012', '0.890363', '0.818496', '0.769500']
         : correct/total = [(1015, 1140), (1041, 1158), (1001, 1127), (974, 1158), (758, 1134), (589, 1145), (1016, 1145), (712, 1127), (639, 1136), (852, 1128), (956, 1144), (976, 1125), (678, 1152), (1034, 1160), (1014, 1124), (592, 1145), (1049, 1154), (1007, 1131), (947, 1157), (878, 1141)]
         : compromised: 0.7651, honest: 0.7934
         : ubar stats = ['Node 0: s1=0.333, s2=0.250', 'Node 1: s1=0.400, s2=0.250', 'Node 2: s1=0.375, s2=0.333']...
Round 004: test acc mean=0.7912 ± 0.1684 | min=0.4911 max=0.9220
         : test loss mean=0.4010 ± 0.2416
         : individual accs = ['0.907895', '0.918826', '0.899734', '0.911917', '0.563492', '0.834934', '0.613100', '0.911269', '0.868838', '0.491135', '0.909091', '0.881778', '0.909722', '0.916379', '0.517794', '0.888210', '0.922010', '0.519894', '0.522040', '0.916740']
         : correct/total = [(1035, 1140), (1064, 1158), (1014, 1127), (1056, 1158), (639, 1134), (956, 1145), (702, 1145), (1027, 1127), (987, 1136), (554, 1128), (1040, 1144), (992, 1125), (1048, 1152), (1063, 1160), (582, 1124), (1017, 1145), (1064, 1154), (588, 1131), (604, 1157), (1046, 1141)]
         : compromised: 0.7992, honest: 0.7793
         : ubar stats = ['Node 0: s1=0.333, s2=0.250', 'Node 1: s1=0.400, s2=0.250', 'Node 2: s1=0.375, s2=0.333']...
Round 005: test acc mean=0.8502 ± 0.1053 | min=0.5629 max=0.9246
         : test loss mean=0.3108 ± 0.1365
         : individual accs = ['0.893860', '0.905872', '0.904170', '0.918826', '0.902116', '0.800000', '0.896943', '0.924579', '0.903169', '0.812943', '0.562937', '0.917333', '0.576389', '0.905172', '0.870107', '0.722271', '0.923744', '0.885942', '0.876404', '0.901840']
         : correct/total = [(1019, 1140), (1049, 1158), (1019, 1127), (1064, 1158), (1023, 1134), (916, 1145), (1027, 1145), (1042, 1127), (1026, 1136), (917, 1128), (644, 1144), (1032, 1125), (664, 1152), (1050, 1160), (978, 1124), (827, 1145), (1066, 1154), (1002, 1131), (1014, 1157), (1029, 1141)]
         : compromised: 0.8488, honest: 0.8524
         : ubar stats = ['Node 0: s1=0.333, s2=0.250', 'Node 1: s1=0.400, s2=0.250', 'Node 2: s1=0.375, s2=0.333']...
Round 006: test acc mean=0.9061 ± 0.0191 | min=0.8427 max=0.9237
         : test loss mean=0.2306 ± 0.0429
         : individual accs = ['0.917544', '0.897237', '0.892635', '0.907599', '0.919753', '0.919651', '0.904803', '0.923691', '0.907570', '0.914007', '0.914336', '0.842667', '0.917535', '0.919828', '0.868327', '0.910044', '0.920277', '0.908046', '0.902334', '0.914987']
         : correct/total = [(1046, 1140), (1039, 1158), (1006, 1127), (1051, 1158), (1043, 1134), (1053, 1145), (1036, 1145), (1041, 1127), (1031, 1136), (1031, 1128), (1046, 1144), (948, 1125), (1057, 1152), (1067, 1160), (976, 1124), (1042, 1145), (1062, 1154), (1027, 1131), (1044, 1157), (1044, 1141)]
         : compromised: 0.8995, honest: 0.9162
         : ubar stats = ['Node 0: s1=0.333, s2=0.250', 'Node 1: s1=0.400, s2=0.250', 'Node 2: s1=0.375, s2=0.444']...
Round 007: test acc mean=0.9040 ± 0.0395 | min=0.7382 max=0.9255
         : test loss mean=0.2392 ± 0.0646
         : individual accs = ['0.921930', '0.911054', '0.738243', '0.916235', '0.914462', '0.918777', '0.898690', '0.924579', '0.909331', '0.903369', '0.903846', '0.915556', '0.918403', '0.923276', '0.915480', '0.921397', '0.925477', '0.881521', '0.899741', '0.918493']
         : correct/total = [(1051, 1140), (1055, 1158), (832, 1127), (1061, 1158), (1037, 1134), (1052, 1145), (1029, 1145), (1042, 1127), (1033, 1136), (1019, 1128), (1034, 1144), (1030, 1125), (1058, 1152), (1071, 1160), (1029, 1124), (1055, 1145), (1068, 1154), (997, 1131), (1041, 1157), (1048, 1141)]
         : compromised: 0.8974, honest: 0.9139
         : ubar stats = ['Node 0: s1=0.333, s2=0.250', 'Node 1: s1=0.400, s2=0.250', 'Node 2: s1=0.375, s2=0.429']...
Round 008: test acc mean=0.9103 ± 0.0130 | min=0.8715 max=0.9272
         : test loss mean=0.2295 ± 0.0191
         : individual accs = ['0.920175', '0.915371', '0.893523', '0.905009', '0.922399', '0.910917', '0.921397', '0.927240', '0.871479', '0.911348', '0.900350', '0.921778', '0.912326', '0.906034', '0.915480', '0.915284', '0.925477', '0.894783', '0.901469', '0.914110']
         : correct/total = [(1049, 1140), (1060, 1158), (1007, 1127), (1048, 1158), (1046, 1134), (1043, 1145), (1055, 1145), (1045, 1127), (990, 1136), (1028, 1128), (1030, 1144), (1037, 1125), (1051, 1152), (1051, 1160), (1029, 1124), (1048, 1145), (1068, 1154), (1012, 1131), (1043, 1157), (1043, 1141)]
         : compromised: 0.9053, honest: 0.9178
         : ubar stats = ['Node 0: s1=0.333, s2=0.250', 'Node 1: s1=0.400, s2=0.250', 'Node 2: s1=0.375, s2=0.417']...
Round 009: test acc mean=0.9129 ± 0.0105 | min=0.8962 max=0.9342
         : test loss mean=0.2369 ± 0.0220
         : individual accs = ['0.934211', '0.905009', '0.896185', '0.902418', '0.916226', '0.909170', '0.922271', '0.923691', '0.901408', '0.913121', '0.902972', '0.918222', '0.924479', '0.908621', '0.911032', '0.917031', '0.930676', '0.901857', '0.899741', '0.919369']
         : correct/total = [(1065, 1140), (1048, 1158), (1010, 1127), (1045, 1158), (1039, 1134), (1041, 1145), (1056, 1145), (1041, 1127), (1024, 1136), (1030, 1128), (1033, 1144), (1033, 1125), (1065, 1152), (1054, 1160), (1024, 1124), (1050, 1145), (1074, 1154), (1020, 1131), (1041, 1157), (1049, 1141)]
         : compromised: 0.9079, honest: 0.9203
         : ubar stats = ['Node 0: s1=0.333, s2=0.250', 'Node 1: s1=0.400, s2=0.250', 'Node 2: s1=0.375, s2=0.407']...
Round 010: test acc mean=0.9126 ± 0.0107 | min=0.8952 max=0.9333
         : test loss mean=0.2402 ± 0.0210
         : individual accs = ['0.932456', '0.901554', '0.906832', '0.911917', '0.917108', '0.914410', '0.913537', '0.909494', '0.895246', '0.898050', '0.903846', '0.913778', '0.917535', '0.919828', '0.911032', '0.928384', '0.933276', '0.900088', '0.901469', '0.921998']
         : correct/total = [(1063, 1140), (1044, 1158), (1022, 1127), (1056, 1158), (1040, 1134), (1047, 1145), (1046, 1145), (1025, 1127), (1017, 1136), (1013, 1128), (1034, 1144), (1028, 1125), (1057, 1152), (1067, 1160), (1024, 1124), (1063, 1145), (1077, 1154), (1018, 1131), (1043, 1157), (1052, 1141)]
         : compromised: 0.9102, honest: 0.9162
         : ubar stats = ['Node 0: s1=0.333, s2=0.250', 'Node 1: s1=0.400, s2=0.250', 'Node 2: s1=0.375, s2=0.400']...

=== FINAL RESULTS ===
Dataset: celeba, Nodes: 20, Graph: erdos, Aggregation: ubar
Attack: gaussian, 60.0% compromised
Final accuracy - Compromised: 0.9102, Honest: 0.9162
Overall test accuracy: mean=0.9126 ± 0.0107

=== UBAR SUMMARY ===
Node 0: stage1=0.333, stage2=0.250, overall=0.083
Node 1: stage1=0.400, stage2=0.250, overall=0.100
Node 2: stage1=0.375, stage2=0.400, overall=0.150
Node 3: stage1=0.286, stage2=0.500, overall=0.143
Node 4: stage1=0.333, stage2=0.333, overall=0.111
Node 5: stage1=0.400, stage2=0.250, overall=0.100
Node 6: stage1=0.333, stage2=0.400, overall=0.133
Node 7: stage1=0.364, stage2=0.275, overall=0.100
Node 8: stage1=0.286, stage2=0.500, overall=0.143
Node 9: stage1=0.364, stage2=0.275, overall=0.100
Node 10: stage1=0.375, stage2=0.333, overall=0.125
Node 11: stage1=0.333, stage2=0.375, overall=0.125
Node 12: stage1=0.333, stage2=0.250, overall=0.083
Node 13: stage1=0.333, stage2=0.367, overall=0.122
Node 14: stage1=0.357, stage2=0.200, overall=0.071
Node 15: stage1=0.333, stage2=0.400, overall=0.133
Node 16: stage1=0.286, stage2=0.500, overall=0.143
Node 17: stage1=0.375, stage2=0.333, overall=0.125
Node 18: stage1=0.333, stage2=0.275, overall=0.092
Node 19: stage1=0.400, stage2=0.250, overall=0.100

Performance Summary:
  - Distance computation time: 1.551s (35.0%)
  - Loss computation time: 2.729s (61.6%)
  - Aggregation time: 0.152s (3.4%)
  - Total time: 4.433s
  - Mean Stage 1 acceptance rate: 0.347
  - Mean Stage 2 acceptance rate: 0.336
  - Overall acceptance rate: 0.116

UBAR Algorithm Properties:
  - Model dimension: 30,758
  - Rho parameter: 0.4
  - Two-stage approach: Distance filtering + loss evaluation
  - Stage 1 selects: 40% of neighbors
  - Stage 2 uses: Training sample loss comparison
  - Theoretical complexity: O(deg(i)×d + deg(i)×inference)
  - Approach: UBAR paper implementation
