Device: cuda
Seed: 987654321
Looking for images in: /home/student.unimelb.edu.au/mrangwala/Trust-Monitor/leaf/data/celeba/data/raw/img_align_celeba
Loading 1 LEAF CelebA train files...
LEAF CelebA train: 9343 users (celebrities), 177457 samples
Looking for images in: /home/student.unimelb.edu.au/mrangwala/Trust-Monitor/leaf/data/celeba/data/raw/img_align_celeba
Loading 1 LEAF CelebA test files...
LEAF CelebA test: 9343 users (celebrities), 22831 samples
Found 9343 train users, 9343 test users, 9343 common users
User sample counts range: 31 (max) to 4 (min)
Distributed ALL 9343 users across 20 clients
Users per client: 467 (with 3 clients getting +1 user)
Train partition sizes: [8843, 8998, 8728, 9034, 8866, 8946, 8873, 8776, 8816, 8801, 8913, 8656, 9115, 8921, 8699, 8823, 8912, 8766, 9102, 8869]
Test partition sizes: [1140, 1158, 1127, 1158, 1134, 1145, 1145, 1127, 1136, 1128, 1144, 1125, 1152, 1160, 1124, 1145, 1154, 1131, 1157, 1141]
  Client 0: 8843 train samples, 2 unique classes
  Client 1: 8998 train samples, 2 unique classes
  Client 2: 8728 train samples, 2 unique classes
  Client 3: 9034 train samples, 2 unique classes
  Client 4: 8866 train samples, 2 unique classes
  Client 5: 8946 train samples, 2 unique classes
  Client 6: 8873 train samples, 2 unique classes
  Client 7: 8776 train samples, 2 unique classes
  Client 8: 8816 train samples, 2 unique classes
  Client 9: 8801 train samples, 2 unique classes
  Client 10: 8913 train samples, 2 unique classes
  Client 11: 8656 train samples, 2 unique classes
  Client 12: 9115 train samples, 2 unique classes
  Client 13: 8921 train samples, 2 unique classes
  Client 14: 8699 train samples, 2 unique classes
  Client 15: 8823 train samples, 2 unique classes
  Client 16: 8912 train samples, 2 unique classes
  Client 17: 8766 train samples, 2 unique classes
  Client 18: 9102 train samples, 2 unique classes
  Client 19: 8869 train samples, 2 unique classes
Will sample 10000 samples per client per epoch
Graph: erdos, nodes: 20, edges: 99
Attack: Compromised 8/20 nodes: [1, 5, 11, 12, 13, 14, 17, 18]
Attack type: gaussian, lambda: 1.0
Initial test acc across nodes: mean=0.4969 ± 0.0214
Round 001: test acc mean=0.7724 ± 0.1628 | min=0.5069 max=0.9077
         : test loss mean=nan ± nan
         : individual accs = ['0.835088', '0.858377', '0.893523', '0.528497', '0.522046', '0.896943', '0.889956', '0.907720', '0.562500', '0.868794', '0.860140', '0.888000', '0.875868', '0.506897', '0.857651', '0.517031', '0.515598', '0.900088', '0.880726', '0.882559']
         : correct/total = [(952, 1140), (994, 1158), (1007, 1127), (612, 1158), (592, 1134), (1027, 1145), (1019, 1145), (1023, 1127), (639, 1136), (980, 1128), (984, 1144), (999, 1125), (1009, 1152), (588, 1160), (964, 1124), (592, 1145), (595, 1154), (1018, 1131), (1019, 1157), (1007, 1141)]
         : compromised: 0.8331, honest: 0.7320
Round 002: test acc mean=0.7818 ± 0.1740 | min=0.4806 max=0.9144
         : test loss mean=8948.2884 ± 24282.0973
         : individual accs = ['0.882456', '0.900691', '0.879326', '0.531088', '0.480600', '0.910044', '0.914410', '0.910382', '0.564261', '0.889184', '0.892483', '0.882667', '0.898438', '0.500862', '0.906584', '0.517904', '0.509532', '0.888594', '0.877269', '0.899211']
         : correct/total = [(1006, 1140), (1043, 1158), (991, 1127), (615, 1158), (545, 1134), (1042, 1145), (1047, 1145), (1026, 1127), (641, 1136), (1003, 1128), (1021, 1144), (993, 1125), (1035, 1152), (581, 1160), (1019, 1124), (593, 1145), (588, 1154), (1005, 1131), (1015, 1157), (1026, 1141)]
         : compromised: 0.8456, honest: 0.7392
Round 003: test acc mean=0.7787 ± 0.1925 | min=0.4437 max=0.9205
         : test loss mean=4747.1252 ± 8809.0094
         : individual accs = ['0.913158', '0.905872', '0.901508', '0.471503', '0.492945', '0.915284', '0.920524', '0.902396', '0.443662', '0.902482', '0.897727', '0.913778', '0.889757', '0.477586', '0.888790', '0.517031', '0.511265', '0.896552', '0.893691', '0.919369']
         : correct/total = [(1041, 1140), (1049, 1158), (1016, 1127), (546, 1158), (559, 1134), (1048, 1145), (1054, 1145), (1017, 1127), (504, 1136), (1018, 1128), (1027, 1144), (1028, 1125), (1025, 1152), (554, 1160), (999, 1124), (592, 1145), (590, 1154), (1014, 1131), (1034, 1157), (1049, 1141)]
         : compromised: 0.8477, honest: 0.7328
Round 004: test acc mean=0.7844 ± 0.1844 | min=0.4879 max=0.9205
         : test loss mean=3208.1783 ± 7849.5599
         : individual accs = ['0.905263', '0.903282', '0.900621', '0.487910', '0.504409', '0.915284', '0.920524', '0.919255', '0.509683', '0.899823', '0.907343', '0.908444', '0.904514', '0.499138', '0.895907', '0.506550', '0.510399', '0.897436', '0.885912', '0.906223']
         : correct/total = [(1032, 1140), (1046, 1158), (1015, 1127), (565, 1158), (572, 1134), (1048, 1145), (1054, 1145), (1036, 1127), (579, 1136), (1015, 1128), (1038, 1144), (1022, 1125), (1042, 1152), (579, 1160), (1007, 1124), (580, 1145), (589, 1154), (1015, 1131), (1025, 1157), (1034, 1141)]
         : compromised: 0.8512, honest: 0.7398
Round 005: test acc mean=0.7548 ± 0.1854 | min=0.4672 max=0.9074
         : test loss mean=nan ± nan
         : individual accs = ['0.885965', '0.890328', '0.896185', '0.467185', '0.528219', '0.890830', '0.907424', '0.503993', '0.527289', '0.880319', '0.903846', '0.887111', '0.899306', '0.493103', '0.868327', '0.498690', '0.501733', '0.899204', '0.873812', '0.892200']
         : correct/total = [(1010, 1140), (1031, 1158), (1010, 1127), (541, 1158), (599, 1134), (1020, 1145), (1039, 1145), (568, 1127), (599, 1136), (993, 1128), (1034, 1144), (998, 1125), (1036, 1152), (572, 1160), (976, 1124), (571, 1145), (579, 1154), (1017, 1131), (1011, 1157), (1018, 1141)]
         : compromised: 0.8378, honest: 0.6994
Round 006: test acc mean=0.6702 ± 0.1951 | min=0.4780 max=0.9214
         : test loss mean=nan ± nan
         : individual accs = ['0.913158', '0.905872', '0.908607', '0.528497', '0.477954', '0.514410', '0.921397', '0.503993', '0.562500', '0.893617', '0.905594', '0.498667', '0.904514', '0.506897', '0.517794', '0.482969', '0.513865', '0.508400', '0.522040', '0.913234']
         : correct/total = [(1041, 1140), (1049, 1158), (1024, 1127), (612, 1158), (542, 1134), (589, 1145), (1055, 1145), (568, 1127), (639, 1136), (1008, 1128), (1036, 1144), (561, 1125), (1042, 1152), (588, 1160), (582, 1124), (553, 1145), (593, 1154), (575, 1131), (604, 1157), (1042, 1141)]
         : compromised: 0.6098, honest: 0.7104
Round 007: test acc mean=0.6492 ± 0.1892 | min=0.4715 max=0.9159
         : test loss mean=nan ± nan
         : individual accs = ['0.915789', '0.508636', '0.909494', '0.471503', '0.520282', '0.514410', '0.907424', '0.503993', '0.562500', '0.895390', '0.902098', '0.498667', '0.895833', '0.504310', '0.517794', '0.517031', '0.492201', '0.508400', '0.522040', '0.915863']
         : correct/total = [(1044, 1140), (589, 1158), (1025, 1127), (546, 1158), (590, 1134), (589, 1145), (1039, 1145), (568, 1127), (639, 1136), (1010, 1128), (1032, 1144), (561, 1125), (1032, 1152), (585, 1160), (582, 1124), (592, 1145), (568, 1154), (575, 1131), (604, 1157), (1045, 1141)]
         : compromised: 0.5588, honest: 0.7095
Round 008: test acc mean=0.6289 ± 0.1848 | min=0.4715 max=0.9158
         : test loss mean=nan ± nan
         : individual accs = ['0.915789', '0.508636', '0.913043', '0.471503', '0.524691', '0.514410', '0.915284', '0.503993', '0.562500', '0.896277', '0.905594', '0.498667', '0.522569', '0.506897', '0.517794', '0.482969', '0.474870', '0.508400', '0.522040', '0.912358']
         : correct/total = [(1044, 1140), (589, 1158), (1029, 1127), (546, 1158), (595, 1134), (589, 1145), (1048, 1145), (568, 1127), (639, 1136), (1011, 1128), (1036, 1144), (561, 1125), (602, 1152), (588, 1160), (582, 1124), (553, 1145), (548, 1154), (575, 1131), (604, 1157), (1041, 1141)]
         : compromised: 0.5124, honest: 0.7066
Round 009: test acc mean=0.6254 ± 0.1851 | min=0.4525 max=0.9158
         : test loss mean=nan ± nan
         : individual accs = ['0.915789', '0.508636', '0.908607', '0.471503', '0.522046', '0.514410', '0.910044', '0.503993', '0.452465', '0.899823', '0.894231', '0.498667', '0.522569', '0.493103', '0.517794', '0.517031', '0.512998', '0.508400', '0.522040', '0.913234']
         : correct/total = [(1044, 1140), (589, 1158), (1024, 1127), (546, 1158), (592, 1134), (589, 1145), (1042, 1145), (568, 1127), (514, 1136), (1015, 1128), (1023, 1144), (561, 1125), (602, 1152), (572, 1160), (582, 1124), (592, 1145), (592, 1154), (575, 1131), (604, 1157), (1042, 1141)]
         : compromised: 0.5107, honest: 0.7018
Round 010: test acc mean=0.6058 ± 0.1757 | min=0.4715 max=0.9175
         : test loss mean=nan ± nan
         : individual accs = ['0.917544', '0.508636', '0.913043', '0.471503', '0.522046', '0.514410', '0.521397', '0.503993', '0.518486', '0.898936', '0.899476', '0.498667', '0.522569', '0.482759', '0.517794', '0.482969', '0.475737', '0.508400', '0.522040', '0.914987']
         : correct/total = [(1046, 1140), (589, 1158), (1029, 1127), (546, 1158), (592, 1134), (589, 1145), (597, 1145), (568, 1127), (589, 1136), (1014, 1128), (1029, 1144), (561, 1125), (602, 1152), (560, 1160), (582, 1124), (553, 1145), (549, 1154), (575, 1131), (604, 1157), (1044, 1141)]
         : compromised: 0.5094, honest: 0.6700

=== FINAL RESULTS ===
Dataset: celeba, Nodes: 20, Graph: erdos, Aggregation: krum
Attack: gaussian, 40.0% compromised
Final accuracy - Compromised: 0.5094, Honest: 0.6700
Overall test accuracy: mean=0.6058 ± 0.1757
