Device: cuda
Seed: 987654321
Loading 36 LEAF FEMNIST train files...
LEAF FEMNIST train: 3597 users, 734463 samples
Loading 36 LEAF FEMNIST test files...
LEAF FEMNIST test: 3597 users, 83388 samples
Found 3597 train users, 3597 test users, 3597 common users
User sample counts range: 525 (max) to 17 (min)
Distributed ALL 3597 users across 20 clients
Users per client: 179 (with 17 clients getting +1 user)
Train partition sizes: [36360, 37070, 35957, 38262, 36024, 37732, 36921, 38328, 36867, 37683, 36507, 36915, 36007, 37001, 35681, 35453, 36585, 36801, 35964, 36345]
Test partition sizes: [4128, 4203, 4081, 4333, 4091, 4287, 4193, 4349, 4191, 4277, 4143, 4193, 4093, 4197, 4052, 4029, 4153, 4183, 4084, 4128]
  Client 0: 36360 train samples, 62 unique classes
  Client 1: 37070 train samples, 62 unique classes
  Client 2: 35957 train samples, 62 unique classes
  Client 3: 38262 train samples, 62 unique classes
  Client 4: 36024 train samples, 62 unique classes
  Client 5: 37732 train samples, 62 unique classes
  Client 6: 36921 train samples, 62 unique classes
  Client 7: 38328 train samples, 62 unique classes
  Client 8: 36867 train samples, 62 unique classes
  Client 9: 37683 train samples, 62 unique classes
  Client 10: 36507 train samples, 62 unique classes
  Client 11: 36915 train samples, 62 unique classes
  Client 12: 36007 train samples, 62 unique classes
  Client 13: 37001 train samples, 62 unique classes
  Client 14: 35681 train samples, 62 unique classes
  Client 15: 35453 train samples, 62 unique classes
  Client 16: 36585 train samples, 62 unique classes
  Client 17: 36801 train samples, 62 unique classes
  Client 18: 35964 train samples, 62 unique classes
  Client 19: 36345 train samples, 62 unique classes
Will sample 4500 samples per client per epoch
Graph: erdos, nodes: 20, edges: 48
Degree statistics: avg=4.80, min=2, max=7
Attack: Compromised 14/20 nodes: [1, 2, 3, 5, 6, 8, 11, 12, 13, 14, 15, 17, 18, 19]
Attack type: gaussian, lambda: 1.0
Model variant: baseline
Model parameters: 6,603,710
Initial test acc across nodes: mean=0.0168 ± 0.0139
Round 001: test acc mean=0.0155 ± 0.0178 | min=0.0030 max=0.0544
         : test loss mean=251468177.3986 ± 174748800.4320
         : individual accs = ['0.005087', '0.006900', '0.044597', '0.003462', '0.008311', '0.003266', '0.004054', '0.003219', '0.003579', '0.048398', '0.005069', '0.054376', '0.003909', '0.024780', '0.002962', '0.003475', '0.004334', '0.049486', '0.016161', '0.014535']
         : correct/total = [(21, 4128), (29, 4203), (182, 4081), (15, 4333), (34, 4091), (14, 4287), (17, 4193), (14, 4349), (15, 4191), (207, 4277), (21, 4143), (228, 4193), (16, 4093), (104, 4197), (12, 4052), (14, 4029), (18, 4153), (207, 4183), (66, 4084), (60, 4128)]
         : compromised: 0.0168, honest: 0.0124
Round 002: test acc mean=0.0500 ± 0.0044 | min=0.0417 max=0.0582
         : test loss mean=nan ± nan
         : individual accs = ['0.050145', '0.048775', '0.053418', '0.043157', '0.043021', '0.047352', '0.050799', '0.058174', '0.049630', '0.043488', '0.055998', '0.049606', '0.054239', '0.049559', '0.051826', '0.041698', '0.052011', '0.049486', '0.052889', '0.055475']
         : correct/total = [(207, 4128), (205, 4203), (218, 4081), (187, 4333), (176, 4091), (203, 4287), (213, 4193), (253, 4349), (208, 4191), (186, 4277), (232, 4143), (208, 4193), (222, 4093), (208, 4197), (210, 4052), (168, 4029), (216, 4153), (207, 4183), (216, 4084), (229, 4128)]
         : compromised: 0.0499, honest: 0.0505
Round 003: test acc mean=0.0490 ± 0.0111 | min=0.0036 max=0.0582
         : test loss mean=nan ± nan
         : individual accs = ['0.050145', '0.048775', '0.053418', '0.043157', '0.057932', '0.050618', '0.050799', '0.058174', '0.049630', '0.043488', '0.048033', '0.049606', '0.054239', '0.003574', '0.051826', '0.056590', '0.052011', '0.049486', '0.052889', '0.055475']
         : correct/total = [(207, 4128), (205, 4203), (218, 4081), (187, 4333), (237, 4091), (217, 4287), (213, 4193), (253, 4349), (208, 4191), (186, 4277), (199, 4143), (208, 4193), (222, 4093), (15, 4197), (210, 4052), (228, 4029), (216, 4153), (207, 4183), (216, 4084), (229, 4128)]
         : compromised: 0.0479, honest: 0.0516
Round 004: test acc mean=0.0500 ± 0.0094 | min=0.0131 max=0.0582
         : test loss mean=nan ± nan
         : individual accs = ['0.050145', '0.048775', '0.053418', '0.043157', '0.057932', '0.050618', '0.050799', '0.058174', '0.049630', '0.043488', '0.055998', '0.049606', '0.054239', '0.013105', '0.051826', '0.056590', '0.052011', '0.049486', '0.055583', '0.055475']
         : correct/total = [(207, 4128), (205, 4203), (218, 4081), (187, 4333), (237, 4091), (217, 4287), (213, 4193), (253, 4349), (208, 4191), (186, 4277), (232, 4143), (208, 4193), (222, 4093), (55, 4197), (210, 4052), (228, 4029), (216, 4153), (207, 4183), (227, 4084), (229, 4128)]
         : compromised: 0.0487, honest: 0.0530
Round 005: test acc mean=0.0497 ± 0.0106 | min=0.0069 max=0.0582
         : test loss mean=nan ± nan
         : individual accs = ['0.050145', '0.048775', '0.053418', '0.043157', '0.057932', '0.050618', '0.050799', '0.058174', '0.049630', '0.043488', '0.055998', '0.049606', '0.054239', '0.006910', '0.051826', '0.056590', '0.052011', '0.049486', '0.055583', '0.055475']
         : correct/total = [(207, 4128), (205, 4203), (218, 4081), (187, 4333), (237, 4091), (217, 4287), (213, 4193), (253, 4349), (208, 4191), (186, 4277), (232, 4143), (208, 4193), (222, 4093), (29, 4197), (210, 4052), (228, 4029), (216, 4153), (207, 4183), (227, 4084), (229, 4128)]
         : compromised: 0.0483, honest: 0.0530
Round 006: test acc mean=0.0495 ± 0.0115 | min=0.0024 max=0.0582
         : test loss mean=nan ± nan
         : individual accs = ['0.050145', '0.048775', '0.053418', '0.043157', '0.057932', '0.050618', '0.050799', '0.058174', '0.049630', '0.043488', '0.055998', '0.049606', '0.054239', '0.002383', '0.051826', '0.056590', '0.052011', '0.049486', '0.055583', '0.055475']
         : correct/total = [(207, 4128), (205, 4203), (218, 4081), (187, 4333), (237, 4091), (217, 4287), (213, 4193), (253, 4349), (208, 4191), (186, 4277), (232, 4143), (208, 4193), (222, 4093), (10, 4197), (210, 4052), (228, 4029), (216, 4153), (207, 4183), (227, 4084), (229, 4128)]
         : compromised: 0.0480, honest: 0.0530
Round 007: test acc mean=0.0503 ± 0.0082 | min=0.0193 max=0.0582
         : test loss mean=nan ± nan
         : individual accs = ['0.050145', '0.048775', '0.053418', '0.043157', '0.057932', '0.050618', '0.050799', '0.058174', '0.049630', '0.043488', '0.055998', '0.049606', '0.054239', '0.019299', '0.051826', '0.056590', '0.052011', '0.049486', '0.055583', '0.055475']
         : correct/total = [(207, 4128), (205, 4203), (218, 4081), (187, 4333), (237, 4091), (217, 4287), (213, 4193), (253, 4349), (208, 4191), (186, 4277), (232, 4143), (208, 4193), (222, 4093), (81, 4197), (210, 4052), (228, 4029), (216, 4153), (207, 4183), (227, 4084), (229, 4128)]
         : compromised: 0.0492, honest: 0.0530
Round 008: test acc mean=0.0496 ± 0.0111 | min=0.0048 max=0.0582
         : test loss mean=nan ± nan
         : individual accs = ['0.050145', '0.048775', '0.053418', '0.043157', '0.057932', '0.050618', '0.050799', '0.058174', '0.049630', '0.043488', '0.055998', '0.049606', '0.054239', '0.004765', '0.051826', '0.056590', '0.052011', '0.049486', '0.055583', '0.055475']
         : correct/total = [(207, 4128), (205, 4203), (218, 4081), (187, 4333), (237, 4091), (217, 4287), (213, 4193), (253, 4349), (208, 4191), (186, 4277), (232, 4143), (208, 4193), (222, 4093), (20, 4197), (210, 4052), (228, 4029), (216, 4153), (207, 4183), (227, 4084), (229, 4128)]
         : compromised: 0.0481, honest: 0.0530
Round 009: test acc mean=0.0495 ± 0.0115 | min=0.0024 max=0.0582
         : test loss mean=nan ± nan
         : individual accs = ['0.050145', '0.048775', '0.053418', '0.043157', '0.057932', '0.050618', '0.050799', '0.058174', '0.049630', '0.043488', '0.055998', '0.049606', '0.054239', '0.002383', '0.051826', '0.056590', '0.052011', '0.049486', '0.055583', '0.055475']
         : correct/total = [(207, 4128), (205, 4203), (218, 4081), (187, 4333), (237, 4091), (217, 4287), (213, 4193), (253, 4349), (208, 4191), (186, 4277), (232, 4143), (208, 4193), (222, 4093), (10, 4197), (210, 4052), (228, 4029), (216, 4153), (207, 4183), (227, 4084), (229, 4128)]
         : compromised: 0.0480, honest: 0.0530
Round 010: test acc mean=0.0485 ± 0.0109 | min=0.0045 max=0.0566
         : test loss mean=nan ± nan
         : individual accs = ['0.050145', '0.048775', '0.053418', '0.043157', '0.052554', '0.050618', '0.050799', '0.041619', '0.049630', '0.043488', '0.055998', '0.049606', '0.054239', '0.004527', '0.051826', '0.056590', '0.052011', '0.049486', '0.055583', '0.055475']
         : correct/total = [(207, 4128), (205, 4203), (218, 4081), (187, 4333), (215, 4091), (217, 4287), (213, 4193), (181, 4349), (208, 4191), (186, 4277), (232, 4143), (208, 4193), (222, 4093), (19, 4197), (210, 4052), (228, 4029), (216, 4153), (207, 4183), (227, 4084), (229, 4128)]
         : compromised: 0.0481, honest: 0.0493

=== FINAL RESULTS ===
Dataset: femnist, Nodes: 20, Graph: erdos, Aggregation: krum
Attack: gaussian, 70.0% compromised
Final accuracy - Compromised: 0.0481, Honest: 0.0493
Overall test accuracy: mean=0.0485 ± 0.0109
