Device: cuda
Seed: 987654321
Loading 36 LEAF FEMNIST train files...
LEAF FEMNIST train: 3597 users, 734463 samples
Loading 36 LEAF FEMNIST test files...
LEAF FEMNIST test: 3597 users, 83388 samples
Found 3597 train users, 3597 test users, 3597 common users
User sample counts range: 525 (max) to 17 (min)
Distributed ALL 3597 users across 20 clients
Users per client: 179 (with 17 clients getting +1 user)
Train partition sizes: [36360, 37070, 35957, 38262, 36024, 37732, 36921, 38328, 36867, 37683, 36507, 36915, 36007, 37001, 35681, 35453, 36585, 36801, 35964, 36345]
Test partition sizes: [4128, 4203, 4081, 4333, 4091, 4287, 4193, 4349, 4191, 4277, 4143, 4193, 4093, 4197, 4052, 4029, 4153, 4183, 4084, 4128]
  Client 0: 36360 train samples, 62 unique classes
  Client 1: 37070 train samples, 62 unique classes
  Client 2: 35957 train samples, 62 unique classes
  Client 3: 38262 train samples, 62 unique classes
  Client 4: 36024 train samples, 62 unique classes
  Client 5: 37732 train samples, 62 unique classes
  Client 6: 36921 train samples, 62 unique classes
  Client 7: 38328 train samples, 62 unique classes
  Client 8: 36867 train samples, 62 unique classes
  Client 9: 37683 train samples, 62 unique classes
  Client 10: 36507 train samples, 62 unique classes
  Client 11: 36915 train samples, 62 unique classes
  Client 12: 36007 train samples, 62 unique classes
  Client 13: 37001 train samples, 62 unique classes
  Client 14: 35681 train samples, 62 unique classes
  Client 15: 35453 train samples, 62 unique classes
  Client 16: 36585 train samples, 62 unique classes
  Client 17: 36801 train samples, 62 unique classes
  Client 18: 35964 train samples, 62 unique classes
  Client 19: 36345 train samples, 62 unique classes
Will sample 4500 samples per client per epoch
Graph: ring, nodes: 20, edges: 20
Degree statistics: avg=2.00, min=2, max=2
Attack: Compromised 6/20 nodes: [5, 12, 13, 14, 17, 18]
Attack type: gaussian, lambda: 1.0
Model variant: baseline
Model parameters: 6,603,710
Initial test acc across nodes: mean=0.0168 ± 0.0139
Round 001: test acc mean=0.0272 ± 0.0230 | min=0.0022 max=0.0553
         : test loss mean=276645463.3349 ± 404070243.6469
         : individual accs = ['0.051599', '0.051630', '0.055134', '0.047773', '0.011733', '0.003266', '0.003577', '0.053116', '0.054880', '0.048398', '0.055274', '0.010017', '0.002932', '0.003097', '0.003702', '0.016629', '0.052011', '0.003825', '0.002204', '0.012597']
         : correct/total = [(213, 4128), (217, 4203), (225, 4081), (207, 4333), (48, 4091), (14, 4287), (15, 4193), (231, 4349), (230, 4191), (207, 4277), (229, 4143), (42, 4193), (12, 4093), (13, 4197), (15, 4052), (67, 4029), (216, 4153), (16, 4183), (9, 4084), (52, 4128)]
         : compromised: 0.0032, honest: 0.0375
Round 002: test acc mean=0.0460 ± 0.0116 | min=0.0039 max=0.0552
         : test loss mean=nan ± nan
         : individual accs = ['0.050145', '0.046158', '0.050723', '0.033003', '0.051088', '0.045253', '0.050799', '0.045068', '0.051062', '0.055179', '0.003862', '0.045314', '0.049841', '0.028592', '0.051826', '0.051626', '0.052011', '0.051159', '0.052889', '0.054506']
         : correct/total = [(207, 4128), (194, 4203), (207, 4081), (143, 4333), (209, 4091), (194, 4287), (213, 4193), (196, 4349), (214, 4191), (236, 4277), (16, 4143), (190, 4193), (204, 4093), (120, 4197), (210, 4052), (208, 4029), (216, 4153), (214, 4183), (216, 4084), (225, 4128)]
         : compromised: 0.0466, honest: 0.0458
Round 003: test acc mean=0.0445 ± 0.0118 | min=0.0040 max=0.0545
         : test loss mean=nan ± nan
         : individual accs = ['0.050145', '0.048775', '0.026954', '0.044773', '0.051088', '0.045253', '0.050799', '0.045068', '0.049630', '0.003975', '0.041999', '0.041736', '0.049841', '0.028354', '0.051826', '0.051626', '0.052011', '0.049486', '0.052889', '0.054506']
         : correct/total = [(207, 4128), (205, 4203), (110, 4081), (194, 4333), (209, 4091), (194, 4287), (213, 4193), (196, 4349), (208, 4191), (17, 4277), (174, 4143), (175, 4193), (204, 4093), (119, 4197), (210, 4052), (208, 4029), (216, 4153), (207, 4183), (216, 4084), (225, 4128)]
         : compromised: 0.0463, honest: 0.0438
Round 004: test acc mean=0.0492 ± 0.0033 | min=0.0434 max=0.0545
         : test loss mean=nan ± nan
         : individual accs = ['0.050145', '0.048775', '0.053418', '0.043388', '0.051088', '0.045253', '0.050799', '0.045068', '0.049630', '0.043488', '0.045619', '0.045314', '0.049597', '0.049559', '0.051826', '0.051626', '0.052011', '0.049486', '0.052889', '0.054506']
         : correct/total = [(207, 4128), (205, 4203), (218, 4081), (188, 4333), (209, 4091), (194, 4287), (213, 4193), (196, 4349), (208, 4191), (186, 4277), (189, 4143), (190, 4193), (203, 4093), (208, 4197), (210, 4052), (208, 4029), (216, 4153), (207, 4183), (216, 4084), (225, 4128)]
         : compromised: 0.0498, honest: 0.0489
Round 005: test acc mean=0.0470 ± 0.0105 | min=0.0033 max=0.0545
         : test loss mean=nan ± nan
         : individual accs = ['0.050145', '0.048775', '0.053418', '0.043157', '0.051088', '0.045253', '0.050799', '0.045068', '0.049630', '0.043488', '0.048033', '0.045314', '0.050818', '0.003336', '0.051826', '0.051626', '0.052011', '0.049486', '0.052889', '0.054506']
         : correct/total = [(207, 4128), (205, 4203), (218, 4081), (187, 4333), (209, 4091), (194, 4287), (213, 4193), (196, 4349), (208, 4191), (186, 4277), (199, 4143), (190, 4193), (208, 4093), (14, 4197), (210, 4052), (208, 4029), (216, 4153), (207, 4183), (216, 4084), (225, 4128)]
         : compromised: 0.0423, honest: 0.0491
Round 006: test acc mean=0.0470 ± 0.0095 | min=0.0081 max=0.0545
         : test loss mean=nan ± nan
         : individual accs = ['0.050145', '0.048775', '0.053418', '0.043157', '0.043021', '0.045253', '0.050799', '0.045068', '0.049630', '0.043488', '0.048033', '0.049606', '0.049597', '0.008101', '0.051826', '0.051626', '0.052011', '0.049486', '0.052889', '0.054506']
         : correct/total = [(207, 4128), (205, 4203), (218, 4081), (187, 4333), (176, 4091), (194, 4287), (213, 4193), (196, 4349), (208, 4191), (186, 4277), (199, 4143), (208, 4193), (203, 4093), (34, 4197), (210, 4052), (208, 4029), (216, 4153), (207, 4183), (216, 4084), (225, 4128)]
         : compromised: 0.0429, honest: 0.0488
Round 007: test acc mean=0.0470 ± 0.0108 | min=0.0024 max=0.0545
         : test loss mean=nan ± nan
         : individual accs = ['0.050145', '0.048775', '0.053418', '0.043157', '0.043021', '0.045253', '0.050799', '0.045068', '0.049630', '0.043488', '0.048033', '0.049606', '0.054239', '0.002383', '0.051826', '0.051626', '0.052011', '0.049486', '0.052889', '0.054506']
         : correct/total = [(207, 4128), (205, 4203), (218, 4081), (187, 4333), (176, 4091), (194, 4287), (213, 4193), (196, 4349), (208, 4191), (186, 4277), (199, 4143), (208, 4193), (222, 4093), (10, 4197), (210, 4052), (208, 4029), (216, 4153), (207, 4183), (216, 4084), (225, 4128)]
         : compromised: 0.0427, honest: 0.0488
Round 008: test acc mean=0.0475 ± 0.0086 | min=0.0131 max=0.0545
         : test loss mean=nan ± nan
         : individual accs = ['0.050145', '0.048775', '0.053418', '0.043157', '0.043021', '0.045253', '0.050799', '0.045068', '0.049630', '0.043488', '0.048033', '0.049606', '0.054239', '0.013105', '0.051826', '0.051626', '0.052011', '0.049486', '0.052889', '0.054506']
         : correct/total = [(207, 4128), (205, 4203), (218, 4081), (187, 4333), (176, 4091), (194, 4287), (213, 4193), (196, 4349), (208, 4191), (186, 4277), (199, 4143), (208, 4193), (222, 4093), (55, 4197), (210, 4052), (208, 4029), (216, 4153), (207, 4183), (216, 4084), (225, 4128)]
         : compromised: 0.0445, honest: 0.0488
Round 009: test acc mean=0.0473 ± 0.0093 | min=0.0100 max=0.0545
         : test loss mean=nan ± nan
         : individual accs = ['0.050145', '0.048775', '0.053418', '0.043157', '0.043021', '0.045253', '0.050799', '0.045068', '0.049630', '0.043488', '0.048033', '0.049606', '0.054239', '0.010007', '0.051826', '0.051626', '0.052011', '0.049486', '0.052889', '0.054506']
         : correct/total = [(207, 4128), (205, 4203), (218, 4081), (187, 4333), (176, 4091), (194, 4287), (213, 4193), (196, 4349), (208, 4191), (186, 4277), (199, 4143), (208, 4193), (222, 4093), (42, 4197), (210, 4052), (208, 4029), (216, 4153), (207, 4183), (216, 4084), (225, 4128)]
         : compromised: 0.0440, honest: 0.0488
Round 010: test acc mean=0.0493 ± 0.0035 | min=0.0430 max=0.0545
         : test loss mean=nan ± nan
         : individual accs = ['0.050145', '0.048775', '0.053418', '0.043157', '0.043021', '0.045253', '0.050799', '0.045068', '0.049630', '0.043488', '0.048033', '0.049606', '0.054239', '0.049083', '0.051826', '0.051626', '0.052011', '0.049486', '0.052889', '0.054506']
         : correct/total = [(207, 4128), (205, 4203), (218, 4081), (187, 4333), (176, 4091), (194, 4287), (213, 4193), (196, 4349), (208, 4191), (186, 4277), (199, 4143), (208, 4193), (222, 4093), (206, 4197), (210, 4052), (208, 4029), (216, 4153), (207, 4183), (216, 4084), (225, 4128)]
         : compromised: 0.0505, honest: 0.0488

=== FINAL RESULTS ===
Dataset: femnist, Nodes: 20, Graph: ring, Aggregation: d-fedavg
Attack: gaussian, 30.0% compromised
Final accuracy - Compromised: 0.0505, Honest: 0.0488
Overall test accuracy: mean=0.0493 ± 0.0035
