Device: cuda
Seed: 987654321
Loading 36 LEAF FEMNIST train files...
LEAF FEMNIST train: 3597 users, 734463 samples
Loading 36 LEAF FEMNIST test files...
LEAF FEMNIST test: 3597 users, 83388 samples
Found 3597 train users, 3597 test users, 3597 common users
User sample counts range: 525 (max) to 17 (min)
Distributed ALL 3597 users across 20 clients
Users per client: 179 (with 17 clients getting +1 user)
Train partition sizes: [36360, 37070, 35957, 38262, 36024, 37732, 36921, 38328, 36867, 37683, 36507, 36915, 36007, 37001, 35681, 35453, 36585, 36801, 35964, 36345]
Test partition sizes: [4128, 4203, 4081, 4333, 4091, 4287, 4193, 4349, 4191, 4277, 4143, 4193, 4093, 4197, 4052, 4029, 4153, 4183, 4084, 4128]
  Client 0: 36360 train samples, 62 unique classes
  Client 1: 37070 train samples, 62 unique classes
  Client 2: 35957 train samples, 62 unique classes
  Client 3: 38262 train samples, 62 unique classes
  Client 4: 36024 train samples, 62 unique classes
  Client 5: 37732 train samples, 62 unique classes
  Client 6: 36921 train samples, 62 unique classes
  Client 7: 38328 train samples, 62 unique classes
  Client 8: 36867 train samples, 62 unique classes
  Client 9: 37683 train samples, 62 unique classes
  Client 10: 36507 train samples, 62 unique classes
  Client 11: 36915 train samples, 62 unique classes
  Client 12: 36007 train samples, 62 unique classes
  Client 13: 37001 train samples, 62 unique classes
  Client 14: 35681 train samples, 62 unique classes
  Client 15: 35453 train samples, 62 unique classes
  Client 16: 36585 train samples, 62 unique classes
  Client 17: 36801 train samples, 62 unique classes
  Client 18: 35964 train samples, 62 unique classes
  Client 19: 36345 train samples, 62 unique classes
Will sample 4500 samples per client per epoch
Graph: erdos, nodes: 20, edges: 48
Degree statistics: avg=4.80, min=2, max=7
Attack: Compromised 16/20 nodes: [1, 2, 3, 5, 6, 8, 9, 10, 11, 12, 13, 14, 15, 17, 18, 19]
Attack type: gaussian, lambda: 1.0
Model variant: baseline
Model parameters: 6,603,710
Sketchguard Node 0:
  Model dim: 6,603,710 → Sketch size: 1000
  Compression ratio: 6603.7x
  Using model parameters for aggregation, sketches for filtering
Sketchguard Node 1:
  Model dim: 6,603,710 → Sketch size: 1000
  Compression ratio: 6603.7x
  Using model parameters for aggregation, sketches for filtering
Sketchguard Node 2:
  Model dim: 6,603,710 → Sketch size: 1000
  Compression ratio: 6603.7x
  Using model parameters for aggregation, sketches for filtering
Sketchguard Node 3:
  Model dim: 6,603,710 → Sketch size: 1000
  Compression ratio: 6603.7x
  Using model parameters for aggregation, sketches for filtering
Sketchguard Node 4:
  Model dim: 6,603,710 → Sketch size: 1000
  Compression ratio: 6603.7x
  Using model parameters for aggregation, sketches for filtering
Sketchguard Node 5:
  Model dim: 6,603,710 → Sketch size: 1000
  Compression ratio: 6603.7x
  Using model parameters for aggregation, sketches for filtering
Sketchguard Node 6:
  Model dim: 6,603,710 → Sketch size: 1000
  Compression ratio: 6603.7x
  Using model parameters for aggregation, sketches for filtering
Sketchguard Node 7:
  Model dim: 6,603,710 → Sketch size: 1000
  Compression ratio: 6603.7x
  Using model parameters for aggregation, sketches for filtering
Sketchguard Node 8:
  Model dim: 6,603,710 → Sketch size: 1000
  Compression ratio: 6603.7x
  Using model parameters for aggregation, sketches for filtering
Sketchguard Node 9:
  Model dim: 6,603,710 → Sketch size: 1000
  Compression ratio: 6603.7x
  Using model parameters for aggregation, sketches for filtering
Sketchguard Node 10:
  Model dim: 6,603,710 → Sketch size: 1000
  Compression ratio: 6603.7x
  Using model parameters for aggregation, sketches for filtering
Sketchguard Node 11:
  Model dim: 6,603,710 → Sketch size: 1000
  Compression ratio: 6603.7x
  Using model parameters for aggregation, sketches for filtering
Sketchguard Node 12:
  Model dim: 6,603,710 → Sketch size: 1000
  Compression ratio: 6603.7x
  Using model parameters for aggregation, sketches for filtering
Sketchguard Node 13:
  Model dim: 6,603,710 → Sketch size: 1000
  Compression ratio: 6603.7x
  Using model parameters for aggregation, sketches for filtering
Sketchguard Node 14:
  Model dim: 6,603,710 → Sketch size: 1000
  Compression ratio: 6603.7x
  Using model parameters for aggregation, sketches for filtering
Sketchguard Node 15:
  Model dim: 6,603,710 → Sketch size: 1000
  Compression ratio: 6603.7x
  Using model parameters for aggregation, sketches for filtering
Sketchguard Node 16:
  Model dim: 6,603,710 → Sketch size: 1000
  Compression ratio: 6603.7x
  Using model parameters for aggregation, sketches for filtering
Sketchguard Node 17:
  Model dim: 6,603,710 → Sketch size: 1000
  Compression ratio: 6603.7x
  Using model parameters for aggregation, sketches for filtering
Sketchguard Node 18:
  Model dim: 6,603,710 → Sketch size: 1000
  Compression ratio: 6603.7x
  Using model parameters for aggregation, sketches for filtering
Sketchguard Node 19:
  Model dim: 6,603,710 → Sketch size: 1000
  Compression ratio: 6603.7x
  Using model parameters for aggregation, sketches for filtering
Sketchguard ALGORITHM (Sketch-based Filtering + State Aggregation)
  - Model dimension: 6,603,710 parameters
  - Config: SketchguardConfig(gamma=2, kappa=1, alpha=0.5, min_neighbors=1, sketch_size=1000, network_seed=987654321, attack_detection_window=5)
  - Sketch size: 1000
  - Compression ratio: 6603.7x
  - Complexity: O(d + N×k) = O(6,603,710 + 20×1000)
  - Theoretical speedup vs BALANCE: 19.9x
Initial test acc across nodes: mean=0.0168 ± 0.0139
Round 001: test acc mean=0.0498 ± 0.0118 | min=0.0024 max=0.0596
         : test loss mean=192147847.9585 ± 391261874.0131
         : individual accs = ['0.059593', '0.052344', '0.057584', '0.043157', '0.058910', '0.052484', '0.057000', '0.056105', '0.053209', '0.047463', '0.050447', '0.046745', '0.054239', '0.002383', '0.048124', '0.050633', '0.058271', '0.050920', '0.052889', '0.043847']
         : correct/total = [(246, 4128), (220, 4203), (235, 4081), (187, 4333), (241, 4091), (225, 4287), (239, 4193), (244, 4349), (223, 4191), (203, 4277), (209, 4143), (196, 4193), (222, 4093), (10, 4197), (195, 4052), (204, 4029), (242, 4153), (213, 4183), (216, 4084), (181, 4128)]
         : compromised: 0.0477, honest: 0.0582
         : sketchguard stats = ['Node 0: acc_rate=0.167', 'Node 1: acc_rate=0.333', 'Node 2: acc_rate=0.200']...
Round 002: test acc mean=0.0519 ± 0.0050 | min=0.0434 max=0.0601
         : test loss mean=28368107703568.0195 ± 118288598839170.0625
         : individual accs = ['0.044574', '0.051630', '0.055134', '0.043388', '0.057932', '0.057849', '0.044598', '0.058174', '0.053209', '0.050503', '0.060101', '0.045314', '0.054239', '0.045747', '0.051579', '0.056590', '0.049362', '0.050920', '0.055583', '0.050872']
         : correct/total = [(184, 4128), (217, 4203), (225, 4081), (188, 4333), (237, 4091), (248, 4287), (187, 4193), (253, 4349), (223, 4191), (216, 4277), (249, 4143), (190, 4193), (222, 4093), (192, 4197), (209, 4052), (228, 4029), (205, 4153), (213, 4183), (227, 4084), (210, 4128)]
         : compromised: 0.0517, honest: 0.0525
         : sketchguard stats = ['Node 0: acc_rate=0.167', 'Node 1: acc_rate=0.333', 'Node 2: acc_rate=0.200']...
Round 003: test acc mean=0.0571 ± 0.0131 | min=0.0453 max=0.0947
         : test loss mean=42791233458465496.0000 ± 186477312071346656.0000
         : individual accs = ['0.059593', '0.052344', '0.050723', '0.047773', '0.093376', '0.048052', '0.057000', '0.094734', '0.053209', '0.047697', '0.055274', '0.045314', '0.058637', '0.045747', '0.061204', '0.056342', '0.058271', '0.050920', '0.055583', '0.050872']
         : correct/total = [(246, 4128), (220, 4203), (207, 4081), (207, 4333), (382, 4091), (206, 4287), (239, 4193), (412, 4349), (223, 4191), (204, 4277), (229, 4143), (190, 4193), (240, 4093), (192, 4197), (248, 4052), (227, 4029), (242, 4153), (213, 4183), (227, 4084), (210, 4128)]
         : compromised: 0.0523, honest: 0.0765
         : sketchguard stats = ['Node 0: acc_rate=0.167', 'Node 1: acc_rate=0.333', 'Node 2: acc_rate=0.200']...
Round 004: test acc mean=0.0597 ± 0.0128 | min=0.0453 max=0.0954
         : test loss mean=11119825320791603412992.0000 ± 48470194815267185360896.0000
         : individual accs = ['0.059593', '0.052344', '0.057584', '0.048465', '0.082865', '0.095405', '0.057000', '0.081628', '0.053209', '0.053075', '0.069756', '0.045314', '0.058637', '0.045747', '0.061204', '0.056590', '0.058271', '0.050920', '0.055583', '0.050872']
         : correct/total = [(246, 4128), (220, 4203), (235, 4081), (210, 4333), (339, 4091), (409, 4287), (239, 4193), (355, 4349), (223, 4191), (227, 4277), (289, 4143), (190, 4193), (240, 4093), (192, 4197), (248, 4052), (228, 4029), (242, 4153), (213, 4183), (227, 4084), (210, 4128)]
         : compromised: 0.0570, honest: 0.0706
         : sketchguard stats = ['Node 0: acc_rate=0.167', 'Node 1: acc_rate=0.333', 'Node 2: acc_rate=0.200']...
Round 005: test acc mean=0.0515 ± 0.0053 | min=0.0420 max=0.0596
         : test loss mean=1546886473062.0544 ± 6321836946864.7656
         : individual accs = ['0.059593', '0.052344', '0.057584', '0.043388', '0.045710', '0.043387', '0.057000', '0.047827', '0.051062', '0.053776', '0.041999', '0.053184', '0.058637', '0.045747', '0.051826', '0.051378', '0.058271', '0.050920', '0.055583', '0.050872']
         : correct/total = [(246, 4128), (220, 4203), (235, 4081), (188, 4333), (187, 4091), (186, 4287), (239, 4193), (208, 4349), (214, 4191), (230, 4277), (174, 4143), (223, 4193), (240, 4093), (192, 4197), (210, 4052), (207, 4029), (242, 4153), (213, 4183), (227, 4084), (210, 4128)]
         : compromised: 0.0512, honest: 0.0529
         : sketchguard stats = ['Node 0: acc_rate=0.167', 'Node 1: acc_rate=0.333', 'Node 2: acc_rate=0.200']...
Round 006: test acc mean=0.0542 ± 0.0162 | min=0.0417 max=0.1218
         : test loss mean=885164213654.4775 ± 2858718201239.1709
         : individual accs = ['0.051357', '0.052344', '0.121784', '0.048465', '0.051088', '0.043387', '0.051991', '0.051276', '0.049869', '0.043488', '0.050447', '0.041736', '0.058637', '0.045747', '0.061204', '0.051378', '0.052011', '0.050920', '0.055583', '0.050872']
         : correct/total = [(212, 4128), (220, 4203), (497, 4081), (210, 4333), (209, 4091), (186, 4287), (218, 4193), (223, 4349), (209, 4191), (186, 4277), (209, 4143), (175, 4193), (240, 4093), (192, 4197), (248, 4052), (207, 4029), (216, 4153), (213, 4183), (227, 4084), (210, 4128)]
         : compromised: 0.0549, honest: 0.0514
         : sketchguard stats = ['Node 0: acc_rate=0.167', 'Node 1: acc_rate=0.333', 'Node 2: acc_rate=0.200']...
Round 007: test acc mean=0.0580 ± 0.0160 | min=0.0417 max=0.1054
         : test loss mean=57304445063291755036672.0000 ± 249781167396064818364416.0000
         : individual accs = ['0.081638', '0.052344', '0.057584', '0.048465', '0.047421', '0.050618', '0.105414', '0.045528', '0.053209', '0.083236', '0.055998', '0.041736', '0.058637', '0.045747', '0.052073', '0.056590', '0.079220', '0.050920', '0.048482', '0.045058']
         : correct/total = [(337, 4128), (220, 4203), (235, 4081), (210, 4333), (194, 4091), (217, 4287), (442, 4193), (198, 4349), (223, 4191), (356, 4277), (232, 4143), (175, 4193), (240, 4093), (192, 4197), (211, 4052), (228, 4029), (329, 4153), (213, 4183), (198, 4084), (186, 4128)]
         : compromised: 0.0566, honest: 0.0635
         : sketchguard stats = ['Node 0: acc_rate=0.167', 'Node 1: acc_rate=0.286', 'Node 2: acc_rate=0.200']...
Round 008: test acc mean=0.0548 ± 0.0172 | min=0.0330 max=0.1236
         : test loss mean=nan ± nan
         : individual accs = ['0.051599', '0.053295', '0.050723', '0.033003', '0.043021', '0.069279', '0.055807', '0.045068', '0.123598', '0.059387', '0.049722', '0.049606', '0.054728', '0.045985', '0.048124', '0.056342', '0.055141', '0.050442', '0.053134', '0.048450']
         : correct/total = [(213, 4128), (224, 4203), (207, 4081), (143, 4333), (176, 4091), (297, 4287), (234, 4193), (196, 4349), (518, 4191), (254, 4277), (206, 4143), (208, 4193), (224, 4093), (193, 4197), (195, 4052), (227, 4029), (229, 4153), (211, 4183), (217, 4084), (200, 4128)]
         : compromised: 0.0564, honest: 0.0487
         : sketchguard stats = ['Node 0: acc_rate=0.167', 'Node 1: acc_rate=0.271', 'Node 2: acc_rate=0.200']...
Round 009: test acc mean=0.0662 ± 0.0216 | min=0.0439 max=0.1138
         : test loss mean=nan ± nan
         : individual accs = ['0.098110', '0.050916', '0.053908', '0.048465', '0.044977', '0.095171', '0.050799', '0.043918', '0.113815', '0.055880', '0.095824', '0.049606', '0.060103', '0.045747', '0.073297', '0.062298', '0.096797', '0.081042', '0.052400', '0.050872']
         : correct/total = [(405, 4128), (214, 4203), (220, 4081), (210, 4333), (184, 4091), (408, 4287), (213, 4193), (191, 4349), (477, 4191), (239, 4277), (397, 4143), (208, 4193), (246, 4093), (192, 4197), (297, 4052), (251, 4029), (402, 4153), (339, 4183), (214, 4084), (210, 4128)]
         : compromised: 0.0650, honest: 0.0710
         : sketchguard stats = ['Node 0: acc_rate=0.167', 'Node 1: acc_rate=0.259', 'Node 2: acc_rate=0.200']...
Round 010: test acc mean=0.0728 ± 0.0238 | min=0.0328 max=0.1241
         : test loss mean=nan ± nan
         : individual accs = ['0.088663', '0.074233', '0.104141', '0.032772', '0.087509', '0.124096', '0.049130', '0.088526', '0.047960', '0.053776', '0.098721', '0.049606', '0.102859', '0.046223', '0.071076', '0.063043', '0.087407', '0.078652', '0.057297', '0.050872']
         : correct/total = [(366, 4128), (312, 4203), (425, 4081), (142, 4333), (358, 4091), (532, 4287), (206, 4193), (385, 4349), (201, 4191), (230, 4277), (409, 4143), (208, 4193), (421, 4093), (194, 4197), (288, 4052), (254, 4029), (363, 4153), (329, 4183), (234, 4084), (210, 4128)]
         : compromised: 0.0690, honest: 0.0880
         : sketchguard stats = ['Node 0: acc_rate=0.167', 'Node 1: acc_rate=0.250', 'Node 2: acc_rate=0.200']...

=== FINAL RESULTS ===
Dataset: femnist, Nodes: 20, Graph: erdos, Aggregation: sketchguard
Attack: gaussian, 80.0% compromised
Final accuracy - Compromised: 0.0690, Honest: 0.0880
Overall test accuracy: mean=0.0728 ± 0.0238

=== Sketchguard SUMMARY ===
Node 0: acceptance=0.167
Node 1: acceptance=0.250
Node 2: acceptance=0.200
Node 3: acceptance=0.500
Node 4: acceptance=0.250
Node 5: acceptance=0.200
Node 6: acceptance=0.200
Node 7: acceptance=0.200
Node 8: acceptance=0.500
Node 9: acceptance=0.333
Node 10: acceptance=0.250
Node 11: acceptance=0.500
Node 12: acceptance=0.343
Node 13: acceptance=0.500
Node 14: acceptance=0.143
Node 15: acceptance=0.167
Node 16: acceptance=0.200
Node 17: acceptance=0.320
Node 18: acceptance=0.250
Node 19: acceptance=0.500

=== PARALLEL EXECUTION TIME (realistic for distributed system) ===
  COMMUNICATION (max across nodes):
    - Sketch transfer: 0.000s (0.0%)
    - Model fetch (accepted): 0.000s (0.0%)
  COMPUTATION (max across nodes):
    - Sketching: 2.184s (99.0%)
    - Filtering: 0.001s (0.0%)
    - Aggregation: 0.020s (0.9%)
  TOTALS:
    - Total computation: 2.205s (100.0%)
    - Total communication: 0.000s (0.0%)
    - Total parallel time: 2.205s

=== PER-NODE AVERAGE TIME ===
  - Sketching: 1.338s
  - Filtering: 0.001s
  - Aggregation: 0.012s
  - Sketch transfer: 0.000s
  - Model fetch: 0.000s
  - Total per node: 1.351s

=== TOTAL COMPUTATIONAL WORK (sum across all nodes) ===
  - Total sketching: 26.768s
  - Total filtering: 0.013s
  - Total aggregation: 0.246s
  - Total sketch transfer: 0.000s
  - Total model fetch: 0.000s
  - Grand total: 27.026s
  - Mean acceptance rate: 0.299

Sketchguard Algorithm Properties:
  - Original dimension: 6,603,710
  - Sketch size: 1000
  - Compression ratio: 19.9x
  - Single repetition: No repetitions needed
  - Theoretical complexity: O(d + N×k)
  - Approach: Sketch filtering + state aggregation
