Device: cuda
Seed: 987654321
Loading 36 LEAF FEMNIST train files...
LEAF FEMNIST train: 3597 users, 734463 samples
Loading 36 LEAF FEMNIST test files...
LEAF FEMNIST test: 3597 users, 83388 samples
Found 3597 train users, 3597 test users, 3597 common users
User sample counts range: 525 (max) to 17 (min)
Distributed ALL 3597 users across 20 clients
Users per client: 179 (with 17 clients getting +1 user)
Train partition sizes: [36360, 37070, 35957, 38262, 36024, 37732, 36921, 38328, 36867, 37683, 36507, 36915, 36007, 37001, 35681, 35453, 36585, 36801, 35964, 36345]
Test partition sizes: [4128, 4203, 4081, 4333, 4091, 4287, 4193, 4349, 4191, 4277, 4143, 4193, 4093, 4197, 4052, 4029, 4153, 4183, 4084, 4128]
  Client 0: 36360 train samples, 62 unique classes
  Client 1: 37070 train samples, 62 unique classes
  Client 2: 35957 train samples, 62 unique classes
  Client 3: 38262 train samples, 62 unique classes
  Client 4: 36024 train samples, 62 unique classes
  Client 5: 37732 train samples, 62 unique classes
  Client 6: 36921 train samples, 62 unique classes
  Client 7: 38328 train samples, 62 unique classes
  Client 8: 36867 train samples, 62 unique classes
  Client 9: 37683 train samples, 62 unique classes
  Client 10: 36507 train samples, 62 unique classes
  Client 11: 36915 train samples, 62 unique classes
  Client 12: 36007 train samples, 62 unique classes
  Client 13: 37001 train samples, 62 unique classes
  Client 14: 35681 train samples, 62 unique classes
  Client 15: 35453 train samples, 62 unique classes
  Client 16: 36585 train samples, 62 unique classes
  Client 17: 36801 train samples, 62 unique classes
  Client 18: 35964 train samples, 62 unique classes
  Client 19: 36345 train samples, 62 unique classes
Will sample 4500 samples per client per epoch
Graph: ring, nodes: 20, edges: 20
Degree statistics: avg=2.00, min=2, max=2
Attack: Compromised 10/20 nodes: [1, 2, 5, 11, 12, 13, 14, 15, 17, 18]
Attack type: krum, lambda: 1.0
Model variant: baseline
Model parameters: 6,603,710
Sketchguard Node 0:
  Model dim: 6,603,710 → Sketch size: 1000
  Compression ratio: 6603.7x
  Using model parameters for aggregation, sketches for filtering
Sketchguard Node 1:
  Model dim: 6,603,710 → Sketch size: 1000
  Compression ratio: 6603.7x
  Using model parameters for aggregation, sketches for filtering
Sketchguard Node 2:
  Model dim: 6,603,710 → Sketch size: 1000
  Compression ratio: 6603.7x
  Using model parameters for aggregation, sketches for filtering
Sketchguard Node 3:
  Model dim: 6,603,710 → Sketch size: 1000
  Compression ratio: 6603.7x
  Using model parameters for aggregation, sketches for filtering
Sketchguard Node 4:
  Model dim: 6,603,710 → Sketch size: 1000
  Compression ratio: 6603.7x
  Using model parameters for aggregation, sketches for filtering
Sketchguard Node 5:
  Model dim: 6,603,710 → Sketch size: 1000
  Compression ratio: 6603.7x
  Using model parameters for aggregation, sketches for filtering
Sketchguard Node 6:
  Model dim: 6,603,710 → Sketch size: 1000
  Compression ratio: 6603.7x
  Using model parameters for aggregation, sketches for filtering
Sketchguard Node 7:
  Model dim: 6,603,710 → Sketch size: 1000
  Compression ratio: 6603.7x
  Using model parameters for aggregation, sketches for filtering
Sketchguard Node 8:
  Model dim: 6,603,710 → Sketch size: 1000
  Compression ratio: 6603.7x
  Using model parameters for aggregation, sketches for filtering
Sketchguard Node 9:
  Model dim: 6,603,710 → Sketch size: 1000
  Compression ratio: 6603.7x
  Using model parameters for aggregation, sketches for filtering
Sketchguard Node 10:
  Model dim: 6,603,710 → Sketch size: 1000
  Compression ratio: 6603.7x
  Using model parameters for aggregation, sketches for filtering
Sketchguard Node 11:
  Model dim: 6,603,710 → Sketch size: 1000
  Compression ratio: 6603.7x
  Using model parameters for aggregation, sketches for filtering
Sketchguard Node 12:
  Model dim: 6,603,710 → Sketch size: 1000
  Compression ratio: 6603.7x
  Using model parameters for aggregation, sketches for filtering
Sketchguard Node 13:
  Model dim: 6,603,710 → Sketch size: 1000
  Compression ratio: 6603.7x
  Using model parameters for aggregation, sketches for filtering
Sketchguard Node 14:
  Model dim: 6,603,710 → Sketch size: 1000
  Compression ratio: 6603.7x
  Using model parameters for aggregation, sketches for filtering
Sketchguard Node 15:
  Model dim: 6,603,710 → Sketch size: 1000
  Compression ratio: 6603.7x
  Using model parameters for aggregation, sketches for filtering
Sketchguard Node 16:
  Model dim: 6,603,710 → Sketch size: 1000
  Compression ratio: 6603.7x
  Using model parameters for aggregation, sketches for filtering
Sketchguard Node 17:
  Model dim: 6,603,710 → Sketch size: 1000
  Compression ratio: 6603.7x
  Using model parameters for aggregation, sketches for filtering
Sketchguard Node 18:
  Model dim: 6,603,710 → Sketch size: 1000
  Compression ratio: 6603.7x
  Using model parameters for aggregation, sketches for filtering
Sketchguard Node 19:
  Model dim: 6,603,710 → Sketch size: 1000
  Compression ratio: 6603.7x
  Using model parameters for aggregation, sketches for filtering
Sketchguard ALGORITHM (Sketch-based Filtering + State Aggregation)
  - Model dimension: 6,603,710 parameters
  - Config: SketchguardConfig(gamma=2, kappa=1, alpha=0.5, min_neighbors=1, sketch_size=1000, network_seed=987654321, attack_detection_window=5)
  - Sketch size: 1000
  - Compression ratio: 6603.7x
  - Complexity: O(d + N×k) = O(6,603,710 + 20×1000)
  - Theoretical speedup vs BALANCE: 19.9x
Initial test acc across nodes: mean=0.0168 ± 0.0139
Round 001: test acc mean=0.0454 ± 0.0147 | min=0.0030 max=0.0608
         : test loss mean=3917.8785 ± 8130.5292
         : individual accs = ['0.049661', '0.052344', '0.055134', '0.043157', '0.043021', '0.048519', '0.044598', '0.053576', '0.047960', '0.050503', '0.055274', '0.060816', '0.003909', '0.049559', '0.002962', '0.050385', '0.040212', '0.050920', '0.054358', '0.050145']
         : correct/total = [(205, 4128), (220, 4203), (225, 4081), (187, 4333), (176, 4091), (208, 4287), (187, 4193), (233, 4349), (201, 4191), (216, 4277), (229, 4143), (255, 4193), (16, 4093), (208, 4197), (12, 4052), (203, 4029), (167, 4153), (213, 4183), (222, 4084), (207, 4128)]
         : compromised: 0.0429, honest: 0.0478
         : sketchguard stats = ['Node 0: acc_rate=0.500', 'Node 1: acc_rate=0.500', 'Node 2: acc_rate=0.500']...
Round 002: test acc mean=0.0508 ± 0.0103 | min=0.0261 max=0.0847
         : test loss mean=7592610.9134 ± 20373428.0265
         : individual accs = ['0.051599', '0.046158', '0.057584', '0.052850', '0.057932', '0.050618', '0.084665', '0.053116', '0.051062', '0.048398', '0.045619', '0.046983', '0.053750', '0.055278', '0.046644', '0.026061', '0.047195', '0.039445', '0.052889', '0.048450']
         : correct/total = [(213, 4128), (194, 4203), (235, 4081), (229, 4333), (237, 4091), (217, 4287), (355, 4193), (231, 4349), (214, 4191), (207, 4277), (189, 4143), (197, 4193), (220, 4093), (232, 4197), (189, 4052), (105, 4029), (196, 4153), (165, 4183), (216, 4084), (200, 4128)]
         : compromised: 0.0475, honest: 0.0541
         : sketchguard stats = ['Node 0: acc_rate=0.500', 'Node 1: acc_rate=0.500', 'Node 2: acc_rate=0.500']...
Round 003: test acc mean=0.0513 ± 0.0088 | min=0.0232 max=0.0727
         : test loss mean=189378474058.3447 ± 825464757600.8521
         : individual accs = ['0.059593', '0.050916', '0.050723', '0.052850', '0.057932', '0.050618', '0.044598', '0.051276', '0.047960', '0.047463', '0.055274', '0.053184', '0.050818', '0.045747', '0.023198', '0.056342', '0.049362', '0.050203', '0.072723', '0.055475']
         : correct/total = [(246, 4128), (214, 4203), (207, 4081), (229, 4333), (237, 4091), (217, 4287), (187, 4193), (223, 4349), (201, 4191), (203, 4277), (229, 4143), (223, 4193), (208, 4093), (192, 4197), (94, 4052), (227, 4029), (205, 4153), (210, 4183), (297, 4084), (229, 4128)]
         : compromised: 0.0504, honest: 0.0522
         : sketchguard stats = ['Node 0: acc_rate=0.500', 'Node 1: acc_rate=0.500', 'Node 2: acc_rate=0.500']...
Round 004: test acc mean=0.0544 ± 0.0154 | min=0.0232 max=0.0974
         : test loss mean=13717485516708.0469 ± 59793130882639.8672
         : individual accs = ['0.097384', '0.052344', '0.057584', '0.052850', '0.057932', '0.050618', '0.057000', '0.059094', '0.049630', '0.049334', '0.045619', '0.046983', '0.048620', '0.046938', '0.023198', '0.051626', '0.049362', '0.045900', '0.052889', '0.092539']
         : correct/total = [(402, 4128), (220, 4203), (235, 4081), (229, 4333), (237, 4091), (217, 4287), (239, 4193), (257, 4349), (208, 4191), (211, 4277), (189, 4143), (197, 4193), (199, 4093), (197, 4197), (94, 4052), (208, 4029), (205, 4153), (192, 4183), (216, 4084), (382, 4128)]
         : compromised: 0.0477, honest: 0.0611
         : sketchguard stats = ['Node 0: acc_rate=0.500', 'Node 1: acc_rate=0.500', 'Node 2: acc_rate=0.500']...
Round 005: test acc mean=0.0552 ± 0.0124 | min=0.0337 max=0.0899
         : test loss mean=133900578809.0236 ± 583659087946.8640
         : individual accs = ['0.089874', '0.052344', '0.072286', '0.054466', '0.059399', '0.050618', '0.046745', '0.047827', '0.051062', '0.053776', '0.055998', '0.053899', '0.033716', '0.045747', '0.051826', '0.051626', '0.049362', '0.045900', '0.056317', '0.081638']
         : correct/total = [(371, 4128), (220, 4203), (295, 4081), (236, 4333), (243, 4091), (217, 4287), (196, 4193), (208, 4349), (214, 4191), (230, 4277), (232, 4143), (226, 4193), (138, 4093), (192, 4197), (210, 4052), (208, 4029), (205, 4153), (192, 4183), (230, 4084), (337, 4128)]
         : compromised: 0.0514, honest: 0.0590
         : sketchguard stats = ['Node 0: acc_rate=0.500', 'Node 1: acc_rate=0.500', 'Node 2: acc_rate=0.500']...
Round 006: test acc mean=0.0510 ± 0.0146 | min=0.0135 max=0.0770
         : test loss mean=173825813391.2911 ± 757689154094.6138
         : individual accs = ['0.077035', '0.062099', '0.057584', '0.052850', '0.057932', '0.050618', '0.043883', '0.053116', '0.053209', '0.053776', '0.051171', '0.061770', '0.045688', '0.028592', '0.023198', '0.054852', '0.013484', '0.053311', '0.055583', '0.071221']
         : correct/total = [(318, 4128), (261, 4203), (235, 4081), (229, 4333), (237, 4091), (217, 4287), (184, 4193), (231, 4349), (223, 4191), (230, 4277), (212, 4143), (259, 4193), (187, 4093), (120, 4197), (94, 4052), (221, 4029), (56, 4153), (223, 4183), (227, 4084), (294, 4128)]
         : compromised: 0.0493, honest: 0.0528
         : sketchguard stats = ['Node 0: acc_rate=0.500', 'Node 1: acc_rate=0.500', 'Node 2: acc_rate=0.500']...
Round 007: test acc mean=0.0598 ± 0.0286 | min=0.0232 max=0.1410
         : test loss mean=2049.6962 ± 8086.5877
         : individual accs = ['0.140988', '0.052344', '0.057584', '0.044773', '0.047421', '0.051551', '0.076795', '0.058174', '0.053209', '0.054010', '0.056239', '0.053899', '0.059125', '0.024065', '0.023198', '0.054852', '0.054418', '0.045900', '0.050930', '0.136386']
         : correct/total = [(582, 4128), (220, 4203), (235, 4081), (194, 4333), (194, 4091), (221, 4287), (322, 4193), (253, 4349), (223, 4191), (231, 4277), (233, 4143), (226, 4193), (242, 4093), (101, 4197), (94, 4052), (221, 4029), (226, 4153), (192, 4183), (208, 4084), (563, 4128)]
         : compromised: 0.0473, honest: 0.0722
         : sketchguard stats = ['Node 0: acc_rate=0.500', 'Node 1: acc_rate=0.500', 'Node 2: acc_rate=0.500']...
Round 008: test acc mean=0.0691 ± 0.0301 | min=0.0445 max=0.1514
         : test loss mean=590291351.5445 ± 2561111872.8159
         : individual accs = ['0.151405', '0.110635', '0.053908', '0.085160', '0.087509', '0.050618', '0.049130', '0.051276', '0.062038', '0.076923', '0.058895', '0.053899', '0.058637', '0.049083', '0.046397', '0.051626', '0.044546', '0.045900', '0.057052', '0.137112']
         : correct/total = [(625, 4128), (465, 4203), (220, 4081), (369, 4333), (358, 4091), (217, 4287), (206, 4193), (223, 4349), (260, 4191), (329, 4277), (244, 4143), (226, 4193), (240, 4093), (206, 4197), (188, 4052), (208, 4029), (185, 4153), (192, 4183), (233, 4084), (566, 4128)]
         : compromised: 0.0578, honest: 0.0804
         : sketchguard stats = ['Node 0: acc_rate=0.500', 'Node 1: acc_rate=0.500', 'Node 2: acc_rate=0.500']...
Round 009: test acc mean=0.0541 ± 0.0110 | min=0.0141 max=0.0735
         : test loss mean=nan ± nan
         : individual accs = ['0.061773', '0.050916', '0.057584', '0.054927', '0.058910', '0.062281', '0.053899', '0.060704', '0.053209', '0.048398', '0.045619', '0.053899', '0.054239', '0.062426', '0.014067', '0.056590', '0.049362', '0.053311', '0.073457', '0.055717']
         : correct/total = [(255, 4128), (214, 4203), (235, 4081), (238, 4333), (241, 4091), (267, 4287), (226, 4193), (264, 4349), (223, 4191), (207, 4277), (189, 4143), (226, 4193), (222, 4093), (262, 4197), (57, 4052), (228, 4029), (205, 4153), (223, 4183), (300, 4084), (230, 4128)]
         : compromised: 0.0539, honest: 0.0543
         : sketchguard stats = ['Node 0: acc_rate=0.500', 'Node 1: acc_rate=0.500', 'Node 2: acc_rate=0.500']...
Round 010: test acc mean=0.0611 ± 0.0176 | min=0.0480 max=0.1042
         : test loss mean=nan ± nan
         : individual accs = ['0.104167', '0.100404', '0.058074', '0.052850', '0.057932', '0.049219', '0.049130', '0.051276', '0.047960', '0.053776', '0.055998', '0.055092', '0.054239', '0.049083', '0.051826', '0.056590', '0.049362', '0.050203', '0.079334', '0.095203']
         : correct/total = [(430, 4128), (422, 4203), (237, 4081), (229, 4333), (237, 4091), (211, 4287), (206, 4193), (223, 4349), (201, 4191), (230, 4277), (232, 4143), (231, 4193), (222, 4093), (206, 4197), (210, 4052), (228, 4029), (205, 4153), (210, 4183), (324, 4084), (393, 4128)]
         : compromised: 0.0604, honest: 0.0618
         : sketchguard stats = ['Node 0: acc_rate=0.500', 'Node 1: acc_rate=0.500', 'Node 2: acc_rate=0.500']...

=== FINAL RESULTS ===
Dataset: femnist, Nodes: 20, Graph: ring, Aggregation: sketchguard
Attack: krum, 50.0% compromised
Final accuracy - Compromised: 0.0604, Honest: 0.0618
Overall test accuracy: mean=0.0611 ± 0.0176

=== Sketchguard SUMMARY ===
Node 0: acceptance=0.500
Node 1: acceptance=0.500
Node 2: acceptance=0.500
Node 3: acceptance=0.500
Node 4: acceptance=0.500
Node 5: acceptance=0.800
Node 6: acceptance=0.500
Node 7: acceptance=1.000
Node 8: acceptance=1.000
Node 9: acceptance=1.000
Node 10: acceptance=0.500
Node 11: acceptance=0.500
Node 12: acceptance=0.500
Node 13: acceptance=0.500
Node 14: acceptance=0.350
Node 15: acceptance=0.350
Node 16: acceptance=0.900
Node 17: acceptance=0.350
Node 18: acceptance=0.500
Node 19: acceptance=0.500

=== PARALLEL EXECUTION TIME (realistic for distributed system) ===
  COMMUNICATION (max across nodes):
    - Sketch transfer: 0.000s (0.0%)
    - Model fetch (accepted): 0.000s (0.0%)
  COMPUTATION (max across nodes):
    - Sketching: 1.458s (98.8%)
    - Filtering: 0.001s (0.1%)
    - Aggregation: 0.016s (1.1%)
  TOTALS:
    - Total computation: 1.475s (100.0%)
    - Total communication: 0.000s (0.0%)
    - Total parallel time: 1.475s

=== PER-NODE AVERAGE TIME ===
  - Sketching: 1.209s
  - Filtering: 0.001s
  - Aggregation: 0.010s
  - Sketch transfer: 0.000s
  - Model fetch: 0.000s
  - Total per node: 1.219s

=== TOTAL COMPUTATIONAL WORK (sum across all nodes) ===
  - Total sketching: 24.172s
  - Total filtering: 0.010s
  - Total aggregation: 0.199s
  - Total sketch transfer: 0.000s
  - Total model fetch: 0.000s
  - Grand total: 24.382s
  - Mean acceptance rate: 0.588

Sketchguard Algorithm Properties:
  - Original dimension: 6,603,710
  - Sketch size: 1000
  - Compression ratio: 19.9x
  - Single repetition: No repetitions needed
  - Theoretical complexity: O(d + N×k)
  - Approach: Sketch filtering + state aggregation
