Device: cuda
Seed: 987654321
Loading 36 LEAF FEMNIST train files...
LEAF FEMNIST train: 3597 users, 734463 samples
Loading 36 LEAF FEMNIST test files...
LEAF FEMNIST test: 3597 users, 83388 samples
Found 3597 train users, 3597 test users, 3597 common users
User sample counts range: 525 (max) to 17 (min)
Distributed ALL 3597 users across 20 clients
Users per client: 179 (with 17 clients getting +1 user)
Train partition sizes: [36360, 37070, 35957, 38262, 36024, 37732, 36921, 38328, 36867, 37683, 36507, 36915, 36007, 37001, 35681, 35453, 36585, 36801, 35964, 36345]
Test partition sizes: [4128, 4203, 4081, 4333, 4091, 4287, 4193, 4349, 4191, 4277, 4143, 4193, 4093, 4197, 4052, 4029, 4153, 4183, 4084, 4128]
  Client 0: 36360 train samples, 62 unique classes
  Client 1: 37070 train samples, 62 unique classes
  Client 2: 35957 train samples, 62 unique classes
  Client 3: 38262 train samples, 62 unique classes
  Client 4: 36024 train samples, 62 unique classes
  Client 5: 37732 train samples, 62 unique classes
  Client 6: 36921 train samples, 62 unique classes
  Client 7: 38328 train samples, 62 unique classes
  Client 8: 36867 train samples, 62 unique classes
  Client 9: 37683 train samples, 62 unique classes
  Client 10: 36507 train samples, 62 unique classes
  Client 11: 36915 train samples, 62 unique classes
  Client 12: 36007 train samples, 62 unique classes
  Client 13: 37001 train samples, 62 unique classes
  Client 14: 35681 train samples, 62 unique classes
  Client 15: 35453 train samples, 62 unique classes
  Client 16: 36585 train samples, 62 unique classes
  Client 17: 36801 train samples, 62 unique classes
  Client 18: 35964 train samples, 62 unique classes
  Client 19: 36345 train samples, 62 unique classes
Will sample 10000 samples per client per epoch
Graph: fully, nodes: 20, edges: 190
Degree statistics: avg=19.00, min=19, max=19
Attack: Compromised 14/20 nodes: [1, 2, 3, 5, 6, 8, 11, 12, 13, 14, 15, 17, 18, 19]
Attack type: gaussian, lambda: 1.0
Model variant: baseline
Model parameters: 6,603,710
Sketchguard Node 0:
  Model dim: 6,603,710 → Sketch size: 1000
  Compression ratio: 6603.7x
  Using model parameters for aggregation, sketches for filtering
Sketchguard Node 1:
  Model dim: 6,603,710 → Sketch size: 1000
  Compression ratio: 6603.7x
  Using model parameters for aggregation, sketches for filtering
Sketchguard Node 2:
  Model dim: 6,603,710 → Sketch size: 1000
  Compression ratio: 6603.7x
  Using model parameters for aggregation, sketches for filtering
Sketchguard Node 3:
  Model dim: 6,603,710 → Sketch size: 1000
  Compression ratio: 6603.7x
  Using model parameters for aggregation, sketches for filtering
Sketchguard Node 4:
  Model dim: 6,603,710 → Sketch size: 1000
  Compression ratio: 6603.7x
  Using model parameters for aggregation, sketches for filtering
Sketchguard Node 5:
  Model dim: 6,603,710 → Sketch size: 1000
  Compression ratio: 6603.7x
  Using model parameters for aggregation, sketches for filtering
Sketchguard Node 6:
  Model dim: 6,603,710 → Sketch size: 1000
  Compression ratio: 6603.7x
  Using model parameters for aggregation, sketches for filtering
Sketchguard Node 7:
  Model dim: 6,603,710 → Sketch size: 1000
  Compression ratio: 6603.7x
  Using model parameters for aggregation, sketches for filtering
Sketchguard Node 8:
  Model dim: 6,603,710 → Sketch size: 1000
  Compression ratio: 6603.7x
  Using model parameters for aggregation, sketches for filtering
Sketchguard Node 9:
  Model dim: 6,603,710 → Sketch size: 1000
  Compression ratio: 6603.7x
  Using model parameters for aggregation, sketches for filtering
Sketchguard Node 10:
  Model dim: 6,603,710 → Sketch size: 1000
  Compression ratio: 6603.7x
  Using model parameters for aggregation, sketches for filtering
Sketchguard Node 11:
  Model dim: 6,603,710 → Sketch size: 1000
  Compression ratio: 6603.7x
  Using model parameters for aggregation, sketches for filtering
Sketchguard Node 12:
  Model dim: 6,603,710 → Sketch size: 1000
  Compression ratio: 6603.7x
  Using model parameters for aggregation, sketches for filtering
Sketchguard Node 13:
  Model dim: 6,603,710 → Sketch size: 1000
  Compression ratio: 6603.7x
  Using model parameters for aggregation, sketches for filtering
Sketchguard Node 14:
  Model dim: 6,603,710 → Sketch size: 1000
  Compression ratio: 6603.7x
  Using model parameters for aggregation, sketches for filtering
Sketchguard Node 15:
  Model dim: 6,603,710 → Sketch size: 1000
  Compression ratio: 6603.7x
  Using model parameters for aggregation, sketches for filtering
Sketchguard Node 16:
  Model dim: 6,603,710 → Sketch size: 1000
  Compression ratio: 6603.7x
  Using model parameters for aggregation, sketches for filtering
Sketchguard Node 17:
  Model dim: 6,603,710 → Sketch size: 1000
  Compression ratio: 6603.7x
  Using model parameters for aggregation, sketches for filtering
Sketchguard Node 18:
  Model dim: 6,603,710 → Sketch size: 1000
  Compression ratio: 6603.7x
  Using model parameters for aggregation, sketches for filtering
Sketchguard Node 19:
  Model dim: 6,603,710 → Sketch size: 1000
  Compression ratio: 6603.7x
  Using model parameters for aggregation, sketches for filtering
Sketchguard ALGORITHM (Sketch-based Filtering + State Aggregation)
  - Model dimension: 6,603,710 parameters
  - Config: SketchguardConfig(gamma=2, kappa=1, alpha=0.5, min_neighbors=1, sketch_size=1000, network_seed=987654321, attack_detection_window=5)
  - Sketch size: 1000
  - Compression ratio: 6603.7x
  - Complexity: O(d + N×k) = O(6,603,710 + 20×1000)
  - Theoretical speedup vs BALANCE: 19.9x
Initial test acc across nodes: mean=0.0168 ± 0.0139
Round 001: test acc mean=0.4885 ± 0.0400 | min=0.4172 max=0.5825
         : test loss mean=3.7503 ± 0.0291
         : individual accs = ['0.508236', '0.487747', '0.548640', '0.509808', '0.481056', '0.582459', '0.494634', '0.455967', '0.466476', '0.419687', '0.489983', '0.512998', '0.436110', '0.417203', '0.513327', '0.527923', '0.451722', '0.500837', '0.475514', '0.489341']
         : correct/total = [(2098, 4128), (2050, 4203), (2239, 4081), (2209, 4333), (1968, 4091), (2497, 4287), (2074, 4193), (1983, 4349), (1955, 4191), (1795, 4277), (2030, 4143), (2151, 4193), (1785, 4093), (1751, 4197), (2080, 4052), (2127, 4029), (1876, 4153), (2095, 4183), (1942, 4084), (2020, 4128)]
         : compromised: 0.4974, honest: 0.4678
         : sketchguard stats = ['Node 0: acc_rate=0.263', 'Node 1: acc_rate=0.316', 'Node 2: acc_rate=0.316']...
Round 002: test acc mean=0.6551 ± 0.0305 | min=0.5719 max=0.6954
         : test loss mean=3.3397 ± 0.1391
         : individual accs = ['0.650194', '0.693552', '0.622396', '0.672513', '0.685163', '0.695358', '0.632244', '0.660382', '0.639227', '0.640168', '0.656770', '0.643930', '0.624969', '0.686681', '0.678677', '0.571854', '0.650373', '0.693043', '0.677277', '0.627907']
         : correct/total = [(2684, 4128), (2915, 4203), (2540, 4081), (2914, 4333), (2803, 4091), (2981, 4287), (2651, 4193), (2872, 4349), (2679, 4191), (2738, 4277), (2721, 4143), (2700, 4193), (2558, 4093), (2882, 4197), (2750, 4052), (2304, 4029), (2701, 4153), (2899, 4183), (2766, 4084), (2592, 4128)]
         : compromised: 0.6543, honest: 0.6572
         : sketchguard stats = ['Node 0: acc_rate=0.263', 'Node 1: acc_rate=0.316', 'Node 2: acc_rate=0.316']...
Round 003: test acc mean=0.6250 ± 0.0372 | min=0.5405 max=0.7057
         : test loss mean=2.5717 ± 0.3033
         : individual accs = ['0.655766', '0.647157', '0.565548', '0.638126', '0.705695', '0.616282', '0.631767', '0.673488', '0.647817', '0.658405', '0.617186', '0.573098', '0.619594', '0.598523', '0.624136', '0.606354', '0.646280', '0.540521', '0.628550', '0.604893']
         : correct/total = [(2707, 4128), (2720, 4203), (2308, 4081), (2765, 4333), (2887, 4091), (2642, 4287), (2649, 4193), (2929, 4349), (2715, 4191), (2816, 4277), (2557, 4143), (2403, 4193), (2536, 4093), (2512, 4197), (2529, 4052), (2443, 4029), (2684, 4153), (2261, 4183), (2567, 4084), (2497, 4128)]
         : compromised: 0.6102, honest: 0.6595
         : sketchguard stats = ['Node 0: acc_rate=0.263', 'Node 1: acc_rate=0.316', 'Node 2: acc_rate=0.316']...
Round 004: test acc mean=0.7135 ± 0.0362 | min=0.6359 max=0.7714
         : test loss mean=1.3896 ± 0.2221
         : individual accs = ['0.735465', '0.683084', '0.697378', '0.727210', '0.771450', '0.681829', '0.721440', '0.759945', '0.736101', '0.748188', '0.725078', '0.708323', '0.705839', '0.694067', '0.715696', '0.635890', '0.764508', '0.732250', '0.689520', '0.636870']
         : correct/total = [(3036, 4128), (2871, 4203), (2846, 4081), (3151, 4333), (3156, 4091), (2923, 4287), (3025, 4193), (3305, 4349), (3085, 4191), (3200, 4277), (3004, 4143), (2970, 4193), (2889, 4093), (2913, 4197), (2900, 4052), (2562, 4029), (3175, 4153), (3063, 4183), (2816, 4084), (2629, 4128)]
         : compromised: 0.6975, honest: 0.7508
         : sketchguard stats = ['Node 0: acc_rate=0.263', 'Node 1: acc_rate=0.316', 'Node 2: acc_rate=0.316']...
Round 005: test acc mean=0.8001 ± 0.0110 | min=0.7759 max=0.8186
         : test loss mean=0.6963 ± 0.0509
         : individual accs = ['0.806444', '0.801808', '0.806420', '0.794369', '0.817404', '0.806391', '0.795373', '0.818579', '0.790981', '0.812018', '0.799421', '0.781779', '0.798192', '0.801525', '0.797878', '0.775875', '0.813629', '0.796557', '0.802400', '0.784884']
         : correct/total = [(3329, 4128), (3370, 4203), (3291, 4081), (3442, 4333), (3344, 4091), (3457, 4287), (3335, 4193), (3560, 4349), (3315, 4191), (3473, 4277), (3312, 4143), (3278, 4193), (3267, 4093), (3364, 4197), (3233, 4052), (3126, 4029), (3379, 4153), (3332, 4183), (3277, 4084), (3240, 4128)]
         : compromised: 0.7953, honest: 0.8112
         : sketchguard stats = ['Node 0: acc_rate=0.263', 'Node 1: acc_rate=0.316', 'Node 2: acc_rate=0.316']...
Round 006: test acc mean=0.8239 ± 0.0077 | min=0.8094 max=0.8358
         : test loss mean=0.5590 ± 0.0233
         : individual accs = ['0.826066', '0.835356', '0.835825', '0.828064', '0.834026', '0.823653', '0.815645', '0.833525', '0.818182', '0.831424', '0.818972', '0.818269', '0.823846', '0.819871', '0.819842', '0.809382', '0.827113', '0.816161', '0.830069', '0.812016']
         : correct/total = [(3410, 4128), (3511, 4203), (3411, 4081), (3588, 4333), (3412, 4091), (3531, 4287), (3420, 4193), (3625, 4349), (3429, 4191), (3556, 4277), (3393, 4143), (3431, 4193), (3372, 4093), (3441, 4197), (3322, 4052), (3261, 4029), (3435, 4153), (3414, 4183), (3390, 4084), (3352, 4128)]
         : compromised: 0.8219, honest: 0.8285
         : sketchguard stats = ['Node 0: acc_rate=0.263', 'Node 1: acc_rate=0.316', 'Node 2: acc_rate=0.316']...
Round 007: test acc mean=0.8354 ± 0.0079 | min=0.8230 max=0.8489
         : test loss mean=0.5090 ± 0.0239
         : individual accs = ['0.837936', '0.838211', '0.844156', '0.839141', '0.847470', '0.837882', '0.828047', '0.848931', '0.834407', '0.843114', '0.824282', '0.828047', '0.842170', '0.831785', '0.832675', '0.823033', '0.837226', '0.825006', '0.842067', '0.823159']
         : correct/total = [(3459, 4128), (3523, 4203), (3445, 4081), (3636, 4333), (3467, 4091), (3592, 4287), (3472, 4193), (3692, 4349), (3497, 4191), (3606, 4277), (3415, 4143), (3472, 4193), (3447, 4093), (3491, 4197), (3374, 4052), (3316, 4029), (3477, 4153), (3451, 4183), (3439, 4084), (3398, 4128)]
         : compromised: 0.8336, honest: 0.8398
         : sketchguard stats = ['Node 0: acc_rate=0.263', 'Node 1: acc_rate=0.316', 'Node 2: acc_rate=0.316']...
Round 008: test acc mean=0.8418 ± 0.0076 | min=0.8290 max=0.8518
         : test loss mean=0.4818 ± 0.0240
         : individual accs = ['0.839390', '0.850107', '0.847586', '0.845142', '0.851381', '0.848146', '0.831147', '0.848011', '0.841565', '0.851765', '0.832730', '0.834725', '0.847545', '0.842030', '0.831194', '0.828990', '0.845654', '0.836242', '0.850147', '0.832849']
         : correct/total = [(3465, 4128), (3573, 4203), (3459, 4081), (3662, 4333), (3483, 4091), (3636, 4287), (3485, 4193), (3688, 4349), (3527, 4191), (3643, 4277), (3450, 4143), (3500, 4193), (3469, 4093), (3534, 4197), (3368, 4052), (3340, 4029), (3512, 4153), (3498, 4183), (3472, 4084), (3438, 4128)]
         : compromised: 0.8405, honest: 0.8448
         : sketchguard stats = ['Node 0: acc_rate=0.263', 'Node 1: acc_rate=0.316', 'Node 2: acc_rate=0.316']...
Round 009: test acc mean=0.8461 ± 0.0079 | min=0.8350 max=0.8611
         : test loss mean=0.4626 ± 0.0218
         : individual accs = ['0.839147', '0.853200', '0.856163', '0.850450', '0.854314', '0.853044', '0.836155', '0.861117', '0.844906', '0.853636', '0.835144', '0.839017', '0.846812', '0.843698', '0.837858', '0.838173', '0.851914', '0.840545', '0.851861', '0.835029']
         : correct/total = [(3464, 4128), (3586, 4203), (3494, 4081), (3685, 4333), (3495, 4091), (3657, 4287), (3506, 4193), (3745, 4349), (3541, 4191), (3651, 4277), (3460, 4143), (3518, 4193), (3466, 4093), (3541, 4197), (3395, 4052), (3377, 4029), (3538, 4153), (3516, 4183), (3479, 4084), (3447, 4128)]
         : compromised: 0.8448, honest: 0.8492
         : sketchguard stats = ['Node 0: acc_rate=0.263', 'Node 1: acc_rate=0.316', 'Node 2: acc_rate=0.316']...
Round 010: test acc mean=0.8495 ± 0.0075 | min=0.8328 max=0.8592
         : test loss mean=0.4506 ± 0.0217
         : individual accs = ['0.846415', '0.857007', '0.857388', '0.852296', '0.859203', '0.853511', '0.842118', '0.857209', '0.850394', '0.853636', '0.841661', '0.839971', '0.855607', '0.852037', '0.843287', '0.837180', '0.853841', '0.847956', '0.857003', '0.832849']
         : correct/total = [(3494, 4128), (3602, 4203), (3499, 4081), (3693, 4333), (3515, 4091), (3659, 4287), (3531, 4193), (3728, 4349), (3564, 4191), (3651, 4277), (3487, 4143), (3522, 4193), (3502, 4093), (3576, 4197), (3417, 4052), (3373, 4029), (3546, 4153), (3547, 4183), (3500, 4084), (3438, 4128)]
         : compromised: 0.8485, honest: 0.8520
         : sketchguard stats = ['Node 0: acc_rate=0.263', 'Node 1: acc_rate=0.316', 'Node 2: acc_rate=0.316']...

=== FINAL RESULTS ===
Dataset: femnist, Nodes: 20, Graph: fully, Aggregation: sketchguard
Attack: gaussian, 70.0% compromised
Final accuracy - Compromised: 0.8485, Honest: 0.8520
Overall test accuracy: mean=0.8495 ± 0.0075

=== Sketchguard SUMMARY ===
Node 0: acceptance=0.263
Node 1: acceptance=0.316
Node 2: acceptance=0.316
Node 3: acceptance=0.316
Node 4: acceptance=0.263
Node 5: acceptance=0.316
Node 6: acceptance=0.316
Node 7: acceptance=0.263
Node 8: acceptance=0.316
Node 9: acceptance=0.263
Node 10: acceptance=0.263
Node 11: acceptance=0.316
Node 12: acceptance=0.316
Node 13: acceptance=0.316
Node 14: acceptance=0.316
Node 15: acceptance=0.316
Node 16: acceptance=0.263
Node 17: acceptance=0.316
Node 18: acceptance=0.316
Node 19: acceptance=0.316

=== PARALLEL EXECUTION TIME (realistic for distributed system) ===
  COMMUNICATION (max across nodes):
    - Sketch transfer: 0.000s (0.0%)
    - Model fetch (accepted): 0.000s (0.0%)
  COMPUTATION (max across nodes):
    - Sketching: 3.208s (99.4%)
    - Filtering: 0.003s (0.1%)
    - Aggregation: 0.017s (0.5%)
  TOTALS:
    - Total computation: 3.228s (100.0%)
    - Total communication: 0.000s (0.0%)
    - Total parallel time: 3.228s

=== PER-NODE AVERAGE TIME ===
  - Sketching: 2.869s
  - Filtering: 0.001s
  - Aggregation: 0.013s
  - Sketch transfer: 0.000s
  - Model fetch: 0.000s
  - Total per node: 2.883s

=== TOTAL COMPUTATIONAL WORK (sum across all nodes) ===
  - Total sketching: 57.374s
  - Total filtering: 0.029s
  - Total aggregation: 0.259s
  - Total sketch transfer: 0.000s
  - Total model fetch: 0.000s
  - Grand total: 57.662s
  - Mean acceptance rate: 0.300

Sketchguard Algorithm Properties:
  - Original dimension: 6,603,710
  - Sketch size: 1000
  - Compression ratio: 19.9x
  - Single repetition: No repetitions needed
  - Theoretical complexity: O(d + N×k)
  - Approach: Sketch filtering + state aggregation
