Device: cuda
Seed: 987654321
Loading 36 LEAF FEMNIST train files...
LEAF FEMNIST train: 3597 users, 734463 samples
Loading 36 LEAF FEMNIST test files...
LEAF FEMNIST test: 3597 users, 83388 samples
Found 3597 train users, 3597 test users, 3597 common users
User sample counts range: 525 (max) to 17 (min)
Distributed ALL 3597 users across 20 clients
Users per client: 179 (with 17 clients getting +1 user)
Train partition sizes: [36360, 37070, 35957, 38262, 36024, 37732, 36921, 38328, 36867, 37683, 36507, 36915, 36007, 37001, 35681, 35453, 36585, 36801, 35964, 36345]
Test partition sizes: [4128, 4203, 4081, 4333, 4091, 4287, 4193, 4349, 4191, 4277, 4143, 4193, 4093, 4197, 4052, 4029, 4153, 4183, 4084, 4128]
  Client 0: 36360 train samples, 62 unique classes
  Client 1: 37070 train samples, 62 unique classes
  Client 2: 35957 train samples, 62 unique classes
  Client 3: 38262 train samples, 62 unique classes
  Client 4: 36024 train samples, 62 unique classes
  Client 5: 37732 train samples, 62 unique classes
  Client 6: 36921 train samples, 62 unique classes
  Client 7: 38328 train samples, 62 unique classes
  Client 8: 36867 train samples, 62 unique classes
  Client 9: 37683 train samples, 62 unique classes
  Client 10: 36507 train samples, 62 unique classes
  Client 11: 36915 train samples, 62 unique classes
  Client 12: 36007 train samples, 62 unique classes
  Client 13: 37001 train samples, 62 unique classes
  Client 14: 35681 train samples, 62 unique classes
  Client 15: 35453 train samples, 62 unique classes
  Client 16: 36585 train samples, 62 unique classes
  Client 17: 36801 train samples, 62 unique classes
  Client 18: 35964 train samples, 62 unique classes
  Client 19: 36345 train samples, 62 unique classes
Will sample 4500 samples per client per epoch
Graph: erdos, nodes: 20, edges: 48
Degree statistics: avg=4.80, min=2, max=7
Attack: Compromised 8/20 nodes: [1, 5, 11, 12, 13, 14, 17, 18]
Attack type: gaussian, lambda: 1.0
Model variant: baseline
Model parameters: 6,603,710
Initial test acc across nodes: mean=0.0168 ± 0.0139
Round 001: test acc mean=0.0254 ± 0.0210 | min=0.0020 max=0.0596
         : test loss mean=75628744.3661 ± 65099183.5219
         : individual accs = ['0.059593', '0.052344', '0.001960', '0.006462', '0.012711', '0.004899', '0.005485', '0.015636', '0.054880', '0.020809', '0.014241', '0.012879', '0.044710', '0.049559', '0.006417', '0.056590', '0.016855', '0.005498', '0.012488', '0.054506']
         : correct/total = [(246, 4128), (220, 4203), (8, 4081), (28, 4333), (52, 4091), (21, 4287), (23, 4193), (68, 4349), (230, 4191), (89, 4277), (59, 4143), (54, 4193), (183, 4093), (208, 4197), (26, 4052), (228, 4029), (70, 4153), (23, 4183), (51, 4084), (225, 4128)]
         : compromised: 0.0236, honest: 0.0266
Round 002: test acc mean=0.0540 ± 0.0165 | min=0.0284 max=0.1015
         : test loss mean=nan ± nan
         : individual accs = ['0.044574', '0.095646', '0.045087', '0.043157', '0.057932', '0.047586', '0.043883', '0.045068', '0.049630', '0.044891', '0.048033', '0.049606', '0.058637', '0.028354', '0.061204', '0.101514', '0.058271', '0.049486', '0.052889', '0.054506']
         : correct/total = [(184, 4128), (402, 4203), (184, 4081), (187, 4333), (237, 4091), (204, 4287), (184, 4193), (196, 4349), (208, 4191), (192, 4277), (199, 4143), (208, 4193), (240, 4093), (119, 4197), (248, 4052), (409, 4029), (242, 4153), (207, 4183), (216, 4084), (225, 4128)]
         : compromised: 0.0554, honest: 0.0530
Round 003: test acc mean=0.0478 ± 0.0110 | min=0.0059 max=0.0666
         : test loss mean=nan ± nan
         : individual accs = ['0.066618', '0.005948', '0.053418', '0.043157', '0.043021', '0.045253', '0.043883', '0.045068', '0.049630', '0.047229', '0.048033', '0.049606', '0.054239', '0.049083', '0.047878', '0.056342', '0.051047', '0.049486', '0.052889', '0.054506']
         : correct/total = [(275, 4128), (25, 4203), (218, 4081), (187, 4333), (176, 4091), (194, 4287), (184, 4193), (196, 4349), (208, 4191), (202, 4277), (199, 4143), (208, 4193), (222, 4093), (206, 4197), (194, 4052), (227, 4029), (212, 4153), (207, 4183), (216, 4084), (225, 4128)]
         : compromised: 0.0443, honest: 0.0502
Round 004: test acc mean=0.0478 ± 0.0092 | min=0.0140 max=0.0601
         : test loss mean=nan ± nan
         : individual accs = ['0.060078', '0.014038', '0.053418', '0.036464', '0.043021', '0.045253', '0.049130', '0.045068', '0.049630', '0.044891', '0.048033', '0.049606', '0.054239', '0.049559', '0.051826', '0.054852', '0.049362', '0.049486', '0.052889', '0.054506']
         : correct/total = [(248, 4128), (59, 4203), (218, 4081), (158, 4333), (176, 4091), (194, 4287), (206, 4193), (196, 4349), (208, 4191), (192, 4277), (199, 4143), (208, 4193), (222, 4093), (208, 4197), (210, 4052), (221, 4029), (205, 4153), (207, 4183), (216, 4084), (225, 4128)]
         : compromised: 0.0459, honest: 0.0490
Round 005: test acc mean=0.0504 ± 0.0094 | min=0.0334 max=0.0850
         : test loss mean=nan ± nan
         : individual accs = ['0.085029', '0.049013', '0.053418', '0.046619', '0.043021', '0.045253', '0.033389', '0.045068', '0.049630', '0.043488', '0.048033', '0.049606', '0.054239', '0.046938', '0.051826', '0.054852', '0.052011', '0.049486', '0.052889', '0.054506']
         : correct/total = [(351, 4128), (206, 4203), (218, 4081), (202, 4333), (176, 4091), (194, 4287), (140, 4193), (196, 4349), (208, 4191), (186, 4277), (199, 4143), (208, 4193), (222, 4093), (197, 4197), (210, 4052), (221, 4029), (216, 4153), (207, 4183), (216, 4084), (225, 4128)]
         : compromised: 0.0499, honest: 0.0508
Round 006: test acc mean=0.0513 ± 0.0127 | min=0.0393 max=0.1040
         : test loss mean=nan ± nan
         : individual accs = ['0.047238', '0.048775', '0.053418', '0.043157', '0.043021', '0.045253', '0.049130', '0.045068', '0.049630', '0.039280', '0.048033', '0.049606', '0.054239', '0.045747', '0.051826', '0.103996', '0.052011', '0.049486', '0.052889', '0.054506']
         : correct/total = [(195, 4128), (205, 4203), (218, 4081), (187, 4333), (176, 4091), (194, 4287), (206, 4193), (196, 4349), (208, 4191), (168, 4277), (199, 4143), (208, 4193), (222, 4093), (192, 4197), (210, 4052), (419, 4029), (216, 4153), (207, 4183), (216, 4084), (225, 4128)]
         : compromised: 0.0497, honest: 0.0524
Round 007: test acc mean=0.0660 ± 0.0623 | min=0.0117 max=0.3004
         : test loss mean=nan ± nan
         : individual accs = ['0.300388', '0.011658', '0.053418', '0.043388', '0.043021', '0.045253', '0.033389', '0.045068', '0.049630', '0.048398', '0.048033', '0.049606', '0.054239', '0.049083', '0.051826', '0.184661', '0.052011', '0.049486', '0.052889', '0.054506']
         : correct/total = [(1240, 4128), (49, 4203), (218, 4081), (188, 4333), (176, 4091), (194, 4287), (140, 4193), (196, 4349), (208, 4191), (207, 4277), (199, 4143), (208, 4193), (222, 4093), (206, 4197), (210, 4052), (744, 4029), (216, 4153), (207, 4183), (216, 4084), (225, 4128)]
         : compromised: 0.0455, honest: 0.0797
Round 008: test acc mean=0.0660 ± 0.0510 | min=0.0424 max=0.2396
         : test loss mean=nan ± nan
         : individual accs = ['0.239583', '0.057102', '0.053418', '0.043157', '0.043021', '0.045253', '0.050799', '0.045068', '0.049630', '0.043488', '0.048033', '0.049606', '0.054239', '0.042411', '0.051826', '0.194589', '0.052011', '0.049486', '0.052889', '0.054506']
         : correct/total = [(989, 4128), (240, 4203), (218, 4081), (187, 4333), (176, 4091), (194, 4287), (213, 4193), (196, 4349), (208, 4191), (186, 4277), (199, 4143), (208, 4193), (222, 4093), (178, 4197), (210, 4052), (784, 4029), (216, 4153), (207, 4183), (216, 4084), (225, 4128)]
         : compromised: 0.0504, honest: 0.0764
Round 009: test acc mean=0.0720 ± 0.0757 | min=0.0040 max=0.2992
         : test loss mean=nan ± nan
         : individual accs = ['0.299176', '0.004045', '0.053418', '0.043388', '0.043021', '0.045253', '0.053184', '0.045068', '0.049630', '0.047697', '0.048033', '0.049606', '0.054239', '0.049083', '0.051826', '0.294614', '0.052011', '0.049486', '0.052889', '0.054506']
         : correct/total = [(1235, 4128), (17, 4203), (218, 4081), (188, 4333), (176, 4091), (194, 4287), (223, 4193), (196, 4349), (208, 4191), (204, 4277), (199, 4143), (208, 4193), (222, 4093), (206, 4197), (210, 4052), (1187, 4029), (216, 4153), (207, 4183), (216, 4084), (225, 4128)]
         : compromised: 0.0446, honest: 0.0903
Round 010: test acc mean=0.0786 ± 0.0941 | min=0.0150 max=0.3607
         : test loss mean=nan ± nan
         : individual accs = ['0.360707', '0.014989', '0.053418', '0.043157', '0.043021', '0.045253', '0.043883', '0.045068', '0.049630', '0.053075', '0.048033', '0.049606', '0.054239', '0.049083', '0.051826', '0.358898', '0.052011', '0.049486', '0.052889', '0.054506']
         : correct/total = [(1489, 4128), (63, 4203), (218, 4081), (187, 4333), (176, 4091), (194, 4287), (184, 4193), (196, 4349), (208, 4191), (227, 4277), (199, 4143), (208, 4193), (222, 4093), (206, 4197), (210, 4052), (1446, 4029), (216, 4153), (207, 4183), (216, 4084), (225, 4128)]
         : compromised: 0.0459, honest: 0.1005

=== FINAL RESULTS ===
Dataset: femnist, Nodes: 20, Graph: erdos, Aggregation: krum
Attack: gaussian, 40.0% compromised
Final accuracy - Compromised: 0.0459, Honest: 0.1005
Overall test accuracy: mean=0.0786 ± 0.0941
