Device: cuda
Seed: 987654321
Loading 36 LEAF FEMNIST train files...
LEAF FEMNIST train: 3597 users, 734463 samples
Loading 36 LEAF FEMNIST test files...
LEAF FEMNIST test: 3597 users, 83388 samples
Found 3597 train users, 3597 test users, 3597 common users
User sample counts range: 525 (max) to 17 (min)
Distributed ALL 3597 users across 20 clients
Users per client: 179 (with 17 clients getting +1 user)
Train partition sizes: [36360, 37070, 35957, 38262, 36024, 37732, 36921, 38328, 36867, 37683, 36507, 36915, 36007, 37001, 35681, 35453, 36585, 36801, 35964, 36345]
Test partition sizes: [4128, 4203, 4081, 4333, 4091, 4287, 4193, 4349, 4191, 4277, 4143, 4193, 4093, 4197, 4052, 4029, 4153, 4183, 4084, 4128]
  Client 0: 36360 train samples, 62 unique classes
  Client 1: 37070 train samples, 62 unique classes
  Client 2: 35957 train samples, 62 unique classes
  Client 3: 38262 train samples, 62 unique classes
  Client 4: 36024 train samples, 62 unique classes
  Client 5: 37732 train samples, 62 unique classes
  Client 6: 36921 train samples, 62 unique classes
  Client 7: 38328 train samples, 62 unique classes
  Client 8: 36867 train samples, 62 unique classes
  Client 9: 37683 train samples, 62 unique classes
  Client 10: 36507 train samples, 62 unique classes
  Client 11: 36915 train samples, 62 unique classes
  Client 12: 36007 train samples, 62 unique classes
  Client 13: 37001 train samples, 62 unique classes
  Client 14: 35681 train samples, 62 unique classes
  Client 15: 35453 train samples, 62 unique classes
  Client 16: 36585 train samples, 62 unique classes
  Client 17: 36801 train samples, 62 unique classes
  Client 18: 35964 train samples, 62 unique classes
  Client 19: 36345 train samples, 62 unique classes
Will sample 4500 samples per client per epoch
Graph: fully, nodes: 20, edges: 190
Degree statistics: avg=19.00, min=19, max=19
Attack: Compromised 14/20 nodes: [1, 2, 3, 5, 6, 8, 11, 12, 13, 14, 15, 17, 18, 19]
Attack type: gaussian, lambda: 1.0
Model variant: baseline
Model parameters: 6,603,710
Initial test acc across nodes: mean=0.0168 ± 0.0139
Round 001: test acc mean=0.0127 ± 0.0132 | min=0.0023 max=0.0531
         : test loss mean=15408139.4481 ± 3544239.6566
         : individual accs = ['0.005087', '0.004521', '0.007596', '0.002308', '0.005378', '0.014696', '0.005008', '0.025753', '0.005488', '0.053075', '0.035723', '0.005962', '0.014415', '0.005004', '0.004442', '0.003227', '0.005057', '0.031317', '0.014691', '0.005572']
         : correct/total = [(21, 4128), (19, 4203), (31, 4081), (10, 4333), (22, 4091), (63, 4287), (21, 4193), (112, 4349), (23, 4191), (227, 4277), (148, 4143), (25, 4193), (59, 4093), (21, 4197), (18, 4052), (13, 4029), (21, 4153), (131, 4183), (60, 4084), (23, 4128)]
         : compromised: 0.0089, honest: 0.0217
Round 002: test acc mean=0.0482 ± 0.0041 | min=0.0364 max=0.0556
         : test loss mean=10632824253.1094 ± 18351975495.5678
         : individual accs = ['0.044574', '0.046158', '0.048272', '0.048234', '0.045710', '0.043387', '0.046745', '0.047827', '0.049630', '0.050503', '0.048033', '0.049606', '0.036404', '0.046462', '0.050346', '0.051378', '0.049362', '0.051159', '0.055583', '0.055475']
         : correct/total = [(184, 4128), (194, 4203), (197, 4081), (209, 4333), (187, 4091), (186, 4287), (196, 4193), (208, 4349), (208, 4191), (216, 4277), (199, 4143), (208, 4193), (149, 4093), (195, 4197), (204, 4052), (207, 4029), (205, 4153), (214, 4183), (227, 4084), (229, 4128)]
         : compromised: 0.0485, honest: 0.0477
Round 003: test acc mean=0.0479 ± 0.0083 | min=0.0153 max=0.0579
         : test loss mean=467931134554.6219 ± 2001064629656.4983
         : individual accs = ['0.050145', '0.046158', '0.048272', '0.043157', '0.057932', '0.045253', '0.046745', '0.047827', '0.049630', '0.050503', '0.048033', '0.049606', '0.045688', '0.049083', '0.015301', '0.056590', '0.052011', '0.051159', '0.050930', '0.054506']
         : correct/total = [(207, 4128), (194, 4203), (197, 4081), (187, 4333), (237, 4091), (194, 4287), (196, 4193), (208, 4349), (208, 4191), (216, 4277), (199, 4143), (208, 4193), (187, 4093), (206, 4197), (62, 4052), (228, 4029), (216, 4153), (214, 4183), (208, 4084), (225, 4128)]
         : compromised: 0.0466, honest: 0.0511
Round 004: test acc mean=0.0482 ± 0.0031 | min=0.0420 max=0.0549
         : test loss mean=17465338668615.7754 ± 17665293633451.6758
         : individual accs = ['0.044574', '0.046158', '0.048272', '0.048234', '0.045710', '0.043387', '0.046745', '0.047827', '0.054880', '0.050503', '0.041999', '0.049606', '0.045688', '0.046462', '0.050346', '0.051378', '0.049362', '0.051159', '0.050930', '0.050872']
         : correct/total = [(184, 4128), (194, 4203), (197, 4081), (209, 4333), (187, 4091), (186, 4287), (196, 4193), (208, 4349), (230, 4191), (216, 4277), (174, 4143), (208, 4193), (187, 4093), (195, 4197), (204, 4052), (207, 4029), (205, 4153), (214, 4183), (208, 4084), (210, 4128)]
         : compromised: 0.0489, honest: 0.0467
Round 005: test acc mean=0.0482 ± 0.0031 | min=0.0420 max=0.0549
         : test loss mean=13216549757877.2500 ± 7531891728891.4336
         : individual accs = ['0.044574', '0.046158', '0.048272', '0.048234', '0.045710', '0.043387', '0.046745', '0.047827', '0.054880', '0.050503', '0.041999', '0.049606', '0.045688', '0.046462', '0.050346', '0.051378', '0.049362', '0.051159', '0.050930', '0.050872']
         : correct/total = [(184, 4128), (194, 4203), (197, 4081), (209, 4333), (187, 4091), (186, 4287), (196, 4193), (208, 4349), (230, 4191), (216, 4277), (174, 4143), (208, 4193), (187, 4093), (195, 4197), (204, 4052), (207, 4029), (205, 4153), (214, 4183), (208, 4084), (210, 4128)]
         : compromised: 0.0489, honest: 0.0467
Round 006: test acc mean=0.0482 ± 0.0031 | min=0.0420 max=0.0549
         : test loss mean=3614234299694.9790 ± 1682348891562.3096
         : individual accs = ['0.044574', '0.046158', '0.048272', '0.048234', '0.045710', '0.043387', '0.046745', '0.047827', '0.054880', '0.050503', '0.041999', '0.049606', '0.045688', '0.046462', '0.050346', '0.051378', '0.049362', '0.051159', '0.050930', '0.050872']
         : correct/total = [(184, 4128), (194, 4203), (197, 4081), (209, 4333), (187, 4091), (186, 4287), (196, 4193), (208, 4349), (230, 4191), (216, 4277), (174, 4143), (208, 4193), (187, 4093), (195, 4197), (204, 4052), (207, 4029), (205, 4153), (214, 4183), (208, 4084), (210, 4128)]
         : compromised: 0.0489, honest: 0.0467
Round 007: test acc mean=0.0475 ± 0.0039 | min=0.0367 max=0.0549
         : test loss mean=828765984579.8679 ± 436431945653.4429
         : individual accs = ['0.044574', '0.046158', '0.048272', '0.048234', '0.045710', '0.043387', '0.046745', '0.047827', '0.054880', '0.036708', '0.041999', '0.049606', '0.045688', '0.046462', '0.050346', '0.051378', '0.049362', '0.051159', '0.050930', '0.050872']
         : correct/total = [(184, 4128), (194, 4203), (197, 4081), (209, 4333), (187, 4091), (186, 4287), (196, 4193), (208, 4349), (230, 4191), (157, 4277), (174, 4143), (208, 4193), (187, 4093), (195, 4197), (204, 4052), (207, 4029), (205, 4153), (214, 4183), (208, 4084), (210, 4128)]
         : compromised: 0.0489, honest: 0.0444
Round 008: test acc mean=0.0458 ± 0.0057 | min=0.0355 max=0.0549
         : test loss mean=4843297586194.8848 ± 19578781252863.7695
         : individual accs = ['0.044574', '0.046158', '0.048272', '0.038311', '0.037644', '0.043387', '0.035535', '0.047827', '0.054880', '0.050503', '0.041999', '0.049606', '0.036404', '0.046462', '0.050346', '0.051378', '0.051288', '0.039445', '0.050930', '0.050872']
         : correct/total = [(184, 4128), (194, 4203), (197, 4081), (166, 4333), (154, 4091), (186, 4287), (149, 4193), (208, 4349), (230, 4191), (216, 4277), (174, 4143), (208, 4193), (149, 4093), (195, 4197), (204, 4052), (207, 4029), (213, 4153), (165, 4183), (208, 4084), (210, 4128)]
         : compromised: 0.0459, honest: 0.0456
Round 009: test acc mean=0.0431 ± 0.0079 | min=0.0291 max=0.0549
         : test loss mean=82695938889874.5938 ± 256508096537508.8438
         : individual accs = ['0.029070', '0.046158', '0.048272', '0.048234', '0.037644', '0.043387', '0.035535', '0.035640', '0.054880', '0.036708', '0.039585', '0.049606', '0.050574', '0.047177', '0.032330', '0.054852', '0.030340', '0.039445', '0.050930', '0.050872']
         : correct/total = [(120, 4128), (194, 4203), (197, 4081), (209, 4333), (154, 4091), (186, 4287), (149, 4193), (155, 4349), (230, 4191), (157, 4277), (164, 4143), (208, 4193), (207, 4093), (198, 4197), (131, 4052), (221, 4029), (126, 4153), (165, 4183), (208, 4084), (210, 4128)]
         : compromised: 0.0466, honest: 0.0348
Round 010: test acc mean=0.0493 ± 0.0035 | min=0.0430 max=0.0545
         : test loss mean=nan ± nan
         : individual accs = ['0.050145', '0.048775', '0.053418', '0.043157', '0.043021', '0.045253', '0.050799', '0.045068', '0.049630', '0.043488', '0.048033', '0.049606', '0.054239', '0.049083', '0.051826', '0.051626', '0.052011', '0.049486', '0.052889', '0.054506']
         : correct/total = [(207, 4128), (205, 4203), (218, 4081), (187, 4333), (176, 4091), (194, 4287), (213, 4193), (196, 4349), (208, 4191), (186, 4277), (199, 4143), (208, 4193), (222, 4093), (206, 4197), (210, 4052), (208, 4029), (216, 4153), (207, 4183), (216, 4084), (225, 4128)]
         : compromised: 0.0503, honest: 0.0470

=== FINAL RESULTS ===
Dataset: femnist, Nodes: 20, Graph: fully, Aggregation: d-fedavg
Attack: gaussian, 70.0% compromised
Final accuracy - Compromised: 0.0503, Honest: 0.0470
Overall test accuracy: mean=0.0493 ± 0.0035
