Device: cuda
Seed: 987654321
Loading 36 LEAF FEMNIST train files...
LEAF FEMNIST train: 3597 users, 734463 samples
Loading 36 LEAF FEMNIST test files...
LEAF FEMNIST test: 3597 users, 83388 samples
Found 3597 train users, 3597 test users, 3597 common users
User sample counts range: 525 (max) to 17 (min)
Distributed ALL 3597 users across 20 clients
Users per client: 179 (with 17 clients getting +1 user)
Train partition sizes: [36360, 37070, 35957, 38262, 36024, 37732, 36921, 38328, 36867, 37683, 36507, 36915, 36007, 37001, 35681, 35453, 36585, 36801, 35964, 36345]
Test partition sizes: [4128, 4203, 4081, 4333, 4091, 4287, 4193, 4349, 4191, 4277, 4143, 4193, 4093, 4197, 4052, 4029, 4153, 4183, 4084, 4128]
  Client 0: 36360 train samples, 62 unique classes
  Client 1: 37070 train samples, 62 unique classes
  Client 2: 35957 train samples, 62 unique classes
  Client 3: 38262 train samples, 62 unique classes
  Client 4: 36024 train samples, 62 unique classes
  Client 5: 37732 train samples, 62 unique classes
  Client 6: 36921 train samples, 62 unique classes
  Client 7: 38328 train samples, 62 unique classes
  Client 8: 36867 train samples, 62 unique classes
  Client 9: 37683 train samples, 62 unique classes
  Client 10: 36507 train samples, 62 unique classes
  Client 11: 36915 train samples, 62 unique classes
  Client 12: 36007 train samples, 62 unique classes
  Client 13: 37001 train samples, 62 unique classes
  Client 14: 35681 train samples, 62 unique classes
  Client 15: 35453 train samples, 62 unique classes
  Client 16: 36585 train samples, 62 unique classes
  Client 17: 36801 train samples, 62 unique classes
  Client 18: 35964 train samples, 62 unique classes
  Client 19: 36345 train samples, 62 unique classes
Will sample 4500 samples per client per epoch
Graph: fully, nodes: 20, edges: 190
Degree statistics: avg=19.00, min=19, max=19
Attack: Compromised 12/20 nodes: [1, 2, 3, 5, 8, 11, 12, 13, 14, 15, 17, 18]
Attack type: directed_deviation, lambda: 1.0
Model variant: baseline
Model parameters: 6,603,710
BALANCE algorithm:
Balance Config: BALANCEConfig(gamma=2, kappa=1, alpha=0.5, min_neighbors=1)
  - Model dimension: 6,603,710 parameters
  - Complexity: O(N×d) = O(20×6,603,710)
Initial test acc across nodes: mean=0.0168 ± 0.0139
Round 001: test acc mean=0.0519 ± 0.0039 | min=0.0434 max=0.0596
         : test loss mean=4.0439 ± 0.0058
         : individual accs = ['0.059593', '0.051630', '0.048272', '0.043388', '0.057932', '0.050618', '0.057000', '0.051276', '0.053209', '0.050503', '0.050447', '0.053899', '0.050818', '0.046938', '0.048124', '0.050633', '0.058271', '0.050920', '0.054358', '0.050145']
         : correct/total = [(246, 4128), (217, 4203), (197, 4081), (188, 4333), (237, 4091), (217, 4287), (239, 4193), (223, 4349), (223, 4191), (216, 4277), (209, 4143), (226, 4193), (208, 4093), (197, 4197), (195, 4052), (204, 4029), (242, 4153), (213, 4183), (222, 4084), (207, 4128)]
         : compromised: 0.0502, honest: 0.0544
Round 002: test acc mean=0.0518 ± 0.0041 | min=0.0439 max=0.0582
         : test loss mean=3.9500 ± 0.0143
         : individual accs = ['0.044574', '0.051630', '0.055134', '0.052850', '0.057932', '0.050618', '0.043883', '0.058174', '0.051062', '0.053776', '0.055998', '0.053899', '0.054239', '0.046938', '0.046397', '0.053860', '0.049362', '0.050920', '0.055583', '0.048450']
         : correct/total = [(184, 4128), (217, 4203), (225, 4081), (229, 4333), (237, 4091), (217, 4287), (184, 4193), (253, 4349), (214, 4191), (230, 4277), (232, 4143), (226, 4193), (222, 4093), (197, 4197), (188, 4052), (217, 4029), (205, 4153), (213, 4183), (227, 4084), (200, 4128)]
         : compromised: 0.0519, honest: 0.0515
Round 003: test acc mean=0.0537 ± 0.0044 | min=0.0457 max=0.0612
         : test loss mean=3.7634 ± 0.0162
         : individual accs = ['0.059593', '0.047109', '0.050723', '0.048234', '0.057932', '0.050618', '0.057000', '0.051276', '0.054880', '0.047463', '0.055998', '0.053899', '0.058637', '0.045747', '0.061204', '0.056342', '0.058271', '0.050203', '0.052889', '0.055475']
         : correct/total = [(246, 4128), (198, 4203), (207, 4081), (209, 4333), (237, 4091), (217, 4287), (239, 4193), (223, 4349), (230, 4191), (203, 4277), (232, 4143), (226, 4193), (240, 4093), (192, 4197), (248, 4052), (227, 4029), (242, 4153), (210, 4183), (216, 4084), (229, 4128)]
         : compromised: 0.0525, honest: 0.0554
Round 004: test acc mean=0.0549 ± 0.0045 | min=0.0456 max=0.0624
         : test loss mean=3.6883 ± 0.0153
         : individual accs = ['0.059593', '0.052344', '0.057584', '0.052850', '0.058910', '0.050618', '0.057000', '0.058174', '0.053209', '0.048398', '0.045619', '0.053899', '0.059370', '0.062426', '0.061204', '0.056590', '0.058271', '0.050920', '0.052889', '0.048450']
         : correct/total = [(246, 4128), (220, 4203), (235, 4081), (229, 4333), (241, 4091), (217, 4287), (239, 4193), (253, 4349), (223, 4191), (207, 4277), (189, 4143), (226, 4193), (243, 4093), (262, 4197), (248, 4052), (228, 4029), (242, 4153), (213, 4183), (216, 4084), (200, 4128)]
         : compromised: 0.0553, honest: 0.0543
Round 005: test acc mean=0.0538 ± 0.0039 | min=0.0467 max=0.0596
         : test loss mean=3.6809 ± 0.0162
         : individual accs = ['0.059593', '0.052344', '0.057584', '0.052850', '0.057932', '0.050618', '0.057000', '0.047827', '0.051062', '0.053776', '0.055998', '0.046745', '0.058637', '0.046938', '0.051579', '0.054852', '0.058271', '0.050920', '0.055583', '0.055959']
         : correct/total = [(246, 4128), (220, 4203), (235, 4081), (229, 4333), (237, 4091), (217, 4287), (239, 4193), (208, 4349), (214, 4191), (230, 4277), (232, 4143), (196, 4193), (240, 4093), (197, 4197), (209, 4052), (221, 4029), (242, 4153), (213, 4183), (227, 4084), (231, 4128)]
         : compromised: 0.0525, honest: 0.0558
Round 006: test acc mean=0.0563 ± 0.0060 | min=0.0446 max=0.0685
         : test loss mean=3.6797 ± 0.0169
         : individual accs = ['0.044574', '0.052344', '0.057584', '0.052850', '0.057932', '0.050618', '0.057000', '0.068521', '0.053209', '0.053776', '0.050447', '0.066778', '0.065722', '0.062426', '0.061204', '0.051378', '0.058271', '0.050920', '0.055583', '0.055475']
         : correct/total = [(184, 4128), (220, 4203), (235, 4081), (229, 4333), (237, 4091), (217, 4287), (239, 4193), (298, 4349), (223, 4191), (230, 4277), (209, 4143), (280, 4193), (269, 4093), (262, 4197), (248, 4052), (207, 4029), (242, 4153), (213, 4183), (227, 4084), (229, 4128)]
         : compromised: 0.0567, honest: 0.0557
Round 007: test acc mean=0.0569 ± 0.0115 | min=0.0435 max=0.1033
         : test loss mean=3.6797 ± 0.0165
         : individual accs = ['0.059593', '0.052344', '0.057584', '0.052850', '0.047421', '0.050618', '0.103267', '0.058174', '0.053209', '0.043488', '0.055998', '0.053899', '0.058637', '0.062426', '0.051826', '0.056590', '0.058271', '0.050920', '0.055583', '0.055475']
         : correct/total = [(246, 4128), (220, 4203), (235, 4081), (229, 4333), (194, 4091), (217, 4287), (433, 4193), (253, 4349), (223, 4191), (186, 4277), (232, 4143), (226, 4193), (240, 4093), (262, 4197), (210, 4052), (228, 4029), (242, 4153), (213, 4183), (227, 4084), (229, 4128)]
         : compromised: 0.0547, honest: 0.0602
Round 008: test acc mean=0.0543 ± 0.0075 | min=0.0448 max=0.0802
         : test loss mean=3.6798 ± 0.0168
         : individual accs = ['0.051599', '0.052581', '0.050723', '0.044773', '0.051088', '0.051318', '0.049130', '0.051276', '0.080172', '0.053075', '0.059136', '0.054376', '0.053750', '0.067906', '0.048124', '0.056342', '0.055141', '0.050920', '0.055583', '0.048450']
         : correct/total = [(213, 4128), (221, 4203), (207, 4081), (194, 4333), (209, 4091), (220, 4287), (206, 4193), (223, 4349), (336, 4191), (227, 4277), (245, 4143), (228, 4193), (220, 4093), (285, 4197), (195, 4052), (227, 4029), (229, 4153), (213, 4183), (227, 4084), (200, 4128)]
         : compromised: 0.0555, honest: 0.0524
Round 009: test acc mean=0.0629 ± 0.0174 | min=0.0475 max=0.1012
         : test loss mean=3.6788 ± 0.0168
         : individual accs = ['0.100775', '0.050916', '0.065425', '0.052850', '0.051088', '0.050618', '0.050799', '0.088296', '0.053209', '0.047463', '0.055998', '0.053899', '0.058637', '0.062426', '0.101185', '0.095557', '0.059716', '0.050920', '0.052889', '0.055475']
         : correct/total = [(416, 4128), (214, 4203), (267, 4081), (229, 4333), (209, 4091), (217, 4287), (213, 4193), (384, 4349), (223, 4191), (203, 4277), (232, 4143), (226, 4193), (240, 4093), (262, 4197), (410, 4052), (385, 4029), (248, 4153), (213, 4183), (216, 4084), (229, 4128)]
         : compromised: 0.0624, honest: 0.0637
Round 010: test acc mean=0.0577 ± 0.0103 | min=0.0480 max=0.0993
         : test loss mean=3.6785 ± 0.0172
         : individual accs = ['0.061531', '0.052344', '0.057584', '0.052850', '0.057932', '0.050618', '0.049130', '0.058404', '0.047960', '0.053776', '0.055998', '0.053899', '0.058637', '0.062426', '0.061204', '0.099280', '0.058271', '0.050920', '0.055583', '0.055475']
         : correct/total = [(254, 4128), (220, 4203), (235, 4081), (229, 4333), (237, 4091), (217, 4287), (206, 4193), (254, 4349), (201, 4191), (230, 4277), (232, 4143), (226, 4193), (240, 4093), (262, 4197), (248, 4052), (400, 4029), (242, 4153), (213, 4183), (227, 4084), (229, 4128)]
         : compromised: 0.0586, honest: 0.0563

=== FINAL RESULTS ===
Dataset: femnist, Nodes: 20, Graph: fully, Aggregation: balance
Attack: directed_deviation, 60.0% compromised
Final accuracy - Compromised: 0.0586, Honest: 0.0563
Overall test accuracy: mean=0.0577 ± 0.0103

=== BALANCE SUMMARY ===
Node 0: acceptance=0.368
Node 1: acceptance=0.421
Node 2: acceptance=0.421
Node 3: acceptance=0.421
Node 4: acceptance=0.368
Node 5: acceptance=0.421
Node 6: acceptance=0.368
Node 7: acceptance=0.368
Node 8: acceptance=0.421
Node 9: acceptance=0.368
Node 10: acceptance=0.368
Node 11: acceptance=0.421
Node 12: acceptance=0.421
Node 13: acceptance=0.421
Node 14: acceptance=0.421
Node 15: acceptance=0.421
Node 16: acceptance=0.368
Node 17: acceptance=0.421
Node 18: acceptance=0.421
Node 19: acceptance=0.368

=== PARALLEL EXECUTION TIME (realistic for distributed system) ===
  COMMUNICATION (max across nodes):
    - Full model transfer: 0.000s (0.0%)
  COMPUTATION (max across nodes):
    - Filtering: 0.076s (84.9%)
    - Aggregation: 0.014s (15.1%)
  TOTALS:
    - Total computation: 0.090s (100.0%)
    - Total communication: 0.000s (0.0%)
    - Total parallel time: 0.090s

=== PER-NODE AVERAGE TIME ===
  - Filtering: 0.070s
  - Aggregation: 0.006s
  - Model transfer: 0.000s
  - Total per node: 0.075s

=== TOTAL COMPUTATIONAL WORK (sum across all nodes) ===
  - Total filtering: 1.392s
  - Total aggregation: 0.115s
  - Total model transfer: 0.000s
  - Grand total: 1.507s
  - Mean acceptance rate: 0.400

BALANCE Algorithm Properties:
  - Model dimension: 6,603,710
  - No compression: Full parameter comparison
  - Theoretical complexity: O(deg(i)×d)
  - Approach: Full parameter filtering + averaging
