nohup: ignoring input
Total experiments to run: 34
Datasets: ['femnist']
Graph configs: 2 configurations
Aggregation methods: ['d-fedavg']
Attack percentages: [0.0, 0.1, 0.2, 0.3, 0.4, 0.5, 0.6, 0.7, 0.8]
Attack types: ['directed_deviation', 'gaussian']

Experiment 1/34

================================================================================
Running: femnist | fully | d-fedavg | attack=0.0 (directed_deviation)
Output: femnist_20_10_3_fully_64_10000_d-fedavg_0attack_1lambda.log
Command: python decentralized_fl_sim.py --dataset femnist --num-nodes 20 --rounds 10 --local-epochs 3 --seed 987654321 --graph fully --batch-size 64 --lr 0.01 --max-samples 10000 --agg d-fedavg --attack-percentage 0.0 --attack-type directed_deviation --verbose
✓ Completed successfully

Experiment 2/34

================================================================================
Running: femnist | fully | d-fedavg | attack=0.1 (directed_deviation)
Output: femnist_20_10_3_fully_64_10000_d-fedavg_10attack_1lambda.log
Command: python decentralized_fl_sim.py --dataset femnist --num-nodes 20 --rounds 10 --local-epochs 3 --seed 987654321 --graph fully --batch-size 64 --lr 0.01 --max-samples 10000 --agg d-fedavg --attack-percentage 0.1 --attack-type directed_deviation --verbose
✓ Completed successfully

Experiment 3/34

================================================================================
Running: femnist | fully | d-fedavg | attack=0.1 (gaussian)
Output: femnist_20_10_3_fully_64_10000_d-fedavg_10attack_gaussian_1lambda.log
Command: python decentralized_fl_sim.py --dataset femnist --num-nodes 20 --rounds 10 --local-epochs 3 --seed 987654321 --graph fully --batch-size 64 --lr 0.01 --max-samples 10000 --agg d-fedavg --attack-percentage 0.1 --attack-type gaussian --verbose
✓ Completed successfully

Experiment 4/34

================================================================================
Running: femnist | fully | d-fedavg | attack=0.2 (directed_deviation)
Output: femnist_20_10_3_fully_64_10000_d-fedavg_20attack_1lambda.log
Command: python decentralized_fl_sim.py --dataset femnist --num-nodes 20 --rounds 10 --local-epochs 3 --seed 987654321 --graph fully --batch-size 64 --lr 0.01 --max-samples 10000 --agg d-fedavg --attack-percentage 0.2 --attack-type directed_deviation --verbose
✓ Completed successfully

Experiment 5/34

================================================================================
Running: femnist | fully | d-fedavg | attack=0.2 (gaussian)
Output: femnist_20_10_3_fully_64_10000_d-fedavg_20attack_gaussian_1lambda.log
Command: python decentralized_fl_sim.py --dataset femnist --num-nodes 20 --rounds 10 --local-epochs 3 --seed 987654321 --graph fully --batch-size 64 --lr 0.01 --max-samples 10000 --agg d-fedavg --attack-percentage 0.2 --attack-type gaussian --verbose
✓ Completed successfully

Experiment 6/34

================================================================================
Running: femnist | fully | d-fedavg | attack=0.3 (directed_deviation)
Output: femnist_20_10_3_fully_64_10000_d-fedavg_30attack_1lambda.log
Command: python decentralized_fl_sim.py --dataset femnist --num-nodes 20 --rounds 10 --local-epochs 3 --seed 987654321 --graph fully --batch-size 64 --lr 0.01 --max-samples 10000 --agg d-fedavg --attack-percentage 0.3 --attack-type directed_deviation --verbose
✓ Completed successfully

Experiment 7/34

================================================================================
Running: femnist | fully | d-fedavg | attack=0.3 (gaussian)
Output: femnist_20_10_3_fully_64_10000_d-fedavg_30attack_gaussian_1lambda.log
Command: python decentralized_fl_sim.py --dataset femnist --num-nodes 20 --rounds 10 --local-epochs 3 --seed 987654321 --graph fully --batch-size 64 --lr 0.01 --max-samples 10000 --agg d-fedavg --attack-percentage 0.3 --attack-type gaussian --verbose
✓ Completed successfully

Experiment 8/34

================================================================================
Running: femnist | fully | d-fedavg | attack=0.4 (directed_deviation)
Output: femnist_20_10_3_fully_64_10000_d-fedavg_40attack_1lambda.log
Command: python decentralized_fl_sim.py --dataset femnist --num-nodes 20 --rounds 10 --local-epochs 3 --seed 987654321 --graph fully --batch-size 64 --lr 0.01 --max-samples 10000 --agg d-fedavg --attack-percentage 0.4 --attack-type directed_deviation --verbose
✓ Completed successfully

Experiment 9/34

================================================================================
Running: femnist | fully | d-fedavg | attack=0.4 (gaussian)
Output: femnist_20_10_3_fully_64_10000_d-fedavg_40attack_gaussian_1lambda.log
Command: python decentralized_fl_sim.py --dataset femnist --num-nodes 20 --rounds 10 --local-epochs 3 --seed 987654321 --graph fully --batch-size 64 --lr 0.01 --max-samples 10000 --agg d-fedavg --attack-percentage 0.4 --attack-type gaussian --verbose
✓ Completed successfully

Experiment 10/34

================================================================================
Running: femnist | fully | d-fedavg | attack=0.5 (directed_deviation)
Output: femnist_20_10_3_fully_64_10000_d-fedavg_50attack_1lambda.log
Command: python decentralized_fl_sim.py --dataset femnist --num-nodes 20 --rounds 10 --local-epochs 3 --seed 987654321 --graph fully --batch-size 64 --lr 0.01 --max-samples 10000 --agg d-fedavg --attack-percentage 0.5 --attack-type directed_deviation --verbose
✓ Completed successfully

Experiment 11/34

================================================================================
Running: femnist | fully | d-fedavg | attack=0.5 (gaussian)
Output: femnist_20_10_3_fully_64_10000_d-fedavg_50attack_gaussian_1lambda.log
Command: python decentralized_fl_sim.py --dataset femnist --num-nodes 20 --rounds 10 --local-epochs 3 --seed 987654321 --graph fully --batch-size 64 --lr 0.01 --max-samples 10000 --agg d-fedavg --attack-percentage 0.5 --attack-type gaussian --verbose
✓ Completed successfully

Experiment 12/34

================================================================================
Running: femnist | fully | d-fedavg | attack=0.6 (directed_deviation)
Output: femnist_20_10_3_fully_64_10000_d-fedavg_60attack_1lambda.log
Command: python decentralized_fl_sim.py --dataset femnist --num-nodes 20 --rounds 10 --local-epochs 3 --seed 987654321 --graph fully --batch-size 64 --lr 0.01 --max-samples 10000 --agg d-fedavg --attack-percentage 0.6 --attack-type directed_deviation --verbose
✓ Completed successfully

Experiment 13/34

================================================================================
Running: femnist | fully | d-fedavg | attack=0.6 (gaussian)
Output: femnist_20_10_3_fully_64_10000_d-fedavg_60attack_gaussian_1lambda.log
Command: python decentralized_fl_sim.py --dataset femnist --num-nodes 20 --rounds 10 --local-epochs 3 --seed 987654321 --graph fully --batch-size 64 --lr 0.01 --max-samples 10000 --agg d-fedavg --attack-percentage 0.6 --attack-type gaussian --verbose
✓ Completed successfully

Experiment 14/34

================================================================================
Running: femnist | fully | d-fedavg | attack=0.7 (directed_deviation)
Output: femnist_20_10_3_fully_64_10000_d-fedavg_70attack_1lambda.log
Command: python decentralized_fl_sim.py --dataset femnist --num-nodes 20 --rounds 10 --local-epochs 3 --seed 987654321 --graph fully --batch-size 64 --lr 0.01 --max-samples 10000 --agg d-fedavg --attack-percentage 0.7 --attack-type directed_deviation --verbose
✓ Completed successfully

Experiment 15/34

================================================================================
Running: femnist | fully | d-fedavg | attack=0.7 (gaussian)
Output: femnist_20_10_3_fully_64_10000_d-fedavg_70attack_gaussian_1lambda.log
Command: python decentralized_fl_sim.py --dataset femnist --num-nodes 20 --rounds 10 --local-epochs 3 --seed 987654321 --graph fully --batch-size 64 --lr 0.01 --max-samples 10000 --agg d-fedavg --attack-percentage 0.7 --attack-type gaussian --verbose
✓ Completed successfully

Experiment 16/34

================================================================================
Running: femnist | fully | d-fedavg | attack=0.8 (directed_deviation)
Output: femnist_20_10_3_fully_64_10000_d-fedavg_80attack_1lambda.log
Command: python decentralized_fl_sim.py --dataset femnist --num-nodes 20 --rounds 10 --local-epochs 3 --seed 987654321 --graph fully --batch-size 64 --lr 0.01 --max-samples 10000 --agg d-fedavg --attack-percentage 0.8 --attack-type directed_deviation --verbose
✓ Completed successfully

Experiment 17/34

================================================================================
Running: femnist | fully | d-fedavg | attack=0.8 (gaussian)
Output: femnist_20_10_3_fully_64_10000_d-fedavg_80attack_gaussian_1lambda.log
Command: python decentralized_fl_sim.py --dataset femnist --num-nodes 20 --rounds 10 --local-epochs 3 --seed 987654321 --graph fully --batch-size 64 --lr 0.01 --max-samples 10000 --agg d-fedavg --attack-percentage 0.8 --attack-type gaussian --verbose
✓ Completed successfully

Experiment 18/34

================================================================================
Running: femnist | ring | d-fedavg | attack=0.0 (directed_deviation)
Output: femnist_20_10_3_ring_64_10000_d-fedavg_0attack_1lambda.log
Command: python decentralized_fl_sim.py --dataset femnist --num-nodes 20 --rounds 10 --local-epochs 3 --seed 987654321 --graph ring --batch-size 64 --lr 0.01 --max-samples 10000 --agg d-fedavg --attack-percentage 0.0 --attack-type directed_deviation --verbose
✓ Completed successfully

Experiment 19/34

================================================================================
Running: femnist | ring | d-fedavg | attack=0.1 (directed_deviation)
Output: femnist_20_10_3_ring_64_10000_d-fedavg_10attack_1lambda.log
Command: python decentralized_fl_sim.py --dataset femnist --num-nodes 20 --rounds 10 --local-epochs 3 --seed 987654321 --graph ring --batch-size 64 --lr 0.01 --max-samples 10000 --agg d-fedavg --attack-percentage 0.1 --attack-type directed_deviation --verbose
✓ Completed successfully

Experiment 20/34

================================================================================
Running: femnist | ring | d-fedavg | attack=0.1 (gaussian)
Output: femnist_20_10_3_ring_64_10000_d-fedavg_10attack_gaussian_1lambda.log
Command: python decentralized_fl_sim.py --dataset femnist --num-nodes 20 --rounds 10 --local-epochs 3 --seed 987654321 --graph ring --batch-size 64 --lr 0.01 --max-samples 10000 --agg d-fedavg --attack-percentage 0.1 --attack-type gaussian --verbose
✓ Completed successfully

Experiment 21/34

================================================================================
Running: femnist | ring | d-fedavg | attack=0.2 (directed_deviation)
Output: femnist_20_10_3_ring_64_10000_d-fedavg_20attack_1lambda.log
Command: python decentralized_fl_sim.py --dataset femnist --num-nodes 20 --rounds 10 --local-epochs 3 --seed 987654321 --graph ring --batch-size 64 --lr 0.01 --max-samples 10000 --agg d-fedavg --attack-percentage 0.2 --attack-type directed_deviation --verbose
✓ Completed successfully

Experiment 22/34

================================================================================
Running: femnist | ring | d-fedavg | attack=0.2 (gaussian)
Output: femnist_20_10_3_ring_64_10000_d-fedavg_20attack_gaussian_1lambda.log
Command: python decentralized_fl_sim.py --dataset femnist --num-nodes 20 --rounds 10 --local-epochs 3 --seed 987654321 --graph ring --batch-size 64 --lr 0.01 --max-samples 10000 --agg d-fedavg --attack-percentage 0.2 --attack-type gaussian --verbose
✓ Completed successfully

Experiment 23/34

================================================================================
Running: femnist | ring | d-fedavg | attack=0.3 (directed_deviation)
Output: femnist_20_10_3_ring_64_10000_d-fedavg_30attack_1lambda.log
Command: python decentralized_fl_sim.py --dataset femnist --num-nodes 20 --rounds 10 --local-epochs 3 --seed 987654321 --graph ring --batch-size 64 --lr 0.01 --max-samples 10000 --agg d-fedavg --attack-percentage 0.3 --attack-type directed_deviation --verbose
✓ Completed successfully

Experiment 24/34

================================================================================
Running: femnist | ring | d-fedavg | attack=0.3 (gaussian)
Output: femnist_20_10_3_ring_64_10000_d-fedavg_30attack_gaussian_1lambda.log
Command: python decentralized_fl_sim.py --dataset femnist --num-nodes 20 --rounds 10 --local-epochs 3 --seed 987654321 --graph ring --batch-size 64 --lr 0.01 --max-samples 10000 --agg d-fedavg --attack-percentage 0.3 --attack-type gaussian --verbose
✓ Completed successfully

Experiment 25/34

================================================================================
Running: femnist | ring | d-fedavg | attack=0.4 (directed_deviation)
Output: femnist_20_10_3_ring_64_10000_d-fedavg_40attack_1lambda.log
Command: python decentralized_fl_sim.py --dataset femnist --num-nodes 20 --rounds 10 --local-epochs 3 --seed 987654321 --graph ring --batch-size 64 --lr 0.01 --max-samples 10000 --agg d-fedavg --attack-percentage 0.4 --attack-type directed_deviation --verbose
✓ Completed successfully

Experiment 26/34

================================================================================
Running: femnist | ring | d-fedavg | attack=0.4 (gaussian)
Output: femnist_20_10_3_ring_64_10000_d-fedavg_40attack_gaussian_1lambda.log
Command: python decentralized_fl_sim.py --dataset femnist --num-nodes 20 --rounds 10 --local-epochs 3 --seed 987654321 --graph ring --batch-size 64 --lr 0.01 --max-samples 10000 --agg d-fedavg --attack-percentage 0.4 --attack-type gaussian --verbose
✓ Completed successfully

Experiment 27/34

================================================================================
Running: femnist | ring | d-fedavg | attack=0.5 (directed_deviation)
Output: femnist_20_10_3_ring_64_10000_d-fedavg_50attack_1lambda.log
Command: python decentralized_fl_sim.py --dataset femnist --num-nodes 20 --rounds 10 --local-epochs 3 --seed 987654321 --graph ring --batch-size 64 --lr 0.01 --max-samples 10000 --agg d-fedavg --attack-percentage 0.5 --attack-type directed_deviation --verbose
✓ Completed successfully

Experiment 28/34

================================================================================
Running: femnist | ring | d-fedavg | attack=0.5 (gaussian)
Output: femnist_20_10_3_ring_64_10000_d-fedavg_50attack_gaussian_1lambda.log
Command: python decentralized_fl_sim.py --dataset femnist --num-nodes 20 --rounds 10 --local-epochs 3 --seed 987654321 --graph ring --batch-size 64 --lr 0.01 --max-samples 10000 --agg d-fedavg --attack-percentage 0.5 --attack-type gaussian --verbose
✓ Completed successfully

Experiment 29/34

================================================================================
Running: femnist | ring | d-fedavg | attack=0.6 (directed_deviation)
Output: femnist_20_10_3_ring_64_10000_d-fedavg_60attack_1lambda.log
Command: python decentralized_fl_sim.py --dataset femnist --num-nodes 20 --rounds 10 --local-epochs 3 --seed 987654321 --graph ring --batch-size 64 --lr 0.01 --max-samples 10000 --agg d-fedavg --attack-percentage 0.6 --attack-type directed_deviation --verbose
✓ Completed successfully

Experiment 30/34

================================================================================
Running: femnist | ring | d-fedavg | attack=0.6 (gaussian)
Output: femnist_20_10_3_ring_64_10000_d-fedavg_60attack_gaussian_1lambda.log
Command: python decentralized_fl_sim.py --dataset femnist --num-nodes 20 --rounds 10 --local-epochs 3 --seed 987654321 --graph ring --batch-size 64 --lr 0.01 --max-samples 10000 --agg d-fedavg --attack-percentage 0.6 --attack-type gaussian --verbose
✓ Completed successfully

Experiment 31/34

================================================================================
Running: femnist | ring | d-fedavg | attack=0.7 (directed_deviation)
Output: femnist_20_10_3_ring_64_10000_d-fedavg_70attack_1lambda.log
Command: python decentralized_fl_sim.py --dataset femnist --num-nodes 20 --rounds 10 --local-epochs 3 --seed 987654321 --graph ring --batch-size 64 --lr 0.01 --max-samples 10000 --agg d-fedavg --attack-percentage 0.7 --attack-type directed_deviation --verbose
✓ Completed successfully

Experiment 32/34

================================================================================
Running: femnist | ring | d-fedavg | attack=0.7 (gaussian)
Output: femnist_20_10_3_ring_64_10000_d-fedavg_70attack_gaussian_1lambda.log
Command: python decentralized_fl_sim.py --dataset femnist --num-nodes 20 --rounds 10 --local-epochs 3 --seed 987654321 --graph ring --batch-size 64 --lr 0.01 --max-samples 10000 --agg d-fedavg --attack-percentage 0.7 --attack-type gaussian --verbose
✓ Completed successfully

Experiment 33/34

================================================================================
Running: femnist | ring | d-fedavg | attack=0.8 (directed_deviation)
Output: femnist_20_10_3_ring_64_10000_d-fedavg_80attack_1lambda.log
Command: python decentralized_fl_sim.py --dataset femnist --num-nodes 20 --rounds 10 --local-epochs 3 --seed 987654321 --graph ring --batch-size 64 --lr 0.01 --max-samples 10000 --agg d-fedavg --attack-percentage 0.8 --attack-type directed_deviation --verbose
✓ Completed successfully

Experiment 34/34

================================================================================
Running: femnist | ring | d-fedavg | attack=0.8 (gaussian)
Output: femnist_20_10_3_ring_64_10000_d-fedavg_80attack_gaussian_1lambda.log
Command: python decentralized_fl_sim.py --dataset femnist --num-nodes 20 --rounds 10 --local-epochs 3 --seed 987654321 --graph ring --batch-size 64 --lr 0.01 --max-samples 10000 --agg d-fedavg --attack-percentage 0.8 --attack-type gaussian --verbose
✓ Completed successfully

================================================================================
SUMMARY
================================================================================
Total experiments: 34
Successful: 0
Skipped (existing): 34
Failed: 0
Total time: 72886.38 seconds
