Device: cuda
Seed: 987654321
Loading 1 LEAF Sent140 train files...
LEAF Sent140 train: 254555 users, 908652 samples
Building vocabulary (max_size=10000)...
Vocabulary size: 10000
Loading 1 LEAF Sent140 test files...
LEAF Sent140 test: 254555 users, 286281 samples
Found 254555 train users, 254555 test users, 254555 common users
User sample counts range: 494 (max) to 1 (min)
Distributed ALL 254555 users across 20 clients
Users per client: 12727 (with 15 clients getting +1 user)
Train partition sizes: [44353, 44290, 44657, 44907, 44696, 45843, 45801, 45619, 45069, 45639, 45821, 45311, 45779, 46056, 45625, 45984, 46428, 44737, 45540, 46497]
Test partition sizes: [14232, 14235, 14266, 14217, 14238, 14373, 14346, 14334, 14294, 14373, 14344, 14302, 14354, 14362, 14320, 14395, 14389, 14257, 14251, 14399]
  Client 0: 44353 train samples, 2 unique classes
  Client 1: 44290 train samples, 2 unique classes
  Client 2: 44657 train samples, 2 unique classes
  Client 3: 44907 train samples, 2 unique classes
  Client 4: 44696 train samples, 2 unique classes
  Client 5: 45843 train samples, 2 unique classes
  Client 6: 45801 train samples, 2 unique classes
  Client 7: 45619 train samples, 2 unique classes
  Client 8: 45069 train samples, 2 unique classes
  Client 9: 45639 train samples, 2 unique classes
  Client 10: 45821 train samples, 2 unique classes
  Client 11: 45311 train samples, 2 unique classes
  Client 12: 45779 train samples, 2 unique classes
  Client 13: 46056 train samples, 2 unique classes
  Client 14: 45625 train samples, 2 unique classes
  Client 15: 45984 train samples, 2 unique classes
  Client 16: 46428 train samples, 2 unique classes
  Client 17: 44737 train samples, 2 unique classes
  Client 18: 45540 train samples, 2 unique classes
  Client 19: 46497 train samples, 2 unique classes
Will sample 4500 samples per client per epoch
Graph: ring, nodes: 20, edges: 20
Degree statistics: avg=2.00, min=2, max=2
Attack: Compromised 12/20 nodes: [1, 2, 3, 5, 8, 11, 12, 13, 14, 15, 17, 18]
Attack type: directed_deviation, lambda: 1.0
Model variant: baseline
Model parameters: 1,174,986
Sketchguard Node 0:
  Model dim: 1,174,986 → Sketch size: 180
  Compression ratio: 6527.7x
  Using model parameters for aggregation, sketches for filtering
Sketchguard Node 1:
  Model dim: 1,174,986 → Sketch size: 180
  Compression ratio: 6527.7x
  Using model parameters for aggregation, sketches for filtering
Sketchguard Node 2:
  Model dim: 1,174,986 → Sketch size: 180
  Compression ratio: 6527.7x
  Using model parameters for aggregation, sketches for filtering
Sketchguard Node 3:
  Model dim: 1,174,986 → Sketch size: 180
  Compression ratio: 6527.7x
  Using model parameters for aggregation, sketches for filtering
Sketchguard Node 4:
  Model dim: 1,174,986 → Sketch size: 180
  Compression ratio: 6527.7x
  Using model parameters for aggregation, sketches for filtering
Sketchguard Node 5:
  Model dim: 1,174,986 → Sketch size: 180
  Compression ratio: 6527.7x
  Using model parameters for aggregation, sketches for filtering
Sketchguard Node 6:
  Model dim: 1,174,986 → Sketch size: 180
  Compression ratio: 6527.7x
  Using model parameters for aggregation, sketches for filtering
Sketchguard Node 7:
  Model dim: 1,174,986 → Sketch size: 180
  Compression ratio: 6527.7x
  Using model parameters for aggregation, sketches for filtering
Sketchguard Node 8:
  Model dim: 1,174,986 → Sketch size: 180
  Compression ratio: 6527.7x
  Using model parameters for aggregation, sketches for filtering
Sketchguard Node 9:
  Model dim: 1,174,986 → Sketch size: 180
  Compression ratio: 6527.7x
  Using model parameters for aggregation, sketches for filtering
Sketchguard Node 10:
  Model dim: 1,174,986 → Sketch size: 180
  Compression ratio: 6527.7x
  Using model parameters for aggregation, sketches for filtering
Sketchguard Node 11:
  Model dim: 1,174,986 → Sketch size: 180
  Compression ratio: 6527.7x
  Using model parameters for aggregation, sketches for filtering
Sketchguard Node 12:
  Model dim: 1,174,986 → Sketch size: 180
  Compression ratio: 6527.7x
  Using model parameters for aggregation, sketches for filtering
Sketchguard Node 13:
  Model dim: 1,174,986 → Sketch size: 180
  Compression ratio: 6527.7x
  Using model parameters for aggregation, sketches for filtering
Sketchguard Node 14:
  Model dim: 1,174,986 → Sketch size: 180
  Compression ratio: 6527.7x
  Using model parameters for aggregation, sketches for filtering
Sketchguard Node 15:
  Model dim: 1,174,986 → Sketch size: 180
  Compression ratio: 6527.7x
  Using model parameters for aggregation, sketches for filtering
Sketchguard Node 16:
  Model dim: 1,174,986 → Sketch size: 180
  Compression ratio: 6527.7x
  Using model parameters for aggregation, sketches for filtering
Sketchguard Node 17:
  Model dim: 1,174,986 → Sketch size: 180
  Compression ratio: 6527.7x
  Using model parameters for aggregation, sketches for filtering
Sketchguard Node 18:
  Model dim: 1,174,986 → Sketch size: 180
  Compression ratio: 6527.7x
  Using model parameters for aggregation, sketches for filtering
Sketchguard Node 19:
  Model dim: 1,174,986 → Sketch size: 180
  Compression ratio: 6527.7x
  Using model parameters for aggregation, sketches for filtering
Sketchguard ALGORITHM (Sketch-based Filtering + State Aggregation)
  - Model dimension: 1,174,986 parameters
  - Config: SketchguardConfig(gamma=2, kappa=1, alpha=0.5, min_neighbors=1, sketch_size=180, network_seed=987654321, attack_detection_window=5)
  - Sketch size: 180
  - Compression ratio: 6527.7x
  - Complexity: O(d + N×k) = O(1,174,986 + 20×180)
  - Theoretical speedup vs BALANCE: 19.9x
Initial test acc across nodes: mean=0.4953 ± 0.0174
Round 001: test acc mean=0.5045 ± 0.0178 | min=0.4749 max=0.5614
         : test loss mean=2.3478 ± 2.5378
         : individual accs = ['0.474916', '0.514085', '0.505468', '0.512555', '0.499649', '0.508592', '0.490241', '0.500907', '0.501189', '0.494469', '0.479573', '0.495106', '0.498537', '0.492480', '0.506634', '0.517124', '0.507957', '0.561408', '0.528594', '0.499896']
         : correct/total = [(6759, 14232), (7318, 14235), (7211, 14266), (7287, 14217), (7114, 14238), (7310, 14373), (7033, 14346), (7180, 14334), (7164, 14294), (7107, 14373), (6879, 14344), (7081, 14302), (7156, 14354), (7073, 14362), (7255, 14320), (7444, 14395), (7309, 14389), (8004, 14257), (7533, 14251), (7198, 14399)]
         : compromised: 0.5118, honest: 0.4935
         : sketchguard stats = ['Node 0: acc_rate=1.000', 'Node 1: acc_rate=1.000', 'Node 2: acc_rate=1.000']...
Round 002: test acc mean=0.5015 ± 0.0067 | min=0.4874 max=0.5134
         : test loss mean=1.7100 ± 1.3261
         : individual accs = ['0.507307', '0.487671', '0.511215', '0.505592', '0.498876', '0.497948', '0.496445', '0.499512', '0.503288', '0.495373', '0.505577', '0.487414', '0.513376', '0.505640', '0.497486', '0.501216', '0.509764', '0.505576', '0.502702', '0.498854']
         : correct/total = [(7220, 14232), (6942, 14235), (7293, 14266), (7188, 14217), (7103, 14238), (7157, 14373), (7122, 14346), (7160, 14334), (7194, 14294), (7120, 14373), (7252, 14344), (6971, 14302), (7369, 14354), (7262, 14362), (7124, 14320), (7215, 14395), (7335, 14389), (7208, 14257), (7164, 14251), (7183, 14399)]
         : compromised: 0.5016, honest: 0.5015
         : sketchguard stats = ['Node 0: acc_rate=1.000', 'Node 1: acc_rate=0.750', 'Node 2: acc_rate=0.500']...
Round 003: test acc mean=0.5164 ± 0.0274 | min=0.4855 max=0.5948
         : test loss mean=0.9529 ± 0.3716
         : individual accs = ['0.498033', '0.512188', '0.508131', '0.499472', '0.511378', '0.517498', '0.591036', '0.594810', '0.531971', '0.523273', '0.510109', '0.505733', '0.503135', '0.507311', '0.498743', '0.485516', '0.507401', '0.502630', '0.521156', '0.498715']
         : correct/total = [(7088, 14232), (7291, 14235), (7249, 14266), (7101, 14217), (7281, 14238), (7438, 14373), (8479, 14346), (8526, 14334), (7604, 14294), (7521, 14373), (7317, 14344), (7233, 14302), (7222, 14354), (7286, 14362), (7142, 14320), (6989, 14395), (7301, 14389), (7166, 14257), (7427, 14251), (7181, 14399)]
         : compromised: 0.5078, honest: 0.5293
         : sketchguard stats = ['Node 0: acc_rate=1.000', 'Node 1: acc_rate=0.667', 'Node 2: acc_rate=0.500']...
Round 004: test acc mean=0.5276 ± 0.0406 | min=0.4853 max=0.6257
         : test loss mean=0.8356 ± 0.2279
         : individual accs = ['0.529160', '0.562838', '0.502664', '0.496167', '0.500281', '0.513184', '0.625749', '0.623971', '0.570169', '0.485285', '0.487451', '0.548105', '0.514003', '0.499095', '0.524092', '0.497812', '0.492390', '0.496528', '0.551119', '0.531217']
         : correct/total = [(7531, 14232), (8012, 14235), (7171, 14266), (7054, 14217), (7123, 14238), (7376, 14373), (8977, 14346), (8944, 14334), (8150, 14294), (6975, 14373), (6992, 14344), (7839, 14302), (7378, 14354), (7168, 14362), (7505, 14320), (7166, 14395), (7085, 14389), (7079, 14257), (7854, 14251), (7649, 14399)]
         : compromised: 0.5230, honest: 0.5344
         : sketchguard stats = ['Node 0: acc_rate=0.875', 'Node 1: acc_rate=0.625', 'Node 2: acc_rate=0.375']...
Round 005: test acc mean=0.5537 ± 0.0510 | min=0.4874 max=0.6392
         : test loss mean=0.7851 ± 0.2235
         : individual accs = ['0.609261', '0.589744', '0.491799', '0.487374', '0.501896', '0.545328', '0.637181', '0.639180', '0.565132', '0.591943', '0.585750', '0.569291', '0.509753', '0.509539', '0.506285', '0.502258', '0.517409', '0.497229', '0.604659', '0.613584']
         : correct/total = [(8671, 14232), (8395, 14235), (7016, 14266), (6929, 14217), (7146, 14238), (7838, 14373), (9141, 14346), (9162, 14334), (8078, 14294), (8508, 14373), (8402, 14344), (8142, 14302), (7317, 14354), (7318, 14362), (7250, 14320), (7230, 14395), (7445, 14389), (7089, 14257), (8617, 14251), (8835, 14399)]
         : compromised: 0.5315, honest: 0.5870
         : sketchguard stats = ['Node 0: acc_rate=0.800', 'Node 1: acc_rate=0.600', 'Node 2: acc_rate=0.300']...
Round 006: test acc mean=0.5693 ± 0.0588 | min=0.4868 max=0.6510
         : test loss mean=0.7430 ± 0.1558
         : individual accs = ['0.632378', '0.634984', '0.512828', '0.519941', '0.505759', '0.550824', '0.646243', '0.651039', '0.584441', '0.611702', '0.609105', '0.609705', '0.527031', '0.512185', '0.516341', '0.502049', '0.486830', '0.500175', '0.632938', '0.640322']
         : correct/total = [(9000, 14232), (9039, 14235), (7316, 14266), (7392, 14217), (7201, 14238), (7917, 14373), (9271, 14346), (9332, 14334), (8354, 14294), (8792, 14373), (8737, 14344), (8720, 14302), (7565, 14354), (7356, 14362), (7394, 14320), (7227, 14395), (7005, 14389), (7131, 14257), (9020, 14251), (9220, 14399)]
         : compromised: 0.5503, honest: 0.5979
         : sketchguard stats = ['Node 0: acc_rate=0.750', 'Node 1: acc_rate=0.583', 'Node 2: acc_rate=0.250']...
Round 007: test acc mean=0.5735 ± 0.0700 | min=0.4876 max=0.6633
         : test loss mean=0.7375 ± 0.1691
         : individual accs = ['0.650014', '0.653600', '0.487593', '0.497151', '0.495786', '0.570375', '0.659487', '0.663318', '0.573248', '0.631810', '0.626673', '0.626206', '0.506827', '0.511280', '0.494553', '0.507746', '0.500869', '0.504173', '0.650621', '0.657823']
         : correct/total = [(9251, 14232), (9304, 14235), (6956, 14266), (7068, 14217), (7059, 14238), (8198, 14373), (9461, 14346), (9508, 14334), (8194, 14294), (9081, 14373), (8989, 14344), (8956, 14302), (7275, 14354), (7343, 14362), (7082, 14320), (7309, 14395), (7207, 14389), (7188, 14257), (9272, 14251), (9472, 14399)]
         : compromised: 0.5486, honest: 0.6107
         : sketchguard stats = ['Node 0: acc_rate=0.714', 'Node 1: acc_rate=0.571', 'Node 2: acc_rate=0.214']...
Round 008: test acc mean=0.5854 ± 0.0733 | min=0.4848 max=0.6702
         : test loss mean=0.6933 ± 0.1079
         : individual accs = ['0.661397', '0.666807', '0.515281', '0.501231', '0.527462', '0.652682', '0.667921', '0.670155', '0.592556', '0.639324', '0.632948', '0.637114', '0.498746', '0.508146', '0.517458', '0.499410', '0.484815', '0.509083', '0.659392', '0.665324']
         : correct/total = [(9413, 14232), (9492, 14235), (7351, 14266), (7126, 14217), (7510, 14238), (9381, 14373), (9582, 14346), (9606, 14334), (8470, 14294), (9189, 14373), (9079, 14344), (9112, 14302), (7159, 14354), (7298, 14362), (7410, 14320), (7189, 14395), (6976, 14389), (7258, 14257), (9397, 14251), (9580, 14399)]
         : compromised: 0.5632, honest: 0.6187
         : sketchguard stats = ['Node 0: acc_rate=0.688', 'Node 1: acc_rate=0.562', 'Node 2: acc_rate=0.188']...
Round 009: test acc mean=0.5898 ± 0.0796 | min=0.4900 max=0.6771
         : test loss mean=0.6992 ± 0.1237
         : individual accs = ['0.663505', '0.665262', '0.490046', '0.505240', '0.504003', '0.674250', '0.668270', '0.674899', '0.639639', '0.649830', '0.642777', '0.644805', '0.513933', '0.502298', '0.498883', '0.509274', '0.493571', '0.506488', '0.672093', '0.677130']
         : correct/total = [(9443, 14232), (9470, 14235), (6991, 14266), (7183, 14217), (7176, 14238), (9691, 14373), (9587, 14346), (9674, 14334), (9143, 14294), (9340, 14373), (9220, 14344), (9222, 14302), (7377, 14354), (7214, 14362), (7144, 14320), (7331, 14395), (7102, 14389), (7221, 14257), (9578, 14251), (9750, 14399)]
         : compromised: 0.5685, honest: 0.6217
         : sketchguard stats = ['Node 0: acc_rate=0.667', 'Node 1: acc_rate=0.556', 'Node 2: acc_rate=0.167']...
Round 010: test acc mean=0.5998 ± 0.0822 | min=0.4986 max=0.6857
         : test loss mean=0.6802 ± 0.1117
         : individual accs = ['0.681492', '0.685704', '0.522080', '0.505170', '0.513204', '0.683017', '0.678098', '0.684038', '0.664754', '0.658457', '0.653932', '0.653545', '0.504737', '0.508355', '0.523184', '0.501633', '0.509903', '0.498632', '0.679882', '0.685673']
         : correct/total = [(9699, 14232), (9761, 14235), (7448, 14266), (7182, 14217), (7307, 14238), (9817, 14373), (9728, 14346), (9805, 14334), (9502, 14294), (9464, 14373), (9380, 14344), (9347, 14302), (7245, 14354), (7301, 14362), (7492, 14320), (7221, 14395), (7337, 14389), (7109, 14257), (9689, 14251), (9873, 14399)]
         : compromised: 0.5776, honest: 0.6331
         : sketchguard stats = ['Node 0: acc_rate=0.650', 'Node 1: acc_rate=0.550', 'Node 2: acc_rate=0.150']...

=== FINAL RESULTS ===
Dataset: sent140, Nodes: 20, Graph: ring, Aggregation: sketchguard
Attack: directed_deviation, 60.0% compromised
Final accuracy - Compromised: 0.5776, Honest: 0.6331
Overall test accuracy: mean=0.5998 ± 0.0822

=== Sketchguard SUMMARY ===
Node 0: acceptance=0.650
Node 1: acceptance=0.550
Node 2: acceptance=0.150
Node 3: acceptance=0.550
Node 4: acceptance=0.300
Node 5: acceptance=0.800
Node 6: acceptance=0.550
Node 7: acceptance=0.550
Node 8: acceptance=0.900
Node 9: acceptance=0.600
Node 10: acceptance=0.650
Node 11: acceptance=0.550
Node 12: acceptance=0.100
Node 13: acceptance=0.100
Node 14: acceptance=0.050
Node 15: acceptance=0.550
Node 16: acceptance=0.500
Node 17: acceptance=0.500
Node 18: acceptance=0.500
Node 19: acceptance=0.650

=== PARALLEL EXECUTION TIME (realistic for distributed system) ===
  COMMUNICATION (max across nodes):
    - Sketch transfer: 0.000s (0.0%)
    - Model fetch (accepted): 0.000s (0.0%)
  COMPUTATION (max across nodes):
    - Sketching: 0.197s (93.5%)
    - Filtering: 0.001s (0.3%)
    - Aggregation: 0.013s (6.2%)
  TOTALS:
    - Total computation: 0.211s (100.0%)
    - Total communication: 0.000s (0.0%)
    - Total parallel time: 0.211s

=== PER-NODE AVERAGE TIME ===
  - Sketching: 0.163s
  - Filtering: 0.000s
  - Aggregation: 0.006s
  - Sketch transfer: 0.000s
  - Model fetch: 0.000s
  - Total per node: 0.170s

=== TOTAL COMPUTATIONAL WORK (sum across all nodes) ===
  - Total sketching: 3.268s
  - Total filtering: 0.006s
  - Total aggregation: 0.122s
  - Total sketch transfer: 0.000s
  - Total model fetch: 0.000s
  - Grand total: 3.396s
  - Mean acceptance rate: 0.488

Sketchguard Algorithm Properties:
  - Original dimension: 1,174,986
  - Sketch size: 180
  - Compression ratio: 19.9x
  - Single repetition: No repetitions needed
  - Theoretical complexity: O(d + N×k)
  - Approach: Sketch filtering + state aggregation
