Device: cuda
Seed: 987654321
Loading 1 LEAF Sent140 train files...
LEAF Sent140 train: 254555 users, 908652 samples
Building vocabulary (max_size=10000)...
Vocabulary size: 10000
Loading 1 LEAF Sent140 test files...
LEAF Sent140 test: 254555 users, 286281 samples
Found 254555 train users, 254555 test users, 254555 common users
User sample counts range: 494 (max) to 1 (min)
Distributed ALL 254555 users across 20 clients
Users per client: 12727 (with 15 clients getting +1 user)
Train partition sizes: [44353, 44290, 44657, 44907, 44696, 45843, 45801, 45619, 45069, 45639, 45821, 45311, 45779, 46056, 45625, 45984, 46428, 44737, 45540, 46497]
Test partition sizes: [14232, 14235, 14266, 14217, 14238, 14373, 14346, 14334, 14294, 14373, 14344, 14302, 14354, 14362, 14320, 14395, 14389, 14257, 14251, 14399]
  Client 0: 44353 train samples, 2 unique classes
  Client 1: 44290 train samples, 2 unique classes
  Client 2: 44657 train samples, 2 unique classes
  Client 3: 44907 train samples, 2 unique classes
  Client 4: 44696 train samples, 2 unique classes
  Client 5: 45843 train samples, 2 unique classes
  Client 6: 45801 train samples, 2 unique classes
  Client 7: 45619 train samples, 2 unique classes
  Client 8: 45069 train samples, 2 unique classes
  Client 9: 45639 train samples, 2 unique classes
  Client 10: 45821 train samples, 2 unique classes
  Client 11: 45311 train samples, 2 unique classes
  Client 12: 45779 train samples, 2 unique classes
  Client 13: 46056 train samples, 2 unique classes
  Client 14: 45625 train samples, 2 unique classes
  Client 15: 45984 train samples, 2 unique classes
  Client 16: 46428 train samples, 2 unique classes
  Client 17: 44737 train samples, 2 unique classes
  Client 18: 45540 train samples, 2 unique classes
  Client 19: 46497 train samples, 2 unique classes
Will sample 4500 samples per client per epoch
Graph: ring, nodes: 20, edges: 20
Degree statistics: avg=2.00, min=2, max=2
Attack: Compromised 4/20 nodes: [5, 12, 13, 17]
Attack type: krum, lambda: 1.0
Model variant: baseline
Model parameters: 1,174,986
Sketchguard Node 0:
  Model dim: 1,174,986 → Sketch size: 180
  Compression ratio: 6527.7x
  Using model parameters for aggregation, sketches for filtering
Sketchguard Node 1:
  Model dim: 1,174,986 → Sketch size: 180
  Compression ratio: 6527.7x
  Using model parameters for aggregation, sketches for filtering
Sketchguard Node 2:
  Model dim: 1,174,986 → Sketch size: 180
  Compression ratio: 6527.7x
  Using model parameters for aggregation, sketches for filtering
Sketchguard Node 3:
  Model dim: 1,174,986 → Sketch size: 180
  Compression ratio: 6527.7x
  Using model parameters for aggregation, sketches for filtering
Sketchguard Node 4:
  Model dim: 1,174,986 → Sketch size: 180
  Compression ratio: 6527.7x
  Using model parameters for aggregation, sketches for filtering
Sketchguard Node 5:
  Model dim: 1,174,986 → Sketch size: 180
  Compression ratio: 6527.7x
  Using model parameters for aggregation, sketches for filtering
Sketchguard Node 6:
  Model dim: 1,174,986 → Sketch size: 180
  Compression ratio: 6527.7x
  Using model parameters for aggregation, sketches for filtering
Sketchguard Node 7:
  Model dim: 1,174,986 → Sketch size: 180
  Compression ratio: 6527.7x
  Using model parameters for aggregation, sketches for filtering
Sketchguard Node 8:
  Model dim: 1,174,986 → Sketch size: 180
  Compression ratio: 6527.7x
  Using model parameters for aggregation, sketches for filtering
Sketchguard Node 9:
  Model dim: 1,174,986 → Sketch size: 180
  Compression ratio: 6527.7x
  Using model parameters for aggregation, sketches for filtering
Sketchguard Node 10:
  Model dim: 1,174,986 → Sketch size: 180
  Compression ratio: 6527.7x
  Using model parameters for aggregation, sketches for filtering
Sketchguard Node 11:
  Model dim: 1,174,986 → Sketch size: 180
  Compression ratio: 6527.7x
  Using model parameters for aggregation, sketches for filtering
Sketchguard Node 12:
  Model dim: 1,174,986 → Sketch size: 180
  Compression ratio: 6527.7x
  Using model parameters for aggregation, sketches for filtering
Sketchguard Node 13:
  Model dim: 1,174,986 → Sketch size: 180
  Compression ratio: 6527.7x
  Using model parameters for aggregation, sketches for filtering
Sketchguard Node 14:
  Model dim: 1,174,986 → Sketch size: 180
  Compression ratio: 6527.7x
  Using model parameters for aggregation, sketches for filtering
Sketchguard Node 15:
  Model dim: 1,174,986 → Sketch size: 180
  Compression ratio: 6527.7x
  Using model parameters for aggregation, sketches for filtering
Sketchguard Node 16:
  Model dim: 1,174,986 → Sketch size: 180
  Compression ratio: 6527.7x
  Using model parameters for aggregation, sketches for filtering
Sketchguard Node 17:
  Model dim: 1,174,986 → Sketch size: 180
  Compression ratio: 6527.7x
  Using model parameters for aggregation, sketches for filtering
Sketchguard Node 18:
  Model dim: 1,174,986 → Sketch size: 180
  Compression ratio: 6527.7x
  Using model parameters for aggregation, sketches for filtering
Sketchguard Node 19:
  Model dim: 1,174,986 → Sketch size: 180
  Compression ratio: 6527.7x
  Using model parameters for aggregation, sketches for filtering
Sketchguard ALGORITHM (Sketch-based Filtering + State Aggregation)
  - Model dimension: 1,174,986 parameters
  - Config: SketchguardConfig(gamma=2, kappa=1, alpha=0.5, min_neighbors=1, sketch_size=180, network_seed=987654321, attack_detection_window=5)
  - Sketch size: 180
  - Compression ratio: 6527.7x
  - Complexity: O(d + N×k) = O(1,174,986 + 20×180)
  - Theoretical speedup vs BALANCE: 19.9x
Initial test acc across nodes: mean=0.4965 ± 0.0152
Round 001: test acc mean=0.5184 ± 0.0200 | min=0.4895 max=0.5559
         : test loss mean=1.0711 ± 0.5179
         : individual accs = ['0.511031', '0.553495', '0.515211', '0.554407', '0.509833', '0.509288', '0.515614', '0.526441', '0.518679', '0.540110', '0.498048', '0.506642', '0.502020', '0.499791', '0.508450', '0.540396', '0.489541', '0.521218', '0.492527', '0.555941']
         : correct/total = [(7273, 14232), (7879, 14235), (7350, 14266), (7882, 14217), (7259, 14238), (7320, 14373), (7397, 14346), (7546, 14334), (7414, 14294), (7763, 14373), (7144, 14344), (7246, 14302), (7206, 14354), (7178, 14362), (7281, 14320), (7779, 14395), (7044, 14389), (7431, 14257), (7019, 14251), (8005, 14399)]
         : compromised: 0.5081, honest: 0.5210
         : sketchguard stats = ['Node 0: acc_rate=1.000', 'Node 1: acc_rate=1.000', 'Node 2: acc_rate=1.000']...
Round 002: test acc mean=0.4993 ± 0.0122 | min=0.4758 max=0.5321
         : test loss mean=0.9905 ± 0.4342
         : individual accs = ['0.491779', '0.506849', '0.487102', '0.500598', '0.487217', '0.532109', '0.510526', '0.475792', '0.488737', '0.497739', '0.494423', '0.499860', '0.511565', '0.487258', '0.509846', '0.500938', '0.506498', '0.490776', '0.510490', '0.495868']
         : correct/total = [(6999, 14232), (7215, 14235), (6949, 14266), (7117, 14217), (6937, 14238), (7648, 14373), (7324, 14346), (6820, 14334), (6986, 14294), (7154, 14373), (7092, 14344), (7149, 14302), (7343, 14354), (6998, 14362), (7301, 14320), (7211, 14395), (7288, 14389), (6997, 14257), (7275, 14251), (7140, 14399)]
         : compromised: 0.5054, honest: 0.4978
         : sketchguard stats = ['Node 0: acc_rate=1.000', 'Node 1: acc_rate=1.000', 'Node 2: acc_rate=1.000']...
Round 003: test acc mean=0.5003 ± 0.0108 | min=0.4857 max=0.5261
         : test loss mean=0.7236 ± 0.0282
         : individual accs = ['0.488969', '0.486266', '0.485981', '0.510164', '0.526127', '0.505879', '0.508922', '0.504116', '0.488457', '0.492938', '0.501255', '0.516082', '0.495959', '0.485726', '0.513338', '0.506009', '0.498645', '0.498983', '0.495544', '0.496910']
         : correct/total = [(6959, 14232), (6922, 14235), (6933, 14266), (7253, 14217), (7491, 14238), (7271, 14373), (7301, 14346), (7226, 14334), (6982, 14294), (7085, 14373), (7190, 14344), (7381, 14302), (7119, 14354), (6976, 14362), (7351, 14320), (7284, 14395), (7175, 14389), (7114, 14257), (7062, 14251), (7155, 14399)]
         : compromised: 0.4966, honest: 0.5012
         : sketchguard stats = ['Node 0: acc_rate=1.000', 'Node 1: acc_rate=1.000', 'Node 2: acc_rate=1.000']...
Round 004: test acc mean=0.5374 ± 0.0237 | min=0.4864 max=0.5863
         : test loss mean=0.6909 ± 0.0104
         : individual accs = ['0.508713', '0.486407', '0.500491', '0.557713', '0.560893', '0.538440', '0.557507', '0.552463', '0.535959', '0.549016', '0.542596', '0.586282', '0.507524', '0.524927', '0.563198', '0.548107', '0.533533', '0.516939', '0.534699', '0.542121']
         : correct/total = [(7240, 14232), (6924, 14235), (7140, 14266), (7929, 14217), (7986, 14238), (7739, 14373), (7998, 14346), (7919, 14334), (7661, 14294), (7891, 14373), (7783, 14344), (8385, 14302), (7285, 14354), (7539, 14362), (8065, 14320), (7890, 14395), (7677, 14389), (7370, 14257), (7620, 14251), (7806, 14399)]
         : compromised: 0.5220, honest: 0.5412
         : sketchguard stats = ['Node 0: acc_rate=1.000', 'Node 1: acc_rate=1.000', 'Node 2: acc_rate=1.000']...
Round 005: test acc mean=0.5618 ± 0.0321 | min=0.4863 max=0.6024
         : test loss mean=0.6802 ± 0.0091
         : individual accs = ['0.516020', '0.486266', '0.490467', '0.578462', '0.574940', '0.560495', '0.585878', '0.584066', '0.544984', '0.550755', '0.600042', '0.602433', '0.579699', '0.585155', '0.576676', '0.571587', '0.564042', '0.529003', '0.575539', '0.578582']
         : correct/total = [(7344, 14232), (6922, 14235), (6997, 14266), (8224, 14217), (8186, 14238), (8056, 14373), (8405, 14346), (8372, 14334), (7790, 14294), (7916, 14373), (8607, 14344), (8616, 14302), (8321, 14354), (8404, 14362), (8258, 14320), (8228, 14395), (8116, 14389), (7542, 14257), (8202, 14251), (8331, 14399)]
         : compromised: 0.5636, honest: 0.5613
         : sketchguard stats = ['Node 0: acc_rate=1.000', 'Node 1: acc_rate=1.000', 'Node 2: acc_rate=1.000']...
Round 006: test acc mean=0.5785 ± 0.0323 | min=0.4863 max=0.6193
         : test loss mean=0.6743 ± 0.0113
         : individual accs = ['0.528949', '0.486266', '0.528880', '0.587747', '0.586037', '0.578863', '0.601073', '0.606600', '0.587869', '0.589995', '0.612800', '0.619284', '0.606869', '0.585921', '0.577444', '0.582702', '0.576204', '0.538472', '0.591608', '0.595458']
         : correct/total = [(7528, 14232), (6922, 14235), (7545, 14266), (8356, 14217), (8344, 14238), (8320, 14373), (8623, 14346), (8695, 14334), (8403, 14294), (8480, 14373), (8790, 14344), (8857, 14302), (8711, 14354), (8415, 14362), (8269, 14320), (8388, 14395), (8291, 14389), (7677, 14257), (8431, 14251), (8574, 14399)]
         : compromised: 0.5775, honest: 0.5787
         : sketchguard stats = ['Node 0: acc_rate=1.000', 'Node 1: acc_rate=1.000', 'Node 2: acc_rate=1.000']...
Round 007: test acc mean=0.5934 ± 0.0281 | min=0.4865 max=0.6196
         : test loss mean=0.6676 ± 0.0114
         : individual accs = ['0.584809', '0.486477', '0.569396', '0.597243', '0.598750', '0.595213', '0.603443', '0.611972', '0.611096', '0.606832', '0.610151', '0.619634', '0.617319', '0.597410', '0.591341', '0.594512', '0.591077', '0.565968', '0.606133', '0.608931']
         : correct/total = [(8323, 14232), (6925, 14235), (8123, 14266), (8491, 14217), (8525, 14238), (8555, 14373), (8657, 14346), (8772, 14334), (8735, 14294), (8722, 14373), (8752, 14344), (8862, 14302), (8861, 14354), (8580, 14362), (8468, 14320), (8558, 14395), (8505, 14389), (8069, 14257), (8638, 14251), (8768, 14399)]
         : compromised: 0.5940, honest: 0.5932
         : sketchguard stats = ['Node 0: acc_rate=1.000', 'Node 1: acc_rate=1.000', 'Node 2: acc_rate=1.000']...
Round 008: test acc mean=0.6009 ± 0.0299 | min=0.4870 max=0.6299
         : test loss mean=0.6617 ± 0.0123
         : individual accs = ['0.583614', '0.486969', '0.573251', '0.603292', '0.607740', '0.602171', '0.614945', '0.619227', '0.618651', '0.621652', '0.616704', '0.627535', '0.629929', '0.601796', '0.600978', '0.602292', '0.594551', '0.582942', '0.613852', '0.615321']
         : correct/total = [(8306, 14232), (6932, 14235), (8178, 14266), (8577, 14217), (8653, 14238), (8655, 14373), (8822, 14346), (8876, 14334), (8843, 14294), (8935, 14373), (8846, 14344), (8975, 14302), (9042, 14354), (8643, 14362), (8606, 14320), (8670, 14395), (8555, 14389), (8311, 14257), (8748, 14251), (8860, 14399)]
         : compromised: 0.6042, honest: 0.6000
         : sketchguard stats = ['Node 0: acc_rate=1.000', 'Node 1: acc_rate=1.000', 'Node 2: acc_rate=1.000']...
Round 009: test acc mean=0.6100 ± 0.0244 | min=0.5184 max=0.6400
         : test loss mean=0.6568 ± 0.0124
         : individual accs = ['0.607083', '0.518370', '0.606056', '0.612576', '0.610549', '0.603075', '0.628050', '0.626482', '0.628376', '0.627357', '0.619074', '0.632010', '0.640031', '0.607784', '0.600489', '0.605557', '0.598999', '0.591008', '0.618343', '0.617960']
         : correct/total = [(8640, 14232), (7379, 14235), (8646, 14266), (8709, 14217), (8693, 14238), (8668, 14373), (9010, 14346), (8980, 14334), (8982, 14294), (9017, 14373), (8880, 14344), (9039, 14302), (9187, 14354), (8729, 14362), (8599, 14320), (8717, 14395), (8619, 14389), (8426, 14257), (8812, 14251), (8898, 14399)]
         : compromised: 0.6105, honest: 0.6098
         : sketchguard stats = ['Node 0: acc_rate=1.000', 'Node 1: acc_rate=1.000', 'Node 2: acc_rate=1.000']...
Round 010: test acc mean=0.6193 ± 0.0134 | min=0.5797 max=0.6405
         : test loss mean=0.6513 ± 0.0109
         : individual accs = ['0.613969', '0.579698', '0.615730', '0.621228', '0.622630', '0.624852', '0.631535', '0.628645', '0.625927', '0.633479', '0.623048', '0.633128', '0.640518', '0.612380', '0.611522', '0.613755', '0.606227', '0.598373', '0.624447', '0.624418']
         : correct/total = [(8738, 14232), (8252, 14235), (8784, 14266), (8832, 14217), (8865, 14238), (8981, 14373), (9060, 14346), (9011, 14334), (8947, 14294), (9105, 14373), (8937, 14344), (9055, 14302), (9194, 14354), (8795, 14362), (8757, 14320), (8835, 14395), (8723, 14389), (8531, 14257), (8899, 14251), (8991, 14399)]
         : compromised: 0.6190, honest: 0.6193
         : sketchguard stats = ['Node 0: acc_rate=1.000', 'Node 1: acc_rate=1.000', 'Node 2: acc_rate=1.000']...

=== FINAL RESULTS ===
Dataset: sent140, Nodes: 20, Graph: ring, Aggregation: sketchguard
Attack: krum, 20.0% compromised
Final accuracy - Compromised: 0.6190, Honest: 0.6193
Overall test accuracy: mean=0.6193 ± 0.0134

=== Sketchguard SUMMARY ===
Node 0: acceptance=1.000
Node 1: acceptance=1.000
Node 2: acceptance=1.000
Node 3: acceptance=1.000
Node 4: acceptance=0.600
Node 5: acceptance=0.850
Node 6: acceptance=0.600
Node 7: acceptance=1.000
Node 8: acceptance=1.000
Node 9: acceptance=1.000
Node 10: acceptance=1.000
Node 11: acceptance=0.600
Node 12: acceptance=0.600
Node 13: acceptance=0.550
Node 14: acceptance=0.600
Node 15: acceptance=1.000
Node 16: acceptance=0.600
Node 17: acceptance=0.900
Node 18: acceptance=0.600
Node 19: acceptance=1.000

=== PARALLEL EXECUTION TIME (realistic for distributed system) ===
  COMMUNICATION (max across nodes):
    - Sketch transfer: 0.000s (0.0%)
    - Model fetch (accepted): 0.000s (0.0%)
  COMPUTATION (max across nodes):
    - Sketching: 0.215s (95.7%)
    - Filtering: 0.001s (0.3%)
    - Aggregation: 0.009s (4.0%)
  TOTALS:
    - Total computation: 0.225s (100.0%)
    - Total communication: 0.000s (0.0%)
    - Total parallel time: 0.225s

=== PER-NODE AVERAGE TIME ===
  - Sketching: 0.159s
  - Filtering: 0.000s
  - Aggregation: 0.006s
  - Sketch transfer: 0.000s
  - Model fetch: 0.000s
  - Total per node: 0.165s

=== TOTAL COMPUTATIONAL WORK (sum across all nodes) ===
  - Total sketching: 3.175s
  - Total filtering: 0.006s
  - Total aggregation: 0.119s
  - Total sketch transfer: 0.000s
  - Total model fetch: 0.000s
  - Grand total: 3.300s
  - Mean acceptance rate: 0.825

Sketchguard Algorithm Properties:
  - Original dimension: 1,174,986
  - Sketch size: 180
  - Compression ratio: 19.9x
  - Single repetition: No repetitions needed
  - Theoretical complexity: O(d + N×k)
  - Approach: Sketch filtering + state aggregation
