Device: cuda
Seed: 987654321
Loading 1 LEAF Sent140 train files...
LEAF Sent140 train: 254555 users, 908652 samples
Building vocabulary (max_size=10000)...
Vocabulary size: 10000
Loading 1 LEAF Sent140 test files...
LEAF Sent140 test: 254555 users, 286281 samples
Found 254555 train users, 254555 test users, 254555 common users
User sample counts range: 494 (max) to 1 (min)
Distributed ALL 254555 users across 20 clients
Users per client: 12727 (with 15 clients getting +1 user)
Train partition sizes: [44353, 44290, 44657, 44907, 44696, 45843, 45801, 45619, 45069, 45639, 45821, 45311, 45779, 46056, 45625, 45984, 46428, 44737, 45540, 46497]
Test partition sizes: [14232, 14235, 14266, 14217, 14238, 14373, 14346, 14334, 14294, 14373, 14344, 14302, 14354, 14362, 14320, 14395, 14389, 14257, 14251, 14399]
  Client 0: 44353 train samples, 2 unique classes
  Client 1: 44290 train samples, 2 unique classes
  Client 2: 44657 train samples, 2 unique classes
  Client 3: 44907 train samples, 2 unique classes
  Client 4: 44696 train samples, 2 unique classes
  Client 5: 45843 train samples, 2 unique classes
  Client 6: 45801 train samples, 2 unique classes
  Client 7: 45619 train samples, 2 unique classes
  Client 8: 45069 train samples, 2 unique classes
  Client 9: 45639 train samples, 2 unique classes
  Client 10: 45821 train samples, 2 unique classes
  Client 11: 45311 train samples, 2 unique classes
  Client 12: 45779 train samples, 2 unique classes
  Client 13: 46056 train samples, 2 unique classes
  Client 14: 45625 train samples, 2 unique classes
  Client 15: 45984 train samples, 2 unique classes
  Client 16: 46428 train samples, 2 unique classes
  Client 17: 44737 train samples, 2 unique classes
  Client 18: 45540 train samples, 2 unique classes
  Client 19: 46497 train samples, 2 unique classes
Will sample 4500 samples per client per epoch
Graph: erdos, nodes: 20, edges: 126
Degree statistics: avg=12.60, min=8, max=16
Attack: Compromised 10/20 nodes: [1, 2, 5, 11, 12, 13, 14, 15, 17, 18]
Attack type: gaussian, lambda: 1.0
Model variant: baseline
Model parameters: 1,174,986
Initial test acc across nodes: mean=0.4965 ± 0.0152
Round 001: test acc mean=0.4994 ± 0.0058 | min=0.4893 max=0.5147
         : test loss mean=137.9759 ± 37.5901
         : individual accs = ['0.498243', '0.501370', '0.514720', '0.499050', '0.501686', '0.499061', '0.503346', '0.494489', '0.502309', '0.492312', '0.489334', '0.498322', '0.490943', '0.507868', '0.505726', '0.494547', '0.496212', '0.501789', '0.499263', '0.498090']
         : correct/total = [(7091, 14232), (7137, 14235), (7343, 14266), (7095, 14217), (7143, 14238), (7173, 14373), (7221, 14346), (7088, 14334), (7180, 14294), (7076, 14373), (7019, 14344), (7127, 14302), (7047, 14354), (7294, 14362), (7242, 14320), (7119, 14395), (7140, 14389), (7154, 14257), (7115, 14251), (7172, 14399)]
         : compromised: 0.5014, honest: 0.4975
Round 002: test acc mean=0.4995 ± 0.0080 | min=0.4816 max=0.5142
         : test loss mean=155.5477 ± 72.2499
         : individual accs = ['0.505551', '0.481560', '0.486822', '0.496870', '0.505478', '0.503583', '0.502370', '0.514162', '0.507905', '0.497669', '0.488985', '0.492169', '0.502020', '0.497981', '0.501257', '0.504064', '0.512197', '0.495546', '0.497439', '0.495798']
         : correct/total = [(7195, 14232), (6855, 14235), (6945, 14266), (7064, 14217), (7197, 14238), (7238, 14373), (7207, 14346), (7370, 14334), (7260, 14294), (7153, 14373), (7014, 14344), (7039, 14302), (7206, 14354), (7152, 14362), (7178, 14320), (7256, 14395), (7370, 14389), (7065, 14257), (7089, 14251), (7139, 14399)]
         : compromised: 0.4962, honest: 0.5027
Round 003: test acc mean=0.5001 ± 0.0051 | min=0.4865 max=0.5124
         : test loss mean=183.2307 ± 100.5114
         : individual accs = ['0.500351', '0.486477', '0.499930', '0.503271', '0.503933', '0.500035', '0.497979', '0.497279', '0.496432', '0.498295', '0.500349', '0.507062', '0.500070', '0.498190', '0.497207', '0.502258', '0.501633', '0.494213', '0.505017', '0.512397']
         : correct/total = [(7121, 14232), (6925, 14235), (7132, 14266), (7155, 14217), (7175, 14238), (7187, 14373), (7144, 14346), (7128, 14334), (7096, 14294), (7162, 14373), (7177, 14344), (7252, 14302), (7178, 14354), (7155, 14362), (7120, 14320), (7230, 14395), (7218, 14389), (7046, 14257), (7197, 14251), (7378, 14399)]
         : compromised: 0.4990, honest: 0.5012
Round 004: test acc mean=0.4984 ± 0.0081 | min=0.4798 max=0.5118
         : test loss mean=179.8189 ± 76.9902
         : individual accs = ['0.494730', '0.497576', '0.494673', '0.493705', '0.491150', '0.479788', '0.502997', '0.484791', '0.497342', '0.504696', '0.499582', '0.505664', '0.507385', '0.511837', '0.508589', '0.498229', '0.489471', '0.500316', '0.508175', '0.496771']
         : correct/total = [(7041, 14232), (7083, 14235), (7057, 14266), (7019, 14217), (6993, 14238), (6896, 14373), (7216, 14346), (6949, 14334), (7109, 14294), (7254, 14373), (7166, 14344), (7232, 14302), (7283, 14354), (7351, 14362), (7283, 14320), (7172, 14395), (7043, 14389), (7133, 14257), (7242, 14251), (7153, 14399)]
         : compromised: 0.5012, honest: 0.4955
Round 005: test acc mean=0.4998 ± 0.0049 | min=0.4911 max=0.5081
         : test loss mean=179.4696 ± 75.5646
         : individual accs = ['0.499297', '0.492518', '0.504346', '0.502427', '0.507164', '0.494260', '0.498188', '0.503279', '0.494123', '0.499478', '0.493726', '0.508111', '0.497562', '0.501114', '0.495880', '0.501980', '0.501355', '0.504384', '0.491053', '0.504827']
         : correct/total = [(7106, 14232), (7011, 14235), (7195, 14266), (7143, 14217), (7221, 14238), (7104, 14373), (7147, 14346), (7214, 14334), (7063, 14294), (7179, 14373), (7082, 14344), (7267, 14302), (7142, 14354), (7197, 14362), (7101, 14320), (7226, 14395), (7214, 14389), (7191, 14257), (6998, 14251), (7269, 14399)]
         : compromised: 0.4991, honest: 0.5004
Round 006: test acc mean=0.5003 ± 0.0081 | min=0.4859 max=0.5206
         : test loss mean=148.5145 ± 64.1706
         : individual accs = ['0.485877', '0.514787', '0.498949', '0.520644', '0.492063', '0.498922', '0.498397', '0.492605', '0.510844', '0.488416', '0.502301', '0.494826', '0.504459', '0.506058', '0.501536', '0.500313', '0.498089', '0.499404', '0.497649', '0.499757']
         : correct/total = [(6915, 14232), (7328, 14235), (7118, 14266), (7402, 14217), (7006, 14238), (7171, 14373), (7150, 14346), (7061, 14334), (7302, 14294), (7020, 14373), (7205, 14344), (7077, 14302), (7241, 14354), (7268, 14362), (7182, 14320), (7202, 14395), (7167, 14389), (7120, 14257), (7092, 14251), (7196, 14399)]
         : compromised: 0.5017, honest: 0.4989
Round 007: test acc mean=0.5018 ± 0.0068 | min=0.4882 max=0.5173
         : test loss mean=183.2600 ± 89.2716
         : individual accs = ['0.514404', '0.488233', '0.502944', '0.490399', '0.494381', '0.496278', '0.493657', '0.501116', '0.504687', '0.505322', '0.501046', '0.517270', '0.499234', '0.503969', '0.503561', '0.505662', '0.500452', '0.503472', '0.505719', '0.503229']
         : correct/total = [(7321, 14232), (6950, 14235), (7175, 14266), (6972, 14217), (7039, 14238), (7133, 14373), (7082, 14346), (7183, 14334), (7214, 14294), (7263, 14373), (7187, 14344), (7398, 14302), (7166, 14354), (7238, 14362), (7211, 14320), (7279, 14395), (7201, 14389), (7178, 14257), (7207, 14251), (7246, 14399)]
         : compromised: 0.5026, honest: 0.5009
Round 008: test acc mean=0.5011 ± 0.0087 | min=0.4800 max=0.5156
         : test loss mean=190.4840 ± 128.2181
         : individual accs = ['0.480045', '0.503477', '0.504136', '0.513610', '0.515592', '0.510680', '0.500836', '0.495326', '0.511403', '0.488764', '0.502022', '0.494686', '0.495750', '0.509957', '0.494344', '0.497881', '0.497046', '0.497580', '0.509929', '0.498090']
         : correct/total = [(6832, 14232), (7167, 14235), (7192, 14266), (7302, 14217), (7341, 14238), (7340, 14373), (7185, 14346), (7100, 14334), (7310, 14294), (7025, 14373), (7201, 14344), (7075, 14302), (7116, 14354), (7324, 14362), (7079, 14320), (7167, 14395), (7152, 14389), (7094, 14257), (7267, 14251), (7172, 14399)]
         : compromised: 0.5018, honest: 0.5003
Round 009: test acc mean=0.4992 ± 0.0084 | min=0.4800 max=0.5090
         : test loss mean=156.0967 ± 64.5451
         : individual accs = ['0.495433', '0.507903', '0.503084', '0.488922', '0.491923', '0.499896', '0.507040', '0.505023', '0.498811', '0.504279', '0.504113', '0.483569', '0.508012', '0.491088', '0.493925', '0.480028', '0.507888', '0.497229', '0.509017', '0.506285']
         : correct/total = [(7051, 14232), (7230, 14235), (7177, 14266), (6951, 14217), (7004, 14238), (7185, 14373), (7274, 14346), (7239, 14334), (7130, 14294), (7248, 14373), (7231, 14344), (6916, 14302), (7292, 14354), (7053, 14362), (7073, 14320), (6910, 14395), (7308, 14389), (7089, 14257), (7254, 14251), (7290, 14399)]
         : compromised: 0.4974, honest: 0.5010
Round 010: test acc mean=0.5029 ± 0.0095 | min=0.4768 max=0.5216
         : test loss mean=135.6921 ± 51.3840
         : individual accs = ['0.496627', '0.503337', '0.500000', '0.517479', '0.504565', '0.511445', '0.490729', '0.508581', '0.507835', '0.504766', '0.501743', '0.496364', '0.504946', '0.476814', '0.492807', '0.521570', '0.500521', '0.502069', '0.509929', '0.506494']
         : correct/total = [(7068, 14232), (7165, 14235), (7133, 14266), (7357, 14217), (7184, 14238), (7351, 14373), (7040, 14346), (7290, 14334), (7259, 14294), (7255, 14373), (7197, 14344), (7099, 14302), (7248, 14354), (6848, 14362), (7057, 14320), (7508, 14395), (7202, 14389), (7158, 14257), (7267, 14251), (7293, 14399)]
         : compromised: 0.5019, honest: 0.5039

=== FINAL RESULTS ===
Dataset: sent140, Nodes: 20, Graph: erdos, Aggregation: d-fedavg
Attack: gaussian, 50.0% compromised
Final accuracy - Compromised: 0.5019, Honest: 0.5039
Overall test accuracy: mean=0.5029 ± 0.0095
