Device: cuda
Seed: 987654321
Loading 1 LEAF Sent140 train files...
LEAF Sent140 train: 254555 users, 908652 samples
Building vocabulary (max_size=10000)...
Vocabulary size: 10000
Loading 1 LEAF Sent140 test files...
LEAF Sent140 test: 254555 users, 286281 samples
Found 254555 train users, 254555 test users, 254555 common users
User sample counts range: 494 (max) to 1 (min)
Distributed ALL 254555 users across 20 clients
Users per client: 12727 (with 15 clients getting +1 user)
Train partition sizes: [44353, 44290, 44657, 44907, 44696, 45843, 45801, 45619, 45069, 45639, 45821, 45311, 45779, 46056, 45625, 45984, 46428, 44737, 45540, 46497]
Test partition sizes: [14232, 14235, 14266, 14217, 14238, 14373, 14346, 14334, 14294, 14373, 14344, 14302, 14354, 14362, 14320, 14395, 14389, 14257, 14251, 14399]
  Client 0: 44353 train samples, 2 unique classes
  Client 1: 44290 train samples, 2 unique classes
  Client 2: 44657 train samples, 2 unique classes
  Client 3: 44907 train samples, 2 unique classes
  Client 4: 44696 train samples, 2 unique classes
  Client 5: 45843 train samples, 2 unique classes
  Client 6: 45801 train samples, 2 unique classes
  Client 7: 45619 train samples, 2 unique classes
  Client 8: 45069 train samples, 2 unique classes
  Client 9: 45639 train samples, 2 unique classes
  Client 10: 45821 train samples, 2 unique classes
  Client 11: 45311 train samples, 2 unique classes
  Client 12: 45779 train samples, 2 unique classes
  Client 13: 46056 train samples, 2 unique classes
  Client 14: 45625 train samples, 2 unique classes
  Client 15: 45984 train samples, 2 unique classes
  Client 16: 46428 train samples, 2 unique classes
  Client 17: 44737 train samples, 2 unique classes
  Client 18: 45540 train samples, 2 unique classes
  Client 19: 46497 train samples, 2 unique classes
Will sample 4500 samples per client per epoch
Graph: ring, nodes: 20, edges: 20
Degree statistics: avg=2.00, min=2, max=2
Attack: Compromised 16/20 nodes: [1, 2, 3, 5, 6, 8, 9, 10, 11, 12, 13, 14, 15, 17, 18, 19]
Attack type: backdoor, lambda: 1.0
Backdoor target label: 1, trigger size: 3
Model variant: baseline
Model parameters: 1,174,986
Initial test acc across nodes: mean=0.4953 ± 0.0174
Backdoor attack: Created poisoned datasets for 16 compromised nodes
Round 001: test acc mean=0.5002 ± 0.0066 | min=0.4870 max=0.5125
         : test loss mean=33.2681 ± 28.6991
         : individual accs = ['0.508994', '0.508254', '0.486962', '0.505662', '0.500913', '0.500522', '0.501464', '0.492884', '0.512523', '0.495652', '0.499512', '0.493148', '0.502717', '0.506615', '0.493017', '0.495311', '0.507610', '0.493933', '0.496246', '0.502257']
         : correct/total = [(7244, 14232), (7235, 14235), (6947, 14266), (7189, 14217), (7132, 14238), (7194, 14373), (7194, 14346), (7065, 14334), (7326, 14294), (7124, 14373), (7165, 14344), (7053, 14302), (7216, 14354), (7276, 14362), (7060, 14320), (7130, 14395), (7304, 14389), (7042, 14257), (7072, 14251), (7232, 14399)]
         : compromised: 0.4996, honest: 0.5026
Round 002: test acc mean=0.4977 ± 0.0071 | min=0.4830 max=0.5130
         : test loss mean=106.5795 ± 36.5505
         : individual accs = ['0.492622', '0.483035', '0.513038', '0.484983', '0.494522', '0.495860', '0.499791', '0.492745', '0.498181', '0.504766', '0.501603', '0.506153', '0.497144', '0.493176', '0.507402', '0.497742', '0.492529', '0.495336', '0.504386', '0.498090']
         : correct/total = [(7011, 14232), (6876, 14235), (7319, 14266), (6895, 14217), (7041, 14238), (7127, 14373), (7170, 14346), (7063, 14334), (7121, 14294), (7255, 14373), (7195, 14344), (7239, 14302), (7136, 14354), (7083, 14362), (7266, 14320), (7165, 14395), (7087, 14389), (7062, 14257), (7188, 14251), (7172, 14399)]
         : compromised: 0.4988, honest: 0.4931
Round 003: test acc mean=0.5031 ± 0.0103 | min=0.4736 max=0.5179
         : test loss mean=103.5073 ± 107.9414
         : individual accs = ['0.503583', '0.506990', '0.517945', '0.487234', '0.487498', '0.473596', '0.505576', '0.513046', '0.504617', '0.504001', '0.502928', '0.510418', '0.503692', '0.496588', '0.510265', '0.515179', '0.508722', '0.508171', '0.506421', '0.495590']
         : correct/total = [(7167, 14232), (7217, 14235), (7389, 14266), (6927, 14217), (6941, 14238), (6807, 14373), (7253, 14346), (7354, 14334), (7213, 14294), (7244, 14373), (7214, 14344), (7300, 14302), (7230, 14354), (7132, 14362), (7307, 14320), (7416, 14395), (7320, 14389), (7245, 14257), (7217, 14251), (7136, 14399)]
         : compromised: 0.5031, honest: 0.5032
Round 004: test acc mean=0.5012 ± 0.0076 | min=0.4861 max=0.5164
         : test loss mean=38.6115 ± 21.7160
         : individual accs = ['0.496698', '0.486126', '0.492570', '0.491313', '0.500983', '0.501148', '0.499651', '0.504046', '0.500210', '0.495443', '0.502301', '0.493987', '0.507454', '0.505361', '0.499930', '0.514832', '0.513795', '0.516378', '0.499053', '0.502257']
         : correct/total = [(7069, 14232), (6920, 14235), (7027, 14266), (6985, 14217), (7133, 14238), (7203, 14373), (7168, 14346), (7225, 14334), (7150, 14294), (7121, 14373), (7205, 14344), (7065, 14302), (7284, 14354), (7258, 14362), (7159, 14320), (7411, 14395), (7393, 14389), (7362, 14257), (7112, 14251), (7232, 14399)]
         : compromised: 0.5005, honest: 0.5039
Round 005: test acc mean=0.4958 ± 0.0071 | min=0.4828 max=0.5100
         : test loss mean=54.7104 ± 39.2908
         : individual accs = ['0.493114', '0.482754', '0.486191', '0.485686', '0.497472', '0.497182', '0.502858', '0.492605', '0.500909', '0.491964', '0.496863', '0.491749', '0.498119', '0.504038', '0.488128', '0.507329', '0.509973', '0.501017', '0.491825', '0.495937']
         : correct/total = [(7018, 14232), (6872, 14235), (6936, 14266), (6905, 14217), (7083, 14238), (7146, 14373), (7214, 14346), (7061, 14334), (7160, 14294), (7071, 14373), (7127, 14344), (7033, 14302), (7150, 14354), (7239, 14362), (6990, 14320), (7303, 14395), (7338, 14389), (7143, 14257), (7009, 14251), (7141, 14399)]
         : compromised: 0.4952, honest: 0.4983
Round 006: test acc mean=0.5041 ± 0.0072 | min=0.4943 max=0.5190
         : test loss mean=98.7911 ± 96.0718
         : individual accs = ['0.512366', '0.501721', '0.512057', '0.494338', '0.495294', '0.497252', '0.503625', '0.497419', '0.495173', '0.505949', '0.504044', '0.505803', '0.498467', '0.494499', '0.508450', '0.519000', '0.517062', '0.508592', '0.504456', '0.505521']
         : correct/total = [(7292, 14232), (7142, 14235), (7305, 14266), (7028, 14217), (7052, 14238), (7147, 14373), (7225, 14346), (7130, 14334), (7078, 14294), (7272, 14373), (7230, 14344), (7234, 14302), (7155, 14354), (7102, 14362), (7281, 14320), (7471, 14395), (7440, 14389), (7251, 14257), (7189, 14251), (7279, 14399)]
         : compromised: 0.5037, honest: 0.5055
Round 007: test acc mean=0.5002 ± 0.0080 | min=0.4850 max=0.5186
         : test loss mean=130.6480 ± 135.7517
         : individual accs = ['0.502600', '0.498279', '0.486822', '0.496448', '0.502037', '0.502609', '0.499442', '0.500488', '0.485029', '0.494956', '0.496933', '0.493777', '0.502508', '0.506754', '0.493017', '0.518583', '0.513587', '0.509434', '0.494913', '0.504827']
         : correct/total = [(7153, 14232), (7093, 14235), (6945, 14266), (7058, 14217), (7148, 14238), (7224, 14373), (7165, 14346), (7174, 14334), (6933, 14294), (7114, 14373), (7128, 14344), (7062, 14302), (7213, 14354), (7278, 14362), (7060, 14320), (7465, 14395), (7390, 14389), (7263, 14257), (7053, 14251), (7269, 14399)]
         : compromised: 0.4990, honest: 0.5047
Round 008: test acc mean=0.4966 ± 0.0082 | min=0.4809 max=0.5137
         : test loss mean=175.6309 ± 172.8851
         : individual accs = ['0.499930', '0.499614', '0.486261', '0.486108', '0.494662', '0.496834', '0.489405', '0.486605', '0.480901', '0.495373', '0.497560', '0.492658', '0.501463', '0.505222', '0.492737', '0.513651', '0.504135', '0.505787', '0.494983', '0.508924']
         : correct/total = [(7115, 14232), (7112, 14235), (6937, 14266), (6911, 14217), (7043, 14238), (7141, 14373), (7021, 14346), (6975, 14334), (6874, 14294), (7120, 14373), (7137, 14344), (7046, 14302), (7198, 14354), (7256, 14362), (7056, 14320), (7394, 14395), (7254, 14389), (7211, 14257), (7054, 14251), (7328, 14399)]
         : compromised: 0.4967, honest: 0.4963
Round 009: test acc mean=0.4965 ± 0.0123 | min=0.4761 max=0.5187
         : test loss mean=603.9968 ± 718.8545
         : individual accs = ['0.503513', '0.503829', '0.486752', '0.480129', '0.482231', '0.484589', '0.485013', '0.476141', '0.483560', '0.494956', '0.498257', '0.493987', '0.502787', '0.507032', '0.493017', '0.518652', '0.513865', '0.513853', '0.495334', '0.512397']
         : correct/total = [(7166, 14232), (7172, 14235), (6944, 14266), (6826, 14217), (6866, 14238), (6965, 14373), (6958, 14346), (6825, 14334), (6912, 14294), (7114, 14373), (7147, 14344), (7065, 14302), (7217, 14354), (7282, 14362), (7060, 14320), (7466, 14395), (7394, 14389), (7326, 14257), (7059, 14251), (7378, 14399)]
         : compromised: 0.4971, honest: 0.4939
Round 010: test acc mean=0.4999 ± 0.0075 | min=0.4869 max=0.5121
         : test loss mean=3190.8940 ± 4044.3667
         : individual accs = ['0.502038', '0.500316', '0.487663', '0.486882', '0.494030', '0.496973', '0.495678', '0.497977', '0.508255', '0.494817', '0.498327', '0.494127', '0.502717', '0.506615', '0.492947', '0.512053', '0.508235', '0.511258', '0.495895', '0.512049']
         : correct/total = [(7145, 14232), (7122, 14235), (6957, 14266), (6922, 14217), (7034, 14238), (7143, 14373), (7111, 14346), (7138, 14334), (7265, 14294), (7112, 14373), (7148, 14344), (7067, 14302), (7216, 14354), (7276, 14362), (7059, 14320), (7371, 14395), (7313, 14389), (7289, 14257), (7067, 14251), (7373, 14399)]
         : compromised: 0.4998, honest: 0.5006

=== FINAL RESULTS ===
Dataset: sent140, Nodes: 20, Graph: ring, Aggregation: d-fedavg
Attack: backdoor, 80.0% compromised
Final accuracy - Compromised: 0.4998, Honest: 0.5006
Overall test accuracy: mean=0.4999 ± 0.0075

=== BACKDOOR ATTACK SUCCESS RATE (ASR) ===
Target label: 1
Trigger size: 3x3
Overall ASR: 0.8912 ± 0.1182
Honest nodes ASR: 0.8206 ± 0.0994
Compromised nodes ASR: 0.9088 ± 0.1160
Note: Higher ASR indicates more successful backdoor attack
