Device: cuda
Seed: 987654321
Loading 1 LEAF Sent140 train files...
LEAF Sent140 train: 254555 users, 908652 samples
Building vocabulary (max_size=10000)...
Vocabulary size: 10000
Loading 1 LEAF Sent140 test files...
LEAF Sent140 test: 254555 users, 286281 samples
Found 254555 train users, 254555 test users, 254555 common users
User sample counts range: 494 (max) to 1 (min)
Distributed ALL 254555 users across 20 clients
Users per client: 12727 (with 15 clients getting +1 user)
Train partition sizes: [44353, 44290, 44657, 44907, 44696, 45843, 45801, 45619, 45069, 45639, 45821, 45311, 45779, 46056, 45625, 45984, 46428, 44737, 45540, 46497]
Test partition sizes: [14232, 14235, 14266, 14217, 14238, 14373, 14346, 14334, 14294, 14373, 14344, 14302, 14354, 14362, 14320, 14395, 14389, 14257, 14251, 14399]
  Client 0: 44353 train samples, 2 unique classes
  Client 1: 44290 train samples, 2 unique classes
  Client 2: 44657 train samples, 2 unique classes
  Client 3: 44907 train samples, 2 unique classes
  Client 4: 44696 train samples, 2 unique classes
  Client 5: 45843 train samples, 2 unique classes
  Client 6: 45801 train samples, 2 unique classes
  Client 7: 45619 train samples, 2 unique classes
  Client 8: 45069 train samples, 2 unique classes
  Client 9: 45639 train samples, 2 unique classes
  Client 10: 45821 train samples, 2 unique classes
  Client 11: 45311 train samples, 2 unique classes
  Client 12: 45779 train samples, 2 unique classes
  Client 13: 46056 train samples, 2 unique classes
  Client 14: 45625 train samples, 2 unique classes
  Client 15: 45984 train samples, 2 unique classes
  Client 16: 46428 train samples, 2 unique classes
  Client 17: 44737 train samples, 2 unique classes
  Client 18: 45540 train samples, 2 unique classes
  Client 19: 46497 train samples, 2 unique classes
Will sample 4500 samples per client per epoch
Graph: ring, nodes: 20, edges: 20
Degree statistics: avg=2.00, min=2, max=2
Attack: Compromised 6/20 nodes: [5, 12, 13, 14, 17, 18]
Attack type: gaussian, lambda: 1.0
Model variant: baseline
Model parameters: 1,174,986
Initial test acc across nodes: mean=0.4965 ± 0.0152
Round 001: test acc mean=0.5004 ± 0.0089 | min=0.4855 max=0.5276
         : test loss mean=464.1064 ± 575.3811
         : individual accs = ['0.501897', '0.507130', '0.502383', '0.500035', '0.485532', '0.494330', '0.502719', '0.485977', '0.527564', '0.504905', '0.491007', '0.499650', '0.507176', '0.492689', '0.495740', '0.499618', '0.504135', '0.500316', '0.508385', '0.496979']
         : correct/total = [(7143, 14232), (7219, 14235), (7167, 14266), (7109, 14217), (6913, 14238), (7105, 14373), (7212, 14346), (6966, 14334), (7541, 14294), (7257, 14373), (7043, 14344), (7146, 14302), (7280, 14354), (7076, 14362), (7099, 14320), (7192, 14395), (7254, 14389), (7133, 14257), (7245, 14251), (7156, 14399)]
         : compromised: 0.4998, honest: 0.5007
Round 002: test acc mean=0.5014 ± 0.0088 | min=0.4860 max=0.5166
         : test loss mean=440.1662 ± 448.2402
         : individual accs = ['0.510259', '0.486196', '0.485981', '0.509038', '0.506251', '0.500035', '0.497491', '0.508302', '0.488387', '0.492938', '0.503904', '0.506712', '0.507036', '0.489625', '0.509358', '0.494825', '0.516645', '0.500386', '0.509508', '0.504132']
         : correct/total = [(7262, 14232), (6921, 14235), (6933, 14266), (7237, 14217), (7208, 14238), (7187, 14373), (7137, 14346), (7286, 14334), (6981, 14294), (7085, 14373), (7228, 14344), (7247, 14302), (7278, 14354), (7032, 14362), (7294, 14320), (7123, 14395), (7434, 14389), (7134, 14257), (7261, 14251), (7259, 14399)]
         : compromised: 0.5027, honest: 0.5008
Round 003: test acc mean=0.5034 ± 0.0077 | min=0.4922 max=0.5185
         : test loss mean=396.3056 ± 414.4726
         : individual accs = ['0.498595', '0.507060', '0.517104', '0.505029', '0.518472', '0.501218', '0.495190', '0.508651', '0.494893', '0.501844', '0.514989', '0.504755', '0.497562', '0.492689', '0.505377', '0.504203', '0.494197', '0.503542', '0.511262', '0.492187']
         : correct/total = [(7096, 14232), (7218, 14235), (7377, 14266), (7180, 14217), (7382, 14238), (7204, 14373), (7104, 14346), (7291, 14334), (7074, 14294), (7213, 14373), (7387, 14344), (7219, 14302), (7142, 14354), (7076, 14362), (7237, 14320), (7258, 14395), (7111, 14389), (7179, 14257), (7286, 14251), (7087, 14399)]
         : compromised: 0.5019, honest: 0.5041
Round 004: test acc mean=0.5016 ± 0.0073 | min=0.4910 max=0.5164
         : test loss mean=624.5585 ± 678.5276
         : individual accs = ['0.516372', '0.502424', '0.490958', '0.510094', '0.504565', '0.494190', '0.505995', '0.494349', '0.509514', '0.501565', '0.494562', '0.512516', '0.504250', '0.492898', '0.502654', '0.499410', '0.504622', '0.505716', '0.491053', '0.493993']
         : correct/total = [(7349, 14232), (7152, 14235), (7004, 14266), (7252, 14217), (7184, 14238), (7103, 14373), (7259, 14346), (7086, 14334), (7283, 14294), (7209, 14373), (7094, 14344), (7330, 14302), (7238, 14354), (7079, 14362), (7198, 14320), (7189, 14395), (7261, 14389), (7210, 14257), (6998, 14251), (7113, 14399)]
         : compromised: 0.4985, honest: 0.5029
Round 005: test acc mean=0.4976 ± 0.0086 | min=0.4796 max=0.5159
         : test loss mean=460.9964 ± 446.2344
         : individual accs = ['0.491849', '0.498419', '0.490887', '0.496026', '0.489605', '0.505810', '0.496166', '0.491419', '0.507905', '0.487929', '0.495399', '0.490001', '0.479588', '0.501601', '0.515922', '0.494130', '0.505595', '0.506418', '0.509859', '0.498298']
         : correct/total = [(7000, 14232), (7095, 14235), (7003, 14266), (7052, 14217), (6971, 14238), (7270, 14373), (7118, 14346), (7044, 14334), (7260, 14294), (7013, 14373), (7106, 14344), (7008, 14302), (6884, 14354), (7204, 14362), (7388, 14320), (7113, 14395), (7275, 14389), (7220, 14257), (7266, 14251), (7175, 14399)]
         : compromised: 0.5032, honest: 0.4953
Round 006: test acc mean=0.4983 ± 0.0065 | min=0.4801 max=0.5086
         : test loss mean=537.0421 ± 623.3075
         : individual accs = ['0.505481', '0.505655', '0.495724', '0.503622', '0.508639', '0.494190', '0.499094', '0.497628', '0.498111', '0.493773', '0.498954', '0.490561', '0.501672', '0.503621', '0.490363', '0.500452', '0.493849', '0.503542', '0.500596', '0.480103']
         : correct/total = [(7194, 14232), (7198, 14235), (7072, 14266), (7160, 14217), (7242, 14238), (7103, 14373), (7160, 14346), (7133, 14334), (7120, 14294), (7097, 14373), (7157, 14344), (7016, 14302), (7201, 14354), (7233, 14362), (7022, 14320), (7204, 14395), (7106, 14389), (7179, 14257), (7134, 14251), (6913, 14399)]
         : compromised: 0.4990, honest: 0.4980
Round 007: test acc mean=0.5002 ± 0.0058 | min=0.4908 max=0.5136
         : test loss mean=436.4090 ± 500.8950
         : individual accs = ['0.493395', '0.501229', '0.504276', '0.493142', '0.513555', '0.497391', '0.503346', '0.507046', '0.498601', '0.502470', '0.496375', '0.502168', '0.490804', '0.492619', '0.492318', '0.502119', '0.503093', '0.505015', '0.507122', '0.498854']
         : correct/total = [(7022, 14232), (7135, 14235), (7194, 14266), (7011, 14217), (7312, 14238), (7149, 14373), (7221, 14346), (7268, 14334), (7127, 14294), (7222, 14373), (7120, 14344), (7182, 14302), (7045, 14354), (7075, 14362), (7050, 14320), (7228, 14395), (7239, 14389), (7200, 14257), (7227, 14251), (7183, 14399)]
         : compromised: 0.4975, honest: 0.5014
Round 008: test acc mean=0.4994 ± 0.0083 | min=0.4847 max=0.5132
         : test loss mean=401.6759 ± 345.5642
         : individual accs = ['0.502178', '0.491956', '0.513178', '0.501090', '0.500632', '0.511167', '0.498188', '0.484652', '0.491955', '0.509497', '0.508714', '0.498881', '0.493939', '0.508634', '0.491201', '0.500799', '0.493085', '0.484744', '0.495334', '0.507466']
         : correct/total = [(7147, 14232), (7003, 14235), (7321, 14266), (7124, 14217), (7128, 14238), (7347, 14373), (7147, 14346), (6947, 14334), (7032, 14294), (7323, 14373), (7297, 14344), (7135, 14302), (7090, 14354), (7305, 14362), (7034, 14320), (7209, 14395), (7095, 14389), (6911, 14257), (7059, 14251), (7307, 14399)]
         : compromised: 0.4975, honest: 0.5002
Round 009: test acc mean=0.5002 ± 0.0065 | min=0.4864 max=0.5094
         : test loss mean=444.5889 ± 530.8235
         : individual accs = ['0.505621', '0.497436', '0.508902', '0.500950', '0.509411', '0.499130', '0.502858', '0.492814', '0.503778', '0.503235', '0.498118', '0.488463', '0.508360', '0.507868', '0.505517', '0.495589', '0.498575', '0.496528', '0.486352', '0.494895']
         : correct/total = [(7196, 14232), (7081, 14235), (7260, 14266), (7122, 14217), (7253, 14238), (7174, 14373), (7214, 14346), (7064, 14334), (7201, 14294), (7233, 14373), (7145, 14344), (6986, 14302), (7297, 14354), (7294, 14362), (7239, 14320), (7134, 14395), (7174, 14389), (7079, 14257), (6931, 14251), (7126, 14399)]
         : compromised: 0.5006, honest: 0.5000
Round 010: test acc mean=0.5017 ± 0.0093 | min=0.4790 max=0.5201
         : test loss mean=534.5361 ± 494.8618
         : individual accs = ['0.478991', '0.505796', '0.517664', '0.495885', '0.488060', '0.506992', '0.499791', '0.497977', '0.491115', '0.504905', '0.520148', '0.507062', '0.507803', '0.502437', '0.496858', '0.501285', '0.496838', '0.503472', '0.512104', '0.499062']
         : correct/total = [(6817, 14232), (7200, 14235), (7385, 14266), (7050, 14217), (6949, 14238), (7287, 14373), (7170, 14346), (7138, 14334), (7020, 14294), (7257, 14373), (7461, 14344), (7252, 14302), (7289, 14354), (7216, 14362), (7115, 14320), (7216, 14395), (7149, 14389), (7178, 14257), (7298, 14251), (7186, 14399)]
         : compromised: 0.5049, honest: 0.5003

=== FINAL RESULTS ===
Dataset: sent140, Nodes: 20, Graph: ring, Aggregation: d-fedavg
Attack: gaussian, 30.0% compromised
Final accuracy - Compromised: 0.5049, Honest: 0.5003
Overall test accuracy: mean=0.5017 ± 0.0093
