Device: cuda
Seed: 987654321
Loading 1 LEAF Sent140 train files...
LEAF Sent140 train: 254555 users, 908652 samples
Building vocabulary (max_size=10000)...
Vocabulary size: 10000
Loading 1 LEAF Sent140 test files...
LEAF Sent140 test: 254555 users, 286281 samples
Found 254555 train users, 254555 test users, 254555 common users
User sample counts range: 494 (max) to 1 (min)
Distributed ALL 254555 users across 20 clients
Users per client: 12727 (with 15 clients getting +1 user)
Train partition sizes: [44353, 44290, 44657, 44907, 44696, 45843, 45801, 45619, 45069, 45639, 45821, 45311, 45779, 46056, 45625, 45984, 46428, 44737, 45540, 46497]
Test partition sizes: [14232, 14235, 14266, 14217, 14238, 14373, 14346, 14334, 14294, 14373, 14344, 14302, 14354, 14362, 14320, 14395, 14389, 14257, 14251, 14399]
  Client 0: 44353 train samples, 2 unique classes
  Client 1: 44290 train samples, 2 unique classes
  Client 2: 44657 train samples, 2 unique classes
  Client 3: 44907 train samples, 2 unique classes
  Client 4: 44696 train samples, 2 unique classes
  Client 5: 45843 train samples, 2 unique classes
  Client 6: 45801 train samples, 2 unique classes
  Client 7: 45619 train samples, 2 unique classes
  Client 8: 45069 train samples, 2 unique classes
  Client 9: 45639 train samples, 2 unique classes
  Client 10: 45821 train samples, 2 unique classes
  Client 11: 45311 train samples, 2 unique classes
  Client 12: 45779 train samples, 2 unique classes
  Client 13: 46056 train samples, 2 unique classes
  Client 14: 45625 train samples, 2 unique classes
  Client 15: 45984 train samples, 2 unique classes
  Client 16: 46428 train samples, 2 unique classes
  Client 17: 44737 train samples, 2 unique classes
  Client 18: 45540 train samples, 2 unique classes
  Client 19: 46497 train samples, 2 unique classes
Will sample 4500 samples per client per epoch
Graph: fully, nodes: 20, edges: 190
Degree statistics: avg=19.00, min=19, max=19
Attack: Compromised 4/20 nodes: [5, 12, 13, 17]
Attack type: gaussian, lambda: 1.0
Model variant: baseline
Model parameters: 1,174,986
Initial test acc across nodes: mean=0.4953 ± 0.0174
Round 001: test acc mean=0.6449 ± 0.0035 | min=0.6383 max=0.6511
         : test loss mean=0.6298 ± 0.0021
         : individual accs = ['0.647344', '0.651142', '0.642226', '0.645495', '0.640750', '0.646003', '0.647498', '0.648737', '0.647824', '0.642107', '0.640825', '0.648301', '0.642469', '0.645662', '0.642039', '0.643279', '0.641462', '0.650768', '0.638341', '0.645948']
         : correct/total = [(9213, 14232), (9269, 14235), (9162, 14266), (9177, 14217), (9123, 14238), (9285, 14373), (9289, 14346), (9299, 14334), (9260, 14294), (9229, 14373), (9192, 14344), (9272, 14302), (9222, 14354), (9273, 14362), (9194, 14320), (9260, 14395), (9230, 14389), (9278, 14257), (9097, 14251), (9301, 14399)]
         : compromised: 0.6462, honest: 0.6446
Round 002: test acc mean=0.6611 ± 0.0041 | min=0.6486 max=0.6671
         : test loss mean=0.6087 ± 0.0027
         : individual accs = ['0.661608', '0.664138', '0.653792', '0.662306', '0.659433', '0.663675', '0.665133', '0.665620', '0.662096', '0.660127', '0.662298', '0.663893', '0.662115', '0.667108', '0.658170', '0.662313', '0.658698', '0.661780', '0.648586', '0.659629']
         : correct/total = [(9416, 14232), (9454, 14235), (9327, 14266), (9416, 14217), (9389, 14238), (9539, 14373), (9542, 14346), (9541, 14334), (9464, 14294), (9488, 14373), (9500, 14344), (9495, 14302), (9504, 14354), (9581, 14362), (9425, 14320), (9534, 14395), (9478, 14389), (9435, 14257), (9243, 14251), (9498, 14399)]
         : compromised: 0.6637, honest: 0.6605
Round 003: test acc mean=0.6749 ± 0.0036 | min=0.6670 max=0.6801
         : test loss mean=0.5976 ± 0.0032
         : individual accs = ['0.667018', '0.675237', '0.669985', '0.673912', '0.675938', '0.675224', '0.679771', '0.676364', '0.676578', '0.672998', '0.675195', '0.678786', '0.679811', '0.680058', '0.670670', '0.675304', '0.674543', '0.677001', '0.667672', '0.675950']
         : correct/total = [(9493, 14232), (9612, 14235), (9558, 14266), (9581, 14217), (9624, 14238), (9705, 14373), (9752, 14346), (9695, 14334), (9671, 14294), (9673, 14373), (9685, 14344), (9708, 14302), (9758, 14354), (9767, 14362), (9604, 14320), (9721, 14395), (9706, 14389), (9652, 14257), (9515, 14251), (9733, 14399)]
         : compromised: 0.6780, honest: 0.6741
Round 004: test acc mean=0.6783 ± 0.0043 | min=0.6708 max=0.6860
         : test loss mean=0.5919 ± 0.0037
         : individual accs = ['0.671585', '0.679803', '0.671527', '0.675811', '0.679239', '0.678634', '0.681584', '0.678457', '0.682874', '0.681277', '0.683073', '0.679835', '0.680716', '0.686047', '0.671089', '0.680653', '0.675586', '0.677211', '0.670830', '0.681089']
         : correct/total = [(9558, 14232), (9677, 14235), (9580, 14266), (9608, 14217), (9671, 14238), (9754, 14373), (9778, 14346), (9725, 14334), (9761, 14294), (9792, 14373), (9798, 14344), (9723, 14302), (9771, 14354), (9853, 14362), (9610, 14320), (9798, 14395), (9721, 14389), (9655, 14257), (9560, 14251), (9807, 14399)]
         : compromised: 0.6807, honest: 0.6778
Round 005: test acc mean=0.6979 ± 0.0039 | min=0.6873 max=0.7033
         : test loss mean=0.5755 ± 0.0025
         : individual accs = ['0.695264', '0.703337', '0.696551', '0.696771', '0.700098', '0.702637', '0.701171', '0.696456', '0.698755', '0.698810', '0.696807', '0.698224', '0.701059', '0.702270', '0.690363', '0.695797', '0.697477', '0.701270', '0.687320', '0.698521']
         : correct/total = [(9895, 14232), (10012, 14235), (9937, 14266), (9906, 14217), (9968, 14238), (10099, 14373), (10059, 14346), (9983, 14334), (9988, 14294), (10044, 14373), (9995, 14344), (9986, 14302), (10063, 14354), (10086, 14362), (9886, 14320), (10016, 14395), (10036, 14389), (9998, 14257), (9795, 14251), (10058, 14399)]
         : compromised: 0.7018, honest: 0.6970
Round 006: test acc mean=0.7050 ± 0.0029 | min=0.6976 max=0.7111
         : test loss mean=0.5677 ± 0.0028
         : individual accs = ['0.703907', '0.708395', '0.700547', '0.706689', '0.705577', '0.706742', '0.702705', '0.707897', '0.703932', '0.702498', '0.708171', '0.703888', '0.705378', '0.704637', '0.704609', '0.704342', '0.705122', '0.706530', '0.697565', '0.711091']
         : correct/total = [(10018, 14232), (10084, 14235), (9994, 14266), (10047, 14217), (10046, 14238), (10158, 14373), (10081, 14346), (10147, 14334), (10062, 14294), (10097, 14373), (10158, 14344), (10067, 14302), (10125, 14354), (10120, 14362), (10090, 14320), (10139, 14395), (10146, 14389), (10073, 14257), (9941, 14251), (10239, 14399)]
         : compromised: 0.7058, honest: 0.7048
Round 007: test acc mean=0.7026 ± 0.0036 | min=0.6964 max=0.7079
         : test loss mean=0.5670 ± 0.0038
         : individual accs = ['0.697442', '0.704320', '0.697042', '0.700359', '0.706139', '0.707855', '0.705702', '0.701130', '0.706870', '0.699158', '0.702733', '0.700392', '0.706493', '0.706099', '0.697975', '0.702119', '0.702759', '0.707442', '0.696372', '0.702827']
         : correct/total = [(9926, 14232), (10026, 14235), (9944, 14266), (9957, 14217), (10054, 14238), (10174, 14373), (10124, 14346), (10050, 14334), (10104, 14294), (10049, 14373), (10080, 14344), (10017, 14302), (10141, 14354), (10141, 14362), (9995, 14320), (10107, 14395), (10112, 14389), (10086, 14257), (9924, 14251), (10120, 14399)]
         : compromised: 0.7070, honest: 0.7015
Round 008: test acc mean=0.7147 ± 0.0029 | min=0.7070 max=0.7197
         : test loss mean=0.5557 ± 0.0024
         : individual accs = ['0.713111', '0.717176', '0.711762', '0.716959', '0.717727', '0.718778', '0.713370', '0.712083', '0.717154', '0.712308', '0.716676', '0.712068', '0.715480', '0.719677', '0.716061', '0.715109', '0.712628', '0.713053', '0.706968', '0.715327']
         : correct/total = [(10149, 14232), (10209, 14235), (10154, 14266), (10193, 14217), (10219, 14238), (10331, 14373), (10234, 14346), (10207, 14334), (10251, 14294), (10238, 14373), (10280, 14344), (10184, 14302), (10270, 14354), (10336, 14362), (10254, 14320), (10294, 14395), (10254, 14389), (10166, 14257), (10075, 14251), (10300, 14399)]
         : compromised: 0.7167, honest: 0.7142
Round 009: test acc mean=0.7137 ± 0.0022 | min=0.7094 max=0.7171
         : test loss mean=0.5528 ± 0.0020
         : individual accs = ['0.713744', '0.713874', '0.709449', '0.711824', '0.715901', '0.717108', '0.711348', '0.714525', '0.713866', '0.713769', '0.713399', '0.716543', '0.713181', '0.714873', '0.715922', '0.710247', '0.713184', '0.716210', '0.709634', '0.715952']
         : correct/total = [(10158, 14232), (10162, 14235), (10121, 14266), (10120, 14217), (10193, 14238), (10307, 14373), (10205, 14346), (10242, 14334), (10204, 14294), (10259, 14373), (10233, 14344), (10248, 14302), (10237, 14354), (10267, 14362), (10252, 14320), (10224, 14395), (10262, 14389), (10211, 14257), (10113, 14251), (10309, 14399)]
         : compromised: 0.7153, honest: 0.7133
Round 010: test acc mean=0.7165 ± 0.0035 | min=0.7103 max=0.7237
         : test loss mean=0.5519 ± 0.0031
         : individual accs = ['0.714165', '0.722515', '0.717580', '0.716255', '0.718430', '0.715230', '0.723686', '0.720176', '0.712117', '0.710847', '0.720719', '0.716194', '0.715062', '0.717449', '0.710335', '0.714623', '0.713114', '0.717542', '0.715038', '0.719564']
         : correct/total = [(10164, 14232), (10285, 14235), (10237, 14266), (10183, 14217), (10229, 14238), (10280, 14373), (10382, 14346), (10323, 14334), (10179, 14294), (10217, 14373), (10338, 14344), (10243, 14302), (10264, 14354), (10304, 14362), (10172, 14320), (10287, 14395), (10261, 14389), (10230, 14257), (10190, 14251), (10361, 14399)]
         : compromised: 0.7163, honest: 0.7166

=== FINAL RESULTS ===
Dataset: sent140, Nodes: 20, Graph: fully, Aggregation: krum
Attack: gaussian, 20.0% compromised
Final accuracy - Compromised: 0.7163, Honest: 0.7166
Overall test accuracy: mean=0.7165 ± 0.0035
