Device: cuda
Seed: 987654321
Loading 1 LEAF Sent140 train files...
LEAF Sent140 train: 254555 users, 908652 samples
Building vocabulary (max_size=10000)...
Vocabulary size: 10000
Loading 1 LEAF Sent140 test files...
LEAF Sent140 test: 254555 users, 286281 samples
Found 254555 train users, 254555 test users, 254555 common users
User sample counts range: 494 (max) to 1 (min)
Distributed ALL 254555 users across 20 clients
Users per client: 12727 (with 15 clients getting +1 user)
Train partition sizes: [44353, 44290, 44657, 44907, 44696, 45843, 45801, 45619, 45069, 45639, 45821, 45311, 45779, 46056, 45625, 45984, 46428, 44737, 45540, 46497]
Test partition sizes: [14232, 14235, 14266, 14217, 14238, 14373, 14346, 14334, 14294, 14373, 14344, 14302, 14354, 14362, 14320, 14395, 14389, 14257, 14251, 14399]
  Client 0: 44353 train samples, 2 unique classes
  Client 1: 44290 train samples, 2 unique classes
  Client 2: 44657 train samples, 2 unique classes
  Client 3: 44907 train samples, 2 unique classes
  Client 4: 44696 train samples, 2 unique classes
  Client 5: 45843 train samples, 2 unique classes
  Client 6: 45801 train samples, 2 unique classes
  Client 7: 45619 train samples, 2 unique classes
  Client 8: 45069 train samples, 2 unique classes
  Client 9: 45639 train samples, 2 unique classes
  Client 10: 45821 train samples, 2 unique classes
  Client 11: 45311 train samples, 2 unique classes
  Client 12: 45779 train samples, 2 unique classes
  Client 13: 46056 train samples, 2 unique classes
  Client 14: 45625 train samples, 2 unique classes
  Client 15: 45984 train samples, 2 unique classes
  Client 16: 46428 train samples, 2 unique classes
  Client 17: 44737 train samples, 2 unique classes
  Client 18: 45540 train samples, 2 unique classes
  Client 19: 46497 train samples, 2 unique classes
Will sample 4500 samples per client per epoch
Graph: erdos, nodes: 20, edges: 99
Degree statistics: avg=9.90, min=7, max=14
Attack: Compromised 6/20 nodes: [5, 12, 13, 14, 17, 18]
Attack type: backdoor, lambda: 1.0
Backdoor target label: 1, trigger size: 3
Model variant: baseline
Model parameters: 1,174,986
Initial test acc across nodes: mean=0.4965 ± 0.0152
Backdoor attack: Created poisoned datasets for 6 compromised nodes
Round 001: test acc mean=0.4980 ± 0.0085 | min=0.4868 max=0.5181
         : test loss mean=3.0166 ± 2.3299
         : individual accs = ['0.518128', '0.488374', '0.487663', '0.505662', '0.497612', '0.504488', '0.492472', '0.499581', '0.487197', '0.506714', '0.493656', '0.489302', '0.512819', '0.486771', '0.501676', '0.500590', '0.501633', '0.494284', '0.492597', '0.499271']
         : correct/total = [(7374, 14232), (6952, 14235), (6957, 14266), (7189, 14217), (7085, 14238), (7251, 14373), (7065, 14346), (7161, 14334), (6964, 14294), (7283, 14373), (7081, 14344), (6998, 14302), (7361, 14354), (6991, 14362), (7184, 14320), (7206, 14395), (7218, 14389), (7047, 14257), (7020, 14251), (7189, 14399)]
         : compromised: 0.4988, honest: 0.4977
Round 002: test acc mean=0.4995 ± 0.0052 | min=0.4892 max=0.5128
         : test loss mean=2.8041 ± 1.5152
         : individual accs = ['0.500422', '0.499052', '0.495654', '0.492157', '0.501756', '0.498295', '0.497421', '0.504604', '0.489226', '0.502609', '0.494214', '0.493427', '0.504877', '0.512812', '0.500000', '0.504620', '0.500660', '0.501508', '0.495965', '0.500451']
         : correct/total = [(7122, 14232), (7104, 14235), (7071, 14266), (6997, 14217), (7144, 14238), (7162, 14373), (7136, 14346), (7233, 14334), (6993, 14294), (7224, 14373), (7089, 14344), (7057, 14302), (7247, 14354), (7365, 14362), (7160, 14320), (7264, 14395), (7204, 14389), (7150, 14257), (7068, 14251), (7206, 14399)]
         : compromised: 0.5022, honest: 0.4983
Round 003: test acc mean=0.5007 ± 0.0152 | min=0.4685 max=0.5239
         : test loss mean=1.2582 ± 0.3191
         : individual accs = ['0.486017', '0.510783', '0.509323', '0.500950', '0.504074', '0.486816', '0.522166', '0.520441', '0.499860', '0.501983', '0.508784', '0.513285', '0.491710', '0.483498', '0.491131', '0.520528', '0.523872', '0.487269', '0.482633', '0.468505']
         : correct/total = [(6917, 14232), (7271, 14235), (7266, 14266), (7122, 14217), (7177, 14238), (6997, 14373), (7491, 14346), (7460, 14334), (7145, 14294), (7215, 14373), (7298, 14344), (7341, 14302), (7058, 14354), (6944, 14362), (7033, 14320), (7493, 14395), (7538, 14389), (6947, 14257), (6878, 14251), (6746, 14399)]
         : compromised: 0.4872, honest: 0.5065
Round 004: test acc mean=0.5033 ± 0.0057 | min=0.4871 max=0.5115
         : test loss mean=3.9315 ± 2.4958
         : individual accs = ['0.509064', '0.506428', '0.503855', '0.505592', '0.511518', '0.504279', '0.504182', '0.502232', '0.510914', '0.500452', '0.496793', '0.508810', '0.497631', '0.487119', '0.505587', '0.499757', '0.503371', '0.496879', '0.509999', '0.502188']
         : correct/total = [(7245, 14232), (7209, 14235), (7188, 14266), (7188, 14217), (7283, 14238), (7248, 14373), (7233, 14346), (7199, 14334), (7303, 14294), (7193, 14373), (7126, 14344), (7277, 14302), (7143, 14354), (6996, 14362), (7240, 14320), (7194, 14395), (7243, 14389), (7084, 14257), (7268, 14251), (7231, 14399)]
         : compromised: 0.5002, honest: 0.5047
Round 005: test acc mean=0.5066 ± 0.0059 | min=0.4928 max=0.5166
         : test loss mean=5.2961 ± 2.1378
         : individual accs = ['0.511031', '0.514858', '0.516613', '0.509249', '0.511097', '0.506575', '0.502579', '0.508372', '0.512523', '0.511445', '0.502858', '0.508740', '0.502578', '0.492759', '0.503212', '0.507468', '0.501772', '0.498141', '0.511192', '0.499826']
         : correct/total = [(7273, 14232), (7329, 14235), (7370, 14266), (7240, 14217), (7277, 14238), (7281, 14373), (7210, 14346), (7287, 14334), (7326, 14294), (7351, 14373), (7213, 14344), (7276, 14302), (7214, 14354), (7077, 14362), (7206, 14320), (7305, 14395), (7220, 14389), (7102, 14257), (7285, 14251), (7197, 14399)]
         : compromised: 0.5024, honest: 0.5085
Round 006: test acc mean=0.5051 ± 0.0056 | min=0.4914 max=0.5139
         : test loss mean=10.3944 ± 4.1886
         : individual accs = ['0.510961', '0.513804', '0.513949', '0.507772', '0.505900', '0.506157', '0.502440', '0.504814', '0.511543', '0.506714', '0.500976', '0.507971', '0.500488', '0.491436', '0.504190', '0.501633', '0.500243', '0.496949', '0.511262', '0.503646']
         : correct/total = [(7272, 14232), (7314, 14235), (7332, 14266), (7219, 14217), (7203, 14238), (7275, 14373), (7208, 14346), (7236, 14334), (7312, 14294), (7283, 14373), (7186, 14344), (7265, 14302), (7184, 14354), (7058, 14362), (7220, 14320), (7221, 14395), (7198, 14389), (7085, 14257), (7286, 14251), (7252, 14399)]
         : compromised: 0.5017, honest: 0.5066
Round 007: test acc mean=0.5049 ± 0.0056 | min=0.4912 max=0.5137
         : test loss mean=14.3543 ± 6.1179
         : individual accs = ['0.510891', '0.513593', '0.513669', '0.507772', '0.505408', '0.505879', '0.501952', '0.504883', '0.511403', '0.506575', '0.500837', '0.507272', '0.500348', '0.491157', '0.503771', '0.501494', '0.499270', '0.496809', '0.511122', '0.503577']
         : correct/total = [(7271, 14232), (7311, 14235), (7328, 14266), (7219, 14217), (7196, 14238), (7271, 14373), (7201, 14346), (7237, 14334), (7310, 14294), (7281, 14373), (7184, 14344), (7255, 14302), (7182, 14354), (7054, 14362), (7214, 14320), (7219, 14395), (7184, 14389), (7083, 14257), (7284, 14251), (7251, 14399)]
         : compromised: 0.5015, honest: 0.5063
Round 008: test acc mean=0.5050 ± 0.0057 | min=0.4914 max=0.5141
         : test loss mean=15.1489 ± 8.3780
         : individual accs = ['0.511031', '0.514015', '0.514089', '0.509038', '0.505408', '0.505949', '0.502370', '0.504395', '0.511543', '0.504975', '0.501185', '0.507202', '0.500906', '0.491366', '0.504469', '0.500729', '0.499896', '0.496528', '0.511473', '0.503646']
         : correct/total = [(7273, 14232), (7317, 14235), (7334, 14266), (7237, 14217), (7196, 14238), (7272, 14373), (7207, 14346), (7230, 14334), (7312, 14294), (7258, 14373), (7189, 14344), (7254, 14302), (7190, 14354), (7057, 14362), (7224, 14320), (7208, 14395), (7193, 14389), (7079, 14257), (7289, 14251), (7252, 14399)]
         : compromised: 0.5018, honest: 0.5064
Round 009: test acc mean=0.5015 ± 0.0053 | min=0.4900 max=0.5119
         : test loss mean=4.9592 ± 1.6778
         : individual accs = ['0.501686', '0.502915', '0.501963', '0.511922', '0.498385', '0.496417', '0.496027', '0.506558', '0.506786', '0.504557', '0.498257', '0.501398', '0.500836', '0.494708', '0.490014', '0.504689', '0.502537', '0.495546', '0.509999', '0.505452']
         : correct/total = [(7140, 14232), (7159, 14235), (7161, 14266), (7278, 14217), (7096, 14238), (7135, 14373), (7116, 14346), (7261, 14334), (7244, 14294), (7252, 14373), (7147, 14344), (7171, 14302), (7189, 14354), (7105, 14362), (7017, 14320), (7265, 14395), (7231, 14389), (7065, 14257), (7268, 14251), (7278, 14399)]
         : compromised: 0.4979, honest: 0.5031
Round 010: test acc mean=0.4948 ± 0.0056 | min=0.4857 max=0.5086
         : test loss mean=31.1230 ± 17.7805
         : individual accs = ['0.489250', '0.485845', '0.485700', '0.491946', '0.494030', '0.493773', '0.497560', '0.495186', '0.488457', '0.494051', '0.498885', '0.492029', '0.499582', '0.508564', '0.495810', '0.498367', '0.499687', '0.502771', '0.488667', '0.496354']
         : correct/total = [(6963, 14232), (6916, 14235), (6929, 14266), (6994, 14217), (7034, 14238), (7097, 14373), (7138, 14346), (7098, 14334), (6982, 14294), (7101, 14373), (7156, 14344), (7037, 14302), (7171, 14354), (7304, 14362), (7100, 14320), (7174, 14395), (7190, 14389), (7168, 14257), (6964, 14251), (7147, 14399)]
         : compromised: 0.4982, honest: 0.4934

=== FINAL RESULTS ===
Dataset: sent140, Nodes: 20, Graph: erdos, Aggregation: d-fedavg
Attack: backdoor, 30.0% compromised
Final accuracy - Compromised: 0.4982, Honest: 0.4934
Overall test accuracy: mean=0.4948 ± 0.0056

=== BACKDOOR ATTACK SUCCESS RATE (ASR) ===
Target label: 1
Trigger size: 3x3
Overall ASR: 0.9740 ± 0.0540
Honest nodes ASR: 0.9670 ± 0.0632
Compromised nodes ASR: 0.9902 ± 0.0042
Note: Higher ASR indicates more successful backdoor attack
