Device: cuda
Seed: 987654321
Loading 1 LEAF Sent140 train files...
LEAF Sent140 train: 254555 users, 908652 samples
Building vocabulary (max_size=10000)...
Vocabulary size: 10000
Loading 1 LEAF Sent140 test files...
LEAF Sent140 test: 254555 users, 286281 samples
Found 254555 train users, 254555 test users, 254555 common users
User sample counts range: 494 (max) to 1 (min)
Distributed ALL 254555 users across 20 clients
Users per client: 12727 (with 15 clients getting +1 user)
Train partition sizes: [44353, 44290, 44657, 44907, 44696, 45843, 45801, 45619, 45069, 45639, 45821, 45311, 45779, 46056, 45625, 45984, 46428, 44737, 45540, 46497]
Test partition sizes: [14232, 14235, 14266, 14217, 14238, 14373, 14346, 14334, 14294, 14373, 14344, 14302, 14354, 14362, 14320, 14395, 14389, 14257, 14251, 14399]
  Client 0: 44353 train samples, 2 unique classes
  Client 1: 44290 train samples, 2 unique classes
  Client 2: 44657 train samples, 2 unique classes
  Client 3: 44907 train samples, 2 unique classes
  Client 4: 44696 train samples, 2 unique classes
  Client 5: 45843 train samples, 2 unique classes
  Client 6: 45801 train samples, 2 unique classes
  Client 7: 45619 train samples, 2 unique classes
  Client 8: 45069 train samples, 2 unique classes
  Client 9: 45639 train samples, 2 unique classes
  Client 10: 45821 train samples, 2 unique classes
  Client 11: 45311 train samples, 2 unique classes
  Client 12: 45779 train samples, 2 unique classes
  Client 13: 46056 train samples, 2 unique classes
  Client 14: 45625 train samples, 2 unique classes
  Client 15: 45984 train samples, 2 unique classes
  Client 16: 46428 train samples, 2 unique classes
  Client 17: 44737 train samples, 2 unique classes
  Client 18: 45540 train samples, 2 unique classes
  Client 19: 46497 train samples, 2 unique classes
Will sample 4500 samples per client per epoch
Graph: erdos, nodes: 20, edges: 48
Degree statistics: avg=4.80, min=2, max=7
Attack: Compromised 14/20 nodes: [1, 2, 3, 5, 6, 8, 11, 12, 13, 14, 15, 17, 18, 19]
Attack type: krum, lambda: 1.0
Model variant: baseline
Model parameters: 1,174,986
Initial test acc across nodes: mean=0.4965 ± 0.0152
Round 001: test acc mean=0.4974 ± 0.0066 | min=0.4852 max=0.5084
         : test loss mean=12.7585 ± 8.1656
         : individual accs = ['0.508361', '0.485985', '0.492149', '0.507350', '0.497050', '0.495512', '0.502858', '0.495047', '0.499720', '0.506505', '0.495956', '0.492728', '0.496168', '0.490043', '0.504120', '0.500104', '0.497950', '0.485165', '0.490843', '0.504202']
         : correct/total = [(7235, 14232), (6918, 14235), (7021, 14266), (7213, 14217), (7077, 14238), (7122, 14373), (7214, 14346), (7096, 14334), (7143, 14294), (7280, 14373), (7114, 14344), (7047, 14302), (7122, 14354), (7038, 14362), (7219, 14320), (7199, 14395), (7165, 14389), (6917, 14257), (6995, 14251), (7260, 14399)]
         : compromised: 0.4962, honest: 0.5001
Round 002: test acc mean=0.5067 ± 0.0051 | min=0.4949 max=0.5146
         : test loss mean=10.6935 ± 4.0216
         : individual accs = ['0.514615', '0.508816', '0.504767', '0.499683', '0.512291', '0.513741', '0.507110', '0.494907', '0.506996', '0.506784', '0.500767', '0.496854', '0.507036', '0.508146', '0.512011', '0.510524', '0.504969', '0.506628', '0.509368', '0.507257']
         : correct/total = [(7324, 14232), (7243, 14235), (7201, 14266), (7104, 14217), (7294, 14238), (7384, 14373), (7275, 14346), (7094, 14334), (7247, 14294), (7284, 14373), (7183, 14344), (7106, 14302), (7278, 14354), (7298, 14362), (7332, 14320), (7349, 14395), (7266, 14389), (7223, 14257), (7259, 14251), (7304, 14399)]
         : compromised: 0.5071, honest: 0.5057
Round 003: test acc mean=0.5008 ± 0.0065 | min=0.4926 max=0.5172
         : test loss mean=2.9091 ± 1.1045
         : individual accs = ['0.496206', '0.517246', '0.508271', '0.502286', '0.494873', '0.503931', '0.511571', '0.498395', '0.495243', '0.493564', '0.498536', '0.492588', '0.508360', '0.505501', '0.501536', '0.493227', '0.502259', '0.498843', '0.497930', '0.495451']
         : correct/total = [(7062, 14232), (7363, 14235), (7251, 14266), (7141, 14217), (7046, 14238), (7243, 14373), (7339, 14346), (7144, 14334), (7079, 14294), (7094, 14373), (7151, 14344), (7045, 14302), (7297, 14354), (7260, 14362), (7182, 14320), (7100, 14395), (7227, 14389), (7112, 14257), (7096, 14251), (7134, 14399)]
         : compromised: 0.5023, honest: 0.4973
Round 004: test acc mean=0.4998 ± 0.0064 | min=0.4857 max=0.5105
         : test loss mean=6.1755 ± 2.8068
         : individual accs = ['0.505691', '0.495609', '0.502033', '0.509883', '0.501615', '0.495304', '0.498606', '0.495256', '0.501819', '0.510541', '0.504810', '0.503566', '0.495820', '0.486910', '0.496858', '0.485655', '0.504344', '0.500245', '0.496316', '0.504479']
         : correct/total = [(7197, 14232), (7055, 14235), (7162, 14266), (7249, 14217), (7142, 14238), (7119, 14373), (7153, 14346), (7099, 14334), (7173, 14294), (7338, 14373), (7241, 14344), (7202, 14302), (7117, 14354), (6993, 14362), (7115, 14320), (6991, 14395), (7257, 14389), (7132, 14257), (7073, 14251), (7264, 14399)]
         : compromised: 0.4981, honest: 0.5037
Round 005: test acc mean=0.4976 ± 0.0049 | min=0.4876 max=0.5060
         : test loss mean=2.7418 ± 1.0943
         : individual accs = ['0.490444', '0.505585', '0.495093', '0.505240', '0.498525', '0.499478', '0.495469', '0.495814', '0.494963', '0.497600', '0.499094', '0.498112', '0.487599', '0.499373', '0.506006', '0.494408', '0.500521', '0.503262', '0.492808', '0.492743']
         : correct/total = [(6980, 14232), (7197, 14235), (7063, 14266), (7183, 14217), (7098, 14238), (7179, 14373), (7108, 14346), (7107, 14334), (7075, 14294), (7152, 14373), (7159, 14344), (7124, 14302), (6999, 14354), (7172, 14362), (7246, 14320), (7117, 14395), (7202, 14389), (7175, 14257), (7023, 14251), (7095, 14399)]
         : compromised: 0.4979, honest: 0.4970
Round 006: test acc mean=0.5069 ± 0.0070 | min=0.4898 max=0.5196
         : test loss mean=4.5034 ± 2.3692
         : individual accs = ['0.516723', '0.509378', '0.516473', '0.507561', '0.510676', '0.496765', '0.510386', '0.506628', '0.512733', '0.509427', '0.502022', '0.504964', '0.503274', '0.503969', '0.519623', '0.489753', '0.508930', '0.497791', '0.508877', '0.501979']
         : correct/total = [(7354, 14232), (7251, 14235), (7368, 14266), (7216, 14217), (7271, 14238), (7140, 14373), (7322, 14346), (7262, 14334), (7329, 14294), (7322, 14373), (7201, 14344), (7222, 14302), (7224, 14354), (7238, 14362), (7441, 14320), (7050, 14395), (7323, 14389), (7097, 14257), (7252, 14251), (7228, 14399)]
         : compromised: 0.5060, honest: 0.5091
Round 007: test acc mean=0.5026 ± 0.0057 | min=0.4944 max=0.5169
         : test loss mean=2.4939 ± 1.2048
         : individual accs = ['0.505902', '0.505725', '0.497967', '0.507913', '0.494381', '0.498852', '0.501046', '0.495954', '0.509095', '0.498713', '0.503207', '0.500140', '0.501881', '0.508773', '0.510126', '0.501007', '0.516853', '0.501648', '0.499193', '0.494479']
         : correct/total = [(7200, 14232), (7199, 14235), (7104, 14266), (7221, 14217), (7039, 14238), (7170, 14373), (7188, 14346), (7109, 14334), (7277, 14294), (7168, 14373), (7218, 14344), (7153, 14302), (7204, 14354), (7307, 14362), (7305, 14320), (7212, 14395), (7437, 14389), (7152, 14257), (7114, 14251), (7120, 14399)]
         : compromised: 0.5027, honest: 0.5025
Round 008: test acc mean=0.5081 ± 0.0058 | min=0.4949 max=0.5182
         : test loss mean=3.4077 ± 1.8193
         : individual accs = ['0.510540', '0.509238', '0.518225', '0.510938', '0.510044', '0.505462', '0.512547', '0.510046', '0.509514', '0.517081', '0.504113', '0.502517', '0.510241', '0.495962', '0.511732', '0.505384', '0.505317', '0.494915', '0.513087', '0.506007']
         : correct/total = [(7266, 14232), (7249, 14235), (7393, 14266), (7264, 14217), (7262, 14238), (7265, 14373), (7353, 14346), (7311, 14334), (7283, 14294), (7432, 14373), (7231, 14344), (7187, 14302), (7324, 14354), (7123, 14362), (7328, 14320), (7275, 14395), (7271, 14389), (7056, 14257), (7312, 14251), (7286, 14399)]
         : compromised: 0.5076, honest: 0.5095
Round 009: test acc mean=0.5002 ± 0.0079 | min=0.4854 max=0.5167
         : test loss mean=2.2434 ± 1.1230
         : individual accs = ['0.493114', '0.491605', '0.497827', '0.502005', '0.493538', '0.494399', '0.501952', '0.497628', '0.516720', '0.501705', '0.504462', '0.499441', '0.498537', '0.516363', '0.502374', '0.497464', '0.513170', '0.502350', '0.493018', '0.485381']
         : correct/total = [(7018, 14232), (6998, 14235), (7102, 14266), (7137, 14217), (7027, 14238), (7106, 14373), (7201, 14346), (7133, 14334), (7386, 14294), (7211, 14373), (7236, 14344), (7143, 14302), (7156, 14354), (7416, 14362), (7194, 14320), (7161, 14395), (7384, 14389), (7162, 14257), (7026, 14251), (6989, 14399)]
         : compromised: 0.5000, honest: 0.5006
Round 010: test acc mean=0.5048 ± 0.0059 | min=0.4928 max=0.5165
         : test loss mean=2.8940 ± 1.7778
         : individual accs = ['0.501757', '0.507692', '0.510094', '0.510938', '0.502669', '0.508175', '0.506901', '0.502093', '0.501819', '0.514785', '0.516523', '0.503216', '0.504598', '0.495962', '0.507193', '0.506148', '0.495031', '0.492811', '0.506561', '0.501146']
         : correct/total = [(7141, 14232), (7227, 14235), (7277, 14266), (7264, 14217), (7157, 14238), (7304, 14373), (7272, 14346), (7197, 14334), (7173, 14294), (7399, 14373), (7409, 14344), (7197, 14302), (7243, 14354), (7123, 14362), (7263, 14320), (7286, 14395), (7123, 14389), (7026, 14257), (7219, 14251), (7216, 14399)]
         : compromised: 0.5045, honest: 0.5055

=== FINAL RESULTS ===
Dataset: sent140, Nodes: 20, Graph: erdos, Aggregation: krum
Attack: krum, 70.0% compromised
Final accuracy - Compromised: 0.5045, Honest: 0.5055
Overall test accuracy: mean=0.5048 ± 0.0059
