Device: cuda
Seed: 987654321
Loading 1 LEAF Sent140 train files...
LEAF Sent140 train: 254555 users, 908652 samples
Building vocabulary (max_size=10000)...
Vocabulary size: 10000
Loading 1 LEAF Sent140 test files...
LEAF Sent140 test: 254555 users, 286281 samples
Found 254555 train users, 254555 test users, 254555 common users
User sample counts range: 494 (max) to 1 (min)
Distributed ALL 254555 users across 20 clients
Users per client: 12727 (with 15 clients getting +1 user)
Train partition sizes: [44353, 44290, 44657, 44907, 44696, 45843, 45801, 45619, 45069, 45639, 45821, 45311, 45779, 46056, 45625, 45984, 46428, 44737, 45540, 46497]
Test partition sizes: [14232, 14235, 14266, 14217, 14238, 14373, 14346, 14334, 14294, 14373, 14344, 14302, 14354, 14362, 14320, 14395, 14389, 14257, 14251, 14399]
  Client 0: 44353 train samples, 2 unique classes
  Client 1: 44290 train samples, 2 unique classes
  Client 2: 44657 train samples, 2 unique classes
  Client 3: 44907 train samples, 2 unique classes
  Client 4: 44696 train samples, 2 unique classes
  Client 5: 45843 train samples, 2 unique classes
  Client 6: 45801 train samples, 2 unique classes
  Client 7: 45619 train samples, 2 unique classes
  Client 8: 45069 train samples, 2 unique classes
  Client 9: 45639 train samples, 2 unique classes
  Client 10: 45821 train samples, 2 unique classes
  Client 11: 45311 train samples, 2 unique classes
  Client 12: 45779 train samples, 2 unique classes
  Client 13: 46056 train samples, 2 unique classes
  Client 14: 45625 train samples, 2 unique classes
  Client 15: 45984 train samples, 2 unique classes
  Client 16: 46428 train samples, 2 unique classes
  Client 17: 44737 train samples, 2 unique classes
  Client 18: 45540 train samples, 2 unique classes
  Client 19: 46497 train samples, 2 unique classes
Will sample 4500 samples per client per epoch
Graph: erdos, nodes: 20, edges: 99
Degree statistics: avg=9.90, min=7, max=14
Attack: Compromised 4/20 nodes: [5, 12, 13, 17]
Attack type: gaussian, lambda: 1.0
Model variant: baseline
Model parameters: 1,174,986
Initial test acc across nodes: mean=0.4953 ± 0.0174
Round 001: test acc mean=0.5012 ± 0.0064 | min=0.4875 max=0.5130
         : test loss mean=79.9750 ± 37.2144
         : individual accs = ['0.497330', '0.496523', '0.513038', '0.501020', '0.498104', '0.500452', '0.499930', '0.503488', '0.511963', '0.495234', '0.501185', '0.503007', '0.501393', '0.487537', '0.509008', '0.499201', '0.512058', '0.495546', '0.504456', '0.493090']
         : correct/total = [(7078, 14232), (7068, 14235), (7319, 14266), (7123, 14217), (7092, 14238), (7193, 14373), (7172, 14346), (7217, 14334), (7318, 14294), (7118, 14373), (7189, 14344), (7194, 14302), (7197, 14354), (7002, 14362), (7289, 14320), (7186, 14395), (7368, 14389), (7065, 14257), (7189, 14251), (7100, 14399)]
         : compromised: 0.4962, honest: 0.5024
Round 002: test acc mean=0.5006 ± 0.0102 | min=0.4821 max=0.5215
         : test loss mean=104.9497 ± 105.6403
         : individual accs = ['0.502248', '0.482051', '0.514089', '0.496589', '0.505549', '0.497808', '0.483828', '0.494628', '0.499720', '0.499756', '0.501185', '0.484827', '0.515745', '0.503551', '0.500489', '0.512747', '0.492946', '0.521498', '0.496456', '0.505938']
         : correct/total = [(7148, 14232), (6862, 14235), (7334, 14266), (7060, 14217), (7198, 14238), (7155, 14373), (6941, 14346), (7090, 14334), (7143, 14294), (7183, 14373), (7189, 14344), (6934, 14302), (7403, 14354), (7232, 14362), (7167, 14320), (7381, 14395), (7093, 14389), (7435, 14257), (7075, 14251), (7285, 14399)]
         : compromised: 0.5097, honest: 0.4983
Round 003: test acc mean=0.4981 ± 0.0073 | min=0.4835 max=0.5134
         : test loss mean=93.7801 ± 65.4226
         : individual accs = ['0.495152', '0.494907', '0.507991', '0.488359', '0.513415', '0.503583', '0.501046', '0.503418', '0.497412', '0.489946', '0.483547', '0.505873', '0.490177', '0.505083', '0.491271', '0.494686', '0.499826', '0.500175', '0.494281', '0.501840']
         : correct/total = [(7047, 14232), (7045, 14235), (7247, 14266), (6943, 14217), (7310, 14238), (7238, 14373), (7188, 14346), (7216, 14334), (7110, 14294), (7042, 14373), (6936, 14344), (7235, 14302), (7036, 14354), (7254, 14362), (7035, 14320), (7121, 14395), (7192, 14389), (7131, 14257), (7044, 14251), (7226, 14399)]
         : compromised: 0.4998, honest: 0.4977
Round 004: test acc mean=0.5002 ± 0.0086 | min=0.4828 max=0.5187
         : test loss mean=88.1310 ± 60.2254
         : individual accs = ['0.499789', '0.518721', '0.496495', '0.514595', '0.505268', '0.507062', '0.490450', '0.493512', '0.500000', '0.491547', '0.499373', '0.490001', '0.505991', '0.500000', '0.482751', '0.499340', '0.506359', '0.498983', '0.493579', '0.509410']
         : correct/total = [(7113, 14232), (7384, 14235), (7083, 14266), (7316, 14217), (7194, 14238), (7288, 14373), (7036, 14346), (7074, 14334), (7147, 14294), (7065, 14373), (7163, 14344), (7008, 14302), (7263, 14354), (7181, 14362), (6913, 14320), (7188, 14395), (7286, 14389), (7114, 14257), (7034, 14251), (7335, 14399)]
         : compromised: 0.5030, honest: 0.4994
Round 005: test acc mean=0.5028 ± 0.0073 | min=0.4912 max=0.5201
         : test loss mean=68.1089 ± 47.9620
         : individual accs = ['0.511875', '0.510924', '0.512197', '0.491173', '0.502528', '0.492312', '0.494493', '0.504674', '0.520148', '0.505044', '0.505368', '0.503706', '0.504737', '0.506545', '0.502025', '0.498159', '0.501355', '0.494284', '0.494000', '0.500382']
         : correct/total = [(7285, 14232), (7273, 14235), (7307, 14266), (6983, 14217), (7155, 14238), (7076, 14373), (7094, 14346), (7234, 14334), (7435, 14294), (7259, 14373), (7249, 14344), (7204, 14302), (7245, 14354), (7275, 14362), (7189, 14320), (7171, 14395), (7214, 14389), (7047, 14257), (7040, 14251), (7205, 14399)]
         : compromised: 0.4995, honest: 0.5036
Round 006: test acc mean=0.4992 ± 0.0065 | min=0.4882 max=0.5113
         : test loss mean=72.1762 ± 43.3027
         : individual accs = ['0.511313', '0.488163', '0.488574', '0.497362', '0.504074', '0.505949', '0.502719', '0.491698', '0.505107', '0.498295', '0.489264', '0.490281', '0.497771', '0.504595', '0.499791', '0.502466', '0.495865', '0.501298', '0.504386', '0.504618']
         : correct/total = [(7277, 14232), (6949, 14235), (6970, 14266), (7071, 14217), (7177, 14238), (7272, 14373), (7212, 14346), (7048, 14334), (7220, 14294), (7162, 14373), (7018, 14344), (7012, 14302), (7145, 14354), (7247, 14362), (7157, 14320), (7233, 14395), (7135, 14389), (7147, 14257), (7188, 14251), (7266, 14399)]
         : compromised: 0.5024, honest: 0.4984
Round 007: test acc mean=0.5009 ± 0.0072 | min=0.4885 max=0.5183
         : test loss mean=62.6356 ± 34.8004
         : individual accs = ['0.502319', '0.518300', '0.494953', '0.488500', '0.505900', '0.505879', '0.501882', '0.497279', '0.501889', '0.502679', '0.500418', '0.494406', '0.495193', '0.501044', '0.495740', '0.494686', '0.496143', '0.513783', '0.495614', '0.511702']
         : correct/total = [(7149, 14232), (7378, 14235), (7061, 14266), (6945, 14217), (7203, 14238), (7271, 14373), (7200, 14346), (7128, 14334), (7174, 14294), (7225, 14373), (7178, 14344), (7071, 14302), (7108, 14354), (7196, 14362), (7099, 14320), (7121, 14395), (7139, 14389), (7325, 14257), (7063, 14251), (7368, 14399)]
         : compromised: 0.5040, honest: 0.5002
Round 008: test acc mean=0.4994 ± 0.0084 | min=0.4845 max=0.5166
         : test loss mean=67.1667 ± 46.3654
         : individual accs = ['0.495292', '0.490622', '0.494603', '0.506084', '0.498666', '0.516594', '0.500906', '0.484512', '0.498111', '0.485702', '0.501952', '0.491470', '0.511913', '0.511976', '0.508520', '0.502675', '0.493432', '0.501087', '0.496597', '0.496701']
         : correct/total = [(7049, 14232), (6984, 14235), (7056, 14266), (7195, 14217), (7100, 14238), (7425, 14373), (7186, 14346), (6945, 14334), (7120, 14294), (6981, 14373), (7200, 14344), (7029, 14302), (7348, 14354), (7353, 14362), (7282, 14320), (7236, 14395), (7100, 14389), (7144, 14257), (7077, 14251), (7152, 14399)]
         : compromised: 0.5104, honest: 0.4966
Round 009: test acc mean=0.5001 ± 0.0090 | min=0.4803 max=0.5190
         : test loss mean=73.8979 ± 51.9123
         : individual accs = ['0.512437', '0.483456', '0.494042', '0.518956', '0.504916', '0.500035', '0.480343', '0.501116', '0.498531', '0.494469', '0.505786', '0.503846', '0.500836', '0.506963', '0.496299', '0.494477', '0.488915', '0.504945', '0.505789', '0.505591']
         : correct/total = [(7293, 14232), (6882, 14235), (7048, 14266), (7378, 14217), (7189, 14238), (7187, 14373), (6891, 14346), (7183, 14334), (7126, 14294), (7107, 14373), (7255, 14344), (7206, 14302), (7189, 14354), (7281, 14362), (7107, 14320), (7118, 14395), (7035, 14389), (7199, 14257), (7208, 14251), (7280, 14399)]
         : compromised: 0.5032, honest: 0.4993
Round 010: test acc mean=0.5016 ± 0.0096 | min=0.4802 max=0.5198
         : test loss mean=64.2024 ± 51.4348
         : individual accs = ['0.504075', '0.480155', '0.511215', '0.495745', '0.501334', '0.492382', '0.489962', '0.499860', '0.517210', '0.504975', '0.507529', '0.497343', '0.496865', '0.505849', '0.519832', '0.502327', '0.493919', '0.516588', '0.494562', '0.501076']
         : correct/total = [(7174, 14232), (6835, 14235), (7293, 14266), (7048, 14217), (7138, 14238), (7077, 14373), (7029, 14346), (7165, 14334), (7393, 14294), (7258, 14373), (7280, 14344), (7113, 14302), (7132, 14354), (7265, 14362), (7444, 14320), (7231, 14395), (7107, 14389), (7365, 14257), (7048, 14251), (7215, 14399)]
         : compromised: 0.5029, honest: 0.5013

=== FINAL RESULTS ===
Dataset: sent140, Nodes: 20, Graph: erdos, Aggregation: d-fedavg
Attack: gaussian, 20.0% compromised
Final accuracy - Compromised: 0.5029, Honest: 0.5013
Overall test accuracy: mean=0.5016 ± 0.0096
