Device: cuda
Seed: 987654321
Loading 1 LEAF Sent140 train files...
LEAF Sent140 train: 254555 users, 908652 samples
Building vocabulary (max_size=10000)...
Vocabulary size: 10000
Loading 1 LEAF Sent140 test files...
LEAF Sent140 test: 254555 users, 286281 samples
Found 254555 train users, 254555 test users, 254555 common users
User sample counts range: 494 (max) to 1 (min)
Distributed ALL 254555 users across 20 clients
Users per client: 12727 (with 15 clients getting +1 user)
Train partition sizes: [44353, 44290, 44657, 44907, 44696, 45843, 45801, 45619, 45069, 45639, 45821, 45311, 45779, 46056, 45625, 45984, 46428, 44737, 45540, 46497]
Test partition sizes: [14232, 14235, 14266, 14217, 14238, 14373, 14346, 14334, 14294, 14373, 14344, 14302, 14354, 14362, 14320, 14395, 14389, 14257, 14251, 14399]
  Client 0: 44353 train samples, 2 unique classes
  Client 1: 44290 train samples, 2 unique classes
  Client 2: 44657 train samples, 2 unique classes
  Client 3: 44907 train samples, 2 unique classes
  Client 4: 44696 train samples, 2 unique classes
  Client 5: 45843 train samples, 2 unique classes
  Client 6: 45801 train samples, 2 unique classes
  Client 7: 45619 train samples, 2 unique classes
  Client 8: 45069 train samples, 2 unique classes
  Client 9: 45639 train samples, 2 unique classes
  Client 10: 45821 train samples, 2 unique classes
  Client 11: 45311 train samples, 2 unique classes
  Client 12: 45779 train samples, 2 unique classes
  Client 13: 46056 train samples, 2 unique classes
  Client 14: 45625 train samples, 2 unique classes
  Client 15: 45984 train samples, 2 unique classes
  Client 16: 46428 train samples, 2 unique classes
  Client 17: 44737 train samples, 2 unique classes
  Client 18: 45540 train samples, 2 unique classes
  Client 19: 46497 train samples, 2 unique classes
Will sample 4500 samples per client per epoch
Graph: erdos, nodes: 20, edges: 99
Degree statistics: avg=9.90, min=7, max=14
Attack: Compromised 6/20 nodes: [5, 12, 13, 14, 17, 18]
Attack type: gaussian, lambda: 1.0
Model variant: baseline
Model parameters: 1,174,986
Initial test acc across nodes: mean=0.4965 ± 0.0152
Round 001: test acc mean=0.5959 ± 0.0092 | min=0.5778 max=0.6098
         : test loss mean=0.6657 ± 0.0053
         : individual accs = ['0.584528', '0.609835', '0.603673', '0.592530', '0.595519', '0.602727', '0.579395', '0.593903', '0.601791', '0.602797', '0.604573', '0.584743', '0.608402', '0.605904', '0.589665', '0.599514', '0.595385', '0.577751', '0.595818', '0.588721']
         : correct/total = [(8319, 14232), (8681, 14235), (8612, 14266), (8424, 14217), (8479, 14238), (8663, 14373), (8312, 14346), (8513, 14334), (8602, 14294), (8664, 14373), (8672, 14344), (8363, 14302), (8733, 14354), (8702, 14362), (8444, 14320), (8630, 14395), (8567, 14389), (8237, 14257), (8491, 14251), (8477, 14399)]
         : compromised: 0.5967, honest: 0.5955
Round 002: test acc mean=0.6118 ± 0.0086 | min=0.5948 max=0.6250
         : test loss mean=0.6545 ± 0.0044
         : individual accs = ['0.623454', '0.620653', '0.612996', '0.625026', '0.612094', '0.602727', '0.613621', '0.601925', '0.598503', '0.621721', '0.604922', '0.606768', '0.601505', '0.611544', '0.615223', '0.620632', '0.614358', '0.616609', '0.594765', '0.617265']
         : correct/total = [(8873, 14232), (8835, 14235), (8745, 14266), (8886, 14217), (8715, 14238), (8663, 14373), (8803, 14346), (8628, 14334), (8555, 14294), (8936, 14373), (8677, 14344), (8678, 14302), (8634, 14354), (8783, 14362), (8810, 14320), (8934, 14395), (8840, 14389), (8791, 14257), (8476, 14251), (8888, 14399)]
         : compromised: 0.6071, honest: 0.6139
Round 003: test acc mean=0.6280 ± 0.0056 | min=0.6144 max=0.6380
         : test loss mean=0.6436 ± 0.0037
         : individual accs = ['0.632518', '0.631542', '0.632763', '0.627559', '0.626703', '0.627635', '0.621079', '0.614413', '0.626976', '0.634871', '0.629532', '0.625717', '0.637523', '0.638003', '0.630796', '0.623967', '0.619848', '0.626920', '0.625360', '0.626919']
         : correct/total = [(9002, 14232), (8990, 14235), (9027, 14266), (8922, 14217), (8923, 14238), (9021, 14373), (8910, 14346), (8807, 14334), (8962, 14294), (9125, 14373), (9030, 14344), (8949, 14302), (9151, 14354), (9163, 14362), (9033, 14320), (8982, 14395), (8919, 14389), (8938, 14257), (8912, 14251), (9027, 14399)]
         : compromised: 0.6310, honest: 0.6267
Round 004: test acc mean=0.6376 ± 0.0040 | min=0.6300 max=0.6453
         : test loss mean=0.6356 ± 0.0019
         : individual accs = ['0.644604', '0.638356', '0.640123', '0.639657', '0.636747', '0.636819', '0.631605', '0.640854', '0.635931', '0.639532', '0.633645', '0.635645', '0.645256', '0.639535', '0.637779', '0.639805', '0.629995', '0.631620', '0.641569', '0.633863']
         : correct/total = [(9174, 14232), (9087, 14235), (9132, 14266), (9094, 14217), (9066, 14238), (9153, 14373), (9061, 14346), (9186, 14334), (9090, 14294), (9192, 14373), (9089, 14344), (9091, 14302), (9262, 14354), (9185, 14362), (9133, 14320), (9210, 14395), (9065, 14389), (9005, 14257), (9143, 14251), (9127, 14399)]
         : compromised: 0.6388, honest: 0.6372
Round 005: test acc mean=0.6426 ± 0.0045 | min=0.6343 max=0.6505
         : test loss mean=0.6311 ± 0.0027
         : individual accs = ['0.648257', '0.640745', '0.641105', '0.646550', '0.640048', '0.638767', '0.637669', '0.643226', '0.641808', '0.646490', '0.640268', '0.634317', '0.645047', '0.648935', '0.650489', '0.649392', '0.638891', '0.637862', '0.644306', '0.638517']
         : correct/total = [(9226, 14232), (9121, 14235), (9146, 14266), (9192, 14217), (9113, 14238), (9181, 14373), (9148, 14346), (9220, 14334), (9174, 14294), (9292, 14373), (9184, 14344), (9072, 14302), (9259, 14354), (9320, 14362), (9315, 14320), (9348, 14395), (9193, 14389), (9094, 14257), (9182, 14251), (9194, 14399)]
         : compromised: 0.6442, honest: 0.6419
Round 006: test acc mean=0.6462 ± 0.0065 | min=0.6334 max=0.6559
         : test loss mean=0.6275 ± 0.0047
         : individual accs = ['0.655916', '0.634563', '0.651129', '0.652951', '0.651145', '0.649203', '0.649728', '0.650621', '0.646565', '0.638837', '0.645636', '0.650678', '0.645952', '0.652138', '0.651885', '0.642306', '0.633401', '0.646069', '0.634131', '0.641920']
         : correct/total = [(9335, 14232), (9033, 14235), (9289, 14266), (9283, 14217), (9271, 14238), (9331, 14373), (9321, 14346), (9326, 14334), (9242, 14294), (9182, 14373), (9261, 14344), (9306, 14302), (9272, 14354), (9366, 14362), (9335, 14320), (9246, 14395), (9114, 14389), (9211, 14257), (9037, 14251), (9243, 14399)]
         : compromised: 0.6466, honest: 0.6461
Round 007: test acc mean=0.6542 ± 0.0045 | min=0.6449 max=0.6631
         : test loss mean=0.6207 ± 0.0030
         : individual accs = ['0.649733', '0.652828', '0.656035', '0.654006', '0.653673', '0.652265', '0.657396', '0.658225', '0.652162', '0.658109', '0.650586', '0.644945', '0.659189', '0.660006', '0.657332', '0.663077', '0.651817', '0.645928', '0.655182', '0.651226']
         : correct/total = [(9247, 14232), (9293, 14235), (9359, 14266), (9298, 14217), (9307, 14238), (9375, 14373), (9431, 14346), (9435, 14334), (9322, 14294), (9459, 14373), (9332, 14344), (9224, 14302), (9462, 14354), (9479, 14362), (9413, 14320), (9545, 14395), (9379, 14389), (9209, 14257), (9337, 14251), (9377, 14399)]
         : compromised: 0.6550, honest: 0.6538
Round 008: test acc mean=0.6577 ± 0.0045 | min=0.6506 max=0.6663
         : test loss mean=0.6171 ± 0.0037
         : individual accs = ['0.663224', '0.655005', '0.650568', '0.661743', '0.651426', '0.651638', '0.660881', '0.656969', '0.654051', '0.656091', '0.658185', '0.658719', '0.658562', '0.665994', '0.661034', '0.666342', '0.654180', '0.652171', '0.658270', '0.659351']
         : correct/total = [(9439, 14232), (9324, 14235), (9281, 14266), (9408, 14217), (9275, 14238), (9366, 14373), (9481, 14346), (9417, 14334), (9349, 14294), (9430, 14373), (9441, 14344), (9421, 14302), (9453, 14354), (9565, 14362), (9466, 14320), (9592, 14395), (9413, 14389), (9298, 14257), (9381, 14251), (9494, 14399)]
         : compromised: 0.6579, honest: 0.6576
Round 009: test acc mean=0.6647 ± 0.0035 | min=0.6563 max=0.6709
         : test loss mean=0.6105 ± 0.0027
         : individual accs = ['0.670883', '0.660976', '0.664727', '0.667440', '0.664208', '0.661657', '0.664575', '0.662899', '0.665874', '0.667780', '0.664808', '0.661796', '0.667201', '0.665994', '0.669344', '0.670511', '0.661339', '0.656309', '0.662129', '0.663935']
         : correct/total = [(9548, 14232), (9409, 14235), (9483, 14266), (9489, 14217), (9457, 14238), (9510, 14373), (9534, 14346), (9502, 14334), (9518, 14294), (9598, 14373), (9536, 14344), (9465, 14302), (9577, 14354), (9565, 14362), (9585, 14320), (9652, 14395), (9516, 14389), (9357, 14257), (9436, 14251), (9560, 14399)]
         : compromised: 0.6638, honest: 0.6651
Round 010: test acc mean=0.6683 ± 0.0040 | min=0.6586 max=0.6760
         : test loss mean=0.6064 ± 0.0032
         : individual accs = ['0.674185', '0.669687', '0.668723', '0.667300', '0.668142', '0.665693', '0.667364', '0.668062', '0.667483', '0.672302', '0.665435', '0.668088', '0.674725', '0.670450', '0.669274', '0.675999', '0.663632', '0.658624', '0.667813', '0.662685']
         : correct/total = [(9595, 14232), (9533, 14235), (9540, 14266), (9487, 14217), (9513, 14238), (9568, 14373), (9574, 14346), (9576, 14334), (9541, 14294), (9663, 14373), (9545, 14344), (9555, 14302), (9685, 14354), (9629, 14362), (9584, 14320), (9731, 14395), (9549, 14389), (9390, 14257), (9517, 14251), (9542, 14399)]
         : compromised: 0.6678, honest: 0.6685

=== FINAL RESULTS ===
Dataset: sent140, Nodes: 20, Graph: erdos, Aggregation: krum
Attack: gaussian, 30.0% compromised
Final accuracy - Compromised: 0.6678, Honest: 0.6685
Overall test accuracy: mean=0.6683 ± 0.0040
