Device: cuda
Seed: 987654321
Loading 1 LEAF Sent140 train files...
LEAF Sent140 train: 254555 users, 908652 samples
Building vocabulary (max_size=10000)...
Vocabulary size: 10000
Loading 1 LEAF Sent140 test files...
LEAF Sent140 test: 254555 users, 286281 samples
Found 254555 train users, 254555 test users, 254555 common users
User sample counts range: 494 (max) to 1 (min)
Distributed ALL 254555 users across 20 clients
Users per client: 12727 (with 15 clients getting +1 user)
Train partition sizes: [44353, 44290, 44657, 44907, 44696, 45843, 45801, 45619, 45069, 45639, 45821, 45311, 45779, 46056, 45625, 45984, 46428, 44737, 45540, 46497]
Test partition sizes: [14232, 14235, 14266, 14217, 14238, 14373, 14346, 14334, 14294, 14373, 14344, 14302, 14354, 14362, 14320, 14395, 14389, 14257, 14251, 14399]
  Client 0: 44353 train samples, 2 unique classes
  Client 1: 44290 train samples, 2 unique classes
  Client 2: 44657 train samples, 2 unique classes
  Client 3: 44907 train samples, 2 unique classes
  Client 4: 44696 train samples, 2 unique classes
  Client 5: 45843 train samples, 2 unique classes
  Client 6: 45801 train samples, 2 unique classes
  Client 7: 45619 train samples, 2 unique classes
  Client 8: 45069 train samples, 2 unique classes
  Client 9: 45639 train samples, 2 unique classes
  Client 10: 45821 train samples, 2 unique classes
  Client 11: 45311 train samples, 2 unique classes
  Client 12: 45779 train samples, 2 unique classes
  Client 13: 46056 train samples, 2 unique classes
  Client 14: 45625 train samples, 2 unique classes
  Client 15: 45984 train samples, 2 unique classes
  Client 16: 46428 train samples, 2 unique classes
  Client 17: 44737 train samples, 2 unique classes
  Client 18: 45540 train samples, 2 unique classes
  Client 19: 46497 train samples, 2 unique classes
Will sample 4500 samples per client per epoch
Graph: erdos, nodes: 20, edges: 99
Degree statistics: avg=9.90, min=7, max=14
Attack: Compromised 2/20 nodes: [5, 13]
Attack type: gaussian, lambda: 1.0
Model variant: baseline
Model parameters: 1,174,986
Initial test acc across nodes: mean=0.4953 ± 0.0174
Round 001: test acc mean=0.5018 ± 0.0062 | min=0.4925 max=0.5130
         : test loss mean=41.9468 ± 44.5800
         : individual accs = ['0.502038', '0.492518', '0.513038', '0.512837', '0.494381', '0.497043', '0.496654', '0.501465', '0.497761', '0.495234', '0.503974', '0.497203', '0.499512', '0.510514', '0.507821', '0.494199', '0.506220', '0.506418', '0.498912', '0.507396']
         : correct/total = [(7145, 14232), (7011, 14235), (7319, 14266), (7291, 14217), (7039, 14238), (7144, 14373), (7125, 14346), (7188, 14334), (7115, 14294), (7118, 14373), (7229, 14344), (7111, 14302), (7170, 14354), (7332, 14362), (7272, 14320), (7114, 14395), (7284, 14389), (7220, 14257), (7110, 14251), (7306, 14399)]
         : compromised: 0.5038, honest: 0.5015
Round 002: test acc mean=0.4975 ± 0.0067 | min=0.4867 max=0.5084
         : test loss mean=47.7665 ± 47.5868
         : individual accs = ['0.502108', '0.489357', '0.489836', '0.486741', '0.500351', '0.502470', '0.490241', '0.508441', '0.502658', '0.495930', '0.500418', '0.488813', '0.505713', '0.489347', '0.508310', '0.497534', '0.493641', '0.504454', '0.498140', '0.494757']
         : correct/total = [(7146, 14232), (6966, 14235), (6988, 14266), (6920, 14217), (7124, 14238), (7222, 14373), (7033, 14346), (7288, 14334), (7185, 14294), (7128, 14373), (7178, 14344), (6991, 14302), (7259, 14354), (7028, 14362), (7279, 14320), (7162, 14395), (7103, 14389), (7192, 14257), (7099, 14251), (7124, 14399)]
         : compromised: 0.4959, honest: 0.4976
Round 003: test acc mean=0.4977 ± 0.0078 | min=0.4835 max=0.5106
         : test loss mean=35.1859 ± 28.2942
         : individual accs = ['0.495644', '0.510573', '0.483527', '0.489555', '0.503512', '0.496973', '0.502231', '0.498465', '0.492444', '0.499478', '0.500837', '0.508111', '0.488087', '0.483986', '0.506145', '0.491421', '0.502467', '0.494564', '0.494983', '0.510174']
         : correct/total = [(7054, 14232), (7268, 14235), (6898, 14266), (6960, 14217), (7169, 14238), (7143, 14373), (7205, 14346), (7145, 14334), (7039, 14294), (7179, 14373), (7184, 14344), (7267, 14302), (7006, 14354), (6951, 14362), (7248, 14320), (7074, 14395), (7230, 14389), (7051, 14257), (7054, 14251), (7346, 14399)]
         : compromised: 0.4905, honest: 0.4985
Round 004: test acc mean=0.5011 ± 0.0067 | min=0.4918 max=0.5143
         : test loss mean=37.5495 ± 44.4746
         : individual accs = ['0.504989', '0.494837', '0.502523', '0.510656', '0.499579', '0.491755', '0.500070', '0.514302', '0.499300', '0.498574', '0.498397', '0.497343', '0.493242', '0.511071', '0.495531', '0.498923', '0.506220', '0.492109', '0.499333', '0.513300']
         : correct/total = [(7187, 14232), (7044, 14235), (7169, 14266), (7260, 14217), (7113, 14238), (7068, 14373), (7174, 14346), (7372, 14334), (7137, 14294), (7166, 14373), (7149, 14344), (7113, 14302), (7080, 14354), (7340, 14362), (7096, 14320), (7182, 14395), (7284, 14389), (7016, 14257), (7116, 14251), (7391, 14399)]
         : compromised: 0.5014, honest: 0.5011
Round 005: test acc mean=0.5017 ± 0.0076 | min=0.4942 max=0.5230
         : test loss mean=35.3523 ± 29.5748
         : individual accs = ['0.494941', '0.523007', '0.500140', '0.514666', '0.494522', '0.502679', '0.508922', '0.495744', '0.497971', '0.495512', '0.497002', '0.495036', '0.494287', '0.494221', '0.500908', '0.501702', '0.509695', '0.500175', '0.506000', '0.507466']
         : correct/total = [(7044, 14232), (7445, 14235), (7135, 14266), (7317, 14217), (7041, 14238), (7225, 14373), (7301, 14346), (7106, 14334), (7118, 14294), (7122, 14373), (7129, 14344), (7080, 14302), (7095, 14354), (7098, 14362), (7173, 14320), (7222, 14395), (7334, 14389), (7131, 14257), (7211, 14251), (7307, 14399)]
         : compromised: 0.4984, honest: 0.5021
Round 006: test acc mean=0.4992 ± 0.0054 | min=0.4878 max=0.5077
         : test loss mean=29.9738 ± 25.6367
         : individual accs = ['0.503373', '0.502845', '0.489766', '0.498558', '0.496559', '0.501496', '0.507668', '0.496372', '0.499510', '0.491964', '0.500767', '0.507691', '0.487808', '0.505222', '0.494902', '0.505453', '0.499409', '0.500736', '0.496456', '0.496771']
         : correct/total = [(7164, 14232), (7158, 14235), (6987, 14266), (7088, 14217), (7070, 14238), (7208, 14373), (7283, 14346), (7115, 14334), (7140, 14294), (7071, 14373), (7183, 14344), (7261, 14302), (7002, 14354), (7256, 14362), (7087, 14320), (7276, 14395), (7186, 14389), (7139, 14257), (7075, 14251), (7153, 14399)]
         : compromised: 0.5034, honest: 0.4987
Round 007: test acc mean=0.4983 ± 0.0079 | min=0.4858 max=0.5158
         : test loss mean=34.1691 ± 27.9749
         : individual accs = ['0.491006', '0.515771', '0.490887', '0.505451', '0.507796', '0.496139', '0.490729', '0.504814', '0.500210', '0.498017', '0.494841', '0.485806', '0.504946', '0.501323', '0.496788', '0.486836', '0.487108', '0.499544', '0.500105', '0.507744']
         : correct/total = [(6988, 14232), (7342, 14235), (7003, 14266), (7186, 14217), (7230, 14238), (7131, 14373), (7040, 14346), (7236, 14334), (7150, 14294), (7158, 14373), (7098, 14344), (6948, 14302), (7248, 14354), (7200, 14362), (7114, 14320), (7008, 14395), (7009, 14389), (7122, 14257), (7127, 14251), (7311, 14399)]
         : compromised: 0.4987, honest: 0.4982
Round 008: test acc mean=0.4966 ± 0.0099 | min=0.4765 max=0.5112
         : test loss mean=34.2654 ± 42.5594
         : individual accs = ['0.491639', '0.479312', '0.506940', '0.486671', '0.495786', '0.493077', '0.511153', '0.494210', '0.507975', '0.476518', '0.506065', '0.492938', '0.488714', '0.492968', '0.508520', '0.507607', '0.507610', '0.493793', '0.501088', '0.488853']
         : correct/total = [(6997, 14232), (6823, 14235), (7232, 14266), (6919, 14217), (7059, 14238), (7087, 14373), (7333, 14346), (7084, 14334), (7261, 14294), (6849, 14373), (7259, 14344), (7050, 14302), (7015, 14354), (7080, 14362), (7282, 14320), (7307, 14395), (7304, 14389), (7040, 14257), (7141, 14251), (7039, 14399)]
         : compromised: 0.4930, honest: 0.4970
Round 009: test acc mean=0.4964 ± 0.0072 | min=0.4833 max=0.5116
         : test loss mean=30.3630 ± 28.9636
         : individual accs = ['0.501476', '0.501019', '0.485420', '0.497292', '0.483284', '0.501705', '0.498536', '0.484722', '0.498741', '0.485494', '0.495747', '0.494406', '0.500627', '0.511628', '0.496159', '0.498784', '0.496073', '0.490075', '0.504947', '0.501007']
         : correct/total = [(7137, 14232), (7132, 14235), (6925, 14266), (7070, 14217), (6881, 14238), (7211, 14373), (7152, 14346), (6948, 14334), (7129, 14294), (6978, 14373), (7111, 14344), (7071, 14302), (7186, 14354), (7348, 14362), (7105, 14320), (7180, 14395), (7138, 14389), (6987, 14257), (7196, 14251), (7214, 14399)]
         : compromised: 0.5067, honest: 0.4952
Round 010: test acc mean=0.4999 ± 0.0053 | min=0.4837 max=0.5070
         : test loss mean=27.6263 ± 24.1992
         : individual accs = ['0.492693', '0.483667', '0.501612', '0.504255', '0.504916', '0.500870', '0.498536', '0.498535', '0.504897', '0.500244', '0.502231', '0.498392', '0.502647', '0.491993', '0.506983', '0.503717', '0.502467', '0.496949', '0.502070', '0.501215']
         : correct/total = [(7012, 14232), (6885, 14235), (7156, 14266), (7169, 14217), (7189, 14238), (7199, 14373), (7152, 14346), (7146, 14334), (7217, 14294), (7190, 14373), (7204, 14344), (7128, 14302), (7215, 14354), (7066, 14362), (7260, 14320), (7251, 14395), (7230, 14389), (7085, 14257), (7155, 14251), (7217, 14399)]
         : compromised: 0.4964, honest: 0.5003

=== FINAL RESULTS ===
Dataset: sent140, Nodes: 20, Graph: erdos, Aggregation: d-fedavg
Attack: gaussian, 10.0% compromised
Final accuracy - Compromised: 0.4964, Honest: 0.5003
Overall test accuracy: mean=0.4999 ± 0.0053
