Device: cuda
Seed: 987654321
Loading 1 LEAF Sent140 train files...
LEAF Sent140 train: 254555 users, 908652 samples
Building vocabulary (max_size=10000)...
Vocabulary size: 10000
Loading 1 LEAF Sent140 test files...
LEAF Sent140 test: 254555 users, 286281 samples
Found 254555 train users, 254555 test users, 254555 common users
User sample counts range: 494 (max) to 1 (min)
Distributed ALL 254555 users across 20 clients
Users per client: 12727 (with 15 clients getting +1 user)
Train partition sizes: [44353, 44290, 44657, 44907, 44696, 45843, 45801, 45619, 45069, 45639, 45821, 45311, 45779, 46056, 45625, 45984, 46428, 44737, 45540, 46497]
Test partition sizes: [14232, 14235, 14266, 14217, 14238, 14373, 14346, 14334, 14294, 14373, 14344, 14302, 14354, 14362, 14320, 14395, 14389, 14257, 14251, 14399]
  Client 0: 44353 train samples, 2 unique classes
  Client 1: 44290 train samples, 2 unique classes
  Client 2: 44657 train samples, 2 unique classes
  Client 3: 44907 train samples, 2 unique classes
  Client 4: 44696 train samples, 2 unique classes
  Client 5: 45843 train samples, 2 unique classes
  Client 6: 45801 train samples, 2 unique classes
  Client 7: 45619 train samples, 2 unique classes
  Client 8: 45069 train samples, 2 unique classes
  Client 9: 45639 train samples, 2 unique classes
  Client 10: 45821 train samples, 2 unique classes
  Client 11: 45311 train samples, 2 unique classes
  Client 12: 45779 train samples, 2 unique classes
  Client 13: 46056 train samples, 2 unique classes
  Client 14: 45625 train samples, 2 unique classes
  Client 15: 45984 train samples, 2 unique classes
  Client 16: 46428 train samples, 2 unique classes
  Client 17: 44737 train samples, 2 unique classes
  Client 18: 45540 train samples, 2 unique classes
  Client 19: 46497 train samples, 2 unique classes
Will sample 4500 samples per client per epoch
Graph: fully, nodes: 20, edges: 190
Degree statistics: avg=19.00, min=19, max=19
Attack: Compromised 2/20 nodes: [5, 13]
Attack type: gaussian, lambda: 1.0
Model variant: baseline
Model parameters: 1,174,986
Initial test acc across nodes: mean=0.4965 ± 0.0152
Round 001: test acc mean=0.4996 ± 0.0050 | min=0.4906 max=0.5101
         : test loss mean=20.5539 ± 5.9109
         : individual accs = ['0.496487', '0.497647', '0.499509', '0.508898', '0.501264', '0.494399', '0.510107', '0.500628', '0.506926', '0.492590', '0.494423', '0.497693', '0.500697', '0.490600', '0.501606', '0.500313', '0.500591', '0.496247', '0.498421', '0.503716']
         : correct/total = [(7066, 14232), (7084, 14235), (7126, 14266), (7235, 14217), (7137, 14238), (7106, 14373), (7318, 14346), (7176, 14334), (7246, 14294), (7080, 14373), (7092, 14344), (7118, 14302), (7187, 14354), (7046, 14362), (7183, 14320), (7202, 14395), (7203, 14389), (7075, 14257), (7103, 14251), (7253, 14399)]
         : compromised: 0.4925, honest: 0.5004
Round 002: test acc mean=0.5012 ± 0.0068 | min=0.4860 max=0.5141
         : test loss mean=22.0335 ± 5.6161
         : individual accs = ['0.501335', '0.507903', '0.496425', '0.504889', '0.496769', '0.507131', '0.498745', '0.508093', '0.495802', '0.492451', '0.502022', '0.514054', '0.497840', '0.509400', '0.492179', '0.505940', '0.500938', '0.497580', '0.486001', '0.507952']
         : correct/total = [(7135, 14232), (7230, 14235), (7082, 14266), (7178, 14217), (7073, 14238), (7289, 14373), (7155, 14346), (7283, 14334), (7087, 14294), (7078, 14373), (7201, 14344), (7352, 14302), (7146, 14354), (7316, 14362), (7048, 14320), (7283, 14395), (7208, 14389), (7094, 14257), (6926, 14251), (7314, 14399)]
         : compromised: 0.5083, honest: 0.5004
Round 003: test acc mean=0.4984 ± 0.0064 | min=0.4872 max=0.5115
         : test loss mean=22.1551 ± 6.8506
         : individual accs = ['0.502038', '0.488374', '0.489415', '0.504326', '0.501475', '0.504835', '0.505367', '0.496442', '0.487197', '0.506297', '0.499651', '0.498881', '0.495611', '0.511489', '0.503631', '0.496978', '0.493432', '0.496879', '0.494702', '0.490729']
         : correct/total = [(7145, 14232), (6952, 14235), (6982, 14266), (7170, 14217), (7140, 14238), (7256, 14373), (7250, 14346), (7116, 14334), (6964, 14294), (7277, 14373), (7167, 14344), (7135, 14302), (7114, 14354), (7346, 14362), (7212, 14320), (7154, 14395), (7100, 14389), (7084, 14257), (7050, 14251), (7066, 14399)]
         : compromised: 0.5082, honest: 0.4973
Round 004: test acc mean=0.5004 ± 0.0085 | min=0.4865 max=0.5158
         : test loss mean=24.3041 ± 9.0166
         : individual accs = ['0.491709', '0.490832', '0.499299', '0.509812', '0.496207', '0.490712', '0.500139', '0.491419', '0.489436', '0.506436', '0.505020', '0.515802', '0.506270', '0.515806', '0.501885', '0.498229', '0.499826', '0.502560', '0.486492', '0.510244']
         : correct/total = [(6998, 14232), (6987, 14235), (7123, 14266), (7248, 14217), (7065, 14238), (7053, 14373), (7175, 14346), (7044, 14334), (6996, 14294), (7279, 14373), (7244, 14344), (7377, 14302), (7267, 14354), (7408, 14362), (7187, 14320), (7172, 14395), (7192, 14389), (7165, 14257), (6933, 14251), (7347, 14399)]
         : compromised: 0.5033, honest: 0.5001
Round 005: test acc mean=0.4992 ± 0.0080 | min=0.4827 max=0.5133
         : test loss mean=24.6994 ± 10.8082
         : individual accs = ['0.499368', '0.504812', '0.486261', '0.493986', '0.503652', '0.493843', '0.500697', '0.504744', '0.482650', '0.502748', '0.498745', '0.491190', '0.489898', '0.506267', '0.501327', '0.509899', '0.497602', '0.509785', '0.492878', '0.513300']
         : correct/total = [(7107, 14232), (7186, 14235), (6937, 14266), (7023, 14217), (7171, 14238), (7098, 14373), (7183, 14346), (7235, 14334), (6899, 14294), (7226, 14373), (7154, 14344), (7025, 14302), (7032, 14354), (7271, 14362), (7179, 14320), (7340, 14395), (7160, 14389), (7268, 14257), (7024, 14251), (7391, 14399)]
         : compromised: 0.5001, honest: 0.4991
Round 006: test acc mean=0.4983 ± 0.0071 | min=0.4868 max=0.5137
         : test loss mean=26.7673 ± 13.6854
         : individual accs = ['0.489039', '0.513664', '0.493972', '0.495815', '0.497963', '0.491338', '0.500279', '0.499302', '0.486778', '0.493356', '0.502161', '0.505594', '0.508708', '0.494569', '0.495950', '0.508093', '0.497880', '0.495967', '0.507122', '0.489409']
         : correct/total = [(6960, 14232), (7312, 14235), (7047, 14266), (7049, 14217), (7090, 14238), (7062, 14373), (7177, 14346), (7157, 14334), (6958, 14294), (7091, 14373), (7203, 14344), (7231, 14302), (7302, 14354), (7103, 14362), (7102, 14320), (7314, 14395), (7164, 14389), (7071, 14257), (7227, 14251), (7047, 14399)]
         : compromised: 0.4930, honest: 0.4989
Round 007: test acc mean=0.4993 ± 0.0069 | min=0.4872 max=0.5135
         : test loss mean=21.2636 ± 4.1594
         : individual accs = ['0.497330', '0.491746', '0.497827', '0.507280', '0.496769', '0.501078', '0.504461', '0.493093', '0.507556', '0.498713', '0.509342', '0.501468', '0.495820', '0.487188', '0.491411', '0.505106', '0.488985', '0.500456', '0.497649', '0.513508']
         : correct/total = [(7078, 14232), (7000, 14235), (7102, 14266), (7212, 14217), (7073, 14238), (7202, 14373), (7237, 14346), (7068, 14334), (7255, 14294), (7168, 14373), (7306, 14344), (7172, 14302), (7117, 14354), (6997, 14362), (7037, 14320), (7271, 14395), (7036, 14389), (7135, 14257), (7092, 14251), (7394, 14399)]
         : compromised: 0.4941, honest: 0.4999
Round 008: test acc mean=0.4999 ± 0.0061 | min=0.4870 max=0.5096
         : test loss mean=23.6303 ± 13.5499
         : individual accs = ['0.492060', '0.509168', '0.486962', '0.496448', '0.497191', '0.496139', '0.501952', '0.509558', '0.501959', '0.493147', '0.502928', '0.495036', '0.502299', '0.504665', '0.496578', '0.509274', '0.499757', '0.504805', '0.505158', '0.493715']
         : correct/total = [(7003, 14232), (7248, 14235), (6947, 14266), (7058, 14217), (7079, 14238), (7131, 14373), (7201, 14346), (7304, 14334), (7175, 14294), (7088, 14373), (7214, 14344), (7080, 14302), (7210, 14354), (7248, 14362), (7111, 14320), (7331, 14395), (7191, 14389), (7197, 14257), (7199, 14251), (7109, 14399)]
         : compromised: 0.5004, honest: 0.4999
Round 009: test acc mean=0.5017 ± 0.0088 | min=0.4852 max=0.5142
         : test loss mean=27.5207 ± 14.0610
         : individual accs = ['0.492622', '0.512540', '0.514160', '0.510516', '0.493890', '0.506992', '0.505158', '0.513953', '0.488946', '0.493286', '0.503486', '0.500699', '0.500000', '0.485239', '0.502514', '0.496214', '0.489541', '0.503051', '0.512525', '0.508021']
         : correct/total = [(7011, 14232), (7296, 14235), (7335, 14266), (7258, 14217), (7032, 14238), (7287, 14373), (7247, 14346), (7367, 14334), (6989, 14294), (7090, 14373), (7222, 14344), (7161, 14302), (7177, 14354), (6969, 14362), (7196, 14320), (7143, 14395), (7044, 14389), (7172, 14257), (7304, 14251), (7315, 14399)]
         : compromised: 0.4961, honest: 0.5023
Round 010: test acc mean=0.5015 ± 0.0081 | min=0.4879 max=0.5181
         : test loss mean=23.8973 ± 8.8424
         : individual accs = ['0.499508', '0.518089', '0.511075', '0.490821', '0.497401', '0.495304', '0.502440', '0.497558', '0.508955', '0.504905', '0.495956', '0.487904', '0.489202', '0.507381', '0.499162', '0.509274', '0.499548', '0.515466', '0.497439', '0.501771']
         : correct/total = [(7109, 14232), (7375, 14235), (7291, 14266), (6978, 14217), (7082, 14238), (7119, 14373), (7208, 14346), (7132, 14334), (7275, 14294), (7257, 14373), (7114, 14344), (6978, 14302), (7022, 14354), (7287, 14362), (7148, 14320), (7331, 14395), (7188, 14389), (7349, 14257), (7089, 14251), (7225, 14399)]
         : compromised: 0.5013, honest: 0.5015

=== FINAL RESULTS ===
Dataset: sent140, Nodes: 20, Graph: fully, Aggregation: d-fedavg
Attack: gaussian, 10.0% compromised
Final accuracy - Compromised: 0.5013, Honest: 0.5015
Overall test accuracy: mean=0.5015 ± 0.0081
