Device: cuda
Seed: 987654321
Loading 1 LEAF Sent140 train files...
LEAF Sent140 train: 254555 users, 908652 samples
Building vocabulary (max_size=10000)...
Vocabulary size: 10000
Loading 1 LEAF Sent140 test files...
LEAF Sent140 test: 254555 users, 286281 samples
Found 254555 train users, 254555 test users, 254555 common users
User sample counts range: 494 (max) to 1 (min)
Distributed ALL 254555 users across 20 clients
Users per client: 12727 (with 15 clients getting +1 user)
Train partition sizes: [44353, 44290, 44657, 44907, 44696, 45843, 45801, 45619, 45069, 45639, 45821, 45311, 45779, 46056, 45625, 45984, 46428, 44737, 45540, 46497]
Test partition sizes: [14232, 14235, 14266, 14217, 14238, 14373, 14346, 14334, 14294, 14373, 14344, 14302, 14354, 14362, 14320, 14395, 14389, 14257, 14251, 14399]
  Client 0: 44353 train samples, 2 unique classes
  Client 1: 44290 train samples, 2 unique classes
  Client 2: 44657 train samples, 2 unique classes
  Client 3: 44907 train samples, 2 unique classes
  Client 4: 44696 train samples, 2 unique classes
  Client 5: 45843 train samples, 2 unique classes
  Client 6: 45801 train samples, 2 unique classes
  Client 7: 45619 train samples, 2 unique classes
  Client 8: 45069 train samples, 2 unique classes
  Client 9: 45639 train samples, 2 unique classes
  Client 10: 45821 train samples, 2 unique classes
  Client 11: 45311 train samples, 2 unique classes
  Client 12: 45779 train samples, 2 unique classes
  Client 13: 46056 train samples, 2 unique classes
  Client 14: 45625 train samples, 2 unique classes
  Client 15: 45984 train samples, 2 unique classes
  Client 16: 46428 train samples, 2 unique classes
  Client 17: 44737 train samples, 2 unique classes
  Client 18: 45540 train samples, 2 unique classes
  Client 19: 46497 train samples, 2 unique classes
Will sample 4500 samples per client per epoch
Graph: fully, nodes: 20, edges: 190
Degree statistics: avg=19.00, min=19, max=19
Attack: Compromised 8/20 nodes: [1, 5, 11, 12, 13, 14, 17, 18]
Attack type: krum, lambda: 1.0
Model variant: baseline
Model parameters: 1,174,986
Initial test acc across nodes: mean=0.4965 ± 0.0152
Round 001: test acc mean=0.5009 ± 0.0087 | min=0.4860 max=0.5133
         : test loss mean=3.9430 ± 1.1060
         : individual accs = ['0.511804', '0.490341', '0.485981', '0.486530', '0.510957', '0.491408', '0.509619', '0.501465', '0.507626', '0.513254', '0.501952', '0.502168', '0.487739', '0.492828', '0.502304', '0.502536', '0.499618', '0.502560', '0.510631', '0.506355']
         : correct/total = [(7284, 14232), (6980, 14235), (6933, 14266), (6917, 14217), (7275, 14238), (7063, 14373), (7311, 14346), (7188, 14334), (7256, 14294), (7377, 14373), (7200, 14344), (7182, 14302), (7001, 14354), (7078, 14362), (7193, 14320), (7234, 14395), (7189, 14389), (7165, 14257), (7277, 14251), (7291, 14399)]
         : compromised: 0.4975, honest: 0.5031
Round 002: test acc mean=0.5013 ± 0.0055 | min=0.4896 max=0.5160
         : test loss mean=5.2302 ± 0.0710
         : individual accs = ['0.498524', '0.489568', '0.492990', '0.501161', '0.500421', '0.499548', '0.500279', '0.501884', '0.498881', '0.498922', '0.504950', '0.500420', '0.503065', '0.516014', '0.503492', '0.503161', '0.508722', '0.506979', '0.494632', '0.502674']
         : correct/total = [(7095, 14232), (6969, 14235), (7033, 14266), (7125, 14217), (7125, 14238), (7180, 14373), (7177, 14346), (7194, 14334), (7131, 14294), (7171, 14373), (7243, 14344), (7157, 14302), (7221, 14354), (7411, 14362), (7210, 14320), (7243, 14395), (7320, 14389), (7228, 14257), (7049, 14251), (7238, 14399)]
         : compromised: 0.5017, honest: 0.5010
Round 003: test acc mean=0.5051 ± 0.0056 | min=0.4914 max=0.5139
         : test loss mean=0.9393 ± 0.0078
         : individual accs = ['0.510821', '0.513664', '0.513879', '0.507772', '0.505829', '0.506088', '0.502509', '0.504814', '0.511543', '0.506992', '0.500837', '0.507971', '0.500488', '0.491366', '0.504050', '0.501702', '0.500313', '0.496879', '0.511262', '0.503507']
         : correct/total = [(7270, 14232), (7312, 14235), (7331, 14266), (7219, 14217), (7202, 14238), (7274, 14373), (7209, 14346), (7236, 14334), (7312, 14294), (7287, 14373), (7184, 14344), (7265, 14302), (7184, 14354), (7057, 14362), (7218, 14320), (7222, 14395), (7199, 14389), (7084, 14257), (7286, 14251), (7250, 14399)]
         : compromised: 0.5040, honest: 0.5059
Round 004: test acc mean=0.5153 ± 0.0049 | min=0.5034 max=0.5250
         : test loss mean=1.3059 ± 0.0189
         : individual accs = ['0.510961', '0.513523', '0.519837', '0.519378', '0.512642', '0.522786', '0.523282', '0.516395', '0.513362', '0.511863', '0.511433', '0.510977', '0.503414', '0.524997', '0.516480', '0.515526', '0.514838', '0.513362', '0.517578', '0.512605']
         : correct/total = [(7272, 14232), (7310, 14235), (7416, 14266), (7384, 14217), (7299, 14238), (7514, 14373), (7507, 14346), (7402, 14334), (7338, 14294), (7357, 14373), (7336, 14344), (7308, 14302), (7226, 14354), (7540, 14362), (7396, 14320), (7421, 14395), (7408, 14389), (7319, 14257), (7376, 14251), (7381, 14399)]
         : compromised: 0.5154, honest: 0.5152
Round 005: test acc mean=0.5368 ± 0.0061 | min=0.5268 max=0.5506
         : test loss mean=0.7065 ± 0.0036
         : individual accs = ['0.530916', '0.526800', '0.526777', '0.539214', '0.542703', '0.540110', '0.539035', '0.537533', '0.531272', '0.534683', '0.538553', '0.529087', '0.539780', '0.550550', '0.534497', '0.540327', '0.540065', '0.545697', '0.529858', '0.538093']
         : correct/total = [(7556, 14232), (7499, 14235), (7515, 14266), (7666, 14217), (7727, 14238), (7763, 14373), (7733, 14346), (7705, 14334), (7594, 14294), (7685, 14373), (7725, 14344), (7567, 14302), (7748, 14354), (7907, 14362), (7654, 14320), (7778, 14395), (7771, 14389), (7780, 14257), (7551, 14251), (7748, 14399)]
         : compromised: 0.5370, honest: 0.5366
Round 006: test acc mean=0.5124 ± 0.0047 | min=0.5005 max=0.5207
         : test loss mean=0.9147 ± 0.0077
         : individual accs = ['0.510961', '0.513804', '0.516823', '0.515721', '0.512080', '0.511306', '0.511292', '0.517999', '0.513362', '0.518194', '0.513385', '0.514963', '0.510241', '0.520749', '0.510615', '0.509274', '0.501981', '0.500526', '0.512946', '0.510869']
         : correct/total = [(7272, 14232), (7314, 14235), (7373, 14266), (7332, 14217), (7291, 14238), (7349, 14373), (7335, 14346), (7425, 14334), (7338, 14294), (7448, 14373), (7364, 14344), (7365, 14302), (7324, 14354), (7479, 14362), (7312, 14320), (7331, 14395), (7223, 14389), (7136, 14257), (7310, 14251), (7356, 14399)]
         : compromised: 0.5119, honest: 0.5127
Round 007: test acc mean=0.5871 ± 0.0040 | min=0.5805 max=0.5939
         : test loss mean=0.6689 ± 0.0019
         : individual accs = ['0.583404', '0.584475', '0.581733', '0.593937', '0.592288', '0.591943', '0.587551', '0.583089', '0.586750', '0.584151', '0.587772', '0.581247', '0.586317', '0.593720', '0.585894', '0.588051', '0.590382', '0.587290', '0.580521', '0.590874']
         : correct/total = [(8303, 14232), (8320, 14235), (8299, 14266), (8444, 14217), (8433, 14238), (8508, 14373), (8429, 14346), (8358, 14334), (8387, 14294), (8396, 14373), (8431, 14344), (8313, 14302), (8416, 14354), (8527, 14362), (8390, 14320), (8465, 14395), (8495, 14389), (8373, 14257), (8273, 14251), (8508, 14399)]
         : compromised: 0.5864, honest: 0.5875
Round 008: test acc mean=0.5152 ± 0.0029 | min=0.5097 max=0.5223
         : test loss mean=0.7925 ± 0.0040
         : individual accs = ['0.516934', '0.515560', '0.512477', '0.517690', '0.512502', '0.515133', '0.518333', '0.513604', '0.518329', '0.514646', '0.514989', '0.513774', '0.512122', '0.522281', '0.512360', '0.518444', '0.514421', '0.509715', '0.513438', '0.516633']
         : correct/total = [(7357, 14232), (7339, 14235), (7311, 14266), (7360, 14217), (7297, 14238), (7404, 14373), (7436, 14346), (7362, 14334), (7409, 14294), (7397, 14373), (7387, 14344), (7348, 14302), (7351, 14354), (7501, 14362), (7337, 14320), (7463, 14395), (7402, 14389), (7267, 14257), (7317, 14251), (7439, 14399)]
         : compromised: 0.5143, honest: 0.5158
Round 009: test acc mean=0.5942 ± 0.0042 | min=0.5864 max=0.6009
         : test loss mean=0.6658 ± 0.0020
         : individual accs = ['0.593170', '0.589182', '0.589864', '0.598157', '0.595660', '0.599596', '0.595985', '0.591879', '0.590108', '0.598553', '0.600878', '0.586421', '0.594050', '0.600752', '0.590433', '0.595485', '0.596636', '0.594585', '0.587538', '0.595250']
         : correct/total = [(8442, 14232), (8387, 14235), (8415, 14266), (8504, 14217), (8481, 14238), (8618, 14373), (8550, 14346), (8484, 14334), (8435, 14294), (8603, 14373), (8619, 14344), (8387, 14302), (8527, 14354), (8628, 14362), (8455, 14320), (8572, 14395), (8585, 14389), (8477, 14257), (8373, 14251), (8571, 14399)]
         : compromised: 0.5928, honest: 0.5951
Round 010: test acc mean=0.5177 ± 0.0051 | min=0.5104 max=0.5288
         : test loss mean=0.7417 ± 0.0038
         : individual accs = ['0.516793', '0.513734', '0.510935', '0.518675', '0.520649', '0.515063', '0.517357', '0.513395', '0.518539', '0.524664', '0.522658', '0.517550', '0.515605', '0.528826', '0.517179', '0.515179', '0.518035', '0.510416', '0.510771', '0.528092']
         : correct/total = [(7355, 14232), (7313, 14235), (7289, 14266), (7374, 14217), (7413, 14238), (7403, 14373), (7422, 14346), (7359, 14334), (7412, 14294), (7541, 14373), (7497, 14344), (7402, 14302), (7401, 14354), (7595, 14362), (7406, 14320), (7416, 14395), (7454, 14389), (7277, 14257), (7279, 14251), (7604, 14399)]
         : compromised: 0.5161, honest: 0.5187

=== FINAL RESULTS ===
Dataset: sent140, Nodes: 20, Graph: fully, Aggregation: d-fedavg
Attack: krum, 40.0% compromised
Final accuracy - Compromised: 0.5161, Honest: 0.5187
Overall test accuracy: mean=0.5177 ± 0.0051
