Device: cuda
Seed: 987654321
Loading 1 LEAF Sent140 train files...
LEAF Sent140 train: 254555 users, 908652 samples
Building vocabulary (max_size=10000)...
Vocabulary size: 10000
Loading 1 LEAF Sent140 test files...
LEAF Sent140 test: 254555 users, 286281 samples
Found 254555 train users, 254555 test users, 254555 common users
User sample counts range: 494 (max) to 1 (min)
Distributed ALL 254555 users across 20 clients
Users per client: 12727 (with 15 clients getting +1 user)
Train partition sizes: [44353, 44290, 44657, 44907, 44696, 45843, 45801, 45619, 45069, 45639, 45821, 45311, 45779, 46056, 45625, 45984, 46428, 44737, 45540, 46497]
Test partition sizes: [14232, 14235, 14266, 14217, 14238, 14373, 14346, 14334, 14294, 14373, 14344, 14302, 14354, 14362, 14320, 14395, 14389, 14257, 14251, 14399]
  Client 0: 44353 train samples, 2 unique classes
  Client 1: 44290 train samples, 2 unique classes
  Client 2: 44657 train samples, 2 unique classes
  Client 3: 44907 train samples, 2 unique classes
  Client 4: 44696 train samples, 2 unique classes
  Client 5: 45843 train samples, 2 unique classes
  Client 6: 45801 train samples, 2 unique classes
  Client 7: 45619 train samples, 2 unique classes
  Client 8: 45069 train samples, 2 unique classes
  Client 9: 45639 train samples, 2 unique classes
  Client 10: 45821 train samples, 2 unique classes
  Client 11: 45311 train samples, 2 unique classes
  Client 12: 45779 train samples, 2 unique classes
  Client 13: 46056 train samples, 2 unique classes
  Client 14: 45625 train samples, 2 unique classes
  Client 15: 45984 train samples, 2 unique classes
  Client 16: 46428 train samples, 2 unique classes
  Client 17: 44737 train samples, 2 unique classes
  Client 18: 45540 train samples, 2 unique classes
  Client 19: 46497 train samples, 2 unique classes
Will sample 4500 samples per client per epoch
Graph: erdos, nodes: 20, edges: 48
Degree statistics: avg=4.80, min=2, max=7
Attack: Compromised 10/20 nodes: [1, 2, 5, 11, 12, 13, 14, 15, 17, 18]
Attack type: backdoor, lambda: 1.0
Backdoor target label: 1, trigger size: 3
Model variant: baseline
Model parameters: 1,174,986
UBAR ALGORITHM (Two-Stage Byzantine-resilient)
  - Model dimension: 1,174,986 parameters
  - Rho parameter: 0.5
  - Stage 1: Distance-based filtering (select 50% closest neighbors)
  - Stage 2: Performance-based selection (loss comparison)
  - Complexity: O(deg(i)×d + deg(i)×inference)
Initial test acc across nodes: mean=0.4953 ± 0.0174
Backdoor attack: Created poisoned datasets for 10 compromised nodes
Round 001: test acc mean=0.5373 ± 0.0330 | min=0.4962 max=0.5979
         : test loss mean=20.9107 ± 20.4482
         : individual accs = ['0.570334', '0.518651', '0.521450', '0.496237', '0.597907', '0.502818', '0.533389', '0.594112', '0.554289', '0.591526', '0.567973', '0.518319', '0.513167', '0.510305', '0.514106', '0.505870', '0.572938', '0.523743', '0.499053', '0.540038']
         : correct/total = [(8117, 14232), (7383, 14235), (7439, 14266), (7055, 14217), (8513, 14238), (7227, 14373), (7652, 14346), (8516, 14334), (7923, 14294), (8502, 14373), (8147, 14344), (7413, 14302), (7366, 14354), (7329, 14362), (7362, 14320), (7282, 14395), (8244, 14389), (7467, 14257), (7112, 14251), (7776, 14399)]
         : compromised: 0.5127, honest: 0.5619
         : ubar stats = ['Node 0: s1=0.500, s2=1.000', 'Node 1: s1=0.500, s2=1.000', 'Node 2: s1=0.400, s2=1.000']...
Round 002: test acc mean=0.5622 ± 0.0632 | min=0.4927 max=0.6424
         : test loss mean=301.6321 ± 314.6627
         : individual accs = ['0.624087', '0.515982', '0.507570', '0.626574', '0.638432', '0.505253', '0.527116', '0.641621', '0.618092', '0.629444', '0.636573', '0.506153', '0.495472', '0.492689', '0.506774', '0.499340', '0.625756', '0.502350', '0.503263', '0.642406']
         : correct/total = [(8882, 14232), (7345, 14235), (7241, 14266), (8908, 14217), (9090, 14238), (7262, 14373), (7562, 14346), (9197, 14334), (8835, 14294), (9047, 14373), (9131, 14344), (7239, 14302), (7112, 14354), (7076, 14362), (7257, 14320), (7188, 14395), (9004, 14389), (7162, 14257), (7172, 14251), (9250, 14399)]
         : compromised: 0.5035, honest: 0.6210
         : ubar stats = ['Node 0: s1=0.500, s2=1.000', 'Node 1: s1=0.500, s2=1.000', 'Node 2: s1=0.400, s2=1.000']...
Round 003: test acc mean=0.5670 ± 0.0683 | min=0.4939 max=0.6422
         : test loss mean=10878.1557 ± 11576.0674
         : individual accs = ['0.635048', '0.496523', '0.497336', '0.636492', '0.641663', '0.501148', '0.627841', '0.642179', '0.641808', '0.637863', '0.625418', '0.498392', '0.500000', '0.497702', '0.493925', '0.500729', '0.633679', '0.506067', '0.496456', '0.629558']
         : correct/total = [(9038, 14232), (7068, 14235), (7095, 14266), (9049, 14217), (9136, 14238), (7203, 14373), (9007, 14346), (9205, 14334), (9174, 14294), (9168, 14373), (8971, 14344), (7128, 14302), (7177, 14354), (7148, 14362), (7073, 14320), (7208, 14395), (9118, 14389), (7215, 14257), (7075, 14251), (9065, 14399)]
         : compromised: 0.4988, honest: 0.6352
         : ubar stats = ['Node 0: s1=0.500, s2=1.000', 'Node 1: s1=0.500, s2=1.000', 'Node 2: s1=0.400, s2=1.000']...
Round 004: test acc mean=0.5736 ± 0.0718 | min=0.4925 max=0.6506
         : test loss mean=3248159.9601 ± 4649691.7927
         : individual accs = ['0.642777', '0.499543', '0.509042', '0.637336', '0.641593', '0.506923', '0.640597', '0.650551', '0.650483', '0.644890', '0.648215', '0.506712', '0.492964', '0.508843', '0.492528', '0.504550', '0.645632', '0.494774', '0.504386', '0.650184']
         : correct/total = [(9148, 14232), (7111, 14235), (7262, 14266), (9061, 14217), (9135, 14238), (7286, 14373), (9190, 14346), (9325, 14334), (9298, 14294), (9269, 14373), (9298, 14344), (7247, 14302), (7076, 14354), (7308, 14362), (7053, 14320), (7263, 14395), (9290, 14389), (7054, 14257), (7188, 14251), (9362, 14399)]
         : compromised: 0.5020, honest: 0.6452
         : ubar stats = ['Node 0: s1=0.500, s2=0.833', 'Node 1: s1=0.500, s2=1.000', 'Node 2: s1=0.400, s2=1.000']...
Round 005: test acc mean=0.5766 ± 0.0725 | min=0.4895 max=0.6544
         : test loss mean=70485355.4196 ± 84462033.5617
         : individual accs = ['0.648257', '0.510643', '0.489485', '0.642892', '0.652620', '0.501774', '0.643036', '0.654388', '0.652721', '0.646003', '0.647309', '0.519368', '0.499234', '0.504804', '0.507263', '0.501146', '0.650219', '0.506348', '0.503754', '0.651712']
         : correct/total = [(9226, 14232), (7269, 14235), (6983, 14266), (9140, 14217), (9292, 14238), (7212, 14373), (9225, 14346), (9380, 14334), (9330, 14294), (9285, 14373), (9285, 14344), (7428, 14302), (7166, 14354), (7250, 14362), (7264, 14320), (7214, 14395), (9356, 14389), (7219, 14257), (7179, 14251), (9384, 14399)]
         : compromised: 0.5044, honest: 0.6489
         : ubar stats = ['Node 0: s1=0.500, s2=0.800', 'Node 1: s1=0.500, s2=1.000', 'Node 2: s1=0.400, s2=1.000']...
Round 006: test acc mean=0.5790 ± 0.0735 | min=0.4928 max=0.6587
         : test loss mean=5394183778.0025 ± 6117143724.9745
         : individual accs = ['0.652895', '0.516263', '0.511145', '0.650067', '0.653814', '0.509567', '0.646870', '0.656760', '0.658668', '0.651012', '0.650307', '0.511886', '0.504946', '0.498399', '0.492807', '0.502327', '0.645632', '0.505366', '0.504105', '0.656504']
         : correct/total = [(9292, 14232), (7349, 14235), (7292, 14266), (9242, 14217), (9309, 14238), (7324, 14373), (9280, 14346), (9414, 14334), (9415, 14294), (9357, 14373), (9328, 14344), (7321, 14302), (7248, 14354), (7158, 14362), (7057, 14320), (7231, 14395), (9290, 14389), (7205, 14257), (7184, 14251), (9453, 14399)]
         : compromised: 0.5057, honest: 0.6523
         : ubar stats = ['Node 0: s1=0.500, s2=0.722', 'Node 1: s1=0.500, s2=1.000', 'Node 2: s1=0.400, s2=1.000']...
Round 007: test acc mean=0.5789 ± 0.0726 | min=0.4909 max=0.6591
         : test loss mean=438017689896.2101 ± 479374823995.4816
         : individual accs = ['0.656478', '0.514366', '0.514019', '0.645354', '0.646439', '0.504140', '0.647010', '0.643784', '0.659088', '0.650873', '0.655326', '0.510138', '0.490874', '0.501810', '0.515154', '0.503369', '0.651748', '0.510767', '0.500947', '0.655879']
         : correct/total = [(9343, 14232), (7322, 14235), (7333, 14266), (9175, 14217), (9204, 14238), (7246, 14373), (9282, 14346), (9228, 14334), (9421, 14294), (9355, 14373), (9400, 14344), (7296, 14302), (7046, 14354), (7207, 14362), (7377, 14320), (7246, 14395), (9378, 14389), (7282, 14257), (7139, 14251), (9444, 14399)]
         : compromised: 0.5066, honest: 0.6512
         : ubar stats = ['Node 0: s1=0.500, s2=0.714', 'Node 1: s1=0.500, s2=1.000', 'Node 2: s1=0.400, s2=1.000']...
Round 008: test acc mean=0.5806 ± 0.0769 | min=0.4956 max=0.6632
         : test loss mean=40489783925301.0000 ± 51265304804917.2422
         : individual accs = ['0.660694', '0.515209', '0.510935', '0.651966', '0.657325', '0.497948', '0.655444', '0.659830', '0.663215', '0.653100', '0.656930', '0.505034', '0.505086', '0.511489', '0.495601', '0.497325', '0.657933', '0.496598', '0.503614', '0.657268']
         : correct/total = [(9403, 14232), (7334, 14235), (7289, 14266), (9269, 14217), (9359, 14238), (7157, 14373), (9403, 14346), (9458, 14334), (9480, 14294), (9387, 14373), (9423, 14344), (7223, 14302), (7250, 14354), (7346, 14362), (7097, 14320), (7159, 14395), (9467, 14389), (7080, 14257), (7177, 14251), (9464, 14399)]
         : compromised: 0.5039, honest: 0.6574
         : ubar stats = ['Node 0: s1=0.500, s2=0.708', 'Node 1: s1=0.500, s2=1.000', 'Node 2: s1=0.400, s2=1.000']...
Round 009: test acc mean=0.5776 ± 0.0731 | min=0.4939 max=0.6624
         : test loss mean=3006349459619853.0000 ± 3211629291430045.0000
         : individual accs = ['0.654160', '0.513312', '0.511075', '0.646761', '0.660135', '0.504696', '0.630071', '0.662411', '0.645026', '0.634453', '0.657557', '0.506433', '0.501742', '0.500557', '0.493925', '0.505870', '0.658072', '0.509925', '0.502281', '0.653865']
         : correct/total = [(9310, 14232), (7307, 14235), (7291, 14266), (9195, 14217), (9399, 14238), (7254, 14373), (9039, 14346), (9495, 14334), (9220, 14294), (9119, 14373), (9432, 14344), (7243, 14302), (7202, 14354), (7189, 14362), (7073, 14320), (7282, 14395), (9469, 14389), (7270, 14257), (7158, 14251), (9415, 14399)]
         : compromised: 0.5050, honest: 0.6503
         : ubar stats = ['Node 0: s1=0.500, s2=0.704', 'Node 1: s1=0.500, s2=1.000', 'Node 2: s1=0.400, s2=1.000']...
Round 010: test acc mean=0.5843 ± 0.0808 | min=0.4939 max=0.6720
         : test loss mean=327787143254613376.0000 ± 389881132619305856.0000
         : individual accs = ['0.668212', '0.501791', '0.513459', '0.660196', '0.666315', '0.499200', '0.662624', '0.669248', '0.672030', '0.662353', '0.662437', '0.506922', '0.509126', '0.493942', '0.506285', '0.501910', '0.663145', '0.499264', '0.504175', '0.663727']
         : correct/total = [(9510, 14232), (7143, 14235), (7325, 14266), (9386, 14217), (9487, 14238), (7175, 14373), (9506, 14346), (9593, 14334), (9606, 14294), (9520, 14373), (9502, 14344), (7250, 14302), (7308, 14354), (7094, 14362), (7250, 14320), (7225, 14395), (9542, 14389), (7118, 14257), (7185, 14251), (9557, 14399)]
         : compromised: 0.5036, honest: 0.6650
         : ubar stats = ['Node 0: s1=0.500, s2=0.733', 'Node 1: s1=0.500, s2=1.000', 'Node 2: s1=0.400, s2=1.000']...

=== FINAL RESULTS ===
Dataset: sent140, Nodes: 20, Graph: erdos, Aggregation: ubar
Attack: backdoor, 50.0% compromised
Final accuracy - Compromised: 0.5036, Honest: 0.6650
Overall test accuracy: mean=0.5843 ± 0.0808

=== BACKDOOR ATTACK SUCCESS RATE (ASR) ===
Target label: 1
Trigger size: 3x3
Overall ASR: 0.6271 ± 0.2290
Honest nodes ASR: 0.4762 ± 0.0419
Compromised nodes ASR: 0.7781 ± 0.2398
Note: Higher ASR indicates more successful backdoor attack

=== UBAR SUMMARY ===
Node 0: stage1=0.500, stage2=0.733, overall=0.367
Node 1: stage1=0.500, stage2=1.000, overall=0.500
Node 2: stage1=0.400, stage2=1.000, overall=0.400
Node 3: stage1=0.500, stage2=0.550, overall=0.275
Node 4: stage1=0.500, stage2=0.500, overall=0.250
Node 5: stage1=0.400, stage2=1.000, overall=0.400
Node 6: stage1=0.400, stage2=0.700, overall=0.280
Node 7: stage1=0.400, stage2=0.700, overall=0.280
Node 8: stage1=0.500, stage2=1.000, overall=0.500
Node 9: stage1=0.333, stage2=1.000, overall=0.333
Node 10: stage1=0.500, stage2=0.600, overall=0.300
Node 11: stage1=0.429, stage2=1.000, overall=0.429
Node 12: stage1=0.429, stage2=1.000, overall=0.429
Node 13: stage1=0.500, stage2=1.000, overall=0.500
Node 14: stage1=0.429, stage2=1.000, overall=0.429
Node 15: stage1=0.500, stage2=1.000, overall=0.500
Node 16: stage1=0.400, stage2=0.500, overall=0.200
Node 17: stage1=0.400, stage2=1.000, overall=0.400
Node 18: stage1=0.500, stage2=1.000, overall=0.500
Node 19: stage1=0.500, stage2=1.000, overall=0.500

=== PARALLEL EXECUTION TIME (realistic for distributed system) ===
  COMMUNICATION (max across nodes):
    - Full model transfer: 0.000s (0.0%)
  COMPUTATION (max across nodes):
    - Distance computation: 0.027s (51.9%)
    - Loss computation: 0.019s (36.2%)
    - Aggregation: 0.006s (11.8%)
  TOTALS:
    - Total computation: 0.051s (100.0%)
    - Total communication: 0.000s (0.0%)
    - Total parallel time: 0.051s

=== PER-NODE AVERAGE TIME ===
  - Distance computation: 0.018s
  - Loss computation: 0.011s
  - Aggregation: 0.004s
  - Model transfer: 0.000s
  - Total per node: 0.034s

=== TOTAL COMPUTATIONAL WORK (sum across all nodes) ===
  - Total distance computation: 0.368s
  - Total loss computation: 0.226s
  - Total aggregation: 0.089s
  - Total model transfer: 0.000s
  - Grand total: 0.682s
  - Mean Stage 1 acceptance rate: 0.451
  - Mean Stage 2 acceptance rate: 0.864
  - Overall acceptance rate: 0.390

UBAR Algorithm Properties:
  - Model dimension: 1,174,986
  - Rho parameter: 0.5
  - Two-stage approach: Distance filtering + loss evaluation
  - Stage 1 selects: 50% of neighbors
  - Stage 2 uses: Training sample loss comparison
  - Theoretical complexity: O(deg(i)×d + deg(i)×inference)
  - Approach: UBAR paper implementation
