Device: cuda
Seed: 987654321
Loading 1 LEAF Sent140 train files...
LEAF Sent140 train: 254555 users, 908652 samples
Building vocabulary (max_size=10000)...
Vocabulary size: 10000
Loading 1 LEAF Sent140 test files...
LEAF Sent140 test: 254555 users, 286281 samples
Found 254555 train users, 254555 test users, 254555 common users
User sample counts range: 494 (max) to 1 (min)
Distributed ALL 254555 users across 20 clients
Users per client: 12727 (with 15 clients getting +1 user)
Train partition sizes: [44353, 44290, 44657, 44907, 44696, 45843, 45801, 45619, 45069, 45639, 45821, 45311, 45779, 46056, 45625, 45984, 46428, 44737, 45540, 46497]
Test partition sizes: [14232, 14235, 14266, 14217, 14238, 14373, 14346, 14334, 14294, 14373, 14344, 14302, 14354, 14362, 14320, 14395, 14389, 14257, 14251, 14399]
  Client 0: 44353 train samples, 2 unique classes
  Client 1: 44290 train samples, 2 unique classes
  Client 2: 44657 train samples, 2 unique classes
  Client 3: 44907 train samples, 2 unique classes
  Client 4: 44696 train samples, 2 unique classes
  Client 5: 45843 train samples, 2 unique classes
  Client 6: 45801 train samples, 2 unique classes
  Client 7: 45619 train samples, 2 unique classes
  Client 8: 45069 train samples, 2 unique classes
  Client 9: 45639 train samples, 2 unique classes
  Client 10: 45821 train samples, 2 unique classes
  Client 11: 45311 train samples, 2 unique classes
  Client 12: 45779 train samples, 2 unique classes
  Client 13: 46056 train samples, 2 unique classes
  Client 14: 45625 train samples, 2 unique classes
  Client 15: 45984 train samples, 2 unique classes
  Client 16: 46428 train samples, 2 unique classes
  Client 17: 44737 train samples, 2 unique classes
  Client 18: 45540 train samples, 2 unique classes
  Client 19: 46497 train samples, 2 unique classes
Will sample 4500 samples per client per epoch
Graph: erdos, nodes: 20, edges: 99
Degree statistics: avg=9.90, min=7, max=14
Attack: Compromised 4/20 nodes: [5, 12, 13, 17]
Attack type: gaussian, lambda: 1.0
Model variant: baseline
Model parameters: 1,174,986
Sketchguard Node 0:
  Model dim: 1,174,986 → Sketch size: 180
  Compression ratio: 6527.7x
  Using model parameters for aggregation, sketches for filtering
Sketchguard Node 1:
  Model dim: 1,174,986 → Sketch size: 180
  Compression ratio: 6527.7x
  Using model parameters for aggregation, sketches for filtering
Sketchguard Node 2:
  Model dim: 1,174,986 → Sketch size: 180
  Compression ratio: 6527.7x
  Using model parameters for aggregation, sketches for filtering
Sketchguard Node 3:
  Model dim: 1,174,986 → Sketch size: 180
  Compression ratio: 6527.7x
  Using model parameters for aggregation, sketches for filtering
Sketchguard Node 4:
  Model dim: 1,174,986 → Sketch size: 180
  Compression ratio: 6527.7x
  Using model parameters for aggregation, sketches for filtering
Sketchguard Node 5:
  Model dim: 1,174,986 → Sketch size: 180
  Compression ratio: 6527.7x
  Using model parameters for aggregation, sketches for filtering
Sketchguard Node 6:
  Model dim: 1,174,986 → Sketch size: 180
  Compression ratio: 6527.7x
  Using model parameters for aggregation, sketches for filtering
Sketchguard Node 7:
  Model dim: 1,174,986 → Sketch size: 180
  Compression ratio: 6527.7x
  Using model parameters for aggregation, sketches for filtering
Sketchguard Node 8:
  Model dim: 1,174,986 → Sketch size: 180
  Compression ratio: 6527.7x
  Using model parameters for aggregation, sketches for filtering
Sketchguard Node 9:
  Model dim: 1,174,986 → Sketch size: 180
  Compression ratio: 6527.7x
  Using model parameters for aggregation, sketches for filtering
Sketchguard Node 10:
  Model dim: 1,174,986 → Sketch size: 180
  Compression ratio: 6527.7x
  Using model parameters for aggregation, sketches for filtering
Sketchguard Node 11:
  Model dim: 1,174,986 → Sketch size: 180
  Compression ratio: 6527.7x
  Using model parameters for aggregation, sketches for filtering
Sketchguard Node 12:
  Model dim: 1,174,986 → Sketch size: 180
  Compression ratio: 6527.7x
  Using model parameters for aggregation, sketches for filtering
Sketchguard Node 13:
  Model dim: 1,174,986 → Sketch size: 180
  Compression ratio: 6527.7x
  Using model parameters for aggregation, sketches for filtering
Sketchguard Node 14:
  Model dim: 1,174,986 → Sketch size: 180
  Compression ratio: 6527.7x
  Using model parameters for aggregation, sketches for filtering
Sketchguard Node 15:
  Model dim: 1,174,986 → Sketch size: 180
  Compression ratio: 6527.7x
  Using model parameters for aggregation, sketches for filtering
Sketchguard Node 16:
  Model dim: 1,174,986 → Sketch size: 180
  Compression ratio: 6527.7x
  Using model parameters for aggregation, sketches for filtering
Sketchguard Node 17:
  Model dim: 1,174,986 → Sketch size: 180
  Compression ratio: 6527.7x
  Using model parameters for aggregation, sketches for filtering
Sketchguard Node 18:
  Model dim: 1,174,986 → Sketch size: 180
  Compression ratio: 6527.7x
  Using model parameters for aggregation, sketches for filtering
Sketchguard Node 19:
  Model dim: 1,174,986 → Sketch size: 180
  Compression ratio: 6527.7x
  Using model parameters for aggregation, sketches for filtering
Sketchguard ALGORITHM (Sketch-based Filtering + State Aggregation)
  - Model dimension: 1,174,986 parameters
  - Config: SketchguardConfig(gamma=2, kappa=1, alpha=0.5, min_neighbors=1, sketch_size=180, network_seed=987654321, attack_detection_window=5)
  - Sketch size: 180
  - Compression ratio: 6527.7x
  - Complexity: O(d + N×k) = O(1,174,986 + 20×180)
  - Theoretical speedup vs BALANCE: 19.9x
Initial test acc across nodes: mean=0.4953 ± 0.0174
Round 001: test acc mean=0.5707 ± 0.0376 | min=0.5166 max=0.6254
         : test loss mean=0.6897 ± 0.0007
         : individual accs = ['0.558108', '0.592273', '0.517314', '0.520433', '0.608653', '0.571419', '0.625401', '0.624948', '0.614384', '0.554373', '0.527956', '0.557125', '0.613000', '0.554519', '0.530517', '0.568461', '0.516645', '0.607421', '0.538559', '0.611570']
         : correct/total = [(7943, 14232), (8431, 14235), (7380, 14266), (7399, 14217), (8666, 14238), (8213, 14373), (8972, 14346), (8958, 14334), (8782, 14294), (7968, 14373), (7573, 14344), (7968, 14302), (8799, 14354), (7964, 14362), (7597, 14320), (8183, 14395), (7434, 14389), (8660, 14257), (7675, 14251), (8806, 14399)]
         : compromised: 0.5866, honest: 0.5667
         : sketchguard stats = ['Node 0: acc_rate=0.833', 'Node 1: acc_rate=0.800', 'Node 2: acc_rate=1.000']...
Round 002: test acc mean=0.5830 ± 0.0443 | min=0.4928 max=0.6325
         : test loss mean=0.6897 ± 0.0010
         : individual accs = ['0.602234', '0.613066', '0.610332', '0.600338', '0.608231', '0.506992', '0.540220', '0.632482', '0.618231', '0.617964', '0.605270', '0.621242', '0.502856', '0.592466', '0.492807', '0.595623', '0.609980', '0.576278', '0.606063', '0.506980']
         : correct/total = [(8571, 14232), (8727, 14235), (8707, 14266), (8535, 14217), (8660, 14238), (7287, 14373), (7750, 14346), (9066, 14334), (8837, 14294), (8882, 14373), (8682, 14344), (8885, 14302), (7218, 14354), (8509, 14362), (7057, 14320), (8574, 14395), (8777, 14389), (8216, 14257), (8637, 14251), (7300, 14399)]
         : compromised: 0.5446, honest: 0.5926
         : sketchguard stats = ['Node 0: acc_rate=0.833', 'Node 1: acc_rate=0.800', 'Node 2: acc_rate=1.000']...
Round 003: test acc mean=0.5378 ± 0.0361 | min=0.4949 max=0.6223
         : test loss mean=0.6894 ± 0.0016
         : individual accs = ['0.546374', '0.548367', '0.567503', '0.552930', '0.546495', '0.585334', '0.499791', '0.494907', '0.589618', '0.559243', '0.498397', '0.570060', '0.502856', '0.510166', '0.525140', '0.505314', '0.535409', '0.498422', '0.622272', '0.498090']
         : correct/total = [(7776, 14232), (7806, 14235), (8096, 14266), (7861, 14217), (7781, 14238), (8413, 14373), (7170, 14346), (7094, 14334), (8428, 14294), (8038, 14373), (7149, 14344), (8153, 14302), (7218, 14354), (7327, 14362), (7520, 14320), (7274, 14395), (7704, 14389), (7106, 14257), (8868, 14251), (7172, 14399)]
         : compromised: 0.5242, honest: 0.5412
         : sketchguard stats = ['Node 0: acc_rate=0.833', 'Node 1: acc_rate=0.800', 'Node 2: acc_rate=1.000']...
Round 004: test acc mean=0.5626 ± 0.0414 | min=0.4961 max=0.6321
         : test loss mean=0.6861 ± 0.0025
         : individual accs = ['0.599494', '0.580541', '0.503996', '0.541886', '0.523739', '0.550546', '0.564757', '0.536766', '0.590248', '0.599527', '0.548592', '0.561810', '0.502856', '0.518730', '0.548394', '0.608823', '0.632080', '0.496107', '0.624307', '0.619279']
         : correct/total = [(8532, 14232), (8264, 14235), (7190, 14266), (7704, 14217), (7457, 14238), (7913, 14373), (8102, 14346), (7694, 14334), (8437, 14294), (8617, 14373), (7869, 14344), (8035, 14302), (7218, 14354), (7450, 14362), (7853, 14320), (8764, 14395), (9095, 14389), (7073, 14257), (8897, 14251), (8917, 14399)]
         : compromised: 0.5171, honest: 0.5740
         : sketchguard stats = ['Node 0: acc_rate=0.833', 'Node 1: acc_rate=0.800', 'Node 2: acc_rate=1.000']...
Round 005: test acc mean=0.6140 ± 0.0267 | min=0.5130 max=0.6385
         : test loss mean=0.6767 ± 0.0042
         : individual accs = ['0.620011', '0.632947', '0.615519', '0.610044', '0.635412', '0.634662', '0.631117', '0.621320', '0.622009', '0.599179', '0.628625', '0.619564', '0.513028', '0.597967', '0.600978', '0.634526', '0.622211', '0.600968', '0.600730', '0.638517']
         : correct/total = [(8824, 14232), (9010, 14235), (8781, 14266), (8673, 14217), (9047, 14238), (9122, 14373), (9054, 14346), (8906, 14334), (8891, 14294), (8612, 14373), (9017, 14344), (8861, 14302), (7364, 14354), (8588, 14362), (8606, 14320), (9134, 14395), (8953, 14389), (8568, 14257), (8561, 14251), (9194, 14399)]
         : compromised: 0.5867, honest: 0.6208
         : sketchguard stats = ['Node 0: acc_rate=0.833', 'Node 1: acc_rate=0.800', 'Node 2: acc_rate=1.000']...
Round 006: test acc mean=0.6333 ± 0.0114 | min=0.6024 max=0.6448
         : test loss mean=0.6573 ± 0.0049
         : individual accs = ['0.634486', '0.640464', '0.628067', '0.636703', '0.640539', '0.640367', '0.635857', '0.607228', '0.643697', '0.637445', '0.626325', '0.620892', '0.644838', '0.631180', '0.643645', '0.639805', '0.642505', '0.602441', '0.628166', '0.640600']
         : correct/total = [(9030, 14232), (9117, 14235), (8960, 14266), (9052, 14217), (9120, 14238), (9204, 14373), (9122, 14346), (8704, 14334), (9201, 14294), (9162, 14373), (8984, 14344), (8880, 14302), (9256, 14354), (9065, 14362), (9217, 14320), (9210, 14395), (9245, 14389), (8589, 14257), (8952, 14251), (9224, 14399)]
         : compromised: 0.6297, honest: 0.6342
         : sketchguard stats = ['Node 0: acc_rate=0.833', 'Node 1: acc_rate=0.800', 'Node 2: acc_rate=1.000']...
Round 007: test acc mean=0.6386 ± 0.0113 | min=0.6093 max=0.6499
         : test loss mean=0.6419 ± 0.0062
         : individual accs = ['0.642074', '0.648823', '0.641175', '0.642189', '0.644051', '0.647951', '0.642967', '0.609251', '0.649573', '0.643290', '0.633366', '0.625297', '0.649923', '0.616001', '0.649581', '0.629177', '0.646953', '0.636529', '0.629289', '0.645323']
         : correct/total = [(9138, 14232), (9236, 14235), (9147, 14266), (9130, 14217), (9170, 14238), (9313, 14373), (9224, 14346), (8733, 14334), (9285, 14294), (9246, 14373), (9085, 14344), (8943, 14302), (9329, 14354), (8847, 14362), (9302, 14320), (9057, 14395), (9309, 14389), (9075, 14257), (8968, 14251), (9292, 14399)]
         : compromised: 0.6376, honest: 0.6389
         : sketchguard stats = ['Node 0: acc_rate=0.833', 'Node 1: acc_rate=0.800', 'Node 2: acc_rate=1.000']...
Round 008: test acc mean=0.6472 ± 0.0068 | min=0.6298 max=0.6561
         : test loss mean=0.6321 ± 0.0044
         : individual accs = ['0.648609', '0.634282', '0.629819', '0.650278', '0.646299', '0.654213', '0.651331', '0.645668', '0.656149', '0.649690', '0.646612', '0.654104', '0.646161', '0.645732', '0.646439', '0.647586', '0.653833', '0.636109', '0.645709', '0.655184']
         : correct/total = [(9231, 14232), (9029, 14235), (8985, 14266), (9245, 14217), (9202, 14238), (9403, 14373), (9344, 14346), (9255, 14334), (9379, 14294), (9338, 14373), (9275, 14344), (9355, 14302), (9275, 14354), (9274, 14362), (9257, 14320), (9322, 14395), (9408, 14389), (9069, 14257), (9202, 14251), (9434, 14399)]
         : compromised: 0.6456, honest: 0.6476
         : sketchguard stats = ['Node 0: acc_rate=0.833', 'Node 1: acc_rate=0.800', 'Node 2: acc_rate=1.000']...
Round 009: test acc mean=0.6535 ± 0.0067 | min=0.6317 max=0.6618
         : test loss mean=0.6268 ± 0.0054
         : individual accs = ['0.631675', '0.659080', '0.654984', '0.655483', '0.650021', '0.660962', '0.649658', '0.656411', '0.656639', '0.646560', '0.647030', '0.656202', '0.651595', '0.654714', '0.659567', '0.650782', '0.661756', '0.650908', '0.657287', '0.659629']
         : correct/total = [(8990, 14232), (9382, 14235), (9344, 14266), (9319, 14217), (9255, 14238), (9500, 14373), (9320, 14346), (9409, 14334), (9386, 14294), (9293, 14373), (9281, 14344), (9385, 14302), (9353, 14354), (9403, 14362), (9445, 14320), (9368, 14395), (9522, 14389), (9280, 14257), (9367, 14251), (9498, 14399)]
         : compromised: 0.6545, honest: 0.6533
         : sketchguard stats = ['Node 0: acc_rate=0.833', 'Node 1: acc_rate=0.800', 'Node 2: acc_rate=1.000']...
Round 010: test acc mean=0.6604 ± 0.0091 | min=0.6281 max=0.6717
         : test loss mean=0.6196 ± 0.0072
         : individual accs = ['0.657743', '0.667018', '0.628067', '0.661110', '0.667158', '0.666040', '0.664645', '0.667992', '0.665524', '0.655743', '0.656721', '0.664522', '0.671729', '0.661955', '0.663757', '0.650851', '0.666342', '0.656520', '0.658270', '0.655393']
         : correct/total = [(9361, 14232), (9495, 14235), (8960, 14266), (9399, 14217), (9499, 14238), (9573, 14373), (9535, 14346), (9575, 14334), (9513, 14294), (9425, 14373), (9420, 14344), (9504, 14302), (9642, 14354), (9507, 14362), (9505, 14320), (9369, 14395), (9588, 14389), (9360, 14257), (9381, 14251), (9437, 14399)]
         : compromised: 0.6641, honest: 0.6594
         : sketchguard stats = ['Node 0: acc_rate=0.833', 'Node 1: acc_rate=0.800', 'Node 2: acc_rate=1.000']...

=== FINAL RESULTS ===
Dataset: sent140, Nodes: 20, Graph: erdos, Aggregation: sketchguard
Attack: gaussian, 20.0% compromised
Final accuracy - Compromised: 0.6641, Honest: 0.6594
Overall test accuracy: mean=0.6604 ± 0.0091

=== Sketchguard SUMMARY ===
Node 0: acceptance=0.833
Node 1: acceptance=0.800
Node 2: acceptance=1.000
Node 3: acceptance=0.857
Node 4: acceptance=0.778
Node 5: acceptance=0.800
Node 6: acceptance=0.750
Node 7: acceptance=0.727
Node 8: acceptance=0.571
Node 9: acceptance=1.000
Node 10: acceptance=0.750
Node 11: acceptance=0.750
Node 12: acceptance=0.917
Node 13: acceptance=1.000
Node 14: acceptance=0.714
Node 15: acceptance=0.778
Node 16: acceptance=0.714
Node 17: acceptance=0.875
Node 18: acceptance=0.833
Node 19: acceptance=0.600

=== PARALLEL EXECUTION TIME (realistic for distributed system) ===
  COMMUNICATION (max across nodes):
    - Sketch transfer: 0.000s (0.0%)
    - Model fetch (accepted): 0.000s (0.0%)
  COMPUTATION (max across nodes):
    - Sketching: 0.469s (95.3%)
    - Filtering: 0.001s (0.2%)
    - Aggregation: 0.022s (4.5%)
  TOTALS:
    - Total computation: 0.492s (100.0%)
    - Total communication: 0.000s (0.0%)
    - Total parallel time: 0.492s

=== PER-NODE AVERAGE TIME ===
  - Sketching: 0.349s
  - Filtering: 0.001s
  - Aggregation: 0.016s
  - Sketch transfer: 0.000s
  - Model fetch: 0.000s
  - Total per node: 0.366s

=== TOTAL COMPUTATIONAL WORK (sum across all nodes) ===
  - Total sketching: 6.989s
  - Total filtering: 0.012s
  - Total aggregation: 0.312s
  - Total sketch transfer: 0.000s
  - Total model fetch: 0.000s
  - Grand total: 7.312s
  - Mean acceptance rate: 0.802

Sketchguard Algorithm Properties:
  - Original dimension: 1,174,986
  - Sketch size: 180
  - Compression ratio: 19.9x
  - Single repetition: No repetitions needed
  - Theoretical complexity: O(d + N×k)
  - Approach: Sketch filtering + state aggregation
