Device: cuda
Seed: 987654321
Loading 1 LEAF Sent140 train files...
LEAF Sent140 train: 254555 users, 908652 samples
Building vocabulary (max_size=10000)...
Vocabulary size: 10000
Loading 1 LEAF Sent140 test files...
LEAF Sent140 test: 254555 users, 286281 samples
Found 254555 train users, 254555 test users, 254555 common users
User sample counts range: 494 (max) to 1 (min)
Distributed ALL 254555 users across 20 clients
Users per client: 12727 (with 15 clients getting +1 user)
Train partition sizes: [44353, 44290, 44657, 44907, 44696, 45843, 45801, 45619, 45069, 45639, 45821, 45311, 45779, 46056, 45625, 45984, 46428, 44737, 45540, 46497]
Test partition sizes: [14232, 14235, 14266, 14217, 14238, 14373, 14346, 14334, 14294, 14373, 14344, 14302, 14354, 14362, 14320, 14395, 14389, 14257, 14251, 14399]
  Client 0: 44353 train samples, 2 unique classes
  Client 1: 44290 train samples, 2 unique classes
  Client 2: 44657 train samples, 2 unique classes
  Client 3: 44907 train samples, 2 unique classes
  Client 4: 44696 train samples, 2 unique classes
  Client 5: 45843 train samples, 2 unique classes
  Client 6: 45801 train samples, 2 unique classes
  Client 7: 45619 train samples, 2 unique classes
  Client 8: 45069 train samples, 2 unique classes
  Client 9: 45639 train samples, 2 unique classes
  Client 10: 45821 train samples, 2 unique classes
  Client 11: 45311 train samples, 2 unique classes
  Client 12: 45779 train samples, 2 unique classes
  Client 13: 46056 train samples, 2 unique classes
  Client 14: 45625 train samples, 2 unique classes
  Client 15: 45984 train samples, 2 unique classes
  Client 16: 46428 train samples, 2 unique classes
  Client 17: 44737 train samples, 2 unique classes
  Client 18: 45540 train samples, 2 unique classes
  Client 19: 46497 train samples, 2 unique classes
Will sample 4500 samples per client per epoch
Graph: ring, nodes: 20, edges: 20
Degree statistics: avg=2.00, min=2, max=2
Attack: Compromised 4/20 nodes: [5, 12, 13, 17]
Attack type: gaussian, lambda: 1.0
Model variant: baseline
Model parameters: 1,174,986
Sketchguard Node 0:
  Model dim: 1,174,986 → Sketch size: 180
  Compression ratio: 6527.7x
  Using model parameters for aggregation, sketches for filtering
Sketchguard Node 1:
  Model dim: 1,174,986 → Sketch size: 180
  Compression ratio: 6527.7x
  Using model parameters for aggregation, sketches for filtering
Sketchguard Node 2:
  Model dim: 1,174,986 → Sketch size: 180
  Compression ratio: 6527.7x
  Using model parameters for aggregation, sketches for filtering
Sketchguard Node 3:
  Model dim: 1,174,986 → Sketch size: 180
  Compression ratio: 6527.7x
  Using model parameters for aggregation, sketches for filtering
Sketchguard Node 4:
  Model dim: 1,174,986 → Sketch size: 180
  Compression ratio: 6527.7x
  Using model parameters for aggregation, sketches for filtering
Sketchguard Node 5:
  Model dim: 1,174,986 → Sketch size: 180
  Compression ratio: 6527.7x
  Using model parameters for aggregation, sketches for filtering
Sketchguard Node 6:
  Model dim: 1,174,986 → Sketch size: 180
  Compression ratio: 6527.7x
  Using model parameters for aggregation, sketches for filtering
Sketchguard Node 7:
  Model dim: 1,174,986 → Sketch size: 180
  Compression ratio: 6527.7x
  Using model parameters for aggregation, sketches for filtering
Sketchguard Node 8:
  Model dim: 1,174,986 → Sketch size: 180
  Compression ratio: 6527.7x
  Using model parameters for aggregation, sketches for filtering
Sketchguard Node 9:
  Model dim: 1,174,986 → Sketch size: 180
  Compression ratio: 6527.7x
  Using model parameters for aggregation, sketches for filtering
Sketchguard Node 10:
  Model dim: 1,174,986 → Sketch size: 180
  Compression ratio: 6527.7x
  Using model parameters for aggregation, sketches for filtering
Sketchguard Node 11:
  Model dim: 1,174,986 → Sketch size: 180
  Compression ratio: 6527.7x
  Using model parameters for aggregation, sketches for filtering
Sketchguard Node 12:
  Model dim: 1,174,986 → Sketch size: 180
  Compression ratio: 6527.7x
  Using model parameters for aggregation, sketches for filtering
Sketchguard Node 13:
  Model dim: 1,174,986 → Sketch size: 180
  Compression ratio: 6527.7x
  Using model parameters for aggregation, sketches for filtering
Sketchguard Node 14:
  Model dim: 1,174,986 → Sketch size: 180
  Compression ratio: 6527.7x
  Using model parameters for aggregation, sketches for filtering
Sketchguard Node 15:
  Model dim: 1,174,986 → Sketch size: 180
  Compression ratio: 6527.7x
  Using model parameters for aggregation, sketches for filtering
Sketchguard Node 16:
  Model dim: 1,174,986 → Sketch size: 180
  Compression ratio: 6527.7x
  Using model parameters for aggregation, sketches for filtering
Sketchguard Node 17:
  Model dim: 1,174,986 → Sketch size: 180
  Compression ratio: 6527.7x
  Using model parameters for aggregation, sketches for filtering
Sketchguard Node 18:
  Model dim: 1,174,986 → Sketch size: 180
  Compression ratio: 6527.7x
  Using model parameters for aggregation, sketches for filtering
Sketchguard Node 19:
  Model dim: 1,174,986 → Sketch size: 180
  Compression ratio: 6527.7x
  Using model parameters for aggregation, sketches for filtering
Sketchguard ALGORITHM (Sketch-based Filtering + State Aggregation)
  - Model dimension: 1,174,986 parameters
  - Config: SketchguardConfig(gamma=2, kappa=1, alpha=0.5, min_neighbors=1, sketch_size=180, network_seed=987654321, attack_detection_window=5)
  - Sketch size: 180
  - Compression ratio: 6527.7x
  - Complexity: O(d + N×k) = O(1,174,986 + 20×180)
  - Theoretical speedup vs BALANCE: 19.9x
Initial test acc across nodes: mean=0.4965 ± 0.0152
Round 001: test acc mean=0.5293 ± 0.0184 | min=0.4980 max=0.5627
         : test loss mean=0.6917 ± 0.0012
         : individual accs = ['0.511031', '0.553495', '0.515211', '0.554407', '0.517980', '0.509288', '0.562666', '0.526441', '0.518679', '0.540110', '0.498048', '0.533562', '0.505713', '0.549993', '0.524860', '0.540396', '0.513239', '0.521218', '0.533226', '0.555941']
         : correct/total = [(7273, 14232), (7879, 14235), (7350, 14266), (7882, 14217), (7375, 14238), (7320, 14373), (8072, 14346), (7546, 14334), (7414, 14294), (7763, 14373), (7144, 14344), (7631, 14302), (7259, 14354), (7899, 14362), (7516, 14320), (7779, 14395), (7385, 14389), (7431, 14257), (7599, 14251), (8005, 14399)]
         : compromised: 0.5216, honest: 0.5312
         : sketchguard stats = ['Node 0: acc_rate=1.000', 'Node 1: acc_rate=1.000', 'Node 2: acc_rate=1.000']...
Round 002: test acc mean=0.5302 ± 0.0332 | min=0.4871 max=0.6049
         : test loss mean=0.6894 ± 0.0035
         : individual accs = ['0.491779', '0.506849', '0.487102', '0.502497', '0.526197', '0.493843', '0.604907', '0.554974', '0.488737', '0.497739', '0.534788', '0.568592', '0.590219', '0.547486', '0.531075', '0.528656', '0.535131', '0.507400', '0.560803', '0.545871']
         : correct/total = [(6999, 14232), (7215, 14235), (6949, 14266), (7144, 14217), (7492, 14238), (7098, 14373), (8678, 14346), (7955, 14334), (6986, 14294), (7154, 14373), (7671, 14344), (8132, 14302), (8472, 14354), (7863, 14362), (7605, 14320), (7610, 14395), (7700, 14389), (7234, 14257), (7992, 14251), (7860, 14399)]
         : compromised: 0.5347, honest: 0.5291
         : sketchguard stats = ['Node 0: acc_rate=1.000', 'Node 1: acc_rate=1.000', 'Node 2: acc_rate=1.000']...
Round 003: test acc mean=0.5395 ± 0.0405 | min=0.4860 max=0.6085
         : test loss mean=0.6869 ± 0.0057
         : individual accs = ['0.489320', '0.486547', '0.485981', '0.523106', '0.563984', '0.493843', '0.604350', '0.561113', '0.488597', '0.493425', '0.525098', '0.555866', '0.608541', '0.572553', '0.566061', '0.557416', '0.547988', '0.503191', '0.587959', '0.574970']
         : correct/total = [(6964, 14232), (6926, 14235), (6933, 14266), (7437, 14217), (8030, 14238), (7098, 14373), (8670, 14346), (8043, 14334), (6984, 14294), (7092, 14373), (7532, 14344), (7950, 14302), (8735, 14354), (8223, 14362), (8106, 14320), (8024, 14395), (7885, 14389), (7174, 14257), (8379, 14251), (8279, 14399)]
         : compromised: 0.5445, honest: 0.5382
         : sketchguard stats = ['Node 0: acc_rate=1.000', 'Node 1: acc_rate=1.000', 'Node 2: acc_rate=1.000']...
Round 004: test acc mean=0.5582 ± 0.0462 | min=0.4870 max=0.6138
         : test loss mean=0.6832 ± 0.0083
         : individual accs = ['0.506324', '0.486969', '0.493271', '0.560596', '0.579154', '0.493843', '0.606371', '0.586438', '0.489436', '0.494121', '0.557097', '0.581947', '0.609795', '0.598454', '0.590712', '0.592011', '0.588227', '0.528723', '0.606063', '0.613793']
         : correct/total = [(7206, 14232), (6932, 14235), (7037, 14266), (7970, 14217), (8246, 14238), (7098, 14373), (8699, 14346), (8406, 14334), (6996, 14294), (7102, 14373), (7991, 14344), (8323, 14302), (8753, 14354), (8595, 14362), (8459, 14320), (8522, 14395), (8464, 14389), (7538, 14257), (8637, 14251), (8838, 14399)]
         : compromised: 0.5577, honest: 0.5583
         : sketchguard stats = ['Node 0: acc_rate=1.000', 'Node 1: acc_rate=1.000', 'Node 2: acc_rate=1.000']...
Round 005: test acc mean=0.5641 ± 0.0503 | min=0.4863 max=0.6227
         : test loss mean=0.6795 ± 0.0112
         : individual accs = ['0.508291', '0.486266', '0.489065', '0.572484', '0.591024', '0.493843', '0.622682', '0.616995', '0.493983', '0.493843', '0.559607', '0.580618', '0.610771', '0.611057', '0.600070', '0.602015', '0.600876', '0.530687', '0.606484', '0.612126']
         : correct/total = [(7234, 14232), (6922, 14235), (6977, 14266), (8139, 14217), (8415, 14238), (7098, 14373), (8933, 14346), (8844, 14334), (7061, 14294), (7098, 14373), (8027, 14344), (8304, 14302), (8767, 14354), (8776, 14362), (8593, 14320), (8666, 14395), (8646, 14389), (7566, 14257), (8643, 14251), (8814, 14399)]
         : compromised: 0.5616, honest: 0.5648
         : sketchguard stats = ['Node 0: acc_rate=1.000', 'Node 1: acc_rate=1.000', 'Node 2: acc_rate=1.000']...
Round 006: test acc mean=0.5753 ± 0.0464 | min=0.4863 max=0.6225
         : test loss mean=0.6757 ± 0.0133
         : individual accs = ['0.525436', '0.486266', '0.505257', '0.584089', '0.595870', '0.493843', '0.622473', '0.620064', '0.526165', '0.508732', '0.603876', '0.602643', '0.610840', '0.615095', '0.600349', '0.605141', '0.606366', '0.570597', '0.611326', '0.611501']
         : correct/total = [(7478, 14232), (6922, 14235), (7208, 14266), (8304, 14217), (8484, 14238), (7098, 14373), (8930, 14346), (8888, 14334), (7521, 14294), (7312, 14373), (8662, 14344), (8619, 14302), (8768, 14354), (8834, 14362), (8597, 14320), (8711, 14395), (8725, 14389), (8135, 14257), (8712, 14251), (8805, 14399)]
         : compromised: 0.5726, honest: 0.5760
         : sketchguard stats = ['Node 0: acc_rate=1.000', 'Node 1: acc_rate=1.000', 'Node 2: acc_rate=1.000']...
Round 007: test acc mean=0.5923 ± 0.0392 | min=0.4917 max=0.6225
         : test loss mean=0.6712 ± 0.0152
         : individual accs = ['0.604132', '0.491675', '0.531403', '0.599001', '0.606195', '0.585403', '0.622543', '0.619087', '0.531412', '0.516107', '0.607920', '0.607677', '0.617737', '0.620178', '0.616271', '0.620841', '0.618042', '0.591569', '0.617360', '0.620668']
         : correct/total = [(8598, 14232), (6999, 14235), (7581, 14266), (8516, 14217), (8631, 14238), (8414, 14373), (8931, 14346), (8874, 14334), (7596, 14294), (7418, 14373), (8720, 14344), (8691, 14302), (8867, 14354), (8907, 14362), (8825, 14320), (8937, 14395), (8893, 14389), (8434, 14257), (8798, 14251), (8937, 14399)]
         : compromised: 0.6037, honest: 0.5894
         : sketchguard stats = ['Node 0: acc_rate=1.000', 'Node 1: acc_rate=1.000', 'Node 2: acc_rate=1.000']...
Round 008: test acc mean=0.6035 ± 0.0344 | min=0.4878 max=0.6312
         : test loss mean=0.6659 ± 0.0156
         : individual accs = ['0.587057', '0.487812', '0.542198', '0.610115', '0.612375', '0.611563', '0.630001', '0.624738', '0.582902', '0.571975', '0.614264', '0.611173', '0.620245', '0.627628', '0.624651', '0.631191', '0.623462', '0.608964', '0.621781', '0.626085']
         : correct/total = [(8355, 14232), (6944, 14235), (7735, 14266), (8674, 14217), (8719, 14238), (8790, 14373), (9038, 14346), (8955, 14334), (8332, 14294), (8221, 14373), (8811, 14344), (8741, 14302), (8903, 14354), (9014, 14362), (8945, 14320), (9086, 14395), (8971, 14389), (8682, 14257), (8861, 14251), (9015, 14399)]
         : compromised: 0.6171, honest: 0.6001
         : sketchguard stats = ['Node 0: acc_rate=1.000', 'Node 1: acc_rate=1.000', 'Node 2: acc_rate=1.000']...
Round 009: test acc mean=0.6105 ± 0.0274 | min=0.5200 max=0.6358
         : test loss mean=0.6607 ± 0.0152
         : individual accs = ['0.607083', '0.519986', '0.587060', '0.611943', '0.615747', '0.617199', '0.630350', '0.629552', '0.580173', '0.565853', '0.611754', '0.612572', '0.623589', '0.632851', '0.625279', '0.635846', '0.629439', '0.619275', '0.624798', '0.629071']
         : correct/total = [(8640, 14232), (7402, 14235), (8375, 14266), (8700, 14217), (8767, 14238), (8871, 14373), (9043, 14346), (9024, 14334), (8293, 14294), (8133, 14373), (8775, 14344), (8761, 14302), (8951, 14354), (9089, 14362), (8954, 14320), (9153, 14395), (9057, 14389), (8829, 14257), (8904, 14251), (9058, 14399)]
         : compromised: 0.6232, honest: 0.6073
         : sketchguard stats = ['Node 0: acc_rate=1.000', 'Node 1: acc_rate=1.000', 'Node 2: acc_rate=1.000']...
Round 010: test acc mean=0.6233 ± 0.0121 | min=0.5823 max=0.6418
         : test loss mean=0.6558 ± 0.0142
         : individual accs = ['0.620784', '0.582297', '0.609701', '0.617289', '0.616941', '0.625896', '0.633766', '0.629552', '0.618861', '0.619217', '0.620259', '0.619004', '0.629859', '0.635914', '0.632332', '0.641751', '0.630482', '0.623623', '0.626763', '0.632683']
         : correct/total = [(8835, 14232), (8289, 14235), (8698, 14266), (8776, 14217), (8784, 14238), (8996, 14373), (9092, 14346), (9024, 14334), (8846, 14294), (8900, 14373), (8897, 14344), (8853, 14302), (9041, 14354), (9133, 14362), (9055, 14320), (9238, 14395), (9072, 14389), (8891, 14257), (8932, 14251), (9110, 14399)]
         : compromised: 0.6288, honest: 0.6220
         : sketchguard stats = ['Node 0: acc_rate=1.000', 'Node 1: acc_rate=1.000', 'Node 2: acc_rate=1.000']...

=== FINAL RESULTS ===
Dataset: sent140, Nodes: 20, Graph: ring, Aggregation: sketchguard
Attack: gaussian, 20.0% compromised
Final accuracy - Compromised: 0.6288, Honest: 0.6220
Overall test accuracy: mean=0.6233 ± 0.0121

=== Sketchguard SUMMARY ===
Node 0: acceptance=1.000
Node 1: acceptance=1.000
Node 2: acceptance=1.000
Node 3: acceptance=1.000
Node 4: acceptance=0.500
Node 5: acceptance=0.750
Node 6: acceptance=0.500
Node 7: acceptance=1.000
Node 8: acceptance=1.000
Node 9: acceptance=1.000
Node 10: acceptance=1.000
Node 11: acceptance=0.500
Node 12: acceptance=0.500
Node 13: acceptance=0.500
Node 14: acceptance=0.500
Node 15: acceptance=1.000
Node 16: acceptance=0.500
Node 17: acceptance=0.800
Node 18: acceptance=0.500
Node 19: acceptance=1.000

=== PARALLEL EXECUTION TIME (realistic for distributed system) ===
  COMMUNICATION (max across nodes):
    - Sketch transfer: 0.000s (0.0%)
    - Model fetch (accepted): 0.000s (0.0%)
  COMPUTATION (max across nodes):
    - Sketching: 0.215s (95.4%)
    - Filtering: 0.001s (0.3%)
    - Aggregation: 0.010s (4.3%)
  TOTALS:
    - Total computation: 0.226s (100.0%)
    - Total communication: 0.000s (0.0%)
    - Total parallel time: 0.226s

=== PER-NODE AVERAGE TIME ===
  - Sketching: 0.159s
  - Filtering: 0.000s
  - Aggregation: 0.006s
  - Sketch transfer: 0.000s
  - Model fetch: 0.000s
  - Total per node: 0.166s

=== TOTAL COMPUTATIONAL WORK (sum across all nodes) ===
  - Total sketching: 3.188s
  - Total filtering: 0.006s
  - Total aggregation: 0.121s
  - Total sketch transfer: 0.000s
  - Total model fetch: 0.000s
  - Grand total: 3.315s
  - Mean acceptance rate: 0.778

Sketchguard Algorithm Properties:
  - Original dimension: 1,174,986
  - Sketch size: 180
  - Compression ratio: 19.9x
  - Single repetition: No repetitions needed
  - Theoretical complexity: O(d + N×k)
  - Approach: Sketch filtering + state aggregation
