Device: cuda
Seed: 987654321
Loading 1 LEAF Sent140 train files...
LEAF Sent140 train: 254555 users, 908652 samples
Building vocabulary (max_size=10000)...
Vocabulary size: 10000
Loading 1 LEAF Sent140 test files...
LEAF Sent140 test: 254555 users, 286281 samples
Found 254555 train users, 254555 test users, 254555 common users
User sample counts range: 494 (max) to 1 (min)
Distributed ALL 254555 users across 20 clients
Users per client: 12727 (with 15 clients getting +1 user)
Train partition sizes: [44353, 44290, 44657, 44907, 44696, 45843, 45801, 45619, 45069, 45639, 45821, 45311, 45779, 46056, 45625, 45984, 46428, 44737, 45540, 46497]
Test partition sizes: [14232, 14235, 14266, 14217, 14238, 14373, 14346, 14334, 14294, 14373, 14344, 14302, 14354, 14362, 14320, 14395, 14389, 14257, 14251, 14399]
  Client 0: 44353 train samples, 2 unique classes
  Client 1: 44290 train samples, 2 unique classes
  Client 2: 44657 train samples, 2 unique classes
  Client 3: 44907 train samples, 2 unique classes
  Client 4: 44696 train samples, 2 unique classes
  Client 5: 45843 train samples, 2 unique classes
  Client 6: 45801 train samples, 2 unique classes
  Client 7: 45619 train samples, 2 unique classes
  Client 8: 45069 train samples, 2 unique classes
  Client 9: 45639 train samples, 2 unique classes
  Client 10: 45821 train samples, 2 unique classes
  Client 11: 45311 train samples, 2 unique classes
  Client 12: 45779 train samples, 2 unique classes
  Client 13: 46056 train samples, 2 unique classes
  Client 14: 45625 train samples, 2 unique classes
  Client 15: 45984 train samples, 2 unique classes
  Client 16: 46428 train samples, 2 unique classes
  Client 17: 44737 train samples, 2 unique classes
  Client 18: 45540 train samples, 2 unique classes
  Client 19: 46497 train samples, 2 unique classes
Will sample 4500 samples per client per epoch
Graph: erdos, nodes: 20, edges: 48
Degree statistics: avg=4.80, min=2, max=7
Attack: Compromised 6/20 nodes: [5, 12, 13, 14, 17, 18]
Attack type: gaussian, lambda: 1.0
Model variant: baseline
Model parameters: 1,174,986
Initial test acc across nodes: mean=0.4953 ± 0.0174
Round 001: test acc mean=0.6339 ± 0.0291 | min=0.5144 max=0.6600
         : test loss mean=0.6351 ± 0.0148
         : individual accs = ['0.612493', '0.647489', '0.638511', '0.643947', '0.645034', '0.640785', '0.654120', '0.648737', '0.630125', '0.514367', '0.643196', '0.643197', '0.633273', '0.642250', '0.632751', '0.635568', '0.660018', '0.640878', '0.641429', '0.630738']
         : correct/total = [(8717, 14232), (9217, 14235), (9109, 14266), (9155, 14217), (9184, 14238), (9210, 14373), (9384, 14346), (9299, 14334), (9007, 14294), (7393, 14373), (9226, 14344), (9199, 14302), (9090, 14354), (9224, 14362), (9061, 14320), (9149, 14395), (9497, 14389), (9137, 14257), (9141, 14251), (9082, 14399)]
         : compromised: 0.6386, honest: 0.6320
Round 002: test acc mean=0.6506 ± 0.0176 | min=0.5987 max=0.6670
         : test loss mean=0.6245 ± 0.0174
         : individual accs = ['0.612774', '0.649034', '0.641315', '0.657874', '0.660978', '0.660196', '0.648473', '0.627878', '0.656359', '0.598692', '0.656860', '0.650399', '0.663578', '0.659170', '0.658799', '0.663077', '0.665161', '0.664025', '0.649709', '0.666991']
         : correct/total = [(8721, 14232), (9239, 14235), (9149, 14266), (9353, 14217), (9411, 14238), (9489, 14373), (9303, 14346), (9000, 14334), (9382, 14294), (8605, 14373), (9422, 14344), (9302, 14302), (9525, 14354), (9467, 14362), (9434, 14320), (9545, 14395), (9571, 14389), (9467, 14257), (9259, 14251), (9604, 14399)]
         : compromised: 0.6592, honest: 0.6468
Round 003: test acc mean=0.6582 ± 0.0229 | min=0.5941 max=0.6781
         : test loss mean=0.6162 ± 0.0211
         : individual accs = ['0.634134', '0.677274', '0.657928', '0.674052', '0.663787', '0.672024', '0.678098', '0.666736', '0.670071', '0.649064', '0.671431', '0.664033', '0.599415', '0.671355', '0.660545', '0.675373', '0.594065', '0.664095', '0.653217', '0.666505']
         : correct/total = [(9025, 14232), (9641, 14235), (9386, 14266), (9583, 14217), (9451, 14238), (9659, 14373), (9728, 14346), (9557, 14334), (9578, 14294), (9329, 14373), (9631, 14344), (9497, 14302), (8604, 14354), (9642, 14362), (9459, 14320), (9722, 14395), (8548, 14389), (9468, 14257), (9309, 14251), (9597, 14399)]
         : compromised: 0.6534, honest: 0.6602
Round 004: test acc mean=0.6687 ± 0.0176 | min=0.6360 max=0.6927
         : test loss mean=0.6046 ± 0.0186
         : individual accs = ['0.643620', '0.674113', '0.684845', '0.683548', '0.671162', '0.673763', '0.665621', '0.672597', '0.688121', '0.668893', '0.668921', '0.692700', '0.641424', '0.687300', '0.641131', '0.666342', '0.644659', '0.636038', '0.681145', '0.688451']
         : correct/total = [(9160, 14232), (9596, 14235), (9770, 14266), (9718, 14217), (9556, 14238), (9684, 14373), (9549, 14346), (9641, 14334), (9836, 14294), (9614, 14373), (9595, 14344), (9907, 14302), (9207, 14354), (9871, 14362), (9181, 14320), (9592, 14395), (9276, 14389), (9068, 14257), (9707, 14251), (9913, 14399)]
         : compromised: 0.6601, honest: 0.6724
Round 005: test acc mean=0.6787 ± 0.0206 | min=0.6369 max=0.7027
         : test loss mean=0.5944 ± 0.0231
         : individual accs = ['0.645798', '0.699122', '0.687999', '0.687839', '0.688299', '0.687470', '0.687718', '0.687526', '0.695607', '0.686774', '0.682236', '0.693330', '0.647903', '0.694332', '0.639316', '0.686419', '0.651817', '0.636880', '0.684724', '0.702688']
         : correct/total = [(9191, 14232), (9952, 14235), (9815, 14266), (9779, 14217), (9800, 14238), (9881, 14373), (9866, 14346), (9855, 14334), (9943, 14294), (9871, 14373), (9786, 14344), (9916, 14302), (9300, 14354), (9972, 14362), (9155, 14320), (9881, 14395), (9379, 14389), (9080, 14257), (9758, 14251), (10118, 14399)]
         : compromised: 0.6651, honest: 0.6845
Round 006: test acc mean=0.6906 ± 0.0154 | min=0.6621 max=0.7085
         : test loss mean=0.5807 ± 0.0151
         : individual accs = ['0.693227', '0.708254', '0.695710', '0.686783', '0.708456', '0.684687', '0.708072', '0.708386', '0.704072', '0.702985', '0.676102', '0.685219', '0.671102', '0.679571', '0.662081', '0.704967', '0.665647', '0.667602', '0.697355', '0.702271']
         : correct/total = [(9866, 14232), (10082, 14235), (9925, 14266), (9764, 14217), (10087, 14238), (9841, 14373), (10158, 14346), (10154, 14334), (10064, 14294), (10104, 14373), (9698, 14344), (9800, 14302), (9633, 14354), (9760, 14362), (9481, 14320), (10148, 14395), (9578, 14389), (9518, 14257), (9938, 14251), (10112, 14399)]
         : compromised: 0.6771, honest: 0.6964
Round 007: test acc mean=0.6930 ± 0.0165 | min=0.6648 max=0.7138
         : test loss mean=0.5789 ± 0.0209
         : individual accs = ['0.696529', '0.690903', '0.705454', '0.709784', '0.668001', '0.708620', '0.704099', '0.669108', '0.705121', '0.713769', '0.665365', '0.710180', '0.699387', '0.711113', '0.664804', '0.697603', '0.672875', '0.678614', '0.696583', '0.691506']
         : correct/total = [(9913, 14232), (9835, 14235), (10064, 14266), (10091, 14217), (9511, 14238), (10185, 14373), (10101, 14346), (9591, 14334), (10079, 14294), (10259, 14373), (9544, 14344), (10157, 14302), (10039, 14354), (10213, 14362), (9520, 14320), (10042, 14395), (9682, 14389), (9675, 14257), (9927, 14251), (9957, 14399)]
         : compromised: 0.6932, honest: 0.6929
Round 008: test acc mean=0.7041 ± 0.0137 | min=0.6760 max=0.7217
         : test loss mean=0.5661 ± 0.0152
         : individual accs = ['0.714095', '0.719424', '0.693046', '0.717732', '0.699607', '0.699019', '0.713160', '0.705107', '0.709528', '0.717874', '0.700920', '0.721717', '0.698969', '0.716683', '0.675978', '0.709830', '0.684551', '0.680859', '0.686268', '0.718314']
         : correct/total = [(10163, 14232), (10241, 14235), (9887, 14266), (10204, 14217), (9961, 14238), (10047, 14373), (10231, 14346), (10107, 14334), (10142, 14294), (10318, 14373), (10054, 14344), (10322, 14302), (10033, 14354), (10293, 14362), (9680, 14320), (10218, 14395), (9850, 14389), (9707, 14257), (9780, 14251), (10343, 14399)]
         : compromised: 0.6930, honest: 0.7089
Round 009: test acc mean=0.7062 ± 0.0117 | min=0.6822 max=0.7263
         : test loss mean=0.5625 ± 0.0157
         : individual accs = ['0.699902', '0.707271', '0.713445', '0.712809', '0.726296', '0.705837', '0.700962', '0.702386', '0.715405', '0.715995', '0.701687', '0.713397', '0.682179', '0.721418', '0.687430', '0.696422', '0.691987', '0.693835', '0.715038', '0.720328']
         : correct/total = [(9961, 14232), (10068, 14235), (10178, 14266), (10134, 14217), (10341, 14238), (10145, 14373), (10056, 14346), (10068, 14334), (10226, 14294), (10291, 14373), (10065, 14344), (10203, 14302), (9792, 14354), (10361, 14362), (9844, 14320), (10025, 14395), (9957, 14389), (9892, 14257), (10190, 14251), (10372, 14399)]
         : compromised: 0.7010, honest: 0.7084
Round 010: test acc mean=0.7077 ± 0.0189 | min=0.6676 max=0.7267
         : test loss mean=0.5600 ± 0.0211
         : individual accs = ['0.715219', '0.715490', '0.667601', '0.717662', '0.724610', '0.719822', '0.704378', '0.719269', '0.717014', '0.726710', '0.720998', '0.722976', '0.715828', '0.722601', '0.670182', '0.699757', '0.673014', '0.678053', '0.711880', '0.710258']
         : correct/total = [(10179, 14232), (10185, 14235), (9524, 14266), (10203, 14217), (10317, 14238), (10346, 14373), (10105, 14346), (10310, 14334), (10249, 14294), (10445, 14373), (10342, 14344), (10340, 14302), (10275, 14354), (10378, 14362), (9597, 14320), (10073, 14395), (9684, 14389), (9667, 14257), (10145, 14251), (10227, 14399)]
         : compromised: 0.7031, honest: 0.7096

=== FINAL RESULTS ===
Dataset: sent140, Nodes: 20, Graph: erdos, Aggregation: krum
Attack: gaussian, 30.0% compromised
Final accuracy - Compromised: 0.7031, Honest: 0.7096
Overall test accuracy: mean=0.7077 ± 0.0189
