Device: cuda
Seed: 987654321
Loading 1 LEAF Sent140 train files...
LEAF Sent140 train: 254555 users, 908652 samples
Building vocabulary (max_size=10000)...
Vocabulary size: 10000
Loading 1 LEAF Sent140 test files...
LEAF Sent140 test: 254555 users, 286281 samples
Found 254555 train users, 254555 test users, 254555 common users
User sample counts range: 494 (max) to 1 (min)
Distributed ALL 254555 users across 20 clients
Users per client: 12727 (with 15 clients getting +1 user)
Train partition sizes: [44353, 44290, 44657, 44907, 44696, 45843, 45801, 45619, 45069, 45639, 45821, 45311, 45779, 46056, 45625, 45984, 46428, 44737, 45540, 46497]
Test partition sizes: [14232, 14235, 14266, 14217, 14238, 14373, 14346, 14334, 14294, 14373, 14344, 14302, 14354, 14362, 14320, 14395, 14389, 14257, 14251, 14399]
  Client 0: 44353 train samples, 2 unique classes
  Client 1: 44290 train samples, 2 unique classes
  Client 2: 44657 train samples, 2 unique classes
  Client 3: 44907 train samples, 2 unique classes
  Client 4: 44696 train samples, 2 unique classes
  Client 5: 45843 train samples, 2 unique classes
  Client 6: 45801 train samples, 2 unique classes
  Client 7: 45619 train samples, 2 unique classes
  Client 8: 45069 train samples, 2 unique classes
  Client 9: 45639 train samples, 2 unique classes
  Client 10: 45821 train samples, 2 unique classes
  Client 11: 45311 train samples, 2 unique classes
  Client 12: 45779 train samples, 2 unique classes
  Client 13: 46056 train samples, 2 unique classes
  Client 14: 45625 train samples, 2 unique classes
  Client 15: 45984 train samples, 2 unique classes
  Client 16: 46428 train samples, 2 unique classes
  Client 17: 44737 train samples, 2 unique classes
  Client 18: 45540 train samples, 2 unique classes
  Client 19: 46497 train samples, 2 unique classes
Will sample 4500 samples per client per epoch
Graph: erdos, nodes: 20, edges: 126
Degree statistics: avg=12.60, min=8, max=16
Attack: Compromised 6/20 nodes: [5, 12, 13, 14, 17, 18]
Attack type: gaussian, lambda: 1.0
Model variant: baseline
Model parameters: 1,174,986
Initial test acc across nodes: mean=0.4965 ± 0.0152
Round 001: test acc mean=0.5019 ± 0.0062 | min=0.4892 max=0.5152
         : test loss mean=94.8614 ± 50.7720
         : individual accs = ['0.495714', '0.505093', '0.507010', '0.501301', '0.499087', '0.505810', '0.496724', '0.500977', '0.508535', '0.502400', '0.509272', '0.492449', '0.503135', '0.511141', '0.489176', '0.515179', '0.499479', '0.499053', '0.498351', '0.498160']
         : correct/total = [(7055, 14232), (7190, 14235), (7233, 14266), (7127, 14217), (7106, 14238), (7270, 14373), (7126, 14346), (7181, 14334), (7269, 14294), (7221, 14373), (7305, 14344), (7043, 14302), (7222, 14354), (7341, 14362), (7005, 14320), (7416, 14395), (7187, 14389), (7115, 14257), (7102, 14251), (7173, 14399)]
         : compromised: 0.5011, honest: 0.5022
Round 002: test acc mean=0.5015 ± 0.0071 | min=0.4800 max=0.5150
         : test loss mean=90.8797 ± 42.1091
         : individual accs = ['0.494098', '0.506217', '0.505397', '0.501231', '0.479983', '0.499130', '0.497560', '0.503837', '0.510774', '0.504140', '0.500558', '0.495036', '0.515048', '0.498677', '0.504888', '0.502258', '0.500104', '0.500807', '0.510701', '0.499826']
         : correct/total = [(7032, 14232), (7206, 14235), (7210, 14266), (7126, 14217), (6834, 14238), (7174, 14373), (7138, 14346), (7222, 14334), (7301, 14294), (7246, 14373), (7180, 14344), (7080, 14302), (7393, 14354), (7162, 14362), (7230, 14320), (7230, 14395), (7196, 14389), (7140, 14257), (7278, 14251), (7197, 14399)]
         : compromised: 0.5049, honest: 0.5001
Round 003: test acc mean=0.4992 ± 0.0061 | min=0.4903 max=0.5161
         : test loss mean=96.7139 ± 49.5748
         : individual accs = ['0.500070', '0.496031', '0.495584', '0.516143', '0.501967', '0.498504', '0.495957', '0.504814', '0.491675', '0.495582', '0.496026', '0.504894', '0.500000', '0.511419', '0.490293', '0.492810', '0.498575', '0.496809', '0.500175', '0.497604']
         : correct/total = [(7117, 14232), (7061, 14235), (7070, 14266), (7338, 14217), (7147, 14238), (7165, 14373), (7115, 14346), (7236, 14334), (7028, 14294), (7123, 14373), (7115, 14344), (7221, 14302), (7177, 14354), (7345, 14362), (7021, 14320), (7094, 14395), (7174, 14389), (7083, 14257), (7128, 14251), (7165, 14399)]
         : compromised: 0.4995, honest: 0.4991
Round 004: test acc mean=0.5017 ± 0.0078 | min=0.4799 max=0.5139
         : test loss mean=106.0249 ± 49.2109
         : individual accs = ['0.498524', '0.498560', '0.512828', '0.502849', '0.513906', '0.479928', '0.498606', '0.500209', '0.495453', '0.500800', '0.500767', '0.508810', '0.494914', '0.508843', '0.498464', '0.511705', '0.508166', '0.504524', '0.503684', '0.492673']
         : correct/total = [(7095, 14232), (7097, 14235), (7316, 14266), (7149, 14217), (7317, 14238), (6898, 14373), (7153, 14346), (7170, 14334), (7082, 14294), (7198, 14373), (7183, 14344), (7277, 14302), (7104, 14354), (7308, 14362), (7138, 14320), (7366, 14395), (7312, 14389), (7193, 14257), (7178, 14251), (7094, 14399)]
         : compromised: 0.4984, honest: 0.5031
Round 005: test acc mean=0.5016 ± 0.0073 | min=0.4896 max=0.5185
         : test loss mean=125.1212 ± 68.0238
         : individual accs = ['0.513702', '0.493923', '0.507500', '0.497644', '0.503793', '0.501913', '0.496863', '0.494070', '0.518539', '0.502957', '0.499791', '0.508251', '0.497840', '0.491296', '0.495810', '0.504689', '0.503093', '0.510907', '0.489580', '0.500521']
         : correct/total = [(7311, 14232), (7031, 14235), (7240, 14266), (7075, 14217), (7173, 14238), (7214, 14373), (7128, 14346), (7082, 14334), (7412, 14294), (7229, 14373), (7169, 14344), (7269, 14302), (7146, 14354), (7056, 14362), (7100, 14320), (7265, 14395), (7239, 14389), (7284, 14257), (6977, 14251), (7207, 14399)]
         : compromised: 0.4979, honest: 0.5032
Round 006: test acc mean=0.4996 ± 0.0063 | min=0.4911 max=0.5118
         : test loss mean=117.6266 ± 61.7734
         : individual accs = ['0.491287', '0.496382', '0.511846', '0.492509', '0.493047', '0.501565', '0.503416', '0.506349', '0.510424', '0.504766', '0.500976', '0.496924', '0.496935', '0.491366', '0.491899', '0.502744', '0.505247', '0.500526', '0.491123', '0.503507']
         : correct/total = [(6992, 14232), (7066, 14235), (7302, 14266), (7002, 14217), (7020, 14238), (7209, 14373), (7222, 14346), (7258, 14334), (7296, 14294), (7255, 14373), (7186, 14344), (7107, 14302), (7133, 14354), (7057, 14362), (7044, 14320), (7237, 14395), (7270, 14389), (7136, 14257), (6999, 14251), (7250, 14399)]
         : compromised: 0.4956, honest: 0.5014
Round 007: test acc mean=0.5010 ± 0.0055 | min=0.4902 max=0.5111
         : test loss mean=103.3011 ± 43.2284
         : individual accs = ['0.495503', '0.511064', '0.504556', '0.491946', '0.503793', '0.500313', '0.497909', '0.507674', '0.500350', '0.507271', '0.498675', '0.494826', '0.490247', '0.504317', '0.507193', '0.506634', '0.494961', '0.500105', '0.500246', '0.502813']
         : correct/total = [(7052, 14232), (7275, 14235), (7198, 14266), (6994, 14217), (7173, 14238), (7191, 14373), (7143, 14346), (7277, 14334), (7152, 14294), (7291, 14373), (7153, 14344), (7077, 14302), (7037, 14354), (7243, 14362), (7263, 14320), (7293, 14395), (7122, 14389), (7130, 14257), (7129, 14251), (7240, 14399)]
         : compromised: 0.5004, honest: 0.5013
Round 008: test acc mean=0.5021 ± 0.0079 | min=0.4769 max=0.5156
         : test loss mean=104.5617 ± 64.6435
         : individual accs = ['0.504075', '0.499122', '0.503154', '0.497573', '0.504425', '0.492451', '0.505019', '0.504883', '0.497551', '0.476866', '0.501743', '0.499441', '0.515327', '0.515597', '0.499511', '0.501355', '0.502189', '0.505997', '0.505789', '0.509271']
         : correct/total = [(7174, 14232), (7105, 14235), (7178, 14266), (7074, 14217), (7182, 14238), (7078, 14373), (7245, 14346), (7237, 14334), (7112, 14294), (6854, 14373), (7197, 14344), (7143, 14302), (7397, 14354), (7405, 14362), (7153, 14320), (7217, 14395), (7226, 14389), (7214, 14257), (7208, 14251), (7333, 14399)]
         : compromised: 0.5058, honest: 0.5005
Round 009: test acc mean=0.4998 ± 0.0091 | min=0.4863 max=0.5187
         : test loss mean=96.0356 ± 35.9314
         : individual accs = ['0.497330', '0.492799', '0.518716', '0.499191', '0.504776', '0.513602', '0.498606', '0.489117', '0.513432', '0.494538', '0.497630', '0.489023', '0.486345', '0.510166', '0.499791', '0.510872', '0.498923', '0.499614', '0.488246', '0.492812']
         : correct/total = [(7078, 14232), (7015, 14235), (7400, 14266), (7097, 14217), (7187, 14238), (7382, 14373), (7153, 14346), (7011, 14334), (7339, 14294), (7108, 14373), (7138, 14344), (6994, 14302), (6981, 14354), (7327, 14362), (7157, 14320), (7354, 14395), (7179, 14389), (7123, 14257), (6958, 14251), (7096, 14399)]
         : compromised: 0.4996, honest: 0.4998
Round 010: test acc mean=0.5006 ± 0.0077 | min=0.4860 max=0.5159
         : test loss mean=115.3715 ± 60.8938
         : individual accs = ['0.486017', '0.504461', '0.493060', '0.512907', '0.515873', '0.491477', '0.507319', '0.495256', '0.496432', '0.495652', '0.500906', '0.505594', '0.491640', '0.493525', '0.503980', '0.497603', '0.499826', '0.504945', '0.509087', '0.506632']
         : correct/total = [(6917, 14232), (7181, 14235), (7034, 14266), (7292, 14217), (7345, 14238), (7064, 14373), (7278, 14346), (7099, 14334), (7096, 14294), (7124, 14373), (7185, 14344), (7231, 14302), (7057, 14354), (7088, 14362), (7217, 14320), (7163, 14395), (7192, 14389), (7199, 14257), (7255, 14251), (7295, 14399)]
         : compromised: 0.4991, honest: 0.5013

=== FINAL RESULTS ===
Dataset: sent140, Nodes: 20, Graph: erdos, Aggregation: d-fedavg
Attack: gaussian, 30.0% compromised
Final accuracy - Compromised: 0.4991, Honest: 0.5013
Overall test accuracy: mean=0.5006 ± 0.0077
