# Model Scaling Experiment
# Algorithm: balance
# Model variant: large
# Dataset: femnist
# Timestamp: 2025-09-22T18:16:00.558585
# Device: CPU (forced for consistent performance)
# Command: python decentralized_fl_sim.py --dataset femnist --model-variant large --rounds 3 --local-epochs 1 --seed 42 --batch-size 32 --lr 0.01 --agg balance --attack-percentage 0.5 --attack-type directed_deviation --verbose --graph ring --num-nodes 20
================================================================================

Device: cpu
Seed: 42
Loading 36 LEAF FEMNIST train files...
LEAF FEMNIST train: 3597 users, 734463 samples
Loading 36 LEAF FEMNIST test files...
LEAF FEMNIST test: 3597 users, 83388 samples
Found 3597 train users, 3597 test users, 3597 common users
User sample counts range: 525 (max) to 17 (min)
Distributed ALL 3597 users across 20 clients
Users per client: 179 (with 17 clients getting +1 user)
Train partition sizes: [37676, 37670, 37261, 34625, 36810, 35667, 37466, 36404, 36175, 36710, 37122, 37538, 35969, 37590, 36705, 36474, 36699, 37182, 36951, 35769]
Test partition sizes: [4275, 4276, 4227, 3941, 4171, 4051, 4253, 4138, 4112, 4169, 4218, 4252, 4082, 4263, 4169, 4143, 4173, 4221, 4187, 4067]
  Client 0: 37676 train samples, 62 unique classes
  Client 1: 37670 train samples, 62 unique classes
  Client 2: 37261 train samples, 62 unique classes
  Client 3: 34625 train samples, 62 unique classes
  Client 4: 36810 train samples, 62 unique classes
  Client 5: 35667 train samples, 62 unique classes
  Client 6: 37466 train samples, 62 unique classes
  Client 7: 36404 train samples, 62 unique classes
  Client 8: 36175 train samples, 62 unique classes
  Client 9: 36710 train samples, 62 unique classes
  Client 10: 37122 train samples, 62 unique classes
  Client 11: 37538 train samples, 62 unique classes
  Client 12: 35969 train samples, 62 unique classes
  Client 13: 37590 train samples, 62 unique classes
  Client 14: 36705 train samples, 62 unique classes
  Client 15: 36474 train samples, 62 unique classes
  Client 16: 36699 train samples, 62 unique classes
  Client 17: 37182 train samples, 62 unique classes
  Client 18: 36951 train samples, 62 unique classes
  Client 19: 35769 train samples, 62 unique classes
Graph: ring, nodes: 20, edges: 20
Degree statistics: avg=2.00, min=2, max=2
Attack: Compromised 10/20 nodes: [0, 1, 2, 3, 7, 8, 10, 11, 16, 17]
Attack type: directed_deviation, lambda: 1.0
Model variant: large
Model parameters: 26,154,814
BALANCE algorithm:
  - Model dimension: 26,154,814 parameters
  - Complexity: O(N×d) = O(20×26,154,814)
Initial test acc across nodes: mean=0.0158 ± 0.0152
Round 001: test acc mean=0.5881 ± 0.2443 | min=0.0035 max=0.7252
         : test loss mean=7971.6013 ± 19815.8365
         : individual accs = ['0.724211', '0.015201', '0.003549', '0.680030', '0.712299', '0.725006', '0.700682', '0.686080', '0.664640', '0.012473', '0.725225', '0.700141', '0.592112', '0.683556', '0.666347', '0.680666', '0.710280', '0.693201', '0.694531', '0.691910']
         : correct/total = [(3096, 4275), (65, 4276), (15, 4227), (2680, 3941), (2971, 4171), (2937, 4051), (2980, 4253), (2839, 4138), (2733, 4112), (52, 4169), (3059, 4218), (2977, 4252), (2417, 4082), (2914, 4263), (2778, 4169), (2820, 4143), (2964, 4173), (2926, 4221), (2908, 4187), (2814, 4067)]
         : compromised: 0.5603, honest: 0.6160
Round 002: test acc mean=0.6137 ± 0.3271 | min=0.0461 max=0.8286
         : test loss mean=nan ± nan
         : individual accs = ['0.803041', '0.047007', '0.046132', '0.791931', '0.828578', '0.809183', '0.799201', '0.798212', '0.046936', '0.049652', '0.047179', '0.791157', '0.798873', '0.798030', '0.784121', '0.798697', '0.800144', '0.804786', '0.817530', '0.813622']
         : correct/total = [(3433, 4275), (201, 4276), (195, 4227), (3121, 3941), (3456, 4171), (3278, 4051), (3399, 4253), (3303, 4138), (193, 4112), (207, 4169), (199, 4218), (3364, 4252), (3261, 4082), (3402, 4263), (3269, 4169), (3309, 4143), (3339, 4173), (3397, 4221), (3423, 4187), (3309, 4067)]
         : compromised: 0.4977, honest: 0.7297
Round 003: test acc mean=0.6333 ± 0.3384 | min=0.0461 max=0.8494
         : test loss mean=nan ± nan
         : individual accs = ['0.826667', '0.047007', '0.046132', '0.823903', '0.849437', '0.833868', '0.829767', '0.824070', '0.046936', '0.049652', '0.047179', '0.818909', '0.816267', '0.831339', '0.821060', '0.814386', '0.828181', '0.837005', '0.835921', '0.837964']
         : correct/total = [(3534, 4275), (201, 4276), (195, 4227), (3247, 3941), (3543, 4171), (3378, 4051), (3529, 4253), (3410, 4138), (193, 4112), (207, 4169), (199, 4218), (3482, 4252), (3332, 4082), (3544, 4263), (3423, 4169), (3374, 4143), (3456, 4173), (3533, 4221), (3500, 4187), (3408, 4067)]
         : compromised: 0.5146, honest: 0.7520

=== FINAL RESULTS ===
Dataset: femnist, Nodes: 20, Graph: ring, Aggregation: balance
Attack: directed_deviation, 50.0% compromised
Final accuracy - Compromised: 0.5146, Honest: 0.7520
Overall test accuracy: mean=0.6333 ± 0.3384

=== BALANCE SUMMARY ===
Node 0: acceptance=0.333
Node 1: acceptance=0.000
Node 2: acceptance=0.000
Node 3: acceptance=0.500
Node 4: acceptance=0.500
Node 5: acceptance=1.000
Node 6: acceptance=0.500
Node 7: acceptance=0.500
Node 8: acceptance=0.167
Node 9: acceptance=0.000
Node 10: acceptance=0.167
Node 11: acceptance=0.500
Node 12: acceptance=0.500
Node 13: acceptance=0.833
Node 14: acceptance=0.833
Node 15: acceptance=0.500
Node 16: acceptance=0.500
Node 17: acceptance=0.500
Node 18: acceptance=0.500
Node 19: acceptance=0.500

=== PARALLEL EXECUTION TIME (realistic for distributed system) ===
  COMMUNICATION (max across nodes):
    - Full model transfer: 0.000s (0.0%)
  COMPUTATION (max across nodes):
    - Filtering: 0.221s (57.6%)
    - Aggregation: 0.163s (42.4%)
  TOTALS:
    - Total computation: 0.384s (100.0%)
    - Total communication: 0.000s (0.0%)
    - Total parallel time: 0.384s

=== PER-NODE AVERAGE TIME ===
  - Filtering: 0.196s
  - Aggregation: 0.156s
  - Model transfer: 0.000s
  - Total per node: 0.352s

=== TOTAL COMPUTATIONAL WORK (sum across all nodes) ===
  - Total filtering: 3.917s
  - Total aggregation: 3.120s
  - Total model transfer: 0.000s
  - Grand total: 7.037s
  - Mean acceptance rate: 0.442

BALANCE Algorithm Properties:
  - Model dimension: 26,154,814
  - No compression: Full parameter comparison
  - Theoretical complexity: O(deg(i)×d)
  - Approach: Full parameter filtering + averaging


# Experiment completed successfully
