# Model Scaling Experiment
# Algorithm: ubar
# Model variant: small
# Dataset: femnist
# Timestamp: 2025-09-23T03:33:09.661468
# Device: CPU (forced for consistent performance)
# Command: python decentralized_fl_sim.py --dataset femnist --model-variant small --rounds 3 --local-epochs 1 --seed 42 --batch-size 32 --lr 0.01 --agg ubar --ubar-rho 0.4 --attack-percentage 0.5 --attack-type directed_deviation --verbose --graph ring --num-nodes 20
================================================================================

Device: cpu
Seed: 42
Loading 36 LEAF FEMNIST train files...
LEAF FEMNIST train: 3597 users, 734463 samples
Loading 36 LEAF FEMNIST test files...
LEAF FEMNIST test: 3597 users, 83388 samples
Found 3597 train users, 3597 test users, 3597 common users
User sample counts range: 525 (max) to 17 (min)
Distributed ALL 3597 users across 20 clients
Users per client: 179 (with 17 clients getting +1 user)
Train partition sizes: [37676, 37670, 37261, 34625, 36810, 35667, 37466, 36404, 36175, 36710, 37122, 37538, 35969, 37590, 36705, 36474, 36699, 37182, 36951, 35769]
Test partition sizes: [4275, 4276, 4227, 3941, 4171, 4051, 4253, 4138, 4112, 4169, 4218, 4252, 4082, 4263, 4169, 4143, 4173, 4221, 4187, 4067]
  Client 0: 37676 train samples, 62 unique classes
  Client 1: 37670 train samples, 62 unique classes
  Client 2: 37261 train samples, 62 unique classes
  Client 3: 34625 train samples, 62 unique classes
  Client 4: 36810 train samples, 62 unique classes
  Client 5: 35667 train samples, 62 unique classes
  Client 6: 37466 train samples, 62 unique classes
  Client 7: 36404 train samples, 62 unique classes
  Client 8: 36175 train samples, 62 unique classes
  Client 9: 36710 train samples, 62 unique classes
  Client 10: 37122 train samples, 62 unique classes
  Client 11: 37538 train samples, 62 unique classes
  Client 12: 35969 train samples, 62 unique classes
  Client 13: 37590 train samples, 62 unique classes
  Client 14: 36705 train samples, 62 unique classes
  Client 15: 36474 train samples, 62 unique classes
  Client 16: 36699 train samples, 62 unique classes
  Client 17: 37182 train samples, 62 unique classes
  Client 18: 36951 train samples, 62 unique classes
  Client 19: 35769 train samples, 62 unique classes
Graph: ring, nodes: 20, edges: 20
Degree statistics: avg=2.00, min=2, max=2
Attack: Compromised 10/20 nodes: [0, 1, 2, 3, 7, 8, 10, 11, 16, 17]
Attack type: directed_deviation, lambda: 1.0
Model variant: small
Model parameters: 848,382
UBAR ALGORITHM (Two-Stage Byzantine-resilient)
  - Model dimension: 848,382 parameters
  - Rho parameter: 0.4
  - Stage 1: Distance-based filtering (select 40% closest neighbors)
  - Stage 2: Performance-based selection (loss comparison)
  - Complexity: O(deg(i)×d + deg(i)×inference)
Initial test acc across nodes: mean=0.0194 ± 0.0148
Round 001: test acc mean=0.4474 ± 0.1890 | min=0.0040 max=0.6296
         : test loss mean=835.8479 ± 2192.2833
         : individual accs = ['0.512749', '0.008419', '0.004022', '0.567622', '0.629585', '0.420884', '0.431225', '0.455776', '0.589251', '0.035260', '0.608345', '0.549389', '0.514699', '0.531316', '0.502039', '0.465605', '0.508986', '0.574508', '0.533079', '0.505532']
         : correct/total = [(2192, 4275), (36, 4276), (17, 4227), (2237, 3941), (2626, 4171), (1705, 4051), (1834, 4253), (1886, 4138), (2423, 4112), (147, 4169), (2566, 4218), (2336, 4252), (2101, 4082), (2265, 4263), (2093, 4169), (1929, 4143), (2124, 4173), (2425, 4221), (2232, 4187), (2056, 4067)]
         : compromised: 0.4379, honest: 0.4569
         : ubar stats = ['Node 0: s1=0.500, s2=1.000', 'Node 1: s1=0.500, s2=1.000', 'Node 2: s1=0.500, s2=1.000']...
Round 002: test acc mean=0.5890 ± 0.3127 | min=0.0461 max=0.8027
         : test loss mean=171.0836 ± 408.2466
         : individual accs = ['0.753216', '0.050982', '0.046132', '0.774423', '0.788060', '0.802518', '0.796849', '0.715321', '0.053988', '0.049652', '0.046230', '0.768579', '0.788829', '0.790758', '0.763253', '0.709872', '0.760604', '0.721156', '0.802723', '0.797394']
         : correct/total = [(3220, 4275), (218, 4276), (195, 4227), (3052, 3941), (3287, 4171), (3251, 4051), (3389, 4253), (2960, 4138), (222, 4112), (207, 4169), (195, 4218), (3268, 4252), (3220, 4082), (3371, 4263), (3182, 4169), (2941, 4143), (3174, 4173), (3044, 4221), (3361, 4187), (3243, 4067)]
         : compromised: 0.4691, honest: 0.7090
         : ubar stats = ['Node 0: s1=0.500, s2=1.000', 'Node 1: s1=0.500, s2=1.000', 'Node 2: s1=0.500, s2=1.000']...
Round 003: test acc mean=0.6239 ± 0.3340 | min=0.0341 max=0.8398
         : test loss mean=42.8754 ± 124.4583
         : individual accs = ['0.815673', '0.034144', '0.051100', '0.799543', '0.839847', '0.820291', '0.824124', '0.805945', '0.053988', '0.045574', '0.043860', '0.811853', '0.812592', '0.825240', '0.818662', '0.799662', '0.789839', '0.825871', '0.828995', '0.830834']
         : correct/total = [(3487, 4275), (146, 4276), (216, 4227), (3151, 3941), (3503, 4171), (3323, 4051), (3505, 4253), (3335, 4138), (222, 4112), (190, 4169), (185, 4218), (3452, 4252), (3317, 4082), (3518, 4263), (3413, 4169), (3313, 4143), (3296, 4173), (3486, 4221), (3471, 4187), (3379, 4067)]
         : compromised: 0.5032, honest: 0.7446
         : ubar stats = ['Node 0: s1=0.500, s2=1.000', 'Node 1: s1=0.500, s2=1.000', 'Node 2: s1=0.500, s2=1.000']...

=== FINAL RESULTS ===
Dataset: femnist, Nodes: 20, Graph: ring, Aggregation: ubar
Attack: directed_deviation, 50.0% compromised
Final accuracy - Compromised: 0.5032, Honest: 0.7446
Overall test accuracy: mean=0.6239 ± 0.3340

=== UBAR SUMMARY ===
Node 0: stage1=0.500, stage2=1.000, overall=0.500
Node 1: stage1=0.500, stage2=1.000, overall=0.500
Node 2: stage1=0.500, stage2=1.000, overall=0.500
Node 3: stage1=0.500, stage2=1.000, overall=0.500
Node 4: stage1=0.500, stage2=1.000, overall=0.500
Node 5: stage1=0.500, stage2=1.000, overall=0.500
Node 6: stage1=0.500, stage2=1.000, overall=0.500
Node 7: stage1=0.500, stage2=1.000, overall=0.500
Node 8: stage1=0.500, stage2=1.000, overall=0.500
Node 9: stage1=0.500, stage2=1.000, overall=0.500
Node 10: stage1=0.500, stage2=1.000, overall=0.500
Node 11: stage1=0.500, stage2=1.000, overall=0.500
Node 12: stage1=0.500, stage2=1.000, overall=0.500
Node 13: stage1=0.500, stage2=1.000, overall=0.500
Node 14: stage1=0.500, stage2=1.000, overall=0.500
Node 15: stage1=0.500, stage2=1.000, overall=0.500
Node 16: stage1=0.500, stage2=1.000, overall=0.500
Node 17: stage1=0.500, stage2=1.000, overall=0.500
Node 18: stage1=0.500, stage2=1.000, overall=0.500
Node 19: stage1=0.500, stage2=1.000, overall=0.500

=== PARALLEL EXECUTION TIME (realistic for distributed system) ===
  COMMUNICATION (max across nodes):
    - Full model transfer: 0.000s (0.2%)
  COMPUTATION (max across nodes):
    - Distance computation: 0.002s (11.6%)
    - Loss computation: 0.012s (77.0%)
    - Aggregation: 0.002s (11.3%)
  TOTALS:
    - Total computation: 0.015s (99.8%)
    - Total communication: 0.000s (0.2%)
    - Total parallel time: 0.015s

=== PER-NODE AVERAGE TIME ===
  - Distance computation: 0.001s
  - Loss computation: 0.007s
  - Aggregation: 0.001s
  - Model transfer: 0.000s
  - Total per node: 0.009s

=== TOTAL COMPUTATIONAL WORK (sum across all nodes) ===
  - Total distance computation: 0.026s
  - Total loss computation: 0.136s
  - Total aggregation: 0.026s
  - Total model transfer: 0.000s
  - Grand total: 0.187s
  - Mean Stage 1 acceptance rate: 0.500
  - Mean Stage 2 acceptance rate: 1.000
  - Overall acceptance rate: 0.500

UBAR Algorithm Properties:
  - Model dimension: 848,382
  - Rho parameter: 0.4
  - Two-stage approach: Distance filtering + loss evaluation
  - Stage 1 selects: 40% of neighbors
  - Stage 2 uses: Training sample loss comparison
  - Theoretical complexity: O(deg(i)×d + deg(i)×inference)
  - Approach: UBAR paper implementation


# Experiment completed successfully
