# Model Scaling Experiment
# Algorithm: ubar
# Model variant: xlarge
# Dataset: femnist
# Timestamp: 2025-09-23T05:45:30.503729
# Device: CPU (forced for consistent performance)
# Command: python decentralized_fl_sim.py --dataset femnist --model-variant xlarge --rounds 3 --local-epochs 1 --seed 42 --batch-size 32 --lr 0.01 --agg ubar --ubar-rho 0.4 --attack-percentage 0.5 --attack-type directed_deviation --verbose --graph ring --num-nodes 20
================================================================================

Device: cpu
Seed: 42
Loading 36 LEAF FEMNIST train files...
LEAF FEMNIST train: 3597 users, 734463 samples
Loading 36 LEAF FEMNIST test files...
LEAF FEMNIST test: 3597 users, 83388 samples
Found 3597 train users, 3597 test users, 3597 common users
User sample counts range: 525 (max) to 17 (min)
Distributed ALL 3597 users across 20 clients
Users per client: 179 (with 17 clients getting +1 user)
Train partition sizes: [37676, 37670, 37261, 34625, 36810, 35667, 37466, 36404, 36175, 36710, 37122, 37538, 35969, 37590, 36705, 36474, 36699, 37182, 36951, 35769]
Test partition sizes: [4275, 4276, 4227, 3941, 4171, 4051, 4253, 4138, 4112, 4169, 4218, 4252, 4082, 4263, 4169, 4143, 4173, 4221, 4187, 4067]
  Client 0: 37676 train samples, 62 unique classes
  Client 1: 37670 train samples, 62 unique classes
  Client 2: 37261 train samples, 62 unique classes
  Client 3: 34625 train samples, 62 unique classes
  Client 4: 36810 train samples, 62 unique classes
  Client 5: 35667 train samples, 62 unique classes
  Client 6: 37466 train samples, 62 unique classes
  Client 7: 36404 train samples, 62 unique classes
  Client 8: 36175 train samples, 62 unique classes
  Client 9: 36710 train samples, 62 unique classes
  Client 10: 37122 train samples, 62 unique classes
  Client 11: 37538 train samples, 62 unique classes
  Client 12: 35969 train samples, 62 unique classes
  Client 13: 37590 train samples, 62 unique classes
  Client 14: 36705 train samples, 62 unique classes
  Client 15: 36474 train samples, 62 unique classes
  Client 16: 36699 train samples, 62 unique classes
  Client 17: 37182 train samples, 62 unique classes
  Client 18: 36951 train samples, 62 unique classes
  Client 19: 35769 train samples, 62 unique classes
Graph: ring, nodes: 20, edges: 20
Degree statistics: avg=2.00, min=2, max=2
Attack: Compromised 10/20 nodes: [0, 1, 2, 3, 7, 8, 10, 11, 16, 17]
Attack type: directed_deviation, lambda: 1.0
Model variant: xlarge
Model parameters: 60,271,678
UBAR ALGORITHM (Two-Stage Byzantine-resilient)
  - Model dimension: 60,271,678 parameters
  - Rho parameter: 0.4
  - Stage 1: Distance-based filtering (select 40% closest neighbors)
  - Stage 2: Performance-based selection (loss comparison)
  - Complexity: O(deg(i)×d + deg(i)×inference)
Initial test acc across nodes: mean=0.0190 ± 0.0176
Round 001: test acc mean=0.1742 ± 0.0832 | min=0.0023 max=0.3206
         : test loss mean=1189261.9599 ± 2920623.0749
         : individual accs = ['0.153684', '0.002339', '0.002839', '0.184217', '0.124191', '0.193286', '0.186457', '0.160706', '0.172179', '0.005037', '0.240398', '0.320555', '0.245958', '0.246540', '0.223315', '0.238233', '0.152888', '0.218669', '0.203965', '0.208507']
         : correct/total = [(657, 4275), (10, 4276), (12, 4227), (726, 3941), (518, 4171), (783, 4051), (793, 4253), (665, 4138), (708, 4112), (21, 4169), (1014, 4218), (1363, 4252), (1004, 4082), (1051, 4263), (931, 4169), (987, 4143), (638, 4173), (923, 4221), (854, 4187), (848, 4067)]
         : compromised: 0.1608, honest: 0.1875
         : ubar stats = ['Node 0: s1=0.500, s2=1.000', 'Node 1: s1=0.500, s2=1.000', 'Node 2: s1=0.500, s2=1.000']...
Round 002: test acc mean=0.6020 ± 0.3212 | min=0.0461 max=0.8077
         : test loss mean=nan ± nan
         : individual accs = ['0.785263', '0.047007', '0.046132', '0.783050', '0.788780', '0.807455', '0.804373', '0.787579', '0.046936', '0.049652', '0.047179', '0.701082', '0.797893', '0.800844', '0.807148', '0.803765', '0.734244', '0.789623', '0.807738', '0.804032']
         : correct/total = [(3357, 4275), (201, 4276), (195, 4227), (3086, 3941), (3290, 4171), (3271, 4051), (3421, 4253), (3259, 4138), (193, 4112), (207, 4169), (199, 4218), (2981, 4252), (3257, 4082), (3414, 4263), (3365, 4169), (3330, 4143), (3064, 4173), (3333, 4221), (3382, 4187), (3270, 4067)]
         : compromised: 0.4768, honest: 0.7272
         : ubar stats = ['Node 0: s1=0.500, s2=1.000', 'Node 1: s1=0.500, s2=1.000', 'Node 2: s1=0.500, s2=1.000']...
Round 003: test acc mean=0.6348 ± 0.3392 | min=0.0461 max=0.8449
         : test loss mean=nan ± nan
         : individual accs = ['0.830175', '0.047007', '0.046132', '0.815275', '0.844881', '0.832881', '0.835881', '0.822136', '0.046936', '0.049652', '0.047179', '0.827846', '0.828025', '0.835562', '0.831614', '0.820903', '0.825785', '0.832741', '0.838548', '0.836735']
         : correct/total = [(3549, 4275), (201, 4276), (195, 4227), (3213, 3941), (3524, 4171), (3374, 4051), (3555, 4253), (3402, 4138), (193, 4112), (207, 4169), (199, 4218), (3520, 4252), (3380, 4082), (3562, 4263), (3467, 4169), (3401, 4143), (3446, 4173), (3515, 4221), (3511, 4187), (3403, 4067)]
         : compromised: 0.5141, honest: 0.7555
         : ubar stats = ['Node 0: s1=0.500, s2=1.000', 'Node 1: s1=0.500, s2=1.000', 'Node 2: s1=0.500, s2=1.000']...

=== FINAL RESULTS ===
Dataset: femnist, Nodes: 20, Graph: ring, Aggregation: ubar
Attack: directed_deviation, 50.0% compromised
Final accuracy - Compromised: 0.5141, Honest: 0.7555
Overall test accuracy: mean=0.6348 ± 0.3392

=== UBAR SUMMARY ===
Node 0: stage1=0.500, stage2=1.000, overall=0.500
Node 1: stage1=0.500, stage2=1.000, overall=0.500
Node 2: stage1=0.500, stage2=1.000, overall=0.500
Node 3: stage1=0.500, stage2=1.000, overall=0.500
Node 4: stage1=0.500, stage2=1.000, overall=0.500
Node 5: stage1=0.500, stage2=1.000, overall=0.500
Node 6: stage1=0.500, stage2=1.000, overall=0.500
Node 7: stage1=0.500, stage2=1.000, overall=0.500
Node 8: stage1=0.500, stage2=1.000, overall=0.500
Node 9: stage1=0.500, stage2=1.000, overall=0.500
Node 10: stage1=0.500, stage2=1.000, overall=0.500
Node 11: stage1=0.500, stage2=1.000, overall=0.500
Node 12: stage1=0.500, stage2=1.000, overall=0.500
Node 13: stage1=0.500, stage2=1.000, overall=0.500
Node 14: stage1=0.500, stage2=1.000, overall=0.500
Node 15: stage1=0.500, stage2=1.000, overall=0.500
Node 16: stage1=0.500, stage2=1.000, overall=0.500
Node 17: stage1=0.500, stage2=1.000, overall=0.500
Node 18: stage1=0.500, stage2=1.000, overall=0.500
Node 19: stage1=0.500, stage2=1.000, overall=0.500

=== PARALLEL EXECUTION TIME (realistic for distributed system) ===
  COMMUNICATION (max across nodes):
    - Full model transfer: 0.000s (0.0%)
  COMPUTATION (max across nodes):
    - Distance computation: 0.411s (53.2%)
    - Loss computation: 0.108s (14.0%)
    - Aggregation: 0.253s (32.8%)
  TOTALS:
    - Total computation: 0.773s (100.0%)
    - Total communication: 0.000s (0.0%)
    - Total parallel time: 0.773s

=== PER-NODE AVERAGE TIME ===
  - Distance computation: 0.369s
  - Loss computation: 0.094s
  - Aggregation: 0.247s
  - Model transfer: 0.000s
  - Total per node: 0.710s

=== TOTAL COMPUTATIONAL WORK (sum across all nodes) ===
  - Total distance computation: 7.375s
  - Total loss computation: 1.888s
  - Total aggregation: 4.945s
  - Total model transfer: 0.000s
  - Grand total: 14.208s
  - Mean Stage 1 acceptance rate: 0.500
  - Mean Stage 2 acceptance rate: 1.000
  - Overall acceptance rate: 0.500

UBAR Algorithm Properties:
  - Model dimension: 60,271,678
  - Rho parameter: 0.4
  - Two-stage approach: Distance filtering + loss evaluation
  - Stage 1 selects: 40% of neighbors
  - Stage 2 uses: Training sample loss comparison
  - Theoretical complexity: O(deg(i)×d + deg(i)×inference)
  - Approach: UBAR paper implementation


# Experiment completed successfully
