# Model Scaling Experiment
# Algorithm: ubar
# Model variant: large
# Dataset: femnist
# Timestamp: 2025-09-23T04:21:54.621091
# Device: CPU (forced for consistent performance)
# Command: python decentralized_fl_sim.py --dataset femnist --model-variant large --rounds 3 --local-epochs 1 --seed 42 --batch-size 32 --lr 0.01 --agg ubar --ubar-rho 0.4 --attack-percentage 0.5 --attack-type directed_deviation --verbose --graph ring --num-nodes 20
================================================================================

Device: cpu
Seed: 42
Loading 36 LEAF FEMNIST train files...
LEAF FEMNIST train: 3597 users, 734463 samples
Loading 36 LEAF FEMNIST test files...
LEAF FEMNIST test: 3597 users, 83388 samples
Found 3597 train users, 3597 test users, 3597 common users
User sample counts range: 525 (max) to 17 (min)
Distributed ALL 3597 users across 20 clients
Users per client: 179 (with 17 clients getting +1 user)
Train partition sizes: [37676, 37670, 37261, 34625, 36810, 35667, 37466, 36404, 36175, 36710, 37122, 37538, 35969, 37590, 36705, 36474, 36699, 37182, 36951, 35769]
Test partition sizes: [4275, 4276, 4227, 3941, 4171, 4051, 4253, 4138, 4112, 4169, 4218, 4252, 4082, 4263, 4169, 4143, 4173, 4221, 4187, 4067]
  Client 0: 37676 train samples, 62 unique classes
  Client 1: 37670 train samples, 62 unique classes
  Client 2: 37261 train samples, 62 unique classes
  Client 3: 34625 train samples, 62 unique classes
  Client 4: 36810 train samples, 62 unique classes
  Client 5: 35667 train samples, 62 unique classes
  Client 6: 37466 train samples, 62 unique classes
  Client 7: 36404 train samples, 62 unique classes
  Client 8: 36175 train samples, 62 unique classes
  Client 9: 36710 train samples, 62 unique classes
  Client 10: 37122 train samples, 62 unique classes
  Client 11: 37538 train samples, 62 unique classes
  Client 12: 35969 train samples, 62 unique classes
  Client 13: 37590 train samples, 62 unique classes
  Client 14: 36705 train samples, 62 unique classes
  Client 15: 36474 train samples, 62 unique classes
  Client 16: 36699 train samples, 62 unique classes
  Client 17: 37182 train samples, 62 unique classes
  Client 18: 36951 train samples, 62 unique classes
  Client 19: 35769 train samples, 62 unique classes
Graph: ring, nodes: 20, edges: 20
Degree statistics: avg=2.00, min=2, max=2
Attack: Compromised 10/20 nodes: [0, 1, 2, 3, 7, 8, 10, 11, 16, 17]
Attack type: directed_deviation, lambda: 1.0
Model variant: large
Model parameters: 26,154,814
UBAR ALGORITHM (Two-Stage Byzantine-resilient)
  - Model dimension: 26,154,814 parameters
  - Rho parameter: 0.4
  - Stage 1: Distance-based filtering (select 40% closest neighbors)
  - Stage 2: Performance-based selection (loss comparison)
  - Complexity: O(deg(i)×d + deg(i)×inference)
Initial test acc across nodes: mean=0.0158 ± 0.0152
Round 001: test acc mean=0.5880 ± 0.2461 | min=0.0033 max=0.7252
         : test loss mean=7465.3298 ± 17875.9220
         : individual accs = ['0.724211', '0.007951', '0.003312', '0.680030', '0.712299', '0.691928', '0.700682', '0.686080', '0.664640', '0.005277', '0.725225', '0.700141', '0.592112', '0.700680', '0.694651', '0.680666', '0.710280', '0.693201', '0.694531', '0.691910']
         : correct/total = [(3096, 4275), (34, 4276), (14, 4227), (2680, 3941), (2971, 4171), (2803, 4051), (2980, 4253), (2839, 4138), (2733, 4112), (22, 4169), (3059, 4218), (2977, 4252), (2417, 4082), (2987, 4263), (2896, 4169), (2820, 4143), (2964, 4173), (2926, 4221), (2908, 4187), (2814, 4067)]
         : compromised: 0.5595, honest: 0.6165
         : ubar stats = ['Node 0: s1=0.500, s2=1.000', 'Node 1: s1=0.500, s2=1.000', 'Node 2: s1=0.500, s2=1.000']...
Round 002: test acc mean=0.6142 ± 0.3265 | min=0.0389 max=0.8190
         : test loss mean=7787666678535.2031 ± 33940730601661.3086
         : individual accs = ['0.803041', '0.050047', '0.051337', '0.791931', '0.818988', '0.813626', '0.810722', '0.798212', '0.038911', '0.051571', '0.052157', '0.791157', '0.780990', '0.805301', '0.799952', '0.789042', '0.800144', '0.804786', '0.817530', '0.813622']
         : correct/total = [(3433, 4275), (214, 4276), (217, 4227), (3121, 3941), (3416, 4171), (3296, 4051), (3448, 4253), (3303, 4138), (160, 4112), (215, 4169), (220, 4218), (3364, 4252), (3188, 4082), (3433, 4263), (3335, 4169), (3269, 4143), (3339, 4173), (3397, 4221), (3423, 4187), (3309, 4067)]
         : compromised: 0.4982, honest: 0.7301
         : ubar stats = ['Node 0: s1=0.500, s2=1.000', 'Node 1: s1=0.500, s2=1.000', 'Node 2: s1=0.500, s2=1.000']...
Round 003: test acc mean=0.6359 ± 0.3367 | min=0.0499 max=0.8475
         : test loss mean=1899240636.2231 ± 5709204520.8649
         : individual accs = ['0.826667', '0.051918', '0.049917', '0.820604', '0.847519', '0.827450', '0.837526', '0.829145', '0.053988', '0.056848', '0.052157', '0.811853', '0.820676', '0.841192', '0.841689', '0.813662', '0.823388', '0.837005', '0.835921', '0.837964']
         : correct/total = [(3534, 4275), (222, 4276), (211, 4227), (3234, 3941), (3535, 4171), (3352, 4051), (3562, 4253), (3431, 4138), (222, 4112), (237, 4169), (220, 4218), (3452, 4252), (3350, 4082), (3586, 4263), (3509, 4169), (3371, 4143), (3436, 4173), (3533, 4221), (3500, 4187), (3408, 4067)]
         : compromised: 0.5157, honest: 0.7560
         : ubar stats = ['Node 0: s1=0.500, s2=1.000', 'Node 1: s1=0.500, s2=1.000', 'Node 2: s1=0.500, s2=1.000']...

=== FINAL RESULTS ===
Dataset: femnist, Nodes: 20, Graph: ring, Aggregation: ubar
Attack: directed_deviation, 50.0% compromised
Final accuracy - Compromised: 0.5157, Honest: 0.7560
Overall test accuracy: mean=0.6359 ± 0.3367

=== UBAR SUMMARY ===
Node 0: stage1=0.500, stage2=1.000, overall=0.500
Node 1: stage1=0.500, stage2=1.000, overall=0.500
Node 2: stage1=0.500, stage2=1.000, overall=0.500
Node 3: stage1=0.500, stage2=1.000, overall=0.500
Node 4: stage1=0.500, stage2=1.000, overall=0.500
Node 5: stage1=0.500, stage2=1.000, overall=0.500
Node 6: stage1=0.500, stage2=1.000, overall=0.500
Node 7: stage1=0.500, stage2=1.000, overall=0.500
Node 8: stage1=0.500, stage2=1.000, overall=0.500
Node 9: stage1=0.500, stage2=1.000, overall=0.500
Node 10: stage1=0.500, stage2=1.000, overall=0.500
Node 11: stage1=0.500, stage2=1.000, overall=0.500
Node 12: stage1=0.500, stage2=1.000, overall=0.500
Node 13: stage1=0.500, stage2=1.000, overall=0.500
Node 14: stage1=0.500, stage2=1.000, overall=0.500
Node 15: stage1=0.500, stage2=1.000, overall=0.500
Node 16: stage1=0.500, stage2=1.000, overall=0.500
Node 17: stage1=0.500, stage2=1.000, overall=0.500
Node 18: stage1=0.500, stage2=1.000, overall=0.500
Node 19: stage1=0.500, stage2=1.000, overall=0.500

=== PARALLEL EXECUTION TIME (realistic for distributed system) ===
  COMMUNICATION (max across nodes):
    - Full model transfer: 0.000s (0.0%)
  COMPUTATION (max across nodes):
    - Distance computation: 0.177s (48.4%)
    - Loss computation: 0.074s (20.2%)
    - Aggregation: 0.115s (31.4%)
  TOTALS:
    - Total computation: 0.365s (100.0%)
    - Total communication: 0.000s (0.0%)
    - Total parallel time: 0.365s

=== PER-NODE AVERAGE TIME ===
  - Distance computation: 0.156s
  - Loss computation: 0.045s
  - Aggregation: 0.110s
  - Model transfer: 0.000s
  - Total per node: 0.312s

=== TOTAL COMPUTATIONAL WORK (sum across all nodes) ===
  - Total distance computation: 3.126s
  - Total loss computation: 0.903s
  - Total aggregation: 2.205s
  - Total model transfer: 0.000s
  - Grand total: 6.235s
  - Mean Stage 1 acceptance rate: 0.500
  - Mean Stage 2 acceptance rate: 1.000
  - Overall acceptance rate: 0.500

UBAR Algorithm Properties:
  - Model dimension: 26,154,814
  - Rho parameter: 0.4
  - Two-stage approach: Distance filtering + loss evaluation
  - Stage 1 selects: 40% of neighbors
  - Stage 2 uses: Training sample loss comparison
  - Theoretical complexity: O(deg(i)×d + deg(i)×inference)
  - Approach: UBAR paper implementation


# Experiment completed successfully
