Device: cuda
Seed: 987654321
Looking for images in: /home/student.unimelb.edu.au/mrangwala/Projects/Sketchguard/leaf/data/celeba/data/raw/img_align_celeba
Loading 1 LEAF CelebA train files...
LEAF CelebA train: 9343 users (celebrities), 177457 samples
Looking for images in: /home/student.unimelb.edu.au/mrangwala/Projects/Sketchguard/leaf/data/celeba/data/raw/img_align_celeba
Loading 1 LEAF CelebA test files...
LEAF CelebA test: 9343 users (celebrities), 22831 samples
Found 9343 train users, 9343 test users, 9343 common users
User sample counts range: 31 (max) to 4 (min)
Distributed ALL 9343 users across 20 clients
Users per client: 467 (with 3 clients getting +1 user)
Train partition sizes: [8843, 8998, 8728, 9034, 8866, 8946, 8873, 8776, 8816, 8801, 8913, 8656, 9115, 8921, 8699, 8823, 8912, 8766, 9102, 8869]
Test partition sizes: [1140, 1158, 1127, 1158, 1134, 1145, 1145, 1127, 1136, 1128, 1144, 1125, 1152, 1160, 1124, 1145, 1154, 1131, 1157, 1141]
  Client 0: 8843 train samples, 2 unique classes
  Client 1: 8998 train samples, 2 unique classes
  Client 2: 8728 train samples, 2 unique classes
  Client 3: 9034 train samples, 2 unique classes
  Client 4: 8866 train samples, 2 unique classes
  Client 5: 8946 train samples, 2 unique classes
  Client 6: 8873 train samples, 2 unique classes
  Client 7: 8776 train samples, 2 unique classes
  Client 8: 8816 train samples, 2 unique classes
  Client 9: 8801 train samples, 2 unique classes
  Client 10: 8913 train samples, 2 unique classes
  Client 11: 8656 train samples, 2 unique classes
  Client 12: 9115 train samples, 2 unique classes
  Client 13: 8921 train samples, 2 unique classes
  Client 14: 8699 train samples, 2 unique classes
  Client 15: 8823 train samples, 2 unique classes
  Client 16: 8912 train samples, 2 unique classes
  Client 17: 8766 train samples, 2 unique classes
  Client 18: 9102 train samples, 2 unique classes
  Client 19: 8869 train samples, 2 unique classes
Will sample 4500 samples per client per epoch
Graph: erdos, nodes: 20, edges: 99
Degree statistics: avg=9.90, min=7, max=14
Attack: Compromised 6/20 nodes: [5, 12, 13, 14, 17, 18]
Attack type: krum, lambda: 1.0
Model variant: baseline
Model parameters: 2,219,692
Initial test acc across nodes: mean=0.4978 ± 0.0208
Round 001: test acc mean=0.7026 ± 0.0634 | min=0.4551 max=0.7616
         : test loss mean=1907.3493 ± 8311.3908
         : individual accs = ['0.671930', '0.661485', '0.678793', '0.721071', '0.693122', '0.761572', '0.732751', '0.723159', '0.455106', '0.679078', '0.727273', '0.713778', '0.756944', '0.739655', '0.722420', '0.752838', '0.711438', '0.686118', '0.738980', '0.723926']
         : correct/total = [(766, 1140), (766, 1158), (765, 1127), (835, 1158), (786, 1134), (872, 1145), (839, 1145), (815, 1127), (517, 1136), (766, 1128), (832, 1144), (803, 1125), (872, 1152), (858, 1160), (812, 1124), (862, 1145), (821, 1154), (776, 1131), (855, 1157), (826, 1141)]
         : compromised: 0.7343, honest: 0.6890
Round 002: test acc mean=0.7237 ± 0.1339 | min=0.5069 max=0.8715
         : test loss mean=nan ± nan
         : individual accs = ['0.754386', '0.768566', '0.787933', '0.848014', '0.791887', '0.514410', '0.848035', '0.841171', '0.562500', '0.793440', '0.871503', '0.846222', '0.522569', '0.506897', '0.517794', '0.805240', '0.790295', '0.791335', '0.522040', '0.789658']
         : correct/total = [(860, 1140), (890, 1158), (888, 1127), (982, 1158), (898, 1134), (589, 1145), (971, 1145), (948, 1127), (639, 1136), (895, 1128), (997, 1144), (952, 1125), (602, 1152), (588, 1160), (582, 1124), (922, 1145), (912, 1154), (895, 1131), (604, 1157), (901, 1141)]
         : compromised: 0.5625, honest: 0.7928
Round 003: test acc mean=0.7546 ± 0.1516 | min=0.5069 max=0.8777
         : test loss mean=nan ± nan
         : individual accs = ['0.817544', '0.862694', '0.840284', '0.856649', '0.839506', '0.514410', '0.877729', '0.861579', '0.562500', '0.867021', '0.862762', '0.848000', '0.522569', '0.506897', '0.517794', '0.843668', '0.855286', '0.839965', '0.522040', '0.872918']
         : correct/total = [(932, 1140), (999, 1158), (947, 1127), (992, 1158), (952, 1134), (589, 1145), (1005, 1145), (971, 1127), (639, 1136), (978, 1128), (987, 1144), (954, 1125), (602, 1152), (588, 1160), (582, 1124), (966, 1145), (987, 1154), (950, 1131), (604, 1157), (996, 1141)]
         : compromised: 0.5706, honest: 0.8334
Round 004: test acc mean=0.7692 ± 0.1608 | min=0.5069 max=0.8925
         : test loss mean=nan ± nan
         : individual accs = ['0.877193', '0.875648', '0.862467', '0.875648', '0.880071', '0.514410', '0.887336', '0.882875', '0.562500', '0.858156', '0.892483', '0.870222', '0.522569', '0.506897', '0.517794', '0.850655', '0.868284', '0.870911', '0.522040', '0.885188']
         : correct/total = [(1000, 1140), (1014, 1158), (972, 1127), (1014, 1158), (998, 1134), (589, 1145), (1016, 1145), (995, 1127), (639, 1136), (968, 1128), (1021, 1144), (979, 1125), (602, 1152), (588, 1160), (582, 1124), (974, 1145), (1002, 1154), (985, 1131), (604, 1157), (1010, 1141)]
         : compromised: 0.5758, honest: 0.8521
Round 005: test acc mean=0.7757 ± 0.1657 | min=0.5069 max=0.9033
         : test loss mean=nan ± nan
         : individual accs = ['0.820175', '0.894646', '0.878438', '0.903282', '0.888889', '0.514410', '0.894323', '0.891748', '0.562500', '0.889184', '0.891608', '0.900444', '0.522569', '0.506897', '0.517794', '0.870742', '0.885615', '0.876216', '0.522040', '0.883436']
         : correct/total = [(935, 1140), (1036, 1158), (990, 1127), (1046, 1158), (1008, 1134), (589, 1145), (1024, 1145), (1005, 1127), (639, 1136), (1003, 1128), (1020, 1144), (1013, 1125), (602, 1152), (588, 1160), (582, 1124), (997, 1145), (1022, 1154), (991, 1131), (604, 1157), (1008, 1141)]
         : compromised: 0.5767, honest: 0.8611
Round 006: test acc mean=0.7776 ± 0.1663 | min=0.5069 max=0.8971
         : test loss mean=nan ± nan
         : individual accs = ['0.891228', '0.885147', '0.876664', '0.894646', '0.875661', '0.514410', '0.888210', '0.897072', '0.562500', '0.892730', '0.891608', '0.890667', '0.522569', '0.506897', '0.517794', '0.856769', '0.892548', '0.885057', '0.522040', '0.886941']
         : correct/total = [(1016, 1140), (1025, 1158), (988, 1127), (1036, 1158), (993, 1134), (589, 1145), (1017, 1145), (1011, 1127), (639, 1136), (1007, 1128), (1020, 1144), (1002, 1125), (602, 1152), (588, 1160), (582, 1124), (981, 1145), (1030, 1154), (1001, 1131), (604, 1157), (1012, 1141)]
         : compromised: 0.5781, honest: 0.8630
Round 007: test acc mean=0.7857 ± 0.1714 | min=0.5069 max=0.9093
         : test loss mean=nan ± nan
         : individual accs = ['0.902632', '0.893782', '0.896185', '0.903282', '0.888007', '0.514410', '0.896943', '0.903283', '0.562500', '0.899823', '0.904720', '0.909333', '0.522569', '0.506897', '0.517794', '0.889083', '0.898614', '0.892131', '0.522040', '0.889571']
         : correct/total = [(1029, 1140), (1035, 1158), (1010, 1127), (1046, 1158), (1007, 1134), (589, 1145), (1027, 1145), (1018, 1127), (639, 1136), (1015, 1128), (1035, 1144), (1023, 1125), (602, 1152), (588, 1160), (582, 1124), (1018, 1145), (1037, 1154), (1009, 1131), (604, 1157), (1015, 1141)]
         : compromised: 0.5793, honest: 0.8741
Round 008: test acc mean=0.7882 ± 0.1731 | min=0.5069 max=0.9104
         : test loss mean=nan ± nan
         : individual accs = ['0.903509', '0.908463', '0.885537', '0.907599', '0.906526', '0.514410', '0.901310', '0.910382', '0.562500', '0.905142', '0.903846', '0.910222', '0.522569', '0.506897', '0.517794', '0.888210', '0.903813', '0.896552', '0.522040', '0.886065']
         : correct/total = [(1030, 1140), (1052, 1158), (998, 1127), (1051, 1158), (1028, 1134), (589, 1145), (1032, 1145), (1026, 1127), (639, 1136), (1021, 1128), (1034, 1144), (1024, 1125), (602, 1152), (588, 1160), (582, 1124), (1017, 1145), (1043, 1154), (1014, 1131), (604, 1157), (1011, 1141)]
         : compromised: 0.5800, honest: 0.8774
Round 009: test acc mean=0.7832 ± 0.1700 | min=0.5069 max=0.9102
         : test loss mean=nan ± nan
         : individual accs = ['0.897368', '0.873921', '0.873114', '0.910190', '0.873898', '0.514410', '0.906550', '0.905945', '0.562500', '0.894504', '0.909091', '0.902222', '0.522569', '0.506897', '0.517794', '0.889083', '0.901213', '0.885942', '0.522040', '0.893953']
         : correct/total = [(1023, 1140), (1012, 1158), (984, 1127), (1054, 1158), (991, 1134), (589, 1145), (1038, 1145), (1021, 1127), (639, 1136), (1009, 1128), (1040, 1144), (1015, 1125), (602, 1152), (588, 1160), (582, 1124), (1018, 1145), (1040, 1154), (1002, 1131), (604, 1157), (1020, 1141)]
         : compromised: 0.5783, honest: 0.8710
Round 010: test acc mean=0.7870 ± 0.1725 | min=0.5069 max=0.9227
         : test loss mean=nan ± nan
         : individual accs = ['0.895614', '0.911054', '0.889973', '0.905009', '0.898589', '0.514410', '0.904803', '0.909494', '0.562500', '0.884752', '0.900350', '0.922667', '0.522569', '0.506897', '0.517794', '0.890830', '0.903813', '0.881521', '0.522040', '0.895706']
         : correct/total = [(1021, 1140), (1055, 1158), (1003, 1127), (1048, 1158), (1019, 1134), (589, 1145), (1036, 1145), (1025, 1127), (639, 1136), (998, 1128), (1030, 1144), (1038, 1125), (602, 1152), (588, 1160), (582, 1124), (1020, 1145), (1043, 1154), (997, 1131), (604, 1157), (1022, 1141)]
         : compromised: 0.5775, honest: 0.8768

=== FINAL RESULTS ===
Dataset: celeba, Nodes: 20, Graph: erdos, Aggregation: krum
Attack: krum, 30.0% compromised
Final accuracy - Compromised: 0.5775, Honest: 0.8768
Overall test accuracy: mean=0.7870 ± 0.1725
