Device: cuda
Seed: 987654321
Looking for images in: /home/student.unimelb.edu.au/mrangwala/Projects/Sketchguard/leaf/data/celeba/data/raw/img_align_celeba
Loading 1 LEAF CelebA train files...
LEAF CelebA train: 9343 users (celebrities), 177457 samples
Looking for images in: /home/student.unimelb.edu.au/mrangwala/Projects/Sketchguard/leaf/data/celeba/data/raw/img_align_celeba
Loading 1 LEAF CelebA test files...
LEAF CelebA test: 9343 users (celebrities), 22831 samples
Found 9343 train users, 9343 test users, 9343 common users
User sample counts range: 31 (max) to 4 (min)
Distributed ALL 9343 users across 20 clients
Users per client: 467 (with 3 clients getting +1 user)
Train partition sizes: [8843, 8998, 8728, 9034, 8866, 8946, 8873, 8776, 8816, 8801, 8913, 8656, 9115, 8921, 8699, 8823, 8912, 8766, 9102, 8869]
Test partition sizes: [1140, 1158, 1127, 1158, 1134, 1145, 1145, 1127, 1136, 1128, 1144, 1125, 1152, 1160, 1124, 1145, 1154, 1131, 1157, 1141]
  Client 0: 8843 train samples, 2 unique classes
  Client 1: 8998 train samples, 2 unique classes
  Client 2: 8728 train samples, 2 unique classes
  Client 3: 9034 train samples, 2 unique classes
  Client 4: 8866 train samples, 2 unique classes
  Client 5: 8946 train samples, 2 unique classes
  Client 6: 8873 train samples, 2 unique classes
  Client 7: 8776 train samples, 2 unique classes
  Client 8: 8816 train samples, 2 unique classes
  Client 9: 8801 train samples, 2 unique classes
  Client 10: 8913 train samples, 2 unique classes
  Client 11: 8656 train samples, 2 unique classes
  Client 12: 9115 train samples, 2 unique classes
  Client 13: 8921 train samples, 2 unique classes
  Client 14: 8699 train samples, 2 unique classes
  Client 15: 8823 train samples, 2 unique classes
  Client 16: 8912 train samples, 2 unique classes
  Client 17: 8766 train samples, 2 unique classes
  Client 18: 9102 train samples, 2 unique classes
  Client 19: 8869 train samples, 2 unique classes
Will sample 4500 samples per client per epoch
Graph: fully, nodes: 20, edges: 190
Degree statistics: avg=19.00, min=19, max=19
Attack: Compromised 2/20 nodes: [5, 13]
Attack type: directed_deviation, lambda: 1.0
Model variant: baseline
Model parameters: 2,219,692
UBAR ALGORITHM (Two-Stage Byzantine-resilient)
  - Model dimension: 2,219,692 parameters
  - Rho parameter: 0.9
  - Stage 1: Distance-based filtering (select 90% closest neighbors)
  - Stage 2: Performance-based selection (loss comparison)
  - Complexity: O(deg(i)×d + deg(i)×inference)
Initial test acc across nodes: mean=0.4978 ± 0.0208
Round 001: test acc mean=0.6619 ± 0.0597 | min=0.5266 max=0.7303
         : test loss mean=0.6784 ± 0.0067
         : individual accs = ['0.699123', '0.668394', '0.689441', '0.620898', '0.597002', '0.719651', '0.689956', '0.607808', '0.719190', '0.707447', '0.577797', '0.663111', '0.715278', '0.712931', '0.668149', '0.526638', '0.714905', '0.659593', '0.730337', '0.550394']
         : correct/total = [(797, 1140), (774, 1158), (777, 1127), (719, 1158), (677, 1134), (824, 1145), (790, 1145), (685, 1127), (817, 1136), (798, 1128), (661, 1144), (746, 1125), (824, 1152), (827, 1160), (751, 1124), (603, 1145), (825, 1154), (746, 1131), (845, 1157), (628, 1141)]
         : compromised: 0.7163, honest: 0.6559
         : ubar stats = ['Node 0: s1=0.895, s2=0.412', 'Node 1: s1=0.895, s2=0.882', 'Node 2: s1=0.895, s2=0.059']...
Round 002: test acc mean=0.6588 ± 0.0699 | min=0.5220 max=0.7721
         : test loss mean=0.6632 ± 0.0309
         : individual accs = ['0.694737', '0.667530', '0.657498', '0.721071', '0.522046', '0.523144', '0.629694', '0.676131', '0.673415', '0.604610', '0.600524', '0.769778', '0.717014', '0.612931', '0.557829', '0.723144', '0.772097', '0.667551', '0.702679', '0.682734']
         : correct/total = [(792, 1140), (773, 1158), (741, 1127), (835, 1158), (592, 1134), (599, 1145), (721, 1145), (762, 1127), (765, 1136), (682, 1128), (687, 1144), (866, 1125), (826, 1152), (711, 1160), (627, 1124), (828, 1145), (891, 1154), (755, 1131), (813, 1157), (779, 1141)]
         : compromised: 0.5680, honest: 0.6689
         : ubar stats = ['Node 0: s1=0.895, s2=0.412', 'Node 1: s1=0.895, s2=0.853', 'Node 2: s1=0.895, s2=0.059']...
Round 003: test acc mean=0.6981 ± 0.0667 | min=0.5329 max=0.8066
         : test loss mean=0.6226 ± 0.0479
         : individual accs = ['0.747368', '0.680484', '0.806566', '0.763385', '0.570547', '0.600873', '0.743231', '0.674357', '0.731514', '0.719858', '0.694056', '0.712889', '0.680556', '0.693966', '0.532918', '0.786900', '0.752166', '0.666667', '0.720830', '0.683611']
         : correct/total = [(852, 1140), (788, 1158), (909, 1127), (884, 1158), (647, 1134), (688, 1145), (851, 1145), (760, 1127), (831, 1136), (812, 1128), (794, 1144), (802, 1125), (784, 1152), (805, 1160), (599, 1124), (901, 1145), (868, 1154), (754, 1131), (834, 1157), (780, 1141)]
         : compromised: 0.6474, honest: 0.7038
         : ubar stats = ['Node 0: s1=0.895, s2=0.333', 'Node 1: s1=0.895, s2=0.843', 'Node 2: s1=0.895, s2=0.059']...
Round 004: test acc mean=0.7847 ± 0.0359 | min=0.7099 max=0.8453
         : test loss mean=0.5090 ± 0.0590
         : individual accs = ['0.825439', '0.744387', '0.788820', '0.823834', '0.709877', '0.755459', '0.773799', '0.742680', '0.799296', '0.782801', '0.831294', '0.845333', '0.779514', '0.755172', '0.741993', '0.835808', '0.770364', '0.796640', '0.813310', '0.778265']
         : correct/total = [(941, 1140), (862, 1158), (889, 1127), (954, 1158), (805, 1134), (865, 1145), (886, 1145), (837, 1127), (908, 1136), (883, 1128), (951, 1144), (951, 1125), (898, 1152), (876, 1160), (834, 1124), (957, 1145), (889, 1154), (901, 1131), (941, 1157), (888, 1141)]
         : compromised: 0.7553, honest: 0.7880
         : ubar stats = ['Node 0: s1=0.895, s2=0.324', 'Node 1: s1=0.895, s2=0.882', 'Node 2: s1=0.895, s2=0.059']...
Round 005: test acc mean=0.8353 ± 0.0233 | min=0.7869 max=0.8715
         : test loss mean=0.3848 ± 0.0298
         : individual accs = ['0.853509', '0.845423', '0.843833', '0.860104', '0.816578', '0.786900', '0.855022', '0.826087', '0.855634', '0.861702', '0.871503', '0.800889', '0.808160', '0.815517', '0.829181', '0.842795', '0.853553', '0.829355', '0.801210', '0.848379']
         : correct/total = [(973, 1140), (979, 1158), (951, 1127), (996, 1158), (926, 1134), (901, 1145), (979, 1145), (931, 1127), (972, 1136), (972, 1128), (997, 1144), (901, 1125), (931, 1152), (946, 1160), (932, 1124), (965, 1145), (985, 1154), (938, 1131), (927, 1157), (968, 1141)]
         : compromised: 0.8012, honest: 0.8391
         : ubar stats = ['Node 0: s1=0.895, s2=0.329', 'Node 1: s1=0.895, s2=0.894', 'Node 2: s1=0.895, s2=0.059']...
Round 006: test acc mean=0.8663 ± 0.0098 | min=0.8479 max=0.8846
         : test loss mean=0.3162 ± 0.0138
         : individual accs = ['0.865789', '0.869603', '0.861579', '0.875648', '0.854497', '0.873362', '0.874236', '0.859805', '0.875880', '0.873227', '0.884615', '0.871111', '0.867188', '0.855172', '0.847865', '0.859389', '0.876083', '0.855880', '0.850475', '0.873795']
         : correct/total = [(987, 1140), (1007, 1158), (971, 1127), (1014, 1158), (969, 1134), (1000, 1145), (1001, 1145), (969, 1127), (995, 1136), (985, 1128), (1012, 1144), (980, 1125), (999, 1152), (992, 1160), (953, 1124), (984, 1145), (1011, 1154), (968, 1131), (984, 1157), (997, 1141)]
         : compromised: 0.8643, honest: 0.8665
         : ubar stats = ['Node 0: s1=0.895, s2=0.284', 'Node 1: s1=0.895, s2=0.843', 'Node 2: s1=0.895, s2=0.098']...
Round 007: test acc mean=0.8794 ± 0.0093 | min=0.8611 max=0.8955
         : test loss mean=0.2900 ± 0.0146
         : individual accs = ['0.883333', '0.895509', '0.872227', '0.884283', '0.871252', '0.888210', '0.882096', '0.876664', '0.886444', '0.888298', '0.886364', '0.887111', '0.865451', '0.873276', '0.863879', '0.861135', '0.889948', '0.880637', '0.871219', '0.880806']
         : correct/total = [(1007, 1140), (1037, 1158), (983, 1127), (1024, 1158), (988, 1134), (1017, 1145), (1010, 1145), (988, 1127), (1007, 1136), (1002, 1128), (1014, 1144), (998, 1125), (997, 1152), (1013, 1160), (971, 1124), (986, 1145), (1027, 1154), (996, 1131), (1008, 1157), (1005, 1141)]
         : compromised: 0.8807, honest: 0.8793
         : ubar stats = ['Node 0: s1=0.895, s2=0.252', 'Node 1: s1=0.895, s2=0.815', 'Node 2: s1=0.895, s2=0.092']...
Round 008: test acc mean=0.8855 ± 0.0079 | min=0.8669 max=0.9012
         : test loss mean=0.2760 ± 0.0132
         : individual accs = ['0.889474', '0.892919', '0.874002', '0.889465', '0.883598', '0.895197', '0.887336', '0.886424', '0.883803', '0.890957', '0.886364', '0.891556', '0.881076', '0.883621', '0.901246', '0.869869', '0.887348', '0.885057', '0.866897', '0.883436']
         : correct/total = [(1014, 1140), (1034, 1158), (985, 1127), (1030, 1158), (1002, 1134), (1025, 1145), (1016, 1145), (999, 1127), (1004, 1136), (1005, 1128), (1014, 1144), (1003, 1125), (1015, 1152), (1025, 1160), (1013, 1124), (996, 1145), (1024, 1154), (1001, 1131), (1003, 1157), (1008, 1141)]
         : compromised: 0.8894, honest: 0.8850
         : ubar stats = ['Node 0: s1=0.895, s2=0.228', 'Node 1: s1=0.895, s2=0.816', 'Node 2: s1=0.895, s2=0.088']...
Round 009: test acc mean=0.8886 ± 0.0097 | min=0.8608 max=0.9031
         : test loss mean=0.2686 ± 0.0160
         : individual accs = ['0.901754', '0.887737', '0.873114', '0.888601', '0.888889', '0.903057', '0.894323', '0.889086', '0.897887', '0.884752', '0.891608', '0.892444', '0.882812', '0.890517', '0.899466', '0.876856', '0.884749', '0.890363', '0.860847', '0.893953']
         : correct/total = [(1028, 1140), (1028, 1158), (984, 1127), (1029, 1158), (1008, 1134), (1034, 1145), (1024, 1145), (1002, 1127), (1020, 1136), (998, 1128), (1020, 1144), (1004, 1125), (1017, 1152), (1033, 1160), (1011, 1124), (1004, 1145), (1021, 1154), (1007, 1131), (996, 1157), (1020, 1141)]
         : compromised: 0.8968, honest: 0.8877
         : ubar stats = ['Node 0: s1=0.895, s2=0.209', 'Node 1: s1=0.895, s2=0.752', 'Node 2: s1=0.895, s2=0.092']...
Round 010: test acc mean=0.8943 ± 0.0080 | min=0.8795 max=0.9066
         : test loss mean=0.2573 ± 0.0163
         : individual accs = ['0.903509', '0.895509', '0.881988', '0.905009', '0.895944', '0.900437', '0.895197', '0.888199', '0.896127', '0.897163', '0.891608', '0.899556', '0.899306', '0.895690', '0.906584', '0.879476', '0.898614', '0.880637', '0.879862', '0.896582']
         : correct/total = [(1030, 1140), (1037, 1158), (994, 1127), (1048, 1158), (1016, 1134), (1031, 1145), (1025, 1145), (1001, 1127), (1018, 1136), (1012, 1128), (1020, 1144), (1012, 1125), (1036, 1152), (1039, 1160), (1019, 1124), (1007, 1145), (1037, 1154), (996, 1131), (1018, 1157), (1023, 1141)]
         : compromised: 0.8981, honest: 0.8939
         : ubar stats = ['Node 0: s1=0.895, s2=0.194', 'Node 1: s1=0.895, s2=0.682', 'Node 2: s1=0.895, s2=0.141']...

=== FINAL RESULTS ===
Dataset: celeba, Nodes: 20, Graph: fully, Aggregation: ubar
Attack: directed_deviation, 10.0% compromised
Final accuracy - Compromised: 0.8981, Honest: 0.8939
Overall test accuracy: mean=0.8943 ± 0.0080

=== UBAR SUMMARY ===
Node 0: stage1=0.895, stage2=0.194, overall=0.174
Node 1: stage1=0.895, stage2=0.682, overall=0.611
Node 2: stage1=0.895, stage2=0.141, overall=0.126
Node 3: stage1=0.895, stage2=0.235, overall=0.211
Node 4: stage1=0.895, stage2=0.671, overall=0.600
Node 5: stage1=0.895, stage2=0.482, overall=0.432
Node 6: stage1=0.895, stage2=0.288, overall=0.258
Node 7: stage1=0.895, stage2=0.476, overall=0.426
Node 8: stage1=0.895, stage2=0.271, overall=0.242
Node 9: stage1=0.895, stage2=0.371, overall=0.332
Node 10: stage1=0.895, stage2=0.212, overall=0.189
Node 11: stage1=0.895, stage2=0.206, overall=0.184
Node 12: stage1=0.895, stage2=0.494, overall=0.442
Node 13: stage1=0.895, stage2=0.647, overall=0.579
Node 14: stage1=0.895, stage2=0.553, overall=0.495
Node 15: stage1=0.895, stage2=0.141, overall=0.126
Node 16: stage1=0.895, stage2=0.482, overall=0.432
Node 17: stage1=0.895, stage2=0.200, overall=0.179
Node 18: stage1=0.895, stage2=0.506, overall=0.453
Node 19: stage1=0.895, stage2=0.365, overall=0.326

=== PARALLEL EXECUTION TIME (realistic for distributed system) ===
  COMMUNICATION (max across nodes):
    - Full model transfer: 0.000s (0.0%)
  COMPUTATION (max across nodes):
    - Distance computation: 0.049s (16.0%)
    - Loss computation: 0.242s (79.8%)
    - Aggregation: 0.013s (4.2%)
  TOTALS:
    - Total computation: 0.304s (100.0%)
    - Total communication: 0.000s (0.0%)
    - Total parallel time: 0.304s

=== PER-NODE AVERAGE TIME ===
  - Distance computation: 0.046s
  - Loss computation: 0.218s
  - Aggregation: 0.008s
  - Model transfer: 0.000s
  - Total per node: 0.272s

=== TOTAL COMPUTATIONAL WORK (sum across all nodes) ===
  - Total distance computation: 0.917s
  - Total loss computation: 4.354s
  - Total aggregation: 0.159s
  - Total model transfer: 0.000s
  - Grand total: 5.431s
  - Mean Stage 1 acceptance rate: 0.895
  - Mean Stage 2 acceptance rate: 0.381
  - Overall acceptance rate: 0.341

UBAR Algorithm Properties:
  - Model dimension: 2,219,692
  - Rho parameter: 0.9
  - Two-stage approach: Distance filtering + loss evaluation
  - Stage 1 selects: 90% of neighbors
  - Stage 2 uses: Training sample loss comparison
  - Theoretical complexity: O(deg(i)×d + deg(i)×inference)
  - Approach: UBAR paper implementation
