Device: cuda
Seed: 987654321
Looking for images in: /home/student.unimelb.edu.au/mrangwala/Projects/Sketchguard/leaf/data/celeba/data/raw/img_align_celeba
Loading 1 LEAF CelebA train files...
LEAF CelebA train: 9343 users (celebrities), 177457 samples
Looking for images in: /home/student.unimelb.edu.au/mrangwala/Projects/Sketchguard/leaf/data/celeba/data/raw/img_align_celeba
Loading 1 LEAF CelebA test files...
LEAF CelebA test: 9343 users (celebrities), 22831 samples
Found 9343 train users, 9343 test users, 9343 common users
User sample counts range: 31 (max) to 4 (min)
Distributed ALL 9343 users across 20 clients
Users per client: 467 (with 3 clients getting +1 user)
Train partition sizes: [8843, 8998, 8728, 9034, 8866, 8946, 8873, 8776, 8816, 8801, 8913, 8656, 9115, 8921, 8699, 8823, 8912, 8766, 9102, 8869]
Test partition sizes: [1140, 1158, 1127, 1158, 1134, 1145, 1145, 1127, 1136, 1128, 1144, 1125, 1152, 1160, 1124, 1145, 1154, 1131, 1157, 1141]
  Client 0: 8843 train samples, 2 unique classes
  Client 1: 8998 train samples, 2 unique classes
  Client 2: 8728 train samples, 2 unique classes
  Client 3: 9034 train samples, 2 unique classes
  Client 4: 8866 train samples, 2 unique classes
  Client 5: 8946 train samples, 2 unique classes
  Client 6: 8873 train samples, 2 unique classes
  Client 7: 8776 train samples, 2 unique classes
  Client 8: 8816 train samples, 2 unique classes
  Client 9: 8801 train samples, 2 unique classes
  Client 10: 8913 train samples, 2 unique classes
  Client 11: 8656 train samples, 2 unique classes
  Client 12: 9115 train samples, 2 unique classes
  Client 13: 8921 train samples, 2 unique classes
  Client 14: 8699 train samples, 2 unique classes
  Client 15: 8823 train samples, 2 unique classes
  Client 16: 8912 train samples, 2 unique classes
  Client 17: 8766 train samples, 2 unique classes
  Client 18: 9102 train samples, 2 unique classes
  Client 19: 8869 train samples, 2 unique classes
Will sample 4500 samples per client per epoch
Graph: fully, nodes: 20, edges: 190
Degree statistics: avg=19.00, min=19, max=19
Attack: Compromised 10/20 nodes: [1, 2, 5, 11, 12, 13, 14, 15, 17, 18]
Attack type: backdoor, lambda: 1.0
Backdoor target label: 0, trigger size: 8
Model variant: baseline
Model parameters: 2,219,692
Sketchguard Node 0:
  Model dim: 2,219,692 → Sketch size: 350
  Compression ratio: 6342.0x
  Using model parameters for aggregation, sketches for filtering
Sketchguard Node 1:
  Model dim: 2,219,692 → Sketch size: 350
  Compression ratio: 6342.0x
  Using model parameters for aggregation, sketches for filtering
Sketchguard Node 2:
  Model dim: 2,219,692 → Sketch size: 350
  Compression ratio: 6342.0x
  Using model parameters for aggregation, sketches for filtering
Sketchguard Node 3:
  Model dim: 2,219,692 → Sketch size: 350
  Compression ratio: 6342.0x
  Using model parameters for aggregation, sketches for filtering
Sketchguard Node 4:
  Model dim: 2,219,692 → Sketch size: 350
  Compression ratio: 6342.0x
  Using model parameters for aggregation, sketches for filtering
Sketchguard Node 5:
  Model dim: 2,219,692 → Sketch size: 350
  Compression ratio: 6342.0x
  Using model parameters for aggregation, sketches for filtering
Sketchguard Node 6:
  Model dim: 2,219,692 → Sketch size: 350
  Compression ratio: 6342.0x
  Using model parameters for aggregation, sketches for filtering
Sketchguard Node 7:
  Model dim: 2,219,692 → Sketch size: 350
  Compression ratio: 6342.0x
  Using model parameters for aggregation, sketches for filtering
Sketchguard Node 8:
  Model dim: 2,219,692 → Sketch size: 350
  Compression ratio: 6342.0x
  Using model parameters for aggregation, sketches for filtering
Sketchguard Node 9:
  Model dim: 2,219,692 → Sketch size: 350
  Compression ratio: 6342.0x
  Using model parameters for aggregation, sketches for filtering
Sketchguard Node 10:
  Model dim: 2,219,692 → Sketch size: 350
  Compression ratio: 6342.0x
  Using model parameters for aggregation, sketches for filtering
Sketchguard Node 11:
  Model dim: 2,219,692 → Sketch size: 350
  Compression ratio: 6342.0x
  Using model parameters for aggregation, sketches for filtering
Sketchguard Node 12:
  Model dim: 2,219,692 → Sketch size: 350
  Compression ratio: 6342.0x
  Using model parameters for aggregation, sketches for filtering
Sketchguard Node 13:
  Model dim: 2,219,692 → Sketch size: 350
  Compression ratio: 6342.0x
  Using model parameters for aggregation, sketches for filtering
Sketchguard Node 14:
  Model dim: 2,219,692 → Sketch size: 350
  Compression ratio: 6342.0x
  Using model parameters for aggregation, sketches for filtering
Sketchguard Node 15:
  Model dim: 2,219,692 → Sketch size: 350
  Compression ratio: 6342.0x
  Using model parameters for aggregation, sketches for filtering
Sketchguard Node 16:
  Model dim: 2,219,692 → Sketch size: 350
  Compression ratio: 6342.0x
  Using model parameters for aggregation, sketches for filtering
Sketchguard Node 17:
  Model dim: 2,219,692 → Sketch size: 350
  Compression ratio: 6342.0x
  Using model parameters for aggregation, sketches for filtering
Sketchguard Node 18:
  Model dim: 2,219,692 → Sketch size: 350
  Compression ratio: 6342.0x
  Using model parameters for aggregation, sketches for filtering
Sketchguard Node 19:
  Model dim: 2,219,692 → Sketch size: 350
  Compression ratio: 6342.0x
  Using model parameters for aggregation, sketches for filtering
Sketchguard ALGORITHM (Sketch-based Filtering + State Aggregation)
  - Model dimension: 2,219,692 parameters
  - Config: SketchguardConfig(gamma=2, kappa=1, alpha=0.5, min_neighbors=1, sketch_size=350, network_seed=987654321, attack_detection_window=5)
  - Sketch size: 350
  - Compression ratio: 6342.0x
  - Complexity: O(d + N×k) = O(2,219,692 + 20×350)
  - Theoretical speedup vs BALANCE: 19.9x
Initial test acc across nodes: mean=0.4978 ± 0.0208
Backdoor attack: Created poisoned datasets for 10 compromised nodes
Round 001: test acc mean=0.5948 ± 0.0848 | min=0.4942 max=0.7140
         : test loss mean=1940.0292 ± 1992.1887
         : individual accs = ['0.707895', '0.508636', '0.494232', '0.673575', '0.596120', '0.514410', '0.701310', '0.644188', '0.678697', '0.701241', '0.684441', '0.520889', '0.522569', '0.506897', '0.517794', '0.521397', '0.714038', '0.508400', '0.522040', '0.656442']
         : correct/total = [(807, 1140), (589, 1158), (557, 1127), (780, 1158), (676, 1134), (589, 1145), (803, 1145), (726, 1127), (771, 1136), (791, 1128), (783, 1144), (586, 1125), (602, 1152), (588, 1160), (582, 1124), (597, 1145), (824, 1154), (575, 1131), (604, 1157), (749, 1141)]
         : compromised: 0.5137, honest: 0.6758
         : sketchguard stats = ['Node 0: acc_rate=0.474', 'Node 1: acc_rate=0.526', 'Node 2: acc_rate=0.526']...
Round 002: test acc mean=0.5719 ± 0.0820 | min=0.4760 max=0.6889
         : test loss mean=40897369.8795 ± 72582562.3153
         : individual accs = ['0.643860', '0.506045', '0.506655', '0.658895', '0.531746', '0.485590', '0.639301', '0.666371', '0.618838', '0.658688', '0.686189', '0.504000', '0.477431', '0.507759', '0.475979', '0.527511', '0.688908', '0.491600', '0.484875', '0.678352']
         : correct/total = [(734, 1140), (586, 1158), (571, 1127), (763, 1158), (603, 1134), (556, 1145), (732, 1145), (751, 1127), (703, 1136), (743, 1128), (785, 1144), (567, 1125), (550, 1152), (589, 1160), (535, 1124), (604, 1145), (795, 1154), (556, 1131), (561, 1157), (774, 1141)]
         : compromised: 0.4967, honest: 0.6471
         : sketchguard stats = ['Node 0: acc_rate=0.474', 'Node 1: acc_rate=0.763', 'Node 2: acc_rate=0.763']...
Round 003: test acc mean=0.5903 ± 0.0863 | min=0.4822 max=0.7218
         : test loss mean=nan ± nan
         : individual accs = ['0.625439', '0.508636', '0.493345', '0.686528', '0.615520', '0.514410', '0.648035', '0.670807', '0.698063', '0.681738', '0.694056', '0.498667', '0.522569', '0.506897', '0.482206', '0.517031', '0.721837', '0.508400', '0.522040', '0.689746']
         : correct/total = [(713, 1140), (589, 1158), (556, 1127), (795, 1158), (698, 1134), (589, 1145), (742, 1145), (756, 1127), (793, 1136), (769, 1128), (794, 1144), (561, 1125), (602, 1152), (588, 1160), (542, 1124), (592, 1145), (833, 1154), (575, 1131), (604, 1157), (787, 1141)]
         : compromised: 0.5074, honest: 0.6732
         : sketchguard stats = ['Node 0: acc_rate=0.474', 'Node 1: acc_rate=0.509', 'Node 2: acc_rate=0.509']...
Round 004: test acc mean=0.6224 ± 0.1121 | min=0.4933 max=0.7582
         : test loss mean=nan ± nan
         : individual accs = ['0.711404', '0.508636', '0.493345', '0.737478', '0.718695', '0.514410', '0.735371', '0.724933', '0.735915', '0.738475', '0.755245', '0.498667', '0.522569', '0.506897', '0.517794', '0.517031', '0.758232', '0.508400', '0.522040', '0.723050']
         : correct/total = [(811, 1140), (589, 1158), (556, 1127), (854, 1158), (815, 1134), (589, 1145), (842, 1145), (817, 1127), (836, 1136), (833, 1128), (864, 1144), (561, 1125), (602, 1152), (588, 1160), (582, 1124), (592, 1145), (875, 1154), (575, 1131), (604, 1157), (825, 1141)]
         : compromised: 0.5110, honest: 0.7339
         : sketchguard stats = ['Node 0: acc_rate=0.474', 'Node 1: acc_rate=0.382', 'Node 2: acc_rate=0.382']...
Round 005: test acc mean=0.6483 ± 0.1379 | min=0.4933 max=0.8085
         : test loss mean=nan ± nan
         : individual accs = ['0.764035', '0.508636', '0.493345', '0.780656', '0.783069', '0.514410', '0.793886', '0.762201', '0.794014', '0.808511', '0.798077', '0.498667', '0.522569', '0.506897', '0.517794', '0.517031', '0.800693', '0.508400', '0.522040', '0.771253']
         : correct/total = [(871, 1140), (589, 1158), (556, 1127), (904, 1158), (888, 1134), (589, 1145), (909, 1145), (859, 1127), (902, 1136), (912, 1128), (913, 1144), (561, 1125), (602, 1152), (588, 1160), (582, 1124), (592, 1145), (924, 1154), (575, 1131), (604, 1157), (880, 1141)]
         : compromised: 0.5110, honest: 0.7856
         : sketchguard stats = ['Node 0: acc_rate=0.474', 'Node 1: acc_rate=0.305', 'Node 2: acc_rate=0.305']...
Round 006: test acc mean=0.6662 ± 0.1557 | min=0.4933 max=0.8453
         : test loss mean=nan ± nan
         : individual accs = ['0.818421', '0.508636', '0.493345', '0.822107', '0.804233', '0.514410', '0.809607', '0.808341', '0.819542', '0.840426', '0.845280', '0.498667', '0.522569', '0.506897', '0.517794', '0.517031', '0.811092', '0.508400', '0.522040', '0.835232']
         : correct/total = [(933, 1140), (589, 1158), (556, 1127), (952, 1158), (912, 1134), (589, 1145), (927, 1145), (911, 1127), (931, 1136), (948, 1128), (967, 1144), (561, 1125), (602, 1152), (588, 1160), (582, 1124), (592, 1145), (936, 1154), (575, 1131), (604, 1157), (953, 1141)]
         : compromised: 0.5110, honest: 0.8214
         : sketchguard stats = ['Node 0: acc_rate=0.474', 'Node 1: acc_rate=0.254', 'Node 2: acc_rate=0.254']...
Round 007: test acc mean=0.6842 ± 0.1734 | min=0.4933 max=0.8706
         : test loss mean=nan ± nan
         : individual accs = ['0.850877', '0.508636', '0.493345', '0.852332', '0.842152', '0.514410', '0.862009', '0.848270', '0.862676', '0.860816', '0.870629', '0.498667', '0.522569', '0.506897', '0.517794', '0.517031', '0.859619', '0.508400', '0.522040', '0.864154']
         : correct/total = [(970, 1140), (589, 1158), (556, 1127), (987, 1158), (955, 1134), (589, 1145), (987, 1145), (956, 1127), (980, 1136), (971, 1128), (996, 1144), (561, 1125), (602, 1152), (588, 1160), (582, 1124), (592, 1145), (992, 1154), (575, 1131), (604, 1157), (986, 1141)]
         : compromised: 0.5110, honest: 0.8574
         : sketchguard stats = ['Node 0: acc_rate=0.474', 'Node 1: acc_rate=0.218', 'Node 2: acc_rate=0.218']...
Round 008: test acc mean=0.6899 ± 0.1791 | min=0.4933 max=0.8785
         : test loss mean=nan ± nan
         : individual accs = ['0.861404', '0.508636', '0.493345', '0.861831', '0.857143', '0.514410', '0.871616', '0.874889', '0.868838', '0.874113', '0.878497', '0.498667', '0.522569', '0.506897', '0.517794', '0.517031', '0.875217', '0.508400', '0.522040', '0.864154']
         : correct/total = [(982, 1140), (589, 1158), (556, 1127), (998, 1158), (972, 1134), (589, 1145), (998, 1145), (986, 1127), (987, 1136), (986, 1128), (1005, 1144), (561, 1125), (602, 1152), (588, 1160), (582, 1124), (592, 1145), (1010, 1154), (575, 1131), (604, 1157), (986, 1141)]
         : compromised: 0.5110, honest: 0.8688
         : sketchguard stats = ['Node 0: acc_rate=0.474', 'Node 1: acc_rate=0.191', 'Node 2: acc_rate=0.191']...
Round 009: test acc mean=0.6982 ± 0.1874 | min=0.4933 max=0.8942
         : test loss mean=nan ± nan
         : individual accs = ['0.873684', '0.508636', '0.493345', '0.892919', '0.873898', '0.514410', '0.885590', '0.888199', '0.885563', '0.892730', '0.894231', '0.498667', '0.522569', '0.506897', '0.517794', '0.517031', '0.881282', '0.508400', '0.522040', '0.886065']
         : correct/total = [(996, 1140), (589, 1158), (556, 1127), (1034, 1158), (991, 1134), (589, 1145), (1014, 1145), (1001, 1127), (1006, 1136), (1007, 1128), (1023, 1144), (561, 1125), (602, 1152), (588, 1160), (582, 1124), (592, 1145), (1017, 1154), (575, 1131), (604, 1157), (1011, 1141)]
         : compromised: 0.5110, honest: 0.8854
         : sketchguard stats = ['Node 0: acc_rate=0.474', 'Node 1: acc_rate=0.170', 'Node 2: acc_rate=0.170']...
Round 010: test acc mean=0.7008 ± 0.1900 | min=0.4933 max=0.9034
         : test loss mean=nan ± nan
         : individual accs = ['0.886842', '0.508636', '0.493345', '0.894646', '0.883598', '0.514410', '0.886463', '0.893523', '0.889085', '0.903369', '0.893357', '0.498667', '0.522569', '0.506897', '0.517794', '0.517031', '0.888215', '0.508400', '0.522040', '0.886941']
         : correct/total = [(1011, 1140), (589, 1158), (556, 1127), (1036, 1158), (1002, 1134), (589, 1145), (1015, 1145), (1007, 1127), (1010, 1136), (1019, 1128), (1022, 1144), (561, 1125), (602, 1152), (588, 1160), (582, 1124), (592, 1145), (1025, 1154), (575, 1131), (604, 1157), (1012, 1141)]
         : compromised: 0.5110, honest: 0.8906
         : sketchguard stats = ['Node 0: acc_rate=0.474', 'Node 1: acc_rate=0.153', 'Node 2: acc_rate=0.153']...

=== FINAL RESULTS ===
Dataset: celeba, Nodes: 20, Graph: fully, Aggregation: sketchguard
Attack: backdoor, 50.0% compromised
Final accuracy - Compromised: 0.5110, Honest: 0.8906
Overall test accuracy: mean=0.7008 ± 0.1900

=== BACKDOOR ATTACK SUCCESS RATE (ASR) ===
Target label: 0
Trigger size: 8x8
Overall ASR: 0.7760 ± 0.2243
Honest nodes ASR: 0.5521 ± 0.0162
Compromised nodes ASR: 1.0000 ± 0.0000
Note: Higher ASR indicates more successful backdoor attack

=== Sketchguard SUMMARY ===
Node 0: acceptance=0.474
Node 1: acceptance=0.153
Node 2: acceptance=0.153
Node 3: acceptance=0.474
Node 4: acceptance=0.474
Node 5: acceptance=0.153
Node 6: acceptance=0.474
Node 7: acceptance=0.474
Node 8: acceptance=0.474
Node 9: acceptance=0.474
Node 10: acceptance=0.474
Node 11: acceptance=0.153
Node 12: acceptance=0.153
Node 13: acceptance=0.153
Node 14: acceptance=0.253
Node 15: acceptance=0.153
Node 16: acceptance=0.474
Node 17: acceptance=0.153
Node 18: acceptance=0.153
Node 19: acceptance=0.474

=== PARALLEL EXECUTION TIME (realistic for distributed system) ===
  COMMUNICATION (max across nodes):
    - Sketch transfer: 0.000s (0.0%)
    - Model fetch (accepted): 0.000s (0.0%)
  COMPUTATION (max across nodes):
    - Sketching: 0.775s (97.5%)
    - Filtering: 0.001s (0.2%)
    - Aggregation: 0.018s (2.3%)
  TOTALS:
    - Total computation: 0.795s (100.0%)
    - Total communication: 0.000s (0.0%)
    - Total parallel time: 0.795s

=== PER-NODE AVERAGE TIME ===
  - Sketching: 0.648s
  - Filtering: 0.001s
  - Aggregation: 0.011s
  - Sketch transfer: 0.000s
  - Model fetch: 0.000s
  - Total per node: 0.660s

=== TOTAL COMPUTATIONAL WORK (sum across all nodes) ===
  - Total sketching: 12.964s
  - Total filtering: 0.019s
  - Total aggregation: 0.211s
  - Total sketch transfer: 0.000s
  - Total model fetch: 0.000s
  - Grand total: 13.193s
  - Mean acceptance rate: 0.318

Sketchguard Algorithm Properties:
  - Original dimension: 2,219,692
  - Sketch size: 350
  - Compression ratio: 19.9x
  - Single repetition: No repetitions needed
  - Theoretical complexity: O(d + N×k)
  - Approach: Sketch filtering + state aggregation
