Device: cuda
Seed: 987654321
Looking for images in: /home/student.unimelb.edu.au/mrangwala/Projects/Sketchguard/leaf/data/celeba/data/raw/img_align_celeba
Loading 1 LEAF CelebA train files...
LEAF CelebA train: 9343 users (celebrities), 177457 samples
Looking for images in: /home/student.unimelb.edu.au/mrangwala/Projects/Sketchguard/leaf/data/celeba/data/raw/img_align_celeba
Loading 1 LEAF CelebA test files...
LEAF CelebA test: 9343 users (celebrities), 22831 samples
Found 9343 train users, 9343 test users, 9343 common users
User sample counts range: 31 (max) to 4 (min)
Distributed ALL 9343 users across 20 clients
Users per client: 467 (with 3 clients getting +1 user)
Train partition sizes: [8843, 8998, 8728, 9034, 8866, 8946, 8873, 8776, 8816, 8801, 8913, 8656, 9115, 8921, 8699, 8823, 8912, 8766, 9102, 8869]
Test partition sizes: [1140, 1158, 1127, 1158, 1134, 1145, 1145, 1127, 1136, 1128, 1144, 1125, 1152, 1160, 1124, 1145, 1154, 1131, 1157, 1141]
  Client 0: 8843 train samples, 2 unique classes
  Client 1: 8998 train samples, 2 unique classes
  Client 2: 8728 train samples, 2 unique classes
  Client 3: 9034 train samples, 2 unique classes
  Client 4: 8866 train samples, 2 unique classes
  Client 5: 8946 train samples, 2 unique classes
  Client 6: 8873 train samples, 2 unique classes
  Client 7: 8776 train samples, 2 unique classes
  Client 8: 8816 train samples, 2 unique classes
  Client 9: 8801 train samples, 2 unique classes
  Client 10: 8913 train samples, 2 unique classes
  Client 11: 8656 train samples, 2 unique classes
  Client 12: 9115 train samples, 2 unique classes
  Client 13: 8921 train samples, 2 unique classes
  Client 14: 8699 train samples, 2 unique classes
  Client 15: 8823 train samples, 2 unique classes
  Client 16: 8912 train samples, 2 unique classes
  Client 17: 8766 train samples, 2 unique classes
  Client 18: 9102 train samples, 2 unique classes
  Client 19: 8869 train samples, 2 unique classes
Will sample 4500 samples per client per epoch
Graph: erdos, nodes: 20, edges: 126
Degree statistics: avg=12.60, min=8, max=16
Attack: Compromised 12/20 nodes: [1, 2, 3, 5, 8, 11, 12, 13, 14, 15, 17, 18]
Attack type: krum, lambda: 1.0
Model variant: baseline
Model parameters: 2,219,692
Sketchguard Node 0:
  Model dim: 2,219,692 → Sketch size: 350
  Compression ratio: 6342.0x
  Using model parameters for aggregation, sketches for filtering
Sketchguard Node 1:
  Model dim: 2,219,692 → Sketch size: 350
  Compression ratio: 6342.0x
  Using model parameters for aggregation, sketches for filtering
Sketchguard Node 2:
  Model dim: 2,219,692 → Sketch size: 350
  Compression ratio: 6342.0x
  Using model parameters for aggregation, sketches for filtering
Sketchguard Node 3:
  Model dim: 2,219,692 → Sketch size: 350
  Compression ratio: 6342.0x
  Using model parameters for aggregation, sketches for filtering
Sketchguard Node 4:
  Model dim: 2,219,692 → Sketch size: 350
  Compression ratio: 6342.0x
  Using model parameters for aggregation, sketches for filtering
Sketchguard Node 5:
  Model dim: 2,219,692 → Sketch size: 350
  Compression ratio: 6342.0x
  Using model parameters for aggregation, sketches for filtering
Sketchguard Node 6:
  Model dim: 2,219,692 → Sketch size: 350
  Compression ratio: 6342.0x
  Using model parameters for aggregation, sketches for filtering
Sketchguard Node 7:
  Model dim: 2,219,692 → Sketch size: 350
  Compression ratio: 6342.0x
  Using model parameters for aggregation, sketches for filtering
Sketchguard Node 8:
  Model dim: 2,219,692 → Sketch size: 350
  Compression ratio: 6342.0x
  Using model parameters for aggregation, sketches for filtering
Sketchguard Node 9:
  Model dim: 2,219,692 → Sketch size: 350
  Compression ratio: 6342.0x
  Using model parameters for aggregation, sketches for filtering
Sketchguard Node 10:
  Model dim: 2,219,692 → Sketch size: 350
  Compression ratio: 6342.0x
  Using model parameters for aggregation, sketches for filtering
Sketchguard Node 11:
  Model dim: 2,219,692 → Sketch size: 350
  Compression ratio: 6342.0x
  Using model parameters for aggregation, sketches for filtering
Sketchguard Node 12:
  Model dim: 2,219,692 → Sketch size: 350
  Compression ratio: 6342.0x
  Using model parameters for aggregation, sketches for filtering
Sketchguard Node 13:
  Model dim: 2,219,692 → Sketch size: 350
  Compression ratio: 6342.0x
  Using model parameters for aggregation, sketches for filtering
Sketchguard Node 14:
  Model dim: 2,219,692 → Sketch size: 350
  Compression ratio: 6342.0x
  Using model parameters for aggregation, sketches for filtering
Sketchguard Node 15:
  Model dim: 2,219,692 → Sketch size: 350
  Compression ratio: 6342.0x
  Using model parameters for aggregation, sketches for filtering
Sketchguard Node 16:
  Model dim: 2,219,692 → Sketch size: 350
  Compression ratio: 6342.0x
  Using model parameters for aggregation, sketches for filtering
Sketchguard Node 17:
  Model dim: 2,219,692 → Sketch size: 350
  Compression ratio: 6342.0x
  Using model parameters for aggregation, sketches for filtering
Sketchguard Node 18:
  Model dim: 2,219,692 → Sketch size: 350
  Compression ratio: 6342.0x
  Using model parameters for aggregation, sketches for filtering
Sketchguard Node 19:
  Model dim: 2,219,692 → Sketch size: 350
  Compression ratio: 6342.0x
  Using model parameters for aggregation, sketches for filtering
Sketchguard ALGORITHM (Sketch-based Filtering + State Aggregation)
  - Model dimension: 2,219,692 parameters
  - Config: SketchguardConfig(gamma=2, kappa=1, alpha=0.5, min_neighbors=1, sketch_size=350, network_seed=987654321, attack_detection_window=5)
  - Sketch size: 350
  - Compression ratio: 6342.0x
  - Complexity: O(d + N×k) = O(2,219,692 + 20×350)
  - Theoretical speedup vs BALANCE: 19.9x
Initial test acc across nodes: mean=0.4978 ± 0.0208
Round 001: test acc mean=0.6637 ± 0.0467 | min=0.5643 max=0.7274
         : test loss mean=0.6808 ± 0.0034
         : individual accs = ['0.686842', '0.691710', '0.564330', '0.710708', '0.617284', '0.651528', '0.681223', '0.643301', '0.582746', '0.702128', '0.619755', '0.706667', '0.727431', '0.700000', '0.601423', '0.666376', '0.709705', '0.661362', '0.718237', '0.631025']
         : correct/total = [(783, 1140), (801, 1158), (636, 1127), (823, 1158), (700, 1134), (746, 1145), (780, 1145), (725, 1127), (662, 1136), (792, 1128), (709, 1144), (795, 1125), (838, 1152), (812, 1160), (676, 1124), (763, 1145), (819, 1154), (748, 1131), (831, 1157), (720, 1141)]
         : compromised: 0.6652, honest: 0.6614
         : sketchguard stats = ['Node 0: acc_rate=0.438', 'Node 1: acc_rate=0.545', 'Node 2: acc_rate=0.417']...
Round 002: test acc mean=0.6365 ± 0.0483 | min=0.5187 max=0.6993
         : test loss mean=0.6715 ± 0.0076
         : individual accs = ['0.636842', '0.666667', '0.626442', '0.654577', '0.596120', '0.525764', '0.628821', '0.667258', '0.632923', '0.659574', '0.684441', '0.606222', '0.691840', '0.596552', '0.518683', '0.651528', '0.699307', '0.629531', '0.689715', '0.667835']
         : correct/total = [(726, 1140), (772, 1158), (706, 1127), (758, 1158), (676, 1134), (602, 1145), (720, 1145), (752, 1127), (719, 1136), (744, 1128), (783, 1144), (682, 1125), (797, 1152), (692, 1160), (583, 1124), (746, 1145), (807, 1154), (712, 1131), (798, 1157), (762, 1141)]
         : compromised: 0.6242, honest: 0.6550
         : sketchguard stats = ['Node 0: acc_rate=0.438', 'Node 1: acc_rate=0.545', 'Node 2: acc_rate=0.417']...
Round 003: test acc mean=0.6910 ± 0.0243 | min=0.6370 max=0.7392
         : test loss mean=0.6324 ± 0.0143
         : individual accs = ['0.662281', '0.682211', '0.703638', '0.715026', '0.670194', '0.675109', '0.703057', '0.683230', '0.713028', '0.722518', '0.715035', '0.656000', '0.674479', '0.704310', '0.637011', '0.694323', '0.739168', '0.677277', '0.701815', '0.689746']
         : correct/total = [(755, 1140), (790, 1158), (793, 1127), (828, 1158), (760, 1134), (773, 1145), (805, 1145), (770, 1127), (810, 1136), (815, 1128), (818, 1144), (738, 1125), (777, 1152), (817, 1160), (716, 1124), (795, 1145), (853, 1154), (766, 1131), (812, 1157), (787, 1141)]
         : compromised: 0.6862, honest: 0.6982
         : sketchguard stats = ['Node 0: acc_rate=0.438', 'Node 1: acc_rate=0.545', 'Node 2: acc_rate=0.417']...
Round 004: test acc mean=0.7599 ± 0.0132 | min=0.7226 max=0.7791
         : test loss mean=0.5353 ± 0.0162
         : individual accs = ['0.763158', '0.751295', '0.764862', '0.758204', '0.778660', '0.756332', '0.765939', '0.759539', '0.757923', '0.762411', '0.775350', '0.770667', '0.764757', '0.745690', '0.757117', '0.737991', '0.771231', '0.755968', '0.722558', '0.779141']
         : correct/total = [(870, 1140), (870, 1158), (862, 1127), (878, 1158), (883, 1134), (866, 1145), (877, 1145), (856, 1127), (861, 1136), (860, 1128), (887, 1144), (867, 1125), (881, 1152), (865, 1160), (851, 1124), (845, 1145), (890, 1154), (855, 1131), (836, 1157), (889, 1141)]
         : compromised: 0.7536, honest: 0.7694
         : sketchguard stats = ['Node 0: acc_rate=0.438', 'Node 1: acc_rate=0.545', 'Node 2: acc_rate=0.417']...
Round 005: test acc mean=0.8062 ± 0.0194 | min=0.7686 max=0.8432
         : test loss mean=0.4314 ± 0.0212
         : individual accs = ['0.806140', '0.815199', '0.803017', '0.784974', '0.806878', '0.768559', '0.817467', '0.801242', '0.826585', '0.843085', '0.823427', '0.812444', '0.796007', '0.783621', '0.809609', '0.786900', '0.843154', '0.793103', '0.782195', '0.821209']
         : correct/total = [(919, 1140), (944, 1158), (905, 1127), (909, 1158), (915, 1134), (880, 1145), (936, 1145), (903, 1127), (939, 1136), (951, 1128), (942, 1144), (914, 1125), (917, 1152), (909, 1160), (910, 1124), (901, 1145), (973, 1154), (897, 1131), (905, 1157), (937, 1141)]
         : compromised: 0.7969, honest: 0.8203
         : sketchguard stats = ['Node 0: acc_rate=0.438', 'Node 1: acc_rate=0.545', 'Node 2: acc_rate=0.417']...
Round 006: test acc mean=0.8496 ± 0.0182 | min=0.8047 max=0.8748
         : test loss mean=0.3488 ± 0.0192
         : individual accs = ['0.858772', '0.874784', '0.858030', '0.853195', '0.817460', '0.858515', '0.850655', '0.840284', '0.872359', '0.864362', '0.872378', '0.865778', '0.822917', '0.837069', '0.850534', '0.841921', '0.855286', '0.839080', '0.804667', '0.854514']
         : correct/total = [(979, 1140), (1013, 1158), (967, 1127), (988, 1158), (927, 1134), (983, 1145), (974, 1145), (947, 1127), (991, 1136), (975, 1128), (998, 1144), (974, 1125), (948, 1152), (971, 1160), (956, 1124), (964, 1145), (987, 1154), (949, 1131), (931, 1157), (975, 1141)]
         : compromised: 0.8482, honest: 0.8517
         : sketchguard stats = ['Node 0: acc_rate=0.438', 'Node 1: acc_rate=0.545', 'Node 2: acc_rate=0.417']...
Round 007: test acc mean=0.8745 ± 0.0111 | min=0.8507 max=0.8938
         : test loss mean=0.3004 ± 0.0144
         : individual accs = ['0.866667', '0.893782', '0.874889', '0.869603', '0.861552', '0.889956', '0.878603', '0.880213', '0.877641', '0.886525', '0.881119', '0.878222', '0.866319', '0.877586', '0.877224', '0.850655', '0.887348', '0.863837', '0.853933', '0.874671']
         : correct/total = [(988, 1140), (1035, 1158), (986, 1127), (1007, 1158), (977, 1134), (1019, 1145), (1006, 1145), (992, 1127), (997, 1136), (1000, 1128), (1008, 1144), (988, 1125), (998, 1152), (1018, 1160), (986, 1124), (974, 1145), (1024, 1154), (977, 1131), (988, 1157), (998, 1141)]
         : compromised: 0.8728, honest: 0.8771
         : sketchguard stats = ['Node 0: acc_rate=0.438', 'Node 1: acc_rate=0.545', 'Node 2: acc_rate=0.417']...
Round 008: test acc mean=0.8793 ± 0.0092 | min=0.8643 max=0.8987
         : test loss mean=0.2873 ± 0.0150
         : individual accs = ['0.881579', '0.886874', '0.868678', '0.870466', '0.873898', '0.898690', '0.880349', '0.886424', '0.873239', '0.879433', '0.886364', '0.890667', '0.882812', '0.872414', '0.895018', '0.871616', '0.882149', '0.866490', '0.864304', '0.874671']
         : correct/total = [(1005, 1140), (1027, 1158), (979, 1127), (1008, 1158), (991, 1134), (1029, 1145), (1008, 1145), (999, 1127), (992, 1136), (992, 1128), (1014, 1144), (1002, 1125), (1017, 1152), (1012, 1160), (1006, 1124), (998, 1145), (1018, 1154), (980, 1131), (1000, 1157), (998, 1141)]
         : compromised: 0.8784, honest: 0.8806
         : sketchguard stats = ['Node 0: acc_rate=0.438', 'Node 1: acc_rate=0.545', 'Node 2: acc_rate=0.417']...
Round 009: test acc mean=0.8897 ± 0.0109 | min=0.8522 max=0.9039
         : test loss mean=0.2688 ± 0.0199
         : individual accs = ['0.893860', '0.897237', '0.879326', '0.898100', '0.888007', '0.903930', '0.892576', '0.898846', '0.893486', '0.893617', '0.894231', '0.896889', '0.891493', '0.890517', '0.892349', '0.879476', '0.889948', '0.876216', '0.852204', '0.891323']
         : correct/total = [(1019, 1140), (1039, 1158), (991, 1127), (1040, 1158), (1007, 1134), (1035, 1145), (1022, 1145), (1013, 1127), (1015, 1136), (1008, 1128), (1023, 1144), (1009, 1125), (1027, 1152), (1033, 1160), (1003, 1124), (1007, 1145), (1027, 1154), (991, 1131), (986, 1157), (1017, 1141)]
         : compromised: 0.8876, honest: 0.8928
         : sketchguard stats = ['Node 0: acc_rate=0.438', 'Node 1: acc_rate=0.545', 'Node 2: acc_rate=0.417']...
Round 010: test acc mean=0.8945 ± 0.0079 | min=0.8762 max=0.9051
         : test loss mean=0.2583 ± 0.0154
         : individual accs = ['0.900000', '0.895509', '0.889973', '0.897237', '0.891534', '0.903930', '0.890830', '0.904170', '0.899648', '0.905142', '0.893357', '0.898667', '0.894965', '0.896552', '0.903915', '0.888210', '0.896014', '0.876216', '0.877269', '0.887818']
         : correct/total = [(1026, 1140), (1037, 1158), (1003, 1127), (1039, 1158), (1011, 1134), (1035, 1145), (1020, 1145), (1019, 1127), (1022, 1136), (1021, 1128), (1022, 1144), (1011, 1125), (1031, 1152), (1040, 1160), (1016, 1124), (1017, 1145), (1034, 1154), (991, 1131), (1015, 1157), (1013, 1141)]
         : compromised: 0.8935, honest: 0.8961
         : sketchguard stats = ['Node 0: acc_rate=0.438', 'Node 1: acc_rate=0.545', 'Node 2: acc_rate=0.417']...

=== FINAL RESULTS ===
Dataset: celeba, Nodes: 20, Graph: erdos, Aggregation: sketchguard
Attack: krum, 60.0% compromised
Final accuracy - Compromised: 0.8935, Honest: 0.8961
Overall test accuracy: mean=0.8945 ± 0.0079

=== Sketchguard SUMMARY ===
Node 0: acceptance=0.438
Node 1: acceptance=0.545
Node 2: acceptance=0.417
Node 3: acceptance=0.500
Node 4: acceptance=0.455
Node 5: acceptance=0.400
Node 6: acceptance=0.357
Node 7: acceptance=0.357
Node 8: acceptance=0.300
Node 9: acceptance=0.462
Node 10: acceptance=0.444
Node 11: acceptance=0.429
Node 12: acceptance=0.500
Node 13: acceptance=0.385
Node 14: acceptance=0.400
Node 15: acceptance=0.364
Node 16: acceptance=0.308
Node 17: acceptance=0.667
Node 18: acceptance=0.438
Node 19: acceptance=0.375

=== PARALLEL EXECUTION TIME (realistic for distributed system) ===
  COMMUNICATION (max across nodes):
    - Sketch transfer: 0.000s (0.0%)
    - Model fetch (accepted): 0.000s (0.0%)
  COMPUTATION (max across nodes):
    - Sketching: 0.761s (97.7%)
    - Filtering: 0.001s (0.2%)
    - Aggregation: 0.017s (2.1%)
  TOTALS:
    - Total computation: 0.779s (100.0%)
    - Total communication: 0.000s (0.0%)
    - Total parallel time: 0.779s

=== PER-NODE AVERAGE TIME ===
  - Sketching: 0.616s
  - Filtering: 0.001s
  - Aggregation: 0.010s
  - Sketch transfer: 0.000s
  - Model fetch: 0.000s
  - Total per node: 0.627s

=== TOTAL COMPUTATIONAL WORK (sum across all nodes) ===
  - Total sketching: 12.318s
  - Total filtering: 0.016s
  - Total aggregation: 0.203s
  - Total sketch transfer: 0.000s
  - Total model fetch: 0.000s
  - Grand total: 12.537s
  - Mean acceptance rate: 0.427

Sketchguard Algorithm Properties:
  - Original dimension: 2,219,692
  - Sketch size: 350
  - Compression ratio: 19.9x
  - Single repetition: No repetitions needed
  - Theoretical complexity: O(d + N×k)
  - Approach: Sketch filtering + state aggregation
