Device: cuda
Seed: 987654321
Loading 36 LEAF FEMNIST train files...
LEAF FEMNIST train: 3597 users, 734463 samples
Loading 36 LEAF FEMNIST test files...
LEAF FEMNIST test: 3597 users, 83388 samples
Found 3597 train users, 3597 test users, 3597 common users
User sample counts range: 525 (max) to 17 (min)
Distributed ALL 3597 users across 20 clients
Users per client: 179 (with 17 clients getting +1 user)
Train partition sizes: [36360, 37070, 35957, 38262, 36024, 37732, 36921, 38328, 36867, 37683, 36507, 36915, 36007, 37001, 35681, 35453, 36585, 36801, 35964, 36345]
Test partition sizes: [4128, 4203, 4081, 4333, 4091, 4287, 4193, 4349, 4191, 4277, 4143, 4193, 4093, 4197, 4052, 4029, 4153, 4183, 4084, 4128]
  Client 0: 36360 train samples, 62 unique classes
  Client 1: 37070 train samples, 62 unique classes
  Client 2: 35957 train samples, 62 unique classes
  Client 3: 38262 train samples, 62 unique classes
  Client 4: 36024 train samples, 62 unique classes
  Client 5: 37732 train samples, 62 unique classes
  Client 6: 36921 train samples, 62 unique classes
  Client 7: 38328 train samples, 62 unique classes
  Client 8: 36867 train samples, 62 unique classes
  Client 9: 37683 train samples, 62 unique classes
  Client 10: 36507 train samples, 62 unique classes
  Client 11: 36915 train samples, 62 unique classes
  Client 12: 36007 train samples, 62 unique classes
  Client 13: 37001 train samples, 62 unique classes
  Client 14: 35681 train samples, 62 unique classes
  Client 15: 35453 train samples, 62 unique classes
  Client 16: 36585 train samples, 62 unique classes
  Client 17: 36801 train samples, 62 unique classes
  Client 18: 35964 train samples, 62 unique classes
  Client 19: 36345 train samples, 62 unique classes
Will sample 4500 samples per client per epoch
Graph: erdos, nodes: 20, edges: 126
Degree statistics: avg=12.60, min=8, max=16
Attack: Compromised 10/20 nodes: [1, 2, 5, 11, 12, 13, 14, 15, 17, 18]
Attack type: gaussian, lambda: 1.0
Model variant: baseline
Model parameters: 6,603,710
Sketchguard Node 0:
  Model dim: 6,603,710 → Sketch size: 1000
  Compression ratio: 6603.7x
  Using model parameters for aggregation, sketches for filtering
Sketchguard Node 1:
  Model dim: 6,603,710 → Sketch size: 1000
  Compression ratio: 6603.7x
  Using model parameters for aggregation, sketches for filtering
Sketchguard Node 2:
  Model dim: 6,603,710 → Sketch size: 1000
  Compression ratio: 6603.7x
  Using model parameters for aggregation, sketches for filtering
Sketchguard Node 3:
  Model dim: 6,603,710 → Sketch size: 1000
  Compression ratio: 6603.7x
  Using model parameters for aggregation, sketches for filtering
Sketchguard Node 4:
  Model dim: 6,603,710 → Sketch size: 1000
  Compression ratio: 6603.7x
  Using model parameters for aggregation, sketches for filtering
Sketchguard Node 5:
  Model dim: 6,603,710 → Sketch size: 1000
  Compression ratio: 6603.7x
  Using model parameters for aggregation, sketches for filtering
Sketchguard Node 6:
  Model dim: 6,603,710 → Sketch size: 1000
  Compression ratio: 6603.7x
  Using model parameters for aggregation, sketches for filtering
Sketchguard Node 7:
  Model dim: 6,603,710 → Sketch size: 1000
  Compression ratio: 6603.7x
  Using model parameters for aggregation, sketches for filtering
Sketchguard Node 8:
  Model dim: 6,603,710 → Sketch size: 1000
  Compression ratio: 6603.7x
  Using model parameters for aggregation, sketches for filtering
Sketchguard Node 9:
  Model dim: 6,603,710 → Sketch size: 1000
  Compression ratio: 6603.7x
  Using model parameters for aggregation, sketches for filtering
Sketchguard Node 10:
  Model dim: 6,603,710 → Sketch size: 1000
  Compression ratio: 6603.7x
  Using model parameters for aggregation, sketches for filtering
Sketchguard Node 11:
  Model dim: 6,603,710 → Sketch size: 1000
  Compression ratio: 6603.7x
  Using model parameters for aggregation, sketches for filtering
Sketchguard Node 12:
  Model dim: 6,603,710 → Sketch size: 1000
  Compression ratio: 6603.7x
  Using model parameters for aggregation, sketches for filtering
Sketchguard Node 13:
  Model dim: 6,603,710 → Sketch size: 1000
  Compression ratio: 6603.7x
  Using model parameters for aggregation, sketches for filtering
Sketchguard Node 14:
  Model dim: 6,603,710 → Sketch size: 1000
  Compression ratio: 6603.7x
  Using model parameters for aggregation, sketches for filtering
Sketchguard Node 15:
  Model dim: 6,603,710 → Sketch size: 1000
  Compression ratio: 6603.7x
  Using model parameters for aggregation, sketches for filtering
Sketchguard Node 16:
  Model dim: 6,603,710 → Sketch size: 1000
  Compression ratio: 6603.7x
  Using model parameters for aggregation, sketches for filtering
Sketchguard Node 17:
  Model dim: 6,603,710 → Sketch size: 1000
  Compression ratio: 6603.7x
  Using model parameters for aggregation, sketches for filtering
Sketchguard Node 18:
  Model dim: 6,603,710 → Sketch size: 1000
  Compression ratio: 6603.7x
  Using model parameters for aggregation, sketches for filtering
Sketchguard Node 19:
  Model dim: 6,603,710 → Sketch size: 1000
  Compression ratio: 6603.7x
  Using model parameters for aggregation, sketches for filtering
Sketchguard ALGORITHM (Sketch-based Filtering + State Aggregation)
  - Model dimension: 6,603,710 parameters
  - Config: SketchguardConfig(gamma=2, kappa=1, alpha=0.5, min_neighbors=1, sketch_size=1000, network_seed=987654321, attack_detection_window=5)
  - Sketch size: 1000
  - Compression ratio: 6603.7x
  - Complexity: O(d + N×k) = O(6,603,710 + 20×1000)
  - Theoretical speedup vs BALANCE: 19.9x
Initial test acc across nodes: mean=0.0168 ± 0.0139
Round 001: test acc mean=0.0548 ± 0.0078 | min=0.0434 max=0.0830
         : test loss mean=4.0415 ± 0.0070
         : individual accs = ['0.059593', '0.051630', '0.057584', '0.043388', '0.057932', '0.057383', '0.057000', '0.058174', '0.053209', '0.050503', '0.055998', '0.082995', '0.050818', '0.046938', '0.048124', '0.050633', '0.058271', '0.050920', '0.054358', '0.050145']
         : correct/total = [(246, 4128), (217, 4203), (235, 4081), (188, 4333), (237, 4091), (246, 4287), (239, 4193), (253, 4349), (223, 4191), (216, 4277), (232, 4143), (348, 4193), (208, 4093), (197, 4197), (195, 4052), (204, 4029), (242, 4153), (213, 4183), (222, 4084), (207, 4128)]
         : compromised: 0.0551, honest: 0.0544
         : sketchguard stats = ['Node 0: acc_rate=0.500', 'Node 1: acc_rate=0.545', 'Node 2: acc_rate=0.417']...
Round 002: test acc mean=0.0522 ± 0.0041 | min=0.0446 max=0.0582
         : test loss mean=3.9424 ± 0.0147
         : individual accs = ['0.044574', '0.051630', '0.055134', '0.052850', '0.057932', '0.045953', '0.057000', '0.058174', '0.053209', '0.053776', '0.055998', '0.053899', '0.054239', '0.046938', '0.046397', '0.056590', '0.049362', '0.050920', '0.050196', '0.048450']
         : correct/total = [(184, 4128), (217, 4203), (225, 4081), (229, 4333), (237, 4091), (197, 4287), (239, 4193), (253, 4349), (223, 4191), (230, 4277), (232, 4143), (226, 4193), (222, 4093), (197, 4197), (188, 4052), (228, 4029), (205, 4153), (213, 4183), (205, 4084), (200, 4128)]
         : compromised: 0.0512, honest: 0.0531
         : sketchguard stats = ['Node 0: acc_rate=0.500', 'Node 1: acc_rate=0.545', 'Node 2: acc_rate=0.417']...
Round 003: test acc mean=0.0547 ± 0.0042 | min=0.0475 max=0.0624
         : test loss mean=3.7805 ± 0.0154
         : individual accs = ['0.059593', '0.050916', '0.050723', '0.048234', '0.057932', '0.050618', '0.057000', '0.051276', '0.054880', '0.047463', '0.055998', '0.053899', '0.058637', '0.062426', '0.061204', '0.056342', '0.058271', '0.050203', '0.052889', '0.055475']
         : correct/total = [(246, 4128), (214, 4203), (207, 4081), (209, 4333), (237, 4091), (217, 4287), (239, 4193), (223, 4349), (230, 4191), (203, 4277), (232, 4143), (226, 4193), (240, 4093), (262, 4197), (248, 4052), (227, 4029), (242, 4153), (210, 4183), (216, 4084), (229, 4128)]
         : compromised: 0.0548, honest: 0.0546
         : sketchguard stats = ['Node 0: acc_rate=0.500', 'Node 1: acc_rate=0.545', 'Node 2: acc_rate=0.417']...
Round 004: test acc mean=0.0547 ± 0.0044 | min=0.0456 max=0.0624
         : test loss mean=3.6990 ± 0.0142
         : individual accs = ['0.059593', '0.052344', '0.057584', '0.052850', '0.057932', '0.050618', '0.049130', '0.058174', '0.053209', '0.053075', '0.045619', '0.053899', '0.058637', '0.062426', '0.061204', '0.056590', '0.058271', '0.050920', '0.052889', '0.048450']
         : correct/total = [(246, 4128), (220, 4203), (235, 4081), (229, 4333), (237, 4091), (217, 4287), (206, 4193), (253, 4349), (223, 4191), (227, 4277), (189, 4143), (226, 4193), (240, 4093), (262, 4197), (248, 4052), (228, 4029), (242, 4153), (213, 4183), (216, 4084), (200, 4128)]
         : compromised: 0.0557, honest: 0.0536
         : sketchguard stats = ['Node 0: acc_rate=0.500', 'Node 1: acc_rate=0.545', 'Node 2: acc_rate=0.417']...
Round 005: test acc mean=0.0535 ± 0.0039 | min=0.0467 max=0.0596
         : test loss mean=3.6834 ± 0.0157
         : individual accs = ['0.059593', '0.052344', '0.057584', '0.052850', '0.057932', '0.050618', '0.057000', '0.047827', '0.051062', '0.053776', '0.055998', '0.046745', '0.058637', '0.046938', '0.051579', '0.054852', '0.058271', '0.050920', '0.055583', '0.050145']
         : correct/total = [(246, 4128), (220, 4203), (235, 4081), (229, 4333), (237, 4091), (217, 4287), (239, 4193), (208, 4349), (214, 4191), (230, 4277), (232, 4143), (196, 4193), (240, 4093), (197, 4197), (209, 4052), (221, 4029), (242, 4153), (213, 4183), (227, 4084), (207, 4128)]
         : compromised: 0.0526, honest: 0.0544
         : sketchguard stats = ['Node 0: acc_rate=0.500', 'Node 1: acc_rate=0.545', 'Node 2: acc_rate=0.417']...
Round 006: test acc mean=0.0549 ± 0.0043 | min=0.0446 max=0.0624
         : test loss mean=3.6801 ± 0.0166
         : individual accs = ['0.044574', '0.052344', '0.057584', '0.052850', '0.057932', '0.050618', '0.057000', '0.051276', '0.053209', '0.053776', '0.050447', '0.061770', '0.053750', '0.062426', '0.061204', '0.056590', '0.058271', '0.050920', '0.055583', '0.055475']
         : correct/total = [(184, 4128), (220, 4203), (235, 4081), (229, 4333), (237, 4091), (217, 4287), (239, 4193), (223, 4349), (223, 4191), (230, 4277), (209, 4143), (259, 4193), (220, 4093), (262, 4197), (248, 4052), (228, 4029), (242, 4153), (213, 4183), (227, 4084), (229, 4128)]
         : compromised: 0.0563, honest: 0.0535
         : sketchguard stats = ['Node 0: acc_rate=0.500', 'Node 1: acc_rate=0.545', 'Node 2: acc_rate=0.417']...
Round 007: test acc mean=0.0542 ± 0.0045 | min=0.0435 max=0.0624
         : test loss mean=3.6801 ± 0.0164
         : individual accs = ['0.059593', '0.052344', '0.057584', '0.052850', '0.047421', '0.050618', '0.048891', '0.058174', '0.053209', '0.043488', '0.055998', '0.053899', '0.058637', '0.062426', '0.051826', '0.056590', '0.058271', '0.050920', '0.055583', '0.055475']
         : correct/total = [(246, 4128), (220, 4203), (235, 4081), (229, 4333), (194, 4091), (217, 4287), (205, 4193), (253, 4349), (223, 4191), (186, 4277), (232, 4143), (226, 4193), (240, 4093), (262, 4197), (210, 4052), (228, 4029), (242, 4153), (213, 4183), (227, 4084), (229, 4128)]
         : compromised: 0.0550, honest: 0.0533
         : sketchguard stats = ['Node 0: acc_rate=0.500', 'Node 1: acc_rate=0.545', 'Node 2: acc_rate=0.417']...
Round 008: test acc mean=0.0548 ± 0.0087 | min=0.0422 max=0.0872
         : test loss mean=3.6801 ± 0.0167
         : individual accs = ['0.051599', '0.051630', '0.050723', '0.087237', '0.051088', '0.050618', '0.057238', '0.051276', '0.042233', '0.053075', '0.055998', '0.053899', '0.061813', '0.062664', '0.048124', '0.056342', '0.055141', '0.050920', '0.055583', '0.048450']
         : correct/total = [(213, 4128), (217, 4203), (207, 4081), (378, 4333), (209, 4091), (217, 4287), (240, 4193), (223, 4349), (177, 4191), (227, 4277), (232, 4143), (226, 4193), (253, 4093), (263, 4197), (195, 4052), (227, 4029), (229, 4153), (213, 4183), (227, 4084), (200, 4128)]
         : compromised: 0.0542, honest: 0.0553
         : sketchguard stats = ['Node 0: acc_rate=0.500', 'Node 1: acc_rate=0.545', 'Node 2: acc_rate=0.417']...
Round 009: test acc mean=0.0568 ± 0.0079 | min=0.0448 max=0.0814
         : test loss mean=3.6792 ± 0.0168
         : individual accs = ['0.060804', '0.050916', '0.058319', '0.052850', '0.052799', '0.050618', '0.044837', '0.058174', '0.053209', '0.071779', '0.055998', '0.053899', '0.058637', '0.062426', '0.051826', '0.081410', '0.058271', '0.050920', '0.052889', '0.055475']
         : correct/total = [(251, 4128), (214, 4203), (238, 4081), (229, 4333), (216, 4091), (217, 4287), (188, 4193), (253, 4349), (223, 4191), (307, 4277), (232, 4143), (226, 4193), (240, 4093), (262, 4197), (210, 4052), (328, 4029), (242, 4153), (213, 4183), (216, 4084), (229, 4128)]
         : compromised: 0.0572, honest: 0.0564
         : sketchguard stats = ['Node 0: acc_rate=0.500', 'Node 1: acc_rate=0.545', 'Node 2: acc_rate=0.417']...
Round 010: test acc mean=0.0550 ± 0.0038 | min=0.0480 max=0.0624
         : test loss mean=3.6788 ± 0.0173
         : individual accs = ['0.051599', '0.052344', '0.057584', '0.052850', '0.057932', '0.050618', '0.049130', '0.058174', '0.047960', '0.053776', '0.055998', '0.053899', '0.058637', '0.062426', '0.061204', '0.056342', '0.058271', '0.050920', '0.055583', '0.055475']
         : correct/total = [(213, 4128), (220, 4203), (235, 4081), (229, 4333), (237, 4091), (217, 4287), (206, 4193), (253, 4349), (201, 4191), (230, 4277), (232, 4143), (226, 4193), (240, 4093), (262, 4197), (248, 4052), (227, 4029), (242, 4153), (213, 4183), (227, 4084), (229, 4128)]
         : compromised: 0.0560, honest: 0.0541
         : sketchguard stats = ['Node 0: acc_rate=0.500', 'Node 1: acc_rate=0.545', 'Node 2: acc_rate=0.417']...

=== FINAL RESULTS ===
Dataset: femnist, Nodes: 20, Graph: erdos, Aggregation: sketchguard
Attack: gaussian, 50.0% compromised
Final accuracy - Compromised: 0.0560, Honest: 0.0541
Overall test accuracy: mean=0.0550 ± 0.0038

=== Sketchguard SUMMARY ===
Node 0: acceptance=0.500
Node 1: acceptance=0.545
Node 2: acceptance=0.417
Node 3: acceptance=0.625
Node 4: acceptance=0.455
Node 5: acceptance=0.467
Node 6: acceptance=0.429
Node 7: acceptance=0.429
Node 8: acceptance=0.400
Node 9: acceptance=0.538
Node 10: acceptance=0.556
Node 11: acceptance=0.500
Node 12: acceptance=0.583
Node 13: acceptance=0.538
Node 14: acceptance=0.467
Node 15: acceptance=0.455
Node 16: acceptance=0.385
Node 17: acceptance=0.667
Node 18: acceptance=0.562
Node 19: acceptance=0.438

=== PARALLEL EXECUTION TIME (realistic for distributed system) ===
  COMMUNICATION (max across nodes):
    - Sketch transfer: 0.000s (0.0%)
    - Model fetch (accepted): 0.000s (0.0%)
  COMPUTATION (max across nodes):
    - Sketching: 3.995s (99.3%)
    - Filtering: 0.002s (0.0%)
    - Aggregation: 0.026s (0.6%)
  TOTALS:
    - Total computation: 4.023s (100.0%)
    - Total communication: 0.000s (0.0%)
    - Total parallel time: 4.023s

=== PER-NODE AVERAGE TIME ===
  - Sketching: 2.890s
  - Filtering: 0.001s
  - Aggregation: 0.016s
  - Sketch transfer: 0.000s
  - Model fetch: 0.000s
  - Total per node: 2.908s

=== TOTAL COMPUTATIONAL WORK (sum across all nodes) ===
  - Total sketching: 57.803s
  - Total filtering: 0.021s
  - Total aggregation: 0.326s
  - Total sketch transfer: 0.000s
  - Total model fetch: 0.000s
  - Grand total: 58.151s
  - Mean acceptance rate: 0.498

Sketchguard Algorithm Properties:
  - Original dimension: 6,603,710
  - Sketch size: 1000
  - Compression ratio: 19.9x
  - Single repetition: No repetitions needed
  - Theoretical complexity: O(d + N×k)
  - Approach: Sketch filtering + state aggregation
