Device: cuda
Seed: 987654321
Loading 36 LEAF FEMNIST train files...
LEAF FEMNIST train: 3597 users, 734463 samples
Loading 36 LEAF FEMNIST test files...
LEAF FEMNIST test: 3597 users, 83388 samples
Found 3597 train users, 3597 test users, 3597 common users
User sample counts range: 525 (max) to 17 (min)
Distributed ALL 3597 users across 20 clients
Users per client: 179 (with 17 clients getting +1 user)
Train partition sizes: [36360, 37070, 35957, 38262, 36024, 37732, 36921, 38328, 36867, 37683, 36507, 36915, 36007, 37001, 35681, 35453, 36585, 36801, 35964, 36345]
Test partition sizes: [4128, 4203, 4081, 4333, 4091, 4287, 4193, 4349, 4191, 4277, 4143, 4193, 4093, 4197, 4052, 4029, 4153, 4183, 4084, 4128]
  Client 0: 36360 train samples, 62 unique classes
  Client 1: 37070 train samples, 62 unique classes
  Client 2: 35957 train samples, 62 unique classes
  Client 3: 38262 train samples, 62 unique classes
  Client 4: 36024 train samples, 62 unique classes
  Client 5: 37732 train samples, 62 unique classes
  Client 6: 36921 train samples, 62 unique classes
  Client 7: 38328 train samples, 62 unique classes
  Client 8: 36867 train samples, 62 unique classes
  Client 9: 37683 train samples, 62 unique classes
  Client 10: 36507 train samples, 62 unique classes
  Client 11: 36915 train samples, 62 unique classes
  Client 12: 36007 train samples, 62 unique classes
  Client 13: 37001 train samples, 62 unique classes
  Client 14: 35681 train samples, 62 unique classes
  Client 15: 35453 train samples, 62 unique classes
  Client 16: 36585 train samples, 62 unique classes
  Client 17: 36801 train samples, 62 unique classes
  Client 18: 35964 train samples, 62 unique classes
  Client 19: 36345 train samples, 62 unique classes
Will sample 4500 samples per client per epoch
Graph: erdos, nodes: 20, edges: 99
Degree statistics: avg=9.90, min=7, max=14
Attack: Compromised 2/20 nodes: [5, 13]
Attack type: krum, lambda: 1.0
Model variant: baseline
Model parameters: 6,603,710
Initial test acc across nodes: mean=0.0168 ± 0.0139
Round 001: test acc mean=0.0345 ± 0.0205 | min=0.0036 max=0.0764
         : test loss mean=93.6464 ± 152.1904
         : individual accs = ['0.019138', '0.048775', '0.057584', '0.076390', '0.047421', '0.030324', '0.023372', '0.041619', '0.053209', '0.053776', '0.055998', '0.010017', '0.011727', '0.008339', '0.015548', '0.026309', '0.058271', '0.003586', '0.033301', '0.014777']
         : correct/total = [(79, 4128), (205, 4203), (235, 4081), (331, 4333), (194, 4091), (130, 4287), (98, 4193), (181, 4349), (223, 4191), (230, 4277), (232, 4143), (42, 4193), (48, 4093), (35, 4197), (63, 4052), (106, 4029), (242, 4153), (15, 4183), (136, 4084), (61, 4128)]
         : compromised: 0.0193, honest: 0.0362
Round 002: test acc mean=0.0348 ± 0.0187 | min=0.0048 max=0.0583
         : test loss mean=190.1281 ± 445.9758
         : individual accs = ['0.049176', '0.016179', '0.050723', '0.047773', '0.015155', '0.052951', '0.046029', '0.014486', '0.014555', '0.048398', '0.045619', '0.004770', '0.049841', '0.045747', '0.006910', '0.014396', '0.058271', '0.011714', '0.052155', '0.050388']
         : correct/total = [(203, 4128), (68, 4203), (207, 4081), (207, 4333), (62, 4091), (227, 4287), (193, 4193), (63, 4349), (61, 4191), (207, 4277), (189, 4143), (20, 4193), (204, 4093), (192, 4197), (28, 4052), (58, 4029), (242, 4153), (49, 4183), (213, 4084), (208, 4128)]
         : compromised: 0.0493, honest: 0.0331
Round 003: test acc mean=0.0498 ± 0.0070 | min=0.0279 max=0.0647
         : test loss mean=12.9463 ± 35.3253
         : individual accs = ['0.051599', '0.049726', '0.056114', '0.043388', '0.052554', '0.056216', '0.044598', '0.047367', '0.054880', '0.047229', '0.051653', '0.046983', '0.053750', '0.046938', '0.064659', '0.051626', '0.047195', '0.047334', '0.054358', '0.027859']
         : correct/total = [(213, 4128), (209, 4203), (229, 4081), (188, 4333), (215, 4091), (241, 4287), (187, 4193), (206, 4349), (230, 4191), (202, 4277), (214, 4143), (197, 4193), (220, 4093), (197, 4197), (262, 4052), (208, 4029), (196, 4153), (198, 4183), (222, 4084), (115, 4128)]
         : compromised: 0.0516, honest: 0.0496
Round 004: test acc mean=0.0311 ± 0.0181 | min=0.0117 max=0.0551
         : test loss mean=40.1252 ± 75.1869
         : individual accs = ['0.049176', '0.015941', '0.050723', '0.019617', '0.012955', '0.048519', '0.013356', '0.014486', '0.015032', '0.053075', '0.050688', '0.014787', '0.049841', '0.049559', '0.016782', '0.013403', '0.055141', '0.011714', '0.052155', '0.015504']
         : correct/total = [(203, 4128), (67, 4203), (207, 4081), (85, 4333), (53, 4091), (208, 4287), (56, 4193), (63, 4349), (63, 4191), (227, 4277), (210, 4143), (62, 4193), (204, 4093), (208, 4197), (68, 4052), (54, 4029), (229, 4153), (49, 4183), (213, 4084), (64, 4128)]
         : compromised: 0.0490, honest: 0.0291
Round 005: test acc mean=0.0481 ± 0.0028 | min=0.0422 max=0.0525
         : test loss mean=320.2373 ± 975.6997
         : individual accs = ['0.044574', '0.046158', '0.048272', '0.048234', '0.045710', '0.052484', '0.044598', '0.047827', '0.042233', '0.050503', '0.051171', '0.046983', '0.050574', '0.047177', '0.046644', '0.051378', '0.049362', '0.051159', '0.051665', '0.045058']
         : correct/total = [(184, 4128), (194, 4203), (197, 4081), (209, 4333), (187, 4091), (225, 4287), (187, 4193), (208, 4349), (177, 4191), (216, 4277), (212, 4143), (197, 4193), (207, 4093), (198, 4197), (189, 4052), (207, 4029), (205, 4153), (214, 4183), (211, 4084), (186, 4128)]
         : compromised: 0.0498, honest: 0.0479
Round 006: test acc mean=0.0334 ± 0.0171 | min=0.0117 max=0.0534
         : test loss mean=16.1191 ± 31.2124
         : individual accs = ['0.049176', '0.042589', '0.053418', '0.019617', '0.012955', '0.047352', '0.013356', '0.043918', '0.015032', '0.053075', '0.050447', '0.014787', '0.050818', '0.046462', '0.016782', '0.013403', '0.052011', '0.011714', '0.045788', '0.015504']
         : correct/total = [(203, 4128), (179, 4203), (218, 4081), (85, 4333), (53, 4091), (203, 4287), (56, 4193), (191, 4349), (63, 4191), (227, 4277), (209, 4143), (62, 4193), (208, 4093), (195, 4197), (68, 4052), (54, 4029), (216, 4153), (49, 4183), (187, 4084), (64, 4128)]
         : compromised: 0.0469, honest: 0.0319
Round 007: test acc mean=0.0480 ± 0.0036 | min=0.0422 max=0.0561
         : test loss mean=22.5711 ± 48.1293
         : individual accs = ['0.044574', '0.049726', '0.056114', '0.043388', '0.052554', '0.043387', '0.044598', '0.047827', '0.042233', '0.047229', '0.051653', '0.046983', '0.045688', '0.046462', '0.051826', '0.050633', '0.051047', '0.048291', '0.050930', '0.045058']
         : correct/total = [(184, 4128), (209, 4203), (229, 4081), (188, 4333), (215, 4091), (186, 4287), (187, 4193), (208, 4349), (177, 4191), (202, 4277), (214, 4143), (197, 4193), (187, 4093), (195, 4197), (210, 4052), (204, 4029), (212, 4153), (202, 4183), (208, 4084), (186, 4128)]
         : compromised: 0.0449, honest: 0.0484
Round 008: test acc mean=0.0320 ± 0.0173 | min=0.0117 max=0.0544
         : test loss mean=23.7126 ± 72.0720
         : individual accs = ['0.048934', '0.015941', '0.048272', '0.019617', '0.012955', '0.048519', '0.013356', '0.051276', '0.015032', '0.050503', '0.041999', '0.014787', '0.048620', '0.049559', '0.016782', '0.013403', '0.049362', '0.011714', '0.054358', '0.015504']
         : correct/total = [(202, 4128), (67, 4203), (197, 4081), (85, 4333), (53, 4091), (208, 4287), (56, 4193), (223, 4349), (63, 4191), (216, 4277), (174, 4143), (62, 4193), (199, 4093), (208, 4197), (68, 4052), (54, 4029), (205, 4153), (49, 4183), (222, 4084), (64, 4128)]
         : compromised: 0.0490, honest: 0.0301
Round 009: test acc mean=0.0476 ± 0.0033 | min=0.0422 max=0.0561
         : test loss mean=48.0537 ± 189.2353
         : individual accs = ['0.044574', '0.046158', '0.056114', '0.048234', '0.045710', '0.043387', '0.044598', '0.047827', '0.042233', '0.047229', '0.051653', '0.046983', '0.045688', '0.046462', '0.050346', '0.051378', '0.047195', '0.051159', '0.050930', '0.045058']
         : correct/total = [(184, 4128), (194, 4203), (229, 4081), (209, 4333), (187, 4091), (186, 4287), (187, 4193), (208, 4349), (177, 4191), (202, 4277), (214, 4143), (197, 4193), (187, 4093), (195, 4197), (204, 4052), (207, 4029), (196, 4153), (214, 4183), (208, 4084), (186, 4128)]
         : compromised: 0.0449, honest: 0.0479
Round 010: test acc mean=0.0288 ± 0.0176 | min=0.0117 max=0.0583
         : test loss mean=10.7670 ± 18.6854
         : individual accs = ['0.013808', '0.015941', '0.053418', '0.019617', '0.012955', '0.045253', '0.013356', '0.014486', '0.015032', '0.043488', '0.041999', '0.014787', '0.054239', '0.049083', '0.016782', '0.013403', '0.058271', '0.011714', '0.052889', '0.015504']
         : correct/total = [(57, 4128), (67, 4203), (218, 4081), (85, 4333), (53, 4091), (194, 4287), (56, 4193), (63, 4349), (63, 4191), (186, 4277), (174, 4143), (62, 4193), (222, 4093), (206, 4197), (68, 4052), (54, 4029), (242, 4153), (49, 4183), (216, 4084), (64, 4128)]
         : compromised: 0.0472, honest: 0.0268

=== FINAL RESULTS ===
Dataset: femnist, Nodes: 20, Graph: erdos, Aggregation: d-fedavg
Attack: krum, 10.0% compromised
Final accuracy - Compromised: 0.0472, Honest: 0.0268
Overall test accuracy: mean=0.0288 ± 0.0176
