Device: cuda
Seed: 987654321
Loading 36 LEAF FEMNIST train files...
LEAF FEMNIST train: 3597 users, 734463 samples
Loading 36 LEAF FEMNIST test files...
LEAF FEMNIST test: 3597 users, 83388 samples
Found 3597 train users, 3597 test users, 3597 common users
User sample counts range: 525 (max) to 17 (min)
Distributed ALL 3597 users across 20 clients
Users per client: 179 (with 17 clients getting +1 user)
Train partition sizes: [36360, 37070, 35957, 38262, 36024, 37732, 36921, 38328, 36867, 37683, 36507, 36915, 36007, 37001, 35681, 35453, 36585, 36801, 35964, 36345]
Test partition sizes: [4128, 4203, 4081, 4333, 4091, 4287, 4193, 4349, 4191, 4277, 4143, 4193, 4093, 4197, 4052, 4029, 4153, 4183, 4084, 4128]
  Client 0: 36360 train samples, 62 unique classes
  Client 1: 37070 train samples, 62 unique classes
  Client 2: 35957 train samples, 62 unique classes
  Client 3: 38262 train samples, 62 unique classes
  Client 4: 36024 train samples, 62 unique classes
  Client 5: 37732 train samples, 62 unique classes
  Client 6: 36921 train samples, 62 unique classes
  Client 7: 38328 train samples, 62 unique classes
  Client 8: 36867 train samples, 62 unique classes
  Client 9: 37683 train samples, 62 unique classes
  Client 10: 36507 train samples, 62 unique classes
  Client 11: 36915 train samples, 62 unique classes
  Client 12: 36007 train samples, 62 unique classes
  Client 13: 37001 train samples, 62 unique classes
  Client 14: 35681 train samples, 62 unique classes
  Client 15: 35453 train samples, 62 unique classes
  Client 16: 36585 train samples, 62 unique classes
  Client 17: 36801 train samples, 62 unique classes
  Client 18: 35964 train samples, 62 unique classes
  Client 19: 36345 train samples, 62 unique classes
Will sample 4500 samples per client per epoch
Graph: erdos, nodes: 20, edges: 48
Degree statistics: avg=4.80, min=2, max=7
Attack: Compromised 8/20 nodes: [1, 5, 11, 12, 13, 14, 17, 18]
Attack type: krum, lambda: 1.0
Model variant: baseline
Model parameters: 6,603,710
Initial test acc across nodes: mean=0.0168 ± 0.0139
Round 001: test acc mean=0.0236 ± 0.0196 | min=0.0039 max=0.0596
         : test loss mean=41436.3937 ± 94832.7693
         : individual accs = ['0.059593', '0.052344', '0.016418', '0.024694', '0.057932', '0.021927', '0.006439', '0.041389', '0.014078', '0.009586', '0.010138', '0.018841', '0.003909', '0.004765', '0.045163', '0.009432', '0.004093', '0.011475', '0.004407', '0.054506']
         : correct/total = [(246, 4128), (220, 4203), (67, 4081), (107, 4333), (237, 4091), (94, 4287), (27, 4193), (180, 4349), (59, 4191), (41, 4277), (42, 4143), (79, 4193), (16, 4093), (20, 4197), (183, 4052), (38, 4029), (17, 4153), (48, 4183), (18, 4084), (225, 4128)]
         : compromised: 0.0204, honest: 0.0257
Round 002: test acc mean=0.0483 ± 0.0115 | min=0.0031 max=0.0618
         : test loss mean=605851693495.7634 ± 1748305075950.1548
         : individual accs = ['0.044574', '0.047109', '0.057584', '0.048465', '0.043021', '0.045253', '0.043883', '0.053116', '0.003102', '0.053075', '0.048033', '0.061770', '0.052040', '0.055278', '0.045656', '0.050881', '0.058271', '0.050920', '0.052889', '0.050872']
         : correct/total = [(184, 4128), (198, 4203), (235, 4081), (210, 4333), (176, 4091), (194, 4287), (184, 4193), (231, 4349), (13, 4191), (227, 4277), (199, 4143), (259, 4193), (213, 4093), (232, 4197), (185, 4052), (205, 4029), (242, 4153), (213, 4183), (216, 4084), (210, 4128)]
         : compromised: 0.0514, honest: 0.0462
Round 003: test acc mean=0.0490 ± 0.0039 | min=0.0355 max=0.0544
         : test loss mean=129319972985.4223 ± 405038549330.8064
         : individual accs = ['0.045785', '0.050916', '0.035531', '0.046619', '0.052066', '0.045953', '0.048891', '0.049207', '0.049630', '0.047697', '0.047550', '0.046983', '0.049597', '0.049559', '0.051579', '0.050881', '0.054418', '0.053311', '0.052889', '0.050872']
         : correct/total = [(189, 4128), (214, 4203), (145, 4081), (202, 4333), (213, 4091), (197, 4287), (205, 4193), (214, 4349), (208, 4191), (204, 4277), (197, 4143), (197, 4193), (203, 4093), (208, 4197), (209, 4052), (205, 4029), (226, 4153), (223, 4183), (216, 4084), (210, 4128)]
         : compromised: 0.0501, honest: 0.0483
Round 004: test acc mean=0.0464 ± 0.0087 | min=0.0233 max=0.0551
         : test loss mean=1062602412.3946 ± 3674441233.0900
         : individual accs = ['0.025921', '0.051630', '0.052683', '0.046619', '0.052066', '0.045953', '0.050799', '0.049207', '0.053209', '0.044891', '0.045619', '0.054376', '0.045688', '0.047177', '0.050346', '0.050881', '0.055141', '0.051159', '0.032321', '0.023256']
         : correct/total = [(107, 4128), (217, 4203), (215, 4081), (202, 4333), (213, 4091), (197, 4287), (213, 4193), (214, 4349), (223, 4191), (192, 4277), (189, 4143), (228, 4193), (187, 4093), (198, 4197), (204, 4052), (205, 4029), (229, 4153), (214, 4183), (132, 4084), (96, 4128)]
         : compromised: 0.0473, honest: 0.0459
Round 005: test acc mean=0.0458 ± 0.0071 | min=0.0257 max=0.0549
         : test loss mean=431827211.3453 ± 879802275.9775
         : individual accs = ['0.047238', '0.034737', '0.054889', '0.046619', '0.052066', '0.045953', '0.033389', '0.045528', '0.042233', '0.043488', '0.045619', '0.054376', '0.045688', '0.047177', '0.050346', '0.050633', '0.049362', '0.051159', '0.050196', '0.025678']
         : correct/total = [(195, 4128), (146, 4203), (224, 4081), (202, 4333), (213, 4091), (197, 4287), (140, 4193), (198, 4349), (177, 4191), (186, 4277), (189, 4143), (228, 4193), (187, 4093), (198, 4197), (204, 4052), (204, 4029), (205, 4153), (214, 4183), (205, 4084), (106, 4128)]
         : compromised: 0.0475, honest: 0.0447
Round 006: test acc mean=0.0455 ± 0.0054 | min=0.0323 max=0.0539
         : test loss mean=48.7909 ± 99.4054
         : individual accs = ['0.047238', '0.049726', '0.035531', '0.043388', '0.052554', '0.052484', '0.046745', '0.041619', '0.042233', '0.050503', '0.039585', '0.045314', '0.045688', '0.046462', '0.032330', '0.053860', '0.044546', '0.048291', '0.048482', '0.043847']
         : correct/total = [(195, 4128), (209, 4203), (145, 4081), (188, 4333), (215, 4091), (225, 4287), (196, 4193), (181, 4349), (177, 4191), (216, 4277), (164, 4143), (190, 4193), (187, 4093), (195, 4197), (131, 4052), (217, 4029), (185, 4153), (202, 4183), (198, 4084), (181, 4128)]
         : compromised: 0.0461, honest: 0.0451
Round 007: test acc mean=0.0467 ± 0.0050 | min=0.0355 max=0.0553
         : test loss mean=38.5157 ± 111.4353
         : individual accs = ['0.050145', '0.046158', '0.035531', '0.043388', '0.044977', '0.052484', '0.046745', '0.041619', '0.042233', '0.036708', '0.055274', '0.046983', '0.045688', '0.046938', '0.050346', '0.050633', '0.044546', '0.050920', '0.050930', '0.050872']
         : correct/total = [(207, 4128), (194, 4203), (145, 4081), (188, 4333), (184, 4091), (225, 4287), (196, 4193), (181, 4349), (177, 4191), (157, 4277), (229, 4143), (197, 4193), (187, 4093), (197, 4197), (204, 4052), (204, 4029), (185, 4153), (213, 4183), (208, 4084), (210, 4128)]
         : compromised: 0.0488, honest: 0.0452
Round 008: test acc mean=0.0464 ± 0.0094 | min=0.0198 max=0.0578
         : test loss mean=102.6189 ± 243.5885
         : individual accs = ['0.050145', '0.046158', '0.052683', '0.048234', '0.020777', '0.057849', '0.046745', '0.047827', '0.042233', '0.047697', '0.019792', '0.045314', '0.045688', '0.046462', '0.050346', '0.050633', '0.051288', '0.051159', '0.050930', '0.055475']
         : correct/total = [(207, 4128), (194, 4203), (215, 4081), (209, 4333), (85, 4091), (248, 4287), (196, 4193), (208, 4349), (177, 4191), (204, 4277), (82, 4143), (190, 4193), (187, 4093), (195, 4197), (204, 4052), (204, 4029), (213, 4153), (214, 4183), (208, 4084), (229, 4128)]
         : compromised: 0.0492, honest: 0.0445
Round 009: test acc mean=0.0477 ± 0.0049 | min=0.0326 max=0.0527
         : test loss mean=46.4820 ± 118.2147
         : individual accs = ['0.047238', '0.048775', '0.052683', '0.047773', '0.044977', '0.052484', '0.046745', '0.047827', '0.051062', '0.036708', '0.032585', '0.046983', '0.045688', '0.046462', '0.050346', '0.050633', '0.051288', '0.051159', '0.050930', '0.050872']
         : correct/total = [(195, 4128), (205, 4203), (215, 4081), (207, 4333), (184, 4091), (225, 4287), (196, 4193), (208, 4349), (214, 4191), (157, 4277), (135, 4143), (197, 4193), (187, 4093), (195, 4197), (204, 4052), (204, 4029), (213, 4153), (214, 4183), (208, 4084), (210, 4128)]
         : compromised: 0.0491, honest: 0.0467
Round 010: test acc mean=0.0487 ± 0.0029 | min=0.0422 max=0.0555
         : test loss mean=63.8378 ± 136.5341
         : individual accs = ['0.050145', '0.046158', '0.052683', '0.048234', '0.047421', '0.048752', '0.046745', '0.047827', '0.042233', '0.047697', '0.047309', '0.046983', '0.045688', '0.046462', '0.050346', '0.050633', '0.051288', '0.051159', '0.050930', '0.055475']
         : correct/total = [(207, 4128), (194, 4203), (215, 4081), (209, 4333), (194, 4091), (209, 4287), (196, 4193), (208, 4349), (177, 4191), (204, 4277), (196, 4143), (197, 4193), (187, 4093), (195, 4197), (204, 4052), (204, 4029), (213, 4153), (214, 4183), (208, 4084), (229, 4128)]
         : compromised: 0.0483, honest: 0.0490

=== FINAL RESULTS ===
Dataset: femnist, Nodes: 20, Graph: erdos, Aggregation: krum
Attack: krum, 40.0% compromised
Final accuracy - Compromised: 0.0483, Honest: 0.0490
Overall test accuracy: mean=0.0487 ± 0.0029
