Device: cuda
Seed: 987654321
Loading 36 LEAF FEMNIST train files...
LEAF FEMNIST train: 3597 users, 734463 samples
Loading 36 LEAF FEMNIST test files...
LEAF FEMNIST test: 3597 users, 83388 samples
Found 3597 train users, 3597 test users, 3597 common users
User sample counts range: 525 (max) to 17 (min)
Distributed ALL 3597 users across 20 clients
Users per client: 179 (with 17 clients getting +1 user)
Train partition sizes: [36360, 37070, 35957, 38262, 36024, 37732, 36921, 38328, 36867, 37683, 36507, 36915, 36007, 37001, 35681, 35453, 36585, 36801, 35964, 36345]
Test partition sizes: [4128, 4203, 4081, 4333, 4091, 4287, 4193, 4349, 4191, 4277, 4143, 4193, 4093, 4197, 4052, 4029, 4153, 4183, 4084, 4128]
  Client 0: 36360 train samples, 62 unique classes
  Client 1: 37070 train samples, 62 unique classes
  Client 2: 35957 train samples, 62 unique classes
  Client 3: 38262 train samples, 62 unique classes
  Client 4: 36024 train samples, 62 unique classes
  Client 5: 37732 train samples, 62 unique classes
  Client 6: 36921 train samples, 62 unique classes
  Client 7: 38328 train samples, 62 unique classes
  Client 8: 36867 train samples, 62 unique classes
  Client 9: 37683 train samples, 62 unique classes
  Client 10: 36507 train samples, 62 unique classes
  Client 11: 36915 train samples, 62 unique classes
  Client 12: 36007 train samples, 62 unique classes
  Client 13: 37001 train samples, 62 unique classes
  Client 14: 35681 train samples, 62 unique classes
  Client 15: 35453 train samples, 62 unique classes
  Client 16: 36585 train samples, 62 unique classes
  Client 17: 36801 train samples, 62 unique classes
  Client 18: 35964 train samples, 62 unique classes
  Client 19: 36345 train samples, 62 unique classes
Will sample 4500 samples per client per epoch
Graph: erdos, nodes: 20, edges: 48
Degree statistics: avg=4.80, min=2, max=7
Attack: Compromised 8/20 nodes: [1, 5, 11, 12, 13, 14, 17, 18]
Attack type: backdoor, lambda: 1.0
Backdoor target label: 0, trigger size: 4
Model variant: baseline
Model parameters: 6,603,710
Sketchguard Node 0:
  Model dim: 6,603,710 → Sketch size: 1000
  Compression ratio: 6603.7x
  Using model parameters for aggregation, sketches for filtering
Sketchguard Node 1:
  Model dim: 6,603,710 → Sketch size: 1000
  Compression ratio: 6603.7x
  Using model parameters for aggregation, sketches for filtering
Sketchguard Node 2:
  Model dim: 6,603,710 → Sketch size: 1000
  Compression ratio: 6603.7x
  Using model parameters for aggregation, sketches for filtering
Sketchguard Node 3:
  Model dim: 6,603,710 → Sketch size: 1000
  Compression ratio: 6603.7x
  Using model parameters for aggregation, sketches for filtering
Sketchguard Node 4:
  Model dim: 6,603,710 → Sketch size: 1000
  Compression ratio: 6603.7x
  Using model parameters for aggregation, sketches for filtering
Sketchguard Node 5:
  Model dim: 6,603,710 → Sketch size: 1000
  Compression ratio: 6603.7x
  Using model parameters for aggregation, sketches for filtering
Sketchguard Node 6:
  Model dim: 6,603,710 → Sketch size: 1000
  Compression ratio: 6603.7x
  Using model parameters for aggregation, sketches for filtering
Sketchguard Node 7:
  Model dim: 6,603,710 → Sketch size: 1000
  Compression ratio: 6603.7x
  Using model parameters for aggregation, sketches for filtering
Sketchguard Node 8:
  Model dim: 6,603,710 → Sketch size: 1000
  Compression ratio: 6603.7x
  Using model parameters for aggregation, sketches for filtering
Sketchguard Node 9:
  Model dim: 6,603,710 → Sketch size: 1000
  Compression ratio: 6603.7x
  Using model parameters for aggregation, sketches for filtering
Sketchguard Node 10:
  Model dim: 6,603,710 → Sketch size: 1000
  Compression ratio: 6603.7x
  Using model parameters for aggregation, sketches for filtering
Sketchguard Node 11:
  Model dim: 6,603,710 → Sketch size: 1000
  Compression ratio: 6603.7x
  Using model parameters for aggregation, sketches for filtering
Sketchguard Node 12:
  Model dim: 6,603,710 → Sketch size: 1000
  Compression ratio: 6603.7x
  Using model parameters for aggregation, sketches for filtering
Sketchguard Node 13:
  Model dim: 6,603,710 → Sketch size: 1000
  Compression ratio: 6603.7x
  Using model parameters for aggregation, sketches for filtering
Sketchguard Node 14:
  Model dim: 6,603,710 → Sketch size: 1000
  Compression ratio: 6603.7x
  Using model parameters for aggregation, sketches for filtering
Sketchguard Node 15:
  Model dim: 6,603,710 → Sketch size: 1000
  Compression ratio: 6603.7x
  Using model parameters for aggregation, sketches for filtering
Sketchguard Node 16:
  Model dim: 6,603,710 → Sketch size: 1000
  Compression ratio: 6603.7x
  Using model parameters for aggregation, sketches for filtering
Sketchguard Node 17:
  Model dim: 6,603,710 → Sketch size: 1000
  Compression ratio: 6603.7x
  Using model parameters for aggregation, sketches for filtering
Sketchguard Node 18:
  Model dim: 6,603,710 → Sketch size: 1000
  Compression ratio: 6603.7x
  Using model parameters for aggregation, sketches for filtering
Sketchguard Node 19:
  Model dim: 6,603,710 → Sketch size: 1000
  Compression ratio: 6603.7x
  Using model parameters for aggregation, sketches for filtering
Sketchguard ALGORITHM (Sketch-based Filtering + State Aggregation)
  - Model dimension: 6,603,710 parameters
  - Config: SketchguardConfig(gamma=2, kappa=1, alpha=0.5, min_neighbors=1, sketch_size=1000, network_seed=987654321, attack_detection_window=5)
  - Sketch size: 1000
  - Compression ratio: 6603.7x
  - Complexity: O(d + N×k) = O(6,603,710 + 20×1000)
  - Theoretical speedup vs BALANCE: 19.9x
Initial test acc across nodes: mean=0.0168 ± 0.0139
Backdoor attack: Created poisoned datasets for 8 compromised nodes
Round 001: test acc mean=0.0526 ± 0.0040 | min=0.0453 max=0.0596
         : test loss mean=12343.1622 ± 15168.8627
         : individual accs = ['0.059593', '0.048775', '0.056849', '0.046619', '0.058910', '0.045253', '0.057000', '0.051276', '0.053209', '0.053776', '0.050447', '0.049606', '0.054239', '0.049083', '0.051826', '0.050633', '0.058271', '0.049486', '0.052889', '0.054990']
         : correct/total = [(246, 4128), (205, 4203), (232, 4081), (202, 4333), (241, 4091), (194, 4287), (239, 4193), (223, 4349), (223, 4191), (230, 4277), (209, 4143), (208, 4193), (222, 4093), (206, 4197), (210, 4052), (204, 4029), (242, 4153), (207, 4183), (216, 4084), (227, 4128)]
         : compromised: 0.0501, honest: 0.0543
         : sketchguard stats = ['Node 0: acc_rate=0.833', 'Node 1: acc_rate=0.833', 'Node 2: acc_rate=0.400']...
Round 002: test acc mean=0.0436 ± 0.0200 | min=0.0029 max=0.0596
         : test loss mean=97787.0655 ± 229265.1110
         : individual accs = ['0.059593', '0.003093', '0.055134', '0.052850', '0.057932', '0.004432', '0.057000', '0.058174', '0.053209', '0.053776', '0.055998', '0.049606', '0.053995', '0.002859', '0.005923', '0.050633', '0.049362', '0.045900', '0.051665', '0.050388']
         : correct/total = [(246, 4128), (13, 4203), (225, 4081), (229, 4333), (237, 4091), (19, 4287), (239, 4193), (253, 4349), (223, 4191), (230, 4277), (232, 4143), (208, 4193), (221, 4093), (12, 4197), (24, 4052), (204, 4029), (205, 4153), (192, 4183), (211, 4084), (208, 4128)]
         : compromised: 0.0272, honest: 0.0545
         : sketchguard stats = ['Node 0: acc_rate=0.833', 'Node 1: acc_rate=0.917', 'Node 2: acc_rate=0.400']...
Round 003: test acc mean=0.0514 ± 0.0099 | min=0.0117 max=0.0596
         : test loss mean=nan ± nan
         : individual accs = ['0.059593', '0.048775', '0.057584', '0.048234', '0.057199', '0.045253', '0.057000', '0.051276', '0.053209', '0.055413', '0.055274', '0.049606', '0.053506', '0.049083', '0.050099', '0.056342', '0.058271', '0.011714', '0.055828', '0.055475']
         : correct/total = [(246, 4128), (205, 4203), (235, 4081), (209, 4333), (234, 4091), (194, 4287), (239, 4193), (223, 4349), (223, 4191), (237, 4277), (229, 4143), (208, 4193), (219, 4093), (206, 4197), (203, 4052), (227, 4029), (242, 4153), (49, 4183), (228, 4084), (229, 4128)]
         : compromised: 0.0455, honest: 0.0554
         : sketchguard stats = ['Node 0: acc_rate=0.833', 'Node 1: acc_rate=0.944', 'Node 2: acc_rate=0.400']...
Round 004: test acc mean=0.0533 ± 0.0047 | min=0.0451 max=0.0608
         : test loss mean=nan ± nan
         : individual accs = ['0.059593', '0.048775', '0.057584', '0.048465', '0.057932', '0.045253', '0.057000', '0.058174', '0.053209', '0.053075', '0.060825', '0.049606', '0.054239', '0.049083', '0.051826', '0.056590', '0.058271', '0.049486', '0.052889', '0.045058']
         : correct/total = [(246, 4128), (205, 4203), (235, 4081), (210, 4333), (237, 4091), (194, 4287), (239, 4193), (253, 4349), (223, 4191), (227, 4277), (252, 4143), (208, 4193), (222, 4093), (206, 4197), (210, 4052), (228, 4029), (242, 4153), (207, 4183), (216, 4084), (186, 4128)]
         : compromised: 0.0501, honest: 0.0555
         : sketchguard stats = ['Node 0: acc_rate=0.833', 'Node 1: acc_rate=0.708', 'Node 2: acc_rate=0.400']...
Round 005: test acc mean=0.0526 ± 0.0040 | min=0.0453 max=0.0596
         : test loss mean=nan ± nan
         : individual accs = ['0.059593', '0.048775', '0.057584', '0.052850', '0.045710', '0.045253', '0.057000', '0.047827', '0.051062', '0.053776', '0.055998', '0.049606', '0.054239', '0.049083', '0.051826', '0.054852', '0.058271', '0.049486', '0.052889', '0.055475']
         : correct/total = [(246, 4128), (205, 4203), (235, 4081), (229, 4333), (187, 4091), (194, 4287), (239, 4193), (208, 4349), (214, 4191), (230, 4277), (232, 4143), (208, 4193), (222, 4093), (206, 4197), (210, 4052), (221, 4029), (242, 4153), (207, 4183), (216, 4084), (229, 4128)]
         : compromised: 0.0501, honest: 0.0542
         : sketchguard stats = ['Node 0: acc_rate=0.833', 'Node 1: acc_rate=0.567', 'Node 2: acc_rate=0.400']...
Round 006: test acc mean=0.0516 ± 0.0031 | min=0.0453 max=0.0576
         : test loss mean=nan ± nan
         : individual accs = ['0.047238', '0.048775', '0.057584', '0.052850', '0.051088', '0.045253', '0.057000', '0.054725', '0.049630', '0.053776', '0.050447', '0.049606', '0.054239', '0.049083', '0.051826', '0.051378', '0.049362', '0.049486', '0.052889', '0.055475']
         : correct/total = [(195, 4128), (205, 4203), (235, 4081), (229, 4333), (209, 4091), (194, 4287), (239, 4193), (238, 4349), (208, 4191), (230, 4277), (209, 4143), (208, 4193), (222, 4093), (206, 4197), (210, 4052), (207, 4029), (205, 4153), (207, 4183), (216, 4084), (229, 4128)]
         : compromised: 0.0501, honest: 0.0525
         : sketchguard stats = ['Node 0: acc_rate=0.833', 'Node 1: acc_rate=0.472', 'Node 2: acc_rate=0.400']...
Round 007: test acc mean=0.0533 ± 0.0042 | min=0.0453 max=0.0596
         : test loss mean=nan ± nan
         : individual accs = ['0.059593', '0.048775', '0.057584', '0.058158', '0.047421', '0.045253', '0.048891', '0.058174', '0.053209', '0.054244', '0.055998', '0.049606', '0.054239', '0.049083', '0.051826', '0.056590', '0.058512', '0.049486', '0.052889', '0.055475']
         : correct/total = [(246, 4128), (205, 4203), (235, 4081), (252, 4333), (194, 4091), (194, 4287), (205, 4193), (253, 4349), (223, 4191), (232, 4277), (232, 4143), (208, 4193), (222, 4093), (206, 4197), (210, 4052), (228, 4029), (243, 4153), (207, 4183), (216, 4084), (229, 4128)]
         : compromised: 0.0501, honest: 0.0553
         : sketchguard stats = ['Node 0: acc_rate=0.833', 'Node 1: acc_rate=0.405', 'Node 2: acc_rate=0.400']...
Round 008: test acc mean=0.0556 ± 0.0120 | min=0.0430 max=0.0916
         : test loss mean=nan ± nan
         : individual accs = ['0.051599', '0.048775', '0.050723', '0.052850', '0.043021', '0.045253', '0.057000', '0.051276', '0.051062', '0.086743', '0.063239', '0.049606', '0.054239', '0.049083', '0.051826', '0.056342', '0.055141', '0.049486', '0.052889', '0.091570']
         : correct/total = [(213, 4128), (205, 4203), (207, 4081), (229, 4333), (176, 4091), (194, 4287), (239, 4193), (223, 4349), (214, 4191), (371, 4277), (262, 4143), (208, 4193), (222, 4093), (206, 4197), (210, 4052), (227, 4029), (229, 4153), (207, 4183), (216, 4084), (378, 4128)]
         : compromised: 0.0501, honest: 0.0592
         : sketchguard stats = ['Node 0: acc_rate=0.833', 'Node 1: acc_rate=0.354', 'Node 2: acc_rate=0.400']...
Round 009: test acc mean=0.0514 ± 0.0037 | min=0.0439 max=0.0576
         : test loss mean=nan ± nan
         : individual accs = ['0.050145', '0.048775', '0.057584', '0.052850', '0.044977', '0.045253', '0.050799', '0.043918', '0.053209', '0.053776', '0.055998', '0.049606', '0.054239', '0.049083', '0.051826', '0.056342', '0.052011', '0.049486', '0.052889', '0.055475']
         : correct/total = [(207, 4128), (205, 4203), (235, 4081), (229, 4333), (184, 4091), (194, 4287), (213, 4193), (191, 4349), (223, 4191), (230, 4277), (232, 4143), (208, 4193), (222, 4093), (206, 4197), (210, 4052), (227, 4029), (216, 4153), (207, 4183), (216, 4084), (229, 4128)]
         : compromised: 0.0501, honest: 0.0523
         : sketchguard stats = ['Node 0: acc_rate=0.833', 'Node 1: acc_rate=0.315', 'Node 2: acc_rate=0.400']...
Round 010: test acc mean=0.0528 ± 0.0038 | min=0.0453 max=0.0584
         : test loss mean=nan ± nan
         : individual accs = ['0.051599', '0.048775', '0.057584', '0.052850', '0.057932', '0.045253', '0.049130', '0.058404', '0.047960', '0.053776', '0.055998', '0.049606', '0.054239', '0.049083', '0.051826', '0.056342', '0.058271', '0.049486', '0.052889', '0.055475']
         : correct/total = [(213, 4128), (205, 4203), (235, 4081), (229, 4333), (237, 4091), (194, 4287), (206, 4193), (254, 4349), (201, 4191), (230, 4277), (232, 4143), (208, 4193), (222, 4093), (206, 4197), (210, 4052), (227, 4029), (242, 4153), (207, 4183), (216, 4084), (229, 4128)]
         : compromised: 0.0501, honest: 0.0546
         : sketchguard stats = ['Node 0: acc_rate=0.833', 'Node 1: acc_rate=0.283', 'Node 2: acc_rate=0.400']...

=== FINAL RESULTS ===
Dataset: femnist, Nodes: 20, Graph: erdos, Aggregation: sketchguard
Attack: backdoor, 40.0% compromised
Final accuracy - Compromised: 0.0501, Honest: 0.0546
Overall test accuracy: mean=0.0528 ± 0.0038

=== BACKDOOR ATTACK SUCCESS RATE (ASR) ===
Target label: 0
Trigger size: 4x4
Overall ASR: 0.4000 ± 0.4899
Honest nodes ASR: 0.0000 ± 0.0000
Compromised nodes ASR: 1.0000 ± 0.0000
Note: Higher ASR indicates more successful backdoor attack

=== Sketchguard SUMMARY ===
Node 0: acceptance=0.833
Node 1: acceptance=0.283
Node 2: acceptance=0.400
Node 3: acceptance=0.500
Node 4: acceptance=0.250
Node 5: acceptance=0.220
Node 6: acceptance=0.600
Node 7: acceptance=0.600
Node 8: acceptance=0.500
Node 9: acceptance=0.667
Node 10: acceptance=0.500
Node 11: acceptance=0.243
Node 12: acceptance=0.271
Node 13: acceptance=0.150
Node 14: acceptance=0.243
Node 15: acceptance=0.333
Node 16: acceptance=0.200
Node 17: acceptance=0.260
Node 18: acceptance=0.275
Node 19: acceptance=1.000

=== PARALLEL EXECUTION TIME (realistic for distributed system) ===
  COMMUNICATION (max across nodes):
    - Sketch transfer: 0.000s (0.0%)
    - Model fetch (accepted): 0.000s (0.0%)
  COMPUTATION (max across nodes):
    - Sketching: 2.299s (99.1%)
    - Filtering: 0.001s (0.0%)
    - Aggregation: 0.019s (0.8%)
  TOTALS:
    - Total computation: 2.319s (100.0%)
    - Total communication: 0.000s (0.0%)
    - Total parallel time: 2.319s

=== PER-NODE AVERAGE TIME ===
  - Sketching: 1.476s
  - Filtering: 0.001s
  - Aggregation: 0.010s
  - Sketch transfer: 0.000s
  - Model fetch: 0.000s
  - Total per node: 1.487s

=== TOTAL COMPUTATIONAL WORK (sum across all nodes) ===
  - Total sketching: 29.523s
  - Total filtering: 0.013s
  - Total aggregation: 0.204s
  - Total sketch transfer: 0.000s
  - Total model fetch: 0.000s
  - Grand total: 29.741s
  - Mean acceptance rate: 0.416

Sketchguard Algorithm Properties:
  - Original dimension: 6,603,710
  - Sketch size: 1000
  - Compression ratio: 19.9x
  - Single repetition: No repetitions needed
  - Theoretical complexity: O(d + N×k)
  - Approach: Sketch filtering + state aggregation
