Device: cuda
Seed: 987654321
Loading 36 LEAF FEMNIST train files...
LEAF FEMNIST train: 3597 users, 734463 samples
Loading 36 LEAF FEMNIST test files...
LEAF FEMNIST test: 3597 users, 83388 samples
Found 3597 train users, 3597 test users, 3597 common users
User sample counts range: 525 (max) to 17 (min)
Distributed ALL 3597 users across 20 clients
Users per client: 179 (with 17 clients getting +1 user)
Train partition sizes: [36360, 37070, 35957, 38262, 36024, 37732, 36921, 38328, 36867, 37683, 36507, 36915, 36007, 37001, 35681, 35453, 36585, 36801, 35964, 36345]
Test partition sizes: [4128, 4203, 4081, 4333, 4091, 4287, 4193, 4349, 4191, 4277, 4143, 4193, 4093, 4197, 4052, 4029, 4153, 4183, 4084, 4128]
  Client 0: 36360 train samples, 62 unique classes
  Client 1: 37070 train samples, 62 unique classes
  Client 2: 35957 train samples, 62 unique classes
  Client 3: 38262 train samples, 62 unique classes
  Client 4: 36024 train samples, 62 unique classes
  Client 5: 37732 train samples, 62 unique classes
  Client 6: 36921 train samples, 62 unique classes
  Client 7: 38328 train samples, 62 unique classes
  Client 8: 36867 train samples, 62 unique classes
  Client 9: 37683 train samples, 62 unique classes
  Client 10: 36507 train samples, 62 unique classes
  Client 11: 36915 train samples, 62 unique classes
  Client 12: 36007 train samples, 62 unique classes
  Client 13: 37001 train samples, 62 unique classes
  Client 14: 35681 train samples, 62 unique classes
  Client 15: 35453 train samples, 62 unique classes
  Client 16: 36585 train samples, 62 unique classes
  Client 17: 36801 train samples, 62 unique classes
  Client 18: 35964 train samples, 62 unique classes
  Client 19: 36345 train samples, 62 unique classes
Will sample 4500 samples per client per epoch
Graph: erdos, nodes: 20, edges: 48
Degree statistics: avg=4.80, min=2, max=7
Attack: Compromised 16/20 nodes: [1, 2, 3, 5, 6, 8, 9, 10, 11, 12, 13, 14, 15, 17, 18, 19]
Attack type: directed_deviation, lambda: 1.0
Model variant: baseline
Model parameters: 6,603,710
BALANCE algorithm:
Balance Config: BALANCEConfig(gamma=2, kappa=1, alpha=0.5, min_neighbors=1)
  - Model dimension: 6,603,710 parameters
  - Complexity: O(N×d) = O(20×6,603,710)
Initial test acc across nodes: mean=0.0168 ± 0.0139
Round 001: test acc mean=0.0472 ± 0.0160 | min=0.0073 max=0.0596
         : test loss mean=3974.9085 ± 8153.7012
         : individual accs = ['0.059593', '0.052344', '0.057584', '0.052850', '0.058910', '0.052484', '0.057000', '0.056105', '0.053209', '0.047463', '0.050447', '0.007393', '0.054239', '0.015487', '0.048124', '0.050633', '0.058271', '0.050920', '0.052889', '0.007267']
         : correct/total = [(246, 4128), (220, 4203), (235, 4081), (229, 4333), (241, 4091), (225, 4287), (239, 4193), (244, 4349), (223, 4191), (203, 4277), (209, 4143), (31, 4193), (222, 4093), (65, 4197), (195, 4052), (204, 4029), (242, 4153), (213, 4183), (216, 4084), (30, 4128)]
         : compromised: 0.0444, honest: 0.0582
Round 002: test acc mean=0.0526 ± 0.0061 | min=0.0365 max=0.0624
         : test loss mean=290977.2403 ± 762841.2206
         : individual accs = ['0.044574', '0.051630', '0.055134', '0.036464', '0.057932', '0.057849', '0.044598', '0.058174', '0.053209', '0.050503', '0.060101', '0.045314', '0.054239', '0.062426', '0.051579', '0.056590', '0.049362', '0.050920', '0.055583', '0.055475']
         : correct/total = [(184, 4128), (217, 4203), (225, 4081), (158, 4333), (237, 4091), (248, 4287), (187, 4193), (253, 4349), (223, 4191), (216, 4277), (249, 4143), (190, 4193), (222, 4093), (262, 4197), (209, 4052), (228, 4029), (205, 4153), (213, 4183), (227, 4084), (229, 4128)]
         : compromised: 0.0526, honest: 0.0525
Round 003: test acc mean=0.0555 ± 0.0159 | min=0.0145 max=0.0947
         : test loss mean=158.5633 ± 650.8683
         : individual accs = ['0.059593', '0.052344', '0.050723', '0.047773', '0.093376', '0.048052', '0.057000', '0.094734', '0.053209', '0.047697', '0.055274', '0.049606', '0.058637', '0.045747', '0.061204', '0.056342', '0.058271', '0.050920', '0.055583', '0.014535']
         : correct/total = [(246, 4128), (220, 4203), (207, 4081), (207, 4333), (382, 4091), (206, 4287), (239, 4193), (412, 4349), (223, 4191), (204, 4277), (229, 4143), (208, 4193), (240, 4093), (192, 4197), (248, 4052), (227, 4029), (242, 4153), (213, 4183), (227, 4084), (60, 4128)]
         : compromised: 0.0503, honest: 0.0765
Round 004: test acc mean=0.0589 ± 0.0141 | min=0.0281 max=0.0954
         : test loss mean=40.6009 ± 80.4015
         : individual accs = ['0.059593', '0.052344', '0.057584', '0.046619', '0.082865', '0.095405', '0.057000', '0.081628', '0.053209', '0.053075', '0.069756', '0.028142', '0.058637', '0.049559', '0.061204', '0.056590', '0.058271', '0.050920', '0.055583', '0.050872']
         : correct/total = [(246, 4128), (220, 4203), (235, 4081), (202, 4333), (339, 4091), (409, 4287), (239, 4193), (355, 4349), (223, 4191), (227, 4277), (289, 4143), (118, 4193), (240, 4093), (208, 4197), (248, 4052), (228, 4029), (242, 4153), (213, 4183), (227, 4084), (210, 4128)]
         : compromised: 0.0560, honest: 0.0706
Round 005: test acc mean=0.0482 ± 0.0118 | min=0.0145 max=0.0596
         : test loss mean=6.0388 ± 4.7242
         : individual accs = ['0.059593', '0.052344', '0.057584', '0.017771', '0.045710', '0.043387', '0.057000', '0.047827', '0.051062', '0.053776', '0.041999', '0.049606', '0.058637', '0.045747', '0.051826', '0.051378', '0.058271', '0.050920', '0.055583', '0.014535']
         : correct/total = [(246, 4128), (220, 4203), (235, 4081), (77, 4333), (187, 4091), (186, 4287), (239, 4193), (208, 4349), (214, 4191), (230, 4277), (174, 4143), (208, 4193), (240, 4093), (192, 4197), (210, 4052), (207, 4029), (242, 4153), (213, 4183), (227, 4084), (60, 4128)]
         : compromised: 0.0471, honest: 0.0529
Round 006: test acc mean=0.0490 ± 0.0213 | min=0.0131 max=0.1218
         : test loss mean=23.6305 ± 40.0086
         : individual accs = ['0.051357', '0.052344', '0.121784', '0.014309', '0.051088', '0.043387', '0.051991', '0.051276', '0.049869', '0.043488', '0.050447', '0.028142', '0.058637', '0.028592', '0.061204', '0.051378', '0.052011', '0.050920', '0.055583', '0.013081']
         : correct/total = [(212, 4128), (220, 4203), (497, 4081), (62, 4333), (209, 4091), (186, 4287), (218, 4193), (223, 4349), (209, 4191), (186, 4277), (209, 4143), (118, 4193), (240, 4093), (120, 4197), (248, 4052), (207, 4029), (216, 4153), (213, 4183), (227, 4084), (54, 4128)]
         : compromised: 0.0484, honest: 0.0514
Round 007: test acc mean=0.0523 ± 0.0228 | min=0.0145 max=0.1054
         : test loss mean=5.6013 ± 3.8531
         : individual accs = ['0.081638', '0.048775', '0.057584', '0.017771', '0.047421', '0.050618', '0.105414', '0.045528', '0.053209', '0.083236', '0.055998', '0.019556', '0.058637', '0.019061', '0.052073', '0.056590', '0.079220', '0.050920', '0.048482', '0.014535']
         : correct/total = [(337, 4128), (205, 4203), (235, 4081), (77, 4333), (194, 4091), (217, 4287), (442, 4193), (198, 4349), (223, 4191), (356, 4277), (232, 4143), (82, 4193), (240, 4093), (80, 4197), (211, 4052), (228, 4029), (329, 4153), (213, 4183), (198, 4084), (60, 4128)]
         : compromised: 0.0495, honest: 0.0635
Round 008: test acc mean=0.0474 ± 0.0254 | min=0.0057 max=0.1236
         : test loss mean=21.8013 ± 36.2783
         : individual accs = ['0.051599', '0.049013', '0.050723', '0.007154', '0.043021', '0.069279', '0.055807', '0.045068', '0.123598', '0.059387', '0.049722', '0.005724', '0.054728', '0.007148', '0.048124', '0.056342', '0.055141', '0.050442', '0.053134', '0.013081']
         : correct/total = [(213, 4128), (206, 4203), (207, 4081), (31, 4333), (176, 4091), (297, 4287), (234, 4193), (196, 4349), (518, 4191), (254, 4277), (206, 4143), (24, 4193), (224, 4093), (30, 4197), (195, 4052), (227, 4029), (229, 4153), (211, 4183), (217, 4084), (54, 4128)]
         : compromised: 0.0471, honest: 0.0487
Round 009: test acc mean=0.0600 ± 0.0290 | min=0.0145 max=0.1138
         : test loss mean=5.4321 ± 3.5303
         : individual accs = ['0.098110', '0.050916', '0.053908', '0.017771', '0.044977', '0.095171', '0.050799', '0.043918', '0.113815', '0.055880', '0.095824', '0.019556', '0.060347', '0.019061', '0.073297', '0.062298', '0.096797', '0.081042', '0.052400', '0.014535']
         : correct/total = [(405, 4128), (214, 4203), (220, 4081), (77, 4333), (184, 4091), (408, 4287), (213, 4193), (191, 4349), (477, 4191), (239, 4277), (397, 4143), (82, 4193), (247, 4093), (80, 4197), (297, 4052), (251, 4029), (402, 4153), (339, 4183), (214, 4084), (60, 4128)]
         : compromised: 0.0573, honest: 0.0710
Round 010: test acc mean=0.0642 ± 0.0349 | min=0.0057 max=0.1241
         : test loss mean=21.9621 ± 36.6060
         : individual accs = ['0.088663', '0.052819', '0.104141', '0.007154', '0.087509', '0.124096', '0.049130', '0.088526', '0.047960', '0.053776', '0.098721', '0.005724', '0.103103', '0.007148', '0.071076', '0.063043', '0.087407', '0.078652', '0.057297', '0.007267']
         : correct/total = [(366, 4128), (222, 4203), (425, 4081), (31, 4333), (358, 4091), (532, 4287), (206, 4193), (385, 4349), (201, 4191), (230, 4277), (409, 4143), (24, 4193), (422, 4093), (30, 4197), (288, 4052), (254, 4029), (363, 4153), (329, 4183), (234, 4084), (30, 4128)]
         : compromised: 0.0582, honest: 0.0880

=== FINAL RESULTS ===
Dataset: femnist, Nodes: 20, Graph: erdos, Aggregation: balance
Attack: directed_deviation, 80.0% compromised
Final accuracy - Compromised: 0.0582, Honest: 0.0880
Overall test accuracy: mean=0.0642 ± 0.0349

=== BALANCE SUMMARY ===
Node 0: acceptance=0.167
Node 1: acceptance=0.250
Node 2: acceptance=0.200
Node 3: acceptance=0.500
Node 4: acceptance=0.250
Node 5: acceptance=0.200
Node 6: acceptance=0.200
Node 7: acceptance=0.200
Node 8: acceptance=0.500
Node 9: acceptance=0.333
Node 10: acceptance=0.250
Node 11: acceptance=0.500
Node 12: acceptance=0.329
Node 13: acceptance=0.300
Node 14: acceptance=0.143
Node 15: acceptance=0.167
Node 16: acceptance=0.200
Node 17: acceptance=0.300
Node 18: acceptance=0.250
Node 19: acceptance=0.000

=== PARALLEL EXECUTION TIME (realistic for distributed system) ===
  COMMUNICATION (max across nodes):
    - Full model transfer: 0.000s (0.0%)
  COMPUTATION (max across nodes):
    - Filtering: 0.034s (75.6%)
    - Aggregation: 0.011s (24.4%)
  TOTALS:
    - Total computation: 0.045s (100.0%)
    - Total communication: 0.000s (0.0%)
    - Total parallel time: 0.045s

=== PER-NODE AVERAGE TIME ===
  - Filtering: 0.026s
  - Aggregation: 0.003s
  - Model transfer: 0.000s
  - Total per node: 0.029s

=== TOTAL COMPUTATIONAL WORK (sum across all nodes) ===
  - Total filtering: 0.520s
  - Total aggregation: 0.069s
  - Total model transfer: 0.000s
  - Grand total: 0.588s
  - Mean acceptance rate: 0.262

BALANCE Algorithm Properties:
  - Model dimension: 6,603,710
  - No compression: Full parameter comparison
  - Theoretical complexity: O(deg(i)×d)
  - Approach: Full parameter filtering + averaging
