Device: cuda
Seed: 987654321
Loading 36 LEAF FEMNIST train files...
LEAF FEMNIST train: 3597 users, 734463 samples
Loading 36 LEAF FEMNIST test files...
LEAF FEMNIST test: 3597 users, 83388 samples
Found 3597 train users, 3597 test users, 3597 common users
User sample counts range: 525 (max) to 17 (min)
Distributed ALL 3597 users across 20 clients
Users per client: 179 (with 17 clients getting +1 user)
Train partition sizes: [36360, 37070, 35957, 38262, 36024, 37732, 36921, 38328, 36867, 37683, 36507, 36915, 36007, 37001, 35681, 35453, 36585, 36801, 35964, 36345]
Test partition sizes: [4128, 4203, 4081, 4333, 4091, 4287, 4193, 4349, 4191, 4277, 4143, 4193, 4093, 4197, 4052, 4029, 4153, 4183, 4084, 4128]
  Client 0: 36360 train samples, 62 unique classes
  Client 1: 37070 train samples, 62 unique classes
  Client 2: 35957 train samples, 62 unique classes
  Client 3: 38262 train samples, 62 unique classes
  Client 4: 36024 train samples, 62 unique classes
  Client 5: 37732 train samples, 62 unique classes
  Client 6: 36921 train samples, 62 unique classes
  Client 7: 38328 train samples, 62 unique classes
  Client 8: 36867 train samples, 62 unique classes
  Client 9: 37683 train samples, 62 unique classes
  Client 10: 36507 train samples, 62 unique classes
  Client 11: 36915 train samples, 62 unique classes
  Client 12: 36007 train samples, 62 unique classes
  Client 13: 37001 train samples, 62 unique classes
  Client 14: 35681 train samples, 62 unique classes
  Client 15: 35453 train samples, 62 unique classes
  Client 16: 36585 train samples, 62 unique classes
  Client 17: 36801 train samples, 62 unique classes
  Client 18: 35964 train samples, 62 unique classes
  Client 19: 36345 train samples, 62 unique classes
Will sample 4500 samples per client per epoch
Graph: fully, nodes: 20, edges: 190
Degree statistics: avg=19.00, min=19, max=19
Attack: Compromised 16/20 nodes: [1, 2, 3, 5, 6, 8, 9, 10, 11, 12, 13, 14, 15, 17, 18, 19]
Attack type: backdoor, lambda: 1.0
Backdoor target label: 0, trigger size: 4
Model variant: baseline
Model parameters: 6,603,710
Sketchguard Node 0:
  Model dim: 6,603,710 → Sketch size: 1000
  Compression ratio: 6603.7x
  Using model parameters for aggregation, sketches for filtering
Sketchguard Node 1:
  Model dim: 6,603,710 → Sketch size: 1000
  Compression ratio: 6603.7x
  Using model parameters for aggregation, sketches for filtering
Sketchguard Node 2:
  Model dim: 6,603,710 → Sketch size: 1000
  Compression ratio: 6603.7x
  Using model parameters for aggregation, sketches for filtering
Sketchguard Node 3:
  Model dim: 6,603,710 → Sketch size: 1000
  Compression ratio: 6603.7x
  Using model parameters for aggregation, sketches for filtering
Sketchguard Node 4:
  Model dim: 6,603,710 → Sketch size: 1000
  Compression ratio: 6603.7x
  Using model parameters for aggregation, sketches for filtering
Sketchguard Node 5:
  Model dim: 6,603,710 → Sketch size: 1000
  Compression ratio: 6603.7x
  Using model parameters for aggregation, sketches for filtering
Sketchguard Node 6:
  Model dim: 6,603,710 → Sketch size: 1000
  Compression ratio: 6603.7x
  Using model parameters for aggregation, sketches for filtering
Sketchguard Node 7:
  Model dim: 6,603,710 → Sketch size: 1000
  Compression ratio: 6603.7x
  Using model parameters for aggregation, sketches for filtering
Sketchguard Node 8:
  Model dim: 6,603,710 → Sketch size: 1000
  Compression ratio: 6603.7x
  Using model parameters for aggregation, sketches for filtering
Sketchguard Node 9:
  Model dim: 6,603,710 → Sketch size: 1000
  Compression ratio: 6603.7x
  Using model parameters for aggregation, sketches for filtering
Sketchguard Node 10:
  Model dim: 6,603,710 → Sketch size: 1000
  Compression ratio: 6603.7x
  Using model parameters for aggregation, sketches for filtering
Sketchguard Node 11:
  Model dim: 6,603,710 → Sketch size: 1000
  Compression ratio: 6603.7x
  Using model parameters for aggregation, sketches for filtering
Sketchguard Node 12:
  Model dim: 6,603,710 → Sketch size: 1000
  Compression ratio: 6603.7x
  Using model parameters for aggregation, sketches for filtering
Sketchguard Node 13:
  Model dim: 6,603,710 → Sketch size: 1000
  Compression ratio: 6603.7x
  Using model parameters for aggregation, sketches for filtering
Sketchguard Node 14:
  Model dim: 6,603,710 → Sketch size: 1000
  Compression ratio: 6603.7x
  Using model parameters for aggregation, sketches for filtering
Sketchguard Node 15:
  Model dim: 6,603,710 → Sketch size: 1000
  Compression ratio: 6603.7x
  Using model parameters for aggregation, sketches for filtering
Sketchguard Node 16:
  Model dim: 6,603,710 → Sketch size: 1000
  Compression ratio: 6603.7x
  Using model parameters for aggregation, sketches for filtering
Sketchguard Node 17:
  Model dim: 6,603,710 → Sketch size: 1000
  Compression ratio: 6603.7x
  Using model parameters for aggregation, sketches for filtering
Sketchguard Node 18:
  Model dim: 6,603,710 → Sketch size: 1000
  Compression ratio: 6603.7x
  Using model parameters for aggregation, sketches for filtering
Sketchguard Node 19:
  Model dim: 6,603,710 → Sketch size: 1000
  Compression ratio: 6603.7x
  Using model parameters for aggregation, sketches for filtering
Sketchguard ALGORITHM (Sketch-based Filtering + State Aggregation)
  - Model dimension: 6,603,710 parameters
  - Config: SketchguardConfig(gamma=2, kappa=1, alpha=0.5, min_neighbors=1, sketch_size=1000, network_seed=987654321, attack_detection_window=5)
  - Sketch size: 1000
  - Compression ratio: 6603.7x
  - Complexity: O(d + N×k) = O(6,603,710 + 20×1000)
  - Theoretical speedup vs BALANCE: 19.9x
Initial test acc across nodes: mean=0.0168 ± 0.0139
Backdoor attack: Created poisoned datasets for 16 compromised nodes
Round 001: test acc mean=0.0515 ± 0.0046 | min=0.0432 max=0.0596
         : test loss mean=24950.4491 ± 12598.8273
         : individual accs = ['0.059593', '0.048775', '0.053418', '0.043157', '0.057932', '0.045253', '0.050799', '0.058174', '0.049630', '0.043488', '0.048033', '0.049606', '0.054239', '0.049083', '0.051826', '0.051626', '0.058271', '0.049486', '0.052889', '0.054506']
         : correct/total = [(246, 4128), (205, 4203), (218, 4081), (187, 4333), (237, 4091), (194, 4287), (213, 4193), (253, 4349), (208, 4191), (186, 4277), (199, 4143), (208, 4193), (222, 4093), (206, 4197), (210, 4052), (208, 4029), (242, 4153), (207, 4183), (216, 4084), (225, 4128)]
         : compromised: 0.0497, honest: 0.0585
         : sketchguard stats = ['Node 0: acc_rate=0.158', 'Node 1: acc_rate=0.211', 'Node 2: acc_rate=0.211']...
Round 002: test acc mean=0.0188 ± 0.0224 | min=0.0017 max=0.0596
         : test loss mean=1474371.4691 ± 1289796.3222
         : individual accs = ['0.059593', '0.001665', '0.003676', '0.003000', '0.057932', '0.004432', '0.003100', '0.058174', '0.005727', '0.003040', '0.022930', '0.004054', '0.003420', '0.004051', '0.005183', '0.021842', '0.059234', '0.045900', '0.006856', '0.002907']
         : correct/total = [(246, 4128), (7, 4203), (15, 4081), (13, 4333), (237, 4091), (19, 4287), (13, 4193), (253, 4349), (24, 4191), (13, 4277), (95, 4143), (17, 4193), (14, 4093), (17, 4197), (21, 4052), (88, 4029), (246, 4153), (192, 4183), (28, 4084), (12, 4128)]
         : compromised: 0.0089, honest: 0.0587
         : sketchguard stats = ['Node 0: acc_rate=0.158', 'Node 1: acc_rate=0.605', 'Node 2: acc_rate=0.605']...
Round 003: test acc mean=0.0504 ± 0.0053 | min=0.0369 max=0.0596
         : test loss mean=1308853823991162368.0000 ± 5699448807141017600.0000
         : individual accs = ['0.059593', '0.046158', '0.053418', '0.043157', '0.057932', '0.036856', '0.050799', '0.051276', '0.049630', '0.043488', '0.048033', '0.049606', '0.054239', '0.049083', '0.048124', '0.051626', '0.058271', '0.049486', '0.052889', '0.054506']
         : correct/total = [(246, 4128), (194, 4203), (218, 4081), (187, 4333), (237, 4091), (158, 4287), (213, 4193), (223, 4349), (208, 4191), (186, 4277), (199, 4143), (208, 4193), (222, 4093), (206, 4197), (195, 4052), (208, 4029), (242, 4153), (207, 4183), (216, 4084), (225, 4128)]
         : compromised: 0.0488, honest: 0.0568
         : sketchguard stats = ['Node 0: acc_rate=0.158', 'Node 1: acc_rate=0.737', 'Node 2: acc_rate=0.737']...
Round 004: test acc mean=0.0506 ± 0.0060 | min=0.0343 max=0.0596
         : test loss mean=nan ± nan
         : individual accs = ['0.059593', '0.048775', '0.053418', '0.043157', '0.057932', '0.050618', '0.050799', '0.058174', '0.043904', '0.043488', '0.048033', '0.049606', '0.054239', '0.049083', '0.051826', '0.034252', '0.058271', '0.049486', '0.052889', '0.054506']
         : correct/total = [(246, 4128), (205, 4203), (218, 4081), (187, 4333), (237, 4091), (217, 4287), (213, 4193), (253, 4349), (184, 4191), (186, 4277), (199, 4143), (208, 4193), (222, 4093), (206, 4197), (210, 4052), (138, 4029), (242, 4153), (207, 4183), (216, 4084), (225, 4128)]
         : compromised: 0.0486, honest: 0.0585
         : sketchguard stats = ['Node 0: acc_rate=0.158', 'Node 1: acc_rate=0.553', 'Node 2: acc_rate=0.803']...
Round 005: test acc mean=0.0524 ± 0.0088 | min=0.0432 max=0.0862
         : test loss mean=nan ± nan
         : individual accs = ['0.086240', '0.048775', '0.053418', '0.043157', '0.058665', '0.045253', '0.050799', '0.047827', '0.049630', '0.043488', '0.048033', '0.049606', '0.054239', '0.049083', '0.051826', '0.051626', '0.058512', '0.049486', '0.052889', '0.054506']
         : correct/total = [(356, 4128), (205, 4203), (218, 4081), (187, 4333), (240, 4091), (194, 4287), (213, 4193), (208, 4349), (208, 4191), (186, 4277), (199, 4143), (208, 4193), (222, 4093), (206, 4197), (210, 4052), (208, 4029), (243, 4153), (207, 4183), (216, 4084), (225, 4128)]
         : compromised: 0.0497, honest: 0.0628
         : sketchguard stats = ['Node 0: acc_rate=0.158', 'Node 1: acc_rate=0.442', 'Node 2: acc_rate=0.642']...
Round 006: test acc mean=0.0502 ± 0.0042 | min=0.0432 max=0.0583
         : test loss mean=nan ± nan
         : individual accs = ['0.044574', '0.048775', '0.053418', '0.043157', '0.057932', '0.045253', '0.050799', '0.047827', '0.049630', '0.043488', '0.048033', '0.049606', '0.054239', '0.049083', '0.051826', '0.051626', '0.058271', '0.049486', '0.052889', '0.054506']
         : correct/total = [(184, 4128), (205, 4203), (218, 4081), (187, 4333), (237, 4091), (194, 4287), (213, 4193), (208, 4349), (208, 4191), (186, 4277), (199, 4143), (208, 4193), (222, 4093), (206, 4197), (210, 4052), (208, 4029), (242, 4153), (207, 4183), (216, 4084), (225, 4128)]
         : compromised: 0.0497, honest: 0.0522
         : sketchguard stats = ['Node 0: acc_rate=0.158', 'Node 1: acc_rate=0.368', 'Node 2: acc_rate=0.535']...
Round 007: test acc mean=0.0510 ± 0.0045 | min=0.0432 max=0.0596
         : test loss mean=nan ± nan
         : individual accs = ['0.059593', '0.048775', '0.053418', '0.043157', '0.047421', '0.045253', '0.050799', '0.058174', '0.049630', '0.043488', '0.048033', '0.049606', '0.054239', '0.049083', '0.051826', '0.051626', '0.058271', '0.049486', '0.052889', '0.054506']
         : correct/total = [(246, 4128), (205, 4203), (218, 4081), (187, 4333), (194, 4091), (194, 4287), (213, 4193), (253, 4349), (208, 4191), (186, 4277), (199, 4143), (208, 4193), (222, 4093), (206, 4197), (210, 4052), (208, 4029), (242, 4153), (207, 4183), (216, 4084), (225, 4128)]
         : compromised: 0.0497, honest: 0.0559
         : sketchguard stats = ['Node 0: acc_rate=0.158', 'Node 1: acc_rate=0.316', 'Node 2: acc_rate=0.459']...
Round 008: test acc mean=0.0502 ± 0.0033 | min=0.0432 max=0.0551
         : test loss mean=nan ± nan
         : individual accs = ['0.051599', '0.048775', '0.053418', '0.043157', '0.051088', '0.045253', '0.050799', '0.051276', '0.049630', '0.043488', '0.048033', '0.049606', '0.054239', '0.049083', '0.051826', '0.051626', '0.055141', '0.049486', '0.052889', '0.054506']
         : correct/total = [(213, 4128), (205, 4203), (218, 4081), (187, 4333), (209, 4091), (194, 4287), (213, 4193), (223, 4349), (208, 4191), (186, 4277), (199, 4143), (208, 4193), (222, 4093), (206, 4197), (210, 4052), (208, 4029), (229, 4153), (207, 4183), (216, 4084), (225, 4128)]
         : compromised: 0.0497, honest: 0.0523
         : sketchguard stats = ['Node 0: acc_rate=0.158', 'Node 1: acc_rate=0.276', 'Node 2: acc_rate=0.401']...
Round 009: test acc mean=0.0514 ± 0.0076 | min=0.0432 max=0.0814
         : test loss mean=nan ± nan
         : individual accs = ['0.053295', '0.048775', '0.053418', '0.043157', '0.052066', '0.045253', '0.050799', '0.045298', '0.049630', '0.043488', '0.048033', '0.049606', '0.054239', '0.049083', '0.051826', '0.051626', '0.081387', '0.049486', '0.052889', '0.054506']
         : correct/total = [(220, 4128), (205, 4203), (218, 4081), (187, 4333), (213, 4091), (194, 4287), (213, 4193), (197, 4349), (208, 4191), (186, 4277), (199, 4143), (208, 4193), (222, 4093), (206, 4197), (210, 4052), (208, 4029), (338, 4153), (207, 4183), (216, 4084), (225, 4128)]
         : compromised: 0.0497, honest: 0.0580
         : sketchguard stats = ['Node 0: acc_rate=0.158', 'Node 1: acc_rate=0.246', 'Node 2: acc_rate=0.357']...
Round 010: test acc mean=0.0521 ± 0.0059 | min=0.0432 max=0.0688
         : test loss mean=nan ± nan
         : individual accs = ['0.068798', '0.048775', '0.053418', '0.043157', '0.057932', '0.045253', '0.050799', '0.060474', '0.049630', '0.043488', '0.048033', '0.049606', '0.054239', '0.049083', '0.051826', '0.051626', '0.058271', '0.049486', '0.052889', '0.054506']
         : correct/total = [(284, 4128), (205, 4203), (218, 4081), (187, 4333), (237, 4091), (194, 4287), (213, 4193), (263, 4349), (208, 4191), (186, 4277), (199, 4143), (208, 4193), (222, 4093), (206, 4197), (210, 4052), (208, 4029), (242, 4153), (207, 4183), (216, 4084), (225, 4128)]
         : compromised: 0.0497, honest: 0.0614
         : sketchguard stats = ['Node 0: acc_rate=0.158', 'Node 1: acc_rate=0.221', 'Node 2: acc_rate=0.321']...

=== FINAL RESULTS ===
Dataset: femnist, Nodes: 20, Graph: fully, Aggregation: sketchguard
Attack: backdoor, 80.0% compromised
Final accuracy - Compromised: 0.0497, Honest: 0.0614
Overall test accuracy: mean=0.0521 ± 0.0059

=== BACKDOOR ATTACK SUCCESS RATE (ASR) ===
Target label: 0
Trigger size: 4x4
Overall ASR: 0.8000 ± 0.4000
Honest nodes ASR: 0.0000 ± 0.0000
Compromised nodes ASR: 1.0000 ± 0.0000
Note: Higher ASR indicates more successful backdoor attack

=== Sketchguard SUMMARY ===
Node 0: acceptance=0.158
Node 1: acceptance=0.221
Node 2: acceptance=0.321
Node 3: acceptance=0.321
Node 4: acceptance=0.158
Node 5: acceptance=0.321
Node 6: acceptance=0.321
Node 7: acceptance=0.158
Node 8: acceptance=0.321
Node 9: acceptance=0.321
Node 10: acceptance=0.221
Node 11: acceptance=0.321
Node 12: acceptance=0.321
Node 13: acceptance=0.221
Node 14: acceptance=0.321
Node 15: acceptance=0.321
Node 16: acceptance=0.158
Node 17: acceptance=0.221
Node 18: acceptance=0.321
Node 19: acceptance=0.321

=== PARALLEL EXECUTION TIME (realistic for distributed system) ===
  COMMUNICATION (max across nodes):
    - Sketch transfer: 0.000s (0.0%)
    - Model fetch (accepted): 0.000s (0.0%)
  COMPUTATION (max across nodes):
    - Sketching: 2.930s (99.1%)
    - Filtering: 0.002s (0.1%)
    - Aggregation: 0.025s (0.8%)
  TOTALS:
    - Total computation: 2.957s (100.0%)
    - Total communication: 0.000s (0.0%)
    - Total parallel time: 2.957s

=== PER-NODE AVERAGE TIME ===
  - Sketching: 2.496s
  - Filtering: 0.001s
  - Aggregation: 0.011s
  - Sketch transfer: 0.000s
  - Model fetch: 0.000s
  - Total per node: 2.508s

=== TOTAL COMPUTATIONAL WORK (sum across all nodes) ===
  - Total sketching: 49.921s
  - Total filtering: 0.022s
  - Total aggregation: 0.220s
  - Total sketch transfer: 0.000s
  - Total model fetch: 0.000s
  - Grand total: 50.163s
  - Mean acceptance rate: 0.268

Sketchguard Algorithm Properties:
  - Original dimension: 6,603,710
  - Sketch size: 1000
  - Compression ratio: 19.9x
  - Single repetition: No repetitions needed
  - Theoretical complexity: O(d + N×k)
  - Approach: Sketch filtering + state aggregation
