Device: cuda
Seed: 987654321
Loading 36 LEAF FEMNIST train files...
LEAF FEMNIST train: 3597 users, 734463 samples
Loading 36 LEAF FEMNIST test files...
LEAF FEMNIST test: 3597 users, 83388 samples
Found 3597 train users, 3597 test users, 3597 common users
User sample counts range: 525 (max) to 17 (min)
Distributed ALL 3597 users across 20 clients
Users per client: 179 (with 17 clients getting +1 user)
Train partition sizes: [36360, 37070, 35957, 38262, 36024, 37732, 36921, 38328, 36867, 37683, 36507, 36915, 36007, 37001, 35681, 35453, 36585, 36801, 35964, 36345]
Test partition sizes: [4128, 4203, 4081, 4333, 4091, 4287, 4193, 4349, 4191, 4277, 4143, 4193, 4093, 4197, 4052, 4029, 4153, 4183, 4084, 4128]
  Client 0: 36360 train samples, 62 unique classes
  Client 1: 37070 train samples, 62 unique classes
  Client 2: 35957 train samples, 62 unique classes
  Client 3: 38262 train samples, 62 unique classes
  Client 4: 36024 train samples, 62 unique classes
  Client 5: 37732 train samples, 62 unique classes
  Client 6: 36921 train samples, 62 unique classes
  Client 7: 38328 train samples, 62 unique classes
  Client 8: 36867 train samples, 62 unique classes
  Client 9: 37683 train samples, 62 unique classes
  Client 10: 36507 train samples, 62 unique classes
  Client 11: 36915 train samples, 62 unique classes
  Client 12: 36007 train samples, 62 unique classes
  Client 13: 37001 train samples, 62 unique classes
  Client 14: 35681 train samples, 62 unique classes
  Client 15: 35453 train samples, 62 unique classes
  Client 16: 36585 train samples, 62 unique classes
  Client 17: 36801 train samples, 62 unique classes
  Client 18: 35964 train samples, 62 unique classes
  Client 19: 36345 train samples, 62 unique classes
Will sample 4500 samples per client per epoch
Graph: erdos, nodes: 20, edges: 126
Degree statistics: avg=12.60, min=8, max=16
Attack: Compromised 10/20 nodes: [1, 2, 5, 11, 12, 13, 14, 15, 17, 18]
Attack type: backdoor, lambda: 1.0
Backdoor target label: 0, trigger size: 4
Model variant: baseline
Model parameters: 6,603,710
BALANCE algorithm:
Balance Config: BALANCEConfig(gamma=2, kappa=1, alpha=0.5, min_neighbors=1)
  - Model dimension: 6,603,710 parameters
  - Complexity: O(N×d) = O(20×6,603,710)
Initial test acc across nodes: mean=0.0168 ± 0.0139
Backdoor attack: Created poisoned datasets for 10 compromised nodes
Round 001: test acc mean=0.0525 ± 0.0043 | min=0.0434 max=0.0596
         : test loss mean=15540.1359 ± 15598.5588
         : individual accs = ['0.059593', '0.048775', '0.053418', '0.043388', '0.057932', '0.045253', '0.057000', '0.058174', '0.053209', '0.050503', '0.055998', '0.049606', '0.054239', '0.049083', '0.051826', '0.051626', '0.058271', '0.049486', '0.052889', '0.050145']
         : correct/total = [(246, 4128), (205, 4203), (218, 4081), (188, 4333), (237, 4091), (194, 4287), (239, 4193), (253, 4349), (223, 4191), (216, 4277), (232, 4143), (208, 4193), (222, 4093), (206, 4197), (210, 4052), (208, 4029), (242, 4153), (207, 4183), (216, 4084), (207, 4128)]
         : compromised: 0.0506, honest: 0.0544
Round 002: test acc mean=0.0359 ± 0.0234 | min=0.0027 max=0.0582
         : test loss mean=68063.5140 ± 118221.0602
         : individual accs = ['0.044574', '0.003569', '0.002695', '0.052850', '0.057932', '0.004199', '0.057000', '0.058174', '0.053209', '0.053776', '0.055998', '0.003577', '0.054239', '0.004527', '0.008144', '0.004219', '0.049362', '0.049486', '0.052889', '0.048450']
         : correct/total = [(184, 4128), (15, 4203), (11, 4081), (229, 4333), (237, 4091), (18, 4287), (239, 4193), (253, 4349), (223, 4191), (230, 4277), (232, 4143), (15, 4193), (222, 4093), (19, 4197), (33, 4052), (17, 4029), (205, 4153), (207, 4183), (216, 4084), (200, 4128)]
         : compromised: 0.0188, honest: 0.0531
Round 003: test acc mean=0.0529 ± 0.0038 | min=0.0459 max=0.0596
         : test loss mean=nan ± nan
         : individual accs = ['0.059593', '0.048775', '0.053418', '0.048234', '0.057932', '0.052251', '0.057000', '0.051276', '0.054880', '0.047463', '0.055998', '0.050799', '0.054239', '0.049083', '0.051826', '0.051378', '0.058271', '0.045900', '0.054358', '0.055475']
         : correct/total = [(246, 4128), (205, 4203), (218, 4081), (209, 4333), (237, 4091), (224, 4287), (239, 4193), (223, 4349), (230, 4191), (203, 4277), (232, 4143), (213, 4193), (222, 4093), (206, 4197), (210, 4052), (207, 4029), (242, 4153), (192, 4183), (222, 4084), (229, 4128)]
         : compromised: 0.0512, honest: 0.0546
Round 004: test acc mean=0.0521 ± 0.0040 | min=0.0453 max=0.0596
         : test loss mean=nan ± nan
         : individual accs = ['0.059593', '0.048775', '0.053418', '0.052850', '0.057932', '0.045253', '0.049130', '0.058174', '0.053209', '0.053075', '0.045619', '0.049606', '0.054239', '0.049083', '0.051826', '0.051626', '0.058271', '0.049486', '0.052889', '0.048450']
         : correct/total = [(246, 4128), (205, 4203), (218, 4081), (229, 4333), (237, 4091), (194, 4287), (206, 4193), (253, 4349), (223, 4191), (227, 4277), (189, 4143), (208, 4193), (222, 4093), (206, 4197), (210, 4052), (208, 4029), (242, 4153), (207, 4183), (216, 4084), (200, 4128)]
         : compromised: 0.0506, honest: 0.0536
Round 005: test acc mean=0.0525 ± 0.0037 | min=0.0453 max=0.0596
         : test loss mean=nan ± nan
         : individual accs = ['0.059593', '0.048775', '0.053418', '0.052850', '0.057932', '0.045253', '0.057000', '0.047827', '0.051062', '0.053776', '0.055998', '0.049606', '0.054239', '0.049083', '0.051826', '0.051626', '0.058271', '0.049486', '0.052889', '0.050145']
         : correct/total = [(246, 4128), (205, 4203), (218, 4081), (229, 4333), (237, 4091), (194, 4287), (239, 4193), (208, 4349), (214, 4191), (230, 4277), (232, 4143), (208, 4193), (222, 4093), (206, 4197), (210, 4052), (208, 4029), (242, 4153), (207, 4183), (216, 4084), (207, 4128)]
         : compromised: 0.0506, honest: 0.0544
Round 006: test acc mean=0.0521 ± 0.0036 | min=0.0446 max=0.0583
         : test loss mean=nan ± nan
         : individual accs = ['0.044574', '0.048775', '0.053418', '0.052850', '0.057932', '0.045253', '0.057000', '0.051276', '0.053209', '0.053776', '0.050447', '0.049606', '0.054239', '0.049083', '0.051826', '0.051626', '0.058271', '0.049486', '0.052889', '0.055475']
         : correct/total = [(184, 4128), (205, 4203), (218, 4081), (229, 4333), (237, 4091), (194, 4287), (239, 4193), (223, 4349), (223, 4191), (230, 4277), (209, 4143), (208, 4193), (222, 4093), (206, 4197), (210, 4052), (208, 4029), (242, 4153), (207, 4183), (216, 4084), (229, 4128)]
         : compromised: 0.0506, honest: 0.0535
Round 007: test acc mean=0.0520 ± 0.0042 | min=0.0435 max=0.0596
         : test loss mean=nan ± nan
         : individual accs = ['0.059593', '0.048775', '0.053418', '0.052850', '0.047421', '0.045253', '0.048891', '0.058174', '0.053209', '0.043488', '0.055998', '0.049606', '0.054239', '0.049083', '0.051826', '0.051626', '0.058271', '0.049486', '0.052889', '0.055475']
         : correct/total = [(246, 4128), (205, 4203), (218, 4081), (229, 4333), (194, 4091), (194, 4287), (205, 4193), (253, 4349), (223, 4191), (186, 4277), (232, 4143), (208, 4193), (222, 4093), (206, 4197), (210, 4052), (208, 4029), (242, 4153), (207, 4183), (216, 4084), (229, 4128)]
         : compromised: 0.0506, honest: 0.0533
Round 008: test acc mean=0.0530 ± 0.0086 | min=0.0422 max=0.0875
         : test loss mean=nan ± nan
         : individual accs = ['0.051599', '0.048775', '0.053418', '0.087468', '0.051088', '0.045253', '0.057238', '0.051276', '0.042233', '0.053075', '0.055998', '0.049606', '0.054239', '0.049083', '0.051826', '0.051626', '0.055141', '0.049486', '0.052889', '0.048450']
         : correct/total = [(213, 4128), (205, 4203), (218, 4081), (379, 4333), (209, 4091), (194, 4287), (240, 4193), (223, 4349), (177, 4191), (227, 4277), (232, 4143), (208, 4193), (222, 4093), (206, 4197), (210, 4052), (208, 4029), (229, 4153), (207, 4183), (216, 4084), (200, 4128)]
         : compromised: 0.0506, honest: 0.0554
Round 009: test acc mean=0.0535 ± 0.0057 | min=0.0444 max=0.0711
         : test loss mean=nan ± nan
         : individual accs = ['0.060804', '0.048775', '0.053418', '0.052850', '0.052799', '0.045253', '0.044360', '0.058174', '0.053209', '0.071078', '0.055998', '0.049606', '0.054239', '0.049083', '0.051826', '0.051626', '0.058271', '0.049486', '0.052889', '0.055475']
         : correct/total = [(251, 4128), (205, 4203), (218, 4081), (229, 4333), (216, 4091), (194, 4287), (186, 4193), (253, 4349), (223, 4191), (304, 4277), (232, 4143), (208, 4193), (222, 4093), (206, 4197), (210, 4052), (208, 4029), (242, 4153), (207, 4183), (216, 4084), (229, 4128)]
         : compromised: 0.0506, honest: 0.0563
Round 010: test acc mean=0.0524 ± 0.0035 | min=0.0453 max=0.0583
         : test loss mean=nan ± nan
         : individual accs = ['0.051599', '0.048775', '0.053418', '0.052850', '0.057932', '0.045253', '0.049130', '0.058174', '0.047960', '0.053776', '0.055998', '0.049606', '0.054239', '0.049083', '0.051826', '0.051626', '0.058271', '0.049486', '0.052889', '0.055475']
         : correct/total = [(213, 4128), (205, 4203), (218, 4081), (229, 4333), (237, 4091), (194, 4287), (206, 4193), (253, 4349), (201, 4191), (230, 4277), (232, 4143), (208, 4193), (222, 4093), (206, 4197), (210, 4052), (208, 4029), (242, 4153), (207, 4183), (216, 4084), (229, 4128)]
         : compromised: 0.0506, honest: 0.0541

=== FINAL RESULTS ===
Dataset: femnist, Nodes: 20, Graph: erdos, Aggregation: balance
Attack: backdoor, 50.0% compromised
Final accuracy - Compromised: 0.0506, Honest: 0.0541
Overall test accuracy: mean=0.0524 ± 0.0035

=== BACKDOOR ATTACK SUCCESS RATE (ASR) ===
Target label: 0
Trigger size: 4x4
Overall ASR: 0.5000 ± 0.5000
Honest nodes ASR: 0.0000 ± 0.0000
Compromised nodes ASR: 1.0000 ± 0.0000
Note: Higher ASR indicates more successful backdoor attack

=== BALANCE SUMMARY ===
Node 0: acceptance=0.500
Node 1: acceptance=0.255
Node 2: acceptance=0.142
Node 3: acceptance=0.625
Node 4: acceptance=0.455
Node 5: acceptance=0.247
Node 6: acceptance=0.429
Node 7: acceptance=0.429
Node 8: acceptance=0.400
Node 9: acceptance=0.538
Node 10: acceptance=0.556
Node 11: acceptance=0.250
Node 12: acceptance=0.258
Node 13: acceptance=0.154
Node 14: acceptance=0.247
Node 15: acceptance=0.245
Node 16: acceptance=0.385
Node 17: acceptance=0.267
Node 18: acceptance=0.256
Node 19: acceptance=0.438

=== PARALLEL EXECUTION TIME (realistic for distributed system) ===
  COMMUNICATION (max across nodes):
    - Full model transfer: 0.000s (0.0%)
  COMPUTATION (max across nodes):
    - Filtering: 0.072s (73.6%)
    - Aggregation: 0.026s (26.4%)
  TOTALS:
    - Total computation: 0.098s (100.0%)
    - Total communication: 0.000s (0.0%)
    - Total parallel time: 0.098s

=== PER-NODE AVERAGE TIME ===
  - Filtering: 0.050s
  - Aggregation: 0.005s
  - Model transfer: 0.000s
  - Total per node: 0.056s

=== TOTAL COMPUTATIONAL WORK (sum across all nodes) ===
  - Total filtering: 1.009s
  - Total aggregation: 0.106s
  - Total model transfer: 0.000s
  - Grand total: 1.115s
  - Mean acceptance rate: 0.354

BALANCE Algorithm Properties:
  - Model dimension: 6,603,710
  - No compression: Full parameter comparison
  - Theoretical complexity: O(deg(i)×d)
  - Approach: Full parameter filtering + averaging
