Device: cuda
Seed: 987654321
Loading 36 LEAF FEMNIST train files...
LEAF FEMNIST train: 3597 users, 734463 samples
Loading 36 LEAF FEMNIST test files...
LEAF FEMNIST test: 3597 users, 83388 samples
Found 3597 train users, 3597 test users, 3597 common users
User sample counts range: 525 (max) to 17 (min)
Distributed ALL 3597 users across 20 clients
Users per client: 179 (with 17 clients getting +1 user)
Train partition sizes: [36360, 37070, 35957, 38262, 36024, 37732, 36921, 38328, 36867, 37683, 36507, 36915, 36007, 37001, 35681, 35453, 36585, 36801, 35964, 36345]
Test partition sizes: [4128, 4203, 4081, 4333, 4091, 4287, 4193, 4349, 4191, 4277, 4143, 4193, 4093, 4197, 4052, 4029, 4153, 4183, 4084, 4128]
  Client 0: 36360 train samples, 62 unique classes
  Client 1: 37070 train samples, 62 unique classes
  Client 2: 35957 train samples, 62 unique classes
  Client 3: 38262 train samples, 62 unique classes
  Client 4: 36024 train samples, 62 unique classes
  Client 5: 37732 train samples, 62 unique classes
  Client 6: 36921 train samples, 62 unique classes
  Client 7: 38328 train samples, 62 unique classes
  Client 8: 36867 train samples, 62 unique classes
  Client 9: 37683 train samples, 62 unique classes
  Client 10: 36507 train samples, 62 unique classes
  Client 11: 36915 train samples, 62 unique classes
  Client 12: 36007 train samples, 62 unique classes
  Client 13: 37001 train samples, 62 unique classes
  Client 14: 35681 train samples, 62 unique classes
  Client 15: 35453 train samples, 62 unique classes
  Client 16: 36585 train samples, 62 unique classes
  Client 17: 36801 train samples, 62 unique classes
  Client 18: 35964 train samples, 62 unique classes
  Client 19: 36345 train samples, 62 unique classes
Will sample 4500 samples per client per epoch
Graph: erdos, nodes: 20, edges: 48
Degree statistics: avg=4.80, min=2, max=7
Attack: Compromised 16/20 nodes: [1, 2, 3, 5, 6, 8, 9, 10, 11, 12, 13, 14, 15, 17, 18, 19]
Attack type: backdoor, lambda: 1.0
Backdoor target label: 0, trigger size: 4
Model variant: baseline
Model parameters: 6,603,710
Sketchguard Node 0:
  Model dim: 6,603,710 → Sketch size: 1000
  Compression ratio: 6603.7x
  Using model parameters for aggregation, sketches for filtering
Sketchguard Node 1:
  Model dim: 6,603,710 → Sketch size: 1000
  Compression ratio: 6603.7x
  Using model parameters for aggregation, sketches for filtering
Sketchguard Node 2:
  Model dim: 6,603,710 → Sketch size: 1000
  Compression ratio: 6603.7x
  Using model parameters for aggregation, sketches for filtering
Sketchguard Node 3:
  Model dim: 6,603,710 → Sketch size: 1000
  Compression ratio: 6603.7x
  Using model parameters for aggregation, sketches for filtering
Sketchguard Node 4:
  Model dim: 6,603,710 → Sketch size: 1000
  Compression ratio: 6603.7x
  Using model parameters for aggregation, sketches for filtering
Sketchguard Node 5:
  Model dim: 6,603,710 → Sketch size: 1000
  Compression ratio: 6603.7x
  Using model parameters for aggregation, sketches for filtering
Sketchguard Node 6:
  Model dim: 6,603,710 → Sketch size: 1000
  Compression ratio: 6603.7x
  Using model parameters for aggregation, sketches for filtering
Sketchguard Node 7:
  Model dim: 6,603,710 → Sketch size: 1000
  Compression ratio: 6603.7x
  Using model parameters for aggregation, sketches for filtering
Sketchguard Node 8:
  Model dim: 6,603,710 → Sketch size: 1000
  Compression ratio: 6603.7x
  Using model parameters for aggregation, sketches for filtering
Sketchguard Node 9:
  Model dim: 6,603,710 → Sketch size: 1000
  Compression ratio: 6603.7x
  Using model parameters for aggregation, sketches for filtering
Sketchguard Node 10:
  Model dim: 6,603,710 → Sketch size: 1000
  Compression ratio: 6603.7x
  Using model parameters for aggregation, sketches for filtering
Sketchguard Node 11:
  Model dim: 6,603,710 → Sketch size: 1000
  Compression ratio: 6603.7x
  Using model parameters for aggregation, sketches for filtering
Sketchguard Node 12:
  Model dim: 6,603,710 → Sketch size: 1000
  Compression ratio: 6603.7x
  Using model parameters for aggregation, sketches for filtering
Sketchguard Node 13:
  Model dim: 6,603,710 → Sketch size: 1000
  Compression ratio: 6603.7x
  Using model parameters for aggregation, sketches for filtering
Sketchguard Node 14:
  Model dim: 6,603,710 → Sketch size: 1000
  Compression ratio: 6603.7x
  Using model parameters for aggregation, sketches for filtering
Sketchguard Node 15:
  Model dim: 6,603,710 → Sketch size: 1000
  Compression ratio: 6603.7x
  Using model parameters for aggregation, sketches for filtering
Sketchguard Node 16:
  Model dim: 6,603,710 → Sketch size: 1000
  Compression ratio: 6603.7x
  Using model parameters for aggregation, sketches for filtering
Sketchguard Node 17:
  Model dim: 6,603,710 → Sketch size: 1000
  Compression ratio: 6603.7x
  Using model parameters for aggregation, sketches for filtering
Sketchguard Node 18:
  Model dim: 6,603,710 → Sketch size: 1000
  Compression ratio: 6603.7x
  Using model parameters for aggregation, sketches for filtering
Sketchguard Node 19:
  Model dim: 6,603,710 → Sketch size: 1000
  Compression ratio: 6603.7x
  Using model parameters for aggregation, sketches for filtering
Sketchguard ALGORITHM (Sketch-based Filtering + State Aggregation)
  - Model dimension: 6,603,710 parameters
  - Config: SketchguardConfig(gamma=2, kappa=1, alpha=0.5, min_neighbors=1, sketch_size=1000, network_seed=987654321, attack_detection_window=5)
  - Sketch size: 1000
  - Compression ratio: 6603.7x
  - Complexity: O(d + N×k) = O(6,603,710 + 20×1000)
  - Theoretical speedup vs BALANCE: 19.9x
Initial test acc across nodes: mean=0.0168 ± 0.0139
Backdoor attack: Created poisoned datasets for 16 compromised nodes
Round 001: test acc mean=0.0513 ± 0.0048 | min=0.0432 max=0.0596
         : test loss mean=36613.6775 ± 29643.4693
         : individual accs = ['0.059593', '0.048775', '0.053418', '0.043157', '0.058910', '0.045253', '0.050799', '0.056105', '0.049630', '0.043488', '0.048033', '0.049606', '0.054239', '0.055278', '0.051826', '0.051626', '0.058271', '0.049486', '0.052889', '0.045058']
         : correct/total = [(246, 4128), (205, 4203), (218, 4081), (187, 4333), (241, 4091), (194, 4287), (213, 4193), (244, 4349), (208, 4191), (186, 4277), (199, 4143), (208, 4193), (222, 4093), (232, 4197), (210, 4052), (208, 4029), (242, 4153), (207, 4183), (216, 4084), (186, 4128)]
         : compromised: 0.0495, honest: 0.0582
         : sketchguard stats = ['Node 0: acc_rate=0.167', 'Node 1: acc_rate=0.333', 'Node 2: acc_rate=0.200']...
Round 002: test acc mean=0.0332 ± 0.0230 | min=0.0017 max=0.0586
         : test loss mean=2580384.0780 ± 9500383.2705
         : individual accs = ['0.044574', '0.001665', '0.014947', '0.043157', '0.057932', '0.052484', '0.044360', '0.058174', '0.005727', '0.009352', '0.003138', '0.003577', '0.058637', '0.045747', '0.004195', '0.056342', '0.049362', '0.003586', '0.052644', '0.054506']
         : correct/total = [(184, 4128), (7, 4203), (61, 4081), (187, 4333), (237, 4091), (225, 4287), (186, 4193), (253, 4349), (24, 4191), (40, 4277), (13, 4143), (15, 4193), (240, 4093), (192, 4197), (17, 4052), (227, 4029), (205, 4153), (15, 4183), (215, 4084), (225, 4128)]
         : compromised: 0.0284, honest: 0.0525
         : sketchguard stats = ['Node 0: acc_rate=0.167', 'Node 1: acc_rate=0.583', 'Node 2: acc_rate=0.500']...
Round 003: test acc mean=0.0551 ± 0.0136 | min=0.0432 max=0.0947
         : test loss mean=nan ± nan
         : individual accs = ['0.059593', '0.048775', '0.053418', '0.043157', '0.093376', '0.045253', '0.050799', '0.094734', '0.049630', '0.043488', '0.048033', '0.049606', '0.054239', '0.049083', '0.051826', '0.051626', '0.058271', '0.049486', '0.052889', '0.054506']
         : correct/total = [(246, 4128), (205, 4203), (218, 4081), (187, 4333), (382, 4091), (194, 4287), (213, 4193), (412, 4349), (208, 4191), (186, 4277), (199, 4143), (208, 4193), (222, 4093), (206, 4197), (210, 4052), (208, 4029), (242, 4153), (207, 4183), (216, 4084), (225, 4128)]
         : compromised: 0.0497, honest: 0.0765
         : sketchguard stats = ['Node 0: acc_rate=0.167', 'Node 1: acc_rate=0.667', 'Node 2: acc_rate=0.600']...
WARNING: Node 13 rejected model from 3 - sketch verification failed!
Round 004: test acc mean=0.0539 ± 0.0103 | min=0.0432 max=0.0829
         : test loss mean=nan ± nan
         : individual accs = ['0.059593', '0.048775', '0.053418', '0.043157', '0.082865', '0.045253', '0.050799', '0.081628', '0.049630', '0.043488', '0.048033', '0.049606', '0.054239', '0.049083', '0.051826', '0.051626', '0.058271', '0.049486', '0.052889', '0.054506']
         : correct/total = [(246, 4128), (205, 4203), (218, 4081), (187, 4333), (339, 4091), (194, 4287), (213, 4193), (355, 4349), (208, 4191), (186, 4277), (199, 4143), (208, 4193), (222, 4093), (206, 4197), (210, 4052), (208, 4029), (242, 4153), (207, 4183), (216, 4084), (225, 4128)]
         : compromised: 0.0497, honest: 0.0706
         : sketchguard stats = ['Node 0: acc_rate=0.167', 'Node 1: acc_rate=0.500', 'Node 2: acc_rate=0.450']...
WARNING: Node 13 rejected model from 3 - sketch verification failed!
Round 005: test acc mean=0.0504 ± 0.0043 | min=0.0432 max=0.0596
         : test loss mean=nan ± nan
         : individual accs = ['0.059593', '0.048775', '0.053418', '0.043157', '0.045710', '0.045253', '0.050799', '0.047827', '0.049630', '0.043488', '0.048033', '0.049606', '0.054239', '0.049083', '0.051826', '0.051626', '0.058271', '0.049486', '0.052889', '0.054506']
         : correct/total = [(246, 4128), (205, 4203), (218, 4081), (187, 4333), (187, 4091), (194, 4287), (213, 4193), (208, 4349), (208, 4191), (186, 4277), (199, 4143), (208, 4193), (222, 4093), (206, 4197), (210, 4052), (208, 4029), (242, 4153), (207, 4183), (216, 4084), (225, 4128)]
         : compromised: 0.0497, honest: 0.0529
         : sketchguard stats = ['Node 0: acc_rate=0.167', 'Node 1: acc_rate=0.400', 'Node 2: acc_rate=0.360']...
WARNING: Node 13 rejected model from 3 - sketch verification failed!
Round 006: test acc mean=0.0501 ± 0.0031 | min=0.0432 max=0.0545
         : test loss mean=nan ± nan
         : individual accs = ['0.051357', '0.048775', '0.053418', '0.043157', '0.051088', '0.045253', '0.050799', '0.051276', '0.049630', '0.043488', '0.048033', '0.049606', '0.054239', '0.049083', '0.051826', '0.051626', '0.052011', '0.049486', '0.052889', '0.054506']
         : correct/total = [(212, 4128), (205, 4203), (218, 4081), (187, 4333), (209, 4091), (194, 4287), (213, 4193), (223, 4349), (208, 4191), (186, 4277), (199, 4143), (208, 4193), (222, 4093), (206, 4197), (210, 4052), (208, 4029), (216, 4153), (207, 4183), (216, 4084), (225, 4128)]
         : compromised: 0.0497, honest: 0.0514
         : sketchguard stats = ['Node 0: acc_rate=0.167', 'Node 1: acc_rate=0.333', 'Node 2: acc_rate=0.300']...
WARNING: Node 13 rejected model from 3 - sketch verification failed!
Round 007: test acc mean=0.0525 ± 0.0099 | min=0.0432 max=0.0816
         : test loss mean=nan ± nan
         : individual accs = ['0.081638', '0.048775', '0.053418', '0.043157', '0.047421', '0.045253', '0.050799', '0.045528', '0.049630', '0.043488', '0.048033', '0.049606', '0.054239', '0.049083', '0.051826', '0.051626', '0.079220', '0.049486', '0.052889', '0.054506']
         : correct/total = [(337, 4128), (205, 4203), (218, 4081), (187, 4333), (194, 4091), (194, 4287), (213, 4193), (198, 4349), (208, 4191), (186, 4277), (199, 4143), (208, 4193), (222, 4093), (206, 4197), (210, 4052), (208, 4029), (329, 4153), (207, 4183), (216, 4084), (225, 4128)]
         : compromised: 0.0497, honest: 0.0635
         : sketchguard stats = ['Node 0: acc_rate=0.167', 'Node 1: acc_rate=0.286', 'Node 2: acc_rate=0.257']...
WARNING: Node 13 rejected model from 3 - sketch verification failed!
Round 008: test acc mean=0.0495 ± 0.0037 | min=0.0430 max=0.0551
         : test loss mean=nan ± nan
         : individual accs = ['0.051599', '0.048775', '0.053418', '0.043157', '0.043021', '0.045253', '0.050799', '0.045068', '0.049630', '0.043488', '0.048033', '0.049606', '0.054239', '0.049083', '0.051826', '0.051626', '0.055141', '0.049486', '0.052889', '0.054506']
         : correct/total = [(213, 4128), (205, 4203), (218, 4081), (187, 4333), (176, 4091), (194, 4287), (213, 4193), (196, 4349), (208, 4191), (186, 4277), (199, 4143), (208, 4193), (222, 4093), (206, 4197), (210, 4052), (208, 4029), (229, 4153), (207, 4183), (216, 4084), (225, 4128)]
         : compromised: 0.0497, honest: 0.0487
         : sketchguard stats = ['Node 0: acc_rate=0.167', 'Node 1: acc_rate=0.250', 'Node 2: acc_rate=0.225']...
WARNING: Node 13 rejected model from 3 - sketch verification failed!
Round 009: test acc mean=0.0540 ± 0.0149 | min=0.0432 max=0.0981
         : test loss mean=nan ± nan
         : individual accs = ['0.098110', '0.048775', '0.053418', '0.043157', '0.044977', '0.045253', '0.050799', '0.043918', '0.049630', '0.043488', '0.048033', '0.049606', '0.054239', '0.049083', '0.051826', '0.051626', '0.096797', '0.049486', '0.052889', '0.054506']
         : correct/total = [(405, 4128), (205, 4203), (218, 4081), (187, 4333), (184, 4091), (194, 4287), (213, 4193), (191, 4349), (208, 4191), (186, 4277), (199, 4143), (208, 4193), (222, 4093), (206, 4197), (210, 4052), (208, 4029), (402, 4153), (207, 4183), (216, 4084), (225, 4128)]
         : compromised: 0.0497, honest: 0.0710
         : sketchguard stats = ['Node 0: acc_rate=0.167', 'Node 1: acc_rate=0.222', 'Node 2: acc_rate=0.200']...
WARNING: Node 13 rejected model from 3 - sketch verification failed!
Round 010: test acc mean=0.0574 ± 0.0156 | min=0.0432 max=0.0887
         : test loss mean=nan ± nan
         : individual accs = ['0.088663', '0.048775', '0.053418', '0.043157', '0.087509', '0.045253', '0.050799', '0.088526', '0.049630', '0.043488', '0.048033', '0.049606', '0.054239', '0.049083', '0.051826', '0.051626', '0.087407', '0.049486', '0.052889', '0.054506']
         : correct/total = [(366, 4128), (205, 4203), (218, 4081), (187, 4333), (358, 4091), (194, 4287), (213, 4193), (385, 4349), (208, 4191), (186, 4277), (199, 4143), (208, 4193), (222, 4093), (206, 4197), (210, 4052), (208, 4029), (363, 4153), (207, 4183), (216, 4084), (225, 4128)]
         : compromised: 0.0497, honest: 0.0880
         : sketchguard stats = ['Node 0: acc_rate=0.167', 'Node 1: acc_rate=0.200', 'Node 2: acc_rate=0.180']...

=== FINAL RESULTS ===
Dataset: femnist, Nodes: 20, Graph: erdos, Aggregation: sketchguard
Attack: backdoor, 80.0% compromised
Final accuracy - Compromised: 0.0497, Honest: 0.0880
Overall test accuracy: mean=0.0574 ± 0.0156

=== BACKDOOR ATTACK SUCCESS RATE (ASR) ===
Target label: 0
Trigger size: 4x4
Overall ASR: 0.8000 ± 0.4000
Honest nodes ASR: 0.0000 ± 0.0000
Compromised nodes ASR: 1.0000 ± 0.0000
Note: Higher ASR indicates more successful backdoor attack

=== Sketchguard SUMMARY ===
Node 0: acceptance=0.167
Node 1: acceptance=0.200
Node 2: acceptance=0.180
Node 3: acceptance=0.100
Node 4: acceptance=0.250
Node 5: acceptance=0.180
Node 6: acceptance=0.180
Node 7: acceptance=0.200
Node 8: acceptance=0.250
Node 9: acceptance=0.100
Node 10: acceptance=0.125
Node 11: acceptance=0.143
Node 12: acceptance=0.243
Node 13: acceptance=0.150
Node 14: acceptance=0.186
Node 15: acceptance=0.183
Node 16: acceptance=0.200
Node 17: acceptance=0.240
Node 18: acceptance=0.100
Node 19: acceptance=0.200

=== PARALLEL EXECUTION TIME (realistic for distributed system) ===
  COMMUNICATION (max across nodes):
    - Sketch transfer: 0.000s (0.0%)
    - Model fetch (accepted): 0.000s (0.0%)
  COMPUTATION (max across nodes):
    - Sketching: 1.682s (98.9%)
    - Filtering: 0.001s (0.1%)
    - Aggregation: 0.017s (1.0%)
  TOTALS:
    - Total computation: 1.700s (100.0%)
    - Total communication: 0.000s (0.0%)
    - Total parallel time: 1.700s

=== PER-NODE AVERAGE TIME ===
  - Sketching: 1.332s
  - Filtering: 0.001s
  - Aggregation: 0.011s
  - Sketch transfer: 0.000s
  - Model fetch: 0.000s
  - Total per node: 1.343s

=== TOTAL COMPUTATIONAL WORK (sum across all nodes) ===
  - Total sketching: 26.631s
  - Total filtering: 0.013s
  - Total aggregation: 0.222s
  - Total sketch transfer: 0.000s
  - Total model fetch: 0.000s
  - Grand total: 26.867s
  - Mean acceptance rate: 0.179

Sketchguard Algorithm Properties:
  - Original dimension: 6,603,710
  - Sketch size: 1000
  - Compression ratio: 19.9x
  - Single repetition: No repetitions needed
  - Theoretical complexity: O(d + N×k)
  - Approach: Sketch filtering + state aggregation
