Device: cuda
Seed: 987654321
Loading 36 LEAF FEMNIST train files...
LEAF FEMNIST train: 3597 users, 734463 samples
Loading 36 LEAF FEMNIST test files...
LEAF FEMNIST test: 3597 users, 83388 samples
Found 3597 train users, 3597 test users, 3597 common users
User sample counts range: 525 (max) to 17 (min)
Distributed ALL 3597 users across 20 clients
Users per client: 179 (with 17 clients getting +1 user)
Train partition sizes: [36360, 37070, 35957, 38262, 36024, 37732, 36921, 38328, 36867, 37683, 36507, 36915, 36007, 37001, 35681, 35453, 36585, 36801, 35964, 36345]
Test partition sizes: [4128, 4203, 4081, 4333, 4091, 4287, 4193, 4349, 4191, 4277, 4143, 4193, 4093, 4197, 4052, 4029, 4153, 4183, 4084, 4128]
  Client 0: 36360 train samples, 62 unique classes
  Client 1: 37070 train samples, 62 unique classes
  Client 2: 35957 train samples, 62 unique classes
  Client 3: 38262 train samples, 62 unique classes
  Client 4: 36024 train samples, 62 unique classes
  Client 5: 37732 train samples, 62 unique classes
  Client 6: 36921 train samples, 62 unique classes
  Client 7: 38328 train samples, 62 unique classes
  Client 8: 36867 train samples, 62 unique classes
  Client 9: 37683 train samples, 62 unique classes
  Client 10: 36507 train samples, 62 unique classes
  Client 11: 36915 train samples, 62 unique classes
  Client 12: 36007 train samples, 62 unique classes
  Client 13: 37001 train samples, 62 unique classes
  Client 14: 35681 train samples, 62 unique classes
  Client 15: 35453 train samples, 62 unique classes
  Client 16: 36585 train samples, 62 unique classes
  Client 17: 36801 train samples, 62 unique classes
  Client 18: 35964 train samples, 62 unique classes
  Client 19: 36345 train samples, 62 unique classes
Will sample 4500 samples per client per epoch
Graph: erdos, nodes: 20, edges: 48
Degree statistics: avg=4.80, min=2, max=7
Attack: Compromised 8/20 nodes: [1, 5, 11, 12, 13, 14, 17, 18]
Attack type: backdoor, lambda: 1.0
Backdoor target label: 0, trigger size: 4
Model variant: baseline
Model parameters: 6,603,710
BALANCE algorithm:
Balance Config: BALANCEConfig(gamma=2, kappa=1, alpha=0.5, min_neighbors=1)
  - Model dimension: 6,603,710 parameters
  - Complexity: O(N×d) = O(20×6,603,710)
Initial test acc across nodes: mean=0.0168 ± 0.0139
Backdoor attack: Created poisoned datasets for 8 compromised nodes
Round 001: test acc mean=0.0526 ± 0.0040 | min=0.0453 max=0.0596
         : test loss mean=12343.1622 ± 15168.8627
         : individual accs = ['0.059593', '0.048775', '0.056849', '0.046619', '0.058910', '0.045253', '0.057000', '0.051276', '0.053209', '0.053776', '0.050447', '0.049606', '0.054239', '0.049083', '0.051826', '0.050633', '0.058271', '0.049486', '0.052889', '0.054990']
         : correct/total = [(246, 4128), (205, 4203), (232, 4081), (202, 4333), (241, 4091), (194, 4287), (239, 4193), (223, 4349), (223, 4191), (230, 4277), (209, 4143), (208, 4193), (222, 4093), (206, 4197), (210, 4052), (204, 4029), (242, 4153), (207, 4183), (216, 4084), (227, 4128)]
         : compromised: 0.0501, honest: 0.0543
Round 002: test acc mean=0.0387 ± 0.0229 | min=0.0024 max=0.0596
         : test loss mean=78819.4137 ± 226451.0806
         : individual accs = ['0.059593', '0.003093', '0.055134', '0.052850', '0.057932', '0.004432', '0.057000', '0.058174', '0.053209', '0.053776', '0.055998', '0.049606', '0.002932', '0.002383', '0.004689', '0.050633', '0.049362', '0.045900', '0.007346', '0.050388']
         : correct/total = [(246, 4128), (13, 4203), (225, 4081), (229, 4333), (237, 4091), (19, 4287), (239, 4193), (253, 4349), (223, 4191), (230, 4277), (232, 4143), (208, 4193), (12, 4093), (10, 4197), (19, 4052), (204, 4029), (205, 4153), (192, 4183), (30, 4084), (208, 4128)]
         : compromised: 0.0150, honest: 0.0545
Round 003: test acc mean=0.0515 ± 0.0074 | min=0.0244 max=0.0596
         : test loss mean=nan ± nan
         : individual accs = ['0.059593', '0.048775', '0.057584', '0.048234', '0.056221', '0.045253', '0.057000', '0.051276', '0.053209', '0.055413', '0.055274', '0.049606', '0.024432', '0.049083', '0.047631', '0.056342', '0.058271', '0.048291', '0.052889', '0.055475']
         : correct/total = [(246, 4128), (205, 4203), (235, 4081), (209, 4333), (230, 4091), (194, 4287), (239, 4193), (223, 4349), (223, 4191), (237, 4277), (229, 4143), (208, 4193), (100, 4093), (206, 4197), (193, 4052), (227, 4029), (242, 4153), (202, 4183), (216, 4084), (229, 4128)]
         : compromised: 0.0457, honest: 0.0553
Round 004: test acc mean=0.0532 ± 0.0045 | min=0.0451 max=0.0596
         : test loss mean=nan ± nan
         : individual accs = ['0.059593', '0.048775', '0.057584', '0.048465', '0.057932', '0.045253', '0.057000', '0.058174', '0.053209', '0.053075', '0.058653', '0.049606', '0.054239', '0.049083', '0.051826', '0.056590', '0.058271', '0.049486', '0.052889', '0.045058']
         : correct/total = [(246, 4128), (205, 4203), (235, 4081), (210, 4333), (237, 4091), (194, 4287), (239, 4193), (253, 4349), (223, 4191), (227, 4277), (243, 4143), (208, 4193), (222, 4093), (206, 4197), (210, 4052), (228, 4029), (242, 4153), (207, 4183), (216, 4084), (186, 4128)]
         : compromised: 0.0501, honest: 0.0553
Round 005: test acc mean=0.0526 ± 0.0040 | min=0.0453 max=0.0596
         : test loss mean=nan ± nan
         : individual accs = ['0.059593', '0.048775', '0.057584', '0.052850', '0.045710', '0.045253', '0.057000', '0.047827', '0.051062', '0.053776', '0.055998', '0.049606', '0.054239', '0.049083', '0.051826', '0.054852', '0.058271', '0.049486', '0.052889', '0.055475']
         : correct/total = [(246, 4128), (205, 4203), (235, 4081), (229, 4333), (187, 4091), (194, 4287), (239, 4193), (208, 4349), (214, 4191), (230, 4277), (232, 4143), (208, 4193), (222, 4093), (206, 4197), (210, 4052), (221, 4029), (242, 4153), (207, 4183), (216, 4084), (229, 4128)]
         : compromised: 0.0501, honest: 0.0542
Round 006: test acc mean=0.0522 ± 0.0034 | min=0.0453 max=0.0584
         : test loss mean=nan ± nan
         : individual accs = ['0.058382', '0.048775', '0.057584', '0.052850', '0.051088', '0.045253', '0.057000', '0.055875', '0.049630', '0.053776', '0.050447', '0.049606', '0.054239', '0.049083', '0.051826', '0.051378', '0.049362', '0.049486', '0.052889', '0.055475']
         : correct/total = [(241, 4128), (205, 4203), (235, 4081), (229, 4333), (209, 4091), (194, 4287), (239, 4193), (243, 4349), (208, 4191), (230, 4277), (209, 4143), (208, 4193), (222, 4093), (206, 4197), (210, 4052), (207, 4029), (205, 4153), (207, 4183), (216, 4084), (229, 4128)]
         : compromised: 0.0501, honest: 0.0536
Round 007: test acc mean=0.0531 ± 0.0040 | min=0.0453 max=0.0596
         : test loss mean=nan ± nan
         : individual accs = ['0.059593', '0.048775', '0.057584', '0.056081', '0.047421', '0.045253', '0.048891', '0.058174', '0.053209', '0.054010', '0.055998', '0.049606', '0.054239', '0.049083', '0.051826', '0.056590', '0.058512', '0.049486', '0.052889', '0.055475']
         : correct/total = [(246, 4128), (205, 4203), (235, 4081), (243, 4333), (194, 4091), (194, 4287), (205, 4193), (253, 4349), (223, 4191), (231, 4277), (232, 4143), (208, 4193), (222, 4093), (206, 4197), (210, 4052), (228, 4029), (243, 4153), (207, 4183), (216, 4084), (229, 4128)]
         : compromised: 0.0501, honest: 0.0551
Round 008: test acc mean=0.0557 ± 0.0122 | min=0.0430 max=0.0930
         : test loss mean=nan ± nan
         : individual accs = ['0.051599', '0.048775', '0.050723', '0.052850', '0.043021', '0.045253', '0.057000', '0.051276', '0.051062', '0.085808', '0.065653', '0.049606', '0.054239', '0.049083', '0.051826', '0.056342', '0.055141', '0.049486', '0.052889', '0.093023']
         : correct/total = [(213, 4128), (205, 4203), (207, 4081), (229, 4333), (176, 4091), (194, 4287), (239, 4193), (223, 4349), (214, 4191), (367, 4277), (272, 4143), (208, 4193), (222, 4093), (206, 4197), (210, 4052), (227, 4029), (229, 4153), (207, 4183), (216, 4084), (384, 4128)]
         : compromised: 0.0501, honest: 0.0595
Round 009: test acc mean=0.0514 ± 0.0037 | min=0.0439 max=0.0576
         : test loss mean=nan ± nan
         : individual accs = ['0.050145', '0.048775', '0.057584', '0.052850', '0.044977', '0.045253', '0.050799', '0.043918', '0.053209', '0.053776', '0.055998', '0.049606', '0.054239', '0.049083', '0.051826', '0.056342', '0.052011', '0.049486', '0.052889', '0.055475']
         : correct/total = [(207, 4128), (205, 4203), (235, 4081), (229, 4333), (184, 4091), (194, 4287), (213, 4193), (191, 4349), (223, 4191), (230, 4277), (232, 4143), (208, 4193), (222, 4093), (206, 4197), (210, 4052), (227, 4029), (216, 4153), (207, 4183), (216, 4084), (229, 4128)]
         : compromised: 0.0501, honest: 0.0523
Round 010: test acc mean=0.0528 ± 0.0038 | min=0.0453 max=0.0584
         : test loss mean=nan ± nan
         : individual accs = ['0.051599', '0.048775', '0.057584', '0.052850', '0.057932', '0.045253', '0.049130', '0.058404', '0.047960', '0.053776', '0.055998', '0.049606', '0.054239', '0.049083', '0.051826', '0.056342', '0.058271', '0.049486', '0.052889', '0.055475']
         : correct/total = [(213, 4128), (205, 4203), (235, 4081), (229, 4333), (237, 4091), (194, 4287), (206, 4193), (254, 4349), (201, 4191), (230, 4277), (232, 4143), (208, 4193), (222, 4093), (206, 4197), (210, 4052), (227, 4029), (242, 4153), (207, 4183), (216, 4084), (229, 4128)]
         : compromised: 0.0501, honest: 0.0546

=== FINAL RESULTS ===
Dataset: femnist, Nodes: 20, Graph: erdos, Aggregation: balance
Attack: backdoor, 40.0% compromised
Final accuracy - Compromised: 0.0501, Honest: 0.0546
Overall test accuracy: mean=0.0528 ± 0.0038

=== BACKDOOR ATTACK SUCCESS RATE (ASR) ===
Target label: 0
Trigger size: 4x4
Overall ASR: 0.4000 ± 0.4899
Honest nodes ASR: 0.0000 ± 0.0000
Compromised nodes ASR: 1.0000 ± 0.0000
Note: Higher ASR indicates more successful backdoor attack

=== BALANCE SUMMARY ===
Node 0: acceptance=0.833
Node 1: acceptance=0.283
Node 2: acceptance=0.400
Node 3: acceptance=0.500
Node 4: acceptance=0.250
Node 5: acceptance=0.220
Node 6: acceptance=0.600
Node 7: acceptance=0.600
Node 8: acceptance=0.500
Node 9: acceptance=0.667
Node 10: acceptance=0.500
Node 11: acceptance=0.243
Node 12: acceptance=0.271
Node 13: acceptance=0.150
Node 14: acceptance=0.243
Node 15: acceptance=0.333
Node 16: acceptance=0.200
Node 17: acceptance=0.260
Node 18: acceptance=0.275
Node 19: acceptance=1.000

=== PARALLEL EXECUTION TIME (realistic for distributed system) ===
  COMMUNICATION (max across nodes):
    - Full model transfer: 0.000s (0.0%)
  COMPUTATION (max across nodes):
    - Filtering: 0.036s (76.1%)
    - Aggregation: 0.011s (23.9%)
  TOTALS:
    - Total computation: 0.047s (100.0%)
    - Total communication: 0.000s (0.0%)
    - Total parallel time: 0.047s

=== PER-NODE AVERAGE TIME ===
  - Filtering: 0.024s
  - Aggregation: 0.004s
  - Model transfer: 0.000s
  - Total per node: 0.028s

=== TOTAL COMPUTATIONAL WORK (sum across all nodes) ===
  - Total filtering: 0.477s
  - Total aggregation: 0.074s
  - Total model transfer: 0.000s
  - Grand total: 0.551s
  - Mean acceptance rate: 0.416

BALANCE Algorithm Properties:
  - Model dimension: 6,603,710
  - No compression: Full parameter comparison
  - Theoretical complexity: O(deg(i)×d)
  - Approach: Full parameter filtering + averaging
