Device: cuda
Seed: 987654321
Loading 36 LEAF FEMNIST train files...
LEAF FEMNIST train: 3597 users, 734463 samples
Loading 36 LEAF FEMNIST test files...
LEAF FEMNIST test: 3597 users, 83388 samples
Found 3597 train users, 3597 test users, 3597 common users
User sample counts range: 525 (max) to 17 (min)
Distributed ALL 3597 users across 20 clients
Users per client: 179 (with 17 clients getting +1 user)
Train partition sizes: [36360, 37070, 35957, 38262, 36024, 37732, 36921, 38328, 36867, 37683, 36507, 36915, 36007, 37001, 35681, 35453, 36585, 36801, 35964, 36345]
Test partition sizes: [4128, 4203, 4081, 4333, 4091, 4287, 4193, 4349, 4191, 4277, 4143, 4193, 4093, 4197, 4052, 4029, 4153, 4183, 4084, 4128]
  Client 0: 36360 train samples, 62 unique classes
  Client 1: 37070 train samples, 62 unique classes
  Client 2: 35957 train samples, 62 unique classes
  Client 3: 38262 train samples, 62 unique classes
  Client 4: 36024 train samples, 62 unique classes
  Client 5: 37732 train samples, 62 unique classes
  Client 6: 36921 train samples, 62 unique classes
  Client 7: 38328 train samples, 62 unique classes
  Client 8: 36867 train samples, 62 unique classes
  Client 9: 37683 train samples, 62 unique classes
  Client 10: 36507 train samples, 62 unique classes
  Client 11: 36915 train samples, 62 unique classes
  Client 12: 36007 train samples, 62 unique classes
  Client 13: 37001 train samples, 62 unique classes
  Client 14: 35681 train samples, 62 unique classes
  Client 15: 35453 train samples, 62 unique classes
  Client 16: 36585 train samples, 62 unique classes
  Client 17: 36801 train samples, 62 unique classes
  Client 18: 35964 train samples, 62 unique classes
  Client 19: 36345 train samples, 62 unique classes
Will sample 4500 samples per client per epoch
Graph: ring, nodes: 20, edges: 20
Degree statistics: avg=2.00, min=2, max=2
Attack: Compromised 6/20 nodes: [5, 12, 13, 14, 17, 18]
Attack type: krum, lambda: 1.0
Model variant: baseline
Model parameters: 6,603,710
Initial test acc across nodes: mean=0.0168 ± 0.0139
Round 001: test acc mean=0.0368 ± 0.0191 | min=0.0035 max=0.0553
         : test loss mean=33114.8603 ± 83162.4350
         : individual accs = ['0.051599', '0.051630', '0.055134', '0.047773', '0.006111', '0.003499', '0.049130', '0.053116', '0.054880', '0.048398', '0.055274', '0.045314', '0.025409', '0.024065', '0.051826', '0.023331', '0.010836', '0.012192', '0.055338', '0.010417']
         : correct/total = [(213, 4128), (217, 4203), (225, 4081), (207, 4333), (25, 4091), (15, 4287), (206, 4193), (231, 4349), (230, 4191), (207, 4277), (229, 4143), (190, 4193), (104, 4093), (101, 4197), (210, 4052), (94, 4029), (45, 4153), (51, 4183), (226, 4084), (43, 4128)]
         : compromised: 0.0287, honest: 0.0402
Round 002: test acc mean=0.0319 ± 0.0206 | min=0.0039 max=0.0578
         : test loss mean=341085477.9572 ± 767322963.4617
         : individual accs = ['0.050145', '0.046158', '0.050723', '0.052850', '0.004400', '0.057849', '0.005485', '0.043918', '0.051062', '0.055179', '0.047550', '0.004293', '0.003909', '0.045747', '0.045656', '0.022834', '0.021430', '0.021516', '0.004407', '0.003876']
         : correct/total = [(207, 4128), (194, 4203), (207, 4081), (229, 4333), (18, 4091), (248, 4287), (23, 4193), (191, 4349), (214, 4191), (236, 4277), (197, 4143), (18, 4193), (16, 4093), (192, 4197), (185, 4052), (92, 4029), (89, 4153), (90, 4183), (18, 4084), (16, 4128)]
         : compromised: 0.0298, honest: 0.0329
Round 003: test acc mean=0.0472 ± 0.0125 | min=0.0048 max=0.0657
         : test loss mean=2292384905.2625 ± 5483466783.2552
         : individual accs = ['0.049176', '0.051154', '0.065670', '0.043388', '0.052554', '0.057849', '0.050799', '0.043918', '0.051539', '0.044891', '0.055274', '0.028142', '0.033716', '0.004765', '0.051579', '0.054852', '0.054418', '0.053311', '0.048482', '0.048692']
         : correct/total = [(203, 4128), (215, 4203), (268, 4081), (188, 4333), (215, 4091), (248, 4287), (213, 4193), (191, 4349), (216, 4191), (192, 4277), (229, 4143), (118, 4193), (138, 4093), (20, 4197), (209, 4052), (221, 4029), (226, 4153), (223, 4183), (198, 4084), (201, 4128)]
         : compromised: 0.0416, honest: 0.0496
Round 004: test acc mean=0.0349 ± 0.0175 | min=0.0032 max=0.0527
         : test loss mean=36756462339.1953 ± 144350316331.5117
         : individual accs = ['0.049661', '0.047109', '0.052683', '0.036464', '0.044977', '0.045253', '0.018841', '0.043918', '0.051539', '0.047463', '0.036688', '0.028142', '0.033716', '0.049083', '0.003208', '0.003971', '0.004093', '0.004781', '0.048482', '0.048692']
         : correct/total = [(205, 4128), (198, 4203), (215, 4081), (158, 4333), (184, 4091), (194, 4287), (79, 4193), (191, 4349), (216, 4191), (203, 4277), (152, 4143), (118, 4193), (138, 4093), (206, 4197), (13, 4052), (16, 4029), (17, 4153), (20, 4183), (198, 4084), (201, 4128)]
         : compromised: 0.0308, honest: 0.0367
Round 005: test acc mean=0.0468 ± 0.0081 | min=0.0188 max=0.0553
         : test loss mean=509630940.8544 ± 1877056739.9065
         : individual accs = ['0.049176', '0.049726', '0.054889', '0.048465', '0.051088', '0.045253', '0.018841', '0.043918', '0.034359', '0.043488', '0.055274', '0.041736', '0.050818', '0.046938', '0.046397', '0.054852', '0.054418', '0.045900', '0.050196', '0.050145']
         : correct/total = [(203, 4128), (209, 4203), (224, 4081), (210, 4333), (209, 4091), (194, 4287), (79, 4193), (191, 4349), (144, 4191), (186, 4277), (229, 4143), (175, 4193), (208, 4093), (197, 4197), (188, 4052), (221, 4029), (226, 4153), (192, 4183), (205, 4084), (207, 4128)]
         : compromised: 0.0476, honest: 0.0465
Round 006: test acc mean=0.0465 ± 0.0059 | min=0.0323 max=0.0549
         : test loss mean=3017186311.1442 ± 13090154849.9571
         : individual accs = ['0.049176', '0.047109', '0.054889', '0.046619', '0.051088', '0.045253', '0.050799', '0.041389', '0.053209', '0.050503', '0.047550', '0.041736', '0.050818', '0.049083', '0.037759', '0.032266', '0.040212', '0.037533', '0.052155', '0.050388']
         : correct/total = [(203, 4128), (198, 4203), (224, 4081), (202, 4333), (209, 4091), (194, 4287), (213, 4193), (180, 4349), (223, 4191), (216, 4277), (197, 4143), (175, 4193), (208, 4093), (206, 4197), (153, 4052), (130, 4029), (167, 4153), (157, 4183), (213, 4084), (208, 4128)]
         : compromised: 0.0454, honest: 0.0469
Round 007: test acc mean=0.0482 ± 0.0046 | min=0.0334 max=0.0549
         : test loss mean=647252510.2928 ± 2486946917.2780
         : individual accs = ['0.050145', '0.047109', '0.054889', '0.046619', '0.051088', '0.045253', '0.033389', '0.043918', '0.053209', '0.050503', '0.045619', '0.041736', '0.050818', '0.049083', '0.051826', '0.050633', '0.051288', '0.049486', '0.048482', '0.048692']
         : correct/total = [(207, 4128), (198, 4203), (224, 4081), (202, 4333), (209, 4091), (194, 4287), (140, 4193), (191, 4349), (223, 4191), (216, 4277), (189, 4143), (175, 4193), (208, 4093), (206, 4197), (210, 4052), (204, 4029), (213, 4153), (207, 4183), (198, 4084), (201, 4128)]
         : compromised: 0.0492, honest: 0.0478
Round 008: test acc mean=0.0454 ± 0.0106 | min=0.0188 max=0.0551
         : test loss mean=85810655.3198 ± 346491573.8911
         : individual accs = ['0.050145', '0.049726', '0.055134', '0.046619', '0.052554', '0.045253', '0.018841', '0.047827', '0.053209', '0.050503', '0.047550', '0.041736', '0.050818', '0.046938', '0.023198', '0.051626', '0.052011', '0.021516', '0.052155', '0.050388']
         : correct/total = [(207, 4128), (209, 4203), (225, 4081), (202, 4333), (215, 4091), (194, 4287), (79, 4193), (208, 4349), (223, 4191), (216, 4277), (197, 4143), (175, 4193), (208, 4093), (197, 4197), (94, 4052), (208, 4029), (216, 4153), (90, 4183), (213, 4084), (208, 4128)]
         : compromised: 0.0400, honest: 0.0477
Round 009: test acc mean=0.0459 ± 0.0100 | min=0.0166 max=0.0582
         : test loss mean=449824.8372 ± 1163434.1694
         : individual accs = ['0.050145', '0.048775', '0.053418', '0.043388', '0.051088', '0.048052', '0.042213', '0.058174', '0.053209', '0.050503', '0.045619', '0.041736', '0.050818', '0.049083', '0.046397', '0.016629', '0.019745', '0.045900', '0.052155', '0.050388']
         : correct/total = [(207, 4128), (205, 4203), (218, 4081), (188, 4333), (209, 4091), (206, 4287), (177, 4193), (253, 4349), (223, 4191), (216, 4277), (189, 4143), (175, 4193), (208, 4093), (206, 4197), (188, 4052), (67, 4029), (82, 4153), (192, 4183), (213, 4084), (208, 4128)]
         : compromised: 0.0487, honest: 0.0446
Round 010: test acc mean=0.0486 ± 0.0046 | min=0.0417 max=0.0582
         : test loss mean=11218861.2407 ± 47292864.4455
         : individual accs = ['0.050145', '0.049726', '0.052683', '0.043157', '0.044977', '0.047352', '0.042213', '0.058174', '0.053209', '0.053776', '0.041999', '0.041736', '0.050818', '0.049083', '0.046397', '0.053860', '0.044546', '0.045900', '0.052889', '0.048450']
         : correct/total = [(207, 4128), (209, 4203), (215, 4081), (187, 4333), (184, 4091), (203, 4287), (177, 4193), (253, 4349), (223, 4191), (230, 4277), (174, 4143), (175, 4193), (208, 4093), (206, 4197), (188, 4052), (217, 4029), (185, 4153), (192, 4183), (216, 4084), (200, 4128)]
         : compromised: 0.0487, honest: 0.0485

=== FINAL RESULTS ===
Dataset: femnist, Nodes: 20, Graph: ring, Aggregation: d-fedavg
Attack: krum, 30.0% compromised
Final accuracy - Compromised: 0.0487, Honest: 0.0485
Overall test accuracy: mean=0.0486 ± 0.0046
