Device: cuda
Seed: 987654321
Loading 1 LEAF Sent140 train files...
LEAF Sent140 train: 254555 users, 908652 samples
Building vocabulary (max_size=10000)...
Vocabulary size: 10000
Loading 1 LEAF Sent140 test files...
LEAF Sent140 test: 254555 users, 286281 samples
Found 254555 train users, 254555 test users, 254555 common users
User sample counts range: 494 (max) to 1 (min)
Distributed ALL 254555 users across 20 clients
Users per client: 12727 (with 15 clients getting +1 user)
Train partition sizes: [44353, 44290, 44657, 44907, 44696, 45843, 45801, 45619, 45069, 45639, 45821, 45311, 45779, 46056, 45625, 45984, 46428, 44737, 45540, 46497]
Test partition sizes: [14232, 14235, 14266, 14217, 14238, 14373, 14346, 14334, 14294, 14373, 14344, 14302, 14354, 14362, 14320, 14395, 14389, 14257, 14251, 14399]
  Client 0: 44353 train samples, 2 unique classes
  Client 1: 44290 train samples, 2 unique classes
  Client 2: 44657 train samples, 2 unique classes
  Client 3: 44907 train samples, 2 unique classes
  Client 4: 44696 train samples, 2 unique classes
  Client 5: 45843 train samples, 2 unique classes
  Client 6: 45801 train samples, 2 unique classes
  Client 7: 45619 train samples, 2 unique classes
  Client 8: 45069 train samples, 2 unique classes
  Client 9: 45639 train samples, 2 unique classes
  Client 10: 45821 train samples, 2 unique classes
  Client 11: 45311 train samples, 2 unique classes
  Client 12: 45779 train samples, 2 unique classes
  Client 13: 46056 train samples, 2 unique classes
  Client 14: 45625 train samples, 2 unique classes
  Client 15: 45984 train samples, 2 unique classes
  Client 16: 46428 train samples, 2 unique classes
  Client 17: 44737 train samples, 2 unique classes
  Client 18: 45540 train samples, 2 unique classes
  Client 19: 46497 train samples, 2 unique classes
Will sample 4500 samples per client per epoch
Graph: erdos, nodes: 20, edges: 99
Degree statistics: avg=9.90, min=7, max=14
Attack: Compromised 4/20 nodes: [5, 12, 13, 17]
Attack type: gaussian, lambda: 1.0
Model variant: baseline
Model parameters: 1,174,986
Initial test acc across nodes: mean=0.4965 ± 0.0152
Round 001: test acc mean=0.5018 ± 0.0060 | min=0.4876 max=0.5139
         : test loss mean=80.4010 ± 37.1660
         : individual accs = ['0.494098', '0.499333', '0.513879', '0.498839', '0.502248', '0.503861', '0.499582', '0.498605', '0.511823', '0.506992', '0.500767', '0.500000', '0.499164', '0.487606', '0.506006', '0.500938', '0.505873', '0.496738', '0.510982', '0.499340']
         : correct/total = [(7032, 14232), (7108, 14235), (7331, 14266), (7092, 14217), (7151, 14238), (7242, 14373), (7167, 14346), (7147, 14334), (7316, 14294), (7287, 14373), (7183, 14344), (7151, 14302), (7165, 14354), (7003, 14362), (7246, 14320), (7211, 14395), (7279, 14389), (7082, 14257), (7282, 14251), (7190, 14399)]
         : compromised: 0.4968, honest: 0.5031
Round 002: test acc mean=0.4984 ± 0.0067 | min=0.4881 max=0.5123
         : test loss mean=98.7644 ± 72.5958
         : individual accs = ['0.507518', '0.491184', '0.502313', '0.501442', '0.488903', '0.496765', '0.492681', '0.494628', '0.490975', '0.500800', '0.500000', '0.498741', '0.508360', '0.490113', '0.488059', '0.501771', '0.499757', '0.512310', '0.505228', '0.497396']
         : correct/total = [(7223, 14232), (6992, 14235), (7166, 14266), (7129, 14217), (6961, 14238), (7140, 14373), (7068, 14346), (7090, 14334), (7018, 14294), (7198, 14373), (7172, 14344), (7133, 14302), (7297, 14354), (7039, 14362), (6989, 14320), (7223, 14395), (7191, 14389), (7304, 14257), (7200, 14251), (7162, 14399)]
         : compromised: 0.5019, honest: 0.4976
Round 003: test acc mean=0.5008 ± 0.0102 | min=0.4716 max=0.5257
         : test loss mean=97.0487 ± 86.5950
         : individual accs = ['0.497541', '0.496242', '0.525726', '0.499613', '0.471625', '0.504279', '0.492054', '0.495186', '0.499650', '0.507062', '0.495678', '0.510698', '0.495332', '0.510166', '0.502165', '0.512053', '0.499757', '0.503612', '0.494983', '0.502882']
         : correct/total = [(7081, 14232), (7064, 14235), (7500, 14266), (7103, 14217), (6715, 14238), (7248, 14373), (7059, 14346), (7098, 14334), (7142, 14294), (7288, 14373), (7110, 14344), (7304, 14302), (7110, 14354), (7327, 14362), (7191, 14320), (7371, 14395), (7191, 14389), (7180, 14257), (7054, 14251), (7241, 14399)]
         : compromised: 0.5033, honest: 0.5002
Round 004: test acc mean=0.5006 ± 0.0098 | min=0.4837 max=0.5204
         : test loss mean=93.1014 ± 59.3422
         : individual accs = ['0.490022', '0.498279', '0.517034', '0.494338', '0.503161', '0.493077', '0.498745', '0.487233', '0.483699', '0.503096', '0.505438', '0.501888', '0.501463', '0.510305', '0.495601', '0.520389', '0.516923', '0.503472', '0.498702', '0.488992']
         : correct/total = [(6974, 14232), (7093, 14235), (7376, 14266), (7028, 14217), (7164, 14238), (7087, 14373), (7155, 14346), (6984, 14334), (6914, 14294), (7231, 14373), (7250, 14344), (7178, 14302), (7198, 14354), (7329, 14362), (7097, 14320), (7491, 14395), (7438, 14389), (7178, 14257), (7107, 14251), (7041, 14399)]
         : compromised: 0.5021, honest: 0.5002
Round 005: test acc mean=0.5013 ± 0.0054 | min=0.4924 max=0.5122
         : test loss mean=80.5576 ± 39.1559
         : individual accs = ['0.496487', '0.509940', '0.504346', '0.506788', '0.500070', '0.509288', '0.497909', '0.494907', '0.496012', '0.505183', '0.492401', '0.502307', '0.498049', '0.504456', '0.499441', '0.496700', '0.496768', '0.497370', '0.512175', '0.504757']
         : correct/total = [(7066, 14232), (7259, 14235), (7195, 14266), (7205, 14217), (7120, 14238), (7320, 14373), (7143, 14346), (7094, 14334), (7090, 14294), (7261, 14373), (7063, 14344), (7184, 14302), (7149, 14354), (7245, 14362), (7152, 14320), (7150, 14395), (7148, 14389), (7091, 14257), (7299, 14251), (7268, 14399)]
         : compromised: 0.5023, honest: 0.5010
Round 006: test acc mean=0.5000 ± 0.0053 | min=0.4896 max=0.5076
         : test loss mean=92.2882 ± 64.3174
         : individual accs = ['0.492482', '0.495328', '0.493131', '0.489555', '0.505759', '0.504279', '0.503555', '0.496023', '0.505457', '0.497043', '0.498257', '0.500489', '0.501184', '0.507589', '0.505377', '0.495867', '0.495100', '0.502911', '0.503333', '0.507535']
         : correct/total = [(7009, 14232), (7051, 14235), (7035, 14266), (6960, 14217), (7201, 14238), (7248, 14373), (7224, 14346), (7110, 14334), (7225, 14294), (7144, 14373), (7147, 14344), (7158, 14302), (7194, 14354), (7290, 14362), (7237, 14320), (7138, 14395), (7124, 14389), (7170, 14257), (7173, 14251), (7308, 14399)]
         : compromised: 0.5040, honest: 0.4990
Round 007: test acc mean=0.5008 ± 0.0078 | min=0.4882 max=0.5207
         : test loss mean=78.0893 ± 51.0443
         : individual accs = ['0.496908', '0.499192', '0.520679', '0.499683', '0.505549', '0.501009', '0.500279', '0.497140', '0.510634', '0.505949', '0.501743', '0.494896', '0.499025', '0.488233', '0.502584', '0.506217', '0.511919', '0.497089', '0.488457', '0.489756']
         : correct/total = [(7072, 14232), (7106, 14235), (7428, 14266), (7104, 14217), (7198, 14238), (7201, 14373), (7177, 14346), (7126, 14334), (7299, 14294), (7272, 14373), (7197, 14344), (7078, 14302), (7163, 14354), (7012, 14362), (7197, 14320), (7287, 14395), (7366, 14389), (7087, 14257), (6961, 14251), (7052, 14399)]
         : compromised: 0.4963, honest: 0.5020
Round 008: test acc mean=0.4978 ± 0.0087 | min=0.4826 max=0.5146
         : test loss mean=89.8343 ± 64.3806
         : individual accs = ['0.496698', '0.497014', '0.510024', '0.503411', '0.500632', '0.512210', '0.498048', '0.497070', '0.484539', '0.490642', '0.502370', '0.490980', '0.489689', '0.485239', '0.497346', '0.497742', '0.498228', '0.507610', '0.514560', '0.482603']
         : correct/total = [(7069, 14232), (7075, 14235), (7276, 14266), (7157, 14217), (7128, 14238), (7362, 14373), (7145, 14346), (7125, 14334), (6926, 14294), (7052, 14373), (7206, 14344), (7022, 14302), (7029, 14354), (6969, 14362), (7122, 14320), (7165, 14395), (7169, 14389), (7237, 14257), (7333, 14251), (6949, 14399)]
         : compromised: 0.4987, honest: 0.4976
Round 009: test acc mean=0.5024 ± 0.0097 | min=0.4819 max=0.5202
         : test loss mean=84.9957 ± 61.8796
         : individual accs = ['0.512085', '0.498419', '0.502804', '0.519589', '0.488762', '0.514089', '0.498745', '0.506000', '0.510914', '0.503514', '0.497142', '0.501678', '0.504041', '0.489625', '0.503212', '0.500660', '0.503232', '0.520236', '0.481931', '0.491909']
         : correct/total = [(7288, 14232), (7095, 14235), (7173, 14266), (7387, 14217), (6959, 14238), (7389, 14373), (7155, 14346), (7253, 14334), (7303, 14294), (7237, 14373), (7131, 14344), (7175, 14302), (7235, 14354), (7032, 14362), (7206, 14320), (7207, 14395), (7241, 14389), (7417, 14257), (6868, 14251), (7083, 14399)]
         : compromised: 0.5070, honest: 0.5013
Round 010: test acc mean=0.4986 ± 0.0077 | min=0.4859 max=0.5130
         : test loss mean=95.2594 ± 62.5328
         : individual accs = ['0.489531', '0.491886', '0.503715', '0.511922', '0.493187', '0.496556', '0.498815', '0.494349', '0.504617', '0.512976', '0.494771', '0.495455', '0.500488', '0.512742', '0.497346', '0.498298', '0.486274', '0.502700', '0.485931', '0.499618']
         : correct/total = [(6967, 14232), (7002, 14235), (7186, 14266), (7278, 14217), (7022, 14238), (7137, 14373), (7156, 14346), (7086, 14334), (7213, 14294), (7373, 14373), (7097, 14344), (7086, 14302), (7184, 14354), (7364, 14362), (7122, 14320), (7173, 14395), (6997, 14389), (7167, 14257), (6925, 14251), (7194, 14399)]
         : compromised: 0.5031, honest: 0.4974

=== FINAL RESULTS ===
Dataset: sent140, Nodes: 20, Graph: erdos, Aggregation: d-fedavg
Attack: gaussian, 20.0% compromised
Final accuracy - Compromised: 0.5031, Honest: 0.4974
Overall test accuracy: mean=0.4986 ± 0.0077
