Device: cuda
Seed: 987654321
Loading 1 LEAF Sent140 train files...
LEAF Sent140 train: 254555 users, 908652 samples
Building vocabulary (max_size=10000)...
Vocabulary size: 10000
Loading 1 LEAF Sent140 test files...
LEAF Sent140 test: 254555 users, 286281 samples
Found 254555 train users, 254555 test users, 254555 common users
User sample counts range: 494 (max) to 1 (min)
Distributed ALL 254555 users across 20 clients
Users per client: 12727 (with 15 clients getting +1 user)
Train partition sizes: [44353, 44290, 44657, 44907, 44696, 45843, 45801, 45619, 45069, 45639, 45821, 45311, 45779, 46056, 45625, 45984, 46428, 44737, 45540, 46497]
Test partition sizes: [14232, 14235, 14266, 14217, 14238, 14373, 14346, 14334, 14294, 14373, 14344, 14302, 14354, 14362, 14320, 14395, 14389, 14257, 14251, 14399]
  Client 0: 44353 train samples, 2 unique classes
  Client 1: 44290 train samples, 2 unique classes
  Client 2: 44657 train samples, 2 unique classes
  Client 3: 44907 train samples, 2 unique classes
  Client 4: 44696 train samples, 2 unique classes
  Client 5: 45843 train samples, 2 unique classes
  Client 6: 45801 train samples, 2 unique classes
  Client 7: 45619 train samples, 2 unique classes
  Client 8: 45069 train samples, 2 unique classes
  Client 9: 45639 train samples, 2 unique classes
  Client 10: 45821 train samples, 2 unique classes
  Client 11: 45311 train samples, 2 unique classes
  Client 12: 45779 train samples, 2 unique classes
  Client 13: 46056 train samples, 2 unique classes
  Client 14: 45625 train samples, 2 unique classes
  Client 15: 45984 train samples, 2 unique classes
  Client 16: 46428 train samples, 2 unique classes
  Client 17: 44737 train samples, 2 unique classes
  Client 18: 45540 train samples, 2 unique classes
  Client 19: 46497 train samples, 2 unique classes
Will sample 4500 samples per client per epoch
Graph: erdos, nodes: 20, edges: 99
Degree statistics: avg=9.90, min=7, max=14
Attack: Compromised 16/20 nodes: [1, 2, 3, 5, 6, 8, 9, 10, 11, 12, 13, 14, 15, 17, 18, 19]
Attack type: directed_deviation, lambda: 1.0
Model variant: baseline
Model parameters: 1,174,986
Sketchguard Node 0:
  Model dim: 1,174,986 → Sketch size: 180
  Compression ratio: 6527.7x
  Using model parameters for aggregation, sketches for filtering
Sketchguard Node 1:
  Model dim: 1,174,986 → Sketch size: 180
  Compression ratio: 6527.7x
  Using model parameters for aggregation, sketches for filtering
Sketchguard Node 2:
  Model dim: 1,174,986 → Sketch size: 180
  Compression ratio: 6527.7x
  Using model parameters for aggregation, sketches for filtering
Sketchguard Node 3:
  Model dim: 1,174,986 → Sketch size: 180
  Compression ratio: 6527.7x
  Using model parameters for aggregation, sketches for filtering
Sketchguard Node 4:
  Model dim: 1,174,986 → Sketch size: 180
  Compression ratio: 6527.7x
  Using model parameters for aggregation, sketches for filtering
Sketchguard Node 5:
  Model dim: 1,174,986 → Sketch size: 180
  Compression ratio: 6527.7x
  Using model parameters for aggregation, sketches for filtering
Sketchguard Node 6:
  Model dim: 1,174,986 → Sketch size: 180
  Compression ratio: 6527.7x
  Using model parameters for aggregation, sketches for filtering
Sketchguard Node 7:
  Model dim: 1,174,986 → Sketch size: 180
  Compression ratio: 6527.7x
  Using model parameters for aggregation, sketches for filtering
Sketchguard Node 8:
  Model dim: 1,174,986 → Sketch size: 180
  Compression ratio: 6527.7x
  Using model parameters for aggregation, sketches for filtering
Sketchguard Node 9:
  Model dim: 1,174,986 → Sketch size: 180
  Compression ratio: 6527.7x
  Using model parameters for aggregation, sketches for filtering
Sketchguard Node 10:
  Model dim: 1,174,986 → Sketch size: 180
  Compression ratio: 6527.7x
  Using model parameters for aggregation, sketches for filtering
Sketchguard Node 11:
  Model dim: 1,174,986 → Sketch size: 180
  Compression ratio: 6527.7x
  Using model parameters for aggregation, sketches for filtering
Sketchguard Node 12:
  Model dim: 1,174,986 → Sketch size: 180
  Compression ratio: 6527.7x
  Using model parameters for aggregation, sketches for filtering
Sketchguard Node 13:
  Model dim: 1,174,986 → Sketch size: 180
  Compression ratio: 6527.7x
  Using model parameters for aggregation, sketches for filtering
Sketchguard Node 14:
  Model dim: 1,174,986 → Sketch size: 180
  Compression ratio: 6527.7x
  Using model parameters for aggregation, sketches for filtering
Sketchguard Node 15:
  Model dim: 1,174,986 → Sketch size: 180
  Compression ratio: 6527.7x
  Using model parameters for aggregation, sketches for filtering
Sketchguard Node 16:
  Model dim: 1,174,986 → Sketch size: 180
  Compression ratio: 6527.7x
  Using model parameters for aggregation, sketches for filtering
Sketchguard Node 17:
  Model dim: 1,174,986 → Sketch size: 180
  Compression ratio: 6527.7x
  Using model parameters for aggregation, sketches for filtering
Sketchguard Node 18:
  Model dim: 1,174,986 → Sketch size: 180
  Compression ratio: 6527.7x
  Using model parameters for aggregation, sketches for filtering
Sketchguard Node 19:
  Model dim: 1,174,986 → Sketch size: 180
  Compression ratio: 6527.7x
  Using model parameters for aggregation, sketches for filtering
Sketchguard ALGORITHM (Sketch-based Filtering + State Aggregation)
  - Model dimension: 1,174,986 parameters
  - Config: SketchguardConfig(gamma=2, kappa=1, alpha=0.5, min_neighbors=1, sketch_size=180, network_seed=987654321, attack_detection_window=5)
  - Sketch size: 180
  - Compression ratio: 6527.7x
  - Complexity: O(d + N×k) = O(1,174,986 + 20×180)
  - Theoretical speedup vs BALANCE: 19.9x
Initial test acc across nodes: mean=0.4965 ± 0.0152
Round 001: test acc mean=0.5023 ± 0.0115 | min=0.4790 max=0.5219
         : test loss mean=0.8794 ± 0.1469
         : individual accs = ['0.508221', '0.510221', '0.486051', '0.492298', '0.507726', '0.521881', '0.501812', '0.504814', '0.479012', '0.511863', '0.501185', '0.509719', '0.497213', '0.513786', '0.492947', '0.484057', '0.511502', '0.510907', '0.513297', '0.487326']
         : correct/total = [(7233, 14232), (7263, 14235), (6934, 14266), (6999, 14217), (7229, 14238), (7501, 14373), (7199, 14346), (7236, 14334), (6847, 14294), (7357, 14373), (7189, 14344), (7290, 14302), (7137, 14354), (7379, 14362), (7059, 14320), (6968, 14395), (7360, 14389), (7284, 14257), (7315, 14251), (7017, 14399)]
         : compromised: 0.5008, honest: 0.5081
         : sketchguard stats = ['Node 0: acc_rate=1.000', 'Node 1: acc_rate=1.000', 'Node 2: acc_rate=1.000']...
Round 002: test acc mean=0.5081 ± 0.0114 | min=0.4858 max=0.5250
         : test loss mean=1.2267 ± 0.8517
         : individual accs = ['0.509907', '0.516684', '0.493131', '0.498066', '0.505829', '0.498504', '0.513174', '0.485838', '0.488946', '0.516176', '0.513385', '0.520766', '0.507176', '0.523534', '0.525000', '0.525043', '0.507818', '0.498071', '0.511543', '0.503854']
         : correct/total = [(7257, 14232), (7355, 14235), (7035, 14266), (7081, 14217), (7202, 14238), (7165, 14373), (7362, 14346), (6964, 14334), (6989, 14294), (7419, 14373), (7364, 14344), (7448, 14302), (7280, 14354), (7519, 14362), (7518, 14320), (7558, 14395), (7307, 14389), (7101, 14257), (7290, 14251), (7255, 14399)]
         : compromised: 0.5096, honest: 0.5023
         : sketchguard stats = ['Node 0: acc_rate=0.875', 'Node 1: acc_rate=0.700', 'Node 2: acc_rate=0.625']...
Round 003: test acc mean=0.5065 ± 0.0105 | min=0.4876 max=0.5268
         : test loss mean=0.7998 ± 0.1129
         : individual accs = ['0.518971', '0.513945', '0.496075', '0.513962', '0.523739', '0.505531', '0.492472', '0.526789', '0.500280', '0.504140', '0.499233', '0.487624', '0.514491', '0.512185', '0.494623', '0.500590', '0.512683', '0.495125', '0.509157', '0.509202']
         : correct/total = [(7386, 14232), (7316, 14235), (7077, 14266), (7307, 14217), (7457, 14238), (7266, 14373), (7065, 14346), (7551, 14334), (7151, 14294), (7246, 14373), (7161, 14344), (6974, 14302), (7385, 14354), (7356, 14362), (7083, 14320), (7206, 14395), (7377, 14389), (7059, 14257), (7256, 14251), (7332, 14399)]
         : compromised: 0.5030, honest: 0.5205
         : sketchguard stats = ['Node 0: acc_rate=0.639', 'Node 1: acc_rate=0.600', 'Node 2: acc_rate=0.500']...
Round 004: test acc mean=0.5216 ± 0.0102 | min=0.5015 max=0.5448
         : test loss mean=0.8687 ± 0.5612
         : individual accs = ['0.521431', '0.524833', '0.524954', '0.528382', '0.537997', '0.512141', '0.520772', '0.544789', '0.515181', '0.517359', '0.505577', '0.524192', '0.519089', '0.532029', '0.512570', '0.519764', '0.511780', '0.530476', '0.526840', '0.501493']
         : correct/total = [(7421, 14232), (7471, 14235), (7489, 14266), (7512, 14217), (7660, 14238), (7361, 14373), (7471, 14346), (7809, 14334), (7364, 14294), (7436, 14373), (7252, 14344), (7497, 14302), (7451, 14354), (7641, 14362), (7340, 14320), (7482, 14395), (7364, 14389), (7563, 14257), (7508, 14251), (7221, 14399)]
         : compromised: 0.5197, honest: 0.5290
         : sketchguard stats = ['Node 0: acc_rate=0.521', 'Node 1: acc_rate=0.550', 'Node 2: acc_rate=0.438']...
Round 005: test acc mean=0.5376 ± 0.0128 | min=0.5034 max=0.5564
         : test loss mean=0.9201 ± 0.8801
         : individual accs = ['0.521922', '0.540077', '0.544091', '0.548498', '0.546144', '0.545258', '0.531298', '0.549742', '0.525395', '0.536353', '0.540853', '0.556426', '0.527379', '0.547904', '0.536103', '0.526711', '0.523316', '0.550046', '0.551470', '0.503368']
         : correct/total = [(7428, 14232), (7688, 14235), (7762, 14266), (7798, 14217), (7776, 14238), (7837, 14373), (7622, 14346), (7880, 14334), (7510, 14294), (7709, 14373), (7758, 14344), (7958, 14302), (7570, 14354), (7869, 14362), (7677, 14320), (7582, 14395), (7530, 14389), (7842, 14257), (7859, 14251), (7248, 14399)]
         : compromised: 0.5382, honest: 0.5353
         : sketchguard stats = ['Node 0: acc_rate=0.450', 'Node 1: acc_rate=0.520', 'Node 2: acc_rate=0.400']...
Round 006: test acc mean=0.5434 ± 0.0141 | min=0.5036 max=0.5682
         : test loss mean=0.9332 ± 0.9787
         : individual accs = ['0.533938', '0.546610', '0.542689', '0.552367', '0.554010', '0.555138', '0.537432', '0.556997', '0.534140', '0.546511', '0.546221', '0.560481', '0.532813', '0.568236', '0.534358', '0.536436', '0.524637', '0.548853', '0.553084', '0.503577']
         : correct/total = [(7599, 14232), (7781, 14235), (7742, 14266), (7853, 14217), (7888, 14238), (7979, 14373), (7710, 14346), (7984, 14334), (7635, 14294), (7855, 14373), (7835, 14344), (8016, 14302), (7648, 14354), (8161, 14362), (7652, 14320), (7722, 14395), (7549, 14389), (7825, 14257), (7882, 14251), (7251, 14399)]
         : compromised: 0.5437, honest: 0.5424
         : sketchguard stats = ['Node 0: acc_rate=0.403', 'Node 1: acc_rate=0.500', 'Node 2: acc_rate=0.375']...
Round 007: test acc mean=0.5470 ± 0.0145 | min=0.5037 max=0.5696
         : test loss mean=0.8560 ± 0.6857
         : individual accs = ['0.540191', '0.550966', '0.540306', '0.560526', '0.560261', '0.560078', '0.540011', '0.557765', '0.532671', '0.544145', '0.549498', '0.559502', '0.540825', '0.569628', '0.540573', '0.537131', '0.533394', '0.559585', '0.559259', '0.503716']
         : correct/total = [(7688, 14232), (7843, 14235), (7708, 14266), (7969, 14217), (7977, 14238), (8050, 14373), (7747, 14346), (7995, 14334), (7614, 14294), (7821, 14373), (7882, 14344), (8002, 14302), (7763, 14354), (8181, 14362), (7741, 14320), (7732, 14395), (7675, 14389), (7978, 14257), (7970, 14251), (7253, 14399)]
         : compromised: 0.5468, honest: 0.5479
         : sketchguard stats = ['Node 0: acc_rate=0.369', 'Node 1: acc_rate=0.486', 'Node 2: acc_rate=0.357']...
Round 008: test acc mean=0.5538 ± 0.0141 | min=0.5018 max=0.5704
         : test loss mean=0.9774 ± 1.2429
         : individual accs = ['0.548342', '0.553214', '0.548086', '0.570373', '0.564897', '0.558060', '0.545866', '0.564392', '0.559046', '0.560217', '0.559398', '0.559922', '0.550021', '0.568027', '0.554888', '0.545815', '0.543471', '0.563302', '0.557575', '0.501771']
         : correct/total = [(7804, 14232), (7875, 14235), (7819, 14266), (8109, 14217), (8043, 14238), (8021, 14373), (7831, 14346), (8090, 14334), (7991, 14294), (8052, 14373), (8024, 14344), (8008, 14302), (7895, 14354), (8158, 14362), (7946, 14320), (7857, 14395), (7820, 14389), (8031, 14257), (7946, 14251), (7225, 14399)]
         : compromised: 0.5535, honest: 0.5553
         : sketchguard stats = ['Node 0: acc_rate=0.344', 'Node 1: acc_rate=0.475', 'Node 2: acc_rate=0.344']...
Round 009: test acc mean=0.5567 ± 0.0149 | min=0.4975 max=0.5700
         : test loss mean=0.9687 ± 1.2267
         : individual accs = ['0.553471', '0.560520', '0.549418', '0.568826', '0.566582', '0.565087', '0.561550', '0.560555', '0.563943', '0.559243', '0.558631', '0.564327', '0.551414', '0.564685', '0.551047', '0.557416', '0.549586', '0.570036', '0.560101', '0.497465']
         : correct/total = [(7877, 14232), (7979, 14235), (7838, 14266), (8087, 14217), (8067, 14238), (8122, 14373), (8056, 14346), (8035, 14334), (8061, 14294), (8038, 14373), (8013, 14344), (8071, 14302), (7915, 14354), (8110, 14362), (7891, 14320), (8024, 14395), (7908, 14389), (8127, 14257), (7982, 14251), (7163, 14399)]
         : compromised: 0.5565, honest: 0.5575
         : sketchguard stats = ['Node 0: acc_rate=0.324', 'Node 1: acc_rate=0.467', 'Node 2: acc_rate=0.333']...
Round 010: test acc mean=0.5611 ± 0.0151 | min=0.5013 max=0.5755
         : test loss mean=0.8665 ± 0.7969
         : individual accs = ['0.559022', '0.561784', '0.560704', '0.575508', '0.573325', '0.570932', '0.562108', '0.570811', '0.568560', '0.562722', '0.562117', '0.568522', '0.558451', '0.567748', '0.558031', '0.549357', '0.556328', '0.571228', '0.562697', '0.501285']
         : correct/total = [(7956, 14232), (7997, 14235), (7999, 14266), (8182, 14217), (8163, 14238), (8206, 14373), (8064, 14346), (8182, 14334), (8127, 14294), (8088, 14373), (8063, 14344), (8131, 14302), (8016, 14354), (8154, 14362), (7991, 14320), (7908, 14395), (8005, 14389), (8144, 14257), (8019, 14251), (7218, 14399)]
         : compromised: 0.5601, honest: 0.5649
         : sketchguard stats = ['Node 0: acc_rate=0.308', 'Node 1: acc_rate=0.460', 'Node 2: acc_rate=0.325']...

=== FINAL RESULTS ===
Dataset: sent140, Nodes: 20, Graph: erdos, Aggregation: sketchguard
Attack: directed_deviation, 80.0% compromised
Final accuracy - Compromised: 0.5601, Honest: 0.5649
Overall test accuracy: mean=0.5611 ± 0.0151

=== Sketchguard SUMMARY ===
Node 0: acceptance=0.308
Node 1: acceptance=0.460
Node 2: acceptance=0.325
Node 3: acceptance=0.257
Node 4: acceptance=0.378
Node 5: acceptance=0.270
Node 6: acceptance=0.175
Node 7: acceptance=0.191
Node 8: acceptance=0.214
Node 9: acceptance=0.427
Node 10: acceptance=0.312
Node 11: acceptance=0.167
Node 12: acceptance=0.383
Node 13: acceptance=0.200
Node 14: acceptance=0.264
Node 15: acceptance=0.278
Node 16: acceptance=0.314
Node 17: acceptance=0.438
Node 18: acceptance=0.300
Node 19: acceptance=0.080

=== PARALLEL EXECUTION TIME (realistic for distributed system) ===
  COMMUNICATION (max across nodes):
    - Sketch transfer: 0.000s (0.0%)
    - Model fetch (accepted): 0.000s (0.0%)
  COMPUTATION (max across nodes):
    - Sketching: 0.301s (95.4%)
    - Filtering: 0.001s (0.4%)
    - Aggregation: 0.014s (4.3%)
  TOTALS:
    - Total computation: 0.316s (100.0%)
    - Total communication: 0.000s (0.0%)
    - Total parallel time: 0.316s

=== PER-NODE AVERAGE TIME ===
  - Sketching: 0.220s
  - Filtering: 0.001s
  - Aggregation: 0.008s
  - Sketch transfer: 0.000s
  - Model fetch: 0.000s
  - Total per node: 0.229s

=== TOTAL COMPUTATIONAL WORK (sum across all nodes) ===
  - Total sketching: 4.396s
  - Total filtering: 0.012s
  - Total aggregation: 0.169s
  - Total sketch transfer: 0.000s
  - Total model fetch: 0.000s
  - Grand total: 4.577s
  - Mean acceptance rate: 0.287

Sketchguard Algorithm Properties:
  - Original dimension: 1,174,986
  - Sketch size: 180
  - Compression ratio: 19.9x
  - Single repetition: No repetitions needed
  - Theoretical complexity: O(d + N×k)
  - Approach: Sketch filtering + state aggregation
