Device: cuda
Seed: 987654321
Loading 1 LEAF Sent140 train files...
LEAF Sent140 train: 254555 users, 908652 samples
Building vocabulary (max_size=10000)...
Vocabulary size: 10000
Loading 1 LEAF Sent140 test files...
LEAF Sent140 test: 254555 users, 286281 samples
Found 254555 train users, 254555 test users, 254555 common users
User sample counts range: 494 (max) to 1 (min)
Distributed ALL 254555 users across 20 clients
Users per client: 12727 (with 15 clients getting +1 user)
Train partition sizes: [44353, 44290, 44657, 44907, 44696, 45843, 45801, 45619, 45069, 45639, 45821, 45311, 45779, 46056, 45625, 45984, 46428, 44737, 45540, 46497]
Test partition sizes: [14232, 14235, 14266, 14217, 14238, 14373, 14346, 14334, 14294, 14373, 14344, 14302, 14354, 14362, 14320, 14395, 14389, 14257, 14251, 14399]
  Client 0: 44353 train samples, 2 unique classes
  Client 1: 44290 train samples, 2 unique classes
  Client 2: 44657 train samples, 2 unique classes
  Client 3: 44907 train samples, 2 unique classes
  Client 4: 44696 train samples, 2 unique classes
  Client 5: 45843 train samples, 2 unique classes
  Client 6: 45801 train samples, 2 unique classes
  Client 7: 45619 train samples, 2 unique classes
  Client 8: 45069 train samples, 2 unique classes
  Client 9: 45639 train samples, 2 unique classes
  Client 10: 45821 train samples, 2 unique classes
  Client 11: 45311 train samples, 2 unique classes
  Client 12: 45779 train samples, 2 unique classes
  Client 13: 46056 train samples, 2 unique classes
  Client 14: 45625 train samples, 2 unique classes
  Client 15: 45984 train samples, 2 unique classes
  Client 16: 46428 train samples, 2 unique classes
  Client 17: 44737 train samples, 2 unique classes
  Client 18: 45540 train samples, 2 unique classes
  Client 19: 46497 train samples, 2 unique classes
Will sample 4500 samples per client per epoch
Graph: erdos, nodes: 20, edges: 126
Degree statistics: avg=12.60, min=8, max=16
Attack: Compromised 16/20 nodes: [1, 2, 3, 5, 6, 8, 9, 10, 11, 12, 13, 14, 15, 17, 18, 19]
Attack type: backdoor, lambda: 1.0
Backdoor target label: 1, trigger size: 3
Model variant: baseline
Model parameters: 1,174,986
Sketchguard Node 0:
  Model dim: 1,174,986 → Sketch size: 180
  Compression ratio: 6527.7x
  Using model parameters for aggregation, sketches for filtering
Sketchguard Node 1:
  Model dim: 1,174,986 → Sketch size: 180
  Compression ratio: 6527.7x
  Using model parameters for aggregation, sketches for filtering
Sketchguard Node 2:
  Model dim: 1,174,986 → Sketch size: 180
  Compression ratio: 6527.7x
  Using model parameters for aggregation, sketches for filtering
Sketchguard Node 3:
  Model dim: 1,174,986 → Sketch size: 180
  Compression ratio: 6527.7x
  Using model parameters for aggregation, sketches for filtering
Sketchguard Node 4:
  Model dim: 1,174,986 → Sketch size: 180
  Compression ratio: 6527.7x
  Using model parameters for aggregation, sketches for filtering
Sketchguard Node 5:
  Model dim: 1,174,986 → Sketch size: 180
  Compression ratio: 6527.7x
  Using model parameters for aggregation, sketches for filtering
Sketchguard Node 6:
  Model dim: 1,174,986 → Sketch size: 180
  Compression ratio: 6527.7x
  Using model parameters for aggregation, sketches for filtering
Sketchguard Node 7:
  Model dim: 1,174,986 → Sketch size: 180
  Compression ratio: 6527.7x
  Using model parameters for aggregation, sketches for filtering
Sketchguard Node 8:
  Model dim: 1,174,986 → Sketch size: 180
  Compression ratio: 6527.7x
  Using model parameters for aggregation, sketches for filtering
Sketchguard Node 9:
  Model dim: 1,174,986 → Sketch size: 180
  Compression ratio: 6527.7x
  Using model parameters for aggregation, sketches for filtering
Sketchguard Node 10:
  Model dim: 1,174,986 → Sketch size: 180
  Compression ratio: 6527.7x
  Using model parameters for aggregation, sketches for filtering
Sketchguard Node 11:
  Model dim: 1,174,986 → Sketch size: 180
  Compression ratio: 6527.7x
  Using model parameters for aggregation, sketches for filtering
Sketchguard Node 12:
  Model dim: 1,174,986 → Sketch size: 180
  Compression ratio: 6527.7x
  Using model parameters for aggregation, sketches for filtering
Sketchguard Node 13:
  Model dim: 1,174,986 → Sketch size: 180
  Compression ratio: 6527.7x
  Using model parameters for aggregation, sketches for filtering
Sketchguard Node 14:
  Model dim: 1,174,986 → Sketch size: 180
  Compression ratio: 6527.7x
  Using model parameters for aggregation, sketches for filtering
Sketchguard Node 15:
  Model dim: 1,174,986 → Sketch size: 180
  Compression ratio: 6527.7x
  Using model parameters for aggregation, sketches for filtering
Sketchguard Node 16:
  Model dim: 1,174,986 → Sketch size: 180
  Compression ratio: 6527.7x
  Using model parameters for aggregation, sketches for filtering
Sketchguard Node 17:
  Model dim: 1,174,986 → Sketch size: 180
  Compression ratio: 6527.7x
  Using model parameters for aggregation, sketches for filtering
Sketchguard Node 18:
  Model dim: 1,174,986 → Sketch size: 180
  Compression ratio: 6527.7x
  Using model parameters for aggregation, sketches for filtering
Sketchguard Node 19:
  Model dim: 1,174,986 → Sketch size: 180
  Compression ratio: 6527.7x
  Using model parameters for aggregation, sketches for filtering
Sketchguard ALGORITHM (Sketch-based Filtering + State Aggregation)
  - Model dimension: 1,174,986 parameters
  - Config: SketchguardConfig(gamma=2, kappa=1, alpha=0.5, min_neighbors=1, sketch_size=180, network_seed=987654321, attack_detection_window=5)
  - Sketch size: 180
  - Compression ratio: 6527.7x
  - Complexity: O(d + N×k) = O(1,174,986 + 20×180)
  - Theoretical speedup vs BALANCE: 19.9x
Initial test acc across nodes: mean=0.4953 ± 0.0174
Backdoor attack: Created poisoned datasets for 16 compromised nodes
Round 001: test acc mean=0.5078 ± 0.0091 | min=0.4919 max=0.5322
         : test loss mean=34.0066 ± 18.1780
         : individual accs = ['0.491920', '0.505866', '0.499930', '0.500106', '0.493328', '0.513254', '0.532204', '0.505232', '0.515741', '0.515967', '0.513037', '0.509369', '0.498537', '0.515527', '0.515642', '0.500174', '0.504135', '0.507119', '0.507473', '0.511702']
         : correct/total = [(7001, 14232), (7201, 14235), (7132, 14266), (7110, 14217), (7024, 14238), (7377, 14373), (7635, 14346), (7242, 14334), (7372, 14294), (7416, 14373), (7359, 14344), (7285, 14302), (7156, 14354), (7404, 14362), (7384, 14320), (7200, 14395), (7254, 14389), (7230, 14257), (7232, 14251), (7368, 14399)]
         : compromised: 0.5101, honest: 0.4987
         : sketchguard stats = ['Node 0: acc_rate=1.000', 'Node 1: acc_rate=1.000', 'Node 2: acc_rate=1.000']...
Round 002: test acc mean=0.5116 ± 0.0210 | min=0.4923 max=0.5757
         : test loss mean=852.3563 ± 470.3678
         : individual accs = ['0.562114', '0.513734', '0.507921', '0.514032', '0.532448', '0.504975', '0.498466', '0.575694', '0.498741', '0.506018', '0.498536', '0.510977', '0.496656', '0.497354', '0.506494', '0.506634', '0.492321', '0.503893', '0.498070', '0.507466']
         : correct/total = [(8000, 14232), (7313, 14235), (7246, 14266), (7308, 14217), (7581, 14238), (7258, 14373), (7151, 14346), (8252, 14334), (7129, 14294), (7273, 14373), (7151, 14344), (7308, 14302), (7129, 14354), (7143, 14362), (7253, 14320), (7293, 14395), (7084, 14389), (7184, 14257), (7098, 14251), (7307, 14399)]
         : compromised: 0.5044, honest: 0.5406
         : sketchguard stats = ['Node 0: acc_rate=0.594', 'Node 1: acc_rate=1.000', 'Node 2: acc_rate=1.000']...
Round 003: test acc mean=0.5084 ± 0.0290 | min=0.4936 max=0.6309
         : test loss mean=20752.1843 ± 13490.0119
         : individual accs = ['0.516653', '0.494275', '0.493551', '0.494408', '0.521281', '0.494538', '0.504391', '0.630878', '0.503008', '0.506227', '0.501603', '0.493987', '0.501672', '0.507589', '0.496299', '0.503994', '0.507471', '0.496177', '0.501579', '0.498715']
         : correct/total = [(7353, 14232), (7036, 14235), (7041, 14266), (7029, 14217), (7422, 14238), (7108, 14373), (7236, 14346), (9043, 14334), (7190, 14294), (7276, 14373), (7195, 14344), (7065, 14302), (7201, 14354), (7290, 14362), (7107, 14320), (7255, 14395), (7302, 14389), (7074, 14257), (7148, 14251), (7181, 14399)]
         : compromised: 0.4995, honest: 0.5441
         : sketchguard stats = ['Node 0: acc_rate=0.458', 'Node 1: acc_rate=1.000', 'Node 2: acc_rate=1.000']...
Round 004: test acc mean=0.5066 ± 0.0255 | min=0.4855 max=0.6144
         : test loss mean=5430819.2906 ± 4196598.6030
         : individual accs = ['0.497470', '0.514366', '0.496495', '0.504818', '0.485461', '0.500244', '0.502649', '0.614413', '0.496782', '0.505531', '0.503137', '0.500699', '0.497980', '0.496588', '0.505587', '0.512609', '0.495726', '0.500035', '0.502912', '0.499062']
         : correct/total = [(7080, 14232), (7322, 14235), (7083, 14266), (7177, 14217), (6912, 14238), (7190, 14373), (7211, 14346), (8807, 14334), (7101, 14294), (7266, 14373), (7217, 14344), (7161, 14302), (7148, 14354), (7132, 14362), (7240, 14320), (7379, 14395), (7133, 14389), (7129, 14257), (7167, 14251), (7186, 14399)]
         : compromised: 0.5025, honest: 0.5233
         : sketchguard stats = ['Node 0: acc_rate=0.391', 'Node 1: acc_rate=1.000', 'Node 2: acc_rate=1.000']...
Round 005: test acc mean=0.5126 ± 0.0220 | min=0.4936 max=0.5721
         : test loss mean=98933471.1468 ± 60959684.7573
         : individual accs = ['0.560849', '0.515209', '0.495374', '0.504607', '0.572131', '0.498922', '0.502649', '0.556300', '0.510004', '0.501774', '0.506623', '0.495945', '0.507385', '0.506963', '0.493645', '0.507398', '0.509139', '0.507260', '0.497228', '0.503507']
         : correct/total = [(7982, 14232), (7334, 14235), (7067, 14266), (7174, 14217), (8146, 14238), (7171, 14373), (7211, 14346), (7974, 14334), (7290, 14294), (7212, 14373), (7267, 14344), (7093, 14302), (7283, 14354), (7281, 14362), (7069, 14320), (7304, 14395), (7326, 14389), (7232, 14257), (7086, 14251), (7250, 14399)]
         : compromised: 0.5034, honest: 0.5496
         : sketchguard stats = ['Node 0: acc_rate=0.338', 'Node 1: acc_rate=1.000', 'Node 2: acc_rate=1.000']...
Round 006: test acc mean=0.5202 ± 0.0402 | min=0.4927 max=0.6194
         : test loss mean=15207604661.6994 ± 10508002381.7461
         : individual accs = ['0.607785', '0.509168', '0.508201', '0.509601', '0.618205', '0.502887', '0.500070', '0.619367', '0.500140', '0.503583', '0.503974', '0.505034', '0.496308', '0.492689', '0.507472', '0.501077', '0.509278', '0.502350', '0.504456', '0.501840']
         : correct/total = [(8650, 14232), (7248, 14235), (7250, 14266), (7245, 14217), (8802, 14238), (7228, 14373), (7174, 14346), (8878, 14334), (7149, 14294), (7238, 14373), (7229, 14344), (7223, 14302), (7124, 14354), (7076, 14362), (7267, 14320), (7213, 14395), (7328, 14389), (7162, 14257), (7189, 14251), (7226, 14399)]
         : compromised: 0.5031, honest: 0.5887
         : sketchguard stats = ['Node 0: acc_rate=0.302', 'Node 1: acc_rate=1.000', 'Node 2: acc_rate=1.000']...
Round 007: test acc mean=0.5214 ± 0.0487 | min=0.4894 max=0.6403
         : test loss mean=638967099964.7185 ± 377377078587.5927
         : individual accs = ['0.634415', '0.495328', '0.501963', '0.495885', '0.634569', '0.508523', '0.489405', '0.640296', '0.504617', '0.505670', '0.499303', '0.510488', '0.490456', '0.510444', '0.493715', '0.504898', '0.506359', '0.498702', '0.503403', '0.498924']
         : correct/total = [(9029, 14232), (7051, 14235), (7161, 14266), (7050, 14217), (9035, 14238), (7309, 14373), (7021, 14346), (9178, 14334), (7213, 14294), (7268, 14373), (7162, 14344), (7301, 14302), (7040, 14354), (7331, 14362), (7070, 14320), (7268, 14395), (7286, 14389), (7110, 14257), (7174, 14251), (7184, 14399)]
         : compromised: 0.5007, honest: 0.6039
         : sketchguard stats = ['Node 0: acc_rate=0.277', 'Node 1: acc_rate=0.857', 'Node 2: acc_rate=0.857']...
Round 008: test acc mean=0.5250 ± 0.0476 | min=0.4841 max=0.6387
         : test loss mean=91814996200671.6562 ± 65592967458696.4141
         : individual accs = ['0.638702', '0.513453', '0.511145', '0.511360', '0.636606', '0.503583', '0.511362', '0.636180', '0.517210', '0.502818', '0.501813', '0.509439', '0.484116', '0.495405', '0.505307', '0.502397', '0.505525', '0.509925', '0.504877', '0.498507']
         : correct/total = [(9090, 14232), (7309, 14235), (7292, 14266), (7270, 14217), (9064, 14238), (7238, 14373), (7336, 14346), (9119, 14334), (7393, 14294), (7227, 14373), (7198, 14344), (7286, 14302), (6949, 14354), (7115, 14362), (7236, 14320), (7232, 14395), (7274, 14389), (7270, 14257), (7195, 14251), (7178, 14399)]
         : compromised: 0.5052, honest: 0.6043
         : sketchguard stats = ['Node 0: acc_rate=0.258', 'Node 1: acc_rate=0.750', 'Node 2: acc_rate=0.750']...
Round 009: test acc mean=0.5265 ± 0.0541 | min=0.4836 max=0.6630
         : test loss mean=4778532962088326.0000 ± 3012126102883962.0000
         : individual accs = ['0.643339', '0.512048', '0.510024', '0.499965', '0.654727', '0.497530', '0.500627', '0.663039', '0.508325', '0.506505', '0.510109', '0.511397', '0.500209', '0.506824', '0.514106', '0.483640', '0.507749', '0.509504', '0.500526', '0.489201']
         : correct/total = [(9156, 14232), (7289, 14235), (7276, 14266), (7108, 14217), (9322, 14238), (7151, 14373), (7182, 14346), (9504, 14334), (7266, 14294), (7280, 14373), (7317, 14344), (7314, 14302), (7180, 14354), (7279, 14362), (7362, 14320), (6962, 14395), (7306, 14389), (7264, 14257), (7133, 14251), (7044, 14399)]
         : compromised: 0.5038, honest: 0.6172
         : sketchguard stats = ['Node 0: acc_rate=0.243', 'Node 1: acc_rate=0.667', 'Node 2: acc_rate=0.667']...
Round 010: test acc mean=0.5274 ± 0.0573 | min=0.4923 max=0.6692
         : test loss mean=611166838920080896.0000 ± 444505202793155520.0000
         : individual accs = ['0.657813', '0.512891', '0.508131', '0.503130', '0.662874', '0.504348', '0.507668', '0.669178', '0.508675', '0.497113', '0.501325', '0.504475', '0.507106', '0.492341', '0.503282', '0.502049', '0.502676', '0.503963', '0.505929', '0.492604']
         : correct/total = [(9362, 14232), (7301, 14235), (7249, 14266), (7153, 14217), (9438, 14238), (7249, 14373), (7283, 14346), (9592, 14334), (7271, 14294), (7145, 14373), (7191, 14344), (7215, 14302), (7279, 14354), (7071, 14362), (7207, 14320), (7227, 14395), (7233, 14389), (7185, 14257), (7210, 14251), (7093, 14399)]
         : compromised: 0.5034, honest: 0.6231
         : sketchguard stats = ['Node 0: acc_rate=0.231', 'Node 1: acc_rate=0.600', 'Node 2: acc_rate=0.600']...

=== FINAL RESULTS ===
Dataset: sent140, Nodes: 20, Graph: erdos, Aggregation: sketchguard
Attack: backdoor, 80.0% compromised
Final accuracy - Compromised: 0.5034, Honest: 0.6231
Overall test accuracy: mean=0.5274 ± 0.0573

=== BACKDOOR ATTACK SUCCESS RATE (ASR) ===
Target label: 1
Trigger size: 3x3
Overall ASR: 0.6917 ± 0.2899
Honest nodes ASR: 0.3743 ± 0.1562
Compromised nodes ASR: 0.7711 ± 0.2598
Note: Higher ASR indicates more successful backdoor attack

=== Sketchguard SUMMARY ===
Node 0: acceptance=0.231
Node 1: acceptance=0.600
Node 2: acceptance=0.600
Node 3: acceptance=0.600
Node 4: acceptance=0.291
Node 5: acceptance=0.600
Node 6: acceptance=0.600
Node 7: acceptance=0.229
Node 8: acceptance=0.600
Node 9: acceptance=0.600
Node 10: acceptance=0.600
Node 11: acceptance=0.600
Node 12: acceptance=0.600
Node 13: acceptance=0.600
Node 14: acceptance=0.600
Node 15: acceptance=0.600
Node 16: acceptance=0.954
Node 17: acceptance=0.600
Node 18: acceptance=0.600
Node 19: acceptance=0.600

=== PARALLEL EXECUTION TIME (realistic for distributed system) ===
  COMMUNICATION (max across nodes):
    - Sketch transfer: 0.000s (0.0%)
    - Model fetch (accepted): 0.000s (0.0%)
  COMPUTATION (max across nodes):
    - Sketching: 0.455s (94.7%)
    - Filtering: 0.001s (0.2%)
    - Aggregation: 0.024s (5.1%)
  TOTALS:
    - Total computation: 0.481s (100.0%)
    - Total communication: 0.000s (0.0%)
    - Total parallel time: 0.481s

=== PER-NODE AVERAGE TIME ===
  - Sketching: 0.351s
  - Filtering: 0.001s
  - Aggregation: 0.014s
  - Sketch transfer: 0.000s
  - Model fetch: 0.000s
  - Total per node: 0.366s

=== TOTAL COMPUTATIONAL WORK (sum across all nodes) ===
  - Total sketching: 7.017s
  - Total filtering: 0.013s
  - Total aggregation: 0.289s
  - Total sketch transfer: 0.000s
  - Total model fetch: 0.000s
  - Grand total: 7.319s
  - Mean acceptance rate: 0.565

Sketchguard Algorithm Properties:
  - Original dimension: 1,174,986
  - Sketch size: 180
  - Compression ratio: 19.9x
  - Single repetition: No repetitions needed
  - Theoretical complexity: O(d + N×k)
  - Approach: Sketch filtering + state aggregation
