Device: cuda
Seed: 987654321
Loading 1 LEAF Sent140 train files...
LEAF Sent140 train: 254555 users, 908652 samples
Building vocabulary (max_size=10000)...
Vocabulary size: 10000
Loading 1 LEAF Sent140 test files...
LEAF Sent140 test: 254555 users, 286281 samples
Found 254555 train users, 254555 test users, 254555 common users
User sample counts range: 494 (max) to 1 (min)
Distributed ALL 254555 users across 20 clients
Users per client: 12727 (with 15 clients getting +1 user)
Train partition sizes: [44353, 44290, 44657, 44907, 44696, 45843, 45801, 45619, 45069, 45639, 45821, 45311, 45779, 46056, 45625, 45984, 46428, 44737, 45540, 46497]
Test partition sizes: [14232, 14235, 14266, 14217, 14238, 14373, 14346, 14334, 14294, 14373, 14344, 14302, 14354, 14362, 14320, 14395, 14389, 14257, 14251, 14399]
  Client 0: 44353 train samples, 2 unique classes
  Client 1: 44290 train samples, 2 unique classes
  Client 2: 44657 train samples, 2 unique classes
  Client 3: 44907 train samples, 2 unique classes
  Client 4: 44696 train samples, 2 unique classes
  Client 5: 45843 train samples, 2 unique classes
  Client 6: 45801 train samples, 2 unique classes
  Client 7: 45619 train samples, 2 unique classes
  Client 8: 45069 train samples, 2 unique classes
  Client 9: 45639 train samples, 2 unique classes
  Client 10: 45821 train samples, 2 unique classes
  Client 11: 45311 train samples, 2 unique classes
  Client 12: 45779 train samples, 2 unique classes
  Client 13: 46056 train samples, 2 unique classes
  Client 14: 45625 train samples, 2 unique classes
  Client 15: 45984 train samples, 2 unique classes
  Client 16: 46428 train samples, 2 unique classes
  Client 17: 44737 train samples, 2 unique classes
  Client 18: 45540 train samples, 2 unique classes
  Client 19: 46497 train samples, 2 unique classes
Will sample 4500 samples per client per epoch
Graph: erdos, nodes: 20, edges: 126
Degree statistics: avg=12.60, min=8, max=16
Attack: Compromised 14/20 nodes: [1, 2, 3, 5, 6, 8, 11, 12, 13, 14, 15, 17, 18, 19]
Attack type: gaussian, lambda: 1.0
Model variant: baseline
Model parameters: 1,174,986
Sketchguard Node 0:
  Model dim: 1,174,986 → Sketch size: 180
  Compression ratio: 6527.7x
  Using model parameters for aggregation, sketches for filtering
Sketchguard Node 1:
  Model dim: 1,174,986 → Sketch size: 180
  Compression ratio: 6527.7x
  Using model parameters for aggregation, sketches for filtering
Sketchguard Node 2:
  Model dim: 1,174,986 → Sketch size: 180
  Compression ratio: 6527.7x
  Using model parameters for aggregation, sketches for filtering
Sketchguard Node 3:
  Model dim: 1,174,986 → Sketch size: 180
  Compression ratio: 6527.7x
  Using model parameters for aggregation, sketches for filtering
Sketchguard Node 4:
  Model dim: 1,174,986 → Sketch size: 180
  Compression ratio: 6527.7x
  Using model parameters for aggregation, sketches for filtering
Sketchguard Node 5:
  Model dim: 1,174,986 → Sketch size: 180
  Compression ratio: 6527.7x
  Using model parameters for aggregation, sketches for filtering
Sketchguard Node 6:
  Model dim: 1,174,986 → Sketch size: 180
  Compression ratio: 6527.7x
  Using model parameters for aggregation, sketches for filtering
Sketchguard Node 7:
  Model dim: 1,174,986 → Sketch size: 180
  Compression ratio: 6527.7x
  Using model parameters for aggregation, sketches for filtering
Sketchguard Node 8:
  Model dim: 1,174,986 → Sketch size: 180
  Compression ratio: 6527.7x
  Using model parameters for aggregation, sketches for filtering
Sketchguard Node 9:
  Model dim: 1,174,986 → Sketch size: 180
  Compression ratio: 6527.7x
  Using model parameters for aggregation, sketches for filtering
Sketchguard Node 10:
  Model dim: 1,174,986 → Sketch size: 180
  Compression ratio: 6527.7x
  Using model parameters for aggregation, sketches for filtering
Sketchguard Node 11:
  Model dim: 1,174,986 → Sketch size: 180
  Compression ratio: 6527.7x
  Using model parameters for aggregation, sketches for filtering
Sketchguard Node 12:
  Model dim: 1,174,986 → Sketch size: 180
  Compression ratio: 6527.7x
  Using model parameters for aggregation, sketches for filtering
Sketchguard Node 13:
  Model dim: 1,174,986 → Sketch size: 180
  Compression ratio: 6527.7x
  Using model parameters for aggregation, sketches for filtering
Sketchguard Node 14:
  Model dim: 1,174,986 → Sketch size: 180
  Compression ratio: 6527.7x
  Using model parameters for aggregation, sketches for filtering
Sketchguard Node 15:
  Model dim: 1,174,986 → Sketch size: 180
  Compression ratio: 6527.7x
  Using model parameters for aggregation, sketches for filtering
Sketchguard Node 16:
  Model dim: 1,174,986 → Sketch size: 180
  Compression ratio: 6527.7x
  Using model parameters for aggregation, sketches for filtering
Sketchguard Node 17:
  Model dim: 1,174,986 → Sketch size: 180
  Compression ratio: 6527.7x
  Using model parameters for aggregation, sketches for filtering
Sketchguard Node 18:
  Model dim: 1,174,986 → Sketch size: 180
  Compression ratio: 6527.7x
  Using model parameters for aggregation, sketches for filtering
Sketchguard Node 19:
  Model dim: 1,174,986 → Sketch size: 180
  Compression ratio: 6527.7x
  Using model parameters for aggregation, sketches for filtering
Sketchguard ALGORITHM (Sketch-based Filtering + State Aggregation)
  - Model dimension: 1,174,986 parameters
  - Config: SketchguardConfig(gamma=2, kappa=1, alpha=0.5, min_neighbors=1, sketch_size=180, network_seed=987654321, attack_detection_window=5)
  - Sketch size: 180
  - Compression ratio: 6527.7x
  - Complexity: O(d + N×k) = O(1,174,986 + 20×180)
  - Theoretical speedup vs BALANCE: 19.9x
Initial test acc across nodes: mean=0.4965 ± 0.0152
Round 001: test acc mean=0.5443 ± 0.0220 | min=0.5107 max=0.5902
         : test loss mean=0.6915 ± 0.0006
         : individual accs = ['0.531619', '0.551809', '0.534908', '0.558205', '0.531676', '0.568357', '0.533598', '0.587833', '0.539387', '0.590204', '0.510666', '0.538736', '0.543263', '0.522768', '0.559637', '0.512192', '0.564528', '0.513081', '0.541366', '0.552052']
         : correct/total = [(7566, 14232), (7855, 14235), (7631, 14266), (7936, 14217), (7570, 14238), (8169, 14373), (7655, 14346), (8426, 14334), (7710, 14294), (8483, 14373), (7325, 14344), (7705, 14302), (7798, 14354), (7508, 14362), (8014, 14320), (7373, 14395), (8123, 14389), (7315, 14257), (7715, 14251), (7949, 14399)]
         : compromised: 0.5407, honest: 0.5528
         : sketchguard stats = ['Node 0: acc_rate=0.312', 'Node 1: acc_rate=0.364', 'Node 2: acc_rate=0.333']...
Round 002: test acc mean=0.4961 ± 0.0070 | min=0.4861 max=0.5137
         : test loss mean=0.6930 ± 0.0004
         : individual accs = ['0.489179', '0.486126', '0.486051', '0.492228', '0.494873', '0.493703', '0.497560', '0.495256', '0.488457', '0.499548', '0.502719', '0.491959', '0.499512', '0.508564', '0.495810', '0.498576', '0.513726', '0.503051', '0.488808', '0.496354']
         : correct/total = [(6962, 14232), (6920, 14235), (6934, 14266), (6998, 14217), (7046, 14238), (7096, 14373), (7138, 14346), (7099, 14334), (6982, 14294), (7180, 14373), (7211, 14344), (7036, 14302), (7170, 14354), (7304, 14362), (7100, 14320), (7177, 14395), (7392, 14389), (7172, 14257), (6966, 14251), (7147, 14399)]
         : compromised: 0.4948, honest: 0.4992
         : sketchguard stats = ['Node 0: acc_rate=0.312', 'Node 1: acc_rate=0.364', 'Node 2: acc_rate=0.333']...
Round 003: test acc mean=0.4949 ± 0.0056 | min=0.4861 max=0.5086
         : test loss mean=0.6934 ± 0.0004
         : individual accs = ['0.489109', '0.486266', '0.486051', '0.492228', '0.494100', '0.493843', '0.497560', '0.495186', '0.488457', '0.493008', '0.499024', '0.492029', '0.499512', '0.508564', '0.495810', '0.498367', '0.499757', '0.503051', '0.488738', '0.496354']
         : correct/total = [(6961, 14232), (6922, 14235), (6934, 14266), (6998, 14217), (7035, 14238), (7098, 14373), (7138, 14346), (7098, 14334), (6982, 14294), (7086, 14373), (7158, 14344), (7037, 14302), (7170, 14354), (7304, 14362), (7100, 14320), (7174, 14395), (7191, 14389), (7172, 14257), (6965, 14251), (7147, 14399)]
         : compromised: 0.4948, honest: 0.4950
         : sketchguard stats = ['Node 0: acc_rate=0.312', 'Node 1: acc_rate=0.364', 'Node 2: acc_rate=0.333']...
Round 004: test acc mean=0.4948 ± 0.0056 | min=0.4861 max=0.5086
         : test loss mean=0.6931 ± 0.0004
         : individual accs = ['0.489109', '0.486266', '0.486051', '0.492228', '0.494100', '0.493843', '0.497560', '0.495186', '0.488387', '0.493008', '0.499024', '0.492029', '0.499512', '0.508564', '0.495810', '0.498367', '0.499757', '0.503051', '0.488738', '0.496354']
         : correct/total = [(6961, 14232), (6922, 14235), (6934, 14266), (6998, 14217), (7035, 14238), (7098, 14373), (7138, 14346), (7098, 14334), (6981, 14294), (7086, 14373), (7158, 14344), (7037, 14302), (7170, 14354), (7304, 14362), (7100, 14320), (7174, 14395), (7191, 14389), (7172, 14257), (6965, 14251), (7147, 14399)]
         : compromised: 0.4948, honest: 0.4950
         : sketchguard stats = ['Node 0: acc_rate=0.312', 'Node 1: acc_rate=0.364', 'Node 2: acc_rate=0.333']...
Round 005: test acc mean=0.4949 ± 0.0056 | min=0.4861 max=0.5086
         : test loss mean=0.6928 ± 0.0004
         : individual accs = ['0.489109', '0.486266', '0.486051', '0.492228', '0.494100', '0.493843', '0.497560', '0.495186', '0.488457', '0.493008', '0.499024', '0.492029', '0.499512', '0.508564', '0.495810', '0.498367', '0.499757', '0.503051', '0.488738', '0.496354']
         : correct/total = [(6961, 14232), (6922, 14235), (6934, 14266), (6998, 14217), (7035, 14238), (7098, 14373), (7138, 14346), (7098, 14334), (6982, 14294), (7086, 14373), (7158, 14344), (7037, 14302), (7170, 14354), (7304, 14362), (7100, 14320), (7174, 14395), (7191, 14389), (7172, 14257), (6965, 14251), (7147, 14399)]
         : compromised: 0.4948, honest: 0.4950
         : sketchguard stats = ['Node 0: acc_rate=0.312', 'Node 1: acc_rate=0.364', 'Node 2: acc_rate=0.333']...
Round 006: test acc mean=0.4949 ± 0.0056 | min=0.4861 max=0.5086
         : test loss mean=0.6923 ± 0.0004
         : individual accs = ['0.489109', '0.486266', '0.486051', '0.492298', '0.494100', '0.493843', '0.497560', '0.495186', '0.488597', '0.493077', '0.499094', '0.491959', '0.499512', '0.508564', '0.495810', '0.498367', '0.499757', '0.503051', '0.488667', '0.496354']
         : correct/total = [(6961, 14232), (6922, 14235), (6934, 14266), (6999, 14217), (7035, 14238), (7098, 14373), (7138, 14346), (7098, 14334), (6984, 14294), (7087, 14373), (7159, 14344), (7036, 14302), (7170, 14354), (7304, 14362), (7100, 14320), (7174, 14395), (7191, 14389), (7172, 14257), (6964, 14251), (7147, 14399)]
         : compromised: 0.4948, honest: 0.4951
         : sketchguard stats = ['Node 0: acc_rate=0.312', 'Node 1: acc_rate=0.364', 'Node 2: acc_rate=0.333']...
Round 007: test acc mean=0.4958 ± 0.0049 | min=0.4868 max=0.5086
         : test loss mean=0.6915 ± 0.0003
         : individual accs = ['0.492552', '0.486758', '0.490327', '0.492298', '0.495294', '0.493982', '0.497560', '0.496233', '0.490765', '0.493286', '0.500418', '0.492029', '0.499512', '0.508634', '0.496229', '0.498437', '0.500521', '0.502981', '0.492176', '0.496354']
         : correct/total = [(7010, 14232), (6929, 14235), (6995, 14266), (6999, 14217), (7052, 14238), (7100, 14373), (7138, 14346), (7113, 14334), (7015, 14294), (7090, 14373), (7178, 14344), (7037, 14302), (7170, 14354), (7305, 14362), (7106, 14320), (7175, 14395), (7202, 14389), (7171, 14257), (7014, 14251), (7147, 14399)]
         : compromised: 0.4956, honest: 0.4964
         : sketchguard stats = ['Node 0: acc_rate=0.312', 'Node 1: acc_rate=0.364', 'Node 2: acc_rate=0.333']...
Round 008: test acc mean=0.5043 ± 0.0083 | min=0.4927 max=0.5304
         : test loss mean=0.6904 ± 0.0004
         : individual accs = ['0.494519', '0.492659', '0.493060', '0.500950', '0.504284', '0.497113', '0.497769', '0.503558', '0.508115', '0.501565', '0.504810', '0.510838', '0.505295', '0.509818', '0.500140', '0.501910', '0.514907', '0.506348', '0.530419', '0.507119']
         : correct/total = [(7038, 14232), (7013, 14235), (7034, 14266), (7122, 14217), (7180, 14238), (7145, 14373), (7141, 14346), (7218, 14334), (7263, 14294), (7209, 14373), (7241, 14344), (7306, 14302), (7253, 14354), (7322, 14362), (7162, 14320), (7225, 14395), (7409, 14389), (7219, 14257), (7559, 14251), (7302, 14399)]
         : compromised: 0.5044, honest: 0.5039
         : sketchguard stats = ['Node 0: acc_rate=0.312', 'Node 1: acc_rate=0.364', 'Node 2: acc_rate=0.333']...
Round 009: test acc mean=0.5236 ± 0.0130 | min=0.5024 max=0.5520
         : test loss mean=0.6889 ± 0.0004
         : individual accs = ['0.519182', '0.535511', '0.529090', '0.522473', '0.537505', '0.512210', '0.512547', '0.518697', '0.510984', '0.509219', '0.511921', '0.524612', '0.520900', '0.547069', '0.502444', '0.511567', '0.533394', '0.535456', '0.552031', '0.526009']
         : correct/total = [(7389, 14232), (7623, 14235), (7548, 14266), (7428, 14217), (7653, 14238), (7362, 14373), (7353, 14346), (7435, 14334), (7304, 14294), (7319, 14373), (7343, 14344), (7503, 14302), (7477, 14354), (7857, 14362), (7195, 14320), (7364, 14395), (7675, 14389), (7634, 14257), (7867, 14251), (7574, 14399)]
         : compromised: 0.5245, honest: 0.5217
         : sketchguard stats = ['Node 0: acc_rate=0.312', 'Node 1: acc_rate=0.364', 'Node 2: acc_rate=0.333']...
Round 010: test acc mean=0.5698 ± 0.0142 | min=0.5388 max=0.5904
         : test loss mean=0.6859 ± 0.0005
         : individual accs = ['0.567945', '0.587706', '0.582574', '0.587677', '0.590392', '0.555973', '0.538756', '0.587763', '0.555268', '0.566757', '0.565881', '0.563068', '0.563118', '0.576521', '0.543855', '0.572282', '0.581208', '0.578312', '0.562066', '0.568651']
         : correct/total = [(8083, 14232), (8366, 14235), (8311, 14266), (8355, 14217), (8406, 14238), (7991, 14373), (7729, 14346), (8425, 14334), (7937, 14294), (8146, 14373), (8117, 14344), (8053, 14302), (8083, 14354), (8280, 14362), (7788, 14320), (8238, 14395), (8363, 14389), (8245, 14257), (8010, 14251), (8188, 14399)]
         : compromised: 0.5668, honest: 0.5767
         : sketchguard stats = ['Node 0: acc_rate=0.312', 'Node 1: acc_rate=0.364', 'Node 2: acc_rate=0.333']...

=== FINAL RESULTS ===
Dataset: sent140, Nodes: 20, Graph: erdos, Aggregation: sketchguard
Attack: gaussian, 70.0% compromised
Final accuracy - Compromised: 0.5668, Honest: 0.5767
Overall test accuracy: mean=0.5698 ± 0.0142

=== Sketchguard SUMMARY ===
Node 0: acceptance=0.312
Node 1: acceptance=0.364
Node 2: acceptance=0.333
Node 3: acceptance=0.375
Node 4: acceptance=0.364
Node 5: acceptance=0.267
Node 6: acceptance=0.286
Node 7: acceptance=0.286
Node 8: acceptance=0.200
Node 9: acceptance=0.308
Node 10: acceptance=0.222
Node 11: acceptance=0.357
Node 12: acceptance=0.333
Node 13: acceptance=0.231
Node 14: acceptance=0.267
Node 15: acceptance=0.273
Node 16: acceptance=0.231
Node 17: acceptance=0.444
Node 18: acceptance=0.312
Node 19: acceptance=0.312

=== PARALLEL EXECUTION TIME (realistic for distributed system) ===
  COMMUNICATION (max across nodes):
    - Sketch transfer: 0.000s (0.0%)
    - Model fetch (accepted): 0.000s (0.0%)
  COMPUTATION (max across nodes):
    - Sketching: 0.292s (95.2%)
    - Filtering: 0.001s (0.3%)
    - Aggregation: 0.014s (4.4%)
  TOTALS:
    - Total computation: 0.307s (100.0%)
    - Total communication: 0.000s (0.0%)
    - Total parallel time: 0.307s

=== PER-NODE AVERAGE TIME ===
  - Sketching: 0.243s
  - Filtering: 0.001s
  - Aggregation: 0.010s
  - Sketch transfer: 0.000s
  - Model fetch: 0.000s
  - Total per node: 0.254s

=== TOTAL COMPUTATIONAL WORK (sum across all nodes) ===
  - Total sketching: 4.859s
  - Total filtering: 0.012s
  - Total aggregation: 0.200s
  - Total sketch transfer: 0.000s
  - Total model fetch: 0.000s
  - Grand total: 5.072s
  - Mean acceptance rate: 0.304

Sketchguard Algorithm Properties:
  - Original dimension: 1,174,986
  - Sketch size: 180
  - Compression ratio: 19.9x
  - Single repetition: No repetitions needed
  - Theoretical complexity: O(d + N×k)
  - Approach: Sketch filtering + state aggregation
