Device: cuda
Seed: 987654321
Loading 1 LEAF Sent140 train files...
LEAF Sent140 train: 254555 users, 908652 samples
Building vocabulary (max_size=10000)...
Vocabulary size: 10000
Loading 1 LEAF Sent140 test files...
LEAF Sent140 test: 254555 users, 286281 samples
Found 254555 train users, 254555 test users, 254555 common users
User sample counts range: 494 (max) to 1 (min)
Distributed ALL 254555 users across 20 clients
Users per client: 12727 (with 15 clients getting +1 user)
Train partition sizes: [44353, 44290, 44657, 44907, 44696, 45843, 45801, 45619, 45069, 45639, 45821, 45311, 45779, 46056, 45625, 45984, 46428, 44737, 45540, 46497]
Test partition sizes: [14232, 14235, 14266, 14217, 14238, 14373, 14346, 14334, 14294, 14373, 14344, 14302, 14354, 14362, 14320, 14395, 14389, 14257, 14251, 14399]
  Client 0: 44353 train samples, 2 unique classes
  Client 1: 44290 train samples, 2 unique classes
  Client 2: 44657 train samples, 2 unique classes
  Client 3: 44907 train samples, 2 unique classes
  Client 4: 44696 train samples, 2 unique classes
  Client 5: 45843 train samples, 2 unique classes
  Client 6: 45801 train samples, 2 unique classes
  Client 7: 45619 train samples, 2 unique classes
  Client 8: 45069 train samples, 2 unique classes
  Client 9: 45639 train samples, 2 unique classes
  Client 10: 45821 train samples, 2 unique classes
  Client 11: 45311 train samples, 2 unique classes
  Client 12: 45779 train samples, 2 unique classes
  Client 13: 46056 train samples, 2 unique classes
  Client 14: 45625 train samples, 2 unique classes
  Client 15: 45984 train samples, 2 unique classes
  Client 16: 46428 train samples, 2 unique classes
  Client 17: 44737 train samples, 2 unique classes
  Client 18: 45540 train samples, 2 unique classes
  Client 19: 46497 train samples, 2 unique classes
Will sample 4500 samples per client per epoch
Graph: erdos, nodes: 20, edges: 126
Degree statistics: avg=12.60, min=8, max=16
Attack: Compromised 2/20 nodes: [5, 13]
Attack type: krum, lambda: 1.0
Model variant: baseline
Model parameters: 1,174,986
Initial test acc across nodes: mean=0.4953 ± 0.0174
Round 001: test acc mean=0.5032 ± 0.0105 | min=0.4820 max=0.5291
         : test loss mean=0.7404 ± 0.0649
         : individual accs = ['0.518479', '0.516965', '0.498177', '0.529085', '0.495716', '0.500800', '0.507459', '0.501605', '0.508185', '0.504557', '0.501394', '0.509509', '0.497771', '0.490113', '0.481983', '0.499340', '0.492529', '0.513642', '0.495404', '0.501493']
         : correct/total = [(7379, 14232), (7359, 14235), (7107, 14266), (7522, 14217), (7058, 14238), (7198, 14373), (7280, 14346), (7190, 14334), (7264, 14294), (7252, 14373), (7192, 14344), (7287, 14302), (7145, 14354), (7039, 14362), (6902, 14320), (7188, 14395), (7087, 14389), (7323, 14257), (7060, 14251), (7221, 14399)]
         : compromised: 0.4955, honest: 0.5041
Round 002: test acc mean=0.5053 ± 0.0065 | min=0.4927 max=0.5152
         : test loss mean=0.7158 ± 0.0291
         : individual accs = ['0.508642', '0.515209', '0.504837', '0.494900', '0.504425', '0.507966', '0.509968', '0.507046', '0.513572', '0.503931', '0.497072', '0.492658', '0.497144', '0.496588', '0.513897', '0.503717', '0.507471', '0.512520', '0.504386', '0.509827']
         : correct/total = [(7239, 14232), (7334, 14235), (7202, 14266), (7036, 14217), (7182, 14238), (7301, 14373), (7316, 14346), (7268, 14334), (7341, 14294), (7243, 14373), (7130, 14344), (7046, 14302), (7136, 14354), (7132, 14362), (7359, 14320), (7251, 14395), (7302, 14389), (7307, 14257), (7188, 14251), (7341, 14399)]
         : compromised: 0.5023, honest: 0.5056
Round 003: test acc mean=0.5012 ± 0.0095 | min=0.4795 max=0.5215
         : test loss mean=0.6945 ± 0.0047
         : individual accs = ['0.492622', '0.521531', '0.479532', '0.508335', '0.505478', '0.495930', '0.499791', '0.507255', '0.497551', '0.519794', '0.495608', '0.493847', '0.506131', '0.506824', '0.492598', '0.505453', '0.507471', '0.495336', '0.495614', '0.498090']
         : correct/total = [(7011, 14232), (7424, 14235), (6841, 14266), (7227, 14217), (7197, 14238), (7128, 14373), (7170, 14346), (7271, 14334), (7112, 14294), (7471, 14373), (7109, 14344), (7063, 14302), (7265, 14354), (7279, 14362), (7054, 14320), (7276, 14395), (7302, 14389), (7062, 14257), (7063, 14251), (7172, 14399)]
         : compromised: 0.5014, honest: 0.5012
Round 004: test acc mean=0.5857 ± 0.0116 | min=0.5629 max=0.5991
         : test loss mean=0.6778 ± 0.0192
         : individual accs = ['0.598651', '0.593678', '0.579490', '0.580221', '0.585054', '0.597648', '0.584483', '0.580717', '0.566112', '0.562930', '0.596347', '0.599077', '0.564999', '0.580769', '0.598115', '0.580896', '0.577247', '0.598022', '0.592029', '0.596916']
         : correct/total = [(8520, 14232), (8451, 14235), (8267, 14266), (8249, 14217), (8330, 14238), (8590, 14373), (8385, 14346), (8324, 14334), (8092, 14294), (8091, 14373), (8554, 14344), (8568, 14302), (8110, 14354), (8341, 14362), (8565, 14320), (8362, 14395), (8306, 14389), (8526, 14257), (8437, 14251), (8595, 14399)]
         : compromised: 0.5892, honest: 0.5853
Round 005: test acc mean=0.5616 ± 0.0527 | min=0.4870 max=0.6301
         : test loss mean=0.6908 ± 0.0062
         : individual accs = ['0.590992', '0.591570', '0.487032', '0.607653', '0.571499', '0.506644', '0.499791', '0.628506', '0.498181', '0.598344', '0.623745', '0.493847', '0.630068', '0.506824', '0.493925', '0.616672', '0.628397', '0.533562', '0.551330', '0.573998']
         : correct/total = [(8411, 14232), (8421, 14235), (6948, 14266), (8639, 14217), (8137, 14238), (7282, 14373), (7170, 14346), (9009, 14334), (7121, 14294), (8600, 14373), (8947, 14344), (7063, 14302), (9044, 14354), (7279, 14362), (7073, 14320), (8877, 14395), (9042, 14389), (7607, 14257), (7857, 14251), (8265, 14399)]
         : compromised: 0.5067, honest: 0.5677
Round 006: test acc mean=0.6233 ± 0.0049 | min=0.6139 max=0.6338
         : test loss mean=0.6752 ± 0.0312
         : individual accs = ['0.625211', '0.633790', '0.613907', '0.627629', '0.625860', '0.626870', '0.616966', '0.623483', '0.614663', '0.622695', '0.618307', '0.621801', '0.623589', '0.619969', '0.628282', '0.624800', '0.630551', '0.622852', '0.620588', '0.624418']
         : correct/total = [(8898, 14232), (9022, 14235), (8758, 14266), (8923, 14217), (8911, 14238), (9010, 14373), (8851, 14346), (8937, 14334), (8786, 14294), (8950, 14373), (8869, 14344), (8893, 14302), (8951, 14354), (8904, 14362), (8997, 14320), (8994, 14395), (9073, 14389), (8880, 14257), (8844, 14251), (8991, 14399)]
         : compromised: 0.6234, honest: 0.6233
Round 007: test acc mean=0.6128 ± 0.0408 | min=0.5085 max=0.6512
         : test loss mean=0.6764 ± 0.0136
         : individual accs = ['0.622260', '0.640393', '0.518646', '0.630724', '0.632041', '0.631670', '0.551931', '0.651179', '0.508535', '0.637932', '0.628346', '0.569081', '0.640100', '0.594625', '0.633101', '0.632928', '0.645146', '0.626780', '0.629149', '0.631502']
         : correct/total = [(8856, 14232), (9116, 14235), (7399, 14266), (8967, 14217), (8999, 14238), (9079, 14373), (7918, 14346), (9334, 14334), (7269, 14294), (9169, 14373), (9013, 14344), (8139, 14302), (9188, 14354), (8540, 14362), (9066, 14320), (9111, 14395), (9283, 14389), (8936, 14257), (8966, 14251), (9093, 14399)]
         : compromised: 0.6131, honest: 0.6128
Round 008: test acc mean=0.6433 ± 0.0063 | min=0.6287 max=0.6518
         : test loss mean=0.6472 ± 0.0259
         : individual accs = ['0.641793', '0.647629', '0.628698', '0.651755', '0.650091', '0.645446', '0.635508', '0.648598', '0.630474', '0.643985', '0.641871', '0.640400', '0.647694', '0.637655', '0.647975', '0.646822', '0.651470', '0.642000', '0.639324', '0.646850']
         : correct/total = [(9134, 14232), (9219, 14235), (8969, 14266), (9266, 14217), (9256, 14238), (9277, 14373), (9117, 14346), (9297, 14334), (9012, 14294), (9256, 14373), (9207, 14344), (9159, 14302), (9297, 14354), (9158, 14362), (9279, 14320), (9311, 14395), (9374, 14389), (9153, 14257), (9111, 14251), (9314, 14399)]
         : compromised: 0.6416, honest: 0.6435
Round 009: test acc mean=0.6358 ± 0.0356 | min=0.5301 max=0.6630
         : test loss mean=0.6567 ± 0.0206
         : individual accs = ['0.645728', '0.656059', '0.544161', '0.653584', '0.653463', '0.647812', '0.605256', '0.662969', '0.530083', '0.649273', '0.652468', '0.615858', '0.657308', '0.635914', '0.646089', '0.651615', '0.658698', '0.648103', '0.645499', '0.655393']
         : correct/total = [(9190, 14232), (9339, 14235), (7763, 14266), (9292, 14217), (9304, 14238), (9311, 14373), (8683, 14346), (9503, 14334), (7577, 14294), (9332, 14373), (9359, 14344), (8808, 14302), (9435, 14354), (9133, 14362), (9252, 14320), (9380, 14395), (9478, 14389), (9240, 14257), (9199, 14251), (9437, 14399)]
         : compromised: 0.6419, honest: 0.6351
Round 010: test acc mean=0.6572 ± 0.0066 | min=0.6429 max=0.6686
         : test loss mean=0.6246 ± 0.0168
         : individual accs = ['0.655987', '0.660555', '0.643208', '0.661813', '0.663436', '0.657204', '0.650565', '0.664783', '0.642857', '0.658805', '0.657836', '0.654034', '0.660095', '0.651302', '0.661243', '0.661688', '0.668636', '0.656169', '0.650551', '0.663310']
         : correct/total = [(9336, 14232), (9403, 14235), (9176, 14266), (9409, 14217), (9446, 14238), (9446, 14373), (9333, 14346), (9529, 14334), (9189, 14294), (9469, 14373), (9436, 14344), (9354, 14302), (9475, 14354), (9354, 14362), (9469, 14320), (9525, 14395), (9621, 14389), (9355, 14257), (9271, 14251), (9551, 14399)]
         : compromised: 0.6543, honest: 0.6575

=== FINAL RESULTS ===
Dataset: sent140, Nodes: 20, Graph: erdos, Aggregation: d-fedavg
Attack: krum, 10.0% compromised
Final accuracy - Compromised: 0.6543, Honest: 0.6575
Overall test accuracy: mean=0.6572 ± 0.0066
