Device: cuda
Seed: 987654321
Loading 1 LEAF Sent140 train files...
LEAF Sent140 train: 254555 users, 908652 samples
Building vocabulary (max_size=10000)...
Vocabulary size: 10000
Loading 1 LEAF Sent140 test files...
LEAF Sent140 test: 254555 users, 286281 samples
Found 254555 train users, 254555 test users, 254555 common users
User sample counts range: 494 (max) to 1 (min)
Distributed ALL 254555 users across 20 clients
Users per client: 12727 (with 15 clients getting +1 user)
Train partition sizes: [44353, 44290, 44657, 44907, 44696, 45843, 45801, 45619, 45069, 45639, 45821, 45311, 45779, 46056, 45625, 45984, 46428, 44737, 45540, 46497]
Test partition sizes: [14232, 14235, 14266, 14217, 14238, 14373, 14346, 14334, 14294, 14373, 14344, 14302, 14354, 14362, 14320, 14395, 14389, 14257, 14251, 14399]
  Client 0: 44353 train samples, 2 unique classes
  Client 1: 44290 train samples, 2 unique classes
  Client 2: 44657 train samples, 2 unique classes
  Client 3: 44907 train samples, 2 unique classes
  Client 4: 44696 train samples, 2 unique classes
  Client 5: 45843 train samples, 2 unique classes
  Client 6: 45801 train samples, 2 unique classes
  Client 7: 45619 train samples, 2 unique classes
  Client 8: 45069 train samples, 2 unique classes
  Client 9: 45639 train samples, 2 unique classes
  Client 10: 45821 train samples, 2 unique classes
  Client 11: 45311 train samples, 2 unique classes
  Client 12: 45779 train samples, 2 unique classes
  Client 13: 46056 train samples, 2 unique classes
  Client 14: 45625 train samples, 2 unique classes
  Client 15: 45984 train samples, 2 unique classes
  Client 16: 46428 train samples, 2 unique classes
  Client 17: 44737 train samples, 2 unique classes
  Client 18: 45540 train samples, 2 unique classes
  Client 19: 46497 train samples, 2 unique classes
Will sample 4500 samples per client per epoch
Graph: erdos, nodes: 20, edges: 99
Degree statistics: avg=9.90, min=7, max=14
Attack: Compromised 4/20 nodes: [5, 12, 13, 17]
Attack type: krum, lambda: 1.0
Model variant: baseline
Model parameters: 1,174,986
Sketchguard Node 0:
  Model dim: 1,174,986 → Sketch size: 180
  Compression ratio: 6527.7x
  Using model parameters for aggregation, sketches for filtering
Sketchguard Node 1:
  Model dim: 1,174,986 → Sketch size: 180
  Compression ratio: 6527.7x
  Using model parameters for aggregation, sketches for filtering
Sketchguard Node 2:
  Model dim: 1,174,986 → Sketch size: 180
  Compression ratio: 6527.7x
  Using model parameters for aggregation, sketches for filtering
Sketchguard Node 3:
  Model dim: 1,174,986 → Sketch size: 180
  Compression ratio: 6527.7x
  Using model parameters for aggregation, sketches for filtering
Sketchguard Node 4:
  Model dim: 1,174,986 → Sketch size: 180
  Compression ratio: 6527.7x
  Using model parameters for aggregation, sketches for filtering
Sketchguard Node 5:
  Model dim: 1,174,986 → Sketch size: 180
  Compression ratio: 6527.7x
  Using model parameters for aggregation, sketches for filtering
Sketchguard Node 6:
  Model dim: 1,174,986 → Sketch size: 180
  Compression ratio: 6527.7x
  Using model parameters for aggregation, sketches for filtering
Sketchguard Node 7:
  Model dim: 1,174,986 → Sketch size: 180
  Compression ratio: 6527.7x
  Using model parameters for aggregation, sketches for filtering
Sketchguard Node 8:
  Model dim: 1,174,986 → Sketch size: 180
  Compression ratio: 6527.7x
  Using model parameters for aggregation, sketches for filtering
Sketchguard Node 9:
  Model dim: 1,174,986 → Sketch size: 180
  Compression ratio: 6527.7x
  Using model parameters for aggregation, sketches for filtering
Sketchguard Node 10:
  Model dim: 1,174,986 → Sketch size: 180
  Compression ratio: 6527.7x
  Using model parameters for aggregation, sketches for filtering
Sketchguard Node 11:
  Model dim: 1,174,986 → Sketch size: 180
  Compression ratio: 6527.7x
  Using model parameters for aggregation, sketches for filtering
Sketchguard Node 12:
  Model dim: 1,174,986 → Sketch size: 180
  Compression ratio: 6527.7x
  Using model parameters for aggregation, sketches for filtering
Sketchguard Node 13:
  Model dim: 1,174,986 → Sketch size: 180
  Compression ratio: 6527.7x
  Using model parameters for aggregation, sketches for filtering
Sketchguard Node 14:
  Model dim: 1,174,986 → Sketch size: 180
  Compression ratio: 6527.7x
  Using model parameters for aggregation, sketches for filtering
Sketchguard Node 15:
  Model dim: 1,174,986 → Sketch size: 180
  Compression ratio: 6527.7x
  Using model parameters for aggregation, sketches for filtering
Sketchguard Node 16:
  Model dim: 1,174,986 → Sketch size: 180
  Compression ratio: 6527.7x
  Using model parameters for aggregation, sketches for filtering
Sketchguard Node 17:
  Model dim: 1,174,986 → Sketch size: 180
  Compression ratio: 6527.7x
  Using model parameters for aggregation, sketches for filtering
Sketchguard Node 18:
  Model dim: 1,174,986 → Sketch size: 180
  Compression ratio: 6527.7x
  Using model parameters for aggregation, sketches for filtering
Sketchguard Node 19:
  Model dim: 1,174,986 → Sketch size: 180
  Compression ratio: 6527.7x
  Using model parameters for aggregation, sketches for filtering
Sketchguard ALGORITHM (Sketch-based Filtering + State Aggregation)
  - Model dimension: 1,174,986 parameters
  - Config: SketchguardConfig(gamma=2, kappa=1, alpha=0.5, min_neighbors=1, sketch_size=180, network_seed=987654321, attack_detection_window=5)
  - Sketch size: 180
  - Compression ratio: 6527.7x
  - Complexity: O(d + N×k) = O(1,174,986 + 20×180)
  - Theoretical speedup vs BALANCE: 19.9x
Initial test acc across nodes: mean=0.4953 ± 0.0174
Round 001: test acc mean=0.5153 ± 0.0219 | min=0.4791 max=0.5660
         : test loss mean=0.7077 ± 0.0207
         : individual accs = ['0.479132', '0.514436', '0.517314', '0.515791', '0.503512', '0.494678', '0.515893', '0.532371', '0.498251', '0.554373', '0.525586', '0.494336', '0.565975', '0.554519', '0.506634', '0.507537', '0.523247', '0.496528', '0.510982', '0.495034']
         : correct/total = [(6819, 14232), (7323, 14235), (7380, 14266), (7333, 14217), (7169, 14238), (7110, 14373), (7401, 14346), (7631, 14334), (7122, 14294), (7968, 14373), (7539, 14344), (7070, 14302), (8124, 14354), (7964, 14362), (7255, 14320), (7306, 14395), (7529, 14389), (7079, 14257), (7282, 14251), (7128, 14399)]
         : compromised: 0.5279, honest: 0.5122
         : sketchguard stats = ['Node 0: acc_rate=1.000', 'Node 1: acc_rate=1.000', 'Node 2: acc_rate=1.000']...
Round 002: test acc mean=0.5607 ± 0.0376 | min=0.4857 max=0.6187
         : test loss mean=0.6856 ± 0.0050
         : individual accs = ['0.549888', '0.485704', '0.587551', '0.576845', '0.564756', '0.567383', '0.605047', '0.546533', '0.572128', '0.499756', '0.578430', '0.598308', '0.504668', '0.496240', '0.562291', '0.586732', '0.600806', '0.575226', '0.537436', '0.618654']
         : correct/total = [(7826, 14232), (6914, 14235), (8382, 14266), (8201, 14217), (8041, 14238), (8155, 14373), (8680, 14346), (7834, 14334), (8178, 14294), (7183, 14373), (8297, 14344), (8557, 14302), (7244, 14354), (7127, 14362), (8052, 14320), (8446, 14395), (8645, 14389), (8201, 14257), (7659, 14251), (8908, 14399)]
         : compromised: 0.5359, honest: 0.5669
         : sketchguard stats = ['Node 0: acc_rate=0.917', 'Node 1: acc_rate=0.900', 'Node 2: acc_rate=1.000']...
Round 003: test acc mean=0.5960 ± 0.0192 | min=0.5551 max=0.6264
         : test loss mean=0.6785 ± 0.0049
         : individual accs = ['0.626405', '0.587425', '0.602061', '0.616023', '0.586529', '0.606415', '0.555068', '0.583926', '0.622499', '0.598692', '0.607920', '0.615788', '0.557893', '0.614260', '0.581844', '0.582008', '0.607269', '0.601739', '0.586906', '0.579346']
         : correct/total = [(8915, 14232), (8362, 14235), (8589, 14266), (8758, 14217), (8351, 14238), (8716, 14373), (7963, 14346), (8370, 14334), (8898, 14294), (8605, 14373), (8720, 14344), (8807, 14302), (8008, 14354), (8822, 14362), (8332, 14320), (8378, 14395), (8738, 14389), (8579, 14257), (8364, 14251), (8342, 14399)]
         : compromised: 0.5951, honest: 0.5962
         : sketchguard stats = ['Node 0: acc_rate=0.889', 'Node 1: acc_rate=0.867', 'Node 2: acc_rate=1.000']...
Round 004: test acc mean=0.6211 ± 0.0174 | min=0.5665 max=0.6405
         : test loss mean=0.6646 ± 0.0053
         : individual accs = ['0.626124', '0.634492', '0.621828', '0.627488', '0.610339', '0.631253', '0.630698', '0.639040', '0.626557', '0.589786', '0.632529', '0.614110', '0.566532', '0.620666', '0.619553', '0.627371', '0.637292', '0.603212', '0.622623', '0.640531']
         : correct/total = [(8911, 14232), (9032, 14235), (8871, 14266), (8921, 14217), (8690, 14238), (9073, 14373), (9048, 14346), (9160, 14334), (8956, 14294), (8477, 14373), (9073, 14344), (8783, 14302), (8132, 14354), (8914, 14362), (8872, 14320), (9031, 14395), (9170, 14389), (8600, 14257), (8873, 14251), (9223, 14399)]
         : compromised: 0.6054, honest: 0.6250
         : sketchguard stats = ['Node 0: acc_rate=0.875', 'Node 1: acc_rate=0.850', 'Node 2: acc_rate=1.000']...
Round 005: test acc mean=0.6327 ± 0.0091 | min=0.6106 max=0.6487
         : test loss mean=0.6492 ± 0.0044
         : individual accs = ['0.631043', '0.636670', '0.630240', '0.623268', '0.637028', '0.632784', '0.634811', '0.633668', '0.648664', '0.610589', '0.629532', '0.623549', '0.634875', '0.632711', '0.641131', '0.636818', '0.646119', '0.633443', '0.615115', '0.642128']
         : correct/total = [(8981, 14232), (9063, 14235), (8991, 14266), (8861, 14217), (9070, 14238), (9095, 14373), (9107, 14346), (9083, 14334), (9272, 14294), (8776, 14373), (9030, 14344), (8918, 14302), (9113, 14354), (9087, 14362), (9181, 14320), (9167, 14395), (9297, 14389), (9031, 14257), (8766, 14251), (9246, 14399)]
         : compromised: 0.6335, honest: 0.6325
         : sketchguard stats = ['Node 0: acc_rate=0.867', 'Node 1: acc_rate=0.840', 'Node 2: acc_rate=1.000']...
Round 006: test acc mean=0.6433 ± 0.0051 | min=0.6347 max=0.6541
         : test loss mean=0.6344 ± 0.0032
         : individual accs = ['0.641301', '0.643484', '0.637179', '0.643807', '0.644402', '0.648508', '0.638575', '0.648249', '0.654121', '0.641411', '0.641313', '0.634666', '0.642678', '0.642041', '0.650070', '0.641473', '0.650497', '0.638353', '0.635885', '0.648448']
         : correct/total = [(9127, 14232), (9160, 14235), (9090, 14266), (9153, 14217), (9175, 14238), (9321, 14373), (9161, 14346), (9292, 14334), (9350, 14294), (9219, 14373), (9199, 14344), (9077, 14302), (9225, 14354), (9221, 14362), (9309, 14320), (9234, 14395), (9360, 14389), (9101, 14257), (9062, 14251), (9337, 14399)]
         : compromised: 0.6429, honest: 0.6434
         : sketchguard stats = ['Node 0: acc_rate=0.861', 'Node 1: acc_rate=0.833', 'Node 2: acc_rate=1.000']...
Round 007: test acc mean=0.6469 ± 0.0097 | min=0.6206 max=0.6629
         : test loss mean=0.6274 ± 0.0061
         : individual accs = ['0.647695', '0.651844', '0.649026', '0.644791', '0.652409', '0.654143', '0.635438', '0.629831', '0.662866', '0.647534', '0.641383', '0.654034', '0.653058', '0.637237', '0.658031', '0.620632', '0.651400', '0.650067', '0.645639', '0.651920']
         : correct/total = [(9218, 14232), (9279, 14235), (9259, 14266), (9167, 14217), (9289, 14238), (9402, 14373), (9116, 14346), (9028, 14334), (9475, 14294), (9307, 14373), (9200, 14344), (9354, 14302), (9374, 14354), (9152, 14362), (9423, 14320), (8934, 14395), (9373, 14389), (9268, 14257), (9201, 14251), (9387, 14399)]
         : compromised: 0.6486, honest: 0.6465
         : sketchguard stats = ['Node 0: acc_rate=0.857', 'Node 1: acc_rate=0.829', 'Node 2: acc_rate=1.000']...
Round 008: test acc mean=0.6543 ± 0.0087 | min=0.6293 max=0.6710
         : test loss mean=0.6198 ± 0.0054
         : individual accs = ['0.654511', '0.644960', '0.629328', '0.657312', '0.646580', '0.665136', '0.659835', '0.658086', '0.670981', '0.655256', '0.656860', '0.654384', '0.644211', '0.654923', '0.659358', '0.652657', '0.660018', '0.650698', '0.648586', '0.662268']
         : correct/total = [(9315, 14232), (9181, 14235), (8978, 14266), (9345, 14217), (9206, 14238), (9560, 14373), (9466, 14346), (9433, 14334), (9591, 14294), (9418, 14373), (9422, 14344), (9359, 14302), (9247, 14354), (9406, 14362), (9442, 14320), (9395, 14395), (9497, 14389), (9277, 14257), (9243, 14251), (9536, 14399)]
         : compromised: 0.6537, honest: 0.6544
         : sketchguard stats = ['Node 0: acc_rate=0.854', 'Node 1: acc_rate=0.825', 'Node 2: acc_rate=1.000']...
Round 009: test acc mean=0.6600 ± 0.0080 | min=0.6405 max=0.6699
         : test loss mean=0.6142 ± 0.0052
         : individual accs = ['0.640528', '0.667510', '0.660522', '0.660618', '0.661610', '0.669937', '0.649171', '0.666806', '0.668602', '0.657344', '0.641104', '0.659908', '0.661906', '0.659727', '0.665852', '0.654672', '0.667037', '0.659255', '0.662831', '0.664421']
         : correct/total = [(9116, 14232), (9502, 14235), (9423, 14266), (9392, 14217), (9420, 14238), (9629, 14373), (9313, 14346), (9558, 14334), (9557, 14294), (9448, 14373), (9196, 14344), (9438, 14302), (9501, 14354), (9475, 14362), (9535, 14320), (9424, 14395), (9598, 14389), (9399, 14257), (9446, 14251), (9567, 14399)]
         : compromised: 0.6627, honest: 0.6593
         : sketchguard stats = ['Node 0: acc_rate=0.852', 'Node 1: acc_rate=0.822', 'Node 2: acc_rate=1.000']...
Round 010: test acc mean=0.6676 ± 0.0072 | min=0.6433 max=0.6754
         : test loss mean=0.6058 ± 0.0052
         : individual accs = ['0.666807', '0.670811', '0.643278', '0.667300', '0.675446', '0.674181', '0.671755', '0.675108', '0.664055', '0.663745', '0.669060', '0.675290', '0.673958', '0.667804', '0.669134', '0.661827', '0.670443', '0.666409', '0.658059', '0.668310']
         : correct/total = [(9490, 14232), (9549, 14235), (9177, 14266), (9487, 14217), (9617, 14238), (9690, 14373), (9637, 14346), (9677, 14334), (9492, 14294), (9540, 14373), (9597, 14344), (9658, 14302), (9674, 14354), (9591, 14362), (9582, 14320), (9527, 14395), (9647, 14389), (9501, 14257), (9378, 14251), (9623, 14399)]
         : compromised: 0.6706, honest: 0.6669
         : sketchguard stats = ['Node 0: acc_rate=0.850', 'Node 1: acc_rate=0.820', 'Node 2: acc_rate=1.000']...

=== FINAL RESULTS ===
Dataset: sent140, Nodes: 20, Graph: erdos, Aggregation: sketchguard
Attack: krum, 20.0% compromised
Final accuracy - Compromised: 0.6706, Honest: 0.6669
Overall test accuracy: mean=0.6676 ± 0.0072

=== Sketchguard SUMMARY ===
Node 0: acceptance=0.850
Node 1: acceptance=0.820
Node 2: acceptance=1.000
Node 3: acceptance=0.871
Node 4: acceptance=0.800
Node 5: acceptance=0.820
Node 6: acceptance=0.775
Node 7: acceptance=0.755
Node 8: acceptance=0.614
Node 9: acceptance=1.000
Node 10: acceptance=0.775
Node 11: acceptance=0.775
Node 12: acceptance=0.933
Node 13: acceptance=1.000
Node 14: acceptance=0.743
Node 15: acceptance=0.800
Node 16: acceptance=0.743
Node 17: acceptance=0.887
Node 18: acceptance=0.850
Node 19: acceptance=0.640

=== PARALLEL EXECUTION TIME (realistic for distributed system) ===
  COMMUNICATION (max across nodes):
    - Sketch transfer: 0.000s (0.0%)
    - Model fetch (accepted): 0.000s (0.0%)
  COMPUTATION (max across nodes):
    - Sketching: 0.462s (95.5%)
    - Filtering: 0.001s (0.2%)
    - Aggregation: 0.021s (4.2%)
  TOTALS:
    - Total computation: 0.484s (100.0%)
    - Total communication: 0.000s (0.0%)
    - Total parallel time: 0.484s

=== PER-NODE AVERAGE TIME ===
  - Sketching: 0.343s
  - Filtering: 0.001s
  - Aggregation: 0.015s
  - Sketch transfer: 0.000s
  - Model fetch: 0.000s
  - Total per node: 0.359s

=== TOTAL COMPUTATIONAL WORK (sum across all nodes) ===
  - Total sketching: 6.868s
  - Total filtering: 0.011s
  - Total aggregation: 0.306s
  - Total sketch transfer: 0.000s
  - Total model fetch: 0.000s
  - Grand total: 7.185s
  - Mean acceptance rate: 0.823

Sketchguard Algorithm Properties:
  - Original dimension: 1,174,986
  - Sketch size: 180
  - Compression ratio: 19.9x
  - Single repetition: No repetitions needed
  - Theoretical complexity: O(d + N×k)
  - Approach: Sketch filtering + state aggregation
