Device: cuda
Seed: 987654321
Loading 1 LEAF Sent140 train files...
LEAF Sent140 train: 254555 users, 908652 samples
Building vocabulary (max_size=10000)...
Vocabulary size: 10000
Loading 1 LEAF Sent140 test files...
LEAF Sent140 test: 254555 users, 286281 samples
Found 254555 train users, 254555 test users, 254555 common users
User sample counts range: 494 (max) to 1 (min)
Distributed ALL 254555 users across 20 clients
Users per client: 12727 (with 15 clients getting +1 user)
Train partition sizes: [44353, 44290, 44657, 44907, 44696, 45843, 45801, 45619, 45069, 45639, 45821, 45311, 45779, 46056, 45625, 45984, 46428, 44737, 45540, 46497]
Test partition sizes: [14232, 14235, 14266, 14217, 14238, 14373, 14346, 14334, 14294, 14373, 14344, 14302, 14354, 14362, 14320, 14395, 14389, 14257, 14251, 14399]
  Client 0: 44353 train samples, 2 unique classes
  Client 1: 44290 train samples, 2 unique classes
  Client 2: 44657 train samples, 2 unique classes
  Client 3: 44907 train samples, 2 unique classes
  Client 4: 44696 train samples, 2 unique classes
  Client 5: 45843 train samples, 2 unique classes
  Client 6: 45801 train samples, 2 unique classes
  Client 7: 45619 train samples, 2 unique classes
  Client 8: 45069 train samples, 2 unique classes
  Client 9: 45639 train samples, 2 unique classes
  Client 10: 45821 train samples, 2 unique classes
  Client 11: 45311 train samples, 2 unique classes
  Client 12: 45779 train samples, 2 unique classes
  Client 13: 46056 train samples, 2 unique classes
  Client 14: 45625 train samples, 2 unique classes
  Client 15: 45984 train samples, 2 unique classes
  Client 16: 46428 train samples, 2 unique classes
  Client 17: 44737 train samples, 2 unique classes
  Client 18: 45540 train samples, 2 unique classes
  Client 19: 46497 train samples, 2 unique classes
Will sample 4500 samples per client per epoch
Graph: fully, nodes: 20, edges: 190
Degree statistics: avg=19.00, min=19, max=19
Attack: Compromised 16/20 nodes: [1, 2, 3, 5, 6, 8, 9, 10, 11, 12, 13, 14, 15, 17, 18, 19]
Attack type: backdoor, lambda: 1.0
Backdoor target label: 1, trigger size: 3
Model variant: baseline
Model parameters: 1,174,986
Sketchguard Node 0:
  Model dim: 1,174,986 → Sketch size: 180
  Compression ratio: 6527.7x
  Using model parameters for aggregation, sketches for filtering
Sketchguard Node 1:
  Model dim: 1,174,986 → Sketch size: 180
  Compression ratio: 6527.7x
  Using model parameters for aggregation, sketches for filtering
Sketchguard Node 2:
  Model dim: 1,174,986 → Sketch size: 180
  Compression ratio: 6527.7x
  Using model parameters for aggregation, sketches for filtering
Sketchguard Node 3:
  Model dim: 1,174,986 → Sketch size: 180
  Compression ratio: 6527.7x
  Using model parameters for aggregation, sketches for filtering
Sketchguard Node 4:
  Model dim: 1,174,986 → Sketch size: 180
  Compression ratio: 6527.7x
  Using model parameters for aggregation, sketches for filtering
Sketchguard Node 5:
  Model dim: 1,174,986 → Sketch size: 180
  Compression ratio: 6527.7x
  Using model parameters for aggregation, sketches for filtering
Sketchguard Node 6:
  Model dim: 1,174,986 → Sketch size: 180
  Compression ratio: 6527.7x
  Using model parameters for aggregation, sketches for filtering
Sketchguard Node 7:
  Model dim: 1,174,986 → Sketch size: 180
  Compression ratio: 6527.7x
  Using model parameters for aggregation, sketches for filtering
Sketchguard Node 8:
  Model dim: 1,174,986 → Sketch size: 180
  Compression ratio: 6527.7x
  Using model parameters for aggregation, sketches for filtering
Sketchguard Node 9:
  Model dim: 1,174,986 → Sketch size: 180
  Compression ratio: 6527.7x
  Using model parameters for aggregation, sketches for filtering
Sketchguard Node 10:
  Model dim: 1,174,986 → Sketch size: 180
  Compression ratio: 6527.7x
  Using model parameters for aggregation, sketches for filtering
Sketchguard Node 11:
  Model dim: 1,174,986 → Sketch size: 180
  Compression ratio: 6527.7x
  Using model parameters for aggregation, sketches for filtering
Sketchguard Node 12:
  Model dim: 1,174,986 → Sketch size: 180
  Compression ratio: 6527.7x
  Using model parameters for aggregation, sketches for filtering
Sketchguard Node 13:
  Model dim: 1,174,986 → Sketch size: 180
  Compression ratio: 6527.7x
  Using model parameters for aggregation, sketches for filtering
Sketchguard Node 14:
  Model dim: 1,174,986 → Sketch size: 180
  Compression ratio: 6527.7x
  Using model parameters for aggregation, sketches for filtering
Sketchguard Node 15:
  Model dim: 1,174,986 → Sketch size: 180
  Compression ratio: 6527.7x
  Using model parameters for aggregation, sketches for filtering
Sketchguard Node 16:
  Model dim: 1,174,986 → Sketch size: 180
  Compression ratio: 6527.7x
  Using model parameters for aggregation, sketches for filtering
Sketchguard Node 17:
  Model dim: 1,174,986 → Sketch size: 180
  Compression ratio: 6527.7x
  Using model parameters for aggregation, sketches for filtering
Sketchguard Node 18:
  Model dim: 1,174,986 → Sketch size: 180
  Compression ratio: 6527.7x
  Using model parameters for aggregation, sketches for filtering
Sketchguard Node 19:
  Model dim: 1,174,986 → Sketch size: 180
  Compression ratio: 6527.7x
  Using model parameters for aggregation, sketches for filtering
Sketchguard ALGORITHM (Sketch-based Filtering + State Aggregation)
  - Model dimension: 1,174,986 parameters
  - Config: SketchguardConfig(gamma=2, kappa=1, alpha=0.5, min_neighbors=1, sketch_size=180, network_seed=987654321, attack_detection_window=5)
  - Sketch size: 180
  - Compression ratio: 6527.7x
  - Complexity: O(d + N×k) = O(1,174,986 + 20×180)
  - Theoretical speedup vs BALANCE: 19.9x
Initial test acc across nodes: mean=0.4953 ± 0.0174
Backdoor attack: Created poisoned datasets for 16 compromised nodes
Round 001: test acc mean=0.5089 ± 0.0132 | min=0.4868 max=0.5401
         : test loss mean=33.5912 ± 18.5084
         : individual accs = ['0.488266', '0.505725', '0.507781', '0.497644', '0.488762', '0.518403', '0.540081', '0.486815', '0.521338', '0.512071', '0.515337', '0.518599', '0.523826', '0.510375', '0.520251', '0.512261', '0.495170', '0.509855', '0.504526', '0.500104']
         : correct/total = [(6949, 14232), (7199, 14235), (7244, 14266), (7075, 14217), (6959, 14238), (7451, 14373), (7748, 14346), (6978, 14334), (7452, 14294), (7360, 14373), (7392, 14344), (7417, 14302), (7519, 14354), (7330, 14362), (7450, 14320), (7374, 14395), (7125, 14389), (7269, 14257), (7190, 14251), (7201, 14399)]
         : compromised: 0.5136, honest: 0.4898
         : sketchguard stats = ['Node 0: acc_rate=1.000', 'Node 1: acc_rate=1.000', 'Node 2: acc_rate=1.000']...
Round 002: test acc mean=0.5163 ± 0.0301 | min=0.4925 max=0.5891
         : test loss mean=951.4566 ± 514.3637
         : individual accs = ['0.585441', '0.513593', '0.508622', '0.514032', '0.589057', '0.510749', '0.501255', '0.585461', '0.503008', '0.505879', '0.504532', '0.503846', '0.497771', '0.492480', '0.507961', '0.498715', '0.492738', '0.501017', '0.503894', '0.506285']
         : correct/total = [(8332, 14232), (7311, 14235), (7256, 14266), (7308, 14217), (8387, 14238), (7341, 14373), (7191, 14346), (8392, 14334), (7190, 14294), (7271, 14373), (7237, 14344), (7206, 14302), (7145, 14354), (7073, 14362), (7274, 14320), (7179, 14395), (7090, 14389), (7143, 14257), (7181, 14251), (7290, 14399)]
         : compromised: 0.5046, honest: 0.5632
         : sketchguard stats = ['Node 0: acc_rate=0.579', 'Node 1: acc_rate=1.000', 'Node 2: acc_rate=1.000']...
Round 003: test acc mean=0.5050 ± 0.0101 | min=0.4860 max=0.5230
         : test loss mean=15408.8639 ± 9177.9236
         : individual accs = ['0.523047', '0.514858', '0.498037', '0.486038', '0.513415', '0.498713', '0.495678', '0.520162', '0.512942', '0.499756', '0.500906', '0.488533', '0.509544', '0.506545', '0.489316', '0.508093', '0.507471', '0.511047', '0.501579', '0.514272']
         : correct/total = [(7444, 14232), (7329, 14235), (7105, 14266), (6910, 14217), (7310, 14238), (7168, 14373), (7111, 14346), (7456, 14334), (7332, 14294), (7183, 14373), (7185, 14344), (6987, 14302), (7314, 14354), (7275, 14362), (7007, 14320), (7314, 14395), (7302, 14389), (7286, 14257), (7148, 14251), (7405, 14399)]
         : compromised: 0.5022, honest: 0.5160
         : sketchguard stats = ['Node 0: acc_rate=0.439', 'Node 1: acc_rate=1.000', 'Node 2: acc_rate=1.000']...
Round 004: test acc mean=0.5025 ± 0.0077 | min=0.4932 max=0.5252
         : test loss mean=4421497.8230 ± 2651766.8405
         : individual accs = ['0.525155', '0.508184', '0.507500', '0.499261', '0.511097', '0.506157', '0.498536', '0.515557', '0.494613', '0.498156', '0.499094', '0.498462', '0.497283', '0.499721', '0.493994', '0.493227', '0.498228', '0.501718', '0.503824', '0.500243']
         : correct/total = [(7474, 14232), (7234, 14235), (7240, 14266), (7098, 14217), (7277, 14238), (7275, 14373), (7152, 14346), (7390, 14334), (7070, 14294), (7160, 14373), (7159, 14344), (7129, 14302), (7138, 14354), (7177, 14362), (7074, 14320), (7100, 14395), (7169, 14389), (7153, 14257), (7180, 14251), (7203, 14399)]
         : compromised: 0.5000, honest: 0.5125
         : sketchguard stats = ['Node 0: acc_rate=0.368', 'Node 1: acc_rate=1.000', 'Node 2: acc_rate=1.000']...
Round 005: test acc mean=0.5178 ± 0.0398 | min=0.4809 max=0.6141
         : test loss mean=99545237.2141 ± 59508488.4057
         : individual accs = ['0.607785', '0.508325', '0.480864', '0.508757', '0.609145', '0.505392', '0.501255', '0.614134', '0.507765', '0.493982', '0.500906', '0.507412', '0.513028', '0.512881', '0.487640', '0.495936', '0.510320', '0.491829', '0.501438', '0.497187']
         : correct/total = [(8650, 14232), (7236, 14235), (6860, 14266), (7233, 14217), (8673, 14238), (7264, 14373), (7191, 14346), (8803, 14334), (7258, 14294), (7100, 14373), (7185, 14344), (7257, 14302), (7364, 14354), (7366, 14362), (6983, 14320), (7139, 14395), (7343, 14389), (7012, 14257), (7146, 14251), (7159, 14399)]
         : compromised: 0.5009, honest: 0.5853
         : sketchguard stats = ['Node 0: acc_rate=0.316', 'Node 1: acc_rate=1.000', 'Node 2: acc_rate=1.000']...
Round 006: test acc mean=0.5220 ± 0.0453 | min=0.4925 max=0.6330
         : test loss mean=14289733319.2855 ± 9565044014.2817
         : individual accs = ['0.625703', '0.515701', '0.511566', '0.510656', '0.628740', '0.493703', '0.504601', '0.632971', '0.500770', '0.504001', '0.501813', '0.507062', '0.498955', '0.492480', '0.506983', '0.498367', '0.498575', '0.504735', '0.501860', '0.501632']
         : correct/total = [(8905, 14232), (7341, 14235), (7298, 14266), (7260, 14217), (8952, 14238), (7096, 14373), (7239, 14346), (9073, 14334), (7158, 14294), (7244, 14373), (7198, 14344), (7252, 14302), (7162, 14354), (7073, 14362), (7260, 14320), (7174, 14395), (7174, 14389), (7196, 14257), (7152, 14251), (7223, 14399)]
         : compromised: 0.5034, honest: 0.5965
         : sketchguard stats = ['Node 0: acc_rate=0.281', 'Node 1: acc_rate=1.000', 'Node 2: acc_rate=1.000']...
Round 007: test acc mean=0.5216 ± 0.0501 | min=0.4866 max=0.6430
         : test loss mean=729026595144.1184 ± 437524478962.3555
         : individual accs = ['0.636945', '0.496523', '0.499439', '0.510164', '0.640469', '0.507966', '0.500488', '0.643017', '0.499300', '0.503792', '0.498187', '0.503985', '0.509684', '0.486562', '0.497556', '0.489337', '0.504552', '0.499123', '0.504737', '0.500174']
         : correct/total = [(9065, 14232), (7068, 14235), (7125, 14266), (7253, 14217), (9119, 14238), (7301, 14373), (7180, 14346), (9217, 14334), (7137, 14294), (7241, 14373), (7146, 14344), (7208, 14302), (7316, 14354), (6988, 14362), (7125, 14320), (7044, 14395), (7260, 14389), (7116, 14257), (7193, 14251), (7202, 14399)]
         : compromised: 0.5004, honest: 0.6062
         : sketchguard stats = ['Node 0: acc_rate=0.256', 'Node 1: acc_rate=0.857', 'Node 2: acc_rate=0.857']...
Round 008: test acc mean=0.5239 ± 0.0483 | min=0.4906 max=0.6404
         : test loss mean=67188590782936.8281 ± 49242929339651.7188
         : individual accs = ['0.635048', '0.516614', '0.505608', '0.500106', '0.637168', '0.502400', '0.504949', '0.640435', '0.511753', '0.501705', '0.504322', '0.503566', '0.504877', '0.491088', '0.490573', '0.502188', '0.525054', '0.504454', '0.495193', '0.500729']
         : correct/total = [(9038, 14232), (7354, 14235), (7213, 14266), (7110, 14217), (9072, 14238), (7221, 14373), (7244, 14346), (9180, 14334), (7315, 14294), (7211, 14373), (7234, 14344), (7202, 14302), (7247, 14354), (7053, 14362), (7025, 14320), (7229, 14395), (7555, 14389), (7192, 14257), (7057, 14251), (7210, 14399)]
         : compromised: 0.5025, honest: 0.6094
         : sketchguard stats = ['Node 0: acc_rate=0.237', 'Node 1: acc_rate=0.750', 'Node 2: acc_rate=0.750']...
Round 009: test acc mean=0.5262 ± 0.0541 | min=0.4816 max=0.6574
         : test loss mean=6135310354354642.0000 ± 4582242280940102.0000
         : individual accs = ['0.647203', '0.505936', '0.512688', '0.506788', '0.657325', '0.503027', '0.506343', '0.657388', '0.505317', '0.504766', '0.501743', '0.508670', '0.510102', '0.505570', '0.497696', '0.481556', '0.503232', '0.503963', '0.497719', '0.506702']
         : correct/total = [(9211, 14232), (7202, 14235), (7314, 14266), (7205, 14217), (9359, 14238), (7230, 14373), (7264, 14346), (9423, 14334), (7223, 14294), (7255, 14373), (7197, 14344), (7275, 14302), (7322, 14354), (7261, 14362), (7127, 14320), (6932, 14395), (7241, 14389), (7185, 14257), (7093, 14251), (7296, 14399)]
         : compromised: 0.5037, honest: 0.6163
         : sketchguard stats = ['Node 0: acc_rate=0.222', 'Node 1: acc_rate=0.667', 'Node 2: acc_rate=0.667']...
Round 010: test acc mean=0.5275 ± 0.0597 | min=0.4891 max=0.6719
         : test loss mean=569225038968850112.0000 ± 361643892880006016.0000
         : individual accs = ['0.665964', '0.505304', '0.512617', '0.494549', '0.671934', '0.495860', '0.498536', '0.666876', '0.499790', '0.502331', '0.506553', '0.508810', '0.508569', '0.495962', '0.502584', '0.500243', '0.529224', '0.504454', '0.491685', '0.489131']
         : correct/total = [(9478, 14232), (7193, 14235), (7313, 14266), (7031, 14217), (9567, 14238), (7127, 14373), (7152, 14346), (9559, 14334), (7144, 14294), (7220, 14373), (7266, 14344), (7277, 14302), (7300, 14354), (7123, 14362), (7197, 14320), (7201, 14395), (7615, 14389), (7192, 14257), (7007, 14251), (7043, 14399)]
         : compromised: 0.5011, honest: 0.6335
         : sketchguard stats = ['Node 0: acc_rate=0.211', 'Node 1: acc_rate=0.600', 'Node 2: acc_rate=0.600']...

=== FINAL RESULTS ===
Dataset: sent140, Nodes: 20, Graph: fully, Aggregation: sketchguard
Attack: backdoor, 80.0% compromised
Final accuracy - Compromised: 0.5011, Honest: 0.6335
Overall test accuracy: mean=0.5275 ± 0.0597

=== BACKDOOR ATTACK SUCCESS RATE (ASR) ===
Target label: 1
Trigger size: 3x3
Overall ASR: 0.7502 ± 0.2791
Honest nodes ASR: 0.3862 ± 0.1666
Compromised nodes ASR: 0.8412 ± 0.2214
Note: Higher ASR indicates more successful backdoor attack

=== Sketchguard SUMMARY ===
Node 0: acceptance=0.211
Node 1: acceptance=0.600
Node 2: acceptance=0.600
Node 3: acceptance=0.600
Node 4: acceptance=0.211
Node 5: acceptance=0.600
Node 6: acceptance=0.600
Node 7: acceptance=0.211
Node 8: acceptance=0.600
Node 9: acceptance=0.600
Node 10: acceptance=0.600
Node 11: acceptance=0.600
Node 12: acceptance=0.600
Node 13: acceptance=0.600
Node 14: acceptance=0.600
Node 15: acceptance=0.600
Node 16: acceptance=1.000
Node 17: acceptance=0.600
Node 18: acceptance=0.600
Node 19: acceptance=0.600

=== PARALLEL EXECUTION TIME (realistic for distributed system) ===
  COMMUNICATION (max across nodes):
    - Sketch transfer: 0.000s (0.0%)
    - Model fetch (accepted): 0.000s (0.0%)
  COMPUTATION (max across nodes):
    - Sketching: 0.636s (94.7%)
    - Filtering: 0.001s (0.2%)
    - Aggregation: 0.034s (5.1%)
  TOTALS:
    - Total computation: 0.672s (100.0%)
    - Total communication: 0.000s (0.0%)
    - Total parallel time: 0.672s

=== PER-NODE AVERAGE TIME ===
  - Sketching: 0.449s
  - Filtering: 0.001s
  - Aggregation: 0.019s
  - Sketch transfer: 0.000s
  - Model fetch: 0.000s
  - Total per node: 0.469s

=== TOTAL COMPUTATIONAL WORK (sum across all nodes) ===
  - Total sketching: 8.976s
  - Total filtering: 0.016s
  - Total aggregation: 0.380s
  - Total sketch transfer: 0.000s
  - Total model fetch: 0.000s
  - Grand total: 9.373s
  - Mean acceptance rate: 0.562

Sketchguard Algorithm Properties:
  - Original dimension: 1,174,986
  - Sketch size: 180
  - Compression ratio: 19.9x
  - Single repetition: No repetitions needed
  - Theoretical complexity: O(d + N×k)
  - Approach: Sketch filtering + state aggregation
