Device: cuda
Seed: 987654321
Loading 1 LEAF Sent140 train files...
LEAF Sent140 train: 254555 users, 908652 samples
Building vocabulary (max_size=10000)...
Vocabulary size: 10000
Loading 1 LEAF Sent140 test files...
LEAF Sent140 test: 254555 users, 286281 samples
Found 254555 train users, 254555 test users, 254555 common users
User sample counts range: 494 (max) to 1 (min)
Distributed ALL 254555 users across 20 clients
Users per client: 12727 (with 15 clients getting +1 user)
Train partition sizes: [44353, 44290, 44657, 44907, 44696, 45843, 45801, 45619, 45069, 45639, 45821, 45311, 45779, 46056, 45625, 45984, 46428, 44737, 45540, 46497]
Test partition sizes: [14232, 14235, 14266, 14217, 14238, 14373, 14346, 14334, 14294, 14373, 14344, 14302, 14354, 14362, 14320, 14395, 14389, 14257, 14251, 14399]
  Client 0: 44353 train samples, 2 unique classes
  Client 1: 44290 train samples, 2 unique classes
  Client 2: 44657 train samples, 2 unique classes
  Client 3: 44907 train samples, 2 unique classes
  Client 4: 44696 train samples, 2 unique classes
  Client 5: 45843 train samples, 2 unique classes
  Client 6: 45801 train samples, 2 unique classes
  Client 7: 45619 train samples, 2 unique classes
  Client 8: 45069 train samples, 2 unique classes
  Client 9: 45639 train samples, 2 unique classes
  Client 10: 45821 train samples, 2 unique classes
  Client 11: 45311 train samples, 2 unique classes
  Client 12: 45779 train samples, 2 unique classes
  Client 13: 46056 train samples, 2 unique classes
  Client 14: 45625 train samples, 2 unique classes
  Client 15: 45984 train samples, 2 unique classes
  Client 16: 46428 train samples, 2 unique classes
  Client 17: 44737 train samples, 2 unique classes
  Client 18: 45540 train samples, 2 unique classes
  Client 19: 46497 train samples, 2 unique classes
Will sample 4500 samples per client per epoch
Graph: erdos, nodes: 20, edges: 48
Degree statistics: avg=4.80, min=2, max=7
Attack: Compromised 16/20 nodes: [1, 2, 3, 5, 6, 8, 9, 10, 11, 12, 13, 14, 15, 17, 18, 19]
Attack type: krum, lambda: 1.0
Model variant: baseline
Model parameters: 1,174,986
Initial test acc across nodes: mean=0.4965 ± 0.0152
Round 001: test acc mean=0.5008 ± 0.0075 | min=0.4872 max=0.5126
         : test loss mean=13.5565 ± 7.8490
         : individual accs = ['0.508010', '0.509800', '0.505257', '0.493283', '0.512642', '0.492034', '0.502579', '0.492954', '0.488737', '0.507271', '0.511364', '0.500489', '0.487181', '0.499373', '0.506983', '0.500174', '0.497255', '0.502490', '0.505929', '0.491979']
         : correct/total = [(7230, 14232), (7257, 14235), (7208, 14266), (7013, 14217), (7299, 14238), (7072, 14373), (7210, 14346), (7066, 14334), (6986, 14294), (7291, 14373), (7335, 14344), (7158, 14302), (6993, 14354), (7172, 14362), (7260, 14320), (7200, 14395), (7155, 14389), (7164, 14257), (7210, 14251), (7084, 14399)]
         : compromised: 0.5003, honest: 0.5027
Round 002: test acc mean=0.5002 ± 0.0065 | min=0.4918 max=0.5182
         : test loss mean=15.5491 ± 2.8939
         : individual accs = ['0.509134', '0.493713', '0.496565', '0.497011', '0.501124', '0.494330', '0.506134', '0.503628', '0.495942', '0.491755', '0.497421', '0.493707', '0.518183', '0.501880', '0.502654', '0.498229', '0.510320', '0.498352', '0.493790', '0.500868']
         : correct/total = [(7246, 14232), (7028, 14235), (7084, 14266), (7066, 14217), (7135, 14238), (7105, 14373), (7261, 14346), (7219, 14334), (7089, 14294), (7068, 14373), (7135, 14344), (7061, 14302), (7438, 14354), (7208, 14362), (7198, 14320), (7172, 14395), (7343, 14389), (7105, 14257), (7037, 14251), (7212, 14399)]
         : compromised: 0.4988, honest: 0.5061
Round 003: test acc mean=0.5037 ± 0.0061 | min=0.4877 max=0.5154
         : test loss mean=4.9754 ± 1.6929
         : individual accs = ['0.508361', '0.512961', '0.515351', '0.504677', '0.508147', '0.504348', '0.503555', '0.501326', '0.509654', '0.501148', '0.500697', '0.501189', '0.500697', '0.487745', '0.506774', '0.500938', '0.499687', '0.498632', '0.510631', '0.497812']
         : correct/total = [(7235, 14232), (7302, 14235), (7352, 14266), (7175, 14217), (7235, 14238), (7249, 14373), (7224, 14346), (7186, 14334), (7285, 14294), (7203, 14373), (7182, 14344), (7168, 14302), (7187, 14354), (7005, 14362), (7257, 14320), (7211, 14395), (7190, 14389), (7109, 14257), (7277, 14251), (7168, 14399)]
         : compromised: 0.5036, honest: 0.5044
Round 004: test acc mean=0.4957 ± 0.0055 | min=0.4882 max=0.5100
         : test loss mean=9.5455 ± 2.9528
         : individual accs = ['0.488196', '0.510011', '0.488644', '0.500809', '0.489254', '0.495304', '0.497003', '0.488280', '0.488527', '0.495304', '0.491634', '0.501398', '0.497980', '0.496379', '0.496159', '0.502883', '0.499340', '0.494143', '0.498140', '0.495243']
         : correct/total = [(6948, 14232), (7260, 14235), (6971, 14266), (7120, 14217), (6966, 14238), (7119, 14373), (7130, 14346), (6999, 14334), (6983, 14294), (7119, 14373), (7052, 14344), (7171, 14302), (7148, 14354), (7129, 14362), (7105, 14320), (7239, 14395), (7185, 14389), (7045, 14257), (7099, 14251), (7131, 14399)]
         : compromised: 0.4968, honest: 0.4913
Round 005: test acc mean=0.5015 ± 0.0053 | min=0.4874 max=0.5086
         : test loss mean=4.4635 ± 3.1191
         : individual accs = ['0.504075', '0.487390', '0.508482', '0.508616', '0.497682', '0.506227', '0.496375', '0.501326', '0.508255', '0.501078', '0.500000', '0.497972', '0.495054', '0.501601', '0.503911', '0.501771', '0.497185', '0.499404', '0.507192', '0.507396']
         : correct/total = [(7174, 14232), (6938, 14235), (7254, 14266), (7231, 14217), (7086, 14238), (7276, 14373), (7121, 14346), (7186, 14334), (7265, 14294), (7202, 14373), (7172, 14344), (7122, 14302), (7106, 14354), (7204, 14362), (7216, 14320), (7223, 14395), (7154, 14389), (7120, 14257), (7228, 14251), (7306, 14399)]
         : compromised: 0.5019, honest: 0.5001
Round 006: test acc mean=0.4998 ± 0.0050 | min=0.4927 max=0.5089
         : test loss mean=6.0180 ± 2.0963
         : individual accs = ['0.495854', '0.506920', '0.498318', '0.502638', '0.492696', '0.500104', '0.502649', '0.496023', '0.494263', '0.492938', '0.495956', '0.505244', '0.506340', '0.493385', '0.508939', '0.505801', '0.502884', '0.499404', '0.497439', '0.498368']
         : correct/total = [(7057, 14232), (7216, 14235), (7109, 14266), (7146, 14217), (7015, 14238), (7188, 14373), (7211, 14346), (7110, 14334), (7065, 14294), (7085, 14373), (7114, 14344), (7226, 14302), (7268, 14354), (7086, 14362), (7288, 14320), (7281, 14395), (7236, 14389), (7120, 14257), (7089, 14251), (7176, 14399)]
         : compromised: 0.5005, honest: 0.4969
Round 007: test acc mean=0.5064 ± 0.0097 | min=0.4867 max=0.5251
         : test loss mean=3.1532 ± 1.5448
         : individual accs = ['0.507518', '0.486688', '0.522641', '0.510023', '0.488271', '0.508314', '0.525094', '0.497419', '0.508535', '0.517150', '0.498257', '0.507901', '0.500906', '0.508773', '0.510265', '0.501216', '0.497463', '0.507470', '0.509298', '0.515661']
         : correct/total = [(7223, 14232), (6928, 14235), (7456, 14266), (7251, 14217), (6952, 14238), (7306, 14373), (7533, 14346), (7130, 14334), (7269, 14294), (7433, 14373), (7147, 14344), (7264, 14302), (7190, 14354), (7307, 14362), (7307, 14320), (7215, 14395), (7158, 14389), (7235, 14257), (7258, 14251), (7425, 14399)]
         : compromised: 0.5086, honest: 0.4977
Round 008: test acc mean=0.5002 ± 0.0066 | min=0.4857 max=0.5130
         : test loss mean=4.5135 ± 2.1380
         : individual accs = ['0.490725', '0.504953', '0.495374', '0.497503', '0.500351', '0.502052', '0.499233', '0.499302', '0.493914', '0.495234', '0.506414', '0.504405', '0.509544', '0.485657', '0.497835', '0.513025', '0.499270', '0.510767', '0.501719', '0.497535']
         : correct/total = [(6984, 14232), (7188, 14235), (7067, 14266), (7073, 14217), (7124, 14238), (7216, 14373), (7162, 14346), (7157, 14334), (7060, 14294), (7118, 14373), (7264, 14344), (7214, 14302), (7314, 14354), (6975, 14362), (7129, 14320), (7385, 14395), (7184, 14389), (7282, 14257), (7150, 14251), (7164, 14399)]
         : compromised: 0.5009, honest: 0.4974
Round 009: test acc mean=0.5002 ± 0.0093 | min=0.4793 max=0.5194
         : test loss mean=2.7003 ± 1.6334
         : individual accs = ['0.499438', '0.487460', '0.506449', '0.490258', '0.497191', '0.502261', '0.514220', '0.497209', '0.495453', '0.508523', '0.498885', '0.496015', '0.497910', '0.479320', '0.519413', '0.500035', '0.496073', '0.513993', '0.507403', '0.496007']
         : correct/total = [(7108, 14232), (6939, 14235), (7225, 14266), (6970, 14217), (7079, 14238), (7219, 14373), (7377, 14346), (7127, 14334), (7082, 14294), (7309, 14373), (7156, 14344), (7094, 14302), (7147, 14354), (6884, 14362), (7438, 14320), (7198, 14395), (7138, 14389), (7328, 14257), (7231, 14251), (7142, 14399)]
         : compromised: 0.5009, honest: 0.4975
Round 010: test acc mean=0.5007 ± 0.0068 | min=0.4897 max=0.5148
         : test loss mean=3.5288 ± 2.1553
         : individual accs = ['0.500422', '0.502143', '0.489696', '0.499965', '0.507726', '0.501357', '0.498606', '0.513046', '0.514761', '0.495582', '0.495050', '0.498741', '0.509335', '0.499791', '0.491480', '0.494755', '0.507610', '0.501157', '0.500105', '0.491840']
         : correct/total = [(7122, 14232), (7148, 14235), (6986, 14266), (7108, 14217), (7229, 14238), (7206, 14373), (7153, 14346), (7354, 14334), (7358, 14294), (7123, 14373), (7101, 14344), (7133, 14302), (7311, 14354), (7178, 14362), (7038, 14320), (7122, 14395), (7304, 14389), (7145, 14257), (7127, 14251), (7082, 14399)]
         : compromised: 0.4990, honest: 0.5072

=== FINAL RESULTS ===
Dataset: sent140, Nodes: 20, Graph: erdos, Aggregation: d-fedavg
Attack: krum, 80.0% compromised
Final accuracy - Compromised: 0.4990, Honest: 0.5072
Overall test accuracy: mean=0.5007 ± 0.0068
