Device: cuda
Seed: 987654321
Loading 1 LEAF Sent140 train files...
LEAF Sent140 train: 254555 users, 908652 samples
Building vocabulary (max_size=10000)...
Vocabulary size: 10000
Loading 1 LEAF Sent140 test files...
LEAF Sent140 test: 254555 users, 286281 samples
Found 254555 train users, 254555 test users, 254555 common users
User sample counts range: 494 (max) to 1 (min)
Distributed ALL 254555 users across 20 clients
Users per client: 12727 (with 15 clients getting +1 user)
Train partition sizes: [44353, 44290, 44657, 44907, 44696, 45843, 45801, 45619, 45069, 45639, 45821, 45311, 45779, 46056, 45625, 45984, 46428, 44737, 45540, 46497]
Test partition sizes: [14232, 14235, 14266, 14217, 14238, 14373, 14346, 14334, 14294, 14373, 14344, 14302, 14354, 14362, 14320, 14395, 14389, 14257, 14251, 14399]
  Client 0: 44353 train samples, 2 unique classes
  Client 1: 44290 train samples, 2 unique classes
  Client 2: 44657 train samples, 2 unique classes
  Client 3: 44907 train samples, 2 unique classes
  Client 4: 44696 train samples, 2 unique classes
  Client 5: 45843 train samples, 2 unique classes
  Client 6: 45801 train samples, 2 unique classes
  Client 7: 45619 train samples, 2 unique classes
  Client 8: 45069 train samples, 2 unique classes
  Client 9: 45639 train samples, 2 unique classes
  Client 10: 45821 train samples, 2 unique classes
  Client 11: 45311 train samples, 2 unique classes
  Client 12: 45779 train samples, 2 unique classes
  Client 13: 46056 train samples, 2 unique classes
  Client 14: 45625 train samples, 2 unique classes
  Client 15: 45984 train samples, 2 unique classes
  Client 16: 46428 train samples, 2 unique classes
  Client 17: 44737 train samples, 2 unique classes
  Client 18: 45540 train samples, 2 unique classes
  Client 19: 46497 train samples, 2 unique classes
Will sample 4500 samples per client per epoch
Graph: erdos, nodes: 20, edges: 48
Degree statistics: avg=4.80, min=2, max=7
Attack: Compromised 12/20 nodes: [1, 2, 3, 5, 8, 11, 12, 13, 14, 15, 17, 18]
Attack type: gaussian, lambda: 1.0
Model variant: baseline
Model parameters: 1,174,986
Initial test acc across nodes: mean=0.4965 ± 0.0152
Round 001: test acc mean=0.5026 ± 0.0060 | min=0.4920 max=0.5155
         : test loss mean=462.4824 ± 176.4988
         : individual accs = ['0.498243', '0.505655', '0.515491', '0.493845', '0.506953', '0.502470', '0.503904', '0.499581', '0.504128', '0.492034', '0.508784', '0.501049', '0.513585', '0.505013', '0.493156', '0.500660', '0.503371', '0.505436', '0.496807', '0.501632']
         : correct/total = [(7091, 14232), (7198, 14235), (7354, 14266), (7021, 14217), (7218, 14238), (7222, 14373), (7229, 14346), (7161, 14334), (7206, 14294), (7072, 14373), (7298, 14344), (7166, 14302), (7372, 14354), (7253, 14362), (7062, 14320), (7207, 14395), (7243, 14389), (7206, 14257), (7080, 14251), (7223, 14399)]
         : compromised: 0.5031, honest: 0.5018
Round 002: test acc mean=0.5004 ± 0.0081 | min=0.4824 max=0.5133
         : test loss mean=485.5622 ± 202.4464
         : individual accs = ['0.488687', '0.503477', '0.493902', '0.503271', '0.482441', '0.498922', '0.510107', '0.496093', '0.513292', '0.511097', '0.501882', '0.507691', '0.509684', '0.506267', '0.496439', '0.501980', '0.502259', '0.486568', '0.496737', '0.498090']
         : correct/total = [(6955, 14232), (7167, 14235), (7046, 14266), (7155, 14217), (6869, 14238), (7171, 14373), (7318, 14346), (7111, 14334), (7337, 14294), (7346, 14373), (7199, 14344), (7261, 14302), (7316, 14354), (7271, 14362), (7109, 14320), (7226, 14395), (7227, 14389), (6937, 14257), (7079, 14251), (7172, 14399)]
         : compromised: 0.5015, honest: 0.4988
Round 003: test acc mean=0.5008 ± 0.0074 | min=0.4847 max=0.5149
         : test loss mean=522.8296 ± 289.3184
         : individual accs = ['0.497541', '0.505444', '0.486962', '0.495111', '0.496418', '0.494608', '0.503555', '0.514930', '0.497971', '0.505044', '0.497351', '0.504335', '0.513655', '0.508843', '0.503073', '0.499965', '0.501772', '0.504805', '0.484738', '0.500451']
         : correct/total = [(7081, 14232), (7195, 14235), (6947, 14266), (7039, 14217), (7068, 14238), (7109, 14373), (7224, 14346), (7381, 14334), (7118, 14294), (7259, 14373), (7134, 14344), (7213, 14302), (7373, 14354), (7308, 14362), (7204, 14320), (7197, 14395), (7220, 14389), (7197, 14257), (6908, 14251), (7206, 14399)]
         : compromised: 0.5000, honest: 0.5021
Round 004: test acc mean=0.5013 ± 0.0069 | min=0.4904 max=0.5133
         : test loss mean=531.1228 ± 221.7096
         : individual accs = ['0.492903', '0.495680', '0.512057', '0.502075', '0.513345', '0.507897', '0.508156', '0.503000', '0.490416', '0.506853', '0.504183', '0.492658', '0.500070', '0.490739', '0.504120', '0.502813', '0.498853', '0.509083', '0.495965', '0.494270']
         : correct/total = [(7015, 14232), (7056, 14235), (7305, 14266), (7138, 14217), (7309, 14238), (7300, 14373), (7290, 14346), (7210, 14334), (7010, 14294), (7285, 14373), (7232, 14344), (7046, 14302), (7178, 14354), (7048, 14362), (7219, 14320), (7238, 14395), (7178, 14389), (7258, 14257), (7068, 14251), (7117, 14399)]
         : compromised: 0.5003, honest: 0.5027
Round 005: test acc mean=0.4988 ± 0.0060 | min=0.4843 max=0.5073
         : test loss mean=582.6312 ± 253.0767
         : individual accs = ['0.504146', '0.492027', '0.484298', '0.502708', '0.496278', '0.492938', '0.497421', '0.503907', '0.506436', '0.498017', '0.493516', '0.490910', '0.499791', '0.505013', '0.507263', '0.498437', '0.503927', '0.493512', '0.503894', '0.501076']
         : correct/total = [(7175, 14232), (7004, 14235), (6909, 14266), (7147, 14217), (7066, 14238), (7085, 14373), (7136, 14346), (7223, 14334), (7239, 14294), (7158, 14373), (7079, 14344), (7021, 14302), (7174, 14354), (7253, 14362), (7264, 14320), (7175, 14395), (7251, 14389), (7036, 14257), (7181, 14251), (7215, 14399)]
         : compromised: 0.4981, honest: 0.4998
Round 006: test acc mean=0.5014 ± 0.0078 | min=0.4854 max=0.5195
         : test loss mean=454.3056 ± 227.8234
         : individual accs = ['0.496276', '0.514647', '0.500631', '0.489555', '0.485391', '0.495443', '0.504461', '0.501884', '0.507276', '0.502748', '0.503625', '0.493777', '0.498885', '0.519496', '0.496508', '0.500452', '0.495795', '0.506628', '0.507824', '0.505730']
         : correct/total = [(7063, 14232), (7326, 14235), (7142, 14266), (6960, 14217), (6911, 14238), (7121, 14373), (7237, 14346), (7194, 14334), (7251, 14294), (7226, 14373), (7224, 14344), (7062, 14302), (7161, 14354), (7461, 14362), (7110, 14320), (7204, 14395), (7134, 14389), (7223, 14257), (7237, 14251), (7282, 14399)]
         : compromised: 0.5026, honest: 0.4995
Round 007: test acc mean=0.5018 ± 0.0078 | min=0.4900 max=0.5184
         : test loss mean=423.9460 ± 221.4056
         : individual accs = ['0.516653', '0.516754', '0.504767', '0.490258', '0.501334', '0.505322', '0.495330', '0.503628', '0.518399', '0.497739', '0.492052', '0.490001', '0.501533', '0.502228', '0.501816', '0.501007', '0.498575', '0.496668', '0.500807', '0.501424']
         : correct/total = [(7353, 14232), (7356, 14235), (7201, 14266), (6970, 14217), (7138, 14238), (7263, 14373), (7106, 14346), (7219, 14334), (7410, 14294), (7154, 14373), (7058, 14344), (7008, 14302), (7199, 14354), (7213, 14362), (7186, 14320), (7212, 14395), (7174, 14389), (7081, 14257), (7137, 14251), (7220, 14399)]
         : compromised: 0.5025, honest: 0.5008
Round 008: test acc mean=0.4993 ± 0.0086 | min=0.4823 max=0.5137
         : test loss mean=505.5276 ± 278.2143
         : individual accs = ['0.490163', '0.488865', '0.493621', '0.495885', '0.493819', '0.509149', '0.503834', '0.496023', '0.509584', '0.488277', '0.502649', '0.508740', '0.507176', '0.493525', '0.506634', '0.493366', '0.508235', '0.501298', '0.513718', '0.482325']
         : correct/total = [(6976, 14232), (6959, 14235), (7042, 14266), (7050, 14217), (7031, 14238), (7318, 14373), (7228, 14346), (7110, 14334), (7284, 14294), (7018, 14373), (7210, 14344), (7276, 14302), (7280, 14354), (7088, 14362), (7255, 14320), (7102, 14395), (7313, 14389), (7147, 14257), (7321, 14251), (6945, 14399)]
         : compromised: 0.5018, honest: 0.4957
Round 009: test acc mean=0.5007 ± 0.0089 | min=0.4821 max=0.5200
         : test loss mean=499.2006 ± 234.6991
         : individual accs = ['0.485596', '0.509659', '0.482055', '0.495815', '0.505619', '0.520003', '0.502509', '0.497209', '0.505527', '0.501148', '0.499721', '0.490771', '0.494427', '0.493107', '0.505377', '0.514345', '0.499896', '0.506558', '0.506491', '0.498993']
         : correct/total = [(6911, 14232), (7255, 14235), (6877, 14266), (7049, 14217), (7199, 14238), (7474, 14373), (7209, 14346), (7127, 14334), (7226, 14294), (7203, 14373), (7168, 14344), (7019, 14302), (7097, 14354), (7082, 14362), (7237, 14320), (7404, 14395), (7193, 14389), (7222, 14257), (7218, 14251), (7185, 14399)]
         : compromised: 0.5020, honest: 0.4988
Round 010: test acc mean=0.5005 ± 0.0100 | min=0.4752 max=0.5153
         : test loss mean=590.1419 ± 324.7660
         : individual accs = ['0.498173', '0.513102', '0.505888', '0.511008', '0.506672', '0.494330', '0.503973', '0.475234', '0.488667', '0.494190', '0.507041', '0.504615', '0.501324', '0.515318', '0.496439', '0.483501', '0.508513', '0.498001', '0.510280', '0.494340']
         : correct/total = [(7090, 14232), (7304, 14235), (7217, 14266), (7265, 14217), (7214, 14238), (7105, 14373), (7230, 14346), (6812, 14334), (6985, 14294), (7103, 14373), (7273, 14344), (7217, 14302), (7196, 14354), (7401, 14362), (7109, 14320), (6960, 14395), (7317, 14389), (7100, 14257), (7272, 14251), (7118, 14399)]
         : compromised: 0.5019, honest: 0.4985

=== FINAL RESULTS ===
Dataset: sent140, Nodes: 20, Graph: erdos, Aggregation: krum
Attack: gaussian, 60.0% compromised
Final accuracy - Compromised: 0.5019, Honest: 0.4985
Overall test accuracy: mean=0.5005 ± 0.0100
