Device: cuda
Seed: 987654321
Loading 1 LEAF Sent140 train files...
LEAF Sent140 train: 254555 users, 908652 samples
Building vocabulary (max_size=10000)...
Vocabulary size: 10000
Loading 1 LEAF Sent140 test files...
LEAF Sent140 test: 254555 users, 286281 samples
Found 254555 train users, 254555 test users, 254555 common users
User sample counts range: 494 (max) to 1 (min)
Distributed ALL 254555 users across 20 clients
Users per client: 12727 (with 15 clients getting +1 user)
Train partition sizes: [44353, 44290, 44657, 44907, 44696, 45843, 45801, 45619, 45069, 45639, 45821, 45311, 45779, 46056, 45625, 45984, 46428, 44737, 45540, 46497]
Test partition sizes: [14232, 14235, 14266, 14217, 14238, 14373, 14346, 14334, 14294, 14373, 14344, 14302, 14354, 14362, 14320, 14395, 14389, 14257, 14251, 14399]
  Client 0: 44353 train samples, 2 unique classes
  Client 1: 44290 train samples, 2 unique classes
  Client 2: 44657 train samples, 2 unique classes
  Client 3: 44907 train samples, 2 unique classes
  Client 4: 44696 train samples, 2 unique classes
  Client 5: 45843 train samples, 2 unique classes
  Client 6: 45801 train samples, 2 unique classes
  Client 7: 45619 train samples, 2 unique classes
  Client 8: 45069 train samples, 2 unique classes
  Client 9: 45639 train samples, 2 unique classes
  Client 10: 45821 train samples, 2 unique classes
  Client 11: 45311 train samples, 2 unique classes
  Client 12: 45779 train samples, 2 unique classes
  Client 13: 46056 train samples, 2 unique classes
  Client 14: 45625 train samples, 2 unique classes
  Client 15: 45984 train samples, 2 unique classes
  Client 16: 46428 train samples, 2 unique classes
  Client 17: 44737 train samples, 2 unique classes
  Client 18: 45540 train samples, 2 unique classes
  Client 19: 46497 train samples, 2 unique classes
Will sample 4500 samples per client per epoch
Graph: ring, nodes: 20, edges: 20
Degree statistics: avg=2.00, min=2, max=2
Attack: Compromised 12/20 nodes: [1, 2, 3, 5, 8, 11, 12, 13, 14, 15, 17, 18]
Attack type: directed_deviation, lambda: 1.0
Model variant: baseline
Model parameters: 1,174,986
Sketchguard Node 0:
  Model dim: 1,174,986 → Sketch size: 180
  Compression ratio: 6527.7x
  Using model parameters for aggregation, sketches for filtering
Sketchguard Node 1:
  Model dim: 1,174,986 → Sketch size: 180
  Compression ratio: 6527.7x
  Using model parameters for aggregation, sketches for filtering
Sketchguard Node 2:
  Model dim: 1,174,986 → Sketch size: 180
  Compression ratio: 6527.7x
  Using model parameters for aggregation, sketches for filtering
Sketchguard Node 3:
  Model dim: 1,174,986 → Sketch size: 180
  Compression ratio: 6527.7x
  Using model parameters for aggregation, sketches for filtering
Sketchguard Node 4:
  Model dim: 1,174,986 → Sketch size: 180
  Compression ratio: 6527.7x
  Using model parameters for aggregation, sketches for filtering
Sketchguard Node 5:
  Model dim: 1,174,986 → Sketch size: 180
  Compression ratio: 6527.7x
  Using model parameters for aggregation, sketches for filtering
Sketchguard Node 6:
  Model dim: 1,174,986 → Sketch size: 180
  Compression ratio: 6527.7x
  Using model parameters for aggregation, sketches for filtering
Sketchguard Node 7:
  Model dim: 1,174,986 → Sketch size: 180
  Compression ratio: 6527.7x
  Using model parameters for aggregation, sketches for filtering
Sketchguard Node 8:
  Model dim: 1,174,986 → Sketch size: 180
  Compression ratio: 6527.7x
  Using model parameters for aggregation, sketches for filtering
Sketchguard Node 9:
  Model dim: 1,174,986 → Sketch size: 180
  Compression ratio: 6527.7x
  Using model parameters for aggregation, sketches for filtering
Sketchguard Node 10:
  Model dim: 1,174,986 → Sketch size: 180
  Compression ratio: 6527.7x
  Using model parameters for aggregation, sketches for filtering
Sketchguard Node 11:
  Model dim: 1,174,986 → Sketch size: 180
  Compression ratio: 6527.7x
  Using model parameters for aggregation, sketches for filtering
Sketchguard Node 12:
  Model dim: 1,174,986 → Sketch size: 180
  Compression ratio: 6527.7x
  Using model parameters for aggregation, sketches for filtering
Sketchguard Node 13:
  Model dim: 1,174,986 → Sketch size: 180
  Compression ratio: 6527.7x
  Using model parameters for aggregation, sketches for filtering
Sketchguard Node 14:
  Model dim: 1,174,986 → Sketch size: 180
  Compression ratio: 6527.7x
  Using model parameters for aggregation, sketches for filtering
Sketchguard Node 15:
  Model dim: 1,174,986 → Sketch size: 180
  Compression ratio: 6527.7x
  Using model parameters for aggregation, sketches for filtering
Sketchguard Node 16:
  Model dim: 1,174,986 → Sketch size: 180
  Compression ratio: 6527.7x
  Using model parameters for aggregation, sketches for filtering
Sketchguard Node 17:
  Model dim: 1,174,986 → Sketch size: 180
  Compression ratio: 6527.7x
  Using model parameters for aggregation, sketches for filtering
Sketchguard Node 18:
  Model dim: 1,174,986 → Sketch size: 180
  Compression ratio: 6527.7x
  Using model parameters for aggregation, sketches for filtering
Sketchguard Node 19:
  Model dim: 1,174,986 → Sketch size: 180
  Compression ratio: 6527.7x
  Using model parameters for aggregation, sketches for filtering
Sketchguard ALGORITHM (Sketch-based Filtering + State Aggregation)
  - Model dimension: 1,174,986 parameters
  - Config: SketchguardConfig(gamma=2, kappa=1, alpha=0.5, min_neighbors=1, sketch_size=180, network_seed=987654321, attack_detection_window=5)
  - Sketch size: 180
  - Compression ratio: 6527.7x
  - Complexity: O(d + N×k) = O(1,174,986 + 20×180)
  - Theoretical speedup vs BALANCE: 19.9x
Initial test acc across nodes: mean=0.4965 ± 0.0152
Round 001: test acc mean=0.5042 ± 0.0156 | min=0.4734 max=0.5420
         : test loss mean=2.3591 ± 2.5478
         : individual accs = ['0.473370', '0.513664', '0.500841', '0.501161', '0.498525', '0.509288', '0.492751', '0.508023', '0.518679', '0.485563', '0.488776', '0.497763', '0.497004', '0.492132', '0.504120', '0.518791', '0.511849', '0.542050', '0.533226', '0.496910']
         : correct/total = [(6737, 14232), (7312, 14235), (7145, 14266), (7125, 14217), (7098, 14238), (7320, 14373), (7069, 14346), (7282, 14334), (7414, 14294), (6979, 14373), (7011, 14344), (7119, 14302), (7134, 14354), (7068, 14362), (7219, 14320), (7468, 14395), (7365, 14389), (7728, 14257), (7599, 14251), (7155, 14399)]
         : compromised: 0.5107, honest: 0.4945
         : sketchguard stats = ['Node 0: acc_rate=1.000', 'Node 1: acc_rate=1.000', 'Node 2: acc_rate=1.000']...
Round 002: test acc mean=0.5017 ± 0.0072 | min=0.4916 max=0.5194
         : test loss mean=1.8565 ± 1.4080
         : individual accs = ['0.502811', '0.491605', '0.492710', '0.497995', '0.507023', '0.517289', '0.499373', '0.494628', '0.519449', '0.494538', '0.503834', '0.498602', '0.499721', '0.497842', '0.508869', '0.507329', '0.502398', '0.498352', '0.503473', '0.496493']
         : correct/total = [(7156, 14232), (6998, 14235), (7029, 14266), (7080, 14217), (7219, 14238), (7435, 14373), (7164, 14346), (7090, 14334), (7425, 14294), (7108, 14373), (7227, 14344), (7131, 14302), (7173, 14354), (7150, 14362), (7287, 14320), (7303, 14395), (7229, 14389), (7105, 14257), (7175, 14251), (7149, 14399)]
         : compromised: 0.5028, honest: 0.5001
         : sketchguard stats = ['Node 0: acc_rate=1.000', 'Node 1: acc_rate=0.750', 'Node 2: acc_rate=0.500']...
Round 003: test acc mean=0.5096 ± 0.0173 | min=0.4866 max=0.5569
         : test loss mean=1.0512 ± 0.3598
         : individual accs = ['0.505551', '0.497998', '0.510725', '0.503341', '0.494943', '0.514367', '0.556880', '0.553788', '0.517980', '0.501496', '0.519241', '0.503566', '0.495611', '0.486631', '0.495670', '0.514693', '0.506012', '0.509855', '0.502000', '0.501840']
         : correct/total = [(7195, 14232), (7089, 14235), (7286, 14266), (7156, 14217), (7047, 14238), (7393, 14373), (7989, 14346), (7938, 14334), (7404, 14294), (7208, 14373), (7448, 14344), (7202, 14302), (7114, 14354), (6989, 14362), (7098, 14320), (7409, 14395), (7281, 14389), (7269, 14257), (7154, 14251), (7226, 14399)]
         : compromised: 0.5044, honest: 0.5175
         : sketchguard stats = ['Node 0: acc_rate=1.000', 'Node 1: acc_rate=0.667', 'Node 2: acc_rate=0.500']...
Round 004: test acc mean=0.5132 ± 0.0196 | min=0.4853 max=0.5639
         : test loss mean=1.0999 ± 0.5713
         : individual accs = ['0.513772', '0.513874', '0.502033', '0.522332', '0.508358', '0.524595', '0.563851', '0.560834', '0.516930', '0.505879', '0.507460', '0.521745', '0.490734', '0.485308', '0.503352', '0.494269', '0.512058', '0.489724', '0.514981', '0.511355']
         : correct/total = [(7312, 14232), (7315, 14235), (7162, 14266), (7426, 14217), (7238, 14238), (7540, 14373), (8089, 14346), (8039, 14334), (7389, 14294), (7271, 14373), (7279, 14344), (7462, 14302), (7044, 14354), (6970, 14362), (7208, 14320), (7115, 14395), (7368, 14389), (6982, 14257), (7339, 14251), (7363, 14399)]
         : compromised: 0.5067, honest: 0.5229
         : sketchguard stats = ['Node 0: acc_rate=0.875', 'Node 1: acc_rate=0.625', 'Node 2: acc_rate=0.375']...
Round 005: test acc mean=0.5245 ± 0.0238 | min=0.4973 max=0.5806
         : test loss mean=0.8234 ± 0.1603
         : individual accs = ['0.543353', '0.526098', '0.510164', '0.497292', '0.504565', '0.517568', '0.580650', '0.580020', '0.521128', '0.532735', '0.530535', '0.539435', '0.506549', '0.502715', '0.500628', '0.504133', '0.516297', '0.498282', '0.533226', '0.543788']
         : correct/total = [(7733, 14232), (7489, 14235), (7278, 14266), (7070, 14217), (7184, 14238), (7439, 14373), (8330, 14346), (8314, 14334), (7449, 14294), (7657, 14373), (7610, 14344), (7715, 14302), (7271, 14354), (7220, 14362), (7169, 14320), (7257, 14395), (7429, 14389), (7104, 14257), (7599, 14251), (7830, 14399)]
         : compromised: 0.5131, honest: 0.5415
         : sketchguard stats = ['Node 0: acc_rate=0.800', 'Node 1: acc_rate=0.600', 'Node 2: acc_rate=0.300']...
Round 006: test acc mean=0.5299 ± 0.0281 | min=0.4861 max=0.5878
         : test loss mean=0.9467 ± 0.4119
         : individual accs = ['0.551996', '0.547383', '0.514019', '0.503060', '0.507585', '0.543867', '0.587829', '0.585531', '0.531971', '0.545189', '0.539320', '0.538806', '0.494287', '0.486074', '0.494693', '0.510872', '0.509556', '0.508171', '0.546277', '0.551913']
         : correct/total = [(7856, 14232), (7792, 14235), (7333, 14266), (7152, 14217), (7227, 14238), (7817, 14373), (8433, 14346), (8393, 14334), (7604, 14294), (7836, 14373), (7736, 14344), (7706, 14302), (7095, 14354), (6981, 14362), (7084, 14320), (7354, 14395), (7332, 14389), (7245, 14257), (7785, 14251), (7947, 14399)]
         : compromised: 0.5183, honest: 0.5474
         : sketchguard stats = ['Node 0: acc_rate=0.750', 'Node 1: acc_rate=0.583', 'Node 2: acc_rate=0.250']...
Round 007: test acc mean=0.5400 ± 0.0298 | min=0.4965 max=0.5882
         : test loss mean=0.7763 ± 0.1352
         : individual accs = ['0.577431', '0.568177', '0.513388', '0.498066', '0.516435', '0.551381', '0.586087', '0.588182', '0.532041', '0.554512', '0.551171', '0.548734', '0.515675', '0.519705', '0.512011', '0.498437', '0.529363', '0.496458', '0.573012', '0.570040']
         : correct/total = [(8218, 14232), (8088, 14235), (7324, 14266), (7081, 14217), (7353, 14238), (7925, 14373), (8408, 14346), (8431, 14334), (7605, 14294), (7970, 14373), (7906, 14344), (7848, 14302), (7402, 14354), (7464, 14362), (7332, 14320), (7175, 14395), (7617, 14389), (7078, 14257), (8166, 14251), (8208, 14399)]
         : compromised: 0.5273, honest: 0.5592
         : sketchguard stats = ['Node 0: acc_rate=0.714', 'Node 1: acc_rate=0.571', 'Node 2: acc_rate=0.214']...
Round 008: test acc mean=0.5396 ± 0.0368 | min=0.4916 max=0.5917
         : test loss mean=0.8626 ± 0.2986
         : individual accs = ['0.580593', '0.581033', '0.513599', '0.505240', '0.503090', '0.584568', '0.591663', '0.589577', '0.532461', '0.558478', '0.555982', '0.549154', '0.496656', '0.491645', '0.492458', '0.509135', '0.506081', '0.500316', '0.575047', '0.575387']
         : correct/total = [(8263, 14232), (8271, 14235), (7327, 14266), (7183, 14217), (7163, 14238), (8402, 14373), (8488, 14346), (8451, 14334), (7611, 14294), (8027, 14373), (7975, 14344), (7854, 14302), (7129, 14354), (7061, 14362), (7052, 14320), (7329, 14395), (7282, 14389), (7133, 14257), (8195, 14251), (8285, 14399)]
         : compromised: 0.5276, honest: 0.5576
         : sketchguard stats = ['Node 0: acc_rate=0.688', 'Node 1: acc_rate=0.562', 'Node 2: acc_rate=0.188']...
Round 009: test acc mean=0.5473 ± 0.0368 | min=0.4995 max=0.6002
         : test loss mean=0.7720 ± 0.1611
         : individual accs = ['0.586636', '0.588690', '0.521590', '0.500317', '0.516997', '0.599736', '0.600167', '0.592996', '0.531272', '0.564113', '0.561210', '0.557964', '0.510938', '0.522977', '0.506425', '0.499618', '0.518243', '0.499474', '0.584170', '0.582957']
         : correct/total = [(8349, 14232), (8380, 14235), (7441, 14266), (7113, 14217), (7361, 14238), (8620, 14373), (8610, 14346), (8500, 14334), (7594, 14294), (8108, 14373), (8050, 14344), (7980, 14302), (7334, 14354), (7511, 14362), (7252, 14320), (7192, 14395), (7457, 14389), (7121, 14257), (8325, 14251), (8394, 14399)]
         : compromised: 0.5353, honest: 0.5654
         : sketchguard stats = ['Node 0: acc_rate=0.667', 'Node 1: acc_rate=0.556', 'Node 2: acc_rate=0.167']...
Round 010: test acc mean=0.5513 ± 0.0453 | min=0.4905 max=0.6080
         : test loss mean=0.8361 ± 0.2804
         : individual accs = ['0.597105', '0.598103', '0.512968', '0.508194', '0.512783', '0.604745', '0.605047', '0.607995', '0.593536', '0.576080', '0.568809', '0.563627', '0.495054', '0.497702', '0.501047', '0.500590', '0.507610', '0.490496', '0.587538', '0.596014']
         : correct/total = [(8498, 14232), (8514, 14235), (7318, 14266), (7225, 14217), (7301, 14238), (8692, 14373), (8680, 14346), (8715, 14334), (8484, 14294), (8280, 14373), (8159, 14344), (8061, 14302), (7106, 14354), (7148, 14362), (7175, 14320), (7206, 14395), (7304, 14389), (6993, 14257), (8373, 14251), (8582, 14399)]
         : compromised: 0.5378, honest: 0.5714
         : sketchguard stats = ['Node 0: acc_rate=0.650', 'Node 1: acc_rate=0.550', 'Node 2: acc_rate=0.150']...

=== FINAL RESULTS ===
Dataset: sent140, Nodes: 20, Graph: ring, Aggregation: sketchguard
Attack: directed_deviation, 60.0% compromised
Final accuracy - Compromised: 0.5378, Honest: 0.5714
Overall test accuracy: mean=0.5513 ± 0.0453

=== Sketchguard SUMMARY ===
Node 0: acceptance=0.650
Node 1: acceptance=0.550
Node 2: acceptance=0.150
Node 3: acceptance=0.550
Node 4: acceptance=0.300
Node 5: acceptance=0.800
Node 6: acceptance=0.550
Node 7: acceptance=0.550
Node 8: acceptance=0.900
Node 9: acceptance=0.600
Node 10: acceptance=0.650
Node 11: acceptance=0.550
Node 12: acceptance=0.100
Node 13: acceptance=0.100
Node 14: acceptance=0.050
Node 15: acceptance=0.550
Node 16: acceptance=0.600
Node 17: acceptance=0.500
Node 18: acceptance=0.500
Node 19: acceptance=0.650

=== PARALLEL EXECUTION TIME (realistic for distributed system) ===
  COMMUNICATION (max across nodes):
    - Sketch transfer: 0.000s (0.0%)
    - Model fetch (accepted): 0.000s (0.0%)
  COMPUTATION (max across nodes):
    - Sketching: 0.224s (93.9%)
    - Filtering: 0.001s (0.3%)
    - Aggregation: 0.014s (5.7%)
  TOTALS:
    - Total computation: 0.238s (100.0%)
    - Total communication: 0.000s (0.0%)
    - Total parallel time: 0.238s

=== PER-NODE AVERAGE TIME ===
  - Sketching: 0.182s
  - Filtering: 0.000s
  - Aggregation: 0.007s
  - Sketch transfer: 0.000s
  - Model fetch: 0.000s
  - Total per node: 0.189s

=== TOTAL COMPUTATIONAL WORK (sum across all nodes) ===
  - Total sketching: 3.641s
  - Total filtering: 0.007s
  - Total aggregation: 0.131s
  - Total sketch transfer: 0.000s
  - Total model fetch: 0.000s
  - Grand total: 3.778s
  - Mean acceptance rate: 0.493

Sketchguard Algorithm Properties:
  - Original dimension: 1,174,986
  - Sketch size: 180
  - Compression ratio: 19.9x
  - Single repetition: No repetitions needed
  - Theoretical complexity: O(d + N×k)
  - Approach: Sketch filtering + state aggregation
