Device: cuda
Seed: 987654321
Loading 1 LEAF Sent140 train files...
LEAF Sent140 train: 254555 users, 908652 samples
Building vocabulary (max_size=10000)...
Vocabulary size: 10000
Loading 1 LEAF Sent140 test files...
LEAF Sent140 test: 254555 users, 286281 samples
Found 254555 train users, 254555 test users, 254555 common users
User sample counts range: 494 (max) to 1 (min)
Distributed ALL 254555 users across 20 clients
Users per client: 12727 (with 15 clients getting +1 user)
Train partition sizes: [44353, 44290, 44657, 44907, 44696, 45843, 45801, 45619, 45069, 45639, 45821, 45311, 45779, 46056, 45625, 45984, 46428, 44737, 45540, 46497]
Test partition sizes: [14232, 14235, 14266, 14217, 14238, 14373, 14346, 14334, 14294, 14373, 14344, 14302, 14354, 14362, 14320, 14395, 14389, 14257, 14251, 14399]
  Client 0: 44353 train samples, 2 unique classes
  Client 1: 44290 train samples, 2 unique classes
  Client 2: 44657 train samples, 2 unique classes
  Client 3: 44907 train samples, 2 unique classes
  Client 4: 44696 train samples, 2 unique classes
  Client 5: 45843 train samples, 2 unique classes
  Client 6: 45801 train samples, 2 unique classes
  Client 7: 45619 train samples, 2 unique classes
  Client 8: 45069 train samples, 2 unique classes
  Client 9: 45639 train samples, 2 unique classes
  Client 10: 45821 train samples, 2 unique classes
  Client 11: 45311 train samples, 2 unique classes
  Client 12: 45779 train samples, 2 unique classes
  Client 13: 46056 train samples, 2 unique classes
  Client 14: 45625 train samples, 2 unique classes
  Client 15: 45984 train samples, 2 unique classes
  Client 16: 46428 train samples, 2 unique classes
  Client 17: 44737 train samples, 2 unique classes
  Client 18: 45540 train samples, 2 unique classes
  Client 19: 46497 train samples, 2 unique classes
Will sample 4500 samples per client per epoch
Graph: erdos, nodes: 20, edges: 48
Degree statistics: avg=4.80, min=2, max=7
Attack: Compromised 10/20 nodes: [1, 2, 5, 11, 12, 13, 14, 15, 17, 18]
Attack type: gaussian, lambda: 1.0
Model variant: baseline
Model parameters: 1,174,986
Sketchguard Node 0:
  Model dim: 1,174,986 → Sketch size: 180
  Compression ratio: 6527.7x
  Using model parameters for aggregation, sketches for filtering
Sketchguard Node 1:
  Model dim: 1,174,986 → Sketch size: 180
  Compression ratio: 6527.7x
  Using model parameters for aggregation, sketches for filtering
Sketchguard Node 2:
  Model dim: 1,174,986 → Sketch size: 180
  Compression ratio: 6527.7x
  Using model parameters for aggregation, sketches for filtering
Sketchguard Node 3:
  Model dim: 1,174,986 → Sketch size: 180
  Compression ratio: 6527.7x
  Using model parameters for aggregation, sketches for filtering
Sketchguard Node 4:
  Model dim: 1,174,986 → Sketch size: 180
  Compression ratio: 6527.7x
  Using model parameters for aggregation, sketches for filtering
Sketchguard Node 5:
  Model dim: 1,174,986 → Sketch size: 180
  Compression ratio: 6527.7x
  Using model parameters for aggregation, sketches for filtering
Sketchguard Node 6:
  Model dim: 1,174,986 → Sketch size: 180
  Compression ratio: 6527.7x
  Using model parameters for aggregation, sketches for filtering
Sketchguard Node 7:
  Model dim: 1,174,986 → Sketch size: 180
  Compression ratio: 6527.7x
  Using model parameters for aggregation, sketches for filtering
Sketchguard Node 8:
  Model dim: 1,174,986 → Sketch size: 180
  Compression ratio: 6527.7x
  Using model parameters for aggregation, sketches for filtering
Sketchguard Node 9:
  Model dim: 1,174,986 → Sketch size: 180
  Compression ratio: 6527.7x
  Using model parameters for aggregation, sketches for filtering
Sketchguard Node 10:
  Model dim: 1,174,986 → Sketch size: 180
  Compression ratio: 6527.7x
  Using model parameters for aggregation, sketches for filtering
Sketchguard Node 11:
  Model dim: 1,174,986 → Sketch size: 180
  Compression ratio: 6527.7x
  Using model parameters for aggregation, sketches for filtering
Sketchguard Node 12:
  Model dim: 1,174,986 → Sketch size: 180
  Compression ratio: 6527.7x
  Using model parameters for aggregation, sketches for filtering
Sketchguard Node 13:
  Model dim: 1,174,986 → Sketch size: 180
  Compression ratio: 6527.7x
  Using model parameters for aggregation, sketches for filtering
Sketchguard Node 14:
  Model dim: 1,174,986 → Sketch size: 180
  Compression ratio: 6527.7x
  Using model parameters for aggregation, sketches for filtering
Sketchguard Node 15:
  Model dim: 1,174,986 → Sketch size: 180
  Compression ratio: 6527.7x
  Using model parameters for aggregation, sketches for filtering
Sketchguard Node 16:
  Model dim: 1,174,986 → Sketch size: 180
  Compression ratio: 6527.7x
  Using model parameters for aggregation, sketches for filtering
Sketchguard Node 17:
  Model dim: 1,174,986 → Sketch size: 180
  Compression ratio: 6527.7x
  Using model parameters for aggregation, sketches for filtering
Sketchguard Node 18:
  Model dim: 1,174,986 → Sketch size: 180
  Compression ratio: 6527.7x
  Using model parameters for aggregation, sketches for filtering
Sketchguard Node 19:
  Model dim: 1,174,986 → Sketch size: 180
  Compression ratio: 6527.7x
  Using model parameters for aggregation, sketches for filtering
Sketchguard ALGORITHM (Sketch-based Filtering + State Aggregation)
  - Model dimension: 1,174,986 parameters
  - Config: SketchguardConfig(gamma=2, kappa=1, alpha=0.5, min_neighbors=1, sketch_size=180, network_seed=987654321, attack_detection_window=5)
  - Sketch size: 180
  - Compression ratio: 6527.7x
  - Complexity: O(d + N×k) = O(1,174,986 + 20×180)
  - Theoretical speedup vs BALANCE: 19.9x
Initial test acc across nodes: mean=0.4965 ± 0.0152
Round 001: test acc mean=0.5334 ± 0.0213 | min=0.4797 max=0.5705
         : test loss mean=0.6916 ± 0.0013
         : individual accs = ['0.553049', '0.531788', '0.522080', '0.516143', '0.563984', '0.535170', '0.532134', '0.570532', '0.533581', '0.526265', '0.503834', '0.529786', '0.567647', '0.547347', '0.529818', '0.543869', '0.545903', '0.515326', '0.520174', '0.479686']
         : correct/total = [(7871, 14232), (7570, 14235), (7448, 14266), (7338, 14217), (8030, 14238), (7692, 14373), (7634, 14346), (8178, 14334), (7627, 14294), (7564, 14373), (7227, 14344), (7577, 14302), (8148, 14354), (7861, 14362), (7587, 14320), (7829, 14395), (7855, 14389), (7347, 14257), (7413, 14251), (6907, 14399)]
         : compromised: 0.5343, honest: 0.5325
         : sketchguard stats = ['Node 0: acc_rate=0.667', 'Node 1: acc_rate=0.500', 'Node 2: acc_rate=0.400']...
Round 002: test acc mean=0.5199 ± 0.0336 | min=0.4863 max=0.5976
         : test loss mean=0.6907 ± 0.0034
         : individual accs = ['0.512929', '0.486266', '0.486401', '0.492087', '0.597626', '0.561678', '0.497560', '0.570392', '0.547432', '0.495304', '0.504462', '0.493008', '0.499373', '0.522838', '0.565573', '0.498784', '0.564320', '0.503051', '0.488527', '0.510174']
         : correct/total = [(7300, 14232), (6922, 14235), (6939, 14266), (6996, 14217), (8509, 14238), (8073, 14373), (7138, 14346), (8176, 14334), (7825, 14294), (7119, 14373), (7236, 14344), (7051, 14302), (7168, 14354), (7509, 14362), (8099, 14320), (7180, 14395), (8120, 14389), (7172, 14257), (6962, 14251), (7346, 14399)]
         : compromised: 0.5105, honest: 0.5292
         : sketchguard stats = ['Node 0: acc_rate=0.667', 'Node 1: acc_rate=0.500', 'Node 2: acc_rate=0.400']...
Round 003: test acc mean=0.5221 ± 0.0397 | min=0.4861 max=0.6194
         : test loss mean=0.6896 ± 0.0056
         : individual accs = ['0.495995', '0.486266', '0.486051', '0.492228', '0.619399', '0.568566', '0.497560', '0.600460', '0.538618', '0.492869', '0.515407', '0.492029', '0.499512', '0.509261', '0.581355', '0.498367', '0.546876', '0.503051', '0.488738', '0.529759']
         : correct/total = [(7059, 14232), (6922, 14235), (6934, 14266), (6998, 14217), (8819, 14238), (8172, 14373), (7138, 14346), (8607, 14334), (7699, 14294), (7084, 14373), (7393, 14344), (7037, 14302), (7170, 14354), (7314, 14362), (8325, 14320), (7174, 14395), (7869, 14389), (7172, 14257), (6965, 14251), (7628, 14399)]
         : compromised: 0.5113, honest: 0.5329
         : sketchguard stats = ['Node 0: acc_rate=0.667', 'Node 1: acc_rate=0.389', 'Node 2: acc_rate=0.400']...
Round 004: test acc mean=0.5340 ± 0.0458 | min=0.4861 max=0.6193
         : test loss mean=0.6875 ± 0.0080
         : individual accs = ['0.516442', '0.486266', '0.486051', '0.492228', '0.619329', '0.607806', '0.497560', '0.609669', '0.565972', '0.492938', '0.568809', '0.492029', '0.499512', '0.508634', '0.564595', '0.498367', '0.571687', '0.531248', '0.488738', '0.581707']
         : correct/total = [(7350, 14232), (6922, 14235), (6934, 14266), (6998, 14217), (8818, 14238), (8736, 14373), (7138, 14346), (8739, 14334), (8090, 14294), (7085, 14373), (8159, 14344), (7037, 14302), (7170, 14354), (7305, 14362), (8085, 14320), (7174, 14395), (8226, 14389), (7574, 14257), (6965, 14251), (8376, 14399)]
         : compromised: 0.5163, honest: 0.5516
         : sketchguard stats = ['Node 0: acc_rate=0.667', 'Node 1: acc_rate=0.375', 'Node 2: acc_rate=0.400']...
Round 005: test acc mean=0.5416 ± 0.0531 | min=0.4861 max=0.6285
         : test loss mean=0.6846 ± 0.0114
         : individual accs = ['0.508361', '0.486547', '0.486051', '0.492228', '0.628459', '0.620817', '0.497560', '0.616785', '0.551560', '0.492938', '0.601506', '0.492029', '0.499512', '0.510096', '0.588478', '0.498367', '0.573702', '0.595567', '0.490141', '0.600528']
         : correct/total = [(7235, 14232), (6926, 14235), (6934, 14266), (6998, 14217), (8948, 14238), (8923, 14373), (7138, 14346), (8841, 14334), (7884, 14294), (7085, 14373), (8628, 14344), (7037, 14302), (7170, 14354), (7326, 14362), (8427, 14320), (7174, 14395), (8255, 14389), (8491, 14257), (6985, 14251), (8647, 14399)]
         : compromised: 0.5268, honest: 0.5564
         : sketchguard stats = ['Node 0: acc_rate=0.667', 'Node 1: acc_rate=0.367', 'Node 2: acc_rate=0.400']...
Round 006: test acc mean=0.5491 ± 0.0549 | min=0.4861 max=0.6334
         : test loss mean=0.6808 ± 0.0149
         : individual accs = ['0.526771', '0.496031', '0.486051', '0.493494', '0.633446', '0.624574', '0.498188', '0.623413', '0.577305', '0.496695', '0.619283', '0.492029', '0.508012', '0.508843', '0.580866', '0.498367', '0.567725', '0.618012', '0.518630', '0.615251']
         : correct/total = [(7497, 14232), (7061, 14235), (6934, 14266), (7016, 14217), (9019, 14238), (8977, 14373), (7147, 14346), (8936, 14334), (8252, 14294), (7139, 14373), (8883, 14344), (7037, 14302), (7292, 14354), (7308, 14362), (8318, 14320), (7174, 14395), (8169, 14389), (8811, 14257), (7391, 14251), (8859, 14399)]
         : compromised: 0.5331, honest: 0.5652
         : sketchguard stats = ['Node 0: acc_rate=0.667', 'Node 1: acc_rate=0.361', 'Node 2: acc_rate=0.400']...
Round 007: test acc mean=0.5694 ± 0.0525 | min=0.4861 max=0.6369
         : test loss mean=0.6761 ± 0.0177
         : individual accs = ['0.581085', '0.522304', '0.486051', '0.497222', '0.636887', '0.630975', '0.514638', '0.626831', '0.595635', '0.511445', '0.623536', '0.491959', '0.539919', '0.512533', '0.591480', '0.611393', '0.593509', '0.623623', '0.570907', '0.625113']
         : correct/total = [(8270, 14232), (7435, 14235), (6934, 14266), (7069, 14217), (9068, 14238), (9069, 14373), (7383, 14346), (8985, 14334), (8514, 14294), (7351, 14373), (8944, 14344), (7036, 14302), (7750, 14354), (7361, 14362), (8470, 14320), (8801, 14395), (8540, 14389), (8891, 14257), (8136, 14251), (9001, 14399)]
         : compromised: 0.5581, honest: 0.5806
         : sketchguard stats = ['Node 0: acc_rate=0.667', 'Node 1: acc_rate=0.357', 'Node 2: acc_rate=0.400']...
Round 008: test acc mean=0.5816 ± 0.0465 | min=0.4861 max=0.6383
         : test loss mean=0.6715 ± 0.0195
         : individual accs = ['0.575393', '0.552863', '0.486051', '0.525568', '0.638292', '0.631949', '0.528719', '0.629413', '0.591997', '0.537397', '0.628695', '0.524402', '0.580953', '0.519983', '0.598673', '0.632720', '0.592258', '0.629024', '0.596730', '0.631641']
         : correct/total = [(8189, 14232), (7870, 14235), (6934, 14266), (7472, 14217), (9088, 14238), (9083, 14373), (7585, 14346), (9022, 14334), (8462, 14294), (7724, 14373), (9018, 14344), (7500, 14302), (8339, 14354), (7468, 14362), (8573, 14320), (9108, 14395), (8522, 14389), (8968, 14257), (8504, 14251), (9095, 14399)]
         : compromised: 0.5753, honest: 0.5879
         : sketchguard stats = ['Node 0: acc_rate=0.667', 'Node 1: acc_rate=0.354', 'Node 2: acc_rate=0.350']...
Round 009: test acc mean=0.6001 ± 0.0280 | min=0.5497 max=0.6411
         : test loss mean=0.6674 ± 0.0194
         : individual accs = ['0.587549', '0.594872', '0.560914', '0.573117', '0.641101', '0.635845', '0.581277', '0.628854', '0.587169', '0.569053', '0.634202', '0.549713', '0.597464', '0.578958', '0.593436', '0.637166', '0.594412', '0.631269', '0.590204', '0.635183']
         : correct/total = [(8362, 14232), (8468, 14235), (8002, 14266), (8148, 14217), (9128, 14238), (9139, 14373), (8339, 14346), (9014, 14334), (8393, 14294), (8179, 14373), (9097, 14344), (7862, 14302), (8576, 14354), (8315, 14362), (8498, 14320), (9172, 14395), (8553, 14389), (9000, 14257), (8411, 14251), (9146, 14399)]
         : compromised: 0.5970, honest: 0.6032
         : sketchguard stats = ['Node 0: acc_rate=0.667', 'Node 1: acc_rate=0.352', 'Node 2: acc_rate=0.333']...
Round 010: test acc mean=0.6121 ± 0.0182 | min=0.5815 max=0.6450
         : test loss mean=0.6624 ± 0.0172
         : individual accs = ['0.599564', '0.605971', '0.598696', '0.598016', '0.645034', '0.634523', '0.592848', '0.635203', '0.602910', '0.599109', '0.638525', '0.581457', '0.605824', '0.598315', '0.606006', '0.632511', '0.603308', '0.630357', '0.599677', '0.633377']
         : correct/total = [(8533, 14232), (8626, 14235), (8541, 14266), (8502, 14217), (9184, 14238), (9120, 14373), (8505, 14346), (9105, 14334), (8618, 14294), (8611, 14373), (9159, 14344), (8316, 14302), (8696, 14354), (8593, 14362), (8678, 14320), (9105, 14395), (8681, 14389), (8987, 14257), (8546, 14251), (9120, 14399)]
         : compromised: 0.6093, honest: 0.6148
         : sketchguard stats = ['Node 0: acc_rate=0.667', 'Node 1: acc_rate=0.350', 'Node 2: acc_rate=0.320']...

=== FINAL RESULTS ===
Dataset: sent140, Nodes: 20, Graph: erdos, Aggregation: sketchguard
Attack: gaussian, 50.0% compromised
Final accuracy - Compromised: 0.6093, Honest: 0.6148
Overall test accuracy: mean=0.6121 ± 0.0182

=== Sketchguard SUMMARY ===
Node 0: acceptance=0.667
Node 1: acceptance=0.350
Node 2: acceptance=0.320
Node 3: acceptance=0.500
Node 4: acceptance=0.250
Node 5: acceptance=0.200
Node 6: acceptance=0.400
Node 7: acceptance=0.400
Node 8: acceptance=0.500
Node 9: acceptance=0.667
Node 10: acceptance=0.500
Node 11: acceptance=0.357
Node 12: acceptance=0.471
Node 13: acceptance=0.250
Node 14: acceptance=0.143
Node 15: acceptance=0.250
Node 16: acceptance=0.200
Node 17: acceptance=0.440
Node 18: acceptance=0.375
Node 19: acceptance=0.500

=== PARALLEL EXECUTION TIME (realistic for distributed system) ===
  COMMUNICATION (max across nodes):
    - Sketch transfer: 0.000s (0.0%)
    - Model fetch (accepted): 0.000s (0.0%)
  COMPUTATION (max across nodes):
    - Sketching: 0.246s (95.1%)
    - Filtering: 0.001s (0.3%)
    - Aggregation: 0.012s (4.5%)
  TOTALS:
    - Total computation: 0.259s (100.0%)
    - Total communication: 0.000s (0.0%)
    - Total parallel time: 0.259s

=== PER-NODE AVERAGE TIME ===
  - Sketching: 0.179s
  - Filtering: 0.000s
  - Aggregation: 0.007s
  - Sketch transfer: 0.000s
  - Model fetch: 0.000s
  - Total per node: 0.186s

=== TOTAL COMPUTATIONAL WORK (sum across all nodes) ===
  - Total sketching: 3.581s
  - Total filtering: 0.008s
  - Total aggregation: 0.140s
  - Total sketch transfer: 0.000s
  - Total model fetch: 0.000s
  - Grand total: 3.729s
  - Mean acceptance rate: 0.387

Sketchguard Algorithm Properties:
  - Original dimension: 1,174,986
  - Sketch size: 180
  - Compression ratio: 19.9x
  - Single repetition: No repetitions needed
  - Theoretical complexity: O(d + N×k)
  - Approach: Sketch filtering + state aggregation
