Device: cuda
Seed: 987654321
Loading 1 LEAF Sent140 train files...
LEAF Sent140 train: 254555 users, 908652 samples
Building vocabulary (max_size=10000)...
Vocabulary size: 10000
Loading 1 LEAF Sent140 test files...
LEAF Sent140 test: 254555 users, 286281 samples
Found 254555 train users, 254555 test users, 254555 common users
User sample counts range: 494 (max) to 1 (min)
Distributed ALL 254555 users across 20 clients
Users per client: 12727 (with 15 clients getting +1 user)
Train partition sizes: [44353, 44290, 44657, 44907, 44696, 45843, 45801, 45619, 45069, 45639, 45821, 45311, 45779, 46056, 45625, 45984, 46428, 44737, 45540, 46497]
Test partition sizes: [14232, 14235, 14266, 14217, 14238, 14373, 14346, 14334, 14294, 14373, 14344, 14302, 14354, 14362, 14320, 14395, 14389, 14257, 14251, 14399]
  Client 0: 44353 train samples, 2 unique classes
  Client 1: 44290 train samples, 2 unique classes
  Client 2: 44657 train samples, 2 unique classes
  Client 3: 44907 train samples, 2 unique classes
  Client 4: 44696 train samples, 2 unique classes
  Client 5: 45843 train samples, 2 unique classes
  Client 6: 45801 train samples, 2 unique classes
  Client 7: 45619 train samples, 2 unique classes
  Client 8: 45069 train samples, 2 unique classes
  Client 9: 45639 train samples, 2 unique classes
  Client 10: 45821 train samples, 2 unique classes
  Client 11: 45311 train samples, 2 unique classes
  Client 12: 45779 train samples, 2 unique classes
  Client 13: 46056 train samples, 2 unique classes
  Client 14: 45625 train samples, 2 unique classes
  Client 15: 45984 train samples, 2 unique classes
  Client 16: 46428 train samples, 2 unique classes
  Client 17: 44737 train samples, 2 unique classes
  Client 18: 45540 train samples, 2 unique classes
  Client 19: 46497 train samples, 2 unique classes
Will sample 4500 samples per client per epoch
Graph: erdos, nodes: 20, edges: 48
Degree statistics: avg=4.80, min=2, max=7
Attack: Compromised 8/20 nodes: [1, 5, 11, 12, 13, 14, 17, 18]
Attack type: backdoor, lambda: 1.0
Backdoor target label: 1, trigger size: 3
Model variant: baseline
Model parameters: 1,174,986
UBAR ALGORITHM (Two-Stage Byzantine-resilient)
  - Model dimension: 1,174,986 parameters
  - Rho parameter: 0.6
  - Stage 1: Distance-based filtering (select 60% closest neighbors)
  - Stage 2: Performance-based selection (loss comparison)
  - Complexity: O(deg(i)×d + deg(i)×inference)
Initial test acc across nodes: mean=0.4965 ± 0.0152
Backdoor attack: Created poisoned datasets for 8 compromised nodes
Round 001: test acc mean=0.5209 ± 0.0242 | min=0.4797 max=0.5640
         : test loss mean=13.7912 ± 17.0903
         : individual accs = ['0.536046', '0.496874', '0.534417', '0.523106', '0.563984', '0.506992', '0.517426', '0.563555', '0.533581', '0.543589', '0.515407', '0.498741', '0.505225', '0.507729', '0.501466', '0.554081', '0.545903', '0.503262', '0.486913', '0.479686']
         : correct/total = [(7629, 14232), (7073, 14235), (7624, 14266), (7437, 14217), (8030, 14238), (7287, 14373), (7423, 14346), (8078, 14334), (7627, 14294), (7813, 14373), (7393, 14344), (7133, 14302), (7252, 14354), (7292, 14362), (7181, 14320), (7976, 14395), (7855, 14389), (7175, 14257), (6939, 14251), (6907, 14399)]
         : compromised: 0.5009, honest: 0.5342
         : ubar stats = ['Node 0: s1=0.500, s2=0.333', 'Node 1: s1=0.500, s2=1.000', 'Node 2: s1=0.600, s2=0.333']...
Round 002: test acc mean=0.5400 ± 0.0416 | min=0.4892 max=0.6077
         : test loss mean=533.5455 ± 661.6856
         : individual accs = ['0.585371', '0.510713', '0.591476', '0.491946', '0.607670', '0.489181', '0.497560', '0.603251', '0.562054', '0.587699', '0.554448', '0.511187', '0.501672', '0.511489', '0.498045', '0.571726', '0.583849', '0.504314', '0.499123', '0.537329']
         : correct/total = [(8331, 14232), (7270, 14235), (8438, 14266), (6994, 14217), (8652, 14238), (7031, 14373), (7138, 14346), (8647, 14334), (8034, 14294), (8447, 14373), (7953, 14344), (7311, 14302), (7201, 14354), (7346, 14362), (7132, 14320), (8230, 14395), (8401, 14389), (7190, 14257), (7113, 14251), (7737, 14399)]
         : compromised: 0.5032, honest: 0.5645
         : ubar stats = ['Node 0: s1=0.500, s2=0.333', 'Node 1: s1=0.500, s2=1.000', 'Node 2: s1=0.600, s2=0.333']...
Round 003: test acc mean=0.5485 ± 0.0503 | min=0.4890 max=0.6233
         : test loss mean=38438.7154 ± 47766.5282
         : individual accs = ['0.614109', '0.496452', '0.586920', '0.498839', '0.623262', '0.496973', '0.504810', '0.594391', '0.603820', '0.608850', '0.582055', '0.488953', '0.507176', '0.510583', '0.502235', '0.603404', '0.601640', '0.505296', '0.494211', '0.546844']
         : correct/total = [(8740, 14232), (7067, 14235), (8373, 14266), (7092, 14217), (8874, 14238), (7143, 14373), (7242, 14346), (8520, 14334), (8631, 14294), (8751, 14373), (8349, 14344), (6993, 14302), (7280, 14354), (7333, 14362), (7192, 14320), (8686, 14395), (8657, 14389), (7204, 14257), (7043, 14251), (7874, 14399)]
         : compromised: 0.5002, honest: 0.5807
         : ubar stats = ['Node 0: s1=0.500, s2=0.333', 'Node 1: s1=0.500, s2=1.000', 'Node 2: s1=0.600, s2=0.444']...
Round 004: test acc mean=0.5599 ± 0.0551 | min=0.4922 max=0.6232
         : test loss mean=3912711.4434 ± 4842190.9461
         : individual accs = ['0.620503', '0.499614', '0.572340', '0.492228', '0.623191', '0.506157', '0.551025', '0.620413', '0.619631', '0.615947', '0.613497', '0.496924', '0.502090', '0.516432', '0.498673', '0.618270', '0.613802', '0.502841', '0.502982', '0.611431']
         : correct/total = [(8831, 14232), (7112, 14235), (8165, 14266), (6998, 14217), (8873, 14238), (7275, 14373), (7905, 14346), (8893, 14334), (8857, 14294), (8853, 14373), (8800, 14344), (7107, 14302), (7207, 14354), (7417, 14362), (7141, 14320), (8900, 14395), (8832, 14389), (7169, 14257), (7168, 14251), (8804, 14399)]
         : compromised: 0.5032, honest: 0.5977
         : ubar stats = ['Node 0: s1=0.500, s2=0.333', 'Node 1: s1=0.500, s2=1.000', 'Node 2: s1=0.600, s2=0.417']...
Round 005: test acc mean=0.5606 ± 0.0605 | min=0.4914 max=0.6363
         : test loss mean=229579740.9360 ± 295516358.9021
         : individual accs = ['0.629005', '0.504812', '0.491378', '0.495815', '0.636325', '0.491755', '0.580998', '0.625157', '0.623688', '0.623322', '0.623397', '0.502098', '0.496168', '0.507938', '0.511173', '0.609378', '0.625269', '0.500386', '0.510280', '0.624279']
         : correct/total = [(8952, 14232), (7186, 14235), (7010, 14266), (7049, 14217), (9060, 14238), (7068, 14373), (8335, 14346), (8961, 14334), (8915, 14294), (8959, 14373), (8942, 14344), (7181, 14302), (7122, 14354), (7295, 14362), (7320, 14320), (8772, 14395), (8997, 14389), (7134, 14257), (7272, 14251), (8989, 14399)]
         : compromised: 0.5031, honest: 0.5990
         : ubar stats = ['Node 0: s1=0.500, s2=0.333', 'Node 1: s1=0.500, s2=1.000', 'Node 2: s1=0.600, s2=0.467']...
Round 006: test acc mean=0.5691 ± 0.0625 | min=0.4927 max=0.6401
         : test loss mean=17016555669.2045 ± 21915791713.8725
         : individual accs = ['0.632097', '0.506358', '0.592878', '0.492720', '0.640118', '0.499965', '0.592012', '0.627599', '0.630964', '0.635497', '0.631623', '0.499650', '0.508639', '0.499930', '0.496369', '0.629177', '0.628466', '0.506488', '0.501438', '0.629905']
         : correct/total = [(8996, 14232), (7208, 14235), (8458, 14266), (7005, 14217), (9114, 14238), (7186, 14373), (8493, 14346), (8996, 14334), (9019, 14294), (9134, 14373), (9060, 14344), (7146, 14302), (7301, 14354), (7180, 14362), (7108, 14320), (9057, 14395), (9043, 14389), (7221, 14257), (7146, 14251), (9070, 14399)]
         : compromised: 0.5024, honest: 0.6136
         : ubar stats = ['Node 0: s1=0.500, s2=0.333', 'Node 1: s1=0.500, s2=1.000', 'Node 2: s1=0.600, s2=0.444']...
Round 007: test acc mean=0.5789 ± 0.0648 | min=0.4911 max=0.6417
         : test loss mean=1401822022139.6187 ± 1835951401506.4814
         : individual accs = ['0.638702', '0.491113', '0.621688', '0.628825', '0.639767', '0.510680', '0.589781', '0.635831', '0.633692', '0.640228', '0.630647', '0.500210', '0.502996', '0.491993', '0.495182', '0.636818', '0.641671', '0.505506', '0.509017', '0.634141']
         : correct/total = [(9090, 14232), (6991, 14235), (8869, 14266), (8940, 14217), (9109, 14238), (7340, 14373), (8461, 14346), (9114, 14334), (9058, 14294), (9202, 14373), (9046, 14344), (7154, 14302), (7220, 14354), (7066, 14362), (7091, 14320), (9167, 14395), (9233, 14389), (7207, 14257), (7254, 14251), (9131, 14399)]
         : compromised: 0.5008, honest: 0.6310
         : ubar stats = ['Node 0: s1=0.500, s2=0.333', 'Node 1: s1=0.500, s2=1.000', 'Node 2: s1=0.600, s2=0.429']...
Round 008: test acc mean=0.5802 ± 0.0657 | min=0.4898 max=0.6443
         : test loss mean=112087705818103.8281 ± 145214527307525.5625
         : individual accs = ['0.637648', '0.489849', '0.616431', '0.634100', '0.636676', '0.510471', '0.593894', '0.637854', '0.639009', '0.638837', '0.635178', '0.501468', '0.506479', '0.492062', '0.507542', '0.644321', '0.641323', '0.497300', '0.502702', '0.641572']
         : correct/total = [(9075, 14232), (6973, 14235), (8794, 14266), (9015, 14217), (9065, 14238), (7337, 14373), (8520, 14346), (9143, 14334), (9134, 14294), (9182, 14373), (9111, 14344), (7172, 14302), (7270, 14354), (7067, 14362), (7268, 14320), (9275, 14395), (9228, 14389), (7090, 14257), (7164, 14251), (9238, 14399)]
         : compromised: 0.5010, honest: 0.6331
         : ubar stats = ['Node 0: s1=0.500, s2=0.375', 'Node 1: s1=0.500, s2=1.000', 'Node 2: s1=0.600, s2=0.417']...
Round 009: test acc mean=0.5848 ± 0.0680 | min=0.4935 max=0.6485
         : test loss mean=8902034417335091.0000 ± 11232836944955506.0000
         : individual accs = ['0.641723', '0.501089', '0.633604', '0.637828', '0.641312', '0.498017', '0.628816', '0.636598', '0.644186', '0.646281', '0.637340', '0.500000', '0.502508', '0.493455', '0.505587', '0.646474', '0.648481', '0.502630', '0.511122', '0.639628']
         : correct/total = [(9133, 14232), (7133, 14235), (9039, 14266), (9068, 14217), (9131, 14238), (7158, 14373), (9021, 14346), (9125, 14334), (9208, 14294), (9289, 14373), (9142, 14344), (7151, 14302), (7213, 14354), (7087, 14362), (7240, 14320), (9306, 14395), (9331, 14389), (7166, 14257), (7284, 14251), (9210, 14399)]
         : compromised: 0.5018, honest: 0.6402
         : ubar stats = ['Node 0: s1=0.500, s2=0.407', 'Node 1: s1=0.500, s2=1.000', 'Node 2: s1=0.600, s2=0.407']...
Round 010: test acc mean=0.5847 ± 0.0689 | min=0.4902 max=0.6495
         : test loss mean=723275529099544320.0000 ± 913960108680239872.0000
         : individual accs = ['0.641863', '0.503196', '0.636408', '0.642189', '0.649529', '0.492938', '0.618291', '0.643226', '0.639849', '0.648160', '0.639710', '0.503007', '0.502020', '0.490182', '0.495461', '0.641751', '0.647300', '0.506137', '0.513438', '0.639558']
         : correct/total = [(9135, 14232), (7163, 14235), (9079, 14266), (9130, 14217), (9248, 14238), (7085, 14373), (8870, 14346), (9220, 14334), (9146, 14294), (9316, 14373), (9176, 14344), (7194, 14302), (7206, 14354), (7040, 14362), (7095, 14320), (9238, 14395), (9314, 14389), (7216, 14257), (7317, 14251), (9209, 14399)]
         : compromised: 0.5008, honest: 0.6407
         : ubar stats = ['Node 0: s1=0.500, s2=0.400', 'Node 1: s1=0.500, s2=1.000', 'Node 2: s1=0.600, s2=0.400']...

=== FINAL RESULTS ===
Dataset: sent140, Nodes: 20, Graph: erdos, Aggregation: ubar
Attack: backdoor, 40.0% compromised
Final accuracy - Compromised: 0.5008, Honest: 0.6407
Overall test accuracy: mean=0.5847 ± 0.0689

=== BACKDOOR ATTACK SUCCESS RATE (ASR) ===
Target label: 1
Trigger size: 3x3
Overall ASR: 0.7087 ± 0.2352
Honest nodes ASR: 0.5201 ± 0.0575
Compromised nodes ASR: 0.9916 ± 0.0048
Note: Higher ASR indicates more successful backdoor attack

=== UBAR SUMMARY ===
Node 0: stage1=0.500, stage2=0.400, overall=0.200
Node 1: stage1=0.500, stage2=1.000, overall=0.500
Node 2: stage1=0.600, stage2=0.400, overall=0.240
Node 3: stage1=0.500, stage2=0.550, overall=0.275
Node 4: stage1=0.500, stage2=0.500, overall=0.250
Node 5: stage1=0.600, stage2=1.000, overall=0.600
Node 6: stage1=0.600, stage2=0.767, overall=0.460
Node 7: stage1=0.600, stage2=0.500, overall=0.300
Node 8: stage1=0.500, stage2=1.000, overall=0.500
Node 9: stage1=0.333, stage2=1.000, overall=0.333
Node 10: stage1=0.500, stage2=0.650, overall=0.325
Node 11: stage1=0.571, stage2=1.000, overall=0.571
Node 12: stage1=0.571, stage2=1.000, overall=0.571
Node 13: stage1=0.500, stage2=1.000, overall=0.500
Node 14: stage1=0.571, stage2=1.000, overall=0.571
Node 15: stage1=0.500, stage2=0.367, overall=0.183
Node 16: stage1=0.600, stage2=0.333, overall=0.200
Node 17: stage1=0.600, stage2=1.000, overall=0.600
Node 18: stage1=0.500, stage2=1.000, overall=0.500
Node 19: stage1=0.500, stage2=1.000, overall=0.500

=== PARALLEL EXECUTION TIME (realistic for distributed system) ===
  COMMUNICATION (max across nodes):
    - Full model transfer: 0.000s (0.0%)
  COMPUTATION (max across nodes):
    - Distance computation: 0.029s (51.9%)
    - Loss computation: 0.020s (35.1%)
    - Aggregation: 0.007s (13.0%)
  TOTALS:
    - Total computation: 0.057s (100.0%)
    - Total communication: 0.000s (0.0%)
    - Total parallel time: 0.057s

=== PER-NODE AVERAGE TIME ===
  - Distance computation: 0.020s
  - Loss computation: 0.013s
  - Aggregation: 0.005s
  - Model transfer: 0.000s
  - Total per node: 0.038s

=== TOTAL COMPUTATIONAL WORK (sum across all nodes) ===
  - Total distance computation: 0.396s
  - Total loss computation: 0.267s
  - Total aggregation: 0.092s
  - Total model transfer: 0.000s
  - Grand total: 0.756s
  - Mean Stage 1 acceptance rate: 0.532
  - Mean Stage 2 acceptance rate: 0.773
  - Overall acceptance rate: 0.412

UBAR Algorithm Properties:
  - Model dimension: 1,174,986
  - Rho parameter: 0.6
  - Two-stage approach: Distance filtering + loss evaluation
  - Stage 1 selects: 60% of neighbors
  - Stage 2 uses: Training sample loss comparison
  - Theoretical complexity: O(deg(i)×d + deg(i)×inference)
  - Approach: UBAR paper implementation
