Device: cuda
Seed: 987654321
Loading 1 LEAF Sent140 train files...
LEAF Sent140 train: 254555 users, 908652 samples
Building vocabulary (max_size=10000)...
Vocabulary size: 10000
Loading 1 LEAF Sent140 test files...
LEAF Sent140 test: 254555 users, 286281 samples
Found 254555 train users, 254555 test users, 254555 common users
User sample counts range: 494 (max) to 1 (min)
Distributed ALL 254555 users across 20 clients
Users per client: 12727 (with 15 clients getting +1 user)
Train partition sizes: [44353, 44290, 44657, 44907, 44696, 45843, 45801, 45619, 45069, 45639, 45821, 45311, 45779, 46056, 45625, 45984, 46428, 44737, 45540, 46497]
Test partition sizes: [14232, 14235, 14266, 14217, 14238, 14373, 14346, 14334, 14294, 14373, 14344, 14302, 14354, 14362, 14320, 14395, 14389, 14257, 14251, 14399]
  Client 0: 44353 train samples, 2 unique classes
  Client 1: 44290 train samples, 2 unique classes
  Client 2: 44657 train samples, 2 unique classes
  Client 3: 44907 train samples, 2 unique classes
  Client 4: 44696 train samples, 2 unique classes
  Client 5: 45843 train samples, 2 unique classes
  Client 6: 45801 train samples, 2 unique classes
  Client 7: 45619 train samples, 2 unique classes
  Client 8: 45069 train samples, 2 unique classes
  Client 9: 45639 train samples, 2 unique classes
  Client 10: 45821 train samples, 2 unique classes
  Client 11: 45311 train samples, 2 unique classes
  Client 12: 45779 train samples, 2 unique classes
  Client 13: 46056 train samples, 2 unique classes
  Client 14: 45625 train samples, 2 unique classes
  Client 15: 45984 train samples, 2 unique classes
  Client 16: 46428 train samples, 2 unique classes
  Client 17: 44737 train samples, 2 unique classes
  Client 18: 45540 train samples, 2 unique classes
  Client 19: 46497 train samples, 2 unique classes
Will sample 4500 samples per client per epoch
Graph: erdos, nodes: 20, edges: 48
Degree statistics: avg=4.80, min=2, max=7
Attack: Compromised 16/20 nodes: [1, 2, 3, 5, 6, 8, 9, 10, 11, 12, 13, 14, 15, 17, 18, 19]
Attack type: backdoor, lambda: 1.0
Backdoor target label: 1, trigger size: 3
Model variant: baseline
Model parameters: 1,174,986
Sketchguard Node 0:
  Model dim: 1,174,986 → Sketch size: 180
  Compression ratio: 6527.7x
  Using model parameters for aggregation, sketches for filtering
Sketchguard Node 1:
  Model dim: 1,174,986 → Sketch size: 180
  Compression ratio: 6527.7x
  Using model parameters for aggregation, sketches for filtering
Sketchguard Node 2:
  Model dim: 1,174,986 → Sketch size: 180
  Compression ratio: 6527.7x
  Using model parameters for aggregation, sketches for filtering
Sketchguard Node 3:
  Model dim: 1,174,986 → Sketch size: 180
  Compression ratio: 6527.7x
  Using model parameters for aggregation, sketches for filtering
Sketchguard Node 4:
  Model dim: 1,174,986 → Sketch size: 180
  Compression ratio: 6527.7x
  Using model parameters for aggregation, sketches for filtering
Sketchguard Node 5:
  Model dim: 1,174,986 → Sketch size: 180
  Compression ratio: 6527.7x
  Using model parameters for aggregation, sketches for filtering
Sketchguard Node 6:
  Model dim: 1,174,986 → Sketch size: 180
  Compression ratio: 6527.7x
  Using model parameters for aggregation, sketches for filtering
Sketchguard Node 7:
  Model dim: 1,174,986 → Sketch size: 180
  Compression ratio: 6527.7x
  Using model parameters for aggregation, sketches for filtering
Sketchguard Node 8:
  Model dim: 1,174,986 → Sketch size: 180
  Compression ratio: 6527.7x
  Using model parameters for aggregation, sketches for filtering
Sketchguard Node 9:
  Model dim: 1,174,986 → Sketch size: 180
  Compression ratio: 6527.7x
  Using model parameters for aggregation, sketches for filtering
Sketchguard Node 10:
  Model dim: 1,174,986 → Sketch size: 180
  Compression ratio: 6527.7x
  Using model parameters for aggregation, sketches for filtering
Sketchguard Node 11:
  Model dim: 1,174,986 → Sketch size: 180
  Compression ratio: 6527.7x
  Using model parameters for aggregation, sketches for filtering
Sketchguard Node 12:
  Model dim: 1,174,986 → Sketch size: 180
  Compression ratio: 6527.7x
  Using model parameters for aggregation, sketches for filtering
Sketchguard Node 13:
  Model dim: 1,174,986 → Sketch size: 180
  Compression ratio: 6527.7x
  Using model parameters for aggregation, sketches for filtering
Sketchguard Node 14:
  Model dim: 1,174,986 → Sketch size: 180
  Compression ratio: 6527.7x
  Using model parameters for aggregation, sketches for filtering
Sketchguard Node 15:
  Model dim: 1,174,986 → Sketch size: 180
  Compression ratio: 6527.7x
  Using model parameters for aggregation, sketches for filtering
Sketchguard Node 16:
  Model dim: 1,174,986 → Sketch size: 180
  Compression ratio: 6527.7x
  Using model parameters for aggregation, sketches for filtering
Sketchguard Node 17:
  Model dim: 1,174,986 → Sketch size: 180
  Compression ratio: 6527.7x
  Using model parameters for aggregation, sketches for filtering
Sketchguard Node 18:
  Model dim: 1,174,986 → Sketch size: 180
  Compression ratio: 6527.7x
  Using model parameters for aggregation, sketches for filtering
Sketchguard Node 19:
  Model dim: 1,174,986 → Sketch size: 180
  Compression ratio: 6527.7x
  Using model parameters for aggregation, sketches for filtering
Sketchguard ALGORITHM (Sketch-based Filtering + State Aggregation)
  - Model dimension: 1,174,986 parameters
  - Config: SketchguardConfig(gamma=2, kappa=1, alpha=0.5, min_neighbors=1, sketch_size=180, network_seed=987654321, attack_detection_window=5)
  - Sketch size: 180
  - Compression ratio: 6527.7x
  - Complexity: O(d + N×k) = O(1,174,986 + 20×180)
  - Theoretical speedup vs BALANCE: 19.9x
Initial test acc across nodes: mean=0.4953 ± 0.0174
Backdoor attack: Created poisoned datasets for 16 compromised nodes
Round 001: test acc mean=0.5045 ± 0.0104 | min=0.4782 max=0.5213
         : test loss mean=36.3682 ± 20.5945
         : individual accs = ['0.482996', '0.521321', '0.505047', '0.491946', '0.493890', '0.513671', '0.514359', '0.478234', '0.509095', '0.507618', '0.507808', '0.507691', '0.516929', '0.510444', '0.505307', '0.502883', '0.506498', '0.506418', '0.501017', '0.507605']
         : correct/total = [(6874, 14232), (7421, 14235), (7205, 14266), (6994, 14217), (7032, 14238), (7383, 14373), (7379, 14346), (6855, 14334), (7277, 14294), (7296, 14373), (7284, 14344), (7261, 14302), (7420, 14354), (7331, 14362), (7236, 14320), (7239, 14395), (7288, 14389), (7220, 14257), (7140, 14251), (7309, 14399)]
         : compromised: 0.5081, honest: 0.4904
         : sketchguard stats = ['Node 0: acc_rate=1.000', 'Node 1: acc_rate=1.000', 'Node 2: acc_rate=1.000']...
Round 002: test acc mean=0.5022 ± 0.0072 | min=0.4924 max=0.5156
         : test loss mean=993.7732 ± 501.9549
         : individual accs = ['0.492622', '0.515630', '0.511987', '0.514384', '0.495294', '0.511932', '0.501673', '0.492814', '0.500630', '0.503722', '0.500070', '0.505244', '0.495193', '0.492411', '0.506215', '0.503578', '0.492460', '0.502420', '0.504596', '0.500174']
         : correct/total = [(7011, 14232), (7340, 14235), (7304, 14266), (7313, 14217), (7052, 14238), (7358, 14373), (7197, 14346), (7064, 14334), (7156, 14294), (7240, 14373), (7173, 14344), (7226, 14302), (7108, 14354), (7072, 14362), (7249, 14320), (7249, 14395), (7086, 14389), (7163, 14257), (7191, 14251), (7202, 14399)]
         : compromised: 0.5044, honest: 0.4933
         : sketchguard stats = ['Node 0: acc_rate=1.000', 'Node 1: acc_rate=1.000', 'Node 2: acc_rate=1.000']...
Round 003: test acc mean=0.5002 ± 0.0081 | min=0.4848 max=0.5120
         : test loss mean=52548.2356 ± 59764.0977
         : individual accs = ['0.507378', '0.484791', '0.486822', '0.487867', '0.505478', '0.512002', '0.504810', '0.507255', '0.507136', '0.491547', '0.498397', '0.494756', '0.500975', '0.509469', '0.490922', '0.503091', '0.507471', '0.498702', '0.497719', '0.506980']
         : correct/total = [(7221, 14232), (6901, 14235), (6945, 14266), (6936, 14217), (7197, 14238), (7359, 14373), (7242, 14346), (7271, 14334), (7249, 14294), (7065, 14373), (7149, 14344), (7076, 14302), (7191, 14354), (7317, 14362), (7030, 14320), (7242, 14395), (7302, 14389), (7110, 14257), (7093, 14251), (7300, 14399)]
         : compromised: 0.4985, honest: 0.5069
         : sketchguard stats = ['Node 0: acc_rate=1.000', 'Node 1: acc_rate=1.000', 'Node 2: acc_rate=1.000']...
Round 004: test acc mean=0.5018 ± 0.0088 | min=0.4803 max=0.5175
         : test loss mean=6677950.1413 ± 4780516.6347
         : individual accs = ['0.491990', '0.516333', '0.511987', '0.517479', '0.494171', '0.503653', '0.504601', '0.480257', '0.507975', '0.505531', '0.498745', '0.500280', '0.497353', '0.492689', '0.508450', '0.503091', '0.492112', '0.504384', '0.498632', '0.506146']
         : correct/total = [(7002, 14232), (7350, 14235), (7304, 14266), (7357, 14217), (7036, 14238), (7239, 14373), (7239, 14346), (6884, 14334), (7261, 14294), (7266, 14373), (7154, 14344), (7155, 14302), (7139, 14354), (7076, 14362), (7281, 14320), (7242, 14395), (7081, 14389), (7191, 14257), (7106, 14251), (7288, 14399)]
         : compromised: 0.5048, honest: 0.4896
         : sketchguard stats = ['Node 0: acc_rate=1.000', 'Node 1: acc_rate=1.000', 'Node 2: acc_rate=1.000']...
Round 005: test acc mean=0.4979 ± 0.0071 | min=0.4821 max=0.5075
         : test loss mean=344042921.1488 ± 237394901.3999
         : individual accs = ['0.507307', '0.482122', '0.486541', '0.486249', '0.505478', '0.496278', '0.499791', '0.507325', '0.498671', '0.495234', '0.498397', '0.493707', '0.503065', '0.506824', '0.492598', '0.497673', '0.507471', '0.496247', '0.495685', '0.500521']
         : correct/total = [(7220, 14232), (6863, 14235), (6941, 14266), (6913, 14217), (7197, 14238), (7133, 14373), (7170, 14346), (7272, 14334), (7128, 14294), (7118, 14373), (7149, 14344), (7061, 14302), (7221, 14354), (7279, 14362), (7054, 14320), (7164, 14395), (7302, 14389), (7075, 14257), (7064, 14251), (7207, 14399)]
         : compromised: 0.4956, honest: 0.5069
         : sketchguard stats = ['Node 0: acc_rate=1.000', 'Node 1: acc_rate=1.000', 'Node 2: acc_rate=1.000']...
Round 006: test acc mean=0.5017 ± 0.0080 | min=0.4829 max=0.5168
         : test loss mean=35032398262.2734 ± 20036269001.7022
         : individual accs = ['0.493184', '0.516825', '0.512758', '0.515088', '0.491853', '0.502679', '0.500209', '0.494140', '0.501889', '0.504696', '0.501255', '0.506642', '0.496935', '0.493246', '0.507402', '0.501702', '0.482869', '0.504664', '0.504386', '0.501910']
         : correct/total = [(7019, 14232), (7357, 14235), (7315, 14266), (7323, 14217), (7003, 14238), (7225, 14373), (7176, 14346), (7083, 14334), (7174, 14294), (7254, 14373), (7190, 14344), (7246, 14302), (7133, 14354), (7084, 14362), (7266, 14320), (7222, 14395), (6948, 14389), (7195, 14257), (7188, 14251), (7227, 14399)]
         : compromised: 0.5045, honest: 0.4905
         : sketchguard stats = ['Node 0: acc_rate=0.944', 'Node 1: acc_rate=1.000', 'Node 2: acc_rate=1.000']...
Round 007: test acc mean=0.4987 ± 0.0071 | min=0.4832 max=0.5078
         : test loss mean=1978701050880.1392 ± 1652404710840.6821
         : individual accs = ['0.505200', '0.483175', '0.488154', '0.485264', '0.502248', '0.500035', '0.500000', '0.507744', '0.503288', '0.495234', '0.499024', '0.500280', '0.502438', '0.506824', '0.493156', '0.495102', '0.507401', '0.496177', '0.495825', '0.507813']
         : correct/total = [(7190, 14232), (6878, 14235), (6964, 14266), (6899, 14217), (7151, 14238), (7187, 14373), (7173, 14346), (7278, 14334), (7194, 14294), (7118, 14373), (7158, 14344), (7155, 14302), (7212, 14354), (7279, 14362), (7062, 14320), (7127, 14395), (7301, 14389), (7074, 14257), (7066, 14251), (7312, 14399)]
         : compromised: 0.4970, honest: 0.5056
         : sketchguard stats = ['Node 0: acc_rate=0.905', 'Node 1: acc_rate=0.857', 'Node 2: acc_rate=0.857']...
Round 008: test acc mean=0.5015 ± 0.0068 | min=0.4921 max=0.5165
         : test loss mean=193729704463487.5312 ± 113988924316504.8750
         : individual accs = ['0.495433', '0.516544', '0.509393', '0.515228', '0.494311', '0.504140', '0.499930', '0.492396', '0.496502', '0.505044', '0.500070', '0.500280', '0.496935', '0.493107', '0.507332', '0.502536', '0.492112', '0.504173', '0.504456', '0.499132']
         : correct/total = [(7051, 14232), (7353, 14235), (7267, 14266), (7325, 14217), (7038, 14238), (7246, 14373), (7172, 14346), (7058, 14334), (7097, 14294), (7259, 14373), (7173, 14344), (7155, 14302), (7133, 14354), (7082, 14362), (7265, 14320), (7234, 14395), (7081, 14389), (7188, 14257), (7189, 14251), (7187, 14399)]
         : compromised: 0.5034, honest: 0.4936
         : sketchguard stats = ['Node 0: acc_rate=0.875', 'Node 1: acc_rate=0.750', 'Node 2: acc_rate=0.750']...
Round 009: test acc mean=0.4994 ± 0.0081 | min=0.4839 max=0.5161
         : test loss mean=10594463913211810.0000 ± 7007909030467331.0000
         : individual accs = ['0.507729', '0.483878', '0.495724', '0.490188', '0.505268', '0.496904', '0.500767', '0.508372', '0.498461', '0.495512', '0.516104', '0.501748', '0.501742', '0.507450', '0.498603', '0.484613', '0.510320', '0.492320', '0.495193', '0.497604']
         : correct/total = [(7226, 14232), (6888, 14235), (7072, 14266), (6969, 14217), (7194, 14238), (7142, 14373), (7184, 14346), (7287, 14334), (7125, 14294), (7122, 14373), (7403, 14344), (7176, 14302), (7202, 14354), (7288, 14362), (7140, 14320), (6976, 14395), (7343, 14389), (7019, 14257), (7057, 14251), (7165, 14399)]
         : compromised: 0.4973, honest: 0.5079
         : sketchguard stats = ['Node 0: acc_rate=0.852', 'Node 1: acc_rate=0.667', 'Node 2: acc_rate=0.667']...
Round 010: test acc mean=0.5029 ± 0.0066 | min=0.4930 max=0.5170
         : test loss mean=1264206597590889216.0000 ± 767064130017188224.0000
         : individual accs = ['0.493114', '0.517035', '0.511846', '0.513962', '0.493047', '0.504627', '0.498118', '0.501395', '0.500630', '0.509288', '0.501743', '0.505873', '0.497840', '0.492968', '0.508450', '0.502327', '0.496212', '0.502490', '0.504386', '0.503229']
         : correct/total = [(7018, 14232), (7360, 14235), (7302, 14266), (7307, 14217), (7020, 14238), (7253, 14373), (7146, 14346), (7187, 14334), (7156, 14294), (7320, 14373), (7197, 14344), (7235, 14302), (7146, 14354), (7080, 14362), (7281, 14320), (7231, 14395), (7140, 14389), (7164, 14257), (7188, 14251), (7246, 14399)]
         : compromised: 0.5047, honest: 0.4959
         : sketchguard stats = ['Node 0: acc_rate=0.833', 'Node 1: acc_rate=0.600', 'Node 2: acc_rate=0.600']...

=== FINAL RESULTS ===
Dataset: sent140, Nodes: 20, Graph: erdos, Aggregation: sketchguard
Attack: backdoor, 80.0% compromised
Final accuracy - Compromised: 0.5047, Honest: 0.4959
Overall test accuracy: mean=0.5029 ± 0.0066

=== BACKDOOR ATTACK SUCCESS RATE (ASR) ===
Target label: 1
Trigger size: 3x3
Overall ASR: 0.5342 ± 0.3424
Honest nodes ASR: 0.9584 ± 0.0348
Compromised nodes ASR: 0.4281 ± 0.3000
Note: Higher ASR indicates more successful backdoor attack

=== Sketchguard SUMMARY ===
Node 0: acceptance=0.833
Node 1: acceptance=0.600
Node 2: acceptance=0.600
Node 3: acceptance=0.550
Node 4: acceptance=0.750
Node 5: acceptance=0.580
Node 6: acceptance=0.580
Node 7: acceptance=0.880
Node 8: acceptance=0.600
Node 9: acceptance=0.600
Node 10: acceptance=0.550
Node 11: acceptance=0.600
Node 12: acceptance=0.600
Node 13: acceptance=0.600
Node 14: acceptance=0.600
Node 15: acceptance=0.583
Node 16: acceptance=0.780
Node 17: acceptance=0.600
Node 18: acceptance=0.575
Node 19: acceptance=0.600

=== PARALLEL EXECUTION TIME (realistic for distributed system) ===
  COMMUNICATION (max across nodes):
    - Sketch transfer: 0.000s (0.0%)
    - Model fetch (accepted): 0.000s (0.0%)
  COMPUTATION (max across nodes):
    - Sketching: 0.282s (95.5%)
    - Filtering: 0.001s (0.3%)
    - Aggregation: 0.012s (4.2%)
  TOTALS:
    - Total computation: 0.295s (100.0%)
    - Total communication: 0.000s (0.0%)
    - Total parallel time: 0.295s

=== PER-NODE AVERAGE TIME ===
  - Sketching: 0.236s
  - Filtering: 0.000s
  - Aggregation: 0.009s
  - Sketch transfer: 0.000s
  - Model fetch: 0.000s
  - Total per node: 0.246s

=== TOTAL COMPUTATIONAL WORK (sum across all nodes) ===
  - Total sketching: 4.717s
  - Total filtering: 0.008s
  - Total aggregation: 0.187s
  - Total sketch transfer: 0.000s
  - Total model fetch: 0.000s
  - Grand total: 4.913s
  - Mean acceptance rate: 0.633

Sketchguard Algorithm Properties:
  - Original dimension: 1,174,986
  - Sketch size: 180
  - Compression ratio: 19.9x
  - Single repetition: No repetitions needed
  - Theoretical complexity: O(d + N×k)
  - Approach: Sketch filtering + state aggregation
