Device: cuda
Seed: 987654321
Loading 1 LEAF Sent140 train files...
LEAF Sent140 train: 254555 users, 908652 samples
Building vocabulary (max_size=10000)...
Vocabulary size: 10000
Loading 1 LEAF Sent140 test files...
LEAF Sent140 test: 254555 users, 286281 samples
Found 254555 train users, 254555 test users, 254555 common users
User sample counts range: 494 (max) to 1 (min)
Distributed ALL 254555 users across 20 clients
Users per client: 12727 (with 15 clients getting +1 user)
Train partition sizes: [44353, 44290, 44657, 44907, 44696, 45843, 45801, 45619, 45069, 45639, 45821, 45311, 45779, 46056, 45625, 45984, 46428, 44737, 45540, 46497]
Test partition sizes: [14232, 14235, 14266, 14217, 14238, 14373, 14346, 14334, 14294, 14373, 14344, 14302, 14354, 14362, 14320, 14395, 14389, 14257, 14251, 14399]
  Client 0: 44353 train samples, 2 unique classes
  Client 1: 44290 train samples, 2 unique classes
  Client 2: 44657 train samples, 2 unique classes
  Client 3: 44907 train samples, 2 unique classes
  Client 4: 44696 train samples, 2 unique classes
  Client 5: 45843 train samples, 2 unique classes
  Client 6: 45801 train samples, 2 unique classes
  Client 7: 45619 train samples, 2 unique classes
  Client 8: 45069 train samples, 2 unique classes
  Client 9: 45639 train samples, 2 unique classes
  Client 10: 45821 train samples, 2 unique classes
  Client 11: 45311 train samples, 2 unique classes
  Client 12: 45779 train samples, 2 unique classes
  Client 13: 46056 train samples, 2 unique classes
  Client 14: 45625 train samples, 2 unique classes
  Client 15: 45984 train samples, 2 unique classes
  Client 16: 46428 train samples, 2 unique classes
  Client 17: 44737 train samples, 2 unique classes
  Client 18: 45540 train samples, 2 unique classes
  Client 19: 46497 train samples, 2 unique classes
Will sample 4500 samples per client per epoch
Graph: ring, nodes: 20, edges: 20
Degree statistics: avg=2.00, min=2, max=2
Attack: Compromised 12/20 nodes: [1, 2, 3, 5, 8, 11, 12, 13, 14, 15, 17, 18]
Attack type: gaussian, lambda: 1.0
Model variant: baseline
Model parameters: 1,174,986
Sketchguard Node 0:
  Model dim: 1,174,986 → Sketch size: 180
  Compression ratio: 6527.7x
  Using model parameters for aggregation, sketches for filtering
Sketchguard Node 1:
  Model dim: 1,174,986 → Sketch size: 180
  Compression ratio: 6527.7x
  Using model parameters for aggregation, sketches for filtering
Sketchguard Node 2:
  Model dim: 1,174,986 → Sketch size: 180
  Compression ratio: 6527.7x
  Using model parameters for aggregation, sketches for filtering
Sketchguard Node 3:
  Model dim: 1,174,986 → Sketch size: 180
  Compression ratio: 6527.7x
  Using model parameters for aggregation, sketches for filtering
Sketchguard Node 4:
  Model dim: 1,174,986 → Sketch size: 180
  Compression ratio: 6527.7x
  Using model parameters for aggregation, sketches for filtering
Sketchguard Node 5:
  Model dim: 1,174,986 → Sketch size: 180
  Compression ratio: 6527.7x
  Using model parameters for aggregation, sketches for filtering
Sketchguard Node 6:
  Model dim: 1,174,986 → Sketch size: 180
  Compression ratio: 6527.7x
  Using model parameters for aggregation, sketches for filtering
Sketchguard Node 7:
  Model dim: 1,174,986 → Sketch size: 180
  Compression ratio: 6527.7x
  Using model parameters for aggregation, sketches for filtering
Sketchguard Node 8:
  Model dim: 1,174,986 → Sketch size: 180
  Compression ratio: 6527.7x
  Using model parameters for aggregation, sketches for filtering
Sketchguard Node 9:
  Model dim: 1,174,986 → Sketch size: 180
  Compression ratio: 6527.7x
  Using model parameters for aggregation, sketches for filtering
Sketchguard Node 10:
  Model dim: 1,174,986 → Sketch size: 180
  Compression ratio: 6527.7x
  Using model parameters for aggregation, sketches for filtering
Sketchguard Node 11:
  Model dim: 1,174,986 → Sketch size: 180
  Compression ratio: 6527.7x
  Using model parameters for aggregation, sketches for filtering
Sketchguard Node 12:
  Model dim: 1,174,986 → Sketch size: 180
  Compression ratio: 6527.7x
  Using model parameters for aggregation, sketches for filtering
Sketchguard Node 13:
  Model dim: 1,174,986 → Sketch size: 180
  Compression ratio: 6527.7x
  Using model parameters for aggregation, sketches for filtering
Sketchguard Node 14:
  Model dim: 1,174,986 → Sketch size: 180
  Compression ratio: 6527.7x
  Using model parameters for aggregation, sketches for filtering
Sketchguard Node 15:
  Model dim: 1,174,986 → Sketch size: 180
  Compression ratio: 6527.7x
  Using model parameters for aggregation, sketches for filtering
Sketchguard Node 16:
  Model dim: 1,174,986 → Sketch size: 180
  Compression ratio: 6527.7x
  Using model parameters for aggregation, sketches for filtering
Sketchguard Node 17:
  Model dim: 1,174,986 → Sketch size: 180
  Compression ratio: 6527.7x
  Using model parameters for aggregation, sketches for filtering
Sketchguard Node 18:
  Model dim: 1,174,986 → Sketch size: 180
  Compression ratio: 6527.7x
  Using model parameters for aggregation, sketches for filtering
Sketchguard Node 19:
  Model dim: 1,174,986 → Sketch size: 180
  Compression ratio: 6527.7x
  Using model parameters for aggregation, sketches for filtering
Sketchguard ALGORITHM (Sketch-based Filtering + State Aggregation)
  - Model dimension: 1,174,986 parameters
  - Config: SketchguardConfig(gamma=2, kappa=1, alpha=0.5, min_neighbors=1, sketch_size=180, network_seed=987654321, attack_detection_window=5)
  - Sketch size: 180
  - Compression ratio: 6527.7x
  - Complexity: O(d + N×k) = O(1,174,986 + 20×180)
  - Theoretical speedup vs BALANCE: 19.9x
Initial test acc across nodes: mean=0.4953 ± 0.0174
Round 001: test acc mean=0.5395 ± 0.0354 | min=0.4902 max=0.5940
         : test loss mean=306.4655 ± 470.8824
         : individual accs = ['0.583263', '0.593818', '0.490186', '0.565942', '0.504003', '0.508592', '0.590687', '0.593972', '0.501189', '0.547763', '0.545176', '0.516291', '0.514978', '0.505361', '0.503282', '0.546440', '0.503232', '0.561408', '0.528594', '0.584902']
         : correct/total = [(8301, 14232), (8453, 14235), (6993, 14266), (8046, 14217), (7176, 14238), (7310, 14373), (8474, 14346), (8514, 14334), (7164, 14294), (7873, 14373), (7820, 14344), (7384, 14302), (7392, 14354), (7258, 14362), (7207, 14320), (7866, 14395), (7241, 14389), (8004, 14257), (7533, 14251), (8422, 14399)]
         : compromised: 0.5280, honest: 0.5566
         : sketchguard stats = ['Node 0: acc_rate=0.500', 'Node 1: acc_rate=0.500', 'Node 2: acc_rate=0.000']...
Round 002: test acc mean=0.5714 ± 0.0664 | min=0.4898 max=0.6474
         : test loss mean=318.5445 ± 391.5348
         : individual accs = ['0.639193', '0.629153', '0.505397', '0.503763', '0.504776', '0.629305', '0.639760', '0.647412', '0.565902', '0.640924', '0.630786', '0.633198', '0.489829', '0.509052', '0.490642', '0.501563', '0.500799', '0.495686', '0.627044', '0.643309']
         : correct/total = [(9097, 14232), (8956, 14235), (7210, 14266), (7162, 14217), (7187, 14238), (9045, 14373), (9178, 14346), (9280, 14334), (8089, 14294), (9212, 14373), (9048, 14344), (9056, 14302), (7031, 14354), (7311, 14362), (7026, 14320), (7220, 14395), (7206, 14389), (7067, 14257), (8936, 14251), (9263, 14399)]
         : compromised: 0.5484, honest: 0.6059
         : sketchguard stats = ['Node 0: acc_rate=0.500', 'Node 1: acc_rate=0.500', 'Node 2: acc_rate=0.500']...
Round 003: test acc mean=0.5708 ± 0.0674 | min=0.4850 max=0.6454
         : test loss mean=297.9764 ± 371.1183
         : individual accs = ['0.633783', '0.619529', '0.489556', '0.511360', '0.499649', '0.644124', '0.625889', '0.637575', '0.559396', '0.645446', '0.642847', '0.644805', '0.484952', '0.524091', '0.493156', '0.500104', '0.493293', '0.497650', '0.630272', '0.639350']
         : correct/total = [(9020, 14232), (8819, 14235), (6984, 14266), (7270, 14217), (7114, 14238), (9258, 14373), (8979, 14346), (9139, 14334), (7996, 14294), (9277, 14373), (9221, 14344), (9222, 14302), (6961, 14354), (7527, 14362), (7062, 14320), (7199, 14395), (7098, 14389), (7095, 14257), (8982, 14251), (9206, 14399)]
         : compromised: 0.5499, honest: 0.6022
         : sketchguard stats = ['Node 0: acc_rate=0.500', 'Node 1: acc_rate=0.500', 'Node 2: acc_rate=0.667']...
Round 004: test acc mean=0.5780 ± 0.0747 | min=0.4855 max=0.6565
         : test loss mean=347.2857 ± 416.5443
         : individual accs = ['0.655565', '0.645873', '0.492570', '0.503482', '0.497752', '0.656509', '0.644570', '0.653481', '0.619980', '0.639045', '0.642777', '0.642777', '0.507036', '0.485517', '0.491341', '0.488295', '0.494753', '0.503051', '0.642130', '0.653934']
         : correct/total = [(9330, 14232), (9194, 14235), (7027, 14266), (7158, 14217), (7087, 14238), (9436, 14373), (9247, 14346), (9367, 14334), (8862, 14294), (9185, 14373), (9220, 14344), (9193, 14302), (7278, 14354), (6973, 14362), (7036, 14320), (7029, 14395), (7119, 14389), (7172, 14257), (9151, 14251), (9416, 14399)]
         : compromised: 0.5565, honest: 0.6102
         : sketchguard stats = ['Node 0: acc_rate=0.500', 'Node 1: acc_rate=0.500', 'Node 2: acc_rate=0.750']...
Round 005: test acc mean=0.5830 ± 0.0744 | min=0.4937 max=0.6573
         : test loss mean=349.3724 ± 453.1650
         : individual accs = ['0.650225', '0.653179', '0.500561', '0.501301', '0.503441', '0.654143', '0.648961', '0.657318', '0.634742', '0.656022', '0.649540', '0.642358', '0.496586', '0.506754', '0.514176', '0.495311', '0.497255', '0.493652', '0.651463', '0.653309']
         : correct/total = [(9254, 14232), (9298, 14235), (7141, 14266), (7127, 14217), (7168, 14238), (9402, 14373), (9310, 14346), (9422, 14334), (9073, 14294), (9429, 14373), (9317, 14344), (9187, 14302), (7128, 14354), (7278, 14362), (7363, 14320), (7130, 14395), (7155, 14389), (7038, 14257), (9284, 14251), (9407, 14399)]
         : compromised: 0.5620, honest: 0.6145
         : sketchguard stats = ['Node 0: acc_rate=0.500', 'Node 1: acc_rate=0.500', 'Node 2: acc_rate=0.800']...
Round 006: test acc mean=0.5883 ± 0.0754 | min=0.4950 max=0.6690
         : test loss mean=433.2082 ± 579.8149
         : individual accs = ['0.657322', '0.658869', '0.512617', '0.527397', '0.505619', '0.667571', '0.662763', '0.668969', '0.628236', '0.655465', '0.651840', '0.644106', '0.504180', '0.506406', '0.494972', '0.499826', '0.501981', '0.498282', '0.653709', '0.666227']
         : correct/total = [(9355, 14232), (9379, 14235), (7313, 14266), (7498, 14217), (7199, 14238), (9595, 14373), (9508, 14346), (9589, 14334), (8980, 14294), (9421, 14373), (9350, 14344), (9212, 14302), (7237, 14354), (7273, 14362), (7088, 14320), (7195, 14395), (7223, 14389), (7104, 14257), (9316, 14251), (9593, 14399)]
         : compromised: 0.5663, honest: 0.6213
         : sketchguard stats = ['Node 0: acc_rate=0.500', 'Node 1: acc_rate=0.500', 'Node 2: acc_rate=0.833']...
Round 007: test acc mean=0.5885 ± 0.0831 | min=0.4692 max=0.6771
         : test loss mean=400.8010 ± 466.4094
         : individual accs = ['0.663926', '0.664910', '0.499790', '0.469157', '0.508920', '0.674737', '0.670361', '0.677062', '0.639569', '0.667849', '0.659788', '0.651098', '0.506479', '0.491088', '0.512709', '0.494825', '0.496073', '0.497720', '0.655042', '0.667963']
         : correct/total = [(9449, 14232), (9465, 14235), (7130, 14266), (6670, 14217), (7246, 14238), (9698, 14373), (9617, 14346), (9705, 14334), (9142, 14294), (9599, 14373), (9464, 14344), (9312, 14302), (7270, 14354), (7053, 14362), (7342, 14320), (7123, 14395), (7138, 14389), (7096, 14257), (9335, 14251), (9618, 14399)]
         : compromised: 0.5631, honest: 0.6265
         : sketchguard stats = ['Node 0: acc_rate=0.500', 'Node 1: acc_rate=0.500', 'Node 2: acc_rate=0.714']...
Round 008: test acc mean=0.5903 ± 0.0826 | min=0.4866 max=0.6738
         : test loss mean=459.7079 ± 554.3974
         : individual accs = ['0.668142', '0.652828', '0.495864', '0.498558', '0.505478', '0.673763', '0.666597', '0.672945', '0.642647', '0.671954', '0.665296', '0.662215', '0.508290', '0.509678', '0.493855', '0.497256', '0.486622', '0.499474', '0.661989', '0.672130']
         : correct/total = [(9509, 14232), (9293, 14235), (7074, 14266), (7088, 14217), (7197, 14238), (9684, 14373), (9563, 14346), (9646, 14334), (9186, 14294), (9658, 14373), (9543, 14344), (9471, 14302), (7296, 14354), (7320, 14362), (7072, 14320), (7158, 14395), (7002, 14389), (7121, 14257), (9434, 14251), (9678, 14399)]
         : compromised: 0.5664, honest: 0.6261
         : sketchguard stats = ['Node 0: acc_rate=0.500', 'Node 1: acc_rate=0.500', 'Node 2: acc_rate=0.625']...
Round 009: test acc mean=0.5904 ± 0.0808 | min=0.4905 max=0.6788
         : test loss mean=421.7823 ± 493.3927
         : individual accs = ['0.640739', '0.648121', '0.496705', '0.519519', '0.496348', '0.676616', '0.654886', '0.667504', '0.655030', '0.678773', '0.674219', '0.672493', '0.499164', '0.490531', '0.503980', '0.494894', '0.509625', '0.506348', '0.670339', '0.651851']
         : correct/total = [(9119, 14232), (9226, 14235), (7086, 14266), (7386, 14217), (7067, 14238), (9725, 14373), (9395, 14346), (9568, 14334), (9363, 14294), (9756, 14373), (9671, 14344), (9618, 14302), (7165, 14354), (7045, 14362), (7217, 14320), (7124, 14395), (7333, 14389), (7219, 14257), (9553, 14251), (9386, 14399)]
         : compromised: 0.5695, honest: 0.6217
         : sketchguard stats = ['Node 0: acc_rate=0.500', 'Node 1: acc_rate=0.500', 'Node 2: acc_rate=0.556']...
Round 010: test acc mean=0.5966 ± 0.0931 | min=0.4816 max=0.6941
         : test loss mean=454.0410 ± 546.3763
         : individual accs = ['0.672358', '0.674254', '0.481845', '0.488359', '0.498385', '0.694079', '0.685418', '0.693177', '0.673919', '0.681695', '0.682306', '0.675850', '0.492824', '0.501462', '0.500000', '0.481556', '0.504622', '0.497791', '0.672935', '0.680117']
         : correct/total = [(9569, 14232), (9598, 14235), (6874, 14266), (6943, 14217), (7096, 14238), (9976, 14373), (9833, 14346), (9936, 14334), (9633, 14294), (9798, 14373), (9787, 14344), (9666, 14302), (7074, 14354), (7202, 14362), (7160, 14320), (6932, 14395), (7261, 14389), (7097, 14257), (9590, 14251), (9793, 14399)]
         : compromised: 0.5696, honest: 0.6373
         : sketchguard stats = ['Node 0: acc_rate=0.500', 'Node 1: acc_rate=0.500', 'Node 2: acc_rate=0.500']...

=== FINAL RESULTS ===
Dataset: sent140, Nodes: 20, Graph: ring, Aggregation: sketchguard
Attack: gaussian, 60.0% compromised
Final accuracy - Compromised: 0.5696, Honest: 0.6373
Overall test accuracy: mean=0.5966 ± 0.0931

=== Sketchguard SUMMARY ===
Node 0: acceptance=0.500
Node 1: acceptance=0.500
Node 2: acceptance=0.500
Node 3: acceptance=0.250
Node 4: acceptance=0.500
Node 5: acceptance=0.550
Node 6: acceptance=0.500
Node 7: acceptance=0.500
Node 8: acceptance=0.800
Node 9: acceptance=0.500
Node 10: acceptance=0.500
Node 11: acceptance=0.500
Node 12: acceptance=0.500
Node 13: acceptance=0.500
Node 14: acceptance=0.500
Node 15: acceptance=0.250
Node 16: acceptance=0.500
Node 17: acceptance=0.250
Node 18: acceptance=0.500
Node 19: acceptance=0.500

=== PARALLEL EXECUTION TIME (realistic for distributed system) ===
  COMMUNICATION (max across nodes):
    - Sketch transfer: 0.000s (0.0%)
    - Model fetch (accepted): 0.000s (0.0%)
  COMPUTATION (max across nodes):
    - Sketching: 0.194s (92.3%)
    - Filtering: 0.001s (0.3%)
    - Aggregation: 0.016s (7.4%)
  TOTALS:
    - Total computation: 0.210s (100.0%)
    - Total communication: 0.000s (0.0%)
    - Total parallel time: 0.210s

=== PER-NODE AVERAGE TIME ===
  - Sketching: 0.160s
  - Filtering: 0.000s
  - Aggregation: 0.006s
  - Sketch transfer: 0.000s
  - Model fetch: 0.000s
  - Total per node: 0.167s

=== TOTAL COMPUTATIONAL WORK (sum across all nodes) ===
  - Total sketching: 3.210s
  - Total filtering: 0.006s
  - Total aggregation: 0.122s
  - Total sketch transfer: 0.000s
  - Total model fetch: 0.000s
  - Grand total: 3.337s
  - Mean acceptance rate: 0.480

Sketchguard Algorithm Properties:
  - Original dimension: 1,174,986
  - Sketch size: 180
  - Compression ratio: 19.9x
  - Single repetition: No repetitions needed
  - Theoretical complexity: O(d + N×k)
  - Approach: Sketch filtering + state aggregation
