Device: cuda
Seed: 987654321
Looking for images in: /home/student.unimelb.edu.au/mrangwala/Trust-Monitor/leaf/data/celeba/data/raw/img_align_celeba
Loading 1 LEAF CelebA train files...
LEAF CelebA train: 9343 users (celebrities), 177457 samples
Looking for images in: /home/student.unimelb.edu.au/mrangwala/Trust-Monitor/leaf/data/celeba/data/raw/img_align_celeba
Loading 1 LEAF CelebA test files...
LEAF CelebA test: 9343 users (celebrities), 22831 samples
Found 9343 train users, 9343 test users, 9343 common users
User sample counts range: 31 (max) to 4 (min)
Distributed ALL 9343 users across 20 clients
Users per client: 467 (with 3 clients getting +1 user)
Train partition sizes: [8843, 8998, 8728, 9034, 8866, 8946, 8873, 8776, 8816, 8801, 8913, 8656, 9115, 8921, 8699, 8823, 8912, 8766, 9102, 8869]
Test partition sizes: [1140, 1158, 1127, 1158, 1134, 1145, 1145, 1127, 1136, 1128, 1144, 1125, 1152, 1160, 1124, 1145, 1154, 1131, 1157, 1141]
  Client 0: 8843 train samples, 2 unique classes
  Client 1: 8998 train samples, 2 unique classes
  Client 2: 8728 train samples, 2 unique classes
  Client 3: 9034 train samples, 2 unique classes
  Client 4: 8866 train samples, 2 unique classes
  Client 5: 8946 train samples, 2 unique classes
  Client 6: 8873 train samples, 2 unique classes
  Client 7: 8776 train samples, 2 unique classes
  Client 8: 8816 train samples, 2 unique classes
  Client 9: 8801 train samples, 2 unique classes
  Client 10: 8913 train samples, 2 unique classes
  Client 11: 8656 train samples, 2 unique classes
  Client 12: 9115 train samples, 2 unique classes
  Client 13: 8921 train samples, 2 unique classes
  Client 14: 8699 train samples, 2 unique classes
  Client 15: 8823 train samples, 2 unique classes
  Client 16: 8912 train samples, 2 unique classes
  Client 17: 8766 train samples, 2 unique classes
  Client 18: 9102 train samples, 2 unique classes
  Client 19: 8869 train samples, 2 unique classes
Will sample 10000 samples per client per epoch
Graph: fully, nodes: 20, edges: 190
Attack: Compromised 14/20 nodes: [1, 2, 3, 5, 6, 8, 11, 12, 13, 14, 15, 17, 18, 19]
Attack type: directed_deviation, lambda: 1.0
COARSE Node 0:
  Model dim: 30,758 → Sketch size: 1000
  Compression ratio: 30.8x
  Using model parameters for aggregation, sketches for filtering
COARSE Node 1:
  Model dim: 30,758 → Sketch size: 1000
  Compression ratio: 30.8x
  Using model parameters for aggregation, sketches for filtering
COARSE Node 2:
  Model dim: 30,758 → Sketch size: 1000
  Compression ratio: 30.8x
  Using model parameters for aggregation, sketches for filtering
COARSE Node 3:
  Model dim: 30,758 → Sketch size: 1000
  Compression ratio: 30.8x
  Using model parameters for aggregation, sketches for filtering
COARSE Node 4:
  Model dim: 30,758 → Sketch size: 1000
  Compression ratio: 30.8x
  Using model parameters for aggregation, sketches for filtering
COARSE Node 5:
  Model dim: 30,758 → Sketch size: 1000
  Compression ratio: 30.8x
  Using model parameters for aggregation, sketches for filtering
COARSE Node 6:
  Model dim: 30,758 → Sketch size: 1000
  Compression ratio: 30.8x
  Using model parameters for aggregation, sketches for filtering
COARSE Node 7:
  Model dim: 30,758 → Sketch size: 1000
  Compression ratio: 30.8x
  Using model parameters for aggregation, sketches for filtering
COARSE Node 8:
  Model dim: 30,758 → Sketch size: 1000
  Compression ratio: 30.8x
  Using model parameters for aggregation, sketches for filtering
COARSE Node 9:
  Model dim: 30,758 → Sketch size: 1000
  Compression ratio: 30.8x
  Using model parameters for aggregation, sketches for filtering
COARSE Node 10:
  Model dim: 30,758 → Sketch size: 1000
  Compression ratio: 30.8x
  Using model parameters for aggregation, sketches for filtering
COARSE Node 11:
  Model dim: 30,758 → Sketch size: 1000
  Compression ratio: 30.8x
  Using model parameters for aggregation, sketches for filtering
COARSE Node 12:
  Model dim: 30,758 → Sketch size: 1000
  Compression ratio: 30.8x
  Using model parameters for aggregation, sketches for filtering
COARSE Node 13:
  Model dim: 30,758 → Sketch size: 1000
  Compression ratio: 30.8x
  Using model parameters for aggregation, sketches for filtering
COARSE Node 14:
  Model dim: 30,758 → Sketch size: 1000
  Compression ratio: 30.8x
  Using model parameters for aggregation, sketches for filtering
COARSE Node 15:
  Model dim: 30,758 → Sketch size: 1000
  Compression ratio: 30.8x
  Using model parameters for aggregation, sketches for filtering
COARSE Node 16:
  Model dim: 30,758 → Sketch size: 1000
  Compression ratio: 30.8x
  Using model parameters for aggregation, sketches for filtering
COARSE Node 17:
  Model dim: 30,758 → Sketch size: 1000
  Compression ratio: 30.8x
  Using model parameters for aggregation, sketches for filtering
COARSE Node 18:
  Model dim: 30,758 → Sketch size: 1000
  Compression ratio: 30.8x
  Using model parameters for aggregation, sketches for filtering
COARSE Node 19:
  Model dim: 30,758 → Sketch size: 1000
  Compression ratio: 30.8x
  Using model parameters for aggregation, sketches for filtering
COARSE ALGORITHM (Sketch-based Filtering + State Aggregation)
  - Model dimension: 30,758 parameters
  - Sketch size: 1000
  - Compression ratio: 30.8x
  - Complexity: O(d + N×k) = O(30,758 + 20×1000)
  - Theoretical speedup vs BALANCE: 12.1x
Initial test acc across nodes: mean=0.4969 ± 0.0214
Round 001: test acc mean=0.5164 ± 0.0150 | min=0.4911 max=0.5625
         : test loss mean=12.0252 ± 2.4897
         : individual accs = ['0.528947', '0.508636', '0.493345', '0.528497', '0.522046', '0.514410', '0.521397', '0.503993', '0.562500', '0.491135', '0.525350', '0.498667', '0.522569', '0.506897', '0.517794', '0.517031', '0.515598', '0.508400', '0.522040', '0.517967']
         : correct/total = [(603, 1140), (589, 1158), (556, 1127), (612, 1158), (592, 1134), (589, 1145), (597, 1145), (568, 1127), (639, 1136), (554, 1128), (601, 1144), (561, 1125), (602, 1152), (588, 1160), (582, 1124), (592, 1145), (595, 1154), (575, 1131), (604, 1157), (591, 1141)]
         : compromised: 0.5172, honest: 0.5145
         : coarse stats = ['Node 0: acc_rate=1.000', 'Node 1: acc_rate=1.000', 'Node 2: acc_rate=1.000']...
Round 002: test acc mean=0.5086 ± 0.0169 | min=0.4743 max=0.5441
         : test loss mean=85.6822 ± 26.0465
         : individual accs = ['0.531579', '0.511226', '0.511091', '0.501727', '0.544092', '0.510044', '0.508297', '0.475599', '0.527289', '0.474291', '0.497378', '0.495111', '0.508681', '0.505172', '0.513345', '0.496070', '0.523397', '0.502210', '0.530683', '0.504820']
         : correct/total = [(606, 1140), (592, 1158), (576, 1127), (581, 1158), (617, 1134), (584, 1145), (582, 1145), (536, 1127), (599, 1136), (535, 1128), (569, 1144), (557, 1125), (586, 1152), (586, 1160), (577, 1124), (568, 1145), (604, 1154), (568, 1131), (614, 1157), (576, 1141)]
         : compromised: 0.5090, honest: 0.5077
         : coarse stats = ['Node 0: acc_rate=1.000', 'Node 1: acc_rate=1.000', 'Node 2: acc_rate=1.000']...
Round 003: test acc mean=0.5164 ± 0.0150 | min=0.4911 max=0.5625
         : test loss mean=1.8406 ± 0.2647
         : individual accs = ['0.528947', '0.508636', '0.493345', '0.528497', '0.522046', '0.514410', '0.521397', '0.503993', '0.562500', '0.491135', '0.525350', '0.498667', '0.522569', '0.506897', '0.517794', '0.517031', '0.515598', '0.508400', '0.522040', '0.517967']
         : correct/total = [(603, 1140), (589, 1158), (556, 1127), (612, 1158), (592, 1134), (589, 1145), (597, 1145), (568, 1127), (639, 1136), (554, 1128), (601, 1144), (561, 1125), (602, 1152), (588, 1160), (582, 1124), (592, 1145), (595, 1154), (575, 1131), (604, 1157), (591, 1141)]
         : compromised: 0.5172, honest: 0.5145
         : coarse stats = ['Node 0: acc_rate=1.000', 'Node 1: acc_rate=1.000', 'Node 2: acc_rate=1.000']...
Round 004: test acc mean=0.5291 ± 0.0210 | min=0.4858 max=0.5695
         : test loss mean=11.5908 ± 2.6852
         : individual accs = ['0.529825', '0.515544', '0.498669', '0.541451', '0.538801', '0.553712', '0.524891', '0.520852', '0.569542', '0.485816', '0.566434', '0.502222', '0.555556', '0.514655', '0.529359', '0.522271', '0.540728', '0.523431', '0.524633', '0.524102']
         : correct/total = [(604, 1140), (597, 1158), (562, 1127), (627, 1158), (611, 1134), (634, 1145), (601, 1145), (587, 1127), (647, 1136), (548, 1128), (648, 1144), (565, 1125), (640, 1152), (597, 1160), (595, 1124), (598, 1145), (624, 1154), (592, 1131), (607, 1157), (598, 1141)]
         : compromised: 0.5286, honest: 0.5304
         : coarse stats = ['Node 0: acc_rate=1.000', 'Node 1: acc_rate=1.000', 'Node 2: acc_rate=1.000']...
Round 005: test acc mean=0.5164 ± 0.0150 | min=0.4911 max=0.5625
         : test loss mean=1.1469 ± 0.1295
         : individual accs = ['0.528947', '0.508636', '0.493345', '0.528497', '0.522046', '0.514410', '0.521397', '0.503993', '0.562500', '0.491135', '0.525350', '0.498667', '0.522569', '0.506897', '0.517794', '0.517031', '0.515598', '0.508400', '0.522040', '0.517967']
         : correct/total = [(603, 1140), (589, 1158), (556, 1127), (612, 1158), (592, 1134), (589, 1145), (597, 1145), (568, 1127), (639, 1136), (554, 1128), (601, 1144), (561, 1125), (602, 1152), (588, 1160), (582, 1124), (592, 1145), (595, 1154), (575, 1131), (604, 1157), (591, 1141)]
         : compromised: 0.5172, honest: 0.5145
         : coarse stats = ['Node 0: acc_rate=1.000', 'Node 1: acc_rate=1.000', 'Node 2: acc_rate=1.000']...
Round 006: test acc mean=0.5290 ± 0.0169 | min=0.5009 max=0.5722
         : test loss mean=9.6958 ± 1.4632
         : individual accs = ['0.531579', '0.524180', '0.505768', '0.554404', '0.532628', '0.519651', '0.529258', '0.521739', '0.572183', '0.500887', '0.552448', '0.511111', '0.543403', '0.506034', '0.530249', '0.523144', '0.533795', '0.531388', '0.524633', '0.531113']
         : correct/total = [(606, 1140), (607, 1158), (570, 1127), (642, 1158), (604, 1134), (595, 1145), (606, 1145), (588, 1127), (650, 1136), (565, 1128), (632, 1144), (575, 1125), (626, 1152), (587, 1160), (596, 1124), (599, 1145), (616, 1154), (601, 1131), (607, 1157), (606, 1141)]
         : compromised: 0.5290, honest: 0.5288
         : coarse stats = ['Node 0: acc_rate=1.000', 'Node 1: acc_rate=1.000', 'Node 2: acc_rate=1.000']...
Round 007: test acc mean=0.5164 ± 0.0150 | min=0.4911 max=0.5625
         : test loss mean=1.1136 ± 0.0932
         : individual accs = ['0.528947', '0.508636', '0.493345', '0.528497', '0.522046', '0.514410', '0.521397', '0.503993', '0.562500', '0.491135', '0.525350', '0.498667', '0.522569', '0.506897', '0.517794', '0.517031', '0.515598', '0.508400', '0.522040', '0.517967']
         : correct/total = [(603, 1140), (589, 1158), (556, 1127), (612, 1158), (592, 1134), (589, 1145), (597, 1145), (568, 1127), (639, 1136), (554, 1128), (601, 1144), (561, 1125), (602, 1152), (588, 1160), (582, 1124), (592, 1145), (595, 1154), (575, 1131), (604, 1157), (591, 1141)]
         : compromised: 0.5172, honest: 0.5145
         : coarse stats = ['Node 0: acc_rate=1.000', 'Node 1: acc_rate=1.000', 'Node 2: acc_rate=1.000']...
Round 008: test acc mean=0.5255 ± 0.0150 | min=0.4956 max=0.5731
         : test loss mean=10.2023 ± 1.5919
         : individual accs = ['0.531579', '0.520725', '0.516415', '0.547496', '0.527337', '0.521397', '0.520524', '0.517303', '0.573063', '0.495567', '0.528846', '0.511111', '0.525174', '0.510345', '0.532918', '0.520524', '0.527730', '0.521662', '0.534140', '0.525855']
         : correct/total = [(606, 1140), (603, 1158), (582, 1127), (634, 1158), (598, 1134), (597, 1145), (596, 1145), (583, 1127), (651, 1136), (559, 1128), (605, 1144), (575, 1125), (605, 1152), (592, 1160), (599, 1124), (596, 1145), (609, 1154), (590, 1131), (618, 1157), (600, 1141)]
         : compromised: 0.5272, honest: 0.5214
         : coarse stats = ['Node 0: acc_rate=1.000', 'Node 1: acc_rate=1.000', 'Node 2: acc_rate=1.000']...
Round 009: test acc mean=0.5164 ± 0.0150 | min=0.4911 max=0.5625
         : test loss mean=1.0462 ± 0.0961
         : individual accs = ['0.528947', '0.508636', '0.493345', '0.528497', '0.522046', '0.514410', '0.521397', '0.503993', '0.562500', '0.491135', '0.525350', '0.498667', '0.522569', '0.506897', '0.517794', '0.517031', '0.515598', '0.508400', '0.522040', '0.517967']
         : correct/total = [(603, 1140), (589, 1158), (556, 1127), (612, 1158), (592, 1134), (589, 1145), (597, 1145), (568, 1127), (639, 1136), (554, 1128), (601, 1144), (561, 1125), (602, 1152), (588, 1160), (582, 1124), (592, 1145), (595, 1154), (575, 1131), (604, 1157), (591, 1141)]
         : compromised: 0.5172, honest: 0.5145
         : coarse stats = ['Node 0: acc_rate=1.000', 'Node 1: acc_rate=1.000', 'Node 2: acc_rate=1.000']...
Round 010: test acc mean=0.5205 ± 0.0170 | min=0.4929 max=0.5731
         : test loss mean=9.4973 ± 1.2295
         : individual accs = ['0.534211', '0.508636', '0.495120', '0.535406', '0.529101', '0.517031', '0.524017', '0.506655', '0.573063', '0.492908', '0.528846', '0.501333', '0.523438', '0.507759', '0.526690', '0.520524', '0.518198', '0.515473', '0.524633', '0.527607']
         : correct/total = [(609, 1140), (589, 1158), (558, 1127), (620, 1158), (600, 1134), (592, 1145), (600, 1145), (571, 1127), (651, 1136), (556, 1128), (605, 1144), (564, 1125), (603, 1152), (589, 1160), (592, 1124), (596, 1145), (598, 1154), (583, 1131), (607, 1157), (602, 1141)]
         : compromised: 0.5215, honest: 0.5183
         : coarse stats = ['Node 0: acc_rate=1.000', 'Node 1: acc_rate=1.000', 'Node 2: acc_rate=1.000']...

=== FINAL RESULTS ===
Dataset: celeba, Nodes: 20, Graph: fully, Aggregation: coarse
Attack: directed_deviation, 70.0% compromised
Final accuracy - Compromised: 0.5215, Honest: 0.5183
Overall test accuracy: mean=0.5205 ± 0.0170

=== COARSE SUMMARY ===
Node 0: acceptance=1.000
Node 1: acceptance=1.000
Node 2: acceptance=1.000
Node 3: acceptance=1.000
Node 4: acceptance=1.000
Node 5: acceptance=1.000
Node 6: acceptance=1.000
Node 7: acceptance=1.000
Node 8: acceptance=1.000
Node 9: acceptance=1.000
Node 10: acceptance=1.000
Node 11: acceptance=1.000
Node 12: acceptance=1.000
Node 13: acceptance=1.000
Node 14: acceptance=1.000
Node 15: acceptance=1.000
Node 16: acceptance=1.000
Node 17: acceptance=1.000
Node 18: acceptance=1.000
Node 19: acceptance=1.000

Performance Summary:
  - Sketching time: 0.052s (3.7%)
  - Filtering time: 0.013s (0.9%)
  - Aggregation time: 1.341s (95.4%)
  - Total time: 1.406s
  - Mean acceptance rate: 1.000

COARSE Algorithm Properties:
  - Original dimension: 30,758
  - Sketch size: 1000
  - Compression ratio: 12.1x
  - Single repetition: No repetitions needed
  - Theoretical complexity: O(d + N×k)
  - Approach: Sketch filtering + state aggregation
