Device: cuda
Seed: 987654321
Looking for images in: /home/student.unimelb.edu.au/mrangwala/Trust-Monitor/leaf/data/celeba/data/raw/img_align_celeba
Loading 1 LEAF CelebA train files...
LEAF CelebA train: 9343 users (celebrities), 177457 samples
Looking for images in: /home/student.unimelb.edu.au/mrangwala/Trust-Monitor/leaf/data/celeba/data/raw/img_align_celeba
Loading 1 LEAF CelebA test files...
LEAF CelebA test: 9343 users (celebrities), 22831 samples
Found 9343 train users, 9343 test users, 9343 common users
User sample counts range: 31 (max) to 4 (min)
Distributed ALL 9343 users across 20 clients
Users per client: 467 (with 3 clients getting +1 user)
Train partition sizes: [8843, 8998, 8728, 9034, 8866, 8946, 8873, 8776, 8816, 8801, 8913, 8656, 9115, 8921, 8699, 8823, 8912, 8766, 9102, 8869]
Test partition sizes: [1140, 1158, 1127, 1158, 1134, 1145, 1145, 1127, 1136, 1128, 1144, 1125, 1152, 1160, 1124, 1145, 1154, 1131, 1157, 1141]
  Client 0: 8843 train samples, 2 unique classes
  Client 1: 8998 train samples, 2 unique classes
  Client 2: 8728 train samples, 2 unique classes
  Client 3: 9034 train samples, 2 unique classes
  Client 4: 8866 train samples, 2 unique classes
  Client 5: 8946 train samples, 2 unique classes
  Client 6: 8873 train samples, 2 unique classes
  Client 7: 8776 train samples, 2 unique classes
  Client 8: 8816 train samples, 2 unique classes
  Client 9: 8801 train samples, 2 unique classes
  Client 10: 8913 train samples, 2 unique classes
  Client 11: 8656 train samples, 2 unique classes
  Client 12: 9115 train samples, 2 unique classes
  Client 13: 8921 train samples, 2 unique classes
  Client 14: 8699 train samples, 2 unique classes
  Client 15: 8823 train samples, 2 unique classes
  Client 16: 8912 train samples, 2 unique classes
  Client 17: 8766 train samples, 2 unique classes
  Client 18: 9102 train samples, 2 unique classes
  Client 19: 8869 train samples, 2 unique classes
Will sample 10000 samples per client per epoch
Graph: erdos, nodes: 20, edges: 126
Attack: Compromised 6/20 nodes: [5, 12, 13, 14, 17, 18]
Attack type: directed_deviation, lambda: 1.0
Initial test acc across nodes: mean=0.4969 ± 0.0214
Round 001: test acc mean=0.8773 ± 0.0213 | min=0.8351 max=0.9125
         : test loss mean=0.3047 ± 0.0446
         : individual accs = ['0.835088', '0.858377', '0.893523', '0.903282', '0.852734', '0.851528', '0.889956', '0.908607', '0.885563', '0.868794', '0.860140', '0.904000', '0.875868', '0.854310', '0.894128', '0.883843', '0.912478', '0.870027', '0.860847', '0.882559']
         : correct/total = [(952, 1140), (994, 1158), (1007, 1127), (1046, 1158), (967, 1134), (975, 1145), (1019, 1145), (1024, 1127), (1006, 1136), (980, 1128), (984, 1144), (1017, 1125), (1009, 1152), (991, 1160), (1005, 1124), (1012, 1145), (1053, 1154), (984, 1131), (996, 1157), (1007, 1141)]
         : compromised: 0.8678, honest: 0.8814
Round 002: test acc mean=0.8977 ± 0.0114 | min=0.8678 max=0.9132
         : test loss mean=0.2671 ± 0.0302
         : individual accs = ['0.913158', '0.899827', '0.896185', '0.910190', '0.893298', '0.912664', '0.905677', '0.867791', '0.897887', '0.906915', '0.892483', '0.881778', '0.907986', '0.887931', '0.895018', '0.900437', '0.895147', '0.900088', '0.880726', '0.907975']
         : correct/total = [(1041, 1140), (1042, 1158), (1010, 1127), (1054, 1158), (1013, 1134), (1045, 1145), (1037, 1145), (978, 1127), (1020, 1136), (1023, 1128), (1021, 1144), (992, 1125), (1046, 1152), (1030, 1160), (1006, 1124), (1031, 1145), (1033, 1154), (1018, 1131), (1019, 1157), (1036, 1141)]
         : compromised: 0.8974, honest: 0.8978
Round 003: test acc mean=0.9092 ± 0.0073 | min=0.8961 max=0.9211
         : test loss mean=0.2338 ± 0.0183
         : individual accs = ['0.921053', '0.914508', '0.900621', '0.913644', '0.916226', '0.902183', '0.910917', '0.919255', '0.896127', '0.906028', '0.912587', '0.917333', '0.899306', '0.912069', '0.903025', '0.907424', '0.910745', '0.905393', '0.898876', '0.917616']
         : correct/total = [(1050, 1140), (1059, 1158), (1015, 1127), (1058, 1158), (1039, 1134), (1033, 1145), (1043, 1145), (1036, 1127), (1018, 1136), (1022, 1128), (1044, 1144), (1032, 1125), (1036, 1152), (1058, 1160), (1015, 1124), (1039, 1145), (1051, 1154), (1024, 1131), (1040, 1157), (1047, 1141)]
         : compromised: 0.9035, honest: 0.9117
Round 004: test acc mean=0.9074 ± 0.0101 | min=0.8807 max=0.9281
         : test loss mean=0.2340 ± 0.0239
         : individual accs = ['0.928070', '0.916235', '0.896185', '0.907599', '0.916226', '0.914410', '0.919651', '0.910382', '0.906690', '0.901596', '0.900350', '0.910222', '0.894965', '0.914655', '0.899466', '0.903057', '0.912478', '0.905393', '0.880726', '0.910605']
         : correct/total = [(1058, 1140), (1061, 1158), (1010, 1127), (1051, 1158), (1039, 1134), (1047, 1145), (1053, 1145), (1026, 1127), (1030, 1136), (1017, 1128), (1030, 1144), (1024, 1125), (1031, 1152), (1061, 1160), (1011, 1124), (1034, 1145), (1053, 1154), (1024, 1131), (1019, 1157), (1039, 1141)]
         : compromised: 0.9016, honest: 0.9100
Round 005: test acc mean=0.9086 ± 0.0106 | min=0.8802 max=0.9219
         : test loss mean=0.2365 ± 0.0250
         : individual accs = ['0.921930', '0.911917', '0.880213', '0.906736', '0.918871', '0.919651', '0.910917', '0.920142', '0.894366', '0.900709', '0.910839', '0.916444', '0.906250', '0.919828', '0.903025', '0.910917', '0.902946', '0.900973', '0.895419', '0.919369']
         : correct/total = [(1051, 1140), (1056, 1158), (992, 1127), (1050, 1158), (1042, 1134), (1053, 1145), (1043, 1145), (1037, 1127), (1016, 1136), (1016, 1128), (1042, 1144), (1031, 1125), (1044, 1152), (1067, 1160), (1015, 1124), (1043, 1145), (1042, 1154), (1019, 1131), (1036, 1157), (1049, 1141)]
         : compromised: 0.9075, honest: 0.9090
Round 006: test acc mean=0.9102 ± 0.0078 | min=0.8911 max=0.9255
         : test loss mean=0.2305 ± 0.0190
         : individual accs = ['0.912281', '0.899827', '0.912156', '0.903282', '0.904762', '0.904803', '0.922271', '0.915705', '0.916373', '0.906915', '0.916084', '0.911111', '0.908854', '0.902586', '0.909253', '0.917904', '0.911612', '0.910698', '0.891098', '0.925504']
         : correct/total = [(1040, 1140), (1042, 1158), (1028, 1127), (1046, 1158), (1026, 1134), (1036, 1145), (1056, 1145), (1032, 1127), (1041, 1136), (1023, 1128), (1048, 1144), (1025, 1125), (1047, 1152), (1047, 1160), (1022, 1124), (1051, 1145), (1052, 1154), (1030, 1131), (1031, 1157), (1056, 1141)]
         : compromised: 0.9045, honest: 0.9126
Round 007: test acc mean=0.9089 ± 0.0081 | min=0.8928 max=0.9289
         : test loss mean=0.2701 ± 0.0418
         : individual accs = ['0.928947', '0.911054', '0.899734', '0.915371', '0.896825', '0.904803', '0.911790', '0.903283', '0.911972', '0.896277', '0.909091', '0.908444', '0.913194', '0.912069', '0.907473', '0.917904', '0.911612', '0.912467', '0.892826', '0.912358']
         : correct/total = [(1059, 1140), (1055, 1158), (1014, 1127), (1060, 1158), (1017, 1134), (1036, 1145), (1044, 1145), (1018, 1127), (1036, 1136), (1011, 1128), (1040, 1144), (1022, 1125), (1052, 1152), (1058, 1160), (1020, 1124), (1051, 1145), (1052, 1154), (1032, 1131), (1033, 1157), (1041, 1141)]
         : compromised: 0.9071, honest: 0.9096
Round 008: test acc mean=0.9019 ± 0.0103 | min=0.8854 max=0.9223
         : test loss mean=0.3727 ± 0.0894
         : individual accs = ['0.920175', '0.906736', '0.895297', '0.922280', '0.885362', '0.906550', '0.902183', '0.903283', '0.891725', '0.890957', '0.899476', '0.904000', '0.889757', '0.892241', '0.901246', '0.917904', '0.906412', '0.906278', '0.887640', '0.908852']
         : correct/total = [(1049, 1140), (1050, 1158), (1009, 1127), (1068, 1158), (1004, 1134), (1038, 1145), (1033, 1145), (1018, 1127), (1013, 1136), (1005, 1128), (1029, 1144), (1017, 1125), (1025, 1152), (1035, 1160), (1013, 1124), (1051, 1145), (1046, 1154), (1025, 1131), (1027, 1157), (1037, 1141)]
         : compromised: 0.8973, honest: 0.9039
Round 009: test acc mean=0.9060 ± 0.0084 | min=0.8926 max=0.9272
         : test loss mean=0.3026 ± 0.0653
         : individual accs = ['0.927193', '0.903282', '0.892635', '0.897237', '0.901235', '0.906550', '0.910044', '0.914818', '0.897007', '0.898936', '0.909091', '0.906667', '0.900174', '0.907759', '0.900356', '0.906550', '0.920277', '0.908930', '0.897148', '0.914110']
         : correct/total = [(1057, 1140), (1046, 1158), (1006, 1127), (1039, 1158), (1022, 1134), (1038, 1145), (1042, 1145), (1031, 1127), (1019, 1136), (1014, 1128), (1040, 1144), (1020, 1125), (1037, 1152), (1053, 1160), (1012, 1124), (1038, 1145), (1062, 1154), (1028, 1131), (1038, 1157), (1043, 1141)]
         : compromised: 0.9035, honest: 0.9071
Round 010: test acc mean=0.9091 ± 0.0068 | min=0.8996 max=0.9264
         : test loss mean=0.3053 ± 0.0952
         : individual accs = ['0.909649', '0.905872', '0.901508', '0.917098', '0.912698', '0.899563', '0.914410', '0.918367', '0.905810', '0.906915', '0.908217', '0.916444', '0.911458', '0.906034', '0.909253', '0.899563', '0.907279', '0.902741', '0.902334', '0.926380']
         : correct/total = [(1037, 1140), (1049, 1158), (1016, 1127), (1062, 1158), (1035, 1134), (1030, 1145), (1047, 1145), (1035, 1127), (1029, 1136), (1023, 1128), (1039, 1144), (1031, 1125), (1050, 1152), (1051, 1160), (1022, 1124), (1030, 1145), (1047, 1154), (1021, 1131), (1044, 1157), (1057, 1141)]
         : compromised: 0.9052, honest: 0.9107

=== FINAL RESULTS ===
Dataset: celeba, Nodes: 20, Graph: erdos, Aggregation: krum
Attack: directed_deviation, 30.0% compromised
Final accuracy - Compromised: 0.9052, Honest: 0.9107
Overall test accuracy: mean=0.9091 ± 0.0068
