Device: cuda
Seed: 987654321
Looking for images in: /home/student.unimelb.edu.au/mrangwala/Trust-Monitor/leaf/data/celeba/data/raw/img_align_celeba
Loading 1 LEAF CelebA train files...
LEAF CelebA train: 9343 users (celebrities), 177457 samples
Looking for images in: /home/student.unimelb.edu.au/mrangwala/Trust-Monitor/leaf/data/celeba/data/raw/img_align_celeba
Loading 1 LEAF CelebA test files...
LEAF CelebA test: 9343 users (celebrities), 22831 samples
Found 9343 train users, 9343 test users, 9343 common users
User sample counts range: 31 (max) to 4 (min)
Distributed ALL 9343 users across 20 clients
Users per client: 467 (with 3 clients getting +1 user)
Train partition sizes: [8843, 8998, 8728, 9034, 8866, 8946, 8873, 8776, 8816, 8801, 8913, 8656, 9115, 8921, 8699, 8823, 8912, 8766, 9102, 8869]
Test partition sizes: [1140, 1158, 1127, 1158, 1134, 1145, 1145, 1127, 1136, 1128, 1144, 1125, 1152, 1160, 1124, 1145, 1154, 1131, 1157, 1141]
  Client 0: 8843 train samples, 2 unique classes
  Client 1: 8998 train samples, 2 unique classes
  Client 2: 8728 train samples, 2 unique classes
  Client 3: 9034 train samples, 2 unique classes
  Client 4: 8866 train samples, 2 unique classes
  Client 5: 8946 train samples, 2 unique classes
  Client 6: 8873 train samples, 2 unique classes
  Client 7: 8776 train samples, 2 unique classes
  Client 8: 8816 train samples, 2 unique classes
  Client 9: 8801 train samples, 2 unique classes
  Client 10: 8913 train samples, 2 unique classes
  Client 11: 8656 train samples, 2 unique classes
  Client 12: 9115 train samples, 2 unique classes
  Client 13: 8921 train samples, 2 unique classes
  Client 14: 8699 train samples, 2 unique classes
  Client 15: 8823 train samples, 2 unique classes
  Client 16: 8912 train samples, 2 unique classes
  Client 17: 8766 train samples, 2 unique classes
  Client 18: 9102 train samples, 2 unique classes
  Client 19: 8869 train samples, 2 unique classes
Will sample 10000 samples per client per epoch
Graph: ring, nodes: 20, edges: 20
Attack: Compromised 2/20 nodes: [5, 13]
Attack type: gaussian, lambda: 1.0
Initial test acc across nodes: mean=0.4969 ± 0.0214
Round 001: test acc mean=0.8949 ± 0.0121 | min=0.8756 max=0.9158
         : test loss mean=0.2642 ± 0.0354
         : individual accs = ['0.915789', '0.896373', '0.882875', '0.875648', '0.907407', '0.901310', '0.889956', '0.907720', '0.889965', '0.902482', '0.897727', '0.903111', '0.889757', '0.883621', '0.915480', '0.876856', '0.884749', '0.885057', '0.884183', '0.908852']
         : correct/total = [(1044, 1140), (1038, 1158), (995, 1127), (1014, 1158), (1029, 1134), (1032, 1145), (1019, 1145), (1023, 1127), (1011, 1136), (1018, 1128), (1027, 1144), (1016, 1125), (1025, 1152), (1025, 1160), (1029, 1124), (1004, 1145), (1021, 1154), (1001, 1131), (1023, 1157), (1037, 1141)]
         : compromised: 0.8925, honest: 0.8952
Round 002: test acc mean=0.9028 ± 0.0089 | min=0.8782 max=0.9147
         : test loss mean=0.2575 ± 0.0366
         : individual accs = ['0.896491', '0.878238', '0.895297', '0.900691', '0.898589', '0.899563', '0.909170', '0.910382', '0.904049', '0.913121', '0.903846', '0.914667', '0.911458', '0.891379', '0.908363', '0.897817', '0.914211', '0.902741', '0.895419', '0.909728']
         : correct/total = [(1022, 1140), (1017, 1158), (1009, 1127), (1043, 1158), (1019, 1134), (1030, 1145), (1041, 1145), (1026, 1127), (1027, 1136), (1030, 1128), (1034, 1144), (1029, 1125), (1050, 1152), (1034, 1160), (1021, 1124), (1028, 1145), (1055, 1154), (1021, 1131), (1036, 1157), (1038, 1141)]
         : compromised: 0.8955, honest: 0.9036
Round 003: test acc mean=0.9014 ± 0.0091 | min=0.8851 max=0.9140
         : test loss mean=0.2761 ± 0.0269
         : individual accs = ['0.885088', '0.896373', '0.889086', '0.895509', '0.906526', '0.906550', '0.913537', '0.902396', '0.889965', '0.914007', '0.904720', '0.912889', '0.901042', '0.903448', '0.913701', '0.891703', '0.900347', '0.902741', '0.887640', '0.910605']
         : correct/total = [(1009, 1140), (1038, 1158), (1002, 1127), (1037, 1158), (1028, 1134), (1038, 1145), (1046, 1145), (1017, 1127), (1011, 1136), (1031, 1128), (1035, 1144), (1027, 1125), (1038, 1152), (1048, 1160), (1027, 1124), (1021, 1145), (1039, 1154), (1021, 1131), (1027, 1157), (1039, 1141)]
         : compromised: 0.9050, honest: 0.9010
Round 004: test acc mean=0.9037 ± 0.0162 | min=0.8409 max=0.9231
         : test loss mean=0.3122 ± 0.0614
         : individual accs = ['0.919298', '0.902418', '0.898846', '0.909326', '0.912698', '0.893450', '0.923144', '0.898846', '0.901408', '0.914007', '0.903846', '0.840889', '0.901910', '0.908621', '0.912811', '0.903930', '0.913345', '0.906278', '0.897148', '0.912358']
         : correct/total = [(1048, 1140), (1045, 1158), (1013, 1127), (1053, 1158), (1035, 1134), (1023, 1145), (1057, 1145), (1013, 1127), (1024, 1136), (1031, 1128), (1034, 1144), (946, 1125), (1039, 1152), (1054, 1160), (1026, 1124), (1035, 1145), (1054, 1154), (1025, 1131), (1038, 1157), (1041, 1141)]
         : compromised: 0.9010, honest: 0.9040
Round 005: test acc mean=0.9041 ± 0.0077 | min=0.8886 max=0.9153
         : test loss mean=0.3448 ± 0.0448
         : individual accs = ['0.910526', '0.900691', '0.895297', '0.888601', '0.914462', '0.903930', '0.915284', '0.902396', '0.902289', '0.895390', '0.905594', '0.904000', '0.900174', '0.902586', '0.908363', '0.913537', '0.915078', '0.908930', '0.889369', '0.906223']
         : correct/total = [(1038, 1140), (1043, 1158), (1009, 1127), (1029, 1158), (1037, 1134), (1035, 1145), (1048, 1145), (1017, 1127), (1025, 1136), (1010, 1128), (1036, 1144), (1017, 1125), (1037, 1152), (1047, 1160), (1021, 1124), (1046, 1145), (1056, 1154), (1028, 1131), (1029, 1157), (1034, 1141)]
         : compromised: 0.9033, honest: 0.9042
Round 006: test acc mean=0.9069 ± 0.0062 | min=0.8930 max=0.9181
         : test loss mean=0.3598 ± 0.0623
         : individual accs = ['0.912281', '0.908463', '0.903283', '0.905872', '0.913580', '0.907424', '0.913537', '0.901508', '0.905810', '0.909574', '0.905594', '0.907556', '0.897569', '0.904310', '0.918149', '0.914410', '0.910745', '0.893015', '0.897148', '0.908852']
         : correct/total = [(1040, 1140), (1052, 1158), (1018, 1127), (1049, 1158), (1036, 1134), (1039, 1145), (1046, 1145), (1016, 1127), (1029, 1136), (1026, 1128), (1036, 1144), (1021, 1125), (1034, 1152), (1049, 1160), (1032, 1124), (1047, 1145), (1051, 1154), (1010, 1131), (1038, 1157), (1037, 1141)]
         : compromised: 0.9059, honest: 0.9071
Round 007: test acc mean=0.9074 ± 0.0080 | min=0.8868 max=0.9177
         : test loss mean=0.3629 ± 0.0721
         : individual accs = ['0.913158', '0.907599', '0.909494', '0.892919', '0.914462', '0.903930', '0.915284', '0.910382', '0.897007', '0.910461', '0.904720', '0.905778', '0.898438', '0.912069', '0.914591', '0.912664', '0.917678', '0.907162', '0.886776', '0.914110']
         : correct/total = [(1041, 1140), (1051, 1158), (1025, 1127), (1034, 1158), (1037, 1134), (1035, 1145), (1048, 1145), (1026, 1127), (1019, 1136), (1027, 1128), (1035, 1144), (1019, 1125), (1035, 1152), (1058, 1160), (1028, 1124), (1045, 1145), (1059, 1154), (1026, 1131), (1026, 1157), (1043, 1141)]
         : compromised: 0.9080, honest: 0.9074
Round 008: test acc mean=0.9076 ± 0.0090 | min=0.8850 max=0.9205
         : test loss mean=0.3854 ± 0.0545
         : individual accs = ['0.913158', '0.911917', '0.892635', '0.892919', '0.912698', '0.906550', '0.920524', '0.913931', '0.906690', '0.914007', '0.900350', '0.906667', '0.898438', '0.910345', '0.911922', '0.914410', '0.909012', '0.912467', '0.885048', '0.918493']
         : correct/total = [(1041, 1140), (1056, 1158), (1006, 1127), (1034, 1158), (1035, 1134), (1038, 1145), (1054, 1145), (1030, 1127), (1030, 1136), (1031, 1128), (1030, 1144), (1020, 1125), (1035, 1152), (1056, 1160), (1025, 1124), (1047, 1145), (1049, 1154), (1032, 1131), (1024, 1157), (1048, 1141)]
         : compromised: 0.9084, honest: 0.9075
Round 009: test acc mean=0.9105 ± 0.0063 | min=0.9015 max=0.9238
         : test loss mean=0.3865 ± 0.0594
         : individual accs = ['0.915789', '0.916235', '0.904170', '0.908463', '0.913580', '0.905677', '0.919651', '0.915705', '0.905810', '0.917553', '0.902972', '0.905778', '0.902778', '0.909483', '0.914591', '0.908297', '0.914211', '0.904509', '0.901469', '0.923751']
         : correct/total = [(1044, 1140), (1061, 1158), (1019, 1127), (1052, 1158), (1036, 1134), (1037, 1145), (1053, 1145), (1032, 1127), (1029, 1136), (1035, 1128), (1033, 1144), (1019, 1125), (1040, 1152), (1055, 1160), (1028, 1124), (1040, 1145), (1055, 1154), (1023, 1131), (1043, 1157), (1054, 1141)]
         : compromised: 0.9076, honest: 0.9109
Round 010: test acc mean=0.9099 ± 0.0075 | min=0.8894 max=0.9185
         : test loss mean=0.3915 ± 0.0618
         : individual accs = ['0.917544', '0.913644', '0.897072', '0.905009', '0.914462', '0.904803', '0.917904', '0.914818', '0.908451', '0.917553', '0.906469', '0.912000', '0.900174', '0.910345', '0.916370', '0.910917', '0.913345', '0.908930', '0.889369', '0.918493']
         : correct/total = [(1046, 1140), (1058, 1158), (1011, 1127), (1048, 1158), (1037, 1134), (1036, 1145), (1051, 1145), (1031, 1127), (1032, 1136), (1035, 1128), (1037, 1144), (1026, 1125), (1037, 1152), (1056, 1160), (1030, 1124), (1043, 1145), (1054, 1154), (1028, 1131), (1029, 1157), (1048, 1141)]
         : compromised: 0.9076, honest: 0.9101

=== FINAL RESULTS ===
Dataset: celeba, Nodes: 20, Graph: ring, Aggregation: krum
Attack: gaussian, 10.0% compromised
Final accuracy - Compromised: 0.9076, Honest: 0.9101
Overall test accuracy: mean=0.9099 ± 0.0075
