Device: cuda
Seed: 987654321
Looking for images in: /home/student.unimelb.edu.au/mrangwala/Trust-Monitor/leaf/data/celeba/data/raw/img_align_celeba
Loading 1 LEAF CelebA train files...
LEAF CelebA train: 9343 users (celebrities), 177457 samples
Looking for images in: /home/student.unimelb.edu.au/mrangwala/Trust-Monitor/leaf/data/celeba/data/raw/img_align_celeba
Loading 1 LEAF CelebA test files...
LEAF CelebA test: 9343 users (celebrities), 22831 samples
Found 9343 train users, 9343 test users, 9343 common users
User sample counts range: 31 (max) to 4 (min)
Distributed ALL 9343 users across 20 clients
Users per client: 467 (with 3 clients getting +1 user)
Train partition sizes: [8843, 8998, 8728, 9034, 8866, 8946, 8873, 8776, 8816, 8801, 8913, 8656, 9115, 8921, 8699, 8823, 8912, 8766, 9102, 8869]
Test partition sizes: [1140, 1158, 1127, 1158, 1134, 1145, 1145, 1127, 1136, 1128, 1144, 1125, 1152, 1160, 1124, 1145, 1154, 1131, 1157, 1141]
  Client 0: 8843 train samples, 2 unique classes
  Client 1: 8998 train samples, 2 unique classes
  Client 2: 8728 train samples, 2 unique classes
  Client 3: 9034 train samples, 2 unique classes
  Client 4: 8866 train samples, 2 unique classes
  Client 5: 8946 train samples, 2 unique classes
  Client 6: 8873 train samples, 2 unique classes
  Client 7: 8776 train samples, 2 unique classes
  Client 8: 8816 train samples, 2 unique classes
  Client 9: 8801 train samples, 2 unique classes
  Client 10: 8913 train samples, 2 unique classes
  Client 11: 8656 train samples, 2 unique classes
  Client 12: 9115 train samples, 2 unique classes
  Client 13: 8921 train samples, 2 unique classes
  Client 14: 8699 train samples, 2 unique classes
  Client 15: 8823 train samples, 2 unique classes
  Client 16: 8912 train samples, 2 unique classes
  Client 17: 8766 train samples, 2 unique classes
  Client 18: 9102 train samples, 2 unique classes
  Client 19: 8869 train samples, 2 unique classes
Will sample 10000 samples per client per epoch
Graph: erdos, nodes: 20, edges: 48
Attack: Compromised 2/20 nodes: [5, 13]
Attack type: gaussian, lambda: 1.0
UBAR ALGORITHM (Two-Stage Byzantine-resilient)
  - Model dimension: 30,758 parameters
  - Rho parameter: 0.9
  - Stage 1: Distance-based filtering (select 90% closest neighbors)
  - Stage 2: Performance-based selection (loss comparison)
  - Complexity: O(deg(i)×d + deg(i)×inference)
Initial test acc across nodes: mean=0.4969 ± 0.0214
Round 001: test acc mean=0.5267 ± 0.0500 | min=0.4911 max=0.7349
         : test loss mean=0.8923 ± 0.1323
         : individual accs = ['0.528947', '0.508636', '0.493345', '0.734888', '0.522046', '0.514410', '0.521397', '0.503993', '0.562500', '0.491135', '0.525350', '0.498667', '0.522569', '0.506897', '0.517794', '0.517031', '0.515598', '0.508400', '0.522040', '0.517967']
         : correct/total = [(603, 1140), (589, 1158), (556, 1127), (851, 1158), (592, 1134), (589, 1145), (597, 1145), (568, 1127), (639, 1136), (554, 1128), (601, 1144), (561, 1125), (602, 1152), (588, 1160), (582, 1124), (592, 1145), (595, 1154), (575, 1131), (604, 1157), (591, 1141)]
         : compromised: 0.5107, honest: 0.5285
         : ubar stats = ['Node 0: s1=0.833, s2=0.200', 'Node 1: s1=0.833, s2=0.600', 'Node 2: s1=0.800, s2=0.250']...
Round 002: test acc mean=0.6811 ± 0.1729 | min=0.4911 max=0.9177
         : test loss mean=0.5620 ± 0.2447
         : individual accs = ['0.528947', '0.508636', '0.493345', '0.859240', '0.882716', '0.514410', '0.521397', '0.503993', '0.775528', '0.491135', '0.847028', '0.498667', '0.810764', '0.899138', '0.517794', '0.537991', '0.917678', '0.776304', '0.866033', '0.872042']
         : correct/total = [(603, 1140), (589, 1158), (556, 1127), (995, 1158), (1001, 1134), (589, 1145), (597, 1145), (568, 1127), (881, 1136), (554, 1128), (969, 1144), (561, 1125), (934, 1152), (1043, 1160), (582, 1124), (616, 1145), (1059, 1154), (878, 1131), (1002, 1157), (995, 1141)]
         : compromised: 0.7068, honest: 0.6783
         : ubar stats = ['Node 0: s1=0.833, s2=0.200', 'Node 1: s1=0.833, s2=0.600', 'Node 2: s1=0.800, s2=0.250']...
Round 003: test acc mean=0.7369 ± 0.1716 | min=0.5040 max=0.9213
         : test loss mean=0.4544 ± 0.2250
         : individual accs = ['0.910526', '0.526770', '0.899734', '0.694301', '0.588183', '0.773799', '0.522271', '0.503993', '0.889965', '0.879433', '0.921329', '0.607111', '0.853299', '0.916379', '0.517794', '0.517031', '0.917678', '0.861185', '0.522040', '0.914987']
         : correct/total = [(1038, 1140), (610, 1158), (1014, 1127), (804, 1158), (667, 1134), (886, 1145), (598, 1145), (568, 1127), (1011, 1136), (992, 1128), (1054, 1144), (683, 1125), (983, 1152), (1063, 1160), (582, 1124), (592, 1145), (1059, 1154), (974, 1131), (604, 1157), (1044, 1141)]
         : compromised: 0.8451, honest: 0.7249
         : ubar stats = ['Node 0: s1=0.833, s2=0.200', 'Node 1: s1=0.833, s2=0.467', 'Node 2: s1=0.800, s2=0.250']...
Round 004: test acc mean=0.7834 ± 0.1419 | min=0.5009 max=0.9298
         : test loss mean=0.4122 ± 0.2093
         : individual accs = ['0.667544', '0.827288', '0.866016', '0.763385', '0.862434', '0.769432', '0.668122', '0.872227', '0.900528', '0.500887', '0.902098', '0.929778', '0.522569', '0.916379', '0.566726', '0.582533', '0.915078', '0.816976', '0.894555', '0.922875']
         : correct/total = [(761, 1140), (958, 1158), (976, 1127), (884, 1158), (978, 1134), (881, 1145), (765, 1145), (983, 1127), (1023, 1136), (565, 1128), (1032, 1144), (1046, 1125), (602, 1152), (1063, 1160), (637, 1124), (667, 1145), (1056, 1154), (924, 1131), (1035, 1157), (1053, 1141)]
         : compromised: 0.8429, honest: 0.7768
         : ubar stats = ['Node 0: s1=0.833, s2=0.200', 'Node 1: s1=0.833, s2=0.400', 'Node 2: s1=0.800, s2=0.250']...
Round 005: test acc mean=0.8341 ± 0.1424 | min=0.4942 max=0.9316
         : test loss mean=0.3320 ± 0.1740
         : individual accs = ['0.931579', '0.873921', '0.494232', '0.911917', '0.543210', '0.927511', '0.903057', '0.705413', '0.904930', '0.897163', '0.909091', '0.898667', '0.898438', '0.508621', '0.921708', '0.889083', '0.917678', '0.824934', '0.904927', '0.916740']
         : correct/total = [(1062, 1140), (1012, 1158), (557, 1127), (1056, 1158), (616, 1134), (1062, 1145), (1034, 1145), (795, 1127), (1028, 1136), (1012, 1128), (1040, 1144), (1011, 1125), (1035, 1152), (590, 1160), (1036, 1124), (1018, 1145), (1059, 1154), (933, 1131), (1047, 1157), (1046, 1141)]
         : compromised: 0.7181, honest: 0.8470
         : ubar stats = ['Node 0: s1=0.833, s2=0.200', 'Node 1: s1=0.833, s2=0.360', 'Node 2: s1=0.800, s2=0.250']...
Round 006: test acc mean=0.8923 ± 0.0533 | min=0.7430 max=0.9250
         : test loss mean=0.2607 ± 0.0906
         : individual accs = ['0.924561', '0.910190', '0.897072', '0.919689', '0.925044', '0.910044', '0.913537', '0.747116', '0.909331', '0.924645', '0.743007', '0.924444', '0.905382', '0.825862', '0.921708', '0.906550', '0.916811', '0.900088', '0.903198', '0.916740']
         : correct/total = [(1054, 1140), (1054, 1158), (1011, 1127), (1065, 1158), (1049, 1134), (1042, 1145), (1046, 1145), (842, 1127), (1033, 1136), (1043, 1128), (850, 1144), (1040, 1125), (1043, 1152), (958, 1160), (1036, 1124), (1038, 1145), (1058, 1154), (1018, 1131), (1045, 1157), (1046, 1141)]
         : compromised: 0.8680, honest: 0.8950
         : ubar stats = ['Node 0: s1=0.833, s2=0.200', 'Node 1: s1=0.833, s2=0.333', 'Node 2: s1=0.800, s2=0.250']...
Round 007: test acc mean=0.8820 ± 0.0941 | min=0.5264 max=0.9263
         : test loss mean=0.2756 ± 0.1258
         : individual accs = ['0.926316', '0.889465', '0.701863', '0.915371', '0.925044', '0.908297', '0.915284', '0.910382', '0.916373', '0.916667', '0.881119', '0.926222', '0.916667', '0.900000', '0.913701', '0.910917', '0.915945', '0.905393', '0.526361', '0.918493']
         : correct/total = [(1056, 1140), (1030, 1158), (791, 1127), (1060, 1158), (1049, 1134), (1040, 1145), (1048, 1145), (1026, 1127), (1041, 1136), (1034, 1128), (1008, 1144), (1042, 1125), (1056, 1152), (1044, 1160), (1027, 1124), (1043, 1145), (1057, 1154), (1024, 1131), (609, 1157), (1048, 1141)]
         : compromised: 0.9041, honest: 0.8795
         : ubar stats = ['Node 0: s1=0.833, s2=0.200', 'Node 1: s1=0.833, s2=0.314', 'Node 2: s1=0.800, s2=0.250']...
Round 008: test acc mean=0.8698 ± 0.0893 | min=0.6173 max=0.9307
         : test loss mean=0.2904 ± 0.1130
         : individual accs = ['0.930702', '0.917098', '0.807453', '0.827288', '0.617284', '0.902183', '0.915284', '0.892635', '0.913732', '0.916667', '0.913462', '0.618667', '0.913194', '0.893103', '0.909253', '0.912664', '0.920277', '0.907162', '0.859983', '0.907099']
         : correct/total = [(1061, 1140), (1062, 1158), (910, 1127), (958, 1158), (700, 1134), (1033, 1145), (1048, 1145), (1006, 1127), (1038, 1136), (1034, 1128), (1045, 1144), (696, 1125), (1052, 1152), (1036, 1160), (1022, 1124), (1045, 1145), (1062, 1154), (1026, 1131), (995, 1157), (1035, 1141)]
         : compromised: 0.8976, honest: 0.8667
         : ubar stats = ['Node 0: s1=0.833, s2=0.200', 'Node 1: s1=0.833, s2=0.300', 'Node 2: s1=0.800, s2=0.250']...
Round 009: test acc mean=0.9085 ± 0.0141 | min=0.8696 max=0.9281
         : test loss mean=0.2418 ± 0.0332
         : individual accs = ['0.903509', '0.916235', '0.869565', '0.912781', '0.882716', '0.901310', '0.925764', '0.913931', '0.908451', '0.920213', '0.911713', '0.900444', '0.917535', '0.916379', '0.914591', '0.910044', '0.928076', '0.902741', '0.891098', '0.921998']
         : correct/total = [(1030, 1140), (1061, 1158), (980, 1127), (1057, 1158), (1001, 1134), (1032, 1145), (1060, 1145), (1030, 1127), (1032, 1136), (1038, 1128), (1043, 1144), (1013, 1125), (1057, 1152), (1063, 1160), (1028, 1124), (1042, 1145), (1071, 1154), (1021, 1131), (1031, 1157), (1052, 1141)]
         : compromised: 0.9088, honest: 0.9084
         : ubar stats = ['Node 0: s1=0.833, s2=0.200', 'Node 1: s1=0.833, s2=0.289', 'Node 2: s1=0.800, s2=0.278']...
Round 010: test acc mean=0.9132 ± 0.0130 | min=0.8678 max=0.9290
         : test loss mean=0.2287 ± 0.0350
         : individual accs = ['0.917544', '0.910190', '0.899734', '0.909326', '0.923280', '0.916157', '0.926638', '0.867791', '0.905810', '0.916667', '0.920455', '0.919111', '0.924479', '0.919828', '0.919039', '0.918777', '0.912478', '0.906278', '0.902334', '0.929010']
         : correct/total = [(1046, 1140), (1054, 1158), (1014, 1127), (1053, 1158), (1047, 1134), (1049, 1145), (1061, 1145), (978, 1127), (1029, 1136), (1034, 1128), (1053, 1144), (1034, 1125), (1065, 1152), (1067, 1160), (1033, 1124), (1052, 1145), (1053, 1154), (1025, 1131), (1044, 1157), (1060, 1141)]
         : compromised: 0.9180, honest: 0.9127
         : ubar stats = ['Node 0: s1=0.833, s2=0.200', 'Node 1: s1=0.833, s2=0.280', 'Node 2: s1=0.800, s2=0.275']...

=== FINAL RESULTS ===
Dataset: celeba, Nodes: 20, Graph: erdos, Aggregation: ubar
Attack: gaussian, 10.0% compromised
Final accuracy - Compromised: 0.9180, Honest: 0.9127
Overall test accuracy: mean=0.9132 ± 0.0130

=== UBAR SUMMARY ===
Node 0: stage1=0.833, stage2=0.200, overall=0.167
Node 1: stage1=0.833, stage2=0.280, overall=0.233
Node 2: stage1=0.800, stage2=0.275, overall=0.220
Node 3: stage1=0.750, stage2=0.400, overall=0.300
Node 4: stage1=0.750, stage2=0.400, overall=0.300
Node 5: stage1=0.800, stage2=0.250, overall=0.200
Node 6: stage1=0.800, stage2=0.425, overall=0.340
Node 7: stage1=0.800, stage2=0.250, overall=0.200
Node 8: stage1=0.500, stage2=1.000, overall=0.500
Node 9: stage1=0.667, stage2=0.500, overall=0.333
Node 10: stage1=0.750, stage2=0.333, overall=0.250
Node 11: stage1=0.857, stage2=0.183, overall=0.157
Node 12: stage1=0.857, stage2=0.167, overall=0.143
Node 13: stage1=0.750, stage2=0.333, overall=0.250
Node 14: stage1=0.857, stage2=0.183, overall=0.157
Node 15: stage1=0.833, stage2=0.260, overall=0.217
Node 16: stage1=0.800, stage2=0.250, overall=0.200
Node 17: stage1=0.800, stage2=0.250, overall=0.200
Node 18: stage1=0.750, stage2=0.367, overall=0.275
Node 19: stage1=0.500, stage2=1.000, overall=0.500

Performance Summary:
  - Distance computation time: 0.771s (20.9%)
  - Loss computation time: 2.761s (74.8%)
  - Aggregation time: 0.157s (4.3%)
  - Total time: 3.688s
  - Mean Stage 1 acceptance rate: 0.764
  - Mean Stage 2 acceptance rate: 0.365
  - Overall acceptance rate: 0.279

UBAR Algorithm Properties:
  - Model dimension: 30,758
  - Rho parameter: 0.9
  - Two-stage approach: Distance filtering + loss evaluation
  - Stage 1 selects: 90% of neighbors
  - Stage 2 uses: Training sample loss comparison
  - Theoretical complexity: O(deg(i)×d + deg(i)×inference)
  - Approach: UBAR paper implementation
