Device: cuda
Seed: 987654321
Looking for images in: /home/student.unimelb.edu.au/mrangwala/Trust-Monitor/leaf/data/celeba/data/raw/img_align_celeba
Loading 1 LEAF CelebA train files...
LEAF CelebA train: 9343 users (celebrities), 177457 samples
Looking for images in: /home/student.unimelb.edu.au/mrangwala/Trust-Monitor/leaf/data/celeba/data/raw/img_align_celeba
Loading 1 LEAF CelebA test files...
LEAF CelebA test: 9343 users (celebrities), 22831 samples
Found 9343 train users, 9343 test users, 9343 common users
User sample counts range: 31 (max) to 4 (min)
Distributed ALL 9343 users across 20 clients
Users per client: 467 (with 3 clients getting +1 user)
Train partition sizes: [8843, 8998, 8728, 9034, 8866, 8946, 8873, 8776, 8816, 8801, 8913, 8656, 9115, 8921, 8699, 8823, 8912, 8766, 9102, 8869]
Test partition sizes: [1140, 1158, 1127, 1158, 1134, 1145, 1145, 1127, 1136, 1128, 1144, 1125, 1152, 1160, 1124, 1145, 1154, 1131, 1157, 1141]
  Client 0: 8843 train samples, 2 unique classes
  Client 1: 8998 train samples, 2 unique classes
  Client 2: 8728 train samples, 2 unique classes
  Client 3: 9034 train samples, 2 unique classes
  Client 4: 8866 train samples, 2 unique classes
  Client 5: 8946 train samples, 2 unique classes
  Client 6: 8873 train samples, 2 unique classes
  Client 7: 8776 train samples, 2 unique classes
  Client 8: 8816 train samples, 2 unique classes
  Client 9: 8801 train samples, 2 unique classes
  Client 10: 8913 train samples, 2 unique classes
  Client 11: 8656 train samples, 2 unique classes
  Client 12: 9115 train samples, 2 unique classes
  Client 13: 8921 train samples, 2 unique classes
  Client 14: 8699 train samples, 2 unique classes
  Client 15: 8823 train samples, 2 unique classes
  Client 16: 8912 train samples, 2 unique classes
  Client 17: 8766 train samples, 2 unique classes
  Client 18: 9102 train samples, 2 unique classes
  Client 19: 8869 train samples, 2 unique classes
Will sample 10000 samples per client per epoch
Graph: erdos, nodes: 20, edges: 99
Attack: Compromised 6/20 nodes: [5, 12, 13, 14, 17, 18]
Attack type: gaussian, lambda: 1.0
Initial test acc across nodes: mean=0.4969 ± 0.0214
Round 001: test acc mean=0.8827 ± 0.0215 | min=0.8351 max=0.9180
         : test loss mean=0.2918 ± 0.0539
         : individual accs = ['0.835088', '0.858377', '0.893523', '0.901554', '0.917989', '0.851528', '0.889083', '0.886424', '0.889965', '0.868794', '0.860140', '0.912000', '0.875868', '0.893103', '0.900356', '0.883843', '0.893414', '0.893015', '0.850475', '0.900088']
         : correct/total = [(952, 1140), (994, 1158), (1007, 1127), (1044, 1158), (1041, 1134), (975, 1145), (1018, 1145), (999, 1127), (1011, 1136), (980, 1128), (984, 1144), (1026, 1125), (1009, 1152), (1036, 1160), (1012, 1124), (1012, 1145), (1031, 1154), (1010, 1131), (984, 1157), (1027, 1141)]
         : compromised: 0.8774, honest: 0.8850
Round 002: test acc mean=0.9007 ± 0.0151 | min=0.8619 max=0.9191
         : test loss mean=0.2515 ± 0.0387
         : individual accs = ['0.886842', '0.898964', '0.886424', '0.907599', '0.911817', '0.904803', '0.914410', '0.916593', '0.904049', '0.896277', '0.861888', '0.919111', '0.913194', '0.903448', '0.906584', '0.915284', '0.874350', '0.900088', '0.880726', '0.912358']
         : correct/total = [(1011, 1140), (1041, 1158), (999, 1127), (1051, 1158), (1034, 1134), (1036, 1145), (1047, 1145), (1033, 1127), (1027, 1136), (1011, 1128), (986, 1144), (1034, 1125), (1052, 1152), (1048, 1160), (1019, 1124), (1048, 1145), (1009, 1154), (1018, 1131), (1019, 1157), (1041, 1141)]
         : compromised: 0.9015, honest: 0.9004
Round 003: test acc mean=0.9009 ± 0.0109 | min=0.8836 max=0.9210
         : test loss mean=0.2589 ± 0.0249
         : individual accs = ['0.885965', '0.886874', '0.899734', '0.892055', '0.918871', '0.903930', '0.903930', '0.921029', '0.889965', '0.893617', '0.897727', '0.914667', '0.904514', '0.883621', '0.898577', '0.896943', '0.908146', '0.908930', '0.892826', '0.915863']
         : correct/total = [(1010, 1140), (1027, 1158), (1014, 1127), (1033, 1158), (1042, 1134), (1035, 1145), (1035, 1145), (1038, 1127), (1011, 1136), (1008, 1128), (1027, 1144), (1029, 1125), (1042, 1152), (1025, 1160), (1010, 1124), (1027, 1145), (1048, 1154), (1028, 1131), (1033, 1157), (1045, 1141)]
         : compromised: 0.8987, honest: 0.9018
Round 004: test acc mean=0.9087 ± 0.0110 | min=0.8833 max=0.9289
         : test loss mean=0.2512 ± 0.0544
         : individual accs = ['0.928947', '0.905009', '0.900621', '0.911917', '0.908289', '0.914410', '0.918777', '0.911269', '0.901408', '0.915780', '0.906469', '0.904889', '0.906250', '0.913793', '0.896797', '0.917904', '0.919411', '0.883289', '0.886776', '0.921998']
         : correct/total = [(1059, 1140), (1048, 1158), (1015, 1127), (1056, 1158), (1030, 1134), (1047, 1145), (1052, 1145), (1027, 1127), (1024, 1136), (1033, 1128), (1037, 1144), (1018, 1125), (1044, 1152), (1060, 1160), (1008, 1124), (1051, 1145), (1061, 1154), (999, 1131), (1026, 1157), (1052, 1141)]
         : compromised: 0.9002, honest: 0.9123
Round 005: test acc mean=0.9042 ± 0.0124 | min=0.8686 max=0.9206
         : test loss mean=0.2677 ± 0.0552
         : individual accs = ['0.918421', '0.908463', '0.895297', '0.890328', '0.920635', '0.912664', '0.906550', '0.905058', '0.902289', '0.917553', '0.908217', '0.905778', '0.914062', '0.912931', '0.890569', '0.889083', '0.912478', '0.909814', '0.868626', '0.895706']
         : correct/total = [(1047, 1140), (1052, 1158), (1009, 1127), (1031, 1158), (1044, 1134), (1045, 1145), (1038, 1145), (1020, 1127), (1025, 1136), (1035, 1128), (1039, 1144), (1019, 1125), (1053, 1152), (1059, 1160), (1001, 1124), (1018, 1145), (1053, 1154), (1029, 1131), (1005, 1157), (1022, 1141)]
         : compromised: 0.9014, honest: 0.9054
Round 006: test acc mean=0.8920 ± 0.0762 | min=0.5625 max=0.9227
         : test loss mean=nan ± nan
         : individual accs = ['0.916667', '0.900691', '0.891748', '0.905872', '0.910053', '0.912664', '0.908297', '0.918367', '0.562500', '0.912234', '0.914336', '0.922667', '0.918403', '0.912931', '0.911922', '0.904803', '0.920277', '0.893015', '0.886776', '0.916740']
         : correct/total = [(1045, 1140), (1043, 1158), (1005, 1127), (1049, 1158), (1032, 1134), (1045, 1145), (1040, 1145), (1035, 1127), (639, 1136), (1029, 1128), (1046, 1144), (1038, 1125), (1058, 1152), (1059, 1160), (1025, 1124), (1036, 1145), (1062, 1154), (1010, 1131), (1026, 1157), (1046, 1141)]
         : compromised: 0.9060, honest: 0.8861
Round 007: test acc mean=0.8907 ± 0.0760 | min=0.5625 max=0.9281
         : test loss mean=nan ± nan
         : individual accs = ['0.928070', '0.905872', '0.889086', '0.908463', '0.920635', '0.905677', '0.919651', '0.921917', '0.562500', '0.908688', '0.914336', '0.915556', '0.907118', '0.897414', '0.897687', '0.901310', '0.915945', '0.897436', '0.886776', '0.910605']
         : correct/total = [(1058, 1140), (1049, 1158), (1002, 1127), (1052, 1158), (1044, 1134), (1037, 1145), (1053, 1145), (1039, 1127), (639, 1136), (1025, 1128), (1046, 1144), (1030, 1125), (1045, 1152), (1041, 1160), (1009, 1124), (1032, 1145), (1057, 1154), (1015, 1131), (1026, 1157), (1039, 1141)]
         : compromised: 0.8987, honest: 0.8873
Round 008: test acc mean=0.8895 ± 0.0755 | min=0.5625 max=0.9246
         : test loss mean=nan ± nan
         : individual accs = ['0.918421', '0.910190', '0.902396', '0.912781', '0.900353', '0.903930', '0.899563', '0.924579', '0.562500', '0.918440', '0.906469', '0.914667', '0.901042', '0.908621', '0.904804', '0.906550', '0.904679', '0.900088', '0.885048', '0.905346']
         : correct/total = [(1047, 1140), (1054, 1158), (1017, 1127), (1057, 1158), (1021, 1134), (1035, 1145), (1030, 1145), (1042, 1127), (639, 1136), (1036, 1128), (1037, 1144), (1029, 1125), (1038, 1152), (1054, 1160), (1017, 1124), (1038, 1145), (1044, 1154), (1018, 1131), (1024, 1157), (1033, 1141)]
         : compromised: 0.9006, honest: 0.8848
Round 009: test acc mean=0.8892 ± 0.0755 | min=0.5625 max=0.9246
         : test loss mean=nan ± nan
         : individual accs = ['0.924561', '0.910190', '0.893523', '0.908463', '0.905644', '0.901310', '0.900437', '0.922804', '0.562500', '0.907801', '0.908217', '0.915556', '0.901042', '0.898276', '0.903915', '0.909170', '0.920277', '0.900973', '0.883319', '0.905346']
         : correct/total = [(1054, 1140), (1054, 1158), (1007, 1127), (1052, 1158), (1027, 1134), (1032, 1145), (1031, 1145), (1040, 1127), (639, 1136), (1024, 1128), (1039, 1144), (1030, 1125), (1038, 1152), (1042, 1160), (1016, 1124), (1041, 1145), (1062, 1154), (1019, 1131), (1022, 1157), (1033, 1141)]
         : compromised: 0.8981, honest: 0.8853
Round 010: test acc mean=0.8887 ± 0.0755 | min=0.5625 max=0.9237
         : test loss mean=nan ± nan
         : individual accs = ['0.923684', '0.902418', '0.899734', '0.909326', '0.908289', '0.902183', '0.895197', '0.923691', '0.562500', '0.902482', '0.902098', '0.915556', '0.908854', '0.895690', '0.910142', '0.919651', '0.904679', '0.899204', '0.881590', '0.907099']
         : correct/total = [(1053, 1140), (1045, 1158), (1014, 1127), (1053, 1158), (1030, 1134), (1033, 1145), (1025, 1145), (1041, 1127), (639, 1136), (1018, 1128), (1032, 1144), (1030, 1125), (1047, 1152), (1039, 1160), (1023, 1124), (1053, 1145), (1044, 1154), (1017, 1131), (1020, 1157), (1035, 1141)]
         : compromised: 0.8996, honest: 0.8840

=== FINAL RESULTS ===
Dataset: celeba, Nodes: 20, Graph: erdos, Aggregation: krum
Attack: gaussian, 30.0% compromised
Final accuracy - Compromised: 0.8996, Honest: 0.8840
Overall test accuracy: mean=0.8887 ± 0.0755
