Device: cuda
Seed: 987654321
Looking for images in: /home/student.unimelb.edu.au/mrangwala/Trust-Monitor/leaf/data/celeba/data/raw/img_align_celeba
Loading 1 LEAF CelebA train files...
LEAF CelebA train: 9343 users (celebrities), 177457 samples
Looking for images in: /home/student.unimelb.edu.au/mrangwala/Trust-Monitor/leaf/data/celeba/data/raw/img_align_celeba
Loading 1 LEAF CelebA test files...
LEAF CelebA test: 9343 users (celebrities), 22831 samples
Found 9343 train users, 9343 test users, 9343 common users
User sample counts range: 31 (max) to 4 (min)
Distributed ALL 9343 users across 20 clients
Users per client: 467 (with 3 clients getting +1 user)
Train partition sizes: [8843, 8998, 8728, 9034, 8866, 8946, 8873, 8776, 8816, 8801, 8913, 8656, 9115, 8921, 8699, 8823, 8912, 8766, 9102, 8869]
Test partition sizes: [1140, 1158, 1127, 1158, 1134, 1145, 1145, 1127, 1136, 1128, 1144, 1125, 1152, 1160, 1124, 1145, 1154, 1131, 1157, 1141]
  Client 0: 8843 train samples, 2 unique classes
  Client 1: 8998 train samples, 2 unique classes
  Client 2: 8728 train samples, 2 unique classes
  Client 3: 9034 train samples, 2 unique classes
  Client 4: 8866 train samples, 2 unique classes
  Client 5: 8946 train samples, 2 unique classes
  Client 6: 8873 train samples, 2 unique classes
  Client 7: 8776 train samples, 2 unique classes
  Client 8: 8816 train samples, 2 unique classes
  Client 9: 8801 train samples, 2 unique classes
  Client 10: 8913 train samples, 2 unique classes
  Client 11: 8656 train samples, 2 unique classes
  Client 12: 9115 train samples, 2 unique classes
  Client 13: 8921 train samples, 2 unique classes
  Client 14: 8699 train samples, 2 unique classes
  Client 15: 8823 train samples, 2 unique classes
  Client 16: 8912 train samples, 2 unique classes
  Client 17: 8766 train samples, 2 unique classes
  Client 18: 9102 train samples, 2 unique classes
  Client 19: 8869 train samples, 2 unique classes
Will sample 10000 samples per client per epoch
Graph: erdos, nodes: 20, edges: 48
Attack: Compromised 6/20 nodes: [5, 12, 13, 14, 17, 18]
Attack type: gaussian, lambda: 1.0
Initial test acc across nodes: mean=0.4969 ± 0.0214
Round 001: test acc mean=0.5164 ± 0.0150 | min=0.4911 max=0.5625
         : test loss mean=nan ± nan
         : individual accs = ['0.528947', '0.508636', '0.493345', '0.528497', '0.522046', '0.514410', '0.521397', '0.503993', '0.562500', '0.491135', '0.525350', '0.498667', '0.522569', '0.506897', '0.517794', '0.517031', '0.515598', '0.508400', '0.522040', '0.517967']
         : correct/total = [(603, 1140), (589, 1158), (556, 1127), (612, 1158), (592, 1134), (589, 1145), (597, 1145), (568, 1127), (639, 1136), (554, 1128), (601, 1144), (561, 1125), (602, 1152), (588, 1160), (582, 1124), (592, 1145), (595, 1154), (575, 1131), (604, 1157), (591, 1141)]
         : compromised: 0.5154, honest: 0.5168
Round 002: test acc mean=0.5010 ± 0.0180 | min=0.4711 max=0.5345
         : test loss mean=5624.3446 ± 14696.6220
         : individual accs = ['0.471053', '0.491364', '0.506655', '0.527634', '0.476190', '0.486463', '0.520524', '0.503993', '0.509683', '0.491135', '0.525350', '0.501333', '0.477431', '0.534483', '0.516014', '0.499563', '0.488735', '0.491600', '0.483146', '0.517967']
         : correct/total = [(537, 1140), (569, 1158), (571, 1127), (611, 1158), (540, 1134), (557, 1145), (596, 1145), (568, 1127), (579, 1136), (554, 1128), (601, 1144), (564, 1125), (550, 1152), (620, 1160), (580, 1124), (572, 1145), (564, 1154), (556, 1131), (559, 1157), (591, 1141)]
         : compromised: 0.4982, honest: 0.5022
Round 003: test acc mean=0.5048 ± 0.0229 | min=0.4516 max=0.5377
         : test loss mean=5609.3489 ± 14716.5205
         : individual accs = ['0.528947', '0.491364', '0.537711', '0.528497', '0.522046', '0.487336', '0.478603', '0.517303', '0.451585', '0.491135', '0.525350', '0.527111', '0.522569', '0.477586', '0.511566', '0.482969', '0.484402', '0.490716', '0.522040', '0.517967']
         : correct/total = [(603, 1140), (569, 1158), (606, 1127), (612, 1158), (592, 1134), (558, 1145), (548, 1145), (583, 1127), (513, 1136), (554, 1128), (601, 1144), (593, 1125), (602, 1152), (554, 1160), (575, 1124), (553, 1145), (559, 1154), (555, 1131), (604, 1157), (591, 1141)]
         : compromised: 0.5020, honest: 0.5061
Round 004: test acc mean=0.4934 ± 0.0204 | min=0.4569 max=0.5309
         : test loss mean=3993.1314 ± 8884.4082
         : individual accs = ['0.471053', '0.491364', '0.493345', '0.462003', '0.530864', '0.511790', '0.478603', '0.502218', '0.456866', '0.508865', '0.526224', '0.498667', '0.486111', '0.499138', '0.475089', '0.468996', '0.500867', '0.501326', '0.522040', '0.482033']
         : correct/total = [(537, 1140), (569, 1158), (556, 1127), (535, 1158), (602, 1134), (586, 1145), (548, 1145), (566, 1127), (519, 1136), (574, 1128), (602, 1144), (561, 1125), (560, 1152), (579, 1160), (534, 1124), (537, 1145), (578, 1154), (567, 1131), (604, 1157), (550, 1141)]
         : compromised: 0.4992, honest: 0.4909
Round 005: test acc mean=0.4919 ± 0.0211 | min=0.4437 max=0.5289
         : test loss mean=9330.7619 ± 25672.1309
         : individual accs = ['0.528947', '0.491364', '0.507542', '0.471503', '0.477954', '0.510044', '0.478603', '0.495120', '0.443662', '0.508865', '0.476399', '0.497778', '0.522569', '0.506897', '0.484875', '0.495197', '0.481802', '0.482759', '0.458081', '0.517967']
         : correct/total = [(603, 1140), (569, 1158), (572, 1127), (546, 1158), (542, 1134), (584, 1145), (548, 1145), (558, 1127), (504, 1136), (574, 1128), (545, 1144), (560, 1125), (602, 1152), (588, 1160), (545, 1124), (567, 1145), (556, 1154), (546, 1131), (530, 1157), (591, 1141)]
         : compromised: 0.4942, honest: 0.4909
Round 006: test acc mean=0.4977 ± 0.0222 | min=0.4340 max=0.5285
         : test loss mean=6652.5572 ± 18035.6411
         : individual accs = ['0.471053', '0.491364', '0.516415', '0.528497', '0.477954', '0.513537', '0.517904', '0.503993', '0.433979', '0.508865', '0.524476', '0.498667', '0.477431', '0.493966', '0.500000', '0.510917', '0.512132', '0.475685', '0.515125', '0.482033']
         : correct/total = [(537, 1140), (569, 1158), (582, 1127), (612, 1158), (542, 1134), (588, 1145), (593, 1145), (568, 1127), (493, 1136), (574, 1128), (600, 1144), (561, 1125), (550, 1152), (573, 1160), (562, 1124), (585, 1145), (591, 1154), (538, 1131), (596, 1157), (550, 1141)]
         : compromised: 0.4960, honest: 0.4984
Round 007: test acc mean=0.5036 ± 0.0219 | min=0.4693 max=0.5669
         : test loss mean=3511.6877 ± 4695.5433
         : individual accs = ['0.491228', '0.491364', '0.506655', '0.528497', '0.519400', '0.512664', '0.493450', '0.503993', '0.566901', '0.491135', '0.506993', '0.528889', '0.519965', '0.487069', '0.482206', '0.504803', '0.476603', '0.508400', '0.469317', '0.482033']
         : correct/total = [(560, 1140), (569, 1158), (571, 1127), (612, 1158), (589, 1134), (587, 1145), (565, 1145), (568, 1127), (644, 1136), (554, 1128), (580, 1144), (595, 1125), (599, 1152), (565, 1160), (542, 1124), (578, 1145), (550, 1154), (575, 1131), (543, 1157), (550, 1141)]
         : compromised: 0.4966, honest: 0.5066
Round 008: test acc mean=0.5056 ± 0.0276 | min=0.4402 max=0.5625
         : test loss mean=6145.9898 ± 12051.8911
         : individual accs = ['0.500000', '0.491364', '0.493345', '0.528497', '0.522046', '0.529258', '0.477729', '0.503993', '0.562500', '0.508865', '0.561189', '0.498667', '0.476562', '0.504310', '0.487544', '0.440175', '0.515598', '0.508400', '0.519447', '0.482033']
         : correct/total = [(570, 1140), (569, 1158), (556, 1127), (612, 1158), (592, 1134), (606, 1145), (547, 1145), (568, 1127), (639, 1136), (574, 1128), (642, 1144), (561, 1125), (549, 1152), (585, 1160), (548, 1124), (504, 1145), (595, 1154), (575, 1131), (601, 1157), (550, 1141)]
         : compromised: 0.5043, honest: 0.5061
Round 009: test acc mean=0.5075 ± 0.0232 | min=0.4747 max=0.5625
         : test loss mean=5245.5352 ± 9010.4383
         : individual accs = ['0.528947', '0.491364', '0.530612', '0.497409', '0.531746', '0.480349', '0.521397', '0.496007', '0.562500', '0.508865', '0.474650', '0.481778', '0.522569', '0.506897', '0.480427', '0.517031', '0.532062', '0.519010', '0.484875', '0.482033']
         : correct/total = [(603, 1140), (569, 1158), (598, 1127), (576, 1158), (603, 1134), (550, 1145), (597, 1145), (559, 1127), (639, 1136), (574, 1128), (543, 1144), (542, 1125), (602, 1152), (588, 1160), (540, 1124), (592, 1145), (614, 1154), (587, 1131), (561, 1157), (550, 1141)]
         : compromised: 0.4990, honest: 0.5112
Round 010: test acc mean=0.5008 ± 0.0229 | min=0.4375 max=0.5338
         : test loss mean=7314.7192 ± 21664.8761
         : individual accs = ['0.471053', '0.508636', '0.480035', '0.528497', '0.529101', '0.485590', '0.521397', '0.503993', '0.437500', '0.508865', '0.493881', '0.503111', '0.477431', '0.508621', '0.533808', '0.482969', '0.501733', '0.500442', '0.522040', '0.517967']
         : correct/total = [(537, 1140), (589, 1158), (541, 1127), (612, 1158), (600, 1134), (556, 1145), (597, 1145), (568, 1127), (497, 1136), (574, 1128), (565, 1144), (566, 1125), (550, 1152), (590, 1160), (600, 1124), (553, 1145), (579, 1154), (566, 1131), (604, 1157), (591, 1141)]
         : compromised: 0.5047, honest: 0.4992

=== FINAL RESULTS ===
Dataset: celeba, Nodes: 20, Graph: erdos, Aggregation: d-fedavg
Attack: gaussian, 30.0% compromised
Final accuracy - Compromised: 0.5047, Honest: 0.4992
Overall test accuracy: mean=0.5008 ± 0.0229
