Device: cuda
Seed: 987654321
Looking for images in: /home/student.unimelb.edu.au/mrangwala/Trust-Monitor/leaf/data/celeba/data/raw/img_align_celeba
Loading 1 LEAF CelebA train files...
LEAF CelebA train: 9343 users (celebrities), 177457 samples
Looking for images in: /home/student.unimelb.edu.au/mrangwala/Trust-Monitor/leaf/data/celeba/data/raw/img_align_celeba
Loading 1 LEAF CelebA test files...
LEAF CelebA test: 9343 users (celebrities), 22831 samples
Found 9343 train users, 9343 test users, 9343 common users
User sample counts range: 31 (max) to 4 (min)
Distributed ALL 9343 users across 20 clients
Users per client: 467 (with 3 clients getting +1 user)
Train partition sizes: [8843, 8998, 8728, 9034, 8866, 8946, 8873, 8776, 8816, 8801, 8913, 8656, 9115, 8921, 8699, 8823, 8912, 8766, 9102, 8869]
Test partition sizes: [1140, 1158, 1127, 1158, 1134, 1145, 1145, 1127, 1136, 1128, 1144, 1125, 1152, 1160, 1124, 1145, 1154, 1131, 1157, 1141]
  Client 0: 8843 train samples, 2 unique classes
  Client 1: 8998 train samples, 2 unique classes
  Client 2: 8728 train samples, 2 unique classes
  Client 3: 9034 train samples, 2 unique classes
  Client 4: 8866 train samples, 2 unique classes
  Client 5: 8946 train samples, 2 unique classes
  Client 6: 8873 train samples, 2 unique classes
  Client 7: 8776 train samples, 2 unique classes
  Client 8: 8816 train samples, 2 unique classes
  Client 9: 8801 train samples, 2 unique classes
  Client 10: 8913 train samples, 2 unique classes
  Client 11: 8656 train samples, 2 unique classes
  Client 12: 9115 train samples, 2 unique classes
  Client 13: 8921 train samples, 2 unique classes
  Client 14: 8699 train samples, 2 unique classes
  Client 15: 8823 train samples, 2 unique classes
  Client 16: 8912 train samples, 2 unique classes
  Client 17: 8766 train samples, 2 unique classes
  Client 18: 9102 train samples, 2 unique classes
  Client 19: 8869 train samples, 2 unique classes
Will sample 10000 samples per client per epoch
Graph: fully, nodes: 20, edges: 190
Attack: Compromised 12/20 nodes: [1, 2, 3, 5, 8, 11, 12, 13, 14, 15, 17, 18]
Attack type: directed_deviation, lambda: 1.0
Initial test acc across nodes: mean=0.4969 ± 0.0214
Round 001: test acc mean=0.5164 ± 0.0150 | min=0.4911 max=0.5625
         : test loss mean=nan ± nan
         : individual accs = ['0.528947', '0.508636', '0.493345', '0.528497', '0.522046', '0.514410', '0.521397', '0.503993', '0.562500', '0.491135', '0.525350', '0.498667', '0.522569', '0.506897', '0.517794', '0.517031', '0.515598', '0.508400', '0.522040', '0.517967']
         : correct/total = [(603, 1140), (589, 1158), (556, 1127), (612, 1158), (592, 1134), (589, 1145), (597, 1145), (568, 1127), (639, 1136), (554, 1128), (601, 1144), (561, 1125), (602, 1152), (588, 1160), (582, 1124), (592, 1145), (595, 1154), (575, 1131), (604, 1157), (591, 1141)]
         : compromised: 0.5167, honest: 0.5158
Round 002: test acc mean=0.4921 ± 0.0164 | min=0.4472 max=0.5177
         : test loss mean=8.9665 ± 0.5427
         : individual accs = ['0.478947', '0.496546', '0.501331', '0.474957', '0.498236', '0.486463', '0.509170', '0.489796', '0.447183', '0.517730', '0.487762', '0.512889', '0.474826', '0.509483', '0.494662', '0.492576', '0.487868', '0.499558', '0.473639', '0.508326']
         : correct/total = [(546, 1140), (575, 1158), (565, 1127), (550, 1158), (565, 1134), (557, 1145), (583, 1145), (552, 1127), (508, 1136), (584, 1128), (558, 1144), (577, 1125), (547, 1152), (591, 1160), (556, 1124), (564, 1145), (563, 1154), (565, 1131), (548, 1157), (580, 1141)]
         : compromised: 0.4887, honest: 0.4972
Round 003: test acc mean=0.4836 ± 0.0150 | min=0.4375 max=0.5089
         : test loss mean=0.6961 ± 0.0015
         : individual accs = ['0.471053', '0.491364', '0.506655', '0.471503', '0.477954', '0.485590', '0.478603', '0.496007', '0.437500', '0.508865', '0.474650', '0.501333', '0.477431', '0.493103', '0.482206', '0.482969', '0.484402', '0.491600', '0.477960', '0.482033']
         : correct/total = [(537, 1140), (569, 1158), (571, 1127), (546, 1158), (542, 1134), (556, 1145), (548, 1145), (559, 1127), (497, 1136), (574, 1128), (543, 1144), (564, 1125), (550, 1152), (572, 1160), (542, 1124), (553, 1145), (559, 1154), (556, 1131), (553, 1157), (550, 1141)]
         : compromised: 0.4833, honest: 0.4842
Round 004: test acc mean=0.4948 ± 0.0153 | min=0.4601 max=0.5257
         : test loss mean=52.6653 ± 2.6899
         : individual accs = ['0.484211', '0.493955', '0.509317', '0.477547', '0.506173', '0.481223', '0.475109', '0.502218', '0.477993', '0.525709', '0.510490', '0.496000', '0.460069', '0.496552', '0.509786', '0.495197', '0.500867', '0.489832', '0.492653', '0.511832']
         : correct/total = [(552, 1140), (572, 1158), (574, 1127), (553, 1158), (574, 1134), (551, 1145), (544, 1145), (566, 1127), (543, 1136), (593, 1128), (584, 1144), (558, 1125), (530, 1152), (576, 1160), (573, 1124), (567, 1145), (578, 1154), (554, 1131), (570, 1157), (584, 1141)]
         : compromised: 0.4900, honest: 0.5021
Round 005: test acc mean=0.5163 ± 0.0151 | min=0.4911 max=0.5625
         : test loss mean=0.6925 ± 0.0003
         : individual accs = ['0.528947', '0.508636', '0.493345', '0.528497', '0.522046', '0.514410', '0.521397', '0.503993', '0.562500', '0.491135', '0.525350', '0.498667', '0.523438', '0.506897', '0.517794', '0.517031', '0.515598', '0.505747', '0.522040', '0.517967']
         : correct/total = [(603, 1140), (589, 1158), (556, 1127), (612, 1158), (592, 1134), (589, 1145), (597, 1145), (568, 1127), (639, 1136), (554, 1128), (601, 1144), (561, 1125), (603, 1152), (588, 1160), (582, 1124), (592, 1145), (595, 1154), (572, 1131), (604, 1157), (591, 1141)]
         : compromised: 0.5166, honest: 0.5158
Round 006: test acc mean=0.5173 ± 0.0139 | min=0.4903 max=0.5399
         : test loss mean=48.5161 ± 2.0601
         : individual accs = ['0.503509', '0.508636', '0.534161', '0.493955', '0.507937', '0.517904', '0.513537', '0.520852', '0.490317', '0.539894', '0.519231', '0.531556', '0.492188', '0.520690', '0.516014', '0.520524', '0.532062', '0.527851', '0.524633', '0.531113']
         : correct/total = [(574, 1140), (589, 1158), (602, 1127), (572, 1158), (576, 1134), (593, 1145), (588, 1145), (587, 1127), (557, 1136), (609, 1128), (594, 1144), (598, 1125), (567, 1152), (604, 1160), (580, 1124), (596, 1145), (614, 1154), (597, 1131), (607, 1157), (606, 1141)]
         : compromised: 0.5149, honest: 0.5210
Round 007: test acc mean=0.5164 ± 0.0150 | min=0.4911 max=0.5625
         : test loss mean=0.6996 ± 0.0046
         : individual accs = ['0.528947', '0.508636', '0.493345', '0.528497', '0.522046', '0.514410', '0.521397', '0.503993', '0.562500', '0.491135', '0.525350', '0.498667', '0.522569', '0.506897', '0.517794', '0.517031', '0.515598', '0.508400', '0.522040', '0.517967']
         : correct/total = [(603, 1140), (589, 1158), (556, 1127), (612, 1158), (592, 1134), (589, 1145), (597, 1145), (568, 1127), (639, 1136), (554, 1128), (601, 1144), (561, 1125), (602, 1152), (588, 1160), (582, 1124), (592, 1145), (595, 1154), (575, 1131), (604, 1157), (591, 1141)]
         : compromised: 0.5167, honest: 0.5158
Round 008: test acc mean=0.5387 ± 0.0098 | min=0.5164 max=0.5555
         : test loss mean=24.8982 ± 1.1733
         : individual accs = ['0.535088', '0.536269', '0.529725', '0.516408', '0.543210', '0.530131', '0.555459', '0.547471', '0.539613', '0.550532', '0.541084', '0.552889', '0.531250', '0.531897', '0.527580', '0.531878', '0.551993', '0.542882', '0.533276', '0.545136']
         : correct/total = [(610, 1140), (621, 1158), (597, 1127), (598, 1158), (616, 1134), (607, 1145), (636, 1145), (617, 1127), (613, 1136), (621, 1128), (619, 1144), (622, 1125), (612, 1152), (617, 1160), (593, 1124), (609, 1145), (637, 1154), (614, 1131), (617, 1157), (622, 1141)]
         : compromised: 0.5336, honest: 0.5462
Round 009: test acc mean=0.5164 ± 0.0150 | min=0.4911 max=0.5625
         : test loss mean=0.7166 ± 0.0077
         : individual accs = ['0.528947', '0.508636', '0.493345', '0.528497', '0.522046', '0.514410', '0.521397', '0.503993', '0.562500', '0.491135', '0.525350', '0.498667', '0.522569', '0.506897', '0.517794', '0.517031', '0.515598', '0.508400', '0.522040', '0.517967']
         : correct/total = [(603, 1140), (589, 1158), (556, 1127), (612, 1158), (592, 1134), (589, 1145), (597, 1145), (568, 1127), (639, 1136), (554, 1128), (601, 1144), (561, 1125), (602, 1152), (588, 1160), (582, 1124), (592, 1145), (595, 1154), (575, 1131), (604, 1157), (591, 1141)]
         : compromised: 0.5167, honest: 0.5158
Round 010: test acc mean=0.5338 ± 0.0119 | min=0.5125 max=0.5538
         : test loss mean=21.7274 ± 1.0971
         : individual accs = ['0.531579', '0.531952', '0.524401', '0.516408', '0.552910', '0.525764', '0.546725', '0.545697', '0.525528', '0.542553', '0.534965', '0.553778', '0.523438', '0.528448', '0.521352', '0.547598', '0.534662', '0.527851', '0.512532', '0.546889']
         : correct/total = [(606, 1140), (616, 1158), (591, 1127), (598, 1158), (627, 1134), (602, 1145), (626, 1145), (615, 1127), (597, 1136), (612, 1128), (612, 1144), (623, 1125), (603, 1152), (613, 1160), (586, 1124), (627, 1145), (617, 1154), (597, 1131), (593, 1157), (624, 1141)]
         : compromised: 0.5283, honest: 0.5420

=== FINAL RESULTS ===
Dataset: celeba, Nodes: 20, Graph: fully, Aggregation: d-fedavg
Attack: directed_deviation, 60.0% compromised
Final accuracy - Compromised: 0.5283, Honest: 0.5420
Overall test accuracy: mean=0.5338 ± 0.0119
