Device: cuda
Seed: 987654321
Looking for images in: /home/student.unimelb.edu.au/mrangwala/Trust-Monitor/leaf/data/celeba/data/raw/img_align_celeba
Loading 1 LEAF CelebA train files...
LEAF CelebA train: 9343 users (celebrities), 177457 samples
Looking for images in: /home/student.unimelb.edu.au/mrangwala/Trust-Monitor/leaf/data/celeba/data/raw/img_align_celeba
Loading 1 LEAF CelebA test files...
LEAF CelebA test: 9343 users (celebrities), 22831 samples
Found 9343 train users, 9343 test users, 9343 common users
User sample counts range: 31 (max) to 4 (min)
Distributed ALL 9343 users across 20 clients
Users per client: 467 (with 3 clients getting +1 user)
Train partition sizes: [8843, 8998, 8728, 9034, 8866, 8946, 8873, 8776, 8816, 8801, 8913, 8656, 9115, 8921, 8699, 8823, 8912, 8766, 9102, 8869]
Test partition sizes: [1140, 1158, 1127, 1158, 1134, 1145, 1145, 1127, 1136, 1128, 1144, 1125, 1152, 1160, 1124, 1145, 1154, 1131, 1157, 1141]
  Client 0: 8843 train samples, 2 unique classes
  Client 1: 8998 train samples, 2 unique classes
  Client 2: 8728 train samples, 2 unique classes
  Client 3: 9034 train samples, 2 unique classes
  Client 4: 8866 train samples, 2 unique classes
  Client 5: 8946 train samples, 2 unique classes
  Client 6: 8873 train samples, 2 unique classes
  Client 7: 8776 train samples, 2 unique classes
  Client 8: 8816 train samples, 2 unique classes
  Client 9: 8801 train samples, 2 unique classes
  Client 10: 8913 train samples, 2 unique classes
  Client 11: 8656 train samples, 2 unique classes
  Client 12: 9115 train samples, 2 unique classes
  Client 13: 8921 train samples, 2 unique classes
  Client 14: 8699 train samples, 2 unique classes
  Client 15: 8823 train samples, 2 unique classes
  Client 16: 8912 train samples, 2 unique classes
  Client 17: 8766 train samples, 2 unique classes
  Client 18: 9102 train samples, 2 unique classes
  Client 19: 8869 train samples, 2 unique classes
Will sample 10000 samples per client per epoch
Graph: fully, nodes: 20, edges: 190
Attack: Compromised 2/20 nodes: [5, 13]
Attack type: gaussian, lambda: 1.0
Initial test acc across nodes: mean=0.4969 ± 0.0214
Round 001: test acc mean=0.5164 ± 0.0150 | min=0.4911 max=0.5625
         : test loss mean=nan ± nan
         : individual accs = ['0.528947', '0.508636', '0.493345', '0.528497', '0.522046', '0.514410', '0.521397', '0.503993', '0.562500', '0.491135', '0.525350', '0.498667', '0.522569', '0.506897', '0.517794', '0.517031', '0.515598', '0.508400', '0.522040', '0.517967']
         : correct/total = [(603, 1140), (589, 1158), (556, 1127), (612, 1158), (592, 1134), (589, 1145), (597, 1145), (568, 1127), (639, 1136), (554, 1128), (601, 1144), (561, 1125), (602, 1152), (588, 1160), (582, 1124), (592, 1145), (595, 1154), (575, 1131), (604, 1157), (591, 1141)]
         : compromised: 0.5107, honest: 0.5170
Round 002: test acc mean=0.4981 ± 0.0235 | min=0.4375 max=0.5275
         : test loss mean=22.1523 ± 23.1967
         : individual accs = ['0.491228', '0.497409', '0.509317', '0.519862', '0.502646', '0.514410', '0.527511', '0.514641', '0.437500', '0.511525', '0.455420', '0.498667', '0.477431', '0.525862', '0.467082', '0.487336', '0.484402', '0.510168', '0.522040', '0.506573']
         : correct/total = [(560, 1140), (576, 1158), (574, 1127), (602, 1158), (570, 1134), (589, 1145), (604, 1145), (580, 1127), (497, 1136), (577, 1128), (521, 1144), (561, 1125), (550, 1152), (610, 1160), (525, 1124), (558, 1145), (559, 1154), (577, 1131), (604, 1157), (578, 1141)]
         : compromised: 0.5201, honest: 0.4956
Round 003: test acc mean=0.5078 ± 0.0188 | min=0.4799 max=0.5555
         : test loss mean=23.5614 ± 16.5553
         : individual accs = ['0.528070', '0.494819', '0.494232', '0.500000', '0.535273', '0.493450', '0.521397', '0.503993', '0.555458', '0.509752', '0.479895', '0.503111', '0.522569', '0.493103', '0.517794', '0.490830', '0.482669', '0.491600', '0.522040', '0.515337']
         : correct/total = [(602, 1140), (573, 1158), (557, 1127), (579, 1158), (607, 1134), (565, 1145), (597, 1145), (568, 1127), (631, 1136), (575, 1128), (549, 1144), (566, 1125), (602, 1152), (572, 1160), (582, 1124), (562, 1145), (557, 1154), (556, 1131), (604, 1157), (588, 1141)]
         : compromised: 0.4933, honest: 0.5094
Round 004: test acc mean=0.5014 ± 0.0159 | min=0.4715 max=0.5315
         : test loss mean=23.4180 ± 21.0340
         : individual accs = ['0.523684', '0.508636', '0.506655', '0.471503', '0.506173', '0.485590', '0.482096', '0.492458', '0.520246', '0.488475', '0.531469', '0.508444', '0.492188', '0.505172', '0.517794', '0.520524', '0.498267', '0.490716', '0.477960', '0.500438']
         : correct/total = [(597, 1140), (589, 1158), (571, 1127), (546, 1158), (574, 1134), (556, 1145), (552, 1145), (555, 1127), (591, 1136), (551, 1128), (608, 1144), (572, 1125), (567, 1152), (586, 1160), (582, 1124), (596, 1145), (575, 1154), (555, 1131), (553, 1157), (571, 1141)]
         : compromised: 0.4954, honest: 0.5021
Round 005: test acc mean=0.5051 ± 0.0253 | min=0.4375 max=0.5516
         : test loss mean=22.9967 ± 14.3367
         : individual accs = ['0.522807', '0.493092', '0.527950', '0.481002', '0.520282', '0.486463', '0.517904', '0.503993', '0.437500', '0.475177', '0.474650', '0.498667', '0.520833', '0.493103', '0.551601', '0.510917', '0.515598', '0.514589', '0.538462', '0.517967']
         : correct/total = [(596, 1140), (571, 1158), (595, 1127), (557, 1158), (590, 1134), (557, 1145), (593, 1145), (568, 1127), (497, 1136), (536, 1128), (543, 1144), (561, 1125), (600, 1152), (572, 1160), (620, 1124), (585, 1145), (595, 1154), (582, 1131), (623, 1157), (591, 1141)]
         : compromised: 0.4898, honest: 0.5068
Round 006: test acc mean=0.5017 ± 0.0223 | min=0.4729 max=0.5634
         : test loss mean=25.4832 ± 29.1464
         : individual accs = ['0.528947', '0.476684', '0.472937', '0.501727', '0.477954', '0.486463', '0.479476', '0.503993', '0.563380', '0.499113', '0.525350', '0.498667', '0.478299', '0.506897', '0.521352', '0.482969', '0.515598', '0.487179', '0.509075', '0.518843']
         : correct/total = [(603, 1140), (552, 1158), (533, 1127), (581, 1158), (542, 1134), (557, 1145), (549, 1145), (568, 1127), (640, 1136), (563, 1128), (601, 1144), (561, 1125), (551, 1152), (588, 1160), (586, 1124), (553, 1145), (595, 1154), (551, 1131), (589, 1157), (592, 1141)]
         : compromised: 0.4967, honest: 0.5023
Round 007: test acc mean=0.5089 ± 0.0164 | min=0.4814 max=0.5289
         : test loss mean=29.6445 ± 30.8320
         : individual accs = ['0.528947', '0.483592', '0.524401', '0.528497', '0.492063', '0.517904', '0.482096', '0.496007', '0.514965', '0.481383', '0.526224', '0.500444', '0.515625', '0.506897', '0.516014', '0.518777', '0.483536', '0.512821', '0.522040', '0.525855']
         : correct/total = [(603, 1140), (560, 1158), (591, 1127), (612, 1158), (558, 1134), (593, 1145), (552, 1145), (559, 1127), (585, 1136), (543, 1128), (602, 1144), (563, 1125), (594, 1152), (588, 1160), (580, 1124), (594, 1145), (558, 1154), (580, 1131), (604, 1157), (600, 1141)]
         : compromised: 0.5124, honest: 0.5085
Round 008: test acc mean=0.5070 ± 0.0235 | min=0.4594 max=0.5625
         : test loss mean=31.5373 ± 37.5183
         : individual accs = ['0.528947', '0.491364', '0.548358', '0.486183', '0.522046', '0.495197', '0.459389', '0.503993', '0.562500', '0.508865', '0.525350', '0.482667', '0.486111', '0.493966', '0.482206', '0.509170', '0.515598', '0.503979', '0.515125', '0.518843']
         : correct/total = [(603, 1140), (569, 1158), (618, 1127), (563, 1158), (592, 1134), (567, 1145), (526, 1145), (568, 1127), (639, 1136), (574, 1128), (601, 1144), (543, 1125), (560, 1152), (573, 1160), (542, 1124), (583, 1145), (595, 1154), (570, 1131), (596, 1157), (592, 1141)]
         : compromised: 0.4946, honest: 0.5084
Round 009: test acc mean=0.5009 ± 0.0222 | min=0.4428 max=0.5285
         : test loss mean=34.4095 ± 29.4438
         : individual accs = ['0.502632', '0.508636', '0.508429', '0.528497', '0.521164', '0.454148', '0.520524', '0.511091', '0.442782', '0.509752', '0.473776', '0.497778', '0.522569', '0.506897', '0.517794', '0.489956', '0.480936', '0.494253', '0.508211', '0.517967']
         : correct/total = [(573, 1140), (589, 1158), (573, 1127), (612, 1158), (591, 1134), (520, 1145), (596, 1145), (576, 1127), (503, 1136), (575, 1128), (542, 1144), (560, 1125), (602, 1152), (588, 1160), (582, 1124), (561, 1145), (555, 1154), (559, 1131), (588, 1157), (591, 1141)]
         : compromised: 0.4805, honest: 0.5032
Round 010: test acc mean=0.5077 ± 0.0162 | min=0.4774 max=0.5326
         : test loss mean=35.1569 ± 22.8000
         : individual accs = ['0.514912', '0.489637', '0.493345', '0.528497', '0.532628', '0.517031', '0.521397', '0.503993', '0.530810', '0.492021', '0.519231', '0.502222', '0.477431', '0.506034', '0.517794', '0.511790', '0.484402', '0.508400', '0.520311', '0.482033']
         : correct/total = [(587, 1140), (567, 1158), (556, 1127), (612, 1158), (604, 1134), (592, 1145), (597, 1145), (568, 1127), (603, 1136), (555, 1128), (594, 1144), (565, 1125), (550, 1152), (587, 1160), (582, 1124), (586, 1145), (559, 1154), (575, 1131), (602, 1157), (550, 1141)]
         : compromised: 0.5115, honest: 0.5073

=== FINAL RESULTS ===
Dataset: celeba, Nodes: 20, Graph: fully, Aggregation: d-fedavg
Attack: gaussian, 10.0% compromised
Final accuracy - Compromised: 0.5115, Honest: 0.5073
Overall test accuracy: mean=0.5077 ± 0.0162
