Device: cpu
Seed: 987654321
Looking for images in: /home/student.unimelb.edu.au/mrangwala/Trust-Monitor/leaf/data/celeba/data/raw/img_align_celeba
Loading 1 LEAF CelebA train files...
LEAF CelebA train: 9343 users (celebrities), 177457 samples
Looking for images in: /home/student.unimelb.edu.au/mrangwala/Trust-Monitor/leaf/data/celeba/data/raw/img_align_celeba
Loading 1 LEAF CelebA test files...
LEAF CelebA test: 9343 users (celebrities), 22831 samples
Found 9343 train users, 9343 test users, 9343 common users
User sample counts range: 31 (max) to 4 (min)
Distributed ALL 9343 users across 20 clients
Users per client: 467 (with 3 clients getting +1 user)
Train partition sizes: [8843, 8998, 8728, 9034, 8866, 8946, 8873, 8776, 8816, 8801, 8913, 8656, 9115, 8921, 8699, 8823, 8912, 8766, 9102, 8869]
Test partition sizes: [1140, 1158, 1127, 1158, 1134, 1145, 1145, 1127, 1136, 1128, 1144, 1125, 1152, 1160, 1124, 1145, 1154, 1131, 1157, 1141]
  Client 0: 8843 train samples, 2 unique classes
  Client 1: 8998 train samples, 2 unique classes
  Client 2: 8728 train samples, 2 unique classes
  Client 3: 9034 train samples, 2 unique classes
  Client 4: 8866 train samples, 2 unique classes
  Client 5: 8946 train samples, 2 unique classes
  Client 6: 8873 train samples, 2 unique classes
  Client 7: 8776 train samples, 2 unique classes
  Client 8: 8816 train samples, 2 unique classes
  Client 9: 8801 train samples, 2 unique classes
  Client 10: 8913 train samples, 2 unique classes
  Client 11: 8656 train samples, 2 unique classes
  Client 12: 9115 train samples, 2 unique classes
  Client 13: 8921 train samples, 2 unique classes
  Client 14: 8699 train samples, 2 unique classes
  Client 15: 8823 train samples, 2 unique classes
  Client 16: 8912 train samples, 2 unique classes
  Client 17: 8766 train samples, 2 unique classes
  Client 18: 9102 train samples, 2 unique classes
  Client 19: 8869 train samples, 2 unique classes
Will sample 4500 samples per client per epoch
Graph: erdos, nodes: 20, edges: 48
Degree statistics: avg=4.80, min=2, max=7
Attack: Compromised 8/20 nodes: [1, 5, 11, 12, 13, 14, 17, 18]
Attack type: directed_deviation, lambda: 1.0
Model variant: baseline
Model parameters: 2,219,692
UBAR ALGORITHM (Two-Stage Byzantine-resilient)
  - Model dimension: 2,219,692 parameters
  - Rho parameter: 0.6
  - Stage 1: Distance-based filtering (select 60% closest neighbors)
  - Stage 2: Performance-based selection (loss comparison)
  - Complexity: O(deg(i)×d + deg(i)×inference)
Initial test acc across nodes: mean=0.4978 ± 0.0207
Round 001: test acc mean=0.6310 ± 0.0533 | min=0.5215 max=0.7161
         : test loss mean=0.6745 ± 0.0074
         : individual accs = ['0.623684', '0.589810', '0.636202', '0.698618', '0.573192', '0.588646', '0.650655', '0.582076', '0.635563', '0.655142', '0.530594', '0.673778', '0.716146', '0.664655', '0.642349', '0.674236', '0.715771', '0.609195', '0.637857', '0.521472']
         : correct/total = [(711, 1140), (683, 1158), (717, 1127), (809, 1158), (650, 1134), (674, 1145), (745, 1145), (656, 1127), (722, 1136), (739, 1128), (607, 1144), (758, 1125), (825, 1152), (771, 1160), (722, 1124), (772, 1145), (826, 1154), (689, 1131), (738, 1157), (595, 1141)]
         : compromised: 0.6403, honest: 0.6248
         : ubar stats = ['Node 0: s1=0.500, s2=0.333', 'Node 1: s1=0.500, s2=0.333', 'Node 2: s1=0.600, s2=0.333']...
Round 002: test acc mean=0.7140 ± 0.0395 | min=0.6299 max=0.7719
         : test loss mean=0.6110 ± 0.0556
         : individual accs = ['0.737719', '0.727979', '0.680568', '0.709845', '0.681658', '0.733624', '0.763319', '0.676131', '0.757923', '0.757979', '0.771853', '0.727111', '0.710069', '0.662069', '0.629893', '0.725764', '0.726170', '0.662246', '0.675022', '0.762489']
         : correct/total = [(841, 1140), (843, 1158), (767, 1127), (822, 1158), (773, 1134), (840, 1145), (874, 1145), (762, 1127), (861, 1136), (855, 1128), (883, 1144), (818, 1125), (818, 1152), (768, 1160), (708, 1124), (831, 1145), (838, 1154), (749, 1131), (781, 1157), (870, 1141)]
         : compromised: 0.6910, honest: 0.7293
         : ubar stats = ['Node 0: s1=0.500, s2=0.333', 'Node 1: s1=0.500, s2=0.333', 'Node 2: s1=0.600, s2=0.333']...
Round 003: test acc mean=0.7899 ± 0.0500 | min=0.6424 max=0.8584
         : test loss mean=0.5035 ± 0.0972
         : individual accs = ['0.835088', '0.818653', '0.767524', '0.798791', '0.755732', '0.818341', '0.733624', '0.747116', '0.832746', '0.837766', '0.858392', '0.808000', '0.642361', '0.786207', '0.729537', '0.798253', '0.824957', '0.763042', '0.797753', '0.843996']
         : correct/total = [(952, 1140), (948, 1158), (865, 1127), (925, 1158), (857, 1134), (937, 1145), (840, 1145), (842, 1127), (946, 1136), (945, 1128), (982, 1144), (909, 1125), (740, 1152), (912, 1160), (820, 1124), (914, 1145), (952, 1154), (863, 1131), (923, 1157), (963, 1141)]
         : compromised: 0.7705, honest: 0.8028
         : ubar stats = ['Node 0: s1=0.500, s2=0.333', 'Node 1: s1=0.500, s2=0.333', 'Node 2: s1=0.600, s2=0.444']...
Round 004: test acc mean=0.8294 ± 0.0432 | min=0.7278 max=0.8855
         : test loss mean=0.4137 ± 0.0936
         : individual accs = ['0.871053', '0.810017', '0.736469', '0.838515', '0.824515', '0.862009', '0.808734', '0.822538', '0.881162', '0.883865', '0.885490', '0.808000', '0.787326', '0.836207', '0.727758', '0.828821', '0.859619', '0.805482', '0.838375', '0.872918']
         : correct/total = [(993, 1140), (938, 1158), (830, 1127), (971, 1158), (935, 1134), (987, 1145), (926, 1145), (927, 1127), (1001, 1136), (997, 1128), (1013, 1144), (909, 1125), (907, 1152), (970, 1160), (818, 1124), (949, 1145), (992, 1154), (911, 1131), (970, 1157), (996, 1141)]
         : compromised: 0.8094, honest: 0.8428
         : ubar stats = ['Node 0: s1=0.500, s2=0.333', 'Node 1: s1=0.500, s2=0.333', 'Node 2: s1=0.600, s2=0.500']...
Round 005: test acc mean=0.8610 ± 0.0234 | min=0.7972 max=0.8972
         : test loss mean=0.3526 ± 0.0662
         : individual accs = ['0.872807', '0.879102', '0.845608', '0.869603', '0.850970', '0.828821', '0.860262', '0.859805', '0.890845', '0.897163', '0.889860', '0.864889', '0.837674', '0.862931', '0.797153', '0.848908', '0.887348', '0.845270', '0.853933', '0.877301']
         : correct/total = [(995, 1140), (1018, 1158), (953, 1127), (1007, 1158), (965, 1134), (949, 1145), (985, 1145), (969, 1127), (1012, 1136), (1012, 1128), (1018, 1144), (973, 1125), (965, 1152), (1001, 1160), (896, 1124), (972, 1145), (1024, 1154), (956, 1131), (988, 1157), (1001, 1141)]
         : compromised: 0.8462, honest: 0.8709
         : ubar stats = ['Node 0: s1=0.500, s2=0.333', 'Node 1: s1=0.500, s2=0.333', 'Node 2: s1=0.600, s2=0.467']...
Round 006: test acc mean=0.8636 ± 0.0309 | min=0.7776 max=0.9005
         : test loss mean=0.3368 ± 0.0686
         : individual accs = ['0.892982', '0.842832', '0.880213', '0.886874', '0.866843', '0.893450', '0.841048', '0.861579', '0.900528', '0.890957', '0.868881', '0.872000', '0.864583', '0.832759', '0.777580', '0.857642', '0.888215', '0.801061', '0.867761', '0.885188']
         : correct/total = [(1018, 1140), (976, 1158), (992, 1127), (1027, 1158), (983, 1134), (1023, 1145), (963, 1145), (971, 1127), (1023, 1136), (1005, 1128), (994, 1144), (981, 1125), (996, 1152), (966, 1160), (874, 1124), (982, 1145), (1025, 1154), (906, 1131), (1004, 1157), (1010, 1141)]
         : compromised: 0.8440, honest: 0.8767
         : ubar stats = ['Node 0: s1=0.500, s2=0.333', 'Node 1: s1=0.500, s2=0.444', 'Node 2: s1=0.600, s2=0.444']...
Round 007: test acc mean=0.8836 ± 0.0149 | min=0.8354 max=0.9034
         : test loss mean=0.2914 ± 0.0432
         : individual accs = ['0.895614', '0.876511', '0.883762', '0.900691', '0.872134', '0.888210', '0.888210', '0.884650', '0.893486', '0.903369', '0.883741', '0.895111', '0.875000', '0.875862', '0.835409', '0.864629', '0.898614', '0.885057', '0.878133', '0.893953']
         : correct/total = [(1021, 1140), (1015, 1158), (996, 1127), (1043, 1158), (989, 1134), (1017, 1145), (1017, 1145), (997, 1127), (1015, 1136), (1019, 1128), (1011, 1144), (1007, 1125), (1008, 1152), (1016, 1160), (939, 1124), (990, 1145), (1037, 1154), (1001, 1131), (1016, 1157), (1020, 1141)]
         : compromised: 0.8762, honest: 0.8886
         : ubar stats = ['Node 0: s1=0.500, s2=0.381', 'Node 1: s1=0.500, s2=0.476', 'Node 2: s1=0.600, s2=0.429']...
Round 008: test acc mean=0.8612 ± 0.0538 | min=0.7073 max=0.9053
         : test loss mean=0.3235 ± 0.0952
         : individual accs = ['0.905263', '0.885147', '0.738243', '0.901554', '0.873898', '0.894323', '0.900437', '0.888199', '0.889085', '0.895390', '0.861888', '0.884444', '0.882812', '0.826724', '0.853203', '0.792140', '0.896880', '0.707339', '0.853068', '0.893076']
         : correct/total = [(1032, 1140), (1025, 1158), (832, 1127), (1044, 1158), (991, 1134), (1024, 1145), (1031, 1145), (1001, 1127), (1010, 1136), (1010, 1128), (986, 1144), (995, 1125), (1017, 1152), (959, 1160), (959, 1124), (907, 1145), (1035, 1154), (800, 1131), (987, 1157), (1019, 1141)]
         : compromised: 0.8484, honest: 0.8697
         : ubar stats = ['Node 0: s1=0.500, s2=0.375', 'Node 1: s1=0.500, s2=0.458', 'Node 2: s1=0.600, s2=0.417']...
Round 009: test acc mean=0.8855 ± 0.0252 | min=0.8341 max=0.9138
         : test loss mean=0.2767 ± 0.0512
         : individual accs = ['0.904386', '0.890328', '0.834073', '0.911917', '0.889771', '0.902183', '0.875983', '0.896185', '0.901408', '0.899823', '0.904720', '0.913778', '0.893229', '0.900862', '0.851423', '0.836681', '0.907279', '0.864721', '0.840104', '0.891323']
         : correct/total = [(1031, 1140), (1031, 1158), (940, 1127), (1056, 1158), (1009, 1134), (1033, 1145), (1003, 1145), (1010, 1127), (1024, 1136), (1015, 1128), (1035, 1144), (1028, 1125), (1029, 1152), (1045, 1160), (957, 1124), (958, 1145), (1047, 1154), (978, 1131), (972, 1157), (1017, 1141)]
         : compromised: 0.8821, honest: 0.8878
         : ubar stats = ['Node 0: s1=0.500, s2=0.370', 'Node 1: s1=0.500, s2=0.444', 'Node 2: s1=0.600, s2=0.444']...
Round 010: test acc mean=0.8942 ± 0.0168 | min=0.8453 max=0.9145
         : test loss mean=0.2590 ± 0.0404
         : individual accs = ['0.907018', '0.889465', '0.870453', '0.914508', '0.888889', '0.894323', '0.903930', '0.896185', '0.896127', '0.908688', '0.901224', '0.913778', '0.900174', '0.900862', '0.905694', '0.869869', '0.908146', '0.845270', '0.877269', '0.892200']
         : correct/total = [(1034, 1140), (1030, 1158), (981, 1127), (1059, 1158), (1008, 1134), (1024, 1145), (1035, 1145), (1010, 1127), (1018, 1136), (1025, 1128), (1031, 1144), (1028, 1125), (1037, 1152), (1045, 1160), (1018, 1124), (996, 1145), (1048, 1154), (956, 1131), (1015, 1157), (1018, 1141)]
         : compromised: 0.8909, honest: 0.8964
         : ubar stats = ['Node 0: s1=0.500, s2=0.367', 'Node 1: s1=0.500, s2=0.500', 'Node 2: s1=0.600, s2=0.433']...

=== FINAL RESULTS ===
Dataset: celeba, Nodes: 20, Graph: erdos, Aggregation: ubar
Attack: directed_deviation, 40.0% compromised
Final accuracy - Compromised: 0.8909, Honest: 0.8964
Overall test accuracy: mean=0.8942 ± 0.0168

=== UBAR SUMMARY ===
Node 0: stage1=0.500, stage2=0.367, overall=0.183
Node 1: stage1=0.500, stage2=0.500, overall=0.250
Node 2: stage1=0.600, stage2=0.433, overall=0.260
Node 3: stage1=0.500, stage2=0.550, overall=0.275
Node 4: stage1=0.500, stage2=0.500, overall=0.250
Node 5: stage1=0.600, stage2=0.333, overall=0.200
Node 6: stage1=0.600, stage2=0.500, overall=0.300
Node 7: stage1=0.600, stage2=0.700, overall=0.420
Node 8: stage1=0.500, stage2=1.000, overall=0.500
Node 9: stage1=0.333, stage2=1.000, overall=0.333
Node 10: stage1=0.500, stage2=0.500, overall=0.250
Node 11: stage1=0.571, stage2=0.550, overall=0.314
Node 12: stage1=0.571, stage2=0.700, overall=0.400
Node 13: stage1=0.500, stage2=0.850, overall=0.425
Node 14: stage1=0.571, stage2=0.500, overall=0.286
Node 15: stage1=0.500, stage2=0.400, overall=0.200
Node 16: stage1=0.600, stage2=0.333, overall=0.200
Node 17: stage1=0.600, stage2=0.433, overall=0.260
Node 18: stage1=0.500, stage2=0.700, overall=0.350
Node 19: stage1=0.500, stage2=1.000, overall=0.500

=== PARALLEL EXECUTION TIME (realistic for distributed system) ===
  COMMUNICATION (max across nodes):
    - Full model transfer: 0.000s (0.0%)
  COMPUTATION (max across nodes):
    - Distance computation: 0.054s (13.3%)
    - Loss computation: 0.346s (84.4%)
    - Aggregation: 0.010s (2.4%)
  TOTALS:
    - Total computation: 0.410s (100.0%)
    - Total communication: 0.000s (0.0%)
    - Total parallel time: 0.410s

=== PER-NODE AVERAGE TIME ===
  - Distance computation: 0.010s
  - Loss computation: 0.195s
  - Aggregation: 0.006s
  - Model transfer: 0.000s
  - Total per node: 0.211s

=== TOTAL COMPUTATIONAL WORK (sum across all nodes) ===
  - Total distance computation: 0.202s
  - Total loss computation: 3.900s
  - Total aggregation: 0.113s
  - Total model transfer: 0.000s
  - Grand total: 4.215s
  - Mean Stage 1 acceptance rate: 0.532
  - Mean Stage 2 acceptance rate: 0.593
  - Overall acceptance rate: 0.315

UBAR Algorithm Properties:
  - Model dimension: 2,219,692
  - Rho parameter: 0.6
  - Two-stage approach: Distance filtering + loss evaluation
  - Stage 1 selects: 60% of neighbors
  - Stage 2 uses: Training sample loss comparison
  - Theoretical complexity: O(deg(i)×d + deg(i)×inference)
  - Approach: UBAR paper implementation
