Device: cuda
Seed: 987654321
Looking for images in: /home/student.unimelb.edu.au/mrangwala/Trust-Monitor/leaf/data/celeba/data/raw/img_align_celeba
Loading 1 LEAF CelebA train files...
LEAF CelebA train: 9343 users (celebrities), 177457 samples
Looking for images in: /home/student.unimelb.edu.au/mrangwala/Trust-Monitor/leaf/data/celeba/data/raw/img_align_celeba
Loading 1 LEAF CelebA test files...
LEAF CelebA test: 9343 users (celebrities), 22831 samples
Found 9343 train users, 9343 test users, 9343 common users
User sample counts range: 31 (max) to 4 (min)
Distributed ALL 9343 users across 20 clients
Users per client: 467 (with 3 clients getting +1 user)
Train partition sizes: [8843, 8998, 8728, 9034, 8866, 8946, 8873, 8776, 8816, 8801, 8913, 8656, 9115, 8921, 8699, 8823, 8912, 8766, 9102, 8869]
Test partition sizes: [1140, 1158, 1127, 1158, 1134, 1145, 1145, 1127, 1136, 1128, 1144, 1125, 1152, 1160, 1124, 1145, 1154, 1131, 1157, 1141]
  Client 0: 8843 train samples, 2 unique classes
  Client 1: 8998 train samples, 2 unique classes
  Client 2: 8728 train samples, 2 unique classes
  Client 3: 9034 train samples, 2 unique classes
  Client 4: 8866 train samples, 2 unique classes
  Client 5: 8946 train samples, 2 unique classes
  Client 6: 8873 train samples, 2 unique classes
  Client 7: 8776 train samples, 2 unique classes
  Client 8: 8816 train samples, 2 unique classes
  Client 9: 8801 train samples, 2 unique classes
  Client 10: 8913 train samples, 2 unique classes
  Client 11: 8656 train samples, 2 unique classes
  Client 12: 9115 train samples, 2 unique classes
  Client 13: 8921 train samples, 2 unique classes
  Client 14: 8699 train samples, 2 unique classes
  Client 15: 8823 train samples, 2 unique classes
  Client 16: 8912 train samples, 2 unique classes
  Client 17: 8766 train samples, 2 unique classes
  Client 18: 9102 train samples, 2 unique classes
  Client 19: 8869 train samples, 2 unique classes
Will sample 10000 samples per client per epoch
Graph: fully, nodes: 20, edges: 190
Attack: Compromised 4/20 nodes: [5, 12, 13, 17]
Attack type: gaussian, lambda: 1.0
UBAR ALGORITHM (Two-Stage Byzantine-resilient)
  - Model dimension: 30,758 parameters
  - Rho parameter: 0.8
  - Stage 1: Distance-based filtering (select 80% closest neighbors)
  - Stage 2: Performance-based selection (loss comparison)
  - Complexity: O(deg(i)×d + deg(i)×inference)
Initial test acc across nodes: mean=0.4969 ± 0.0214
Round 001: test acc mean=0.5267 ± 0.0500 | min=0.4911 max=0.7349
         : test loss mean=0.8568 ± 0.1179
         : individual accs = ['0.528947', '0.508636', '0.493345', '0.734888', '0.522046', '0.514410', '0.521397', '0.503993', '0.562500', '0.491135', '0.525350', '0.498667', '0.522569', '0.507759', '0.517794', '0.517031', '0.515598', '0.508400', '0.522040', '0.517967']
         : correct/total = [(603, 1140), (589, 1158), (556, 1127), (851, 1158), (592, 1134), (589, 1145), (597, 1145), (568, 1127), (639, 1136), (554, 1128), (601, 1144), (561, 1125), (602, 1152), (589, 1160), (582, 1124), (592, 1145), (595, 1154), (575, 1131), (604, 1157), (591, 1141)]
         : compromised: 0.5133, honest: 0.5301
         : ubar stats = ['Node 0: s1=0.789, s2=0.067', 'Node 1: s1=0.789, s2=0.800', 'Node 2: s1=0.789, s2=0.067']...
Round 002: test acc mean=0.5364 ± 0.0809 | min=0.4911 max=0.8824
         : test loss mean=0.8048 ± 0.1581
         : individual accs = ['0.528947', '0.508636', '0.493345', '0.529361', '0.522046', '0.540611', '0.521397', '0.503993', '0.562500', '0.491135', '0.525350', '0.498667', '0.522569', '0.506897', '0.517794', '0.517031', '0.515598', '0.882405', '0.522040', '0.517967']
         : correct/total = [(603, 1140), (589, 1158), (556, 1127), (613, 1158), (592, 1134), (619, 1145), (597, 1145), (568, 1127), (639, 1136), (554, 1128), (601, 1144), (561, 1125), (602, 1152), (588, 1160), (582, 1124), (592, 1145), (595, 1154), (998, 1131), (604, 1157), (591, 1141)]
         : compromised: 0.6131, honest: 0.5172
         : ubar stats = ['Node 0: s1=0.789, s2=0.067', 'Node 1: s1=0.789, s2=0.433', 'Node 2: s1=0.789, s2=0.233']...
Round 003: test acc mean=0.6105 ± 0.1411 | min=0.4933 max=0.8912
         : test loss mean=0.6169 ± 0.1657
         : individual accs = ['0.528947', '0.835060', '0.493345', '0.529361', '0.522046', '0.514410', '0.715284', '0.572316', '0.804577', '0.493794', '0.539336', '0.498667', '0.522569', '0.507759', '0.801601', '0.517031', '0.537262', '0.891247', '0.867761', '0.517967']
         : correct/total = [(603, 1140), (967, 1158), (556, 1127), (613, 1158), (592, 1134), (589, 1145), (819, 1145), (645, 1127), (914, 1136), (557, 1128), (617, 1144), (561, 1125), (602, 1152), (589, 1160), (901, 1124), (592, 1145), (620, 1154), (1008, 1131), (1004, 1157), (591, 1141)]
         : compromised: 0.6090, honest: 0.6109
         : ubar stats = ['Node 0: s1=0.789, s2=0.111', 'Node 1: s1=0.789, s2=0.311', 'Node 2: s1=0.789, s2=0.267']...
Round 004: test acc mean=0.6508 ± 0.1350 | min=0.4996 max=0.8899
         : test loss mean=0.5637 ± 0.1523
         : individual accs = ['0.529825', '0.550950', '0.650399', '0.595855', '0.820988', '0.681223', '0.545852', '0.503993', '0.800176', '0.847518', '0.825175', '0.499556', '0.795139', '0.599138', '0.517794', '0.775546', '0.889948', '0.508400', '0.560069', '0.517967']
         : correct/total = [(604, 1140), (638, 1158), (733, 1127), (690, 1158), (931, 1134), (780, 1145), (625, 1145), (568, 1127), (909, 1136), (956, 1128), (944, 1144), (562, 1125), (916, 1152), (695, 1160), (582, 1124), (888, 1145), (1027, 1154), (575, 1131), (648, 1157), (591, 1141)]
         : compromised: 0.6460, honest: 0.6520
         : ubar stats = ['Node 0: s1=0.789, s2=0.100', 'Node 1: s1=0.789, s2=0.250', 'Node 2: s1=0.789, s2=0.383']...
Round 005: test acc mean=0.7786 ± 0.1006 | min=0.5040 max=0.9064
         : test loss mean=0.4279 ± 0.1154
         : individual accs = ['0.806140', '0.778929', '0.755102', '0.895509', '0.720459', '0.797380', '0.831441', '0.723159', '0.875000', '0.821809', '0.655594', '0.504000', '0.844618', '0.757759', '0.605872', '0.854148', '0.906412', '0.900973', '0.815903', '0.722174']
         : correct/total = [(919, 1140), (902, 1158), (851, 1127), (1037, 1158), (817, 1134), (913, 1145), (952, 1145), (815, 1127), (994, 1136), (927, 1128), (750, 1144), (567, 1125), (973, 1152), (879, 1160), (681, 1124), (978, 1145), (1046, 1154), (1019, 1131), (944, 1157), (824, 1141)]
         : compromised: 0.8252, honest: 0.7670
         : ubar stats = ['Node 0: s1=0.789, s2=0.093', 'Node 1: s1=0.789, s2=0.213', 'Node 2: s1=0.789, s2=0.413']...
Round 006: test acc mean=0.8930 ± 0.0312 | min=0.8064 max=0.9325
         : test loss mean=0.2649 ± 0.0594
         : individual accs = ['0.932456', '0.910190', '0.873114', '0.916235', '0.873016', '0.908297', '0.918777', '0.908607', '0.819542', '0.882092', '0.909091', '0.896000', '0.919271', '0.877586', '0.886121', '0.906550', '0.907279', '0.893899', '0.806396', '0.915863']
         : correct/total = [(1063, 1140), (1054, 1158), (984, 1127), (1061, 1158), (990, 1134), (1040, 1145), (1052, 1145), (1024, 1127), (931, 1136), (995, 1128), (1040, 1144), (1008, 1125), (1059, 1152), (1018, 1160), (996, 1124), (1038, 1145), (1047, 1154), (1011, 1131), (933, 1157), (1045, 1141)]
         : compromised: 0.8998, honest: 0.8913
         : ubar stats = ['Node 0: s1=0.789, s2=0.089', 'Node 1: s1=0.789, s2=0.189', 'Node 2: s1=0.789, s2=0.433']...
Round 007: test acc mean=0.9069 ± 0.0180 | min=0.8420 max=0.9289
         : test loss mean=0.2307 ± 0.0378
         : individual accs = ['0.928947', '0.920553', '0.887311', '0.920553', '0.914462', '0.904803', '0.924017', '0.896185', '0.907570', '0.905142', '0.913462', '0.917333', '0.842014', '0.911207', '0.916370', '0.904803', '0.896014', '0.910698', '0.899741', '0.917616']
         : correct/total = [(1059, 1140), (1066, 1158), (1000, 1127), (1066, 1158), (1037, 1134), (1036, 1145), (1058, 1145), (1010, 1127), (1031, 1136), (1021, 1128), (1045, 1144), (1032, 1125), (970, 1152), (1057, 1160), (1030, 1124), (1036, 1145), (1034, 1154), (1030, 1131), (1041, 1157), (1047, 1141)]
         : compromised: 0.8922, honest: 0.9106
         : ubar stats = ['Node 0: s1=0.789, s2=0.095', 'Node 1: s1=0.789, s2=0.171', 'Node 2: s1=0.789, s2=0.381']...
Round 008: test acc mean=0.9109 ± 0.0093 | min=0.8882 max=0.9240
         : test loss mean=0.2216 ± 0.0189
         : individual accs = ['0.922807', '0.924007', '0.888199', '0.917962', '0.921517', '0.923144', '0.913537', '0.909494', '0.903169', '0.898936', '0.902972', '0.914667', '0.914062', '0.911207', '0.905694', '0.916157', '0.913345', '0.899204', '0.902334', '0.915863']
         : correct/total = [(1052, 1140), (1070, 1158), (1001, 1127), (1063, 1158), (1045, 1134), (1057, 1145), (1046, 1145), (1025, 1127), (1026, 1136), (1014, 1128), (1033, 1144), (1029, 1125), (1053, 1152), (1057, 1160), (1018, 1124), (1049, 1145), (1054, 1154), (1017, 1131), (1044, 1157), (1045, 1141)]
         : compromised: 0.9119, honest: 0.9107
         : ubar stats = ['Node 0: s1=0.789, s2=0.092', 'Node 1: s1=0.789, s2=0.158', 'Node 2: s1=0.789, s2=0.342']...
Round 009: test acc mean=0.9142 ± 0.0082 | min=0.8928 max=0.9254
         : test loss mean=0.2189 ± 0.0199
         : individual accs = ['0.925439', '0.915371', '0.901508', '0.917098', '0.910935', '0.915284', '0.917031', '0.922804', '0.903169', '0.914007', '0.917832', '0.915556', '0.917535', '0.918966', '0.924377', '0.920524', '0.918544', '0.901857', '0.892826', '0.913234']
         : correct/total = [(1055, 1140), (1060, 1158), (1016, 1127), (1062, 1158), (1033, 1134), (1048, 1145), (1050, 1145), (1040, 1127), (1026, 1136), (1031, 1128), (1050, 1144), (1030, 1125), (1057, 1152), (1066, 1160), (1039, 1124), (1054, 1145), (1060, 1154), (1020, 1131), (1033, 1157), (1042, 1141)]
         : compromised: 0.9134, honest: 0.9144
         : ubar stats = ['Node 0: s1=0.789, s2=0.089', 'Node 1: s1=0.789, s2=0.148', 'Node 2: s1=0.789, s2=0.333']...
Round 010: test acc mean=0.9151 ± 0.0097 | min=0.8977 max=0.9395
         : test loss mean=0.2216 ± 0.0234
         : individual accs = ['0.939474', '0.917098', '0.902396', '0.912781', '0.910935', '0.913537', '0.925764', '0.913931', '0.910211', '0.919326', '0.897727', '0.921778', '0.919271', '0.922414', '0.919039', '0.912664', '0.920277', '0.902741', '0.898876', '0.921998']
         : correct/total = [(1071, 1140), (1062, 1158), (1017, 1127), (1057, 1158), (1033, 1134), (1046, 1145), (1060, 1145), (1030, 1127), (1034, 1136), (1037, 1128), (1027, 1144), (1037, 1125), (1059, 1152), (1070, 1160), (1033, 1124), (1045, 1145), (1062, 1154), (1021, 1131), (1040, 1157), (1052, 1141)]
         : compromised: 0.9145, honest: 0.9153
         : ubar stats = ['Node 0: s1=0.789, s2=0.087', 'Node 1: s1=0.789, s2=0.140', 'Node 2: s1=0.789, s2=0.327']...

=== FINAL RESULTS ===
Dataset: celeba, Nodes: 20, Graph: fully, Aggregation: ubar
Attack: gaussian, 20.0% compromised
Final accuracy - Compromised: 0.9145, Honest: 0.9153
Overall test accuracy: mean=0.9151 ± 0.0097

=== UBAR SUMMARY ===
Node 0: stage1=0.789, stage2=0.087, overall=0.068
Node 1: stage1=0.789, stage2=0.140, overall=0.111
Node 2: stage1=0.789, stage2=0.327, overall=0.258
Node 3: stage1=0.789, stage2=0.120, overall=0.095
Node 4: stage1=0.789, stage2=0.073, overall=0.058
Node 5: stage1=0.789, stage2=0.107, overall=0.084
Node 6: stage1=0.789, stage2=0.307, overall=0.242
Node 7: stage1=0.789, stage2=0.073, overall=0.058
Node 8: stage1=0.789, stage2=0.073, overall=0.058
Node 9: stage1=0.789, stage2=0.093, overall=0.074
Node 10: stage1=0.789, stage2=0.093, overall=0.074
Node 11: stage1=0.789, stage2=0.140, overall=0.111
Node 12: stage1=0.789, stage2=0.073, overall=0.058
Node 13: stage1=0.789, stage2=0.100, overall=0.079
Node 14: stage1=0.789, stage2=0.073, overall=0.058
Node 15: stage1=0.789, stage2=0.093, overall=0.074
Node 16: stage1=0.789, stage2=0.107, overall=0.084
Node 17: stage1=0.789, stage2=0.067, overall=0.053
Node 18: stage1=0.789, stage2=0.180, overall=0.142
Node 19: stage1=0.789, stage2=0.080, overall=0.063

Performance Summary:
  - Distance computation time: 2.971s (42.6%)
  - Loss computation time: 3.805s (54.5%)
  - Aggregation time: 0.205s (2.9%)
  - Total time: 6.981s
  - Mean Stage 1 acceptance rate: 0.789
  - Mean Stage 2 acceptance rate: 0.120
  - Overall acceptance rate: 0.095

UBAR Algorithm Properties:
  - Model dimension: 30,758
  - Rho parameter: 0.8
  - Two-stage approach: Distance filtering + loss evaluation
  - Stage 1 selects: 80% of neighbors
  - Stage 2 uses: Training sample loss comparison
  - Theoretical complexity: O(deg(i)×d + deg(i)×inference)
  - Approach: UBAR paper implementation
