Device: cuda
Seed: 987654321
Looking for images in: /home/student.unimelb.edu.au/mrangwala/Trust-Monitor/leaf/data/celeba/data/raw/img_align_celeba
Loading 1 LEAF CelebA train files...
LEAF CelebA train: 9343 users (celebrities), 177457 samples
Looking for images in: /home/student.unimelb.edu.au/mrangwala/Trust-Monitor/leaf/data/celeba/data/raw/img_align_celeba
Loading 1 LEAF CelebA test files...
LEAF CelebA test: 9343 users (celebrities), 22831 samples
Found 9343 train users, 9343 test users, 9343 common users
User sample counts range: 31 (max) to 4 (min)
Distributed ALL 9343 users across 20 clients
Users per client: 467 (with 3 clients getting +1 user)
Train partition sizes: [8843, 8998, 8728, 9034, 8866, 8946, 8873, 8776, 8816, 8801, 8913, 8656, 9115, 8921, 8699, 8823, 8912, 8766, 9102, 8869]
Test partition sizes: [1140, 1158, 1127, 1158, 1134, 1145, 1145, 1127, 1136, 1128, 1144, 1125, 1152, 1160, 1124, 1145, 1154, 1131, 1157, 1141]
  Client 0: 8843 train samples, 2 unique classes
  Client 1: 8998 train samples, 2 unique classes
  Client 2: 8728 train samples, 2 unique classes
  Client 3: 9034 train samples, 2 unique classes
  Client 4: 8866 train samples, 2 unique classes
  Client 5: 8946 train samples, 2 unique classes
  Client 6: 8873 train samples, 2 unique classes
  Client 7: 8776 train samples, 2 unique classes
  Client 8: 8816 train samples, 2 unique classes
  Client 9: 8801 train samples, 2 unique classes
  Client 10: 8913 train samples, 2 unique classes
  Client 11: 8656 train samples, 2 unique classes
  Client 12: 9115 train samples, 2 unique classes
  Client 13: 8921 train samples, 2 unique classes
  Client 14: 8699 train samples, 2 unique classes
  Client 15: 8823 train samples, 2 unique classes
  Client 16: 8912 train samples, 2 unique classes
  Client 17: 8766 train samples, 2 unique classes
  Client 18: 9102 train samples, 2 unique classes
  Client 19: 8869 train samples, 2 unique classes
Will sample 4500 samples per client per epoch
Graph: erdos, nodes: 20, edges: 48
Degree statistics: avg=4.80, min=2, max=7
Model variant: baseline
Model parameters: 2,219,692
Initial test acc across nodes: mean=0.4978 ± 0.0208
Round 001: test acc mean=0.5540 ± 0.0474 | min=0.5040 max=0.6743
         : test loss mean=0.6913 ± 0.0019
         : individual accs = ['0.592982', '0.508636', '0.595386', '0.544905', '0.524691', '0.516157', '0.606987', '0.503993', '0.674296', '0.656028', '0.525350', '0.561778', '0.522569', '0.515517', '0.541815', '0.559825', '0.561525', '0.508400', '0.541054', '0.517967']
         : correct/total = [(676, 1140), (589, 1158), (671, 1127), (631, 1158), (595, 1134), (591, 1145), (695, 1145), (568, 1127), (766, 1136), (740, 1128), (601, 1144), (632, 1125), (602, 1152), (598, 1160), (609, 1124), (641, 1145), (648, 1154), (575, 1131), (626, 1157), (591, 1141)]
Round 002: test acc mean=0.5247 ± 0.0205 | min=0.4933 max=0.5739
         : test loss mean=0.6896 ± 0.0036
         : individual accs = ['0.539474', '0.508636', '0.493345', '0.550950', '0.522046', '0.514410', '0.521397', '0.503993', '0.573944', '0.560284', '0.525350', '0.504000', '0.522569', '0.506897', '0.517794', '0.517031', '0.515598', '0.508400', '0.537597', '0.549518']
         : correct/total = [(615, 1140), (589, 1158), (556, 1127), (638, 1158), (592, 1134), (589, 1145), (597, 1145), (568, 1127), (652, 1136), (632, 1128), (601, 1144), (567, 1125), (602, 1152), (588, 1160), (582, 1124), (592, 1145), (595, 1154), (575, 1131), (622, 1157), (627, 1141)]
Round 003: test acc mean=0.5402 ± 0.0485 | min=0.4933 max=0.6734
         : test loss mean=0.6849 ± 0.0097
         : individual accs = ['0.528947', '0.508636', '0.493345', '0.625216', '0.522046', '0.514410', '0.521397', '0.503993', '0.673415', '0.642730', '0.525350', '0.531556', '0.522569', '0.506897', '0.517794', '0.517031', '0.515598', '0.508400', '0.553155', '0.572305']
         : correct/total = [(603, 1140), (589, 1158), (556, 1127), (724, 1158), (592, 1134), (589, 1145), (597, 1145), (568, 1127), (765, 1136), (725, 1128), (601, 1144), (598, 1125), (602, 1152), (588, 1160), (582, 1124), (592, 1145), (595, 1154), (575, 1131), (640, 1157), (653, 1141)]
Round 004: test acc mean=0.5827 ± 0.0623 | min=0.5040 max=0.6840
         : test loss mean=0.6684 ± 0.0193
         : individual accs = ['0.624561', '0.582038', '0.575865', '0.666667', '0.522046', '0.514410', '0.600000', '0.503993', '0.683979', '0.652482', '0.553322', '0.666667', '0.525174', '0.620690', '0.519573', '0.523144', '0.515598', '0.508400', '0.646500', '0.649430']
         : correct/total = [(712, 1140), (674, 1158), (649, 1127), (772, 1158), (592, 1134), (589, 1145), (687, 1145), (568, 1127), (777, 1136), (736, 1128), (633, 1144), (750, 1125), (605, 1152), (720, 1160), (584, 1124), (599, 1145), (595, 1154), (575, 1131), (748, 1157), (741, 1141)]
Round 005: test acc mean=0.6708 ± 0.0232 | min=0.6237 max=0.7174
         : test loss mean=0.6201 ± 0.0222
         : individual accs = ['0.661404', '0.643351', '0.677019', '0.703800', '0.652557', '0.668996', '0.687336', '0.641526', '0.717430', '0.707447', '0.664336', '0.699556', '0.671007', '0.677586', '0.623665', '0.647162', '0.659445', '0.669319', '0.674157', '0.668712']
         : correct/total = [(754, 1140), (745, 1158), (763, 1127), (815, 1158), (740, 1134), (766, 1145), (787, 1145), (723, 1127), (815, 1136), (798, 1128), (760, 1144), (787, 1125), (773, 1152), (786, 1160), (701, 1124), (741, 1145), (761, 1154), (757, 1131), (780, 1157), (763, 1141)]
Round 006: test acc mean=0.7316 ± 0.0174 | min=0.7010 max=0.7748
         : test loss mean=0.5506 ± 0.0190
         : individual accs = ['0.725439', '0.725389', '0.744454', '0.743523', '0.722222', '0.732751', '0.743231', '0.700976', '0.742958', '0.774823', '0.718531', '0.757333', '0.723090', '0.743966', '0.710854', '0.710044', '0.739168', '0.727675', '0.710458', '0.735320']
         : correct/total = [(827, 1140), (840, 1158), (839, 1127), (861, 1158), (819, 1134), (839, 1145), (851, 1145), (790, 1127), (844, 1136), (874, 1128), (822, 1144), (852, 1125), (833, 1152), (863, 1160), (799, 1124), (813, 1145), (853, 1154), (823, 1131), (822, 1157), (839, 1141)]
Round 007: test acc mean=0.7806 ± 0.0153 | min=0.7498 max=0.8103
         : test loss mean=0.4802 ± 0.0199
         : individual accs = ['0.768421', '0.779793', '0.787045', '0.787565', '0.776896', '0.790393', '0.787773', '0.749778', '0.790493', '0.810284', '0.791958', '0.806222', '0.772569', '0.773276', '0.782918', '0.758079', '0.795494', '0.759505', '0.764909', '0.778265']
         : correct/total = [(876, 1140), (903, 1158), (887, 1127), (912, 1158), (881, 1134), (905, 1145), (902, 1145), (845, 1127), (898, 1136), (914, 1128), (906, 1144), (907, 1125), (890, 1152), (897, 1160), (880, 1124), (868, 1145), (918, 1154), (859, 1131), (885, 1157), (888, 1141)]
Round 008: test acc mean=0.8081 ± 0.0177 | min=0.7721 max=0.8404
         : test loss mean=0.4257 ± 0.0206
         : individual accs = ['0.807895', '0.824698', '0.819876', '0.813472', '0.782187', '0.772052', '0.824454', '0.796806', '0.823063', '0.840426', '0.808566', '0.833778', '0.798611', '0.809483', '0.802491', '0.782533', '0.821490', '0.815208', '0.788245', '0.795793']
         : correct/total = [(921, 1140), (955, 1158), (924, 1127), (942, 1158), (887, 1134), (884, 1145), (944, 1145), (898, 1127), (935, 1136), (948, 1128), (925, 1144), (938, 1125), (920, 1152), (939, 1160), (902, 1124), (896, 1145), (948, 1154), (922, 1131), (912, 1157), (908, 1141)]
Round 009: test acc mean=0.8390 ± 0.0146 | min=0.8064 max=0.8626
         : test loss mean=0.3695 ± 0.0178
         : individual accs = ['0.834211', '0.852332', '0.849157', '0.836788', '0.827160', '0.852402', '0.862009', '0.833185', '0.831866', '0.862589', '0.843531', '0.862222', '0.825521', '0.835345', '0.829181', '0.824454', '0.851820', '0.828470', '0.806396', '0.831727']
         : correct/total = [(951, 1140), (987, 1158), (957, 1127), (969, 1158), (938, 1134), (976, 1145), (987, 1145), (939, 1127), (945, 1136), (973, 1128), (965, 1144), (970, 1125), (951, 1152), (969, 1160), (932, 1124), (944, 1145), (983, 1154), (937, 1131), (933, 1157), (949, 1141)]
Round 010: test acc mean=0.8613 ± 0.0116 | min=0.8401 max=0.8782
         : test loss mean=0.3266 ± 0.0154
         : individual accs = ['0.857895', '0.878238', '0.866903', '0.863558', '0.841270', '0.875109', '0.866376', '0.860692', '0.864437', '0.870567', '0.868007', '0.872889', '0.848958', '0.871552', '0.865658', '0.840175', '0.866551', '0.845270', '0.840104', '0.862401']
         : correct/total = [(978, 1140), (1017, 1158), (977, 1127), (1000, 1158), (954, 1134), (1002, 1145), (992, 1145), (970, 1127), (982, 1136), (982, 1128), (993, 1144), (982, 1125), (978, 1152), (1011, 1160), (973, 1124), (962, 1145), (1000, 1154), (956, 1131), (972, 1157), (984, 1141)]

=== FINAL RESULTS ===
Dataset: celeba, Nodes: 20, Graph: erdos, Aggregation: d-fedavg
Overall test accuracy: mean=0.8613 ± 0.0116
