Device: cuda
Seed: 987654321
Looking for images in: /home/student.unimelb.edu.au/mrangwala/Trust-Monitor/leaf/data/celeba/data/raw/img_align_celeba
Loading 1 LEAF CelebA train files...
LEAF CelebA train: 9343 users (celebrities), 177457 samples
Looking for images in: /home/student.unimelb.edu.au/mrangwala/Trust-Monitor/leaf/data/celeba/data/raw/img_align_celeba
Loading 1 LEAF CelebA test files...
LEAF CelebA test: 9343 users (celebrities), 22831 samples
Found 9343 train users, 9343 test users, 9343 common users
User sample counts range: 31 (max) to 4 (min)
Distributed ALL 9343 users across 20 clients
Users per client: 467 (with 3 clients getting +1 user)
Train partition sizes: [8843, 8998, 8728, 9034, 8866, 8946, 8873, 8776, 8816, 8801, 8913, 8656, 9115, 8921, 8699, 8823, 8912, 8766, 9102, 8869]
Test partition sizes: [1140, 1158, 1127, 1158, 1134, 1145, 1145, 1127, 1136, 1128, 1144, 1125, 1152, 1160, 1124, 1145, 1154, 1131, 1157, 1141]
  Client 0: 8843 train samples, 2 unique classes
  Client 1: 8998 train samples, 2 unique classes
  Client 2: 8728 train samples, 2 unique classes
  Client 3: 9034 train samples, 2 unique classes
  Client 4: 8866 train samples, 2 unique classes
  Client 5: 8946 train samples, 2 unique classes
  Client 6: 8873 train samples, 2 unique classes
  Client 7: 8776 train samples, 2 unique classes
  Client 8: 8816 train samples, 2 unique classes
  Client 9: 8801 train samples, 2 unique classes
  Client 10: 8913 train samples, 2 unique classes
  Client 11: 8656 train samples, 2 unique classes
  Client 12: 9115 train samples, 2 unique classes
  Client 13: 8921 train samples, 2 unique classes
  Client 14: 8699 train samples, 2 unique classes
  Client 15: 8823 train samples, 2 unique classes
  Client 16: 8912 train samples, 2 unique classes
  Client 17: 8766 train samples, 2 unique classes
  Client 18: 9102 train samples, 2 unique classes
  Client 19: 8869 train samples, 2 unique classes
Will sample 10000 samples per client per epoch
Graph: erdos, nodes: 20, edges: 126
Attack: Compromised 6/20 nodes: [5, 12, 13, 14, 17, 18]
Attack type: gaussian, lambda: 1.0
Initial test acc across nodes: mean=0.4969 ± 0.0214
Round 001: test acc mean=0.5164 ± 0.0150 | min=0.4911 max=0.5625
         : test loss mean=nan ± nan
         : individual accs = ['0.528947', '0.508636', '0.493345', '0.528497', '0.522046', '0.514410', '0.521397', '0.503993', '0.562500', '0.491135', '0.525350', '0.498667', '0.522569', '0.506897', '0.517794', '0.517031', '0.515598', '0.508400', '0.522040', '0.517967']
         : correct/total = [(603, 1140), (589, 1158), (556, 1127), (612, 1158), (592, 1134), (589, 1145), (597, 1145), (568, 1127), (639, 1136), (554, 1128), (601, 1144), (561, 1125), (602, 1152), (588, 1160), (582, 1124), (592, 1145), (595, 1154), (575, 1131), (604, 1157), (591, 1141)]
         : compromised: 0.5154, honest: 0.5168
Round 002: test acc mean=0.5132 ± 0.0196 | min=0.4822 max=0.5625
         : test loss mean=288.0922 ± 405.0017
         : individual accs = ['0.528947', '0.508636', '0.492458', '0.526770', '0.514109', '0.499563', '0.517904', '0.503993', '0.562500', '0.508865', '0.547203', '0.501333', '0.521701', '0.499138', '0.482206', '0.530131', '0.484402', '0.494253', '0.521175', '0.517967']
         : correct/total = [(603, 1140), (589, 1158), (555, 1127), (610, 1158), (583, 1134), (572, 1145), (593, 1145), (568, 1127), (639, 1136), (574, 1128), (626, 1144), (564, 1125), (601, 1152), (579, 1160), (542, 1124), (607, 1145), (559, 1154), (559, 1131), (603, 1157), (591, 1141)]
         : compromised: 0.5030, honest: 0.5175
Round 003: test acc mean=0.5027 ± 0.0189 | min=0.4692 max=0.5306
         : test loss mean=379.1572 ± 567.4048
         : individual accs = ['0.528947', '0.504318', '0.530612', '0.479275', '0.477954', '0.476856', '0.521397', '0.499556', '0.469190', '0.501773', '0.525350', '0.498667', '0.519097', '0.506897', '0.486655', '0.517031', '0.515598', '0.491600', '0.521175', '0.482033']
         : correct/total = [(603, 1140), (584, 1158), (598, 1127), (555, 1158), (542, 1134), (546, 1145), (597, 1145), (563, 1127), (533, 1136), (566, 1128), (601, 1144), (561, 1125), (598, 1152), (588, 1160), (547, 1124), (592, 1145), (595, 1154), (556, 1131), (603, 1157), (550, 1141)]
         : compromised: 0.5004, honest: 0.5037
Round 004: test acc mean=0.5131 ± 0.0172 | min=0.4683 max=0.5430
         : test loss mean=343.2979 ± 372.2504
         : individual accs = ['0.528947', '0.491364', '0.543035', '0.518135', '0.468254', '0.514410', '0.521397', '0.527063', '0.512324', '0.491135', '0.525350', '0.513778', '0.529514', '0.506897', '0.482206', '0.517031', '0.515598', '0.515473', '0.522040', '0.517967']
         : correct/total = [(603, 1140), (569, 1158), (612, 1127), (600, 1158), (531, 1134), (589, 1145), (597, 1145), (594, 1127), (582, 1136), (554, 1128), (601, 1144), (578, 1125), (610, 1152), (588, 1160), (542, 1124), (592, 1145), (595, 1154), (583, 1131), (604, 1157), (591, 1141)]
         : compromised: 0.5118, honest: 0.5137
Round 005: test acc mean=0.5036 ± 0.0208 | min=0.4715 max=0.5625
         : test loss mean=569.7844 ± 1193.6796
         : individual accs = ['0.528947', '0.499136', '0.493345', '0.471503', '0.500000', '0.503930', '0.475983', '0.503106', '0.562500', '0.490248', '0.474650', '0.498667', '0.522569', '0.503448', '0.517794', '0.488210', '0.490468', '0.507515', '0.522040', '0.517967']
         : correct/total = [(603, 1140), (578, 1158), (556, 1127), (546, 1158), (567, 1134), (577, 1145), (545, 1145), (567, 1127), (639, 1136), (553, 1128), (543, 1144), (561, 1125), (602, 1152), (584, 1160), (582, 1124), (559, 1145), (566, 1154), (574, 1131), (604, 1157), (591, 1141)]
         : compromised: 0.5129, honest: 0.4996
Round 006: test acc mean=0.4968 ± 0.0238 | min=0.4489 max=0.5547
         : test loss mean=282.7696 ± 315.5957
         : individual accs = ['0.502632', '0.508636', '0.493345', '0.474957', '0.477954', '0.514410', '0.495197', '0.524401', '0.448944', '0.484929', '0.525350', '0.554667', '0.493924', '0.477586', '0.481317', '0.511790', '0.493934', '0.494253', '0.459810', '0.517967']
         : correct/total = [(573, 1140), (589, 1158), (556, 1127), (550, 1158), (542, 1134), (589, 1145), (567, 1145), (591, 1127), (510, 1136), (547, 1128), (601, 1144), (624, 1125), (569, 1152), (554, 1160), (541, 1124), (586, 1145), (570, 1154), (559, 1131), (532, 1157), (591, 1141)]
         : compromised: 0.4869, honest: 0.5011
Round 007: test acc mean=0.5035 ± 0.0207 | min=0.4729 max=0.5607
         : test loss mean=307.9556 ± 407.2229
         : individual accs = ['0.528947', '0.508636', '0.521739', '0.504318', '0.477954', '0.506550', '0.478603', '0.507542', '0.560739', '0.495567', '0.472902', '0.517333', '0.502604', '0.495690', '0.517794', '0.482096', '0.502600', '0.484527', '0.520311', '0.483786']
         : correct/total = [(603, 1140), (589, 1158), (588, 1127), (584, 1158), (542, 1134), (580, 1145), (548, 1145), (572, 1127), (637, 1136), (559, 1128), (541, 1144), (582, 1125), (579, 1152), (575, 1160), (582, 1124), (552, 1145), (580, 1154), (548, 1131), (602, 1157), (552, 1141)]
         : compromised: 0.5046, honest: 0.5031
Round 008: test acc mean=0.5028 ± 0.0198 | min=0.4560 max=0.5372
         : test loss mean=339.3053 ± 443.0583
         : individual accs = ['0.528947', '0.507772', '0.492458', '0.510363', '0.522046', '0.505677', '0.463755', '0.496007', '0.455986', '0.491135', '0.506119', '0.503111', '0.473090', '0.508621', '0.515125', '0.517031', '0.515598', '0.508400', '0.496975', '0.537248']
         : correct/total = [(603, 1140), (588, 1158), (555, 1127), (591, 1158), (592, 1134), (579, 1145), (531, 1145), (559, 1127), (518, 1136), (554, 1128), (579, 1144), (566, 1125), (545, 1152), (590, 1160), (579, 1124), (592, 1145), (595, 1154), (575, 1131), (575, 1157), (613, 1141)]
         : compromised: 0.5013, honest: 0.5034
Round 009: test acc mean=0.5018 ± 0.0194 | min=0.4604 max=0.5337
         : test loss mean=550.9756 ± 1570.8237
         : individual accs = ['0.471053', '0.491364', '0.521739', '0.480138', '0.477954', '0.514410', '0.531004', '0.503993', '0.460387', '0.533688', '0.506993', '0.503111', '0.500868', '0.493103', '0.508897', '0.481223', '0.515598', '0.508400', '0.522040', '0.510955']
         : correct/total = [(537, 1140), (569, 1158), (588, 1127), (556, 1158), (542, 1134), (589, 1145), (608, 1145), (568, 1127), (523, 1136), (602, 1128), (580, 1144), (566, 1125), (577, 1152), (572, 1160), (572, 1124), (551, 1145), (595, 1154), (575, 1131), (604, 1157), (583, 1141)]
         : compromised: 0.5080, honest: 0.4992
Round 010: test acc mean=0.4966 ± 0.0197 | min=0.4489 max=0.5285
         : test loss mean=186.9188 ± 168.8903
         : individual accs = ['0.468421', '0.491364', '0.510204', '0.528497', '0.482363', '0.524017', '0.510917', '0.496894', '0.448944', '0.508865', '0.526224', '0.495111', '0.477431', '0.493103', '0.498221', '0.517031', '0.481802', '0.491600', '0.498704', '0.482033']
         : correct/total = [(534, 1140), (569, 1158), (575, 1127), (612, 1158), (547, 1134), (600, 1145), (585, 1145), (560, 1127), (510, 1136), (574, 1128), (602, 1144), (557, 1125), (550, 1152), (572, 1160), (560, 1124), (592, 1145), (556, 1154), (556, 1131), (577, 1157), (550, 1141)]
         : compromised: 0.4972, honest: 0.4963

=== FINAL RESULTS ===
Dataset: celeba, Nodes: 20, Graph: erdos, Aggregation: d-fedavg
Attack: gaussian, 30.0% compromised
Final accuracy - Compromised: 0.4972, Honest: 0.4963
Overall test accuracy: mean=0.4966 ± 0.0197
