Device: cuda
Seed: 987654321
Loading 36 LEAF FEMNIST train files...
LEAF FEMNIST train: 3597 users, 734463 samples
Loading 36 LEAF FEMNIST test files...
LEAF FEMNIST test: 3597 users, 83388 samples
Found 3597 train users, 3597 test users, 3597 common users
User sample counts range: 525 (max) to 17 (min)
Distributed ALL 3597 users across 20 clients
Users per client: 179 (with 17 clients getting +1 user)
Train partition sizes: [36360, 37070, 35957, 38262, 36024, 37732, 36921, 38328, 36867, 37683, 36507, 36915, 36007, 37001, 35681, 35453, 36585, 36801, 35964, 36345]
Test partition sizes: [4128, 4203, 4081, 4333, 4091, 4287, 4193, 4349, 4191, 4277, 4143, 4193, 4093, 4197, 4052, 4029, 4153, 4183, 4084, 4128]
  Client 0: 36360 train samples, 62 unique classes
  Client 1: 37070 train samples, 62 unique classes
  Client 2: 35957 train samples, 62 unique classes
  Client 3: 38262 train samples, 62 unique classes
  Client 4: 36024 train samples, 62 unique classes
  Client 5: 37732 train samples, 62 unique classes
  Client 6: 36921 train samples, 62 unique classes
  Client 7: 38328 train samples, 62 unique classes
  Client 8: 36867 train samples, 62 unique classes
  Client 9: 37683 train samples, 62 unique classes
  Client 10: 36507 train samples, 62 unique classes
  Client 11: 36915 train samples, 62 unique classes
  Client 12: 36007 train samples, 62 unique classes
  Client 13: 37001 train samples, 62 unique classes
  Client 14: 35681 train samples, 62 unique classes
  Client 15: 35453 train samples, 62 unique classes
  Client 16: 36585 train samples, 62 unique classes
  Client 17: 36801 train samples, 62 unique classes
  Client 18: 35964 train samples, 62 unique classes
  Client 19: 36345 train samples, 62 unique classes
Will sample 10000 samples per client per epoch
Graph: erdos, nodes: 20, edges: 126
Attack: Compromised 4/20 nodes: [5, 12, 13, 17]
Attack type: directed_deviation, lambda: 1.0
Initial test acc across nodes: mean=0.0162 ± 0.0138
Round 001: test acc mean=0.5562 ± 0.0123 | min=0.5336 max=0.5776
         : test loss mean=1.6697 ± 0.0386
         : individual accs = ['0.562016', '0.564121', '0.546190', '0.555504', '0.553899', '0.577560', '0.543763', '0.556450', '0.570031', '0.540566', '0.535602', '0.563081', '0.553872', '0.571599', '0.566140', '0.554480', '0.533590', '0.558929', '0.573213', '0.543605']
         : correct/total = [(2320, 4128), (2371, 4203), (2229, 4081), (2407, 4333), (2266, 4091), (2476, 4287), (2280, 4193), (2420, 4349), (2389, 4191), (2312, 4277), (2219, 4143), (2361, 4193), (2267, 4093), (2399, 4197), (2294, 4052), (2234, 4029), (2216, 4153), (2338, 4183), (2341, 4084), (2244, 4128)]
         : compromised: 0.5655, honest: 0.5539
Round 002: test acc mean=0.7356 ± 0.0130 | min=0.6935 max=0.7542
         : test loss mean=0.8975 ± 0.0338
         : individual accs = ['0.730620', '0.737330', '0.734869', '0.723748', '0.729650', '0.750175', '0.746005', '0.730743', '0.748270', '0.745850', '0.693459', '0.729549', '0.741510', '0.735764', '0.754195', '0.741871', '0.726944', '0.732967', '0.750000', '0.729409']
         : correct/total = [(3016, 4128), (3099, 4203), (2999, 4081), (3136, 4333), (2985, 4091), (3216, 4287), (3128, 4193), (3178, 4349), (3136, 4191), (3190, 4277), (2873, 4143), (3059, 4193), (3035, 4093), (3088, 4197), (3056, 4052), (2989, 4029), (3019, 4153), (3066, 4183), (3063, 4084), (3011, 4128)]
         : compromised: 0.7401, honest: 0.7345
Round 003: test acc mean=0.7665 ± 0.0122 | min=0.7461 max=0.7906
         : test loss mean=0.7395 ± 0.0368
         : individual accs = ['0.772529', '0.790626', '0.748836', '0.777291', '0.754583', '0.771868', '0.769616', '0.774431', '0.783584', '0.760112', '0.757664', '0.761746', '0.761300', '0.755778', '0.767522', '0.790519', '0.756321', '0.764284', '0.765671', '0.746124']
         : correct/total = [(3189, 4128), (3323, 4203), (3056, 4081), (3368, 4333), (3087, 4091), (3309, 4287), (3227, 4193), (3368, 4349), (3284, 4191), (3251, 4277), (3139, 4143), (3194, 4193), (3116, 4093), (3172, 4197), (3110, 4052), (3185, 4029), (3141, 4153), (3197, 4183), (3127, 4084), (3080, 4128)]
         : compromised: 0.7633, honest: 0.7673
Round 004: test acc mean=0.7995 ± 0.0083 | min=0.7816 max=0.8163
         : test loss mean=0.6266 ± 0.0287
         : individual accs = ['0.796269', '0.795860', '0.786572', '0.798754', '0.789538', '0.803826', '0.805390', '0.810071', '0.816273', '0.797989', '0.781559', '0.795135', '0.800635', '0.806290', '0.806022', '0.794242', '0.804960', '0.805642', '0.803869', '0.790455']
         : correct/total = [(3287, 4128), (3345, 4203), (3210, 4081), (3461, 4333), (3230, 4091), (3446, 4287), (3377, 4193), (3523, 4349), (3421, 4191), (3413, 4277), (3238, 4143), (3334, 4193), (3277, 4093), (3384, 4197), (3266, 4052), (3200, 4029), (3343, 4153), (3370, 4183), (3283, 4084), (3263, 4128)]
         : compromised: 0.8041, honest: 0.7983
Round 005: test acc mean=0.8060 ± 0.0067 | min=0.7931 max=0.8176
         : test loss mean=0.5915 ± 0.0215
         : individual accs = ['0.802810', '0.815608', '0.810096', '0.807754', '0.808115', '0.801959', '0.813499', '0.805702', '0.812217', '0.801964', '0.793145', '0.803720', '0.802101', '0.801287', '0.807256', '0.803177', '0.795810', '0.817595', '0.817581', '0.797965']
         : correct/total = [(3314, 4128), (3428, 4203), (3306, 4081), (3500, 4333), (3306, 4091), (3438, 4287), (3411, 4193), (3504, 4349), (3404, 4191), (3430, 4277), (3286, 4143), (3370, 4193), (3283, 4093), (3363, 4197), (3271, 4052), (3236, 4029), (3305, 4153), (3420, 4183), (3339, 4084), (3294, 4128)]
         : compromised: 0.8057, honest: 0.8060
Round 006: test acc mean=0.8114 ± 0.0067 | min=0.7992 max=0.8230
         : test loss mean=0.5720 ± 0.0181
         : individual accs = ['0.806444', '0.818701', '0.810586', '0.819294', '0.809582', '0.812923', '0.814453', '0.819729', '0.818898', '0.807342', '0.804972', '0.806105', '0.804056', '0.822969', '0.804294', '0.807645', '0.806887', '0.813292', '0.821499', '0.799176']
         : correct/total = [(3329, 4128), (3441, 4203), (3308, 4081), (3550, 4333), (3312, 4091), (3485, 4287), (3415, 4193), (3565, 4349), (3432, 4191), (3453, 4277), (3335, 4143), (3380, 4193), (3291, 4093), (3454, 4197), (3259, 4052), (3254, 4029), (3351, 4153), (3402, 4183), (3355, 4084), (3299, 4128)]
         : compromised: 0.8133, honest: 0.8110
Round 007: test acc mean=0.8276 ± 0.0063 | min=0.8170 max=0.8382
         : test loss mean=0.5308 ± 0.0227
         : individual accs = ['0.831638', '0.838211', '0.821367', '0.829679', '0.825471', '0.827852', '0.830670', '0.837434', '0.831782', '0.827683', '0.817041', '0.820892', '0.821158', '0.832261', '0.835884', '0.820055', '0.823501', '0.834568', '0.824927', '0.819283']
         : correct/total = [(3433, 4128), (3523, 4203), (3352, 4081), (3595, 4333), (3377, 4091), (3549, 4287), (3483, 4193), (3642, 4349), (3486, 4191), (3540, 4277), (3385, 4143), (3442, 4193), (3361, 4093), (3493, 4197), (3387, 4052), (3304, 4029), (3420, 4153), (3491, 4183), (3369, 4084), (3382, 4128)]
         : compromised: 0.8290, honest: 0.8272
Round 008: test acc mean=0.8300 ± 0.0072 | min=0.8159 max=0.8436
         : test loss mean=0.5165 ± 0.0261
         : individual accs = ['0.827035', '0.825125', '0.829699', '0.833141', '0.817404', '0.824353', '0.831147', '0.843642', '0.843474', '0.832827', '0.820661', '0.828047', '0.827266', '0.833929', '0.836130', '0.832216', '0.830002', '0.829070', '0.838883', '0.815891']
         : correct/total = [(3414, 4128), (3468, 4203), (3386, 4081), (3610, 4333), (3344, 4091), (3534, 4287), (3485, 4193), (3669, 4349), (3535, 4191), (3562, 4277), (3400, 4143), (3472, 4193), (3386, 4093), (3500, 4197), (3388, 4052), (3353, 4029), (3447, 4153), (3468, 4183), (3426, 4084), (3368, 4128)]
         : compromised: 0.8287, honest: 0.8303
Round 009: test acc mean=0.8288 ± 0.0075 | min=0.8091 max=0.8395
         : test loss mean=0.5129 ± 0.0237
         : individual accs = ['0.826308', '0.832976', '0.827983', '0.831295', '0.823515', '0.831351', '0.839494', '0.836744', '0.824386', '0.833528', '0.816317', '0.832340', '0.819204', '0.832976', '0.830207', '0.839166', '0.830002', '0.835286', '0.824682', '0.809109']
         : correct/total = [(3411, 4128), (3501, 4203), (3379, 4081), (3602, 4333), (3369, 4091), (3564, 4287), (3520, 4193), (3639, 4349), (3455, 4191), (3565, 4277), (3382, 4143), (3490, 4193), (3353, 4093), (3496, 4197), (3364, 4052), (3381, 4029), (3447, 4153), (3494, 4183), (3368, 4084), (3340, 4128)]
         : compromised: 0.8297, honest: 0.8286
Round 010: test acc mean=0.8337 ± 0.0082 | min=0.8110 max=0.8480
         : test loss mean=0.5099 ± 0.0278
         : individual accs = ['0.831880', '0.847966', '0.830679', '0.837988', '0.827915', '0.839048', '0.842595', '0.842493', '0.837748', '0.835632', '0.811007', '0.824231', '0.827510', '0.833691', '0.828727', '0.837429', '0.836022', '0.836481', '0.841822', '0.823643']
         : correct/total = [(3434, 4128), (3564, 4203), (3390, 4081), (3631, 4333), (3387, 4091), (3597, 4287), (3533, 4193), (3664, 4349), (3511, 4191), (3574, 4277), (3360, 4143), (3456, 4193), (3387, 4093), (3499, 4197), (3358, 4052), (3374, 4029), (3472, 4153), (3499, 4183), (3438, 4084), (3400, 4128)]
         : compromised: 0.8342, honest: 0.8336

=== FINAL RESULTS ===
Dataset: femnist, Nodes: 20, Graph: erdos, Aggregation: krum
Attack: directed_deviation, 20.0% compromised
Final accuracy - Compromised: 0.8342, Honest: 0.8336
Overall test accuracy: mean=0.8337 ± 0.0082
