Device: cuda
Seed: 987654321
Loading 36 LEAF FEMNIST train files...
LEAF FEMNIST train: 3597 users, 734463 samples
Loading 36 LEAF FEMNIST test files...
LEAF FEMNIST test: 3597 users, 83388 samples
Found 3597 train users, 3597 test users, 3597 common users
User sample counts range: 525 (max) to 17 (min)
Distributed ALL 3597 users across 20 clients
Users per client: 179 (with 17 clients getting +1 user)
Train partition sizes: [36360, 37070, 35957, 38262, 36024, 37732, 36921, 38328, 36867, 37683, 36507, 36915, 36007, 37001, 35681, 35453, 36585, 36801, 35964, 36345]
Test partition sizes: [4128, 4203, 4081, 4333, 4091, 4287, 4193, 4349, 4191, 4277, 4143, 4193, 4093, 4197, 4052, 4029, 4153, 4183, 4084, 4128]
  Client 0: 36360 train samples, 62 unique classes
  Client 1: 37070 train samples, 62 unique classes
  Client 2: 35957 train samples, 62 unique classes
  Client 3: 38262 train samples, 62 unique classes
  Client 4: 36024 train samples, 62 unique classes
  Client 5: 37732 train samples, 62 unique classes
  Client 6: 36921 train samples, 62 unique classes
  Client 7: 38328 train samples, 62 unique classes
  Client 8: 36867 train samples, 62 unique classes
  Client 9: 37683 train samples, 62 unique classes
  Client 10: 36507 train samples, 62 unique classes
  Client 11: 36915 train samples, 62 unique classes
  Client 12: 36007 train samples, 62 unique classes
  Client 13: 37001 train samples, 62 unique classes
  Client 14: 35681 train samples, 62 unique classes
  Client 15: 35453 train samples, 62 unique classes
  Client 16: 36585 train samples, 62 unique classes
  Client 17: 36801 train samples, 62 unique classes
  Client 18: 35964 train samples, 62 unique classes
  Client 19: 36345 train samples, 62 unique classes
Will sample 10000 samples per client per epoch
Graph: erdos, nodes: 20, edges: 126
Attack: Compromised 16/20 nodes: [1, 2, 3, 5, 6, 8, 9, 10, 11, 12, 13, 14, 15, 17, 18, 19]
Attack type: directed_deviation, lambda: 1.0
UBAR ALGORITHM (Two-Stage Byzantine-resilient)
  - Model dimension: 6,603,710 parameters
  - Rho parameter: 0.19999999999999996
  - Stage 1: Distance-based filtering (select 20% closest neighbors)
  - Stage 2: Performance-based selection (loss comparison)
  - Complexity: O(deg(i)×d + deg(i)×inference)
Initial test acc across nodes: mean=0.0162 ± 0.0138
Round 001: test acc mean=0.3870 ± 0.0792 | min=0.1509 max=0.5202
         : test loss mean=3.6462 ± 0.1188
         : individual accs = ['0.450581', '0.404711', '0.511394', '0.375490', '0.425568', '0.352694', '0.379680', '0.376868', '0.382009', '0.392331', '0.150857', '0.520153', '0.368190', '0.437455', '0.307256', '0.455944', '0.419937', '0.275400', '0.351126', '0.402374']
         : correct/total = [(1860, 4128), (1701, 4203), (2087, 4081), (1627, 4333), (1741, 4091), (1512, 4287), (1592, 4193), (1639, 4349), (1601, 4191), (1678, 4277), (625, 4143), (2181, 4193), (1507, 4093), (1836, 4197), (1245, 4052), (1837, 4029), (1744, 4153), (1152, 4183), (1434, 4084), (1661, 4128)]
         : compromised: 0.3792, honest: 0.4182
         : ubar stats = ['Node 0: s1=0.188, s2=0.333', 'Node 1: s1=0.182, s2=0.500', 'Node 2: s1=0.167, s2=0.500']...
Round 002: test acc mean=0.6748 ± 0.0445 | min=0.5681 max=0.7441
         : test loss mean=2.0830 ± 0.7360
         : individual accs = ['0.655281', '0.705924', '0.675325', '0.682899', '0.605231', '0.655003', '0.744097', '0.613474', '0.729182', '0.723872', '0.660632', '0.728118', '0.707549', '0.680724', '0.689536', '0.568131', '0.692030', '0.669615', '0.687561', '0.622578']
         : correct/total = [(2705, 4128), (2967, 4203), (2756, 4081), (2959, 4333), (2476, 4091), (2808, 4287), (3120, 4193), (2668, 4349), (3056, 4191), (3096, 4277), (2737, 4143), (3053, 4193), (2896, 4093), (2857, 4197), (2794, 4052), (2289, 4029), (2874, 4153), (2801, 4183), (2808, 4084), (2570, 4128)]
         : compromised: 0.6832, honest: 0.6415
         : ubar stats = ['Node 0: s1=0.188, s2=0.333', 'Node 1: s1=0.182, s2=0.750', 'Node 2: s1=0.167, s2=0.500']...
Round 003: test acc mean=0.7627 ± 0.0222 | min=0.6945 max=0.7886
         : test loss mean=1.0146 ± 0.2584
         : individual accs = ['0.777859', '0.768737', '0.762558', '0.770598', '0.768272', '0.765104', '0.767231', '0.786158', '0.787640', '0.788637', '0.748733', '0.770332', '0.763987', '0.694544', '0.755676', '0.735915', '0.774139', '0.772651', '0.773751', '0.722384']
         : correct/total = [(3211, 4128), (3231, 4203), (3112, 4081), (3339, 4333), (3143, 4091), (3280, 4287), (3217, 4193), (3419, 4349), (3301, 4191), (3373, 4277), (3102, 4143), (3230, 4193), (3127, 4093), (2915, 4197), (3062, 4052), (2965, 4029), (3215, 4153), (3232, 4183), (3160, 4084), (2982, 4128)]
         : compromised: 0.7593, honest: 0.7766
         : ubar stats = ['Node 0: s1=0.188, s2=0.444', 'Node 1: s1=0.182, s2=0.667', 'Node 2: s1=0.167, s2=0.667']...
Round 004: test acc mean=0.7982 ± 0.0079 | min=0.7786 max=0.8111
         : test loss mean=0.6912 ± 0.0774
         : individual accs = ['0.790940', '0.802522', '0.796128', '0.801523', '0.802493', '0.798694', '0.803005', '0.806392', '0.811024', '0.811083', '0.791214', '0.793465', '0.797215', '0.799857', '0.798124', '0.799950', '0.803756', '0.793450', '0.783790', '0.778585']
         : correct/total = [(3265, 4128), (3373, 4203), (3249, 4081), (3473, 4333), (3283, 4091), (3424, 4287), (3367, 4193), (3507, 4349), (3399, 4191), (3469, 4277), (3278, 4143), (3327, 4193), (3263, 4093), (3357, 4197), (3234, 4052), (3223, 4029), (3338, 4153), (3319, 4183), (3201, 4084), (3214, 4128)]
         : compromised: 0.7975, honest: 0.8009
         : ubar stats = ['Node 0: s1=0.188, s2=0.417', 'Node 1: s1=0.182, s2=0.625', 'Node 2: s1=0.167, s2=0.625']...
Round 005: test acc mean=0.8166 ± 0.0056 | min=0.8055 max=0.8282
         : test loss mean=0.5869 ± 0.0230
         : individual accs = ['0.811289', '0.819653', '0.811321', '0.816755', '0.811782', '0.819454', '0.814691', '0.828236', '0.823431', '0.815993', '0.806179', '0.815884', '0.818226', '0.820824', '0.825765', '0.814594', '0.816037', '0.818312', '0.817336', '0.805475']
         : correct/total = [(3349, 4128), (3445, 4203), (3311, 4081), (3539, 4333), (3321, 4091), (3513, 4287), (3416, 4193), (3602, 4349), (3451, 4191), (3490, 4277), (3340, 4143), (3421, 4193), (3349, 4093), (3445, 4197), (3346, 4052), (3282, 4029), (3389, 4153), (3423, 4183), (3338, 4084), (3325, 4128)]
         : compromised: 0.8165, honest: 0.8168
         : ubar stats = ['Node 0: s1=0.188, s2=0.400', 'Node 1: s1=0.182, s2=0.600', 'Node 2: s1=0.167, s2=0.600']...
Round 006: test acc mean=0.8280 ± 0.0077 | min=0.8115 max=0.8423
         : test loss mean=0.5349 ± 0.0222
         : individual accs = ['0.820736', '0.830835', '0.818427', '0.830602', '0.820337', '0.825519', '0.823754', '0.840883', '0.842281', '0.832827', '0.811489', '0.823754', '0.826777', '0.833691', '0.835884', '0.831224', '0.830966', '0.832895', '0.830069', '0.817345']
         : correct/total = [(3388, 4128), (3492, 4203), (3340, 4081), (3599, 4333), (3356, 4091), (3539, 4287), (3454, 4193), (3657, 4349), (3530, 4191), (3562, 4277), (3362, 4143), (3454, 4193), (3384, 4093), (3499, 4197), (3387, 4052), (3349, 4029), (3451, 4153), (3484, 4183), (3390, 4084), (3374, 4128)]
         : compromised: 0.8280, honest: 0.8282
         : ubar stats = ['Node 0: s1=0.188, s2=0.389', 'Node 1: s1=0.182, s2=0.583', 'Node 2: s1=0.167, s2=0.583']...
Round 007: test acc mean=0.8360 ± 0.0056 | min=0.8224 max=0.8447
         : test loss mean=0.5023 ± 0.0203
         : individual accs = ['0.833091', '0.843445', '0.837050', '0.834987', '0.834759', '0.836016', '0.844026', '0.843182', '0.844667', '0.836801', '0.826454', '0.833771', '0.835817', '0.837503', '0.839585', '0.828245', '0.836504', '0.833612', '0.838149', '0.822432']
         : correct/total = [(3439, 4128), (3545, 4203), (3416, 4081), (3618, 4333), (3415, 4091), (3584, 4287), (3539, 4193), (3667, 4349), (3540, 4191), (3579, 4277), (3424, 4143), (3496, 4193), (3421, 4093), (3515, 4197), (3402, 4052), (3337, 4029), (3474, 4153), (3487, 4183), (3423, 4084), (3395, 4128)]
         : compromised: 0.8358, honest: 0.8369
         : ubar stats = ['Node 0: s1=0.188, s2=0.381', 'Node 1: s1=0.182, s2=0.571', 'Node 2: s1=0.167, s2=0.571']...
Round 008: test acc mean=0.8393 ± 0.0061 | min=0.8282 max=0.8521
         : test loss mean=0.4853 ± 0.0235
         : individual accs = ['0.829700', '0.843683', '0.835580', '0.841219', '0.834026', '0.842081', '0.852135', '0.848011', '0.839418', '0.844517', '0.829592', '0.841879', '0.834596', '0.841077', '0.846496', '0.838421', '0.836022', '0.838154', '0.841822', '0.828246']
         : correct/total = [(3425, 4128), (3546, 4203), (3410, 4081), (3645, 4333), (3412, 4091), (3610, 4287), (3573, 4193), (3688, 4349), (3518, 4191), (3612, 4277), (3437, 4143), (3530, 4193), (3416, 4093), (3530, 4197), (3430, 4052), (3378, 4029), (3472, 4153), (3506, 4183), (3438, 4084), (3419, 4128)]
         : compromised: 0.8399, honest: 0.8369
         : ubar stats = ['Node 0: s1=0.188, s2=0.375', 'Node 1: s1=0.182, s2=0.562', 'Node 2: s1=0.167, s2=0.562']...
Round 009: test acc mean=0.8444 ± 0.0058 | min=0.8330 max=0.8556
         : test loss mean=0.4691 ± 0.0181
         : individual accs = ['0.837936', '0.847490', '0.844156', '0.847450', '0.835004', '0.842780', '0.852135', '0.855599', '0.852303', '0.847791', '0.832971', '0.839494', '0.842658', '0.840362', '0.852172', '0.844130', '0.842523', '0.846044', '0.844025', '0.840116']
         : correct/total = [(3459, 4128), (3562, 4203), (3445, 4081), (3672, 4333), (3416, 4091), (3613, 4287), (3573, 4193), (3721, 4349), (3572, 4191), (3626, 4277), (3451, 4143), (3520, 4193), (3449, 4093), (3527, 4197), (3453, 4052), (3401, 4029), (3499, 4153), (3539, 4183), (3447, 4084), (3468, 4128)]
         : compromised: 0.8448, honest: 0.8428
         : ubar stats = ['Node 0: s1=0.188, s2=0.370', 'Node 1: s1=0.182, s2=0.556', 'Node 2: s1=0.167, s2=0.556']...
Round 010: test acc mean=0.8476 ± 0.0069 | min=0.8313 max=0.8570
         : test loss mean=0.4607 ± 0.0193
         : individual accs = ['0.837694', '0.857007', '0.850772', '0.856681', '0.838181', '0.845346', '0.852850', '0.853989', '0.856359', '0.847323', '0.831282', '0.843549', '0.844613', '0.849178', '0.851925', '0.850335', '0.849506', '0.846283', '0.850881', '0.837452']
         : correct/total = [(3458, 4128), (3602, 4203), (3472, 4081), (3712, 4333), (3429, 4091), (3624, 4287), (3576, 4193), (3714, 4349), (3589, 4191), (3624, 4277), (3444, 4143), (3537, 4193), (3457, 4093), (3564, 4197), (3452, 4052), (3426, 4029), (3528, 4153), (3540, 4183), (3475, 4084), (3457, 4128)]
         : compromised: 0.8482, honest: 0.8448
         : ubar stats = ['Node 0: s1=0.188, s2=0.367', 'Node 1: s1=0.182, s2=0.550', 'Node 2: s1=0.167, s2=0.550']...

=== FINAL RESULTS ===
Dataset: femnist, Nodes: 20, Graph: erdos, Aggregation: ubar
Attack: directed_deviation, 80.0% compromised
Final accuracy - Compromised: 0.8482, Honest: 0.8448
Overall test accuracy: mean=0.8476 ± 0.0069

=== UBAR SUMMARY ===
Node 0: stage1=0.188, stage2=0.367, overall=0.069
Node 1: stage1=0.182, stage2=0.550, overall=0.100
Node 2: stage1=0.167, stage2=0.550, overall=0.092
Node 3: stage1=0.125, stage2=1.000, overall=0.125
Node 4: stage1=0.182, stage2=0.600, overall=0.109
Node 5: stage1=0.133, stage2=0.600, overall=0.080
Node 6: stage1=0.143, stage2=0.550, overall=0.079
Node 7: stage1=0.143, stage2=0.600, overall=0.086
Node 8: stage1=0.100, stage2=1.000, overall=0.100
Node 9: stage1=0.154, stage2=0.550, overall=0.085
Node 10: stage1=0.111, stage2=1.000, overall=0.111
Node 11: stage1=0.143, stage2=0.500, overall=0.071
Node 12: stage1=0.167, stage2=0.500, overall=0.083
Node 13: stage1=0.154, stage2=0.550, overall=0.085
Node 14: stage1=0.133, stage2=0.650, overall=0.087
Node 15: stage1=0.182, stage2=0.500, overall=0.091
Node 16: stage1=0.154, stage2=0.600, overall=0.092
Node 17: stage1=0.111, stage2=1.000, overall=0.111
Node 18: stage1=0.188, stage2=0.433, overall=0.081
Node 19: stage1=0.188, stage2=0.500, overall=0.094

Performance Summary:
  - Distance computation time: 1.062s (1.2%)
  - Loss computation time: 88.664s (98.7%)
  - Aggregation time: 0.103s (0.1%)
  - Total time: 89.829s
  - Mean Stage 1 acceptance rate: 0.152
  - Mean Stage 2 acceptance rate: 0.630
  - Overall acceptance rate: 0.096

UBAR Algorithm Properties:
  - Model dimension: 6,603,710
  - Rho parameter: 0.19999999999999996
  - Two-stage approach: Distance filtering + loss evaluation
  - Stage 1 selects: 20% of neighbors
  - Stage 2 uses: Training sample loss comparison
  - Theoretical complexity: O(deg(i)×d + deg(i)×inference)
  - Approach: UBAR paper implementation
