Device: cuda
Seed: 987654321
Loading 36 LEAF FEMNIST train files...
LEAF FEMNIST train: 3597 users, 734463 samples
Loading 36 LEAF FEMNIST test files...
LEAF FEMNIST test: 3597 users, 83388 samples
Found 3597 train users, 3597 test users, 3597 common users
User sample counts range: 525 (max) to 17 (min)
Distributed ALL 3597 users across 20 clients
Users per client: 179 (with 17 clients getting +1 user)
Train partition sizes: [36360, 37070, 35957, 38262, 36024, 37732, 36921, 38328, 36867, 37683, 36507, 36915, 36007, 37001, 35681, 35453, 36585, 36801, 35964, 36345]
Test partition sizes: [4128, 4203, 4081, 4333, 4091, 4287, 4193, 4349, 4191, 4277, 4143, 4193, 4093, 4197, 4052, 4029, 4153, 4183, 4084, 4128]
  Client 0: 36360 train samples, 62 unique classes
  Client 1: 37070 train samples, 62 unique classes
  Client 2: 35957 train samples, 62 unique classes
  Client 3: 38262 train samples, 62 unique classes
  Client 4: 36024 train samples, 62 unique classes
  Client 5: 37732 train samples, 62 unique classes
  Client 6: 36921 train samples, 62 unique classes
  Client 7: 38328 train samples, 62 unique classes
  Client 8: 36867 train samples, 62 unique classes
  Client 9: 37683 train samples, 62 unique classes
  Client 10: 36507 train samples, 62 unique classes
  Client 11: 36915 train samples, 62 unique classes
  Client 12: 36007 train samples, 62 unique classes
  Client 13: 37001 train samples, 62 unique classes
  Client 14: 35681 train samples, 62 unique classes
  Client 15: 35453 train samples, 62 unique classes
  Client 16: 36585 train samples, 62 unique classes
  Client 17: 36801 train samples, 62 unique classes
  Client 18: 35964 train samples, 62 unique classes
  Client 19: 36345 train samples, 62 unique classes
Will sample 10000 samples per client per epoch
Graph: erdos, nodes: 20, edges: 99
Attack: Compromised 6/20 nodes: [5, 12, 13, 14, 17, 18]
Attack type: gaussian, lambda: 1.0
COARSE Node 0:
  Model dim: 6,603,710 → Sketch size: 1000
  Compression ratio: 6603.7x
  Using model parameters for aggregation, sketches for filtering
COARSE Node 1:
  Model dim: 6,603,710 → Sketch size: 1000
  Compression ratio: 6603.7x
  Using model parameters for aggregation, sketches for filtering
COARSE Node 2:
  Model dim: 6,603,710 → Sketch size: 1000
  Compression ratio: 6603.7x
  Using model parameters for aggregation, sketches for filtering
COARSE Node 3:
  Model dim: 6,603,710 → Sketch size: 1000
  Compression ratio: 6603.7x
  Using model parameters for aggregation, sketches for filtering
COARSE Node 4:
  Model dim: 6,603,710 → Sketch size: 1000
  Compression ratio: 6603.7x
  Using model parameters for aggregation, sketches for filtering
COARSE Node 5:
  Model dim: 6,603,710 → Sketch size: 1000
  Compression ratio: 6603.7x
  Using model parameters for aggregation, sketches for filtering
COARSE Node 6:
  Model dim: 6,603,710 → Sketch size: 1000
  Compression ratio: 6603.7x
  Using model parameters for aggregation, sketches for filtering
COARSE Node 7:
  Model dim: 6,603,710 → Sketch size: 1000
  Compression ratio: 6603.7x
  Using model parameters for aggregation, sketches for filtering
COARSE Node 8:
  Model dim: 6,603,710 → Sketch size: 1000
  Compression ratio: 6603.7x
  Using model parameters for aggregation, sketches for filtering
COARSE Node 9:
  Model dim: 6,603,710 → Sketch size: 1000
  Compression ratio: 6603.7x
  Using model parameters for aggregation, sketches for filtering
COARSE Node 10:
  Model dim: 6,603,710 → Sketch size: 1000
  Compression ratio: 6603.7x
  Using model parameters for aggregation, sketches for filtering
COARSE Node 11:
  Model dim: 6,603,710 → Sketch size: 1000
  Compression ratio: 6603.7x
  Using model parameters for aggregation, sketches for filtering
COARSE Node 12:
  Model dim: 6,603,710 → Sketch size: 1000
  Compression ratio: 6603.7x
  Using model parameters for aggregation, sketches for filtering
COARSE Node 13:
  Model dim: 6,603,710 → Sketch size: 1000
  Compression ratio: 6603.7x
  Using model parameters for aggregation, sketches for filtering
COARSE Node 14:
  Model dim: 6,603,710 → Sketch size: 1000
  Compression ratio: 6603.7x
  Using model parameters for aggregation, sketches for filtering
COARSE Node 15:
  Model dim: 6,603,710 → Sketch size: 1000
  Compression ratio: 6603.7x
  Using model parameters for aggregation, sketches for filtering
COARSE Node 16:
  Model dim: 6,603,710 → Sketch size: 1000
  Compression ratio: 6603.7x
  Using model parameters for aggregation, sketches for filtering
COARSE Node 17:
  Model dim: 6,603,710 → Sketch size: 1000
  Compression ratio: 6603.7x
  Using model parameters for aggregation, sketches for filtering
COARSE Node 18:
  Model dim: 6,603,710 → Sketch size: 1000
  Compression ratio: 6603.7x
  Using model parameters for aggregation, sketches for filtering
COARSE Node 19:
  Model dim: 6,603,710 → Sketch size: 1000
  Compression ratio: 6603.7x
  Using model parameters for aggregation, sketches for filtering
COARSE ALGORITHM (Sketch-based Filtering + State Aggregation)
  - Model dimension: 6,603,710 parameters
  - Sketch size: 1000
  - Compression ratio: 6603.7x
  - Complexity: O(d + N×k) = O(6,603,710 + 20×1000)
  - Theoretical speedup vs BALANCE: 19.9x
Initial test acc across nodes: mean=0.0162 ± 0.0138
Round 001: test acc mean=0.4831 ± 0.0332 | min=0.4420 max=0.5489
         : test loss mean=3.7546 ± 0.0286
         : individual accs = ['0.546027', '0.497026', '0.498897', '0.453958', '0.473967', '0.548869', '0.481994', '0.471373', '0.460988', '0.454290', '0.449916', '0.529454', '0.461520', '0.441982', '0.491115', '0.515264', '0.451240', '0.524026', '0.463271', '0.446221']
         : correct/total = [(2254, 4128), (2089, 4203), (2036, 4081), (1967, 4333), (1939, 4091), (2353, 4287), (2021, 4193), (2050, 4349), (1932, 4191), (1943, 4277), (1864, 4143), (2220, 4193), (1889, 4093), (1855, 4197), (1990, 4052), (2076, 4029), (1874, 4153), (2192, 4183), (1892, 4084), (1842, 4128)]
         : compromised: 0.4885, honest: 0.4808
         : sketchguard stats = ['Node 0: acc_rate=0.667', 'Node 1: acc_rate=0.800', 'Node 2: acc_rate=0.750']...
Round 002: test acc mean=0.6821 ± 0.0186 | min=0.6361 max=0.7047
         : test loss mean=3.3095 ± 0.1298
         : individual accs = ['0.701066', '0.704735', '0.661848', '0.695823', '0.694696', '0.703522', '0.636060', '0.676937', '0.680029', '0.701192', '0.680183', '0.704269', '0.688737', '0.660948', '0.693238', '0.686275', '0.659523', '0.656467', '0.680215', '0.675630']
         : correct/total = [(2894, 4128), (2962, 4203), (2701, 4081), (3015, 4333), (2842, 4091), (3016, 4287), (2667, 4193), (2944, 4349), (2850, 4191), (2999, 4277), (2818, 4143), (2953, 4193), (2819, 4093), (2774, 4197), (2809, 4052), (2765, 4029), (2739, 4153), (2746, 4183), (2778, 4084), (2789, 4128)]
         : compromised: 0.6805, honest: 0.6827
         : sketchguard stats = ['Node 0: acc_rate=0.667', 'Node 1: acc_rate=0.800', 'Node 2: acc_rate=0.750']...
Round 003: test acc mean=0.7029 ± 0.0232 | min=0.6440 max=0.7396
         : test loss mean=2.8764 ± 0.2866
         : individual accs = ['0.739583', '0.726862', '0.674099', '0.734364', '0.703740', '0.644040', '0.724302', '0.702690', '0.719399', '0.699088', '0.699493', '0.732411', '0.706817', '0.689778', '0.708045', '0.677091', '0.695642', '0.677504', '0.688296', '0.713905']
         : correct/total = [(3053, 4128), (3055, 4203), (2751, 4081), (3182, 4333), (2879, 4091), (2761, 4287), (3037, 4193), (3056, 4349), (3015, 4191), (2990, 4277), (2898, 4143), (3071, 4193), (2893, 4093), (2895, 4197), (2869, 4052), (2728, 4029), (2889, 4153), (2834, 4183), (2811, 4084), (2947, 4128)]
         : compromised: 0.6857, honest: 0.7102
         : sketchguard stats = ['Node 0: acc_rate=0.667', 'Node 1: acc_rate=0.800', 'Node 2: acc_rate=0.750']...
Round 004: test acc mean=0.7090 ± 0.0338 | min=0.6159 max=0.7643
         : test loss mean=2.2757 ± 0.3557
         : individual accs = ['0.730620', '0.738282', '0.703749', '0.724671', '0.747983', '0.666433', '0.739327', '0.705450', '0.764257', '0.712415', '0.665218', '0.734796', '0.615930', '0.697879', '0.686575', '0.722015', '0.712015', '0.707865', '0.672380', '0.731347']
         : correct/total = [(3016, 4128), (3103, 4203), (2872, 4081), (3140, 4333), (3060, 4091), (2857, 4287), (3100, 4193), (3068, 4349), (3203, 4191), (3047, 4277), (2756, 4143), (3081, 4193), (2521, 4093), (2929, 4197), (2782, 4052), (2909, 4029), (2957, 4153), (2961, 4183), (2746, 4084), (3019, 4128)]
         : compromised: 0.6745, honest: 0.7237
         : sketchguard stats = ['Node 0: acc_rate=0.667', 'Node 1: acc_rate=0.800', 'Node 2: acc_rate=0.750']...
Round 005: test acc mean=0.7101 ± 0.0383 | min=0.6093 max=0.7946
         : test loss mean=1.6480 ± 0.2966
         : individual accs = ['0.734738', '0.707590', '0.715756', '0.711747', '0.724517', '0.725216', '0.708562', '0.690044', '0.794560', '0.730652', '0.692252', '0.737896', '0.667725', '0.668335', '0.609329', '0.719037', '0.752227', '0.672484', '0.687561', '0.751453']
         : correct/total = [(3033, 4128), (2974, 4203), (2921, 4081), (3084, 4333), (2964, 4091), (3109, 4287), (2971, 4193), (3001, 4349), (3330, 4191), (3125, 4277), (2868, 4143), (3094, 4193), (2733, 4093), (2805, 4197), (2469, 4052), (2897, 4029), (3124, 4153), (2813, 4183), (2808, 4084), (3102, 4128)]
         : compromised: 0.6718, honest: 0.7265
         : sketchguard stats = ['Node 0: acc_rate=0.667', 'Node 1: acc_rate=0.800', 'Node 2: acc_rate=0.750']...
Round 006: test acc mean=0.7655 ± 0.0181 | min=0.7288 max=0.7977
         : test loss mean=1.0494 ± 0.1479
         : individual accs = ['0.758236', '0.763978', '0.784612', '0.783522', '0.777560', '0.753441', '0.758884', '0.771672', '0.797662', '0.763853', '0.770215', '0.776532', '0.728805', '0.756731', '0.729023', '0.779598', '0.783530', '0.755200', '0.738737', '0.777859']
         : correct/total = [(3130, 4128), (3211, 4203), (3202, 4081), (3395, 4333), (3181, 4091), (3230, 4287), (3182, 4193), (3356, 4349), (3343, 4191), (3267, 4277), (3191, 4143), (3256, 4193), (2983, 4093), (3176, 4197), (2954, 4052), (3141, 4029), (3254, 4153), (3159, 4183), (3017, 4084), (3211, 4128)]
         : compromised: 0.7437, honest: 0.7748
         : sketchguard stats = ['Node 0: acc_rate=0.667', 'Node 1: acc_rate=0.800', 'Node 2: acc_rate=0.750']...
Round 007: test acc mean=0.8041 ± 0.0103 | min=0.7728 max=0.8232
         : test loss mean=0.7210 ± 0.0603
         : individual accs = ['0.799176', '0.803950', '0.805440', '0.816755', '0.797604', '0.802193', '0.808252', '0.814440', '0.823193', '0.807575', '0.797490', '0.810160', '0.772783', '0.796760', '0.802073', '0.811864', '0.814833', '0.795123', '0.801910', '0.799661']
         : correct/total = [(3299, 4128), (3379, 4203), (3287, 4081), (3539, 4333), (3263, 4091), (3439, 4287), (3389, 4193), (3542, 4349), (3450, 4191), (3454, 4277), (3304, 4143), (3397, 4193), (3163, 4093), (3344, 4197), (3250, 4052), (3271, 4029), (3384, 4153), (3326, 4183), (3275, 4084), (3301, 4128)]
         : compromised: 0.7951, honest: 0.8079
         : sketchguard stats = ['Node 0: acc_rate=0.667', 'Node 1: acc_rate=0.800', 'Node 2: acc_rate=0.750']...
Round 008: test acc mean=0.8208 ± 0.0076 | min=0.8038 max=0.8331
         : test loss mean=0.5833 ± 0.0238
         : individual accs = ['0.814680', '0.818701', '0.820387', '0.833141', '0.817160', '0.825752', '0.827331', '0.826857', '0.819613', '0.827215', '0.809076', '0.829955', '0.807965', '0.823445', '0.827739', '0.826260', '0.814833', '0.822137', '0.820764', '0.803779']
         : correct/total = [(3363, 4128), (3441, 4203), (3348, 4081), (3610, 4333), (3343, 4091), (3540, 4287), (3469, 4193), (3596, 4349), (3435, 4191), (3538, 4277), (3352, 4143), (3480, 4193), (3307, 4093), (3456, 4197), (3354, 4052), (3329, 4029), (3384, 4153), (3439, 4183), (3352, 4084), (3318, 4128)]
         : compromised: 0.8213, honest: 0.8206
         : sketchguard stats = ['Node 0: acc_rate=0.667', 'Node 1: acc_rate=0.800', 'Node 2: acc_rate=0.750']...
Round 009: test acc mean=0.8354 ± 0.0049 | min=0.8273 max=0.8440
         : test loss mean=0.5174 ± 0.0171
         : individual accs = ['0.827277', '0.837973', '0.830924', '0.839834', '0.831582', '0.836482', '0.839017', '0.841573', '0.843951', '0.843816', '0.832247', '0.835440', '0.833863', '0.836073', '0.838105', '0.838918', '0.830243', '0.829787', '0.830069', '0.829942']
         : correct/total = [(3415, 4128), (3522, 4203), (3391, 4081), (3639, 4333), (3402, 4091), (3586, 4287), (3518, 4193), (3660, 4349), (3537, 4191), (3609, 4277), (3448, 4143), (3503, 4193), (3413, 4093), (3509, 4197), (3396, 4052), (3380, 4029), (3448, 4153), (3471, 4183), (3390, 4084), (3426, 4128)]
         : compromised: 0.8341, honest: 0.8359
         : sketchguard stats = ['Node 0: acc_rate=0.667', 'Node 1: acc_rate=0.800', 'Node 2: acc_rate=0.750']...
Round 010: test acc mean=0.8425 ± 0.0052 | min=0.8330 max=0.8501
         : test loss mean=0.4879 ± 0.0172
         : individual accs = ['0.834302', '0.850107', '0.841705', '0.846988', '0.834026', '0.844180', '0.848557', '0.845252', '0.844667', '0.844985', '0.832971', '0.836632', '0.838260', '0.846795', '0.846496', '0.847853', '0.841079', '0.846761', '0.842801', '0.835998']
         : correct/total = [(3444, 4128), (3573, 4203), (3435, 4081), (3670, 4333), (3412, 4091), (3619, 4287), (3558, 4193), (3676, 4349), (3540, 4191), (3614, 4277), (3451, 4143), (3508, 4193), (3431, 4093), (3554, 4197), (3430, 4052), (3416, 4029), (3493, 4153), (3542, 4183), (3442, 4084), (3451, 4128)]
         : compromised: 0.8442, honest: 0.8418
         : sketchguard stats = ['Node 0: acc_rate=0.667', 'Node 1: acc_rate=0.800', 'Node 2: acc_rate=0.750']...

=== FINAL RESULTS ===
Dataset: femnist, Nodes: 20, Graph: erdos, Aggregation: sketchguard
Attack: gaussian, 30.0% compromised
Final accuracy - Compromised: 0.8442, Honest: 0.8418
Overall test accuracy: mean=0.8425 ± 0.0052

=== COARSE SUMMARY ===
Node 0: acceptance=0.667
Node 1: acceptance=0.800
Node 2: acceptance=0.750
Node 3: acceptance=0.714
Node 4: acceptance=0.667
Node 5: acceptance=0.700
Node 6: acceptance=0.583
Node 7: acceptance=0.545
Node 8: acceptance=0.286
Node 9: acceptance=0.909
Node 10: acceptance=0.750
Node 11: acceptance=0.583
Node 12: acceptance=0.750
Node 13: acceptance=0.778
Node 14: acceptance=0.643
Node 15: acceptance=0.556
Node 16: acceptance=0.571
Node 17: acceptance=0.750
Node 18: acceptance=0.750
Node 19: acceptance=0.600

Performance Summary:
  - Sketching time: 15.127s (97.8%)
  - Filtering time: 0.021s (0.1%)
  - Aggregation time: 0.312s (2.0%)
  - Total time: 15.459s
  - Mean acceptance rate: 0.668

COARSE Algorithm Properties:
  - Original dimension: 6,603,710
  - Sketch size: 1000
  - Compression ratio: 19.9x
  - Single repetition: No repetitions needed
  - Theoretical complexity: O(d + N×k)
  - Approach: Sketch filtering + state aggregation
