Device: cuda
Seed: 987654321
Looking for images in: /home/student.unimelb.edu.au/mrangwala/Trust-Monitor/leaf/data/celeba/data/raw/img_align_celeba
Loading 1 LEAF CelebA train files...
LEAF CelebA train: 9343 users (celebrities), 177457 samples
Looking for images in: /home/student.unimelb.edu.au/mrangwala/Trust-Monitor/leaf/data/celeba/data/raw/img_align_celeba
Loading 1 LEAF CelebA test files...
LEAF CelebA test: 9343 users (celebrities), 22831 samples
Found 9343 train users, 9343 test users, 9343 common users
User sample counts range: 31 (max) to 4 (min)
Distributed ALL 9343 users across 20 clients
Users per client: 467 (with 3 clients getting +1 user)
Train partition sizes: [8843, 8998, 8728, 9034, 8866, 8946, 8873, 8776, 8816, 8801, 8913, 8656, 9115, 8921, 8699, 8823, 8912, 8766, 9102, 8869]
Test partition sizes: [1140, 1158, 1127, 1158, 1134, 1145, 1145, 1127, 1136, 1128, 1144, 1125, 1152, 1160, 1124, 1145, 1154, 1131, 1157, 1141]
  Client 0: 8843 train samples, 2 unique classes
  Client 1: 8998 train samples, 2 unique classes
  Client 2: 8728 train samples, 2 unique classes
  Client 3: 9034 train samples, 2 unique classes
  Client 4: 8866 train samples, 2 unique classes
  Client 5: 8946 train samples, 2 unique classes
  Client 6: 8873 train samples, 2 unique classes
  Client 7: 8776 train samples, 2 unique classes
  Client 8: 8816 train samples, 2 unique classes
  Client 9: 8801 train samples, 2 unique classes
  Client 10: 8913 train samples, 2 unique classes
  Client 11: 8656 train samples, 2 unique classes
  Client 12: 9115 train samples, 2 unique classes
  Client 13: 8921 train samples, 2 unique classes
  Client 14: 8699 train samples, 2 unique classes
  Client 15: 8823 train samples, 2 unique classes
  Client 16: 8912 train samples, 2 unique classes
  Client 17: 8766 train samples, 2 unique classes
  Client 18: 9102 train samples, 2 unique classes
  Client 19: 8869 train samples, 2 unique classes
Will sample 4500 samples per client per epoch
Graph: erdos, nodes: 20, edges: 99
Degree statistics: avg=9.90, min=7, max=14
Attack: Compromised 10/20 nodes: [1, 2, 5, 11, 12, 13, 14, 15, 17, 18]
Attack type: directed_deviation, lambda: 1.0
Model variant: baseline
Model parameters: 2,219,692
COARSE Node 0:
  Model dim: 2,219,692 → Sketch size: 1000
  Compression ratio: 2219.7x
  Using model parameters for aggregation, sketches for filtering
COARSE Node 1:
  Model dim: 2,219,692 → Sketch size: 1000
  Compression ratio: 2219.7x
  Using model parameters for aggregation, sketches for filtering
COARSE Node 2:
  Model dim: 2,219,692 → Sketch size: 1000
  Compression ratio: 2219.7x
  Using model parameters for aggregation, sketches for filtering
COARSE Node 3:
  Model dim: 2,219,692 → Sketch size: 1000
  Compression ratio: 2219.7x
  Using model parameters for aggregation, sketches for filtering
COARSE Node 4:
  Model dim: 2,219,692 → Sketch size: 1000
  Compression ratio: 2219.7x
  Using model parameters for aggregation, sketches for filtering
COARSE Node 5:
  Model dim: 2,219,692 → Sketch size: 1000
  Compression ratio: 2219.7x
  Using model parameters for aggregation, sketches for filtering
COARSE Node 6:
  Model dim: 2,219,692 → Sketch size: 1000
  Compression ratio: 2219.7x
  Using model parameters for aggregation, sketches for filtering
COARSE Node 7:
  Model dim: 2,219,692 → Sketch size: 1000
  Compression ratio: 2219.7x
  Using model parameters for aggregation, sketches for filtering
COARSE Node 8:
  Model dim: 2,219,692 → Sketch size: 1000
  Compression ratio: 2219.7x
  Using model parameters for aggregation, sketches for filtering
COARSE Node 9:
  Model dim: 2,219,692 → Sketch size: 1000
  Compression ratio: 2219.7x
  Using model parameters for aggregation, sketches for filtering
COARSE Node 10:
  Model dim: 2,219,692 → Sketch size: 1000
  Compression ratio: 2219.7x
  Using model parameters for aggregation, sketches for filtering
COARSE Node 11:
  Model dim: 2,219,692 → Sketch size: 1000
  Compression ratio: 2219.7x
  Using model parameters for aggregation, sketches for filtering
COARSE Node 12:
  Model dim: 2,219,692 → Sketch size: 1000
  Compression ratio: 2219.7x
  Using model parameters for aggregation, sketches for filtering
COARSE Node 13:
  Model dim: 2,219,692 → Sketch size: 1000
  Compression ratio: 2219.7x
  Using model parameters for aggregation, sketches for filtering
COARSE Node 14:
  Model dim: 2,219,692 → Sketch size: 1000
  Compression ratio: 2219.7x
  Using model parameters for aggregation, sketches for filtering
COARSE Node 15:
  Model dim: 2,219,692 → Sketch size: 1000
  Compression ratio: 2219.7x
  Using model parameters for aggregation, sketches for filtering
COARSE Node 16:
  Model dim: 2,219,692 → Sketch size: 1000
  Compression ratio: 2219.7x
  Using model parameters for aggregation, sketches for filtering
COARSE Node 17:
  Model dim: 2,219,692 → Sketch size: 1000
  Compression ratio: 2219.7x
  Using model parameters for aggregation, sketches for filtering
COARSE Node 18:
  Model dim: 2,219,692 → Sketch size: 1000
  Compression ratio: 2219.7x
  Using model parameters for aggregation, sketches for filtering
COARSE Node 19:
  Model dim: 2,219,692 → Sketch size: 1000
  Compression ratio: 2219.7x
  Using model parameters for aggregation, sketches for filtering
COARSE ALGORITHM (Sketch-based Filtering + State Aggregation)
  - Model dimension: 2,219,692 parameters
  - Config: COARSEConfig(gamma=2, kappa=1, alpha=0.5, min_neighbors=1, sketch_size=1000, network_seed=987654321, attack_detection_window=5)
  - Sketch size: 1000
  - Compression ratio: 2219.7x
  - Complexity: O(d + N×k) = O(2,219,692 + 20×1000)
  - Theoretical speedup vs BALANCE: 19.8x
Initial test acc across nodes: mean=0.4978 ± 0.0208
Round 001: test acc mean=0.6523 ± 0.0593 | min=0.5256 max=0.7200
         : test loss mean=0.6806 ± 0.0042
         : individual accs = ['0.697368', '0.684801', '0.533274', '0.710708', '0.525573', '0.598253', '0.663755', '0.597161', '0.573063', '0.703014', '0.644231', '0.718222', '0.707465', '0.712931', '0.634342', '0.666376', '0.688042', '0.649867', '0.719965', '0.617003']
         : correct/total = [(795, 1140), (793, 1158), (601, 1127), (823, 1158), (596, 1134), (685, 1145), (760, 1145), (673, 1127), (651, 1136), (793, 1128), (737, 1144), (808, 1125), (815, 1152), (827, 1160), (713, 1124), (763, 1145), (794, 1154), (735, 1131), (833, 1157), (704, 1141)]
         : compromised: 0.6625, honest: 0.6420
         : sketchguard stats = ['Node 0: acc_rate=0.500', 'Node 1: acc_rate=0.500', 'Node 2: acc_rate=0.500']...
Round 002: test acc mean=0.6451 ± 0.0559 | min=0.5178 max=0.7314
         : test loss mean=0.6683 ± 0.0134
         : individual accs = ['0.656140', '0.670984', '0.577640', '0.682211', '0.589947', '0.546725', '0.626201', '0.672582', '0.700704', '0.680851', '0.697552', '0.593778', '0.707465', '0.602586', '0.517794', '0.654148', '0.731369', '0.633068', '0.687122', '0.673094']
         : correct/total = [(748, 1140), (777, 1158), (651, 1127), (790, 1158), (669, 1134), (626, 1145), (717, 1145), (758, 1127), (796, 1136), (768, 1128), (798, 1144), (668, 1125), (815, 1152), (699, 1160), (582, 1124), (749, 1145), (844, 1154), (716, 1131), (795, 1157), (768, 1141)]
         : compromised: 0.6191, honest: 0.6711
         : sketchguard stats = ['Node 0: acc_rate=0.500', 'Node 1: acc_rate=0.500', 'Node 2: acc_rate=0.500']...
Round 003: test acc mean=0.6935 ± 0.0375 | min=0.5881 max=0.7756
         : test loss mean=0.6311 ± 0.0255
         : individual accs = ['0.676316', '0.694301', '0.674357', '0.740933', '0.663139', '0.680349', '0.714410', '0.692990', '0.731514', '0.720745', '0.721154', '0.664000', '0.681424', '0.702586', '0.588078', '0.703930', '0.775563', '0.655172', '0.706137', '0.683611']
         : correct/total = [(771, 1140), (804, 1158), (760, 1127), (858, 1158), (752, 1134), (779, 1145), (818, 1145), (781, 1127), (831, 1136), (813, 1128), (825, 1144), (747, 1125), (785, 1152), (815, 1160), (661, 1124), (806, 1145), (895, 1154), (741, 1131), (817, 1157), (780, 1141)]
         : compromised: 0.6750, honest: 0.7120
         : sketchguard stats = ['Node 0: acc_rate=0.500', 'Node 1: acc_rate=0.500', 'Node 2: acc_rate=0.500']...
Round 004: test acc mean=0.7598 ± 0.0164 | min=0.7295 max=0.7893
         : test loss mean=0.5461 ± 0.0277
         : individual accs = ['0.755263', '0.753886', '0.757764', '0.767703', '0.783951', '0.767686', '0.757205', '0.749778', '0.779049', '0.754433', '0.789336', '0.772444', '0.750000', '0.746552', '0.736655', '0.739738', '0.786828', '0.748011', '0.729473', '0.769500']
         : correct/total = [(861, 1140), (873, 1158), (854, 1127), (889, 1158), (889, 1134), (879, 1145), (867, 1145), (845, 1127), (885, 1136), (851, 1128), (903, 1144), (869, 1125), (864, 1152), (866, 1160), (828, 1124), (847, 1145), (908, 1154), (846, 1131), (844, 1157), (878, 1141)]
         : compromised: 0.7502, honest: 0.7693
         : sketchguard stats = ['Node 0: acc_rate=0.500', 'Node 1: acc_rate=0.500', 'Node 2: acc_rate=0.500']...
Round 005: test acc mean=0.8033 ± 0.0197 | min=0.7700 max=0.8484
         : test loss mean=0.4477 ± 0.0280
         : individual accs = ['0.800877', '0.810881', '0.793256', '0.802245', '0.797178', '0.786900', '0.820087', '0.793256', '0.831866', '0.837766', '0.819056', '0.801778', '0.769965', '0.779310', '0.806050', '0.798253', '0.848354', '0.799293', '0.775281', '0.794040']
         : correct/total = [(913, 1140), (939, 1158), (894, 1127), (929, 1158), (904, 1134), (901, 1145), (939, 1145), (894, 1127), (945, 1136), (945, 1128), (937, 1144), (902, 1125), (887, 1152), (904, 1160), (906, 1124), (914, 1145), (979, 1154), (904, 1131), (897, 1157), (906, 1141)]
         : compromised: 0.7921, honest: 0.8145
         : sketchguard stats = ['Node 0: acc_rate=0.500', 'Node 1: acc_rate=0.500', 'Node 2: acc_rate=0.500']...
Round 006: test acc mean=0.8459 ± 0.0182 | min=0.7986 max=0.8724
         : test loss mean=0.3646 ± 0.0193
         : individual accs = ['0.855263', '0.866149', '0.856256', '0.855786', '0.820988', '0.832314', '0.845415', '0.833185', '0.852993', '0.870567', '0.872378', '0.860444', '0.828993', '0.837069', '0.838078', '0.837555', '0.866551', '0.834660', '0.798617', '0.854514']
         : correct/total = [(975, 1140), (1003, 1158), (965, 1127), (991, 1158), (931, 1134), (953, 1145), (968, 1145), (939, 1127), (969, 1136), (982, 1128), (998, 1144), (968, 1125), (955, 1152), (971, 1160), (942, 1124), (959, 1145), (1000, 1154), (944, 1131), (924, 1157), (975, 1141)]
         : compromised: 0.8390, honest: 0.8528
         : sketchguard stats = ['Node 0: acc_rate=0.500', 'Node 1: acc_rate=0.500', 'Node 2: acc_rate=0.500']...
Round 007: test acc mean=0.8694 ± 0.0120 | min=0.8480 max=0.8929
         : test loss mean=0.3143 ± 0.0145
         : individual accs = ['0.865789', '0.892919', '0.873114', '0.869603', '0.859788', '0.885590', '0.875109', '0.874002', '0.866197', '0.882979', '0.879371', '0.875556', '0.855903', '0.873276', '0.859431', '0.848035', '0.875217', '0.851459', '0.848747', '0.875548']
         : correct/total = [(987, 1140), (1034, 1158), (984, 1127), (1007, 1158), (975, 1134), (1014, 1145), (1002, 1145), (985, 1127), (984, 1136), (996, 1128), (1006, 1144), (985, 1125), (986, 1152), (1013, 1160), (966, 1124), (971, 1145), (1010, 1154), (963, 1131), (982, 1157), (999, 1141)]
         : compromised: 0.8664, honest: 0.8724
         : sketchguard stats = ['Node 0: acc_rate=0.500', 'Node 1: acc_rate=0.500', 'Node 2: acc_rate=0.500']...
Round 008: test acc mean=0.8746 ± 0.0091 | min=0.8600 max=0.8889
         : test loss mean=0.2961 ± 0.0140
         : individual accs = ['0.878947', '0.885147', '0.864241', '0.867876', '0.870370', '0.887336', '0.879476', '0.879326', '0.868838', '0.871454', '0.881993', '0.888889', '0.878472', '0.861207', '0.888790', '0.864629', '0.880416', '0.868258', '0.859983', '0.865907']
         : correct/total = [(1002, 1140), (1025, 1158), (974, 1127), (1005, 1158), (987, 1134), (1016, 1145), (1007, 1145), (991, 1127), (987, 1136), (983, 1128), (1009, 1144), (1000, 1125), (1012, 1152), (999, 1160), (999, 1124), (990, 1145), (1016, 1154), (982, 1131), (995, 1157), (988, 1141)]
         : compromised: 0.8747, honest: 0.8745
         : sketchguard stats = ['Node 0: acc_rate=0.500', 'Node 1: acc_rate=0.500', 'Node 2: acc_rate=0.500']...
Round 009: test acc mean=0.8884 ± 0.0100 | min=0.8565 max=0.9004
         : test loss mean=0.2723 ± 0.0188
         : individual accs = ['0.890351', '0.896373', '0.880213', '0.895509', '0.882716', '0.900437', '0.896943', '0.895297', '0.893486', '0.891844', '0.892483', '0.896000', '0.883681', '0.890517', '0.894128', '0.881223', '0.890815', '0.871795', '0.856525', '0.887818']
         : correct/total = [(1015, 1140), (1038, 1158), (992, 1127), (1037, 1158), (1001, 1134), (1031, 1145), (1027, 1145), (1009, 1127), (1015, 1136), (1006, 1128), (1021, 1144), (1008, 1125), (1018, 1152), (1033, 1160), (1005, 1124), (1009, 1145), (1028, 1154), (986, 1131), (991, 1157), (1013, 1141)]
         : compromised: 0.8851, honest: 0.8917
         : sketchguard stats = ['Node 0: acc_rate=0.500', 'Node 1: acc_rate=0.500', 'Node 2: acc_rate=0.500']...
Round 010: test acc mean=0.8941 ± 0.0083 | min=0.8762 max=0.9066
         : test loss mean=0.2609 ± 0.0151
         : individual accs = ['0.898246', '0.893782', '0.888199', '0.896373', '0.884480', '0.906550', '0.893450', '0.903283', '0.899648', '0.904255', '0.895979', '0.901333', '0.893229', '0.898276', '0.899466', '0.882096', '0.895147', '0.876216', '0.877269', '0.893953']
         : correct/total = [(1024, 1140), (1035, 1158), (1001, 1127), (1038, 1158), (1003, 1134), (1038, 1145), (1023, 1145), (1018, 1127), (1022, 1136), (1020, 1128), (1025, 1144), (1014, 1125), (1029, 1152), (1042, 1160), (1011, 1124), (1010, 1145), (1033, 1154), (991, 1131), (1015, 1157), (1020, 1141)]
         : compromised: 0.8916, honest: 0.8965
         : sketchguard stats = ['Node 0: acc_rate=0.500', 'Node 1: acc_rate=0.500', 'Node 2: acc_rate=0.500']...

=== FINAL RESULTS ===
Dataset: celeba, Nodes: 20, Graph: erdos, Aggregation: sketchguard
Attack: directed_deviation, 50.0% compromised
Final accuracy - Compromised: 0.8916, Honest: 0.8965
Overall test accuracy: mean=0.8941 ± 0.0083

=== COARSE SUMMARY ===
Node 0: acceptance=0.500
Node 1: acceptance=0.500
Node 2: acceptance=0.500
Node 3: acceptance=0.571
Node 4: acceptance=0.333
Node 5: acceptance=0.500
Node 6: acceptance=0.417
Node 7: acceptance=0.364
Node 8: acceptance=0.286
Node 9: acceptance=0.636
Node 10: acceptance=0.625
Node 11: acceptance=0.417
Node 12: acceptance=0.583
Node 13: acceptance=0.556
Node 14: acceptance=0.429
Node 15: acceptance=0.444
Node 16: acceptance=0.286
Node 17: acceptance=0.625
Node 18: acceptance=0.500
Node 19: acceptance=0.400

=== PARALLEL EXECUTION TIME (realistic for distributed system) ===
  COMMUNICATION (max across nodes):
    - Sketch transfer: 0.000s (0.0%)
    - Model fetch (accepted): 0.000s (0.0%)
  COMPUTATION (max across nodes):
    - Sketching: 0.283s (94.3%)
    - Filtering: 0.001s (0.4%)
    - Aggregation: 0.016s (5.3%)
  TOTALS:
    - Total computation: 0.300s (100.0%)
    - Total communication: 0.000s (0.0%)
    - Total parallel time: 0.300s

=== PER-NODE AVERAGE TIME ===
  - Sketching: 0.210s
  - Filtering: 0.001s
  - Aggregation: 0.009s
  - Sketch transfer: 0.000s
  - Model fetch: 0.000s
  - Total per node: 0.219s

=== TOTAL COMPUTATIONAL WORK (sum across all nodes) ===
  - Total sketching: 4.195s
  - Total filtering: 0.012s
  - Total aggregation: 0.173s
  - Total sketch transfer: 0.000s
  - Total model fetch: 0.000s
  - Grand total: 4.381s
  - Mean acceptance rate: 0.474

COARSE Algorithm Properties:
  - Original dimension: 2,219,692
  - Sketch size: 1000
  - Compression ratio: 19.8x
  - Single repetition: No repetitions needed
  - Theoretical complexity: O(d + N×k)
  - Approach: Sketch filtering + state aggregation
