Device: cuda
Seed: 987654321
Loading 36 LEAF FEMNIST train files...
LEAF FEMNIST train: 3597 users, 734463 samples
Loading 36 LEAF FEMNIST test files...
LEAF FEMNIST test: 3597 users, 83388 samples
Found 3597 train users, 3597 test users, 3597 common users
User sample counts range: 525 (max) to 17 (min)
Distributed ALL 3597 users across 20 clients
Users per client: 179 (with 17 clients getting +1 user)
Train partition sizes: [36360, 37070, 35957, 38262, 36024, 37732, 36921, 38328, 36867, 37683, 36507, 36915, 36007, 37001, 35681, 35453, 36585, 36801, 35964, 36345]
Test partition sizes: [4128, 4203, 4081, 4333, 4091, 4287, 4193, 4349, 4191, 4277, 4143, 4193, 4093, 4197, 4052, 4029, 4153, 4183, 4084, 4128]
  Client 0: 36360 train samples, 62 unique classes
  Client 1: 37070 train samples, 62 unique classes
  Client 2: 35957 train samples, 62 unique classes
  Client 3: 38262 train samples, 62 unique classes
  Client 4: 36024 train samples, 62 unique classes
  Client 5: 37732 train samples, 62 unique classes
  Client 6: 36921 train samples, 62 unique classes
  Client 7: 38328 train samples, 62 unique classes
  Client 8: 36867 train samples, 62 unique classes
  Client 9: 37683 train samples, 62 unique classes
  Client 10: 36507 train samples, 62 unique classes
  Client 11: 36915 train samples, 62 unique classes
  Client 12: 36007 train samples, 62 unique classes
  Client 13: 37001 train samples, 62 unique classes
  Client 14: 35681 train samples, 62 unique classes
  Client 15: 35453 train samples, 62 unique classes
  Client 16: 36585 train samples, 62 unique classes
  Client 17: 36801 train samples, 62 unique classes
  Client 18: 35964 train samples, 62 unique classes
  Client 19: 36345 train samples, 62 unique classes
Will sample 10000 samples per client per epoch
Graph: erdos, nodes: 20, edges: 126
Attack: Compromised 12/20 nodes: [1, 2, 3, 5, 8, 11, 12, 13, 14, 15, 17, 18]
Attack type: gaussian, lambda: 1.0
UBAR ALGORITHM (Two-Stage Byzantine-resilient)
  - Model dimension: 6,603,710 parameters
  - Rho parameter: 0.4
  - Stage 1: Distance-based filtering (select 40% closest neighbors)
  - Stage 2: Performance-based selection (loss comparison)
  - Complexity: O(deg(i)×d + deg(i)×inference)
Initial test acc across nodes: mean=0.0162 ± 0.0138
Round 001: test acc mean=0.3913 ± 0.0585 | min=0.2754 max=0.5356
         : test loss mean=3.7167 ± 0.0685
         : individual accs = ['0.372335', '0.339044', '0.352120', '0.450265', '0.349303', '0.535573', '0.381827', '0.376868', '0.382009', '0.401216', '0.288197', '0.406392', '0.391400', '0.438647', '0.470138', '0.349218', '0.424753', '0.275400', '0.414789', '0.425872']
         : correct/total = [(1537, 4128), (1425, 4203), (1437, 4081), (1951, 4333), (1429, 4091), (2296, 4287), (1601, 4193), (1639, 4349), (1601, 4191), (1716, 4277), (1194, 4143), (1704, 4193), (1602, 4093), (1841, 4197), (1905, 4052), (1407, 4029), (1764, 4153), (1152, 4183), (1694, 4084), (1758, 4128)]
         : compromised: 0.4004, honest: 0.3775
         : ubar stats = ['Node 0: s1=0.375, s2=0.167', 'Node 1: s1=0.364, s2=0.500', 'Node 2: s1=0.333, s2=0.250']...
Round 002: test acc mean=0.6685 ± 0.0373 | min=0.5843 max=0.7268
         : test loss mean=2.7262 ± 0.7275
         : individual accs = ['0.649952', '0.671663', '0.704484', '0.688668', '0.694207', '0.704455', '0.621989', '0.618073', '0.726796', '0.703063', '0.716148', '0.663248', '0.667481', '0.642125', '0.704590', '0.584264', '0.629906', '0.670810', '0.678012', '0.629360']
         : correct/total = [(2683, 4128), (2823, 4203), (2875, 4081), (2984, 4333), (2840, 4091), (3020, 4287), (2608, 4193), (2688, 4349), (3046, 4191), (3007, 4277), (2967, 4143), (2781, 4193), (2732, 4093), (2695, 4197), (2855, 4052), (2354, 4029), (2616, 4153), (2806, 4183), (2769, 4084), (2598, 4128)]
         : compromised: 0.6755, honest: 0.6578
         : ubar stats = ['Node 0: s1=0.375, s2=0.167', 'Node 1: s1=0.364, s2=0.500', 'Node 2: s1=0.333, s2=0.250']...
Round 003: test acc mean=0.6984 ± 0.0527 | min=0.5781 max=0.7781
         : test loss mean=2.1370 ± 0.6712
         : individual accs = ['0.692587', '0.703069', '0.770154', '0.702977', '0.767294', '0.739212', '0.689005', '0.738791', '0.600334', '0.778116', '0.650495', '0.578106', '0.676765', '0.719085', '0.720632', '0.676098', '0.648206', '0.761654', '0.666503', '0.688469']
         : correct/total = [(2859, 4128), (2955, 4203), (3143, 4081), (3046, 4333), (3139, 4091), (3169, 4287), (2889, 4193), (3213, 4349), (2516, 4191), (3328, 4277), (2695, 4143), (2424, 4193), (2770, 4093), (3018, 4197), (2920, 4052), (2724, 4029), (2692, 4153), (3186, 4183), (2722, 4084), (2842, 4128)]
         : compromised: 0.6929, honest: 0.7066
         : ubar stats = ['Node 0: s1=0.375, s2=0.167', 'Node 1: s1=0.364, s2=0.500', 'Node 2: s1=0.333, s2=0.250']...
Round 004: test acc mean=0.7692 ± 0.0290 | min=0.7000 max=0.8071
         : test loss mean=1.1344 ± 0.4634
         : individual accs = ['0.765988', '0.770164', '0.793923', '0.756289', '0.794182', '0.733380', '0.800143', '0.801564', '0.786924', '0.807108', '0.776732', '0.783926', '0.699976', '0.772218', '0.734205', '0.795979', '0.733927', '0.784604', '0.765181', '0.726744']
         : correct/total = [(3162, 4128), (3237, 4203), (3240, 4081), (3277, 4333), (3249, 4091), (3144, 4287), (3355, 4193), (3486, 4349), (3298, 4191), (3452, 4277), (3218, 4143), (3287, 4193), (2865, 4093), (3241, 4197), (2975, 4052), (3207, 4029), (3048, 4153), (3282, 4183), (3125, 4084), (3000, 4128)]
         : compromised: 0.7647, honest: 0.7758
         : ubar stats = ['Node 0: s1=0.375, s2=0.167', 'Node 1: s1=0.364, s2=0.438', 'Node 2: s1=0.333, s2=0.250']...
Round 005: test acc mean=0.7947 ± 0.0158 | min=0.7620 max=0.8204
         : test loss mean=0.8488 ± 0.2573
         : individual accs = ['0.804021', '0.807994', '0.820387', '0.798061', '0.804693', '0.780499', '0.789172', '0.810301', '0.810069', '0.761983', '0.789766', '0.792511', '0.772050', '0.803669', '0.775913', '0.809878', '0.775102', '0.802773', '0.809011', '0.776647']
         : correct/total = [(3319, 4128), (3396, 4203), (3348, 4081), (3458, 4333), (3292, 4091), (3346, 4287), (3309, 4193), (3524, 4349), (3395, 4191), (3259, 4277), (3272, 4143), (3323, 4193), (3160, 4093), (3373, 4197), (3144, 4052), (3263, 4029), (3219, 4153), (3358, 4183), (3304, 4084), (3206, 4128)]
         : compromised: 0.7986, honest: 0.7890
         : ubar stats = ['Node 0: s1=0.375, s2=0.200', 'Node 1: s1=0.364, s2=0.550', 'Node 2: s1=0.333, s2=0.250']...
Round 006: test acc mean=0.8182 ± 0.0087 | min=0.7901 max=0.8305
         : test loss mean=0.6024 ± 0.0751
         : individual accs = ['0.818314', '0.826552', '0.818917', '0.826679', '0.815204', '0.816422', '0.822800', '0.816510', '0.806729', '0.819500', '0.814386', '0.822084', '0.790129', '0.825590', '0.827739', '0.830479', '0.820371', '0.813531', '0.820519', '0.811047']
         : correct/total = [(3378, 4128), (3474, 4203), (3342, 4081), (3582, 4333), (3335, 4091), (3500, 4287), (3450, 4193), (3551, 4349), (3381, 4191), (3505, 4277), (3374, 4143), (3447, 4193), (3234, 4093), (3465, 4197), (3354, 4052), (3346, 4029), (3407, 4153), (3403, 4183), (3351, 4084), (3348, 4128)]
         : compromised: 0.8188, honest: 0.8173
         : ubar stats = ['Node 0: s1=0.375, s2=0.306', 'Node 1: s1=0.364, s2=0.583', 'Node 2: s1=0.333, s2=0.250']...
Round 007: test acc mean=0.8313 ± 0.0063 | min=0.8177 max=0.8446
         : test loss mean=0.5288 ± 0.0253
         : individual accs = ['0.825824', '0.844635', '0.837295', '0.838449', '0.824004', '0.833450', '0.834725', '0.830306', '0.824863', '0.833061', '0.826454', '0.832578', '0.817738', '0.833452', '0.836377', '0.829734', '0.837948', '0.823333', '0.834966', '0.826793']
         : correct/total = [(3409, 4128), (3550, 4203), (3417, 4081), (3633, 4333), (3371, 4091), (3573, 4287), (3500, 4193), (3611, 4349), (3457, 4191), (3563, 4277), (3424, 4143), (3491, 4193), (3347, 4093), (3498, 4197), (3389, 4052), (3343, 4029), (3480, 4153), (3444, 4183), (3410, 4084), (3413, 4128)]
         : compromised: 0.8322, honest: 0.8299
         : ubar stats = ['Node 0: s1=0.375, s2=0.286', 'Node 1: s1=0.364, s2=0.536', 'Node 2: s1=0.333, s2=0.250']...
Round 008: test acc mean=0.8349 ± 0.0065 | min=0.8231 max=0.8453
         : test loss mean=0.5020 ± 0.0200
         : individual accs = ['0.826793', '0.839638', '0.833619', '0.843065', '0.832070', '0.836716', '0.845218', '0.837894', '0.835600', '0.838672', '0.823075', '0.838063', '0.828488', '0.835835', '0.845262', '0.835939', '0.828317', '0.828114', '0.840842', '0.823886']
         : correct/total = [(3413, 4128), (3529, 4203), (3402, 4081), (3653, 4333), (3404, 4091), (3587, 4287), (3544, 4193), (3644, 4349), (3502, 4191), (3587, 4277), (3410, 4143), (3514, 4193), (3391, 4093), (3508, 4197), (3425, 4052), (3368, 4029), (3440, 4153), (3464, 4183), (3434, 4084), (3401, 4128)]
         : compromised: 0.8368, honest: 0.8320
         : ubar stats = ['Node 0: s1=0.375, s2=0.271', 'Node 1: s1=0.364, s2=0.531', 'Node 2: s1=0.333, s2=0.250']...
Round 009: test acc mean=0.8412 ± 0.0067 | min=0.8301 max=0.8530
         : test loss mean=0.4804 ± 0.0182
         : individual accs = ['0.834060', '0.844873', '0.836805', '0.842142', '0.832070', '0.846746', '0.851896', '0.847321', '0.853018', '0.849895', '0.830075', '0.841402', '0.831908', '0.842983', '0.845015', '0.843634', '0.834577', '0.839828', '0.841087', '0.834545']
         : correct/total = [(3443, 4128), (3551, 4203), (3415, 4081), (3649, 4333), (3404, 4091), (3630, 4287), (3572, 4193), (3685, 4349), (3575, 4191), (3635, 4277), (3439, 4143), (3528, 4193), (3405, 4093), (3538, 4197), (3424, 4052), (3399, 4029), (3466, 4153), (3513, 4183), (3435, 4084), (3445, 4128)]
         : compromised: 0.8425, honest: 0.8393
         : ubar stats = ['Node 0: s1=0.375, s2=0.259', 'Node 1: s1=0.364, s2=0.500', 'Node 2: s1=0.333, s2=0.250']...
Round 010: test acc mean=0.8467 ± 0.0058 | min=0.8326 max=0.8556
         : test loss mean=0.4648 ± 0.0182
         : individual accs = ['0.842781', '0.855579', '0.845381', '0.850219', '0.832559', '0.853277', '0.853088', '0.849161', '0.850155', '0.851531', '0.841661', '0.843549', '0.843391', '0.849178', '0.845755', '0.854554', '0.844691', '0.848195', '0.838394', '0.840359']
         : correct/total = [(3479, 4128), (3596, 4203), (3450, 4081), (3684, 4333), (3406, 4091), (3658, 4287), (3577, 4193), (3693, 4349), (3563, 4191), (3642, 4277), (3487, 4143), (3537, 4193), (3452, 4093), (3564, 4197), (3427, 4052), (3443, 4029), (3508, 4153), (3548, 4183), (3424, 4084), (3469, 4128)]
         : compromised: 0.8481, honest: 0.8445
         : ubar stats = ['Node 0: s1=0.375, s2=0.267', 'Node 1: s1=0.364, s2=0.475', 'Node 2: s1=0.333, s2=0.250']...

=== FINAL RESULTS ===
Dataset: femnist, Nodes: 20, Graph: erdos, Aggregation: ubar
Attack: gaussian, 60.0% compromised
Final accuracy - Compromised: 0.8481, Honest: 0.8445
Overall test accuracy: mean=0.8467 ± 0.0058

=== UBAR SUMMARY ===
Node 0: stage1=0.375, stage2=0.267, overall=0.100
Node 1: stage1=0.364, stage2=0.475, overall=0.173
Node 2: stage1=0.333, stage2=0.250, overall=0.083
Node 3: stage1=0.375, stage2=0.700, overall=0.262
Node 4: stage1=0.364, stage2=0.300, overall=0.109
Node 5: stage1=0.400, stage2=0.417, overall=0.167
Node 6: stage1=0.357, stage2=0.240, overall=0.086
Node 7: stage1=0.357, stage2=0.280, overall=0.100
Node 8: stage1=0.400, stage2=0.325, overall=0.130
Node 9: stage1=0.385, stage2=0.300, overall=0.115
Node 10: stage1=0.333, stage2=0.367, overall=0.122
Node 11: stage1=0.357, stage2=0.400, overall=0.143
Node 12: stage1=0.333, stage2=0.500, overall=0.167
Node 13: stage1=0.385, stage2=0.360, overall=0.138
Node 14: stage1=0.400, stage2=0.483, overall=0.193
Node 15: stage1=0.364, stage2=0.300, overall=0.109
Node 16: stage1=0.385, stage2=0.360, overall=0.138
Node 17: stage1=0.333, stage2=0.433, overall=0.144
Node 18: stage1=0.375, stage2=0.450, overall=0.169
Node 19: stage1=0.375, stage2=0.617, overall=0.231

Performance Summary:
  - Distance computation time: 1.144s (1.3%)
  - Loss computation time: 86.797s (98.6%)
  - Aggregation time: 0.128s (0.1%)
  - Total time: 88.070s
  - Mean Stage 1 acceptance rate: 0.367
  - Mean Stage 2 acceptance rate: 0.391
  - Overall acceptance rate: 0.144

UBAR Algorithm Properties:
  - Model dimension: 6,603,710
  - Rho parameter: 0.4
  - Two-stage approach: Distance filtering + loss evaluation
  - Stage 1 selects: 40% of neighbors
  - Stage 2 uses: Training sample loss comparison
  - Theoretical complexity: O(deg(i)×d + deg(i)×inference)
  - Approach: UBAR paper implementation
