Device: cuda
Seed: 987654321
Loading 36 LEAF FEMNIST train files...
LEAF FEMNIST train: 3597 users, 734463 samples
Loading 36 LEAF FEMNIST test files...
LEAF FEMNIST test: 3597 users, 83388 samples
Found 3597 train users, 3597 test users, 3597 common users
User sample counts range: 525 (max) to 17 (min)
Distributed ALL 3597 users across 20 clients
Users per client: 179 (with 17 clients getting +1 user)
Train partition sizes: [36360, 37070, 35957, 38262, 36024, 37732, 36921, 38328, 36867, 37683, 36507, 36915, 36007, 37001, 35681, 35453, 36585, 36801, 35964, 36345]
Test partition sizes: [4128, 4203, 4081, 4333, 4091, 4287, 4193, 4349, 4191, 4277, 4143, 4193, 4093, 4197, 4052, 4029, 4153, 4183, 4084, 4128]
  Client 0: 36360 train samples, 62 unique classes
  Client 1: 37070 train samples, 62 unique classes
  Client 2: 35957 train samples, 62 unique classes
  Client 3: 38262 train samples, 62 unique classes
  Client 4: 36024 train samples, 62 unique classes
  Client 5: 37732 train samples, 62 unique classes
  Client 6: 36921 train samples, 62 unique classes
  Client 7: 38328 train samples, 62 unique classes
  Client 8: 36867 train samples, 62 unique classes
  Client 9: 37683 train samples, 62 unique classes
  Client 10: 36507 train samples, 62 unique classes
  Client 11: 36915 train samples, 62 unique classes
  Client 12: 36007 train samples, 62 unique classes
  Client 13: 37001 train samples, 62 unique classes
  Client 14: 35681 train samples, 62 unique classes
  Client 15: 35453 train samples, 62 unique classes
  Client 16: 36585 train samples, 62 unique classes
  Client 17: 36801 train samples, 62 unique classes
  Client 18: 35964 train samples, 62 unique classes
  Client 19: 36345 train samples, 62 unique classes
Will sample 10000 samples per client per epoch
Graph: ring, nodes: 20, edges: 20
Attack: Compromised 16/20 nodes: [1, 2, 3, 5, 6, 8, 9, 10, 11, 12, 13, 14, 15, 17, 18, 19]
Attack type: directed_deviation, lambda: 1.0
Initial test acc across nodes: mean=0.0162 ± 0.0138
Round 001: test acc mean=0.0208 ± 0.0167 | min=0.0029 max=0.0583
         : test loss mean=172410.0942 ± 163122.9062
         : individual accs = ['0.005329', '0.058292', '0.023769', '0.042234', '0.038866', '0.035456', '0.008109', '0.052196', '0.005488', '0.012158', '0.009413', '0.017887', '0.005375', '0.014534', '0.003208', '0.011914', '0.035878', '0.002869', '0.020813', '0.011386']
         : correct/total = [(22, 4128), (245, 4203), (97, 4081), (183, 4333), (159, 4091), (152, 4287), (34, 4193), (227, 4349), (23, 4191), (52, 4277), (39, 4143), (75, 4193), (22, 4093), (61, 4197), (13, 4052), (48, 4029), (149, 4153), (12, 4183), (85, 4084), (47, 4128)]
         : compromised: 0.0177, honest: 0.0331
Round 002: test acc mean=0.0498 ± 0.0032 | min=0.0415 max=0.0550
         : test loss mean=nan ± nan
         : individual accs = ['0.049419', '0.048775', '0.049743', '0.048004', '0.051821', '0.051318', '0.041498', '0.049897', '0.051778', '0.050736', '0.048033', '0.048891', '0.047398', '0.047653', '0.054788', '0.048151', '0.045750', '0.052833', '0.054358', '0.054990']
         : correct/total = [(204, 4128), (205, 4203), (203, 4081), (208, 4333), (212, 4091), (220, 4287), (174, 4193), (217, 4349), (217, 4191), (217, 4277), (199, 4143), (205, 4193), (194, 4093), (200, 4197), (222, 4052), (194, 4029), (190, 4153), (221, 4183), (222, 4084), (227, 4128)]
         : compromised: 0.0499, honest: 0.0492
Round 003: test acc mean=0.0494 ± 0.0033 | min=0.0446 max=0.0550
         : test loss mean=nan ± nan
         : individual accs = ['0.049419', '0.048775', '0.049743', '0.044773', '0.046199', '0.046186', '0.051753', '0.044608', '0.053686', '0.050736', '0.048033', '0.048891', '0.047398', '0.047653', '0.054788', '0.048151', '0.045750', '0.052833', '0.054358', '0.054990']
         : correct/total = [(204, 4128), (205, 4203), (203, 4081), (194, 4333), (189, 4091), (198, 4287), (217, 4193), (194, 4349), (225, 4191), (217, 4277), (199, 4143), (205, 4193), (194, 4093), (200, 4197), (222, 4052), (194, 4029), (190, 4153), (221, 4183), (222, 4084), (227, 4128)]
         : compromised: 0.0502, honest: 0.0465
Round 004: test acc mean=0.0506 ± 0.0043 | min=0.0446 max=0.0616
         : test loss mean=nan ± nan
         : individual accs = ['0.049419', '0.048775', '0.049743', '0.044773', '0.046199', '0.046186', '0.051753', '0.044608', '0.053686', '0.050736', '0.048033', '0.048891', '0.047398', '0.047653', '0.054788', '0.061554', '0.050566', '0.057853', '0.054358', '0.054990']
         : correct/total = [(204, 4128), (205, 4203), (203, 4081), (194, 4333), (189, 4091), (198, 4287), (217, 4193), (194, 4349), (225, 4191), (217, 4277), (199, 4143), (205, 4193), (194, 4093), (200, 4197), (222, 4052), (248, 4029), (210, 4153), (242, 4183), (222, 4084), (227, 4128)]
         : compromised: 0.0513, honest: 0.0477
Round 005: test acc mean=0.0490 ± 0.0035 | min=0.0429 max=0.0550
         : test loss mean=nan ± nan
         : individual accs = ['0.049419', '0.048775', '0.049743', '0.044773', '0.046199', '0.046186', '0.051753', '0.044608', '0.053686', '0.050736', '0.048033', '0.048891', '0.047398', '0.047653', '0.054788', '0.050137', '0.042861', '0.044227', '0.054358', '0.054990']
         : correct/total = [(204, 4128), (205, 4203), (203, 4081), (194, 4333), (189, 4091), (198, 4287), (217, 4193), (194, 4349), (225, 4191), (217, 4277), (199, 4143), (205, 4193), (194, 4093), (200, 4197), (222, 4052), (202, 4029), (178, 4153), (185, 4183), (222, 4084), (227, 4128)]
         : compromised: 0.0498, honest: 0.0458
Round 006: test acc mean=0.0420 ± 0.0165 | min=0.0026 max=0.0550
         : test loss mean=nan ± nan
         : individual accs = ['0.049419', '0.048775', '0.049743', '0.044542', '0.046199', '0.046419', '0.002623', '0.003449', '0.004295', '0.050736', '0.048033', '0.048891', '0.047398', '0.047653', '0.054788', '0.050137', '0.042861', '0.044227', '0.054358', '0.054990']
         : correct/total = [(204, 4128), (205, 4203), (203, 4081), (193, 4333), (189, 4091), (199, 4287), (11, 4193), (15, 4349), (18, 4191), (217, 4277), (199, 4143), (205, 4193), (194, 4093), (200, 4197), (222, 4052), (202, 4029), (178, 4153), (185, 4183), (222, 4084), (227, 4128)]
         : compromised: 0.0436, honest: 0.0355
Round 007: test acc mean=0.0420 ± 0.0165 | min=0.0026 max=0.0550
         : test loss mean=nan ± nan
         : individual accs = ['0.049419', '0.048775', '0.049743', '0.044773', '0.046199', '0.046186', '0.002623', '0.003449', '0.004295', '0.050736', '0.048033', '0.048891', '0.047398', '0.047653', '0.054788', '0.050137', '0.042861', '0.044227', '0.054358', '0.054990']
         : correct/total = [(204, 4128), (205, 4203), (203, 4081), (194, 4333), (189, 4091), (198, 4287), (11, 4193), (15, 4349), (18, 4191), (217, 4277), (199, 4143), (205, 4193), (194, 4093), (200, 4197), (222, 4052), (202, 4029), (178, 4153), (185, 4183), (222, 4084), (227, 4128)]
         : compromised: 0.0436, honest: 0.0355
Round 008: test acc mean=0.0420 ± 0.0165 | min=0.0026 max=0.0550
         : test loss mean=nan ± nan
         : individual accs = ['0.049419', '0.048775', '0.049743', '0.044773', '0.046199', '0.046186', '0.002623', '0.003449', '0.004295', '0.050736', '0.048033', '0.048891', '0.047398', '0.047653', '0.054788', '0.050137', '0.042861', '0.044227', '0.054358', '0.054990']
         : correct/total = [(204, 4128), (205, 4203), (203, 4081), (194, 4333), (189, 4091), (198, 4287), (11, 4193), (15, 4349), (18, 4191), (217, 4277), (199, 4143), (205, 4193), (194, 4093), (200, 4197), (222, 4052), (202, 4029), (178, 4153), (185, 4183), (222, 4084), (227, 4128)]
         : compromised: 0.0436, honest: 0.0355
Round 009: test acc mean=0.0420 ± 0.0165 | min=0.0026 max=0.0550
         : test loss mean=nan ± nan
         : individual accs = ['0.049419', '0.048775', '0.049743', '0.044773', '0.046199', '0.046186', '0.002623', '0.003449', '0.004295', '0.050736', '0.048033', '0.048891', '0.047398', '0.047653', '0.054788', '0.050137', '0.042861', '0.044227', '0.054358', '0.054990']
         : correct/total = [(204, 4128), (205, 4203), (203, 4081), (194, 4333), (189, 4091), (198, 4287), (11, 4193), (15, 4349), (18, 4191), (217, 4277), (199, 4143), (205, 4193), (194, 4093), (200, 4197), (222, 4052), (202, 4029), (178, 4153), (185, 4183), (222, 4084), (227, 4128)]
         : compromised: 0.0436, honest: 0.0355
Round 010: test acc mean=0.0420 ± 0.0165 | min=0.0026 max=0.0550
         : test loss mean=nan ± nan
         : individual accs = ['0.049419', '0.048775', '0.049743', '0.044773', '0.046199', '0.046186', '0.002623', '0.003449', '0.004295', '0.050736', '0.048033', '0.048891', '0.047398', '0.047653', '0.054788', '0.050137', '0.042861', '0.044227', '0.054358', '0.054990']
         : correct/total = [(204, 4128), (205, 4203), (203, 4081), (194, 4333), (189, 4091), (198, 4287), (11, 4193), (15, 4349), (18, 4191), (217, 4277), (199, 4143), (205, 4193), (194, 4093), (200, 4197), (222, 4052), (202, 4029), (178, 4153), (185, 4183), (222, 4084), (227, 4128)]
         : compromised: 0.0436, honest: 0.0355

=== FINAL RESULTS ===
Dataset: femnist, Nodes: 20, Graph: ring, Aggregation: krum
Attack: directed_deviation, 80.0% compromised
Final accuracy - Compromised: 0.0436, Honest: 0.0355
Overall test accuracy: mean=0.0420 ± 0.0165
