Device: cuda
Seed: 987654321
Loading 36 LEAF FEMNIST train files...
LEAF FEMNIST train: 3597 users, 734463 samples
Loading 36 LEAF FEMNIST test files...
LEAF FEMNIST test: 3597 users, 83388 samples
Found 3597 train users, 3597 test users, 3597 common users
User sample counts range: 525 (max) to 17 (min)
Distributed ALL 3597 users across 20 clients
Users per client: 179 (with 17 clients getting +1 user)
Train partition sizes: [36360, 37070, 35957, 38262, 36024, 37732, 36921, 38328, 36867, 37683, 36507, 36915, 36007, 37001, 35681, 35453, 36585, 36801, 35964, 36345]
Test partition sizes: [4128, 4203, 4081, 4333, 4091, 4287, 4193, 4349, 4191, 4277, 4143, 4193, 4093, 4197, 4052, 4029, 4153, 4183, 4084, 4128]
  Client 0: 36360 train samples, 62 unique classes
  Client 1: 37070 train samples, 62 unique classes
  Client 2: 35957 train samples, 62 unique classes
  Client 3: 38262 train samples, 62 unique classes
  Client 4: 36024 train samples, 62 unique classes
  Client 5: 37732 train samples, 62 unique classes
  Client 6: 36921 train samples, 62 unique classes
  Client 7: 38328 train samples, 62 unique classes
  Client 8: 36867 train samples, 62 unique classes
  Client 9: 37683 train samples, 62 unique classes
  Client 10: 36507 train samples, 62 unique classes
  Client 11: 36915 train samples, 62 unique classes
  Client 12: 36007 train samples, 62 unique classes
  Client 13: 37001 train samples, 62 unique classes
  Client 14: 35681 train samples, 62 unique classes
  Client 15: 35453 train samples, 62 unique classes
  Client 16: 36585 train samples, 62 unique classes
  Client 17: 36801 train samples, 62 unique classes
  Client 18: 35964 train samples, 62 unique classes
  Client 19: 36345 train samples, 62 unique classes
Will sample 10000 samples per client per epoch
Graph: erdos, nodes: 20, edges: 48
Attack: Compromised 4/20 nodes: [5, 12, 13, 17]
Attack type: directed_deviation, lambda: 1.0
Initial test acc across nodes: mean=0.0162 ± 0.0138
Round 001: test acc mean=0.0588 ± 0.0663 | min=0.0036 max=0.2580
         : test loss mean=3006.0557 ± 5912.2896
         : individual accs = ['0.005329', '0.053057', '0.093114', '0.005308', '0.059154', '0.045020', '0.020987', '0.043228', '0.162252', '0.173018', '0.048274', '0.003577', '0.012460', '0.006671', '0.055281', '0.011914', '0.005297', '0.020559', '0.093536', '0.257994']
         : correct/total = [(22, 4128), (223, 4203), (380, 4081), (23, 4333), (242, 4091), (193, 4287), (88, 4193), (188, 4349), (680, 4191), (740, 4277), (200, 4143), (15, 4193), (51, 4093), (28, 4197), (224, 4052), (48, 4029), (22, 4153), (86, 4183), (382, 4084), (1065, 4128)]
         : compromised: 0.0212, honest: 0.0682
Round 002: test acc mean=0.0494 ± 0.0057 | min=0.0322 max=0.0615
         : test loss mean=5172145854.2060 ± 9809452629.5400
         : individual accs = ['0.048450', '0.048775', '0.061505', '0.046619', '0.048399', '0.047352', '0.048414', '0.032191', '0.052255', '0.042787', '0.051171', '0.048891', '0.047642', '0.049083', '0.052320', '0.051874', '0.045750', '0.052833', '0.054358', '0.057413']
         : correct/total = [(200, 4128), (205, 4203), (251, 4081), (202, 4333), (198, 4091), (203, 4287), (203, 4193), (140, 4349), (219, 4191), (183, 4277), (212, 4143), (205, 4193), (195, 4093), (206, 4197), (212, 4052), (209, 4029), (190, 4153), (221, 4183), (222, 4084), (237, 4128)]
         : compromised: 0.0492, honest: 0.0494
Round 003: test acc mean=0.0501 ± 0.0035 | min=0.0448 max=0.0615
         : test loss mean=11046178752.3223 ± 28721797312.6170
         : individual accs = ['0.048450', '0.052819', '0.061505', '0.044773', '0.051821', '0.047352', '0.045314', '0.050126', '0.052732', '0.050736', '0.051412', '0.050560', '0.047642', '0.048844', '0.052320', '0.048151', '0.045750', '0.051159', '0.050196', '0.050630']
         : correct/total = [(200, 4128), (222, 4203), (251, 4081), (194, 4333), (212, 4091), (203, 4287), (190, 4193), (218, 4349), (221, 4191), (217, 4277), (213, 4143), (212, 4193), (195, 4093), (205, 4197), (212, 4052), (194, 4029), (190, 4153), (214, 4183), (205, 4084), (209, 4128)]
         : compromised: 0.0487, honest: 0.0505
Round 004: test acc mean=0.0525 ± 0.0059 | min=0.0395 max=0.0623
         : test loss mean=81269468.9950 ± 201198479.5692
         : individual accs = ['0.039486', '0.052819', '0.061505', '0.047542', '0.052066', '0.051318', '0.051753', '0.046907', '0.057266', '0.043488', '0.050205', '0.051037', '0.062301', '0.048844', '0.052320', '0.061554', '0.050084', '0.051159', '0.060235', '0.057413']
         : correct/total = [(163, 4128), (222, 4203), (251, 4081), (206, 4333), (213, 4091), (220, 4287), (217, 4193), (204, 4349), (240, 4191), (186, 4277), (208, 4143), (214, 4193), (255, 4093), (205, 4197), (212, 4052), (248, 4029), (208, 4153), (214, 4183), (246, 4084), (237, 4128)]
         : compromised: 0.0534, honest: 0.0522
Round 005: test acc mean=0.0535 ± 0.0051 | min=0.0446 max=0.0623
         : test loss mean=1842961.3362 ± 5826917.6051
         : individual accs = ['0.049661', '0.052819', '0.061505', '0.048004', '0.052066', '0.052484', '0.051753', '0.044608', '0.057266', '0.048632', '0.051171', '0.051037', '0.062301', '0.049083', '0.049112', '0.061554', '0.050566', '0.057853', '0.060235', '0.057413']
         : correct/total = [(205, 4128), (222, 4203), (251, 4081), (208, 4333), (213, 4091), (225, 4287), (217, 4193), (194, 4349), (240, 4191), (208, 4277), (212, 4143), (214, 4193), (255, 4093), (206, 4197), (199, 4052), (248, 4029), (210, 4153), (242, 4183), (246, 4084), (237, 4128)]
         : compromised: 0.0554, honest: 0.0530
Round 006: test acc mean=0.0543 ± 0.0044 | min=0.0486 max=0.0623
         : test loss mean=3.6933 ± 0.0130
         : individual accs = ['0.049661', '0.052819', '0.061505', '0.049850', '0.052066', '0.052018', '0.053422', '0.052656', '0.057266', '0.048632', '0.051895', '0.054853', '0.062301', '0.049083', '0.050592', '0.061554', '0.050566', '0.057853', '0.060235', '0.057413']
         : correct/total = [(205, 4128), (222, 4203), (251, 4081), (216, 4333), (213, 4091), (223, 4287), (224, 4193), (229, 4349), (240, 4191), (208, 4277), (215, 4143), (230, 4193), (255, 4093), (206, 4197), (205, 4052), (248, 4029), (210, 4153), (242, 4183), (246, 4084), (237, 4128)]
         : compromised: 0.0553, honest: 0.0541
Round 007: test acc mean=0.0542 ± 0.0045 | min=0.0486 max=0.0623
         : test loss mean=3.6892 ± 0.0131
         : individual accs = ['0.049661', '0.052819', '0.061505', '0.049850', '0.052066', '0.052018', '0.053422', '0.052656', '0.057266', '0.048632', '0.051895', '0.054853', '0.062301', '0.049083', '0.049112', '0.061554', '0.050566', '0.057853', '0.060235', '0.057413']
         : correct/total = [(205, 4128), (222, 4203), (251, 4081), (216, 4333), (213, 4091), (223, 4287), (224, 4193), (229, 4349), (240, 4191), (208, 4277), (215, 4143), (230, 4193), (255, 4093), (206, 4197), (199, 4052), (248, 4029), (210, 4153), (242, 4183), (246, 4084), (237, 4128)]
         : compromised: 0.0553, honest: 0.0540
Round 008: test acc mean=0.0543 ± 0.0044 | min=0.0486 max=0.0623
         : test loss mean=3.6897 ± 0.0158
         : individual accs = ['0.049661', '0.052819', '0.061505', '0.049850', '0.052066', '0.052018', '0.053422', '0.052656', '0.057266', '0.048632', '0.051895', '0.054853', '0.062301', '0.049083', '0.050592', '0.061554', '0.050566', '0.057853', '0.060235', '0.057413']
         : correct/total = [(205, 4128), (222, 4203), (251, 4081), (216, 4333), (213, 4091), (223, 4287), (224, 4193), (229, 4349), (240, 4191), (208, 4277), (215, 4143), (230, 4193), (255, 4093), (206, 4197), (205, 4052), (248, 4029), (210, 4153), (242, 4183), (246, 4084), (237, 4128)]
         : compromised: 0.0553, honest: 0.0541
Round 009: test acc mean=0.0543 ± 0.0044 | min=0.0486 max=0.0623
         : test loss mean=181210.4396 ± 789861.9240
         : individual accs = ['0.049661', '0.052819', '0.061505', '0.049850', '0.052066', '0.052018', '0.053422', '0.052656', '0.057266', '0.048632', '0.051895', '0.054853', '0.062301', '0.049083', '0.050099', '0.061554', '0.050566', '0.057853', '0.060235', '0.057413']
         : correct/total = [(205, 4128), (222, 4203), (251, 4081), (216, 4333), (213, 4091), (223, 4287), (224, 4193), (229, 4349), (240, 4191), (208, 4277), (215, 4143), (230, 4193), (255, 4093), (206, 4197), (203, 4052), (248, 4029), (210, 4153), (242, 4183), (246, 4084), (237, 4128)]
         : compromised: 0.0553, honest: 0.0540
Round 010: test acc mean=0.0544 ± 0.0043 | min=0.0486 max=0.0623
         : test loss mean=3.6884 ± 0.0167
         : individual accs = ['0.049661', '0.052819', '0.061505', '0.049850', '0.052066', '0.052018', '0.053422', '0.052656', '0.057266', '0.048632', '0.051895', '0.054853', '0.062301', '0.049083', '0.052320', '0.061554', '0.050566', '0.057853', '0.060235', '0.057413']
         : correct/total = [(205, 4128), (222, 4203), (251, 4081), (216, 4333), (213, 4091), (223, 4287), (224, 4193), (229, 4349), (240, 4191), (208, 4277), (215, 4143), (230, 4193), (255, 4093), (206, 4197), (212, 4052), (248, 4029), (210, 4153), (242, 4183), (246, 4084), (237, 4128)]
         : compromised: 0.0553, honest: 0.0542

=== FINAL RESULTS ===
Dataset: femnist, Nodes: 20, Graph: erdos, Aggregation: d-fedavg
Attack: directed_deviation, 20.0% compromised
Final accuracy - Compromised: 0.0553, Honest: 0.0542
Overall test accuracy: mean=0.0544 ± 0.0043
