Device: cuda
Seed: 987654321
Loading 36 LEAF FEMNIST train files...
LEAF FEMNIST train: 3597 users, 734463 samples
Loading 36 LEAF FEMNIST test files...
LEAF FEMNIST test: 3597 users, 83388 samples
Found 3597 train users, 3597 test users, 3597 common users
User sample counts range: 525 (max) to 17 (min)
Distributed ALL 3597 users across 20 clients
Users per client: 179 (with 17 clients getting +1 user)
Train partition sizes: [36360, 37070, 35957, 38262, 36024, 37732, 36921, 38328, 36867, 37683, 36507, 36915, 36007, 37001, 35681, 35453, 36585, 36801, 35964, 36345]
Test partition sizes: [4128, 4203, 4081, 4333, 4091, 4287, 4193, 4349, 4191, 4277, 4143, 4193, 4093, 4197, 4052, 4029, 4153, 4183, 4084, 4128]
  Client 0: 36360 train samples, 62 unique classes
  Client 1: 37070 train samples, 62 unique classes
  Client 2: 35957 train samples, 62 unique classes
  Client 3: 38262 train samples, 62 unique classes
  Client 4: 36024 train samples, 62 unique classes
  Client 5: 37732 train samples, 62 unique classes
  Client 6: 36921 train samples, 62 unique classes
  Client 7: 38328 train samples, 62 unique classes
  Client 8: 36867 train samples, 62 unique classes
  Client 9: 37683 train samples, 62 unique classes
  Client 10: 36507 train samples, 62 unique classes
  Client 11: 36915 train samples, 62 unique classes
  Client 12: 36007 train samples, 62 unique classes
  Client 13: 37001 train samples, 62 unique classes
  Client 14: 35681 train samples, 62 unique classes
  Client 15: 35453 train samples, 62 unique classes
  Client 16: 36585 train samples, 62 unique classes
  Client 17: 36801 train samples, 62 unique classes
  Client 18: 35964 train samples, 62 unique classes
  Client 19: 36345 train samples, 62 unique classes
Will sample 10000 samples per client per epoch
Graph: erdos, nodes: 20, edges: 126
Attack: Compromised 16/20 nodes: [1, 2, 3, 5, 6, 8, 9, 10, 11, 12, 13, 14, 15, 17, 18, 19]
Attack type: gaussian, lambda: 1.0
COARSE Node 0:
  Model dim: 6,603,710 → Sketch size: 1000
  Compression ratio: 6603.7x
  Using model parameters for aggregation, sketches for filtering
COARSE Node 1:
  Model dim: 6,603,710 → Sketch size: 1000
  Compression ratio: 6603.7x
  Using model parameters for aggregation, sketches for filtering
COARSE Node 2:
  Model dim: 6,603,710 → Sketch size: 1000
  Compression ratio: 6603.7x
  Using model parameters for aggregation, sketches for filtering
COARSE Node 3:
  Model dim: 6,603,710 → Sketch size: 1000
  Compression ratio: 6603.7x
  Using model parameters for aggregation, sketches for filtering
COARSE Node 4:
  Model dim: 6,603,710 → Sketch size: 1000
  Compression ratio: 6603.7x
  Using model parameters for aggregation, sketches for filtering
COARSE Node 5:
  Model dim: 6,603,710 → Sketch size: 1000
  Compression ratio: 6603.7x
  Using model parameters for aggregation, sketches for filtering
COARSE Node 6:
  Model dim: 6,603,710 → Sketch size: 1000
  Compression ratio: 6603.7x
  Using model parameters for aggregation, sketches for filtering
COARSE Node 7:
  Model dim: 6,603,710 → Sketch size: 1000
  Compression ratio: 6603.7x
  Using model parameters for aggregation, sketches for filtering
COARSE Node 8:
  Model dim: 6,603,710 → Sketch size: 1000
  Compression ratio: 6603.7x
  Using model parameters for aggregation, sketches for filtering
COARSE Node 9:
  Model dim: 6,603,710 → Sketch size: 1000
  Compression ratio: 6603.7x
  Using model parameters for aggregation, sketches for filtering
COARSE Node 10:
  Model dim: 6,603,710 → Sketch size: 1000
  Compression ratio: 6603.7x
  Using model parameters for aggregation, sketches for filtering
COARSE Node 11:
  Model dim: 6,603,710 → Sketch size: 1000
  Compression ratio: 6603.7x
  Using model parameters for aggregation, sketches for filtering
COARSE Node 12:
  Model dim: 6,603,710 → Sketch size: 1000
  Compression ratio: 6603.7x
  Using model parameters for aggregation, sketches for filtering
COARSE Node 13:
  Model dim: 6,603,710 → Sketch size: 1000
  Compression ratio: 6603.7x
  Using model parameters for aggregation, sketches for filtering
COARSE Node 14:
  Model dim: 6,603,710 → Sketch size: 1000
  Compression ratio: 6603.7x
  Using model parameters for aggregation, sketches for filtering
COARSE Node 15:
  Model dim: 6,603,710 → Sketch size: 1000
  Compression ratio: 6603.7x
  Using model parameters for aggregation, sketches for filtering
COARSE Node 16:
  Model dim: 6,603,710 → Sketch size: 1000
  Compression ratio: 6603.7x
  Using model parameters for aggregation, sketches for filtering
COARSE Node 17:
  Model dim: 6,603,710 → Sketch size: 1000
  Compression ratio: 6603.7x
  Using model parameters for aggregation, sketches for filtering
COARSE Node 18:
  Model dim: 6,603,710 → Sketch size: 1000
  Compression ratio: 6603.7x
  Using model parameters for aggregation, sketches for filtering
COARSE Node 19:
  Model dim: 6,603,710 → Sketch size: 1000
  Compression ratio: 6603.7x
  Using model parameters for aggregation, sketches for filtering
COARSE ALGORITHM (Sketch-based Filtering + State Aggregation)
  - Model dimension: 6,603,710 parameters
  - Sketch size: 1000
  - Compression ratio: 6603.7x
  - Complexity: O(d + N×k) = O(6,603,710 + 20×1000)
  - Theoretical speedup vs BALANCE: 19.9x
Initial test acc across nodes: mean=0.0162 ± 0.0138
Round 001: test acc mean=0.4061 ± 0.0549 | min=0.2925 max=0.4734
         : test loss mean=3.7809 ± 0.0519
         : individual accs = ['0.473110', '0.449441', '0.473413', '0.375490', '0.439501', '0.456263', '0.306463', '0.451828', '0.376283', '0.399579', '0.292542', '0.471977', '0.303445', '0.446509', '0.383514', '0.418466', '0.419937', '0.413818', '0.367532', '0.402374']
         : correct/total = [(1953, 4128), (1889, 4203), (1932, 4081), (1627, 4333), (1798, 4091), (1956, 4287), (1285, 4193), (1965, 4349), (1577, 4191), (1709, 4277), (1212, 4143), (1979, 4193), (1242, 4093), (1874, 4197), (1554, 4052), (1686, 4029), (1744, 4153), (1731, 4183), (1501, 4084), (1661, 4128)]
         : compromised: 0.3961, honest: 0.4461
         : sketchguard stats = ['Node 0: acc_rate=0.188', 'Node 1: acc_rate=0.364', 'Node 2: acc_rate=0.250']...
Round 002: test acc mean=0.6602 ± 0.0282 | min=0.6138 max=0.7026
         : test loss mean=2.8684 ± 0.4696
         : individual accs = ['0.694283', '0.672853', '0.634893', '0.699515', '0.697873', '0.702589', '0.621512', '0.662911', '0.659508', '0.670797', '0.634323', '0.647508', '0.687027', '0.642602', '0.672014', '0.613800', '0.686251', '0.617499', '0.654261', '0.631541']
         : correct/total = [(2866, 4128), (2828, 4203), (2591, 4081), (3031, 4333), (2855, 4091), (3012, 4287), (2606, 4193), (2883, 4349), (2764, 4191), (2869, 4277), (2628, 4143), (2715, 4193), (2812, 4093), (2697, 4197), (2723, 4052), (2473, 4029), (2850, 4153), (2583, 4183), (2672, 4084), (2607, 4128)]
         : compromised: 0.6539, honest: 0.6853
         : sketchguard stats = ['Node 0: acc_rate=0.188', 'Node 1: acc_rate=0.364', 'Node 2: acc_rate=0.250']...
Round 003: test acc mean=0.7353 ± 0.0254 | min=0.6865 max=0.7729
         : test loss mean=1.4411 ± 0.3765
         : individual accs = ['0.761143', '0.708779', '0.707670', '0.772906', '0.762650', '0.756940', '0.747436', '0.759945', '0.754474', '0.701192', '0.734009', '0.713093', '0.748595', '0.746486', '0.738894', '0.686523', '0.766434', '0.703562', '0.721841', '0.713421']
         : correct/total = [(3142, 4128), (2979, 4203), (2888, 4081), (3349, 4333), (3120, 4091), (3245, 4287), (3134, 4193), (3305, 4349), (3162, 4191), (2999, 4277), (3041, 4143), (2990, 4193), (3064, 4093), (3133, 4197), (2994, 4052), (2766, 4029), (3183, 4153), (2943, 4183), (2948, 4084), (2945, 4128)]
         : compromised: 0.7285, honest: 0.7625
         : sketchguard stats = ['Node 0: acc_rate=0.188', 'Node 1: acc_rate=0.364', 'Node 2: acc_rate=0.250']...
Round 004: test acc mean=0.7970 ± 0.0069 | min=0.7845 max=0.8133
         : test loss mean=0.7110 ± 0.0545
         : individual accs = ['0.791667', '0.796812', '0.796373', '0.801062', '0.794427', '0.799160', '0.802767', '0.813290', '0.807445', '0.796586', '0.784456', '0.788934', '0.795993', '0.801287', '0.801579', '0.793745', '0.802793', '0.792493', '0.794319', '0.784884']
         : correct/total = [(3268, 4128), (3349, 4203), (3250, 4081), (3471, 4333), (3250, 4091), (3426, 4287), (3366, 4193), (3537, 4349), (3384, 4191), (3407, 4277), (3250, 4143), (3308, 4193), (3258, 4093), (3363, 4197), (3248, 4052), (3198, 4029), (3334, 4153), (3315, 4183), (3244, 4084), (3240, 4128)]
         : compromised: 0.7961, honest: 0.8005
         : sketchguard stats = ['Node 0: acc_rate=0.188', 'Node 1: acc_rate=0.364', 'Node 2: acc_rate=0.250']...
Round 005: test acc mean=0.8168 ± 0.0052 | min=0.8079 max=0.8263
         : test loss mean=0.5789 ± 0.0208
         : individual accs = ['0.815649', '0.816322', '0.815731', '0.813755', '0.810071', '0.818754', '0.811591', '0.824097', '0.826294', '0.825345', '0.807869', '0.815407', '0.820669', '0.820586', '0.822804', '0.814098', '0.817000', '0.811379', '0.819295', '0.809593']
         : correct/total = [(3367, 4128), (3431, 4203), (3329, 4081), (3526, 4333), (3314, 4091), (3510, 4287), (3403, 4193), (3584, 4349), (3463, 4191), (3530, 4277), (3347, 4143), (3419, 4193), (3359, 4093), (3444, 4197), (3334, 4052), (3280, 4029), (3393, 4153), (3394, 4183), (3346, 4084), (3342, 4128)]
         : compromised: 0.8168, honest: 0.8167
         : sketchguard stats = ['Node 0: acc_rate=0.188', 'Node 1: acc_rate=0.364', 'Node 2: acc_rate=0.250']...
Round 006: test acc mean=0.8299 ± 0.0060 | min=0.8158 max=0.8392
         : test loss mean=0.5278 ± 0.0193
         : individual accs = ['0.822674', '0.833214', '0.824798', '0.831064', '0.824737', '0.829018', '0.823992', '0.834675', '0.839179', '0.834463', '0.815834', '0.826854', '0.830442', '0.836788', '0.832182', '0.832216', '0.837226', '0.835286', '0.831783', '0.820979']
         : correct/total = [(3396, 4128), (3502, 4203), (3366, 4081), (3601, 4333), (3374, 4091), (3554, 4287), (3455, 4193), (3630, 4349), (3517, 4191), (3569, 4277), (3380, 4143), (3467, 4193), (3399, 4093), (3512, 4197), (3372, 4052), (3353, 4029), (3477, 4153), (3494, 4183), (3397, 4084), (3389, 4128)]
         : compromised: 0.8299, honest: 0.8298
         : sketchguard stats = ['Node 0: acc_rate=0.188', 'Node 1: acc_rate=0.364', 'Node 2: acc_rate=0.250']...
Round 007: test acc mean=0.8391 ± 0.0056 | min=0.8262 max=0.8484
         : test loss mean=0.4945 ± 0.0214
         : individual accs = ['0.835998', '0.848442', '0.840725', '0.834295', '0.833048', '0.834150', '0.840687', '0.847781', '0.845383', '0.846388', '0.826213', '0.839256', '0.838505', '0.842745', '0.839339', '0.836188', '0.837226', '0.839828', '0.843536', '0.831880']
         : correct/total = [(3451, 4128), (3566, 4203), (3431, 4081), (3615, 4333), (3408, 4091), (3576, 4287), (3525, 4193), (3687, 4349), (3543, 4191), (3620, 4277), (3423, 4143), (3519, 4193), (3432, 4093), (3537, 4197), (3401, 4052), (3369, 4029), (3477, 4153), (3513, 4183), (3445, 4084), (3434, 4128)]
         : compromised: 0.8392, honest: 0.8385
         : sketchguard stats = ['Node 0: acc_rate=0.188', 'Node 1: acc_rate=0.364', 'Node 2: acc_rate=0.250']...
Round 008: test acc mean=0.8417 ± 0.0059 | min=0.8282 max=0.8508
         : test loss mean=0.4767 ± 0.0210
         : individual accs = ['0.834060', '0.845586', '0.839010', '0.842603', '0.838181', '0.845346', '0.848080', '0.850770', '0.845144', '0.850362', '0.829351', '0.842833', '0.841437', '0.844889', '0.846249', '0.842144', '0.838912', '0.838393', '0.843291', '0.828246']
         : correct/total = [(3443, 4128), (3554, 4203), (3424, 4081), (3651, 4333), (3429, 4091), (3624, 4287), (3556, 4193), (3700, 4349), (3542, 4191), (3637, 4277), (3436, 4143), (3534, 4193), (3444, 4093), (3546, 4197), (3429, 4052), (3393, 4029), (3484, 4153), (3507, 4183), (3444, 4084), (3419, 4128)]
         : compromised: 0.8421, honest: 0.8405
         : sketchguard stats = ['Node 0: acc_rate=0.188', 'Node 1: acc_rate=0.364', 'Node 2: acc_rate=0.250']...
Round 009: test acc mean=0.8481 ± 0.0060 | min=0.8376 max=0.8576
         : test loss mean=0.4589 ± 0.0186
         : individual accs = ['0.842781', '0.854628', '0.846851', '0.848835', '0.839159', '0.846979', '0.854758', '0.855139', '0.857552', '0.857610', '0.837557', '0.844503', '0.847300', '0.849893', '0.854393', '0.846116', '0.845413', '0.848912', '0.845739', '0.838178']
         : correct/total = [(3479, 4128), (3592, 4203), (3456, 4081), (3678, 4333), (3433, 4091), (3631, 4287), (3584, 4193), (3719, 4349), (3594, 4191), (3668, 4277), (3470, 4143), (3541, 4193), (3468, 4093), (3567, 4197), (3462, 4052), (3409, 4029), (3511, 4153), (3551, 4183), (3454, 4084), (3460, 4128)]
         : compromised: 0.8487, honest: 0.8456
         : sketchguard stats = ['Node 0: acc_rate=0.188', 'Node 1: acc_rate=0.364', 'Node 2: acc_rate=0.250']...
Round 010: test acc mean=0.8510 ± 0.0057 | min=0.8405 max=0.8622
         : test loss mean=0.4503 ± 0.0191
         : individual accs = ['0.845930', '0.862241', '0.850772', '0.854143', '0.842826', '0.844180', '0.855473', '0.857209', '0.857313', '0.852934', '0.840454', '0.843787', '0.850721', '0.855849', '0.852419', '0.856540', '0.849747', '0.851064', '0.851861', '0.844719']
         : correct/total = [(3492, 4128), (3624, 4203), (3472, 4081), (3701, 4333), (3448, 4091), (3619, 4287), (3587, 4193), (3728, 4349), (3593, 4191), (3648, 4277), (3482, 4143), (3538, 4193), (3482, 4093), (3592, 4197), (3454, 4052), (3451, 4029), (3529, 4153), (3560, 4183), (3479, 4084), (3487, 4128)]
         : compromised: 0.8515, honest: 0.8489
         : sketchguard stats = ['Node 0: acc_rate=0.188', 'Node 1: acc_rate=0.364', 'Node 2: acc_rate=0.250']...

=== FINAL RESULTS ===
Dataset: femnist, Nodes: 20, Graph: erdos, Aggregation: sketchguard
Attack: gaussian, 80.0% compromised
Final accuracy - Compromised: 0.8515, Honest: 0.8489
Overall test accuracy: mean=0.8510 ± 0.0057

=== COARSE SUMMARY ===
Node 0: acceptance=0.188
Node 1: acceptance=0.364
Node 2: acceptance=0.250
Node 3: acceptance=0.125
Node 4: acceptance=0.273
Node 5: acceptance=0.133
Node 6: acceptance=0.143
Node 7: acceptance=0.143
Node 8: acceptance=0.200
Node 9: acceptance=0.308
Node 10: acceptance=0.222
Node 11: acceptance=0.214
Node 12: acceptance=0.250
Node 13: acceptance=0.231
Node 14: acceptance=0.200
Node 15: acceptance=0.182
Node 16: acceptance=0.154
Node 17: acceptance=0.333
Node 18: acceptance=0.250
Node 19: acceptance=0.188

Performance Summary:
  - Sketching time: 18.019s (98.6%)
  - Filtering time: 0.025s (0.1%)
  - Aggregation time: 0.230s (1.3%)
  - Total time: 18.273s
  - Mean acceptance rate: 0.217

COARSE Algorithm Properties:
  - Original dimension: 6,603,710
  - Sketch size: 1000
  - Compression ratio: 19.9x
  - Single repetition: No repetitions needed
  - Theoretical complexity: O(d + N×k)
  - Approach: Sketch filtering + state aggregation
