Device: cuda
Seed: 987654321
Loading 36 LEAF FEMNIST train files...
LEAF FEMNIST train: 3597 users, 734463 samples
Loading 36 LEAF FEMNIST test files...
LEAF FEMNIST test: 3597 users, 83388 samples
Found 3597 train users, 3597 test users, 3597 common users
User sample counts range: 525 (max) to 17 (min)
Distributed ALL 3597 users across 20 clients
Users per client: 179 (with 17 clients getting +1 user)
Train partition sizes: [36360, 37070, 35957, 38262, 36024, 37732, 36921, 38328, 36867, 37683, 36507, 36915, 36007, 37001, 35681, 35453, 36585, 36801, 35964, 36345]
Test partition sizes: [4128, 4203, 4081, 4333, 4091, 4287, 4193, 4349, 4191, 4277, 4143, 4193, 4093, 4197, 4052, 4029, 4153, 4183, 4084, 4128]
  Client 0: 36360 train samples, 62 unique classes
  Client 1: 37070 train samples, 62 unique classes
  Client 2: 35957 train samples, 62 unique classes
  Client 3: 38262 train samples, 62 unique classes
  Client 4: 36024 train samples, 62 unique classes
  Client 5: 37732 train samples, 62 unique classes
  Client 6: 36921 train samples, 62 unique classes
  Client 7: 38328 train samples, 62 unique classes
  Client 8: 36867 train samples, 62 unique classes
  Client 9: 37683 train samples, 62 unique classes
  Client 10: 36507 train samples, 62 unique classes
  Client 11: 36915 train samples, 62 unique classes
  Client 12: 36007 train samples, 62 unique classes
  Client 13: 37001 train samples, 62 unique classes
  Client 14: 35681 train samples, 62 unique classes
  Client 15: 35453 train samples, 62 unique classes
  Client 16: 36585 train samples, 62 unique classes
  Client 17: 36801 train samples, 62 unique classes
  Client 18: 35964 train samples, 62 unique classes
  Client 19: 36345 train samples, 62 unique classes
Will sample 10000 samples per client per epoch
Graph: fully, nodes: 20, edges: 190
Attack: Compromised 4/20 nodes: [5, 12, 13, 17]
Attack type: directed_deviation, lambda: 1.0
Initial test acc across nodes: mean=0.0162 ± 0.0138
Round 001: test acc mean=0.0126 ± 0.0130 | min=0.0029 max=0.0615
         : test loss mean=519.7932 ± 177.8423
         : individual accs = ['0.005329', '0.023555', '0.061505', '0.013386', '0.014911', '0.005832', '0.016694', '0.005519', '0.003340', '0.004910', '0.010379', '0.004770', '0.011483', '0.003574', '0.026654', '0.011914', '0.004575', '0.006694', '0.002938', '0.014777']
         : correct/total = [(22, 4128), (99, 4203), (251, 4081), (58, 4333), (61, 4091), (25, 4287), (70, 4193), (24, 4349), (14, 4191), (21, 4277), (43, 4143), (20, 4193), (47, 4093), (15, 4197), (108, 4052), (48, 4029), (19, 4153), (28, 4183), (12, 4084), (61, 4128)]
         : compromised: 0.0069, honest: 0.0141
Round 002: test acc mean=0.0506 ± 0.0033 | min=0.0455 max=0.0573
         : test loss mean=30.1955 ± 0.8978
         : individual accs = ['0.049419', '0.051392', '0.057339', '0.048927', '0.046443', '0.045486', '0.051276', '0.050586', '0.052732', '0.055413', '0.052860', '0.048653', '0.052284', '0.053848', '0.047384', '0.046662', '0.049362', '0.046378', '0.055583', '0.049903']
         : correct/total = [(204, 4128), (216, 4203), (234, 4081), (212, 4333), (190, 4091), (195, 4287), (215, 4193), (220, 4349), (221, 4191), (237, 4277), (219, 4143), (204, 4193), (214, 4093), (226, 4197), (192, 4052), (188, 4029), (205, 4153), (194, 4183), (227, 4084), (206, 4128)]
         : compromised: 0.0495, honest: 0.0509
Round 003: test acc mean=0.0545 ± 0.0043 | min=0.0486 max=0.0623
         : test loss mean=53385614.4168 ± 1206575.3025
         : individual accs = ['0.049661', '0.052819', '0.061505', '0.049850', '0.052066', '0.052018', '0.053422', '0.052656', '0.057266', '0.048632', '0.051895', '0.054853', '0.062301', '0.049083', '0.055281', '0.061554', '0.050566', '0.057853', '0.060235', '0.057413']
         : correct/total = [(205, 4128), (222, 4203), (251, 4081), (216, 4333), (213, 4091), (223, 4287), (224, 4193), (229, 4349), (240, 4191), (208, 4277), (215, 4143), (230, 4193), (255, 4093), (206, 4197), (224, 4052), (248, 4029), (210, 4153), (242, 4183), (246, 4084), (237, 4128)]
         : compromised: 0.0553, honest: 0.0544
Round 004: test acc mean=0.0545 ± 0.0043 | min=0.0486 max=0.0623
         : test loss mean=178192.9316 ± 68224.2204
         : individual accs = ['0.049661', '0.052819', '0.061505', '0.049850', '0.052066', '0.052018', '0.053422', '0.052656', '0.057266', '0.048632', '0.051895', '0.054853', '0.062301', '0.049083', '0.055281', '0.061554', '0.050566', '0.057853', '0.060235', '0.057413']
         : correct/total = [(205, 4128), (222, 4203), (251, 4081), (216, 4333), (213, 4091), (223, 4287), (224, 4193), (229, 4349), (240, 4191), (208, 4277), (215, 4143), (230, 4193), (255, 4093), (206, 4197), (224, 4052), (248, 4029), (210, 4153), (242, 4183), (246, 4084), (237, 4128)]
         : compromised: 0.0553, honest: 0.0544
Round 005: test acc mean=0.0545 ± 0.0043 | min=0.0486 max=0.0623
         : test loss mean=43698.4087 ± 58770.1580
         : individual accs = ['0.049661', '0.052819', '0.061505', '0.049850', '0.052066', '0.052018', '0.053422', '0.052656', '0.057266', '0.048632', '0.051895', '0.054853', '0.062301', '0.049083', '0.055281', '0.061554', '0.050566', '0.057853', '0.060235', '0.057413']
         : correct/total = [(205, 4128), (222, 4203), (251, 4081), (216, 4333), (213, 4091), (223, 4287), (224, 4193), (229, 4349), (240, 4191), (208, 4277), (215, 4143), (230, 4193), (255, 4093), (206, 4197), (224, 4052), (248, 4029), (210, 4153), (242, 4183), (246, 4084), (237, 4128)]
         : compromised: 0.0553, honest: 0.0544
Round 006: test acc mean=0.0508 ± 0.0052 | min=0.0395 max=0.0623
         : test loss mean=6151.9989 ± 16048.5221
         : individual accs = ['0.039486', '0.049964', '0.051948', '0.049850', '0.052066', '0.046186', '0.048414', '0.045758', '0.047721', '0.048632', '0.048274', '0.051037', '0.062301', '0.048606', '0.055281', '0.061554', '0.048158', '0.052116', '0.051910', '0.057413']
         : correct/total = [(163, 4128), (210, 4203), (212, 4081), (216, 4333), (213, 4091), (198, 4287), (203, 4193), (199, 4349), (200, 4191), (208, 4277), (200, 4143), (214, 4193), (255, 4093), (204, 4197), (224, 4052), (248, 4029), (200, 4153), (218, 4183), (212, 4084), (237, 4128)]
         : compromised: 0.0523, honest: 0.0505
Round 007: test acc mean=0.0484 ± 0.0026 | min=0.0428 max=0.0528
         : test loss mean=147.3922 ± 115.7576
         : individual accs = ['0.048450', '0.046395', '0.046802', '0.047542', '0.048399', '0.047352', '0.045314', '0.046907', '0.050823', '0.042787', '0.050205', '0.051514', '0.052040', '0.048844', '0.052320', '0.048151', '0.045750', '0.052833', '0.045544', '0.049176']
         : correct/total = [(200, 4128), (195, 4203), (191, 4081), (206, 4333), (198, 4091), (203, 4287), (190, 4193), (204, 4349), (213, 4191), (183, 4277), (208, 4143), (216, 4193), (213, 4093), (205, 4197), (212, 4052), (194, 4029), (190, 4153), (221, 4183), (186, 4084), (203, 4128)]
         : compromised: 0.0503, honest: 0.0479
Round 008: test acc mean=0.0545 ± 0.0043 | min=0.0486 max=0.0623
         : test loss mean=3.6944 ± 0.0137
         : individual accs = ['0.049661', '0.052819', '0.061505', '0.049850', '0.052066', '0.052018', '0.053422', '0.052656', '0.057266', '0.048632', '0.051895', '0.054853', '0.062301', '0.049083', '0.055281', '0.061554', '0.050566', '0.057853', '0.060235', '0.057413']
         : correct/total = [(205, 4128), (222, 4203), (251, 4081), (216, 4333), (213, 4091), (223, 4287), (224, 4193), (229, 4349), (240, 4191), (208, 4277), (215, 4143), (230, 4193), (255, 4093), (206, 4197), (224, 4052), (248, 4029), (210, 4153), (242, 4183), (246, 4084), (237, 4128)]
         : compromised: 0.0553, honest: 0.0544
Round 009: test acc mean=0.0545 ± 0.0043 | min=0.0486 max=0.0623
         : test loss mean=40348.1078 ± 66102.1428
         : individual accs = ['0.049661', '0.052819', '0.061505', '0.049850', '0.052066', '0.052018', '0.053422', '0.052656', '0.057266', '0.048632', '0.051895', '0.054853', '0.062301', '0.049083', '0.055281', '0.061554', '0.050566', '0.057853', '0.060235', '0.057413']
         : correct/total = [(205, 4128), (222, 4203), (251, 4081), (216, 4333), (213, 4091), (223, 4287), (224, 4193), (229, 4349), (240, 4191), (208, 4277), (215, 4143), (230, 4193), (255, 4093), (206, 4197), (224, 4052), (248, 4029), (210, 4153), (242, 4183), (246, 4084), (237, 4128)]
         : compromised: 0.0553, honest: 0.0544
Round 010: test acc mean=0.0494 ± 0.0039 | min=0.0434 max=0.0588
         : test loss mean=4.1778 ± 0.1602
         : individual accs = ['0.047965', '0.046395', '0.045577', '0.048004', '0.045466', '0.058782', '0.051991', '0.046907', '0.050823', '0.055413', '0.053102', '0.048653', '0.052284', '0.048130', '0.047384', '0.043435', '0.049362', '0.045422', '0.055583', '0.047965']
         : correct/total = [(198, 4128), (195, 4203), (186, 4081), (208, 4333), (186, 4091), (252, 4287), (218, 4193), (204, 4349), (213, 4191), (237, 4277), (220, 4143), (204, 4193), (214, 4093), (202, 4197), (192, 4052), (175, 4029), (205, 4153), (190, 4183), (227, 4084), (198, 4128)]
         : compromised: 0.0512, honest: 0.0490

=== FINAL RESULTS ===
Dataset: femnist, Nodes: 20, Graph: fully, Aggregation: d-fedavg
Attack: directed_deviation, 20.0% compromised
Final accuracy - Compromised: 0.0512, Honest: 0.0490
Overall test accuracy: mean=0.0494 ± 0.0039
